<?xml version="1.0" encoding="UTF-8"?>
<!-- Generated by org.testng.reporters.JUnitReportReporter -->
<testsuite hostname="WIN-G4H41JMNPHN" name="com.example.java设计模式.单例.Test" tests="20000" failures="0" timestamp="9 Sep 2017 09:29:07 GMT" time="50104.984" errors="0">
  <testcase name="service" time="7.091" classname="com.example.java设计模式.单例.Test"/>
  <testcase name="service" time="0.001" classname="com.example.java设计模式.单例.Test"/>
  <testcase name="service" time="0.000" classname="com.example.java设计模式.单例.Test"/>
  <testcase name="service" time="64.990" classname="com.example.java设计模式.单例.Test"/>
  <testcase name="service" time="0.000" classname="com.example.java设计模式.单例.Test"/>
  <testcase name="service" time="1.331" classname="com.example.java设计模式.单例.Test"/>
  <testcase name="service" time="0.000" classname="com.example.java设计模式.单例.Test"/>
  <testcase name="service" time="0.000" classname="com.example.java设计模式.单例.Test"/>
  <testcase name="service" time="0.855" classname="com.example.java设计模式.单例.Test"/>
  <testcase name="service" time="0.000" classname="com.example.java设计模式.单例.Test"/>
  <testcase name="service" time="0.945" classname="com.example.java设计模式.单例.Test"/>
  <testcase name="service" time="0.000" classname="com.example.java设计模式.单例.Test"/>
  <testcase name="service" time="0.001" classname="com.example.java设计模式.单例.Test"/>
  <testcase name="service" time="0.000" classname="com.example.java设计模式.单例.Test"/>
  <testcase name="service" time="0.001" classname="com.example.java设计模式.单例.Test"/>
  <testcase name="service" time="0.001" classname="com.example.java设计模式.单例.Test"/>
  <testcase name="service" time="8.053" classname="com.example.java设计模式.单例.Test"/>
  <testcase name="service" time="0.000" classname="com.example.java设计模式.单例.Test"/>
  <testcase name="service" time="0.154" classname="com.example.java设计模式.单例.Test"/>
  <testcase name="service" time="0.001" classname="com.example.java设计模式.单例.Test"/>
  <testcase name="service" time="0.001" classname="com.example.java设计模式.单例.Test"/>
  <testcase name="service" time="0.000" classname="com.example.java设计模式.单例.Test"/>
  <testcase name="service" time="0.000" classname="com.example.java设计模式.单例.Test"/>
  <testcase name="service" time="0.659" classname="com.example.java设计模式.单例.Test"/>
  <testcase name="service" time="6.883" classname="com.example.java设计模式.单例.Test"/>
  <testcase name="service" time="0.000" classname="com.example.java设计模式.单例.Test"/>
  <testcase name="service" time="0.784" classname="com.example.java设计模式.单例.Test"/>
  <testcase name="service" time="0.270" classname="com.example.java设计模式.单例.Test"/>
  <testcase name="service" time="0.695" classname="com.example.java设计模式.单例.Test"/>
  <testcase name="service" time="0.000" classname="com.example.java设计模式.单例.Test"/>
  <testcase name="service" time="0.000" classname="com.example.java设计模式.单例.Test"/>
  <testcase name="service" time="0.083" classname="com.example.java设计模式.单例.Test"/>
  <testcase name="service" time="0.000" classname="com.example.java设计模式.单例.Test"/>
  <testcase name="service" time="6.559" classname="com.example.java设计模式.单例.Test"/>
  <testcase name="service" time="0.000" classname="com.example.java设计模式.单例.Test"/>
  <testcase name="service" time="0.000" classname="com.example.java设计模式.单例.Test"/>
  <testcase name="service" time="0.001" classname="com.example.java设计模式.单例.Test"/>
  <testcase name="service" time="0.000" classname="com.example.java设计模式.单例.Test"/>
  <testcase name="service" time="0.000" classname="com.example.java设计模式.单例.Test"/>
  <testcase name="service" time="0.000" classname="com.example.java设计模式.单例.Test"/>
  <testcase name="service" time="0.000" classname="com.example.java设计模式.单例.Test"/>
  <testcase name="service" time="0.000" classname="com.example.java设计模式.单例.Test"/>
  <testcase name="service" time="0.476" classname="com.example.java设计模式.单例.Test"/>
  <testcase name="service" time="0.000" classname="com.example.java设计模式.单例.Test"/>
  <testcase name="service" time="0.000" classname="com.example.java设计模式.单例.Test"/>
  <testcase name="service" time="0.000" classname="com.example.java设计模式.单例.Test"/>
  <testcase name="service" time="0.000" classname="com.example.java设计模式.单例.Test"/>
  <testcase name="service" time="0.835" classname="com.example.java设计模式.单例.Test"/>
  <testcase name="service" time="0.001" classname="com.example.java设计模式.单例.Test"/>
  <testcase name="service" time="0.114" classname="com.example.java设计模式.单例.Test"/>
  <testcase name="service" time="0.000" classname="com.example.java设计模式.单例.Test"/>
  <testcase name="service" time="0.000" classname="com.example.java设计模式.单例.Test"/>
  <testcase name="service" time="0.212" classname="com.example.java设计模式.单例.Test"/>
  <testcase name="service" time="0.001" classname="com.example.java设计模式.单例.Test"/>
  <testcase name="service" time="7.725" classname="com.example.java设计模式.单例.Test"/>
  <testcase name="service" time="0.001" classname="com.example.java设计模式.单例.Test"/>
  <testcase name="service" time="0.555" classname="com.example.java设计模式.单例.Test"/>
  <testcase name="service" time="0.639" classname="com.example.java设计模式.单例.Test"/>
  <testcase name="service" time="0.000" classname="com.example.java设计模式.单例.Test"/>
  <testcase name="service" time="0.958" classname="com.example.java设计模式.单例.Test"/>
  <testcase name="service" time="0.000" classname="com.example.java设计模式.单例.Test"/>
  <testcase name="service" time="0.000" classname="com.example.java设计模式.单例.Test"/>
  <testcase name="service" time="0.691" classname="com.example.java设计模式.单例.Test"/>
  <testcase name="service" time="0.001" classname="com.example.java设计模式.单例.Test"/>
  <testcase name="service" time="0.013" classname="com.example.java设计模式.单例.Test"/>
  <testcase name="service" time="0.469" classname="com.example.java设计模式.单例.Test"/>
  <testcase name="service" time="0.000" classname="com.example.java设计模式.单例.Test"/>
  <testcase name="service" time="0.000" classname="com.example.java设计模式.单例.Test"/>
  <testcase name="service" time="1.600" classname="com.example.java设计模式.单例.Test"/>
  <testcase name="service" time="0.000" classname="com.example.java设计模式.单例.Test"/>
  <testcase name="service" time="0.001" classname="com.example.java设计模式.单例.Test"/>
  <testcase name="service" time="0.001" classname="com.example.java设计模式.单例.Test"/>
  <testcase name="service" time="6.591" classname="com.example.java设计模式.单例.Test"/>
  <testcase name="service" time="1.270" classname="com.example.java设计模式.单例.Test"/>
  <testcase name="service" time="0.001" classname="com.example.java设计模式.单例.Test"/>
  <testcase name="service" time="0.000" classname="com.example.java设计模式.单例.Test"/>
  <testcase name="service" time="0.000" classname="com.example.java设计模式.单例.Test"/>
  <testcase name="service" time="0.000" classname="com.example.java设计模式.单例.Test"/>
  <testcase name="service" time="0.000" classname="com.example.java设计模式.单例.Test"/>
  <testcase name="service" time="0.000" classname="com.example.java设计模式.单例.Test"/>
  <testcase name="service" time="0.925" classname="com.example.java设计模式.单例.Test"/>
  <testcase name="service" time="0.000" classname="com.example.java设计模式.单例.Test"/>
  <testcase name="service" time="0.001" classname="com.example.java设计模式.单例.Test"/>
  <testcase name="service" time="0.001" classname="com.example.java设计模式.单例.Test"/>
  <testcase name="service" time="0.000" classname="com.example.java设计模式.单例.Test"/>
  <testcase name="service" time="0.232" classname="com.example.java设计模式.单例.Test"/>
  <testcase name="service" time="1.422" classname="com.example.java设计模式.单例.Test"/>
  <testcase name="service" time="6.275" classname="com.example.java设计模式.单例.Test"/>
  <testcase name="service" time="0.070" classname="com.example.java设计模式.单例.Test"/>
  <testcase name="service" time="0.716" classname="com.example.java设计模式.单例.Test"/>
  <testcase name="service" time="0.048" classname="com.example.java设计模式.单例.Test"/>
  <testcase name="service" time="0.000" classname="com.example.java设计模式.单例.Test"/>
  <testcase name="service" time="0.000" classname="com.example.java设计模式.单例.Test"/>
  <testcase name="service" time="0.000" classname="com.example.java设计模式.单例.Test"/>
  <testcase name="service" time="0.072" classname="com.example.java设计模式.单例.Test"/>
  <testcase name="service" time="0.766" classname="com.example.java设计模式.单例.Test"/>
  <testcase name="service" time="5.934" classname="com.example.java设计模式.单例.Test"/>
  <testcase name="service" time="0.458" classname="com.example.java设计模式.单例.Test"/>
  <testcase name="service" time="0.002" classname="com.example.java设计模式.单例.Test"/>
  <testcase name="service" time="0.323" classname="com.example.java设计模式.单例.Test"/>
  <testcase name="service" time="0.000" classname="com.example.java设计模式.单例.Test"/>
  <testcase name="service" time="0.000" classname="com.example.java设计模式.单例.Test"/>
  <testcase name="service" time="0.409" classname="com.example.java设计模式.单例.Test"/>
  <testcase name="service" time="0.743" classname="com.example.java设计模式.单例.Test"/>
  <testcase name="service" time="0.001" classname="com.example.java设计模式.单例.Test"/>
  <testcase name="service" time="0.001" classname="com.example.java设计模式.单例.Test"/>
  <testcase name="service" time="0.230" classname="com.example.java设计模式.单例.Test"/>
  <testcase name="service" time="0.370" classname="com.example.java设计模式.单例.Test"/>
  <testcase name="service" time="0.000" classname="com.example.java设计模式.单例.Test"/>
  <testcase name="service" time="0.925" classname="com.example.java设计模式.单例.Test"/>
  <testcase name="service" time="0.000" classname="com.example.java设计模式.单例.Test"/>
  <testcase name="service" time="0.001" classname="com.example.java设计模式.单例.Test"/>
  <testcase name="service" time="0.000" classname="com.example.java设计模式.单例.Test"/>
  <testcase name="service" time="0.000" classname="com.example.java设计模式.单例.Test"/>
  <testcase name="service" time="0.000" classname="com.example.java设计模式.单例.Test"/>
  <testcase name="service" time="0.000" classname="com.example.java设计模式.单例.Test"/>
  <testcase name="service" time="0.000" classname="com.example.java设计模式.单例.Test"/>
  <testcase name="service" time="0.000" classname="com.example.java设计模式.单例.Test"/>
  <testcase name="service" time="0.051" classname="com.example.java设计模式.单例.Test"/>
  <testcase name="service" time="0.001" classname="com.example.java设计模式.单例.Test"/>
  <testcase name="service" time="1.136" classname="com.example.java设计模式.单例.Test"/>
  <testcase name="service" time="0.183" classname="com.example.java设计模式.单例.Test"/>
  <testcase name="service" time="0.563" classname="com.example.java设计模式.单例.Test"/>
  <testcase name="service" time="0.739" classname="com.example.java设计模式.单例.Test"/>
  <testcase name="service" time="0.000" classname="com.example.java设计模式.单例.Test"/>
  <testcase name="service" time="0.001" classname="com.example.java设计模式.单例.Test"/>
  <testcase name="service" time="0.006" classname="com.example.java设计模式.单例.Test"/>
  <testcase name="service" time="1.095" classname="com.example.java设计模式.单例.Test"/>
  <testcase name="service" time="0.659" classname="com.example.java设计模式.单例.Test"/>
  <testcase name="service" time="0.000" classname="com.example.java设计模式.单例.Test"/>
  <testcase name="service" time="0.040" classname="com.example.java设计模式.单例.Test"/>
  <testcase name="service" time="0.000" classname="com.example.java设计模式.单例.Test"/>
  <testcase name="service" time="0.141" classname="com.example.java设计模式.单例.Test"/>
  <testcase name="service" time="0.001" classname="com.example.java设计模式.单例.Test"/>
  <testcase name="service" time="0.059" classname="com.example.java设计模式.单例.Test"/>
  <testcase name="service" time="0.000" classname="com.example.java设计模式.单例.Test"/>
  <testcase name="service" time="1.273" classname="com.example.java设计模式.单例.Test"/>
  <testcase name="service" time="0.027" classname="com.example.java设计模式.单例.Test"/>
  <testcase name="service" time="0.000" classname="com.example.java设计模式.单例.Test"/>
  <testcase name="service" time="0.024" classname="com.example.java设计模式.单例.Test"/>
  <testcase name="service" time="0.000" classname="com.example.java设计模式.单例.Test"/>
  <testcase name="service" time="0.000" classname="com.example.java设计模式.单例.Test"/>
  <testcase name="service" time="0.208" classname="com.example.java设计模式.单例.Test"/>
  <testcase name="service" time="0.000" classname="com.example.java设计模式.单例.Test"/>
  <testcase name="service" time="0.398" classname="com.example.java设计模式.单例.Test"/>
  <testcase name="service" time="0.000" classname="com.example.java设计模式.单例.Test"/>
  <testcase name="service" time="0.000" classname="com.example.java设计模式.单例.Test"/>
  <testcase name="service" time="0.000" classname="com.example.java设计模式.单例.Test"/>
  <testcase name="service" time="0.534" classname="com.example.java设计模式.单例.Test"/>
  <testcase name="service" time="0.001" classname="com.example.java设计模式.单例.Test"/>
  <testcase name="service" time="0.000" classname="com.example.java设计模式.单例.Test"/>
  <testcase name="service" time="0.140" classname="com.example.java设计模式.单例.Test"/>
  <testcase name="service" time="0.175" classname="com.example.java设计模式.单例.Test"/>
  <testcase name="service" time="0.000" classname="com.example.java设计模式.单例.Test"/>
  <testcase name="service" time="0.000" classname="com.example.java设计模式.单例.Test"/>
  <testcase name="service" time="0.886" classname="com.example.java设计模式.单例.Test"/>
  <testcase name="service" time="0.881" classname="com.example.java设计模式.单例.Test"/>
  <testcase name="service" time="0.000" classname="com.example.java设计模式.单例.Test"/>
  <testcase name="service" time="0.000" classname="com.example.java设计模式.单例.Test"/>
  <testcase name="service" time="0.021" classname="com.example.java设计模式.单例.Test"/>
  <testcase name="service" time="0.735" classname="com.example.java设计模式.单例.Test"/>
  <testcase name="service" time="7.085" classname="com.example.java设计模式.单例.Test"/>
  <testcase name="service" time="0.002" classname="com.example.java设计模式.单例.Test"/>
  <testcase name="service" time="0.734" classname="com.example.java设计模式.单例.Test"/>
  <testcase name="service" time="0.089" classname="com.example.java设计模式.单例.Test"/>
  <testcase name="service" time="0.812" classname="com.example.java设计模式.单例.Test"/>
  <testcase name="service" time="0.189" classname="com.example.java设计模式.单例.Test"/>
  <testcase name="service" time="0.044" classname="com.example.java设计模式.单例.Test"/>
  <testcase name="service" time="0.204" classname="com.example.java设计模式.单例.Test"/>
  <testcase name="service" time="0.000" classname="com.example.java设计模式.单例.Test"/>
  <testcase name="service" time="0.000" classname="com.example.java设计模式.单例.Test"/>
  <testcase name="service" time="0.000" classname="com.example.java设计模式.单例.Test"/>
  <testcase name="service" time="0.042" classname="com.example.java设计模式.单例.Test"/>
  <testcase name="service" time="0.001" classname="com.example.java设计模式.单例.Test"/>
  <testcase name="service" time="6.187" classname="com.example.java设计模式.单例.Test"/>
  <testcase name="service" time="0.001" classname="com.example.java设计模式.单例.Test"/>
  <testcase name="service" time="0.000" classname="com.example.java设计模式.单例.Test"/>
  <testcase name="service" time="0.000" classname="com.example.java设计模式.单例.Test"/>
  <testcase name="service" time="0.021" classname="com.example.java设计模式.单例.Test"/>
  <testcase name="service" time="0.127" classname="com.example.java设计模式.单例.Test"/>
  <testcase name="service" time="0.000" classname="com.example.java设计模式.单例.Test"/>
  <testcase name="service" time="6.320" classname="com.example.java设计模式.单例.Test"/>
  <testcase name="service" time="0.000" classname="com.example.java设计模式.单例.Test"/>
  <testcase name="service" time="0.662" classname="com.example.java设计模式.单例.Test"/>
  <testcase name="service" time="0.640" classname="com.example.java设计模式.单例.Test"/>
  <testcase name="service" time="0.515" classname="com.example.java设计模式.单例.Test"/>
  <testcase name="service" time="0.001" classname="com.example.java设计模式.单例.Test"/>
  <testcase name="service" time="6.583" classname="com.example.java设计模式.单例.Test"/>
  <testcase name="service" time="0.068" classname="com.example.java设计模式.单例.Test"/>
  <testcase name="service" time="0.670" classname="com.example.java设计模式.单例.Test"/>
  <testcase name="service" time="0.094" classname="com.example.java设计模式.单例.Test"/>
  <testcase name="service" time="0.000" classname="com.example.java设计模式.单例.Test"/>
  <testcase name="service" time="1.183" classname="com.example.java设计模式.单例.Test"/>
  <testcase name="service" time="0.670" classname="com.example.java设计模式.单例.Test"/>
  <testcase name="service" time="0.000" classname="com.example.java设计模式.单例.Test"/>
  <testcase name="service" time="0.000" classname="com.example.java设计模式.单例.Test"/>
  <testcase name="service" time="0.000" classname="com.example.java设计模式.单例.Test"/>
  <testcase name="service" time="0.607" classname="com.example.java设计模式.单例.Test"/>
  <testcase name="service" time="0.000" classname="com.example.java设计模式.单例.Test"/>
  <testcase name="service" time="0.000" classname="com.example.java设计模式.单例.Test"/>
  <testcase name="service" time="65.012" classname="com.example.java设计模式.单例.Test"/>
  <testcase name="service" time="0.840" classname="com.example.java设计模式.单例.Test"/>
  <testcase name="service" time="0.000" classname="com.example.java设计模式.单例.Test"/>
  <testcase name="service" time="0.511" classname="com.example.java设计模式.单例.Test"/>
  <testcase name="service" time="0.131" classname="com.example.java设计模式.单例.Test"/>
  <testcase name="service" time="0.000" classname="com.example.java设计模式.单例.Test"/>
  <testcase name="service" time="0.703" classname="com.example.java设计模式.单例.Test"/>
  <testcase name="service" time="64.981" classname="com.example.java设计模式.单例.Test"/>
  <testcase name="service" time="0.103" classname="com.example.java设计模式.单例.Test"/>
  <testcase name="service" time="0.000" classname="com.example.java设计模式.单例.Test"/>
  <testcase name="service" time="0.000" classname="com.example.java设计模式.单例.Test"/>
  <testcase name="service" time="0.001" classname="com.example.java设计模式.单例.Test"/>
  <testcase name="service" time="0.078" classname="com.example.java设计模式.单例.Test"/>
  <testcase name="service" time="0.001" classname="com.example.java设计模式.单例.Test"/>
  <testcase name="service" time="64.872" classname="com.example.java设计模式.单例.Test"/>
  <testcase name="service" time="0.737" classname="com.example.java设计模式.单例.Test"/>
  <testcase name="service" time="0.000" classname="com.example.java设计模式.单例.Test"/>
  <testcase name="service" time="0.128" classname="com.example.java设计模式.单例.Test"/>
  <testcase name="service" time="0.502" classname="com.example.java设计模式.单例.Test"/>
  <testcase name="service" time="0.000" classname="com.example.java设计模式.单例.Test"/>
  <testcase name="service" time="0.119" classname="com.example.java设计模式.单例.Test"/>
  <testcase name="service" time="0.000" classname="com.example.java设计模式.单例.Test"/>
  <testcase name="service" time="1.270" classname="com.example.java设计模式.单例.Test"/>
  <testcase name="service" time="0.000" classname="com.example.java设计模式.单例.Test"/>
  <testcase name="service" time="0.001" classname="com.example.java设计模式.单例.Test"/>
  <testcase name="service" time="0.000" classname="com.example.java设计模式.单例.Test"/>
  <testcase name="service" time="0.021" classname="com.example.java设计模式.单例.Test"/>
  <testcase name="service" time="0.000" classname="com.example.java设计模式.单例.Test"/>
  <testcase name="service" time="0.000" classname="com.example.java设计模式.单例.Test"/>
  <testcase name="service" time="0.480" classname="com.example.java设计模式.单例.Test"/>
  <testcase name="service" time="0.594" classname="com.example.java设计模式.单例.Test"/>
  <testcase name="service" time="0.000" classname="com.example.java设计模式.单例.Test"/>
  <testcase name="service" time="0.340" classname="com.example.java设计模式.单例.Test"/>
  <testcase name="service" time="0.000" classname="com.example.java设计模式.单例.Test"/>
  <testcase name="service" time="0.013" classname="com.example.java设计模式.单例.Test"/>
  <testcase name="service" time="0.000" classname="com.example.java设计模式.单例.Test"/>
  <testcase name="service" time="0.467" classname="com.example.java设计模式.单例.Test"/>
  <testcase name="service" time="0.002" classname="com.example.java设计模式.单例.Test"/>
  <testcase name="service" time="0.001" classname="com.example.java设计模式.单例.Test"/>
  <testcase name="service" time="0.250" classname="com.example.java设计模式.单例.Test"/>
  <testcase name="service" time="0.670" classname="com.example.java设计模式.单例.Test"/>
  <testcase name="service" time="0.001" classname="com.example.java设计模式.单例.Test"/>
  <testcase name="service" time="0.805" classname="com.example.java设计模式.单例.Test"/>
  <testcase name="service" time="0.000" classname="com.example.java设计模式.单例.Test"/>
  <testcase name="service" time="0.000" classname="com.example.java设计模式.单例.Test"/>
  <testcase name="service" time="0.000" classname="com.example.java设计模式.单例.Test"/>
  <testcase name="service" time="0.000" classname="com.example.java设计模式.单例.Test"/>
  <testcase name="service" time="1.167" classname="com.example.java设计模式.单例.Test"/>
  <testcase name="service" time="0.001" classname="com.example.java设计模式.单例.Test"/>
  <testcase name="service" time="0.530" classname="com.example.java设计模式.单例.Test"/>
  <testcase name="service" time="0.000" classname="com.example.java设计模式.单例.Test"/>
  <testcase name="service" time="0.001" classname="com.example.java设计模式.单例.Test"/>
  <testcase name="service" time="0.001" classname="com.example.java设计模式.单例.Test"/>
  <testcase name="service" time="0.043" classname="com.example.java设计模式.单例.Test"/>
  <testcase name="service" time="1.360" classname="com.example.java设计模式.单例.Test"/>
  <testcase name="service" time="0.104" classname="com.example.java设计模式.单例.Test"/>
  <testcase name="service" time="0.001" classname="com.example.java设计模式.单例.Test"/>
  <testcase name="service" time="0.001" classname="com.example.java设计模式.单例.Test"/>
  <testcase name="service" time="0.000" classname="com.example.java设计模式.单例.Test"/>
  <testcase name="service" time="0.239" classname="com.example.java设计模式.单例.Test"/>
  <testcase name="service" time="0.000" classname="com.example.java设计模式.单例.Test"/>
  <testcase name="service" time="0.000" classname="com.example.java设计模式.单例.Test"/>
  <testcase name="service" time="0.868" classname="com.example.java设计模式.单例.Test"/>
  <testcase name="service" time="0.070" classname="com.example.java设计模式.单例.Test"/>
  <testcase name="service" time="0.147" classname="com.example.java设计模式.单例.Test"/>
  <testcase name="service" time="0.620" classname="com.example.java设计模式.单例.Test"/>
  <testcase name="service" time="0.000" classname="com.example.java设计模式.单例.Test"/>
  <testcase name="service" time="6.356" classname="com.example.java设计模式.单例.Test"/>
  <testcase name="service" time="0.001" classname="com.example.java设计模式.单例.Test"/>
  <testcase name="service" time="0.000" classname="com.example.java设计模式.单例.Test"/>
  <testcase name="service" time="0.000" classname="com.example.java设计模式.单例.Test"/>
  <testcase name="service" time="0.000" classname="com.example.java设计模式.单例.Test"/>
  <testcase name="service" time="0.224" classname="com.example.java设计模式.单例.Test"/>
  <testcase name="service" time="0.000" classname="com.example.java设计模式.单例.Test"/>
  <testcase name="service" time="64.500" classname="com.example.java设计模式.单例.Test"/>
  <testcase name="service" time="0.000" classname="com.example.java设计模式.单例.Test"/>
  <testcase name="service" time="0.001" classname="com.example.java设计模式.单例.Test"/>
  <testcase name="service" time="0.000" classname="com.example.java设计模式.单例.Test"/>
  <testcase name="service" time="0.000" classname="com.example.java设计模式.单例.Test"/>
  <testcase name="service" time="0.001" classname="com.example.java设计模式.单例.Test"/>
  <testcase name="service" time="0.261" classname="com.example.java设计模式.单例.Test"/>
  <testcase name="service" time="0.001" classname="com.example.java设计模式.单例.Test"/>
  <testcase name="service" time="0.043" classname="com.example.java设计模式.单例.Test"/>
  <testcase name="service" time="0.000" classname="com.example.java设计模式.单例.Test"/>
  <testcase name="service" time="6.532" classname="com.example.java设计模式.单例.Test"/>
  <testcase name="service" time="1.192" classname="com.example.java设计模式.单例.Test"/>
  <testcase name="service" time="0.355" classname="com.example.java设计模式.单例.Test"/>
  <testcase name="service" time="0.001" classname="com.example.java设计模式.单例.Test"/>
  <testcase name="service" time="0.000" classname="com.example.java设计模式.单例.Test"/>
  <testcase name="service" time="0.000" classname="com.example.java设计模式.单例.Test"/>
  <testcase name="service" time="0.319" classname="com.example.java设计模式.单例.Test"/>
  <testcase name="service" time="0.000" classname="com.example.java设计模式.单例.Test"/>
  <testcase name="service" time="0.143" classname="com.example.java设计模式.单例.Test"/>
  <testcase name="service" time="0.001" classname="com.example.java设计模式.单例.Test"/>
  <testcase name="service" time="64.743" classname="com.example.java设计模式.单例.Test"/>
  <testcase name="service" time="0.001" classname="com.example.java设计模式.单例.Test"/>
  <testcase name="service" time="0.528" classname="com.example.java设计模式.单例.Test"/>
  <testcase name="service" time="0.000" classname="com.example.java设计模式.单例.Test"/>
  <testcase name="service" time="6.398" classname="com.example.java设计模式.单例.Test"/>
  <testcase name="service" time="0.039" classname="com.example.java设计模式.单例.Test"/>
  <testcase name="service" time="0.833" classname="com.example.java设计模式.单例.Test"/>
  <testcase name="service" time="64.970" classname="com.example.java设计模式.单例.Test"/>
  <testcase name="service" time="0.503" classname="com.example.java设计模式.单例.Test"/>
  <testcase name="service" time="0.001" classname="com.example.java设计模式.单例.Test"/>
  <testcase name="service" time="0.166" classname="com.example.java设计模式.单例.Test"/>
  <testcase name="service" time="0.006" classname="com.example.java设计模式.单例.Test"/>
  <testcase name="service" time="0.000" classname="com.example.java设计模式.单例.Test"/>
  <testcase name="service" time="0.000" classname="com.example.java设计模式.单例.Test"/>
  <testcase name="service" time="65.018" classname="com.example.java设计模式.单例.Test"/>
  <testcase name="service" time="0.001" classname="com.example.java设计模式.单例.Test"/>
  <testcase name="service" time="7.776" classname="com.example.java设计模式.单例.Test"/>
  <testcase name="service" time="0.000" classname="com.example.java设计模式.单例.Test"/>
  <testcase name="service" time="0.000" classname="com.example.java设计模式.单例.Test"/>
  <testcase name="service" time="6.855" classname="com.example.java设计模式.单例.Test"/>
  <testcase name="service" time="1.165" classname="com.example.java设计模式.单例.Test"/>
  <testcase name="service" time="0.169" classname="com.example.java设计模式.单例.Test"/>
  <testcase name="service" time="0.001" classname="com.example.java设计模式.单例.Test"/>
  <testcase name="service" time="0.000" classname="com.example.java设计模式.单例.Test"/>
  <testcase name="service" time="0.000" classname="com.example.java设计模式.单例.Test"/>
  <testcase name="service" time="1.116" classname="com.example.java设计模式.单例.Test"/>
  <testcase name="service" time="0.073" classname="com.example.java设计模式.单例.Test"/>
  <testcase name="service" time="0.125" classname="com.example.java设计模式.单例.Test"/>
  <testcase name="service" time="0.000" classname="com.example.java设计模式.单例.Test"/>
  <testcase name="service" time="6.690" classname="com.example.java设计模式.单例.Test"/>
  <testcase name="service" time="0.104" classname="com.example.java设计模式.单例.Test"/>
  <testcase name="service" time="0.599" classname="com.example.java设计模式.单例.Test"/>
  <testcase name="service" time="0.001" classname="com.example.java设计模式.单例.Test"/>
  <testcase name="service" time="0.000" classname="com.example.java设计模式.单例.Test"/>
  <testcase name="service" time="0.000" classname="com.example.java设计模式.单例.Test"/>
  <testcase name="service" time="6.661" classname="com.example.java设计模式.单例.Test"/>
  <testcase name="service" time="0.001" classname="com.example.java设计模式.单例.Test"/>
  <testcase name="service" time="0.515" classname="com.example.java设计模式.单例.Test"/>
  <testcase name="service" time="0.553" classname="com.example.java设计模式.单例.Test"/>
  <testcase name="service" time="0.000" classname="com.example.java设计模式.单例.Test"/>
  <testcase name="service" time="0.837" classname="com.example.java设计模式.单例.Test"/>
  <testcase name="service" time="0.000" classname="com.example.java设计模式.单例.Test"/>
  <testcase name="service" time="0.736" classname="com.example.java设计模式.单例.Test"/>
  <testcase name="service" time="0.000" classname="com.example.java设计模式.单例.Test"/>
  <testcase name="service" time="0.174" classname="com.example.java设计模式.单例.Test"/>
  <testcase name="service" time="0.000" classname="com.example.java设计模式.单例.Test"/>
  <testcase name="service" time="0.001" classname="com.example.java设计模式.单例.Test"/>
  <testcase name="service" time="0.000" classname="com.example.java设计模式.单例.Test"/>
  <testcase name="service" time="0.220" classname="com.example.java设计模式.单例.Test"/>
  <testcase name="service" time="65.054" classname="com.example.java设计模式.单例.Test"/>
  <testcase name="service" time="65.046" classname="com.example.java设计模式.单例.Test"/>
  <testcase name="service" time="0.001" classname="com.example.java设计模式.单例.Test"/>
  <testcase name="service" time="0.000" classname="com.example.java设计模式.单例.Test"/>
  <testcase name="service" time="0.187" classname="com.example.java设计模式.单例.Test"/>
  <testcase name="service" time="0.636" classname="com.example.java设计模式.单例.Test"/>
  <testcase name="service" time="0.595" classname="com.example.java设计模式.单例.Test"/>
  <testcase name="service" time="0.419" classname="com.example.java设计模式.单例.Test"/>
  <testcase name="service" time="0.000" classname="com.example.java设计模式.单例.Test"/>
  <testcase name="service" time="0.001" classname="com.example.java设计模式.单例.Test"/>
  <testcase name="service" time="0.000" classname="com.example.java设计模式.单例.Test"/>
  <testcase name="service" time="0.441" classname="com.example.java设计模式.单例.Test"/>
  <testcase name="service" time="0.000" classname="com.example.java设计模式.单例.Test"/>
  <testcase name="service" time="0.459" classname="com.example.java设计模式.单例.Test"/>
  <testcase name="service" time="0.997" classname="com.example.java设计模式.单例.Test"/>
  <testcase name="service" time="0.000" classname="com.example.java设计模式.单例.Test"/>
  <testcase name="service" time="0.117" classname="com.example.java设计模式.单例.Test"/>
  <testcase name="service" time="0.188" classname="com.example.java设计模式.单例.Test"/>
  <testcase name="service" time="0.000" classname="com.example.java设计模式.单例.Test"/>
  <testcase name="service" time="6.525" classname="com.example.java设计模式.单例.Test"/>
  <testcase name="service" time="0.521" classname="com.example.java设计模式.单例.Test"/>
  <testcase name="service" time="0.001" classname="com.example.java设计模式.单例.Test"/>
  <testcase name="service" time="0.095" classname="com.example.java设计模式.单例.Test"/>
  <testcase name="service" time="0.003" classname="com.example.java设计模式.单例.Test"/>
  <testcase name="service" time="0.000" classname="com.example.java设计模式.单例.Test"/>
  <testcase name="service" time="0.001" classname="com.example.java设计模式.单例.Test"/>
  <testcase name="service" time="0.001" classname="com.example.java设计模式.单例.Test"/>
  <testcase name="service" time="0.000" classname="com.example.java设计模式.单例.Test"/>
  <testcase name="service" time="0.000" classname="com.example.java设计模式.单例.Test"/>
  <testcase name="service" time="6.684" classname="com.example.java设计模式.单例.Test"/>
  <testcase name="service" time="0.003" classname="com.example.java设计模式.单例.Test"/>
  <testcase name="service" time="8.029" classname="com.example.java设计模式.单例.Test"/>
  <testcase name="service" time="0.228" classname="com.example.java设计模式.单例.Test"/>
  <testcase name="service" time="0.408" classname="com.example.java设计模式.单例.Test"/>
  <testcase name="service" time="0.459" classname="com.example.java设计模式.单例.Test"/>
  <testcase name="service" time="1.445" classname="com.example.java设计模式.单例.Test"/>
  <testcase name="service" time="0.001" classname="com.example.java设计模式.单例.Test"/>
  <testcase name="service" time="6.359" classname="com.example.java设计模式.单例.Test"/>
  <testcase name="service" time="0.000" classname="com.example.java设计模式.单例.Test"/>
  <testcase name="service" time="0.327" classname="com.example.java设计模式.单例.Test"/>
  <testcase name="service" time="0.000" classname="com.example.java设计模式.单例.Test"/>
  <testcase name="service" time="0.000" classname="com.example.java设计模式.单例.Test"/>
  <testcase name="service" time="0.000" classname="com.example.java设计模式.单例.Test"/>
  <testcase name="service" time="7.141" classname="com.example.java设计模式.单例.Test"/>
  <testcase name="service" time="0.138" classname="com.example.java设计模式.单例.Test"/>
  <testcase name="service" time="0.001" classname="com.example.java设计模式.单例.Test"/>
  <testcase name="service" time="0.880" classname="com.example.java设计模式.单例.Test"/>
  <testcase name="service" time="0.344" classname="com.example.java设计模式.单例.Test"/>
  <testcase name="service" time="0.000" classname="com.example.java设计模式.单例.Test"/>
  <testcase name="service" time="0.000" classname="com.example.java设计模式.单例.Test"/>
  <testcase name="service" time="0.000" classname="com.example.java设计模式.单例.Test"/>
  <testcase name="service" time="64.356" classname="com.example.java设计模式.单例.Test"/>
  <testcase name="service" time="0.000" classname="com.example.java设计模式.单例.Test"/>
  <testcase name="service" time="64.876" classname="com.example.java设计模式.单例.Test"/>
  <testcase name="service" time="0.000" classname="com.example.java设计模式.单例.Test"/>
  <testcase name="service" time="0.382" classname="com.example.java设计模式.单例.Test"/>
  <testcase name="service" time="0.228" classname="com.example.java设计模式.单例.Test"/>
  <testcase name="service" time="0.000" classname="com.example.java设计模式.单例.Test"/>
  <testcase name="service" time="5.144" classname="com.example.java设计模式.单例.Test"/>
  <testcase name="service" time="0.754" classname="com.example.java设计模式.单例.Test"/>
  <testcase name="service" time="0.000" classname="com.example.java设计模式.单例.Test"/>
  <testcase name="service" time="0.162" classname="com.example.java设计模式.单例.Test"/>
  <testcase name="service" time="0.000" classname="com.example.java设计模式.单例.Test"/>
  <testcase name="service" time="0.001" classname="com.example.java设计模式.单例.Test"/>
  <testcase name="service" time="1.281" classname="com.example.java设计模式.单例.Test"/>
  <testcase name="service" time="0.000" classname="com.example.java设计模式.单例.Test"/>
  <testcase name="service" time="0.248" classname="com.example.java设计模式.单例.Test"/>
  <testcase name="service" time="0.000" classname="com.example.java设计模式.单例.Test"/>
  <testcase name="service" time="0.000" classname="com.example.java设计模式.单例.Test"/>
  <testcase name="service" time="0.651" classname="com.example.java设计模式.单例.Test"/>
  <testcase name="service" time="1.004" classname="com.example.java设计模式.单例.Test"/>
  <testcase name="service" time="0.000" classname="com.example.java设计模式.单例.Test"/>
  <testcase name="service" time="6.373" classname="com.example.java设计模式.单例.Test"/>
  <testcase name="service" time="0.571" classname="com.example.java设计模式.单例.Test"/>
  <testcase name="service" time="0.000" classname="com.example.java设计模式.单例.Test"/>
  <testcase name="service" time="0.594" classname="com.example.java设计模式.单例.Test"/>
  <testcase name="service" time="1.041" classname="com.example.java设计模式.单例.Test"/>
  <testcase name="service" time="0.000" classname="com.example.java设计模式.单例.Test"/>
  <testcase name="service" time="0.517" classname="com.example.java设计模式.单例.Test"/>
  <testcase name="service" time="1.397" classname="com.example.java设计模式.单例.Test"/>
  <testcase name="service" time="0.008" classname="com.example.java设计模式.单例.Test"/>
  <testcase name="service" time="0.000" classname="com.example.java设计模式.单例.Test"/>
  <testcase name="service" time="0.239" classname="com.example.java设计模式.单例.Test"/>
  <testcase name="service" time="6.352" classname="com.example.java设计模式.单例.Test"/>
  <testcase name="service" time="0.000" classname="com.example.java设计模式.单例.Test"/>
  <testcase name="service" time="0.549" classname="com.example.java设计模式.单例.Test"/>
  <testcase name="service" time="0.252" classname="com.example.java设计模式.单例.Test"/>
  <testcase name="service" time="0.000" classname="com.example.java设计模式.单例.Test"/>
  <testcase name="service" time="0.112" classname="com.example.java设计模式.单例.Test"/>
  <testcase name="service" time="0.277" classname="com.example.java设计模式.单例.Test"/>
  <testcase name="service" time="0.000" classname="com.example.java设计模式.单例.Test"/>
  <testcase name="service" time="0.000" classname="com.example.java设计模式.单例.Test"/>
  <testcase name="service" time="0.061" classname="com.example.java设计模式.单例.Test"/>
  <testcase name="service" time="0.000" classname="com.example.java设计模式.单例.Test"/>
  <testcase name="service" time="7.957" classname="com.example.java设计模式.单例.Test"/>
  <testcase name="service" time="0.058" classname="com.example.java设计模式.单例.Test"/>
  <testcase name="service" time="0.000" classname="com.example.java设计模式.单例.Test"/>
  <testcase name="service" time="0.000" classname="com.example.java设计模式.单例.Test"/>
  <testcase name="service" time="7.785" classname="com.example.java设计模式.单例.Test"/>
  <testcase name="service" time="1.340" classname="com.example.java设计模式.单例.Test"/>
  <testcase name="service" time="0.957" classname="com.example.java设计模式.单例.Test"/>
  <testcase name="service" time="0.163" classname="com.example.java设计模式.单例.Test"/>
  <testcase name="service" time="0.173" classname="com.example.java设计模式.单例.Test"/>
  <testcase name="service" time="0.000" classname="com.example.java设计模式.单例.Test"/>
  <testcase name="service" time="0.001" classname="com.example.java设计模式.单例.Test"/>
  <testcase name="service" time="0.885" classname="com.example.java设计模式.单例.Test"/>
  <testcase name="service" time="0.110" classname="com.example.java设计模式.单例.Test"/>
  <testcase name="service" time="0.131" classname="com.example.java设计模式.单例.Test"/>
  <testcase name="service" time="0.001" classname="com.example.java设计模式.单例.Test"/>
  <testcase name="service" time="0.000" classname="com.example.java设计模式.单例.Test"/>
  <testcase name="service" time="0.418" classname="com.example.java设计模式.单例.Test"/>
  <testcase name="service" time="0.493" classname="com.example.java设计模式.单例.Test"/>
  <testcase name="service" time="0.000" classname="com.example.java设计模式.单例.Test"/>
  <testcase name="service" time="0.691" classname="com.example.java设计模式.单例.Test"/>
  <testcase name="service" time="0.371" classname="com.example.java设计模式.单例.Test"/>
  <testcase name="service" time="0.139" classname="com.example.java设计模式.单例.Test"/>
  <testcase name="service" time="1.326" classname="com.example.java设计模式.单例.Test"/>
  <testcase name="service" time="0.001" classname="com.example.java设计模式.单例.Test"/>
  <testcase name="service" time="0.271" classname="com.example.java设计模式.单例.Test"/>
  <testcase name="service" time="0.000" classname="com.example.java设计模式.单例.Test"/>
  <testcase name="service" time="0.000" classname="com.example.java设计模式.单例.Test"/>
  <testcase name="service" time="6.404" classname="com.example.java设计模式.单例.Test"/>
  <testcase name="service" time="0.418" classname="com.example.java设计模式.单例.Test"/>
  <testcase name="service" time="0.809" classname="com.example.java设计模式.单例.Test"/>
  <testcase name="service" time="0.000" classname="com.example.java设计模式.单例.Test"/>
  <testcase name="service" time="0.001" classname="com.example.java设计模式.单例.Test"/>
  <testcase name="service" time="0.000" classname="com.example.java设计模式.单例.Test"/>
  <testcase name="service" time="0.000" classname="com.example.java设计模式.单例.Test"/>
  <testcase name="service" time="0.147" classname="com.example.java设计模式.单例.Test"/>
  <testcase name="service" time="0.000" classname="com.example.java设计模式.单例.Test"/>
  <testcase name="service" time="0.473" classname="com.example.java设计模式.单例.Test"/>
  <testcase name="service" time="0.001" classname="com.example.java设计模式.单例.Test"/>
  <testcase name="service" time="0.001" classname="com.example.java设计模式.单例.Test"/>
  <testcase name="service" time="0.068" classname="com.example.java设计模式.单例.Test"/>
  <testcase name="service" time="0.241" classname="com.example.java设计模式.单例.Test"/>
  <testcase name="service" time="0.000" classname="com.example.java设计模式.单例.Test"/>
  <testcase name="service" time="0.597" classname="com.example.java设计模式.单例.Test"/>
  <testcase name="service" time="6.007" classname="com.example.java设计模式.单例.Test"/>
  <testcase name="service" time="0.045" classname="com.example.java设计模式.单例.Test"/>
  <testcase name="service" time="0.000" classname="com.example.java设计模式.单例.Test"/>
  <testcase name="service" time="0.001" classname="com.example.java设计模式.单例.Test"/>
  <testcase name="service" time="0.000" classname="com.example.java设计模式.单例.Test"/>
  <testcase name="service" time="0.001" classname="com.example.java设计模式.单例.Test"/>
  <testcase name="service" time="0.000" classname="com.example.java设计模式.单例.Test"/>
  <testcase name="service" time="0.000" classname="com.example.java设计模式.单例.Test"/>
  <testcase name="service" time="0.000" classname="com.example.java设计模式.单例.Test"/>
  <testcase name="service" time="0.208" classname="com.example.java设计模式.单例.Test"/>
  <testcase name="service" time="6.594" classname="com.example.java设计模式.单例.Test"/>
  <testcase name="service" time="0.000" classname="com.example.java设计模式.单例.Test"/>
  <testcase name="service" time="0.237" classname="com.example.java设计模式.单例.Test"/>
  <testcase name="service" time="0.000" classname="com.example.java设计模式.单例.Test"/>
  <testcase name="service" time="0.000" classname="com.example.java设计模式.单例.Test"/>
  <testcase name="service" time="0.965" classname="com.example.java设计模式.单例.Test"/>
  <testcase name="service" time="0.000" classname="com.example.java设计模式.单例.Test"/>
  <testcase name="service" time="0.000" classname="com.example.java设计模式.单例.Test"/>
  <testcase name="service" time="0.151" classname="com.example.java设计模式.单例.Test"/>
  <testcase name="service" time="0.001" classname="com.example.java设计模式.单例.Test"/>
  <testcase name="service" time="0.001" classname="com.example.java设计模式.单例.Test"/>
  <testcase name="service" time="0.000" classname="com.example.java设计模式.单例.Test"/>
  <testcase name="service" time="0.846" classname="com.example.java设计模式.单例.Test"/>
  <testcase name="service" time="0.000" classname="com.example.java设计模式.单例.Test"/>
  <testcase name="service" time="0.844" classname="com.example.java设计模式.单例.Test"/>
  <testcase name="service" time="0.001" classname="com.example.java设计模式.单例.Test"/>
  <testcase name="service" time="0.098" classname="com.example.java设计模式.单例.Test"/>
  <testcase name="service" time="0.051" classname="com.example.java设计模式.单例.Test"/>
  <testcase name="service" time="0.000" classname="com.example.java设计模式.单例.Test"/>
  <testcase name="service" time="0.000" classname="com.example.java设计模式.单例.Test"/>
  <testcase name="service" time="0.000" classname="com.example.java设计模式.单例.Test"/>
  <testcase name="service" time="0.162" classname="com.example.java设计模式.单例.Test"/>
  <testcase name="service" time="0.000" classname="com.example.java设计模式.单例.Test"/>
  <testcase name="service" time="0.000" classname="com.example.java设计模式.单例.Test"/>
  <testcase name="service" time="0.000" classname="com.example.java设计模式.单例.Test"/>
  <testcase name="service" time="0.000" classname="com.example.java设计模式.单例.Test"/>
  <testcase name="service" time="0.000" classname="com.example.java设计模式.单例.Test"/>
  <testcase name="service" time="0.143" classname="com.example.java设计模式.单例.Test"/>
  <testcase name="service" time="0.028" classname="com.example.java设计模式.单例.Test"/>
  <testcase name="service" time="0.377" classname="com.example.java设计模式.单例.Test"/>
  <testcase name="service" time="0.270" classname="com.example.java设计模式.单例.Test"/>
  <testcase name="service" time="65.012" classname="com.example.java设计模式.单例.Test"/>
  <testcase name="service" time="0.000" classname="com.example.java设计模式.单例.Test"/>
  <testcase name="service" time="0.001" classname="com.example.java设计模式.单例.Test"/>
  <testcase name="service" time="0.000" classname="com.example.java设计模式.单例.Test"/>
  <testcase name="service" time="0.335" classname="com.example.java设计模式.单例.Test"/>
  <testcase name="service" time="0.322" classname="com.example.java设计模式.单例.Test"/>
  <testcase name="service" time="0.202" classname="com.example.java设计模式.单例.Test"/>
  <testcase name="service" time="0.000" classname="com.example.java设计模式.单例.Test"/>
  <testcase name="service" time="0.001" classname="com.example.java设计模式.单例.Test"/>
  <testcase name="service" time="0.838" classname="com.example.java设计模式.单例.Test"/>
  <testcase name="service" time="0.646" classname="com.example.java设计模式.单例.Test"/>
  <testcase name="service" time="0.621" classname="com.example.java设计模式.单例.Test"/>
  <testcase name="service" time="0.000" classname="com.example.java设计模式.单例.Test"/>
  <testcase name="service" time="0.586" classname="com.example.java设计模式.单例.Test"/>
  <testcase name="service" time="64.620" classname="com.example.java设计模式.单例.Test"/>
  <testcase name="service" time="0.001" classname="com.example.java设计模式.单例.Test"/>
  <testcase name="service" time="0.851" classname="com.example.java设计模式.单例.Test"/>
  <testcase name="service" time="0.061" classname="com.example.java设计模式.单例.Test"/>
  <testcase name="service" time="0.000" classname="com.example.java设计模式.单例.Test"/>
  <testcase name="service" time="0.000" classname="com.example.java设计模式.单例.Test"/>
  <testcase name="service" time="0.000" classname="com.example.java设计模式.单例.Test"/>
  <testcase name="service" time="0.111" classname="com.example.java设计模式.单例.Test"/>
  <testcase name="service" time="6.731" classname="com.example.java设计模式.单例.Test"/>
  <testcase name="service" time="0.051" classname="com.example.java设计模式.单例.Test"/>
  <testcase name="service" time="0.000" classname="com.example.java设计模式.单例.Test"/>
  <testcase name="service" time="0.001" classname="com.example.java设计模式.单例.Test"/>
  <testcase name="service" time="0.001" classname="com.example.java设计模式.单例.Test"/>
  <testcase name="service" time="1.216" classname="com.example.java设计模式.单例.Test"/>
  <testcase name="service" time="0.000" classname="com.example.java设计模式.单例.Test"/>
  <testcase name="service" time="0.432" classname="com.example.java设计模式.单例.Test"/>
  <testcase name="service" time="0.000" classname="com.example.java设计模式.单例.Test"/>
  <testcase name="service" time="0.001" classname="com.example.java设计模式.单例.Test"/>
  <testcase name="service" time="64.385" classname="com.example.java设计模式.单例.Test"/>
  <testcase name="service" time="0.000" classname="com.example.java设计模式.单例.Test"/>
  <testcase name="service" time="0.001" classname="com.example.java设计模式.单例.Test"/>
  <testcase name="service" time="1.328" classname="com.example.java设计模式.单例.Test"/>
  <testcase name="service" time="0.000" classname="com.example.java设计模式.单例.Test"/>
  <testcase name="service" time="0.073" classname="com.example.java设计模式.单例.Test"/>
  <testcase name="service" time="0.507" classname="com.example.java设计模式.单例.Test"/>
  <testcase name="service" time="0.000" classname="com.example.java设计模式.单例.Test"/>
  <testcase name="service" time="0.000" classname="com.example.java设计模式.单例.Test"/>
  <testcase name="service" time="0.000" classname="com.example.java设计模式.单例.Test"/>
  <testcase name="service" time="0.308" classname="com.example.java设计模式.单例.Test"/>
  <testcase name="service" time="0.749" classname="com.example.java设计模式.单例.Test"/>
  <testcase name="service" time="65.045" classname="com.example.java设计模式.单例.Test"/>
  <testcase name="service" time="0.000" classname="com.example.java设计模式.单例.Test"/>
  <testcase name="service" time="0.000" classname="com.example.java设计模式.单例.Test"/>
  <testcase name="service" time="0.658" classname="com.example.java设计模式.单例.Test"/>
  <testcase name="service" time="0.431" classname="com.example.java设计模式.单例.Test"/>
  <testcase name="service" time="6.515" classname="com.example.java设计模式.单例.Test"/>
  <testcase name="service" time="0.000" classname="com.example.java设计模式.单例.Test"/>
  <testcase name="service" time="0.001" classname="com.example.java设计模式.单例.Test"/>
  <testcase name="service" time="0.000" classname="com.example.java设计模式.单例.Test"/>
  <testcase name="service" time="0.000" classname="com.example.java设计模式.单例.Test"/>
  <testcase name="service" time="0.000" classname="com.example.java设计模式.单例.Test"/>
  <testcase name="service" time="0.654" classname="com.example.java设计模式.单例.Test"/>
  <testcase name="service" time="0.166" classname="com.example.java设计模式.单例.Test"/>
  <testcase name="service" time="0.772" classname="com.example.java设计模式.单例.Test"/>
  <testcase name="service" time="0.001" classname="com.example.java设计模式.单例.Test"/>
  <testcase name="service" time="0.000" classname="com.example.java设计模式.单例.Test"/>
  <testcase name="service" time="0.771" classname="com.example.java设计模式.单例.Test"/>
  <testcase name="service" time="0.000" classname="com.example.java设计模式.单例.Test"/>
  <testcase name="service" time="0.000" classname="com.example.java设计模式.单例.Test"/>
  <testcase name="service" time="0.781" classname="com.example.java设计模式.单例.Test"/>
  <testcase name="service" time="0.000" classname="com.example.java设计模式.单例.Test"/>
  <testcase name="service" time="0.000" classname="com.example.java设计模式.单例.Test"/>
  <testcase name="service" time="6.495" classname="com.example.java设计模式.单例.Test"/>
  <testcase name="service" time="0.000" classname="com.example.java设计模式.单例.Test"/>
  <testcase name="service" time="64.730" classname="com.example.java设计模式.单例.Test"/>
  <testcase name="service" time="0.188" classname="com.example.java设计模式.单例.Test"/>
  <testcase name="service" time="0.758" classname="com.example.java设计模式.单例.Test"/>
  <testcase name="service" time="0.857" classname="com.example.java设计模式.单例.Test"/>
  <testcase name="service" time="0.386" classname="com.example.java设计模式.单例.Test"/>
  <testcase name="service" time="1.322" classname="com.example.java设计模式.单例.Test"/>
  <testcase name="service" time="0.343" classname="com.example.java设计模式.单例.Test"/>
  <testcase name="service" time="0.000" classname="com.example.java设计模式.单例.Test"/>
  <testcase name="service" time="5.689" classname="com.example.java设计模式.单例.Test"/>
  <testcase name="service" time="0.000" classname="com.example.java设计模式.单例.Test"/>
  <testcase name="service" time="0.609" classname="com.example.java设计模式.单例.Test"/>
  <testcase name="service" time="0.113" classname="com.example.java设计模式.单例.Test"/>
  <testcase name="service" time="0.226" classname="com.example.java设计模式.单例.Test"/>
  <testcase name="service" time="0.056" classname="com.example.java设计模式.单例.Test"/>
  <testcase name="service" time="0.000" classname="com.example.java设计模式.单例.Test"/>
  <testcase name="service" time="0.000" classname="com.example.java设计模式.单例.Test"/>
  <testcase name="service" time="0.061" classname="com.example.java设计模式.单例.Test"/>
  <testcase name="service" time="0.001" classname="com.example.java设计模式.单例.Test"/>
  <testcase name="service" time="0.536" classname="com.example.java设计模式.单例.Test"/>
  <testcase name="service" time="0.493" classname="com.example.java设计模式.单例.Test"/>
  <testcase name="service" time="0.093" classname="com.example.java设计模式.单例.Test"/>
  <testcase name="service" time="0.001" classname="com.example.java设计模式.单例.Test"/>
  <testcase name="service" time="8.080" classname="com.example.java设计模式.单例.Test"/>
  <testcase name="service" time="0.763" classname="com.example.java设计模式.单例.Test"/>
  <testcase name="service" time="0.445" classname="com.example.java设计模式.单例.Test"/>
  <testcase name="service" time="0.000" classname="com.example.java设计模式.单例.Test"/>
  <testcase name="service" time="0.045" classname="com.example.java设计模式.单例.Test"/>
  <testcase name="service" time="0.000" classname="com.example.java设计模式.单例.Test"/>
  <testcase name="service" time="0.001" classname="com.example.java设计模式.单例.Test"/>
  <testcase name="service" time="0.000" classname="com.example.java设计模式.单例.Test"/>
  <testcase name="service" time="0.001" classname="com.example.java设计模式.单例.Test"/>
  <testcase name="service" time="0.027" classname="com.example.java设计模式.单例.Test"/>
  <testcase name="service" time="7.791" classname="com.example.java设计模式.单例.Test"/>
  <testcase name="service" time="0.000" classname="com.example.java设计模式.单例.Test"/>
  <testcase name="service" time="0.338" classname="com.example.java设计模式.单例.Test"/>
  <testcase name="service" time="0.000" classname="com.example.java设计模式.单例.Test"/>
  <testcase name="service" time="0.497" classname="com.example.java设计模式.单例.Test"/>
  <testcase name="service" time="0.310" classname="com.example.java设计模式.单例.Test"/>
  <testcase name="service" time="0.927" classname="com.example.java设计模式.单例.Test"/>
  <testcase name="service" time="1.210" classname="com.example.java设计模式.单例.Test"/>
  <testcase name="service" time="64.629" classname="com.example.java设计模式.单例.Test"/>
  <testcase name="service" time="6.528" classname="com.example.java设计模式.单例.Test"/>
  <testcase name="service" time="1.075" classname="com.example.java设计模式.单例.Test"/>
  <testcase name="service" time="0.000" classname="com.example.java设计模式.单例.Test"/>
  <testcase name="service" time="0.418" classname="com.example.java设计模式.单例.Test"/>
  <testcase name="service" time="0.000" classname="com.example.java设计模式.单例.Test"/>
  <testcase name="service" time="0.420" classname="com.example.java设计模式.单例.Test"/>
  <testcase name="service" time="6.671" classname="com.example.java设计模式.单例.Test"/>
  <testcase name="service" time="0.000" classname="com.example.java设计模式.单例.Test"/>
  <testcase name="service" time="0.001" classname="com.example.java设计模式.单例.Test"/>
  <testcase name="service" time="0.000" classname="com.example.java设计模式.单例.Test"/>
  <testcase name="service" time="0.001" classname="com.example.java设计模式.单例.Test"/>
  <testcase name="service" time="0.001" classname="com.example.java设计模式.单例.Test"/>
  <testcase name="service" time="0.015" classname="com.example.java设计模式.单例.Test"/>
  <testcase name="service" time="0.000" classname="com.example.java设计模式.单例.Test"/>
  <testcase name="service" time="0.064" classname="com.example.java设计模式.单例.Test"/>
  <testcase name="service" time="0.000" classname="com.example.java设计模式.单例.Test"/>
  <testcase name="service" time="0.000" classname="com.example.java设计模式.单例.Test"/>
  <testcase name="service" time="0.000" classname="com.example.java设计模式.单例.Test"/>
  <testcase name="service" time="0.000" classname="com.example.java设计模式.单例.Test"/>
  <testcase name="service" time="0.000" classname="com.example.java设计模式.单例.Test"/>
  <testcase name="service" time="0.000" classname="com.example.java设计模式.单例.Test"/>
  <testcase name="service" time="0.000" classname="com.example.java设计模式.单例.Test"/>
  <testcase name="service" time="0.001" classname="com.example.java设计模式.单例.Test"/>
  <testcase name="service" time="0.000" classname="com.example.java设计模式.单例.Test"/>
  <testcase name="service" time="0.238" classname="com.example.java设计模式.单例.Test"/>
  <testcase name="service" time="6.623" classname="com.example.java设计模式.单例.Test"/>
  <testcase name="service" time="0.010" classname="com.example.java设计模式.单例.Test"/>
  <testcase name="service" time="0.000" classname="com.example.java设计模式.单例.Test"/>
  <testcase name="service" time="0.001" classname="com.example.java设计模式.单例.Test"/>
  <testcase name="service" time="0.057" classname="com.example.java设计模式.单例.Test"/>
  <testcase name="service" time="0.665" classname="com.example.java设计模式.单例.Test"/>
  <testcase name="service" time="0.000" classname="com.example.java设计模式.单例.Test"/>
  <testcase name="service" time="0.000" classname="com.example.java设计模式.单例.Test"/>
  <testcase name="service" time="0.001" classname="com.example.java设计模式.单例.Test"/>
  <testcase name="service" time="0.204" classname="com.example.java设计模式.单例.Test"/>
  <testcase name="service" time="0.000" classname="com.example.java设计模式.单例.Test"/>
  <testcase name="service" time="0.000" classname="com.example.java设计模式.单例.Test"/>
  <testcase name="service" time="0.000" classname="com.example.java设计模式.单例.Test"/>
  <testcase name="service" time="0.506" classname="com.example.java设计模式.单例.Test"/>
  <testcase name="service" time="0.781" classname="com.example.java设计模式.单例.Test"/>
  <testcase name="service" time="0.526" classname="com.example.java设计模式.单例.Test"/>
  <testcase name="service" time="0.000" classname="com.example.java设计模式.单例.Test"/>
  <testcase name="service" time="0.000" classname="com.example.java设计模式.单例.Test"/>
  <testcase name="service" time="0.000" classname="com.example.java设计模式.单例.Test"/>
  <testcase name="service" time="0.001" classname="com.example.java设计模式.单例.Test"/>
  <testcase name="service" time="0.000" classname="com.example.java设计模式.单例.Test"/>
  <testcase name="service" time="0.000" classname="com.example.java设计模式.单例.Test"/>
  <testcase name="service" time="0.000" classname="com.example.java设计模式.单例.Test"/>
  <testcase name="service" time="0.000" classname="com.example.java设计模式.单例.Test"/>
  <testcase name="service" time="0.058" classname="com.example.java设计模式.单例.Test"/>
  <testcase name="service" time="0.000" classname="com.example.java设计模式.单例.Test"/>
  <testcase name="service" time="0.000" classname="com.example.java设计模式.单例.Test"/>
  <testcase name="service" time="0.000" classname="com.example.java设计模式.单例.Test"/>
  <testcase name="service" time="0.000" classname="com.example.java设计模式.单例.Test"/>
  <testcase name="service" time="0.000" classname="com.example.java设计模式.单例.Test"/>
  <testcase name="service" time="0.441" classname="com.example.java设计模式.单例.Test"/>
  <testcase name="service" time="0.000" classname="com.example.java设计模式.单例.Test"/>
  <testcase name="service" time="64.900" classname="com.example.java设计模式.单例.Test"/>
  <testcase name="service" time="1.049" classname="com.example.java设计模式.单例.Test"/>
  <testcase name="service" time="0.911" classname="com.example.java设计模式.单例.Test"/>
  <testcase name="service" time="0.000" classname="com.example.java设计模式.单例.Test"/>
  <testcase name="service" time="0.000" classname="com.example.java设计模式.单例.Test"/>
  <testcase name="service" time="0.000" classname="com.example.java设计模式.单例.Test"/>
  <testcase name="service" time="0.001" classname="com.example.java设计模式.单例.Test"/>
  <testcase name="service" time="0.000" classname="com.example.java设计模式.单例.Test"/>
  <testcase name="service" time="6.614" classname="com.example.java设计模式.单例.Test"/>
  <testcase name="service" time="0.874" classname="com.example.java设计模式.单例.Test"/>
  <testcase name="service" time="0.000" classname="com.example.java设计模式.单例.Test"/>
  <testcase name="service" time="0.599" classname="com.example.java设计模式.单例.Test"/>
  <testcase name="service" time="1.573" classname="com.example.java设计模式.单例.Test"/>
  <testcase name="service" time="0.909" classname="com.example.java设计模式.单例.Test"/>
  <testcase name="service" time="0.000" classname="com.example.java设计模式.单例.Test"/>
  <testcase name="service" time="0.000" classname="com.example.java设计模式.单例.Test"/>
  <testcase name="service" time="0.001" classname="com.example.java设计模式.单例.Test"/>
  <testcase name="service" time="0.001" classname="com.example.java设计模式.单例.Test"/>
  <testcase name="service" time="0.457" classname="com.example.java设计模式.单例.Test"/>
  <testcase name="service" time="0.347" classname="com.example.java设计模式.单例.Test"/>
  <testcase name="service" time="0.540" classname="com.example.java设计模式.单例.Test"/>
  <testcase name="service" time="0.073" classname="com.example.java设计模式.单例.Test"/>
  <testcase name="service" time="0.000" classname="com.example.java设计模式.单例.Test"/>
  <testcase name="service" time="1.329" classname="com.example.java设计模式.单例.Test"/>
  <testcase name="service" time="0.000" classname="com.example.java设计模式.单例.Test"/>
  <testcase name="service" time="0.000" classname="com.example.java设计模式.单例.Test"/>
  <testcase name="service" time="0.000" classname="com.example.java设计模式.单例.Test"/>
  <testcase name="service" time="0.467" classname="com.example.java设计模式.单例.Test"/>
  <testcase name="service" time="0.001" classname="com.example.java设计模式.单例.Test"/>
  <testcase name="service" time="0.810" classname="com.example.java设计模式.单例.Test"/>
  <testcase name="service" time="0.130" classname="com.example.java设计模式.单例.Test"/>
  <testcase name="service" time="0.337" classname="com.example.java设计模式.单例.Test"/>
  <testcase name="service" time="0.342" classname="com.example.java设计模式.单例.Test"/>
  <testcase name="service" time="0.049" classname="com.example.java设计模式.单例.Test"/>
  <testcase name="service" time="0.000" classname="com.example.java设计模式.单例.Test"/>
  <testcase name="service" time="0.001" classname="com.example.java设计模式.单例.Test"/>
  <testcase name="service" time="0.000" classname="com.example.java设计模式.单例.Test"/>
  <testcase name="service" time="0.001" classname="com.example.java设计模式.单例.Test"/>
  <testcase name="service" time="0.000" classname="com.example.java设计模式.单例.Test"/>
  <testcase name="service" time="0.000" classname="com.example.java设计模式.单例.Test"/>
  <testcase name="service" time="0.416" classname="com.example.java设计模式.单例.Test"/>
  <testcase name="service" time="0.000" classname="com.example.java设计模式.单例.Test"/>
  <testcase name="service" time="0.000" classname="com.example.java设计模式.单例.Test"/>
  <testcase name="service" time="0.000" classname="com.example.java设计模式.单例.Test"/>
  <testcase name="service" time="0.000" classname="com.example.java设计模式.单例.Test"/>
  <testcase name="service" time="0.206" classname="com.example.java设计模式.单例.Test"/>
  <testcase name="service" time="0.855" classname="com.example.java设计模式.单例.Test"/>
  <testcase name="service" time="64.916" classname="com.example.java设计模式.单例.Test"/>
  <testcase name="service" time="0.000" classname="com.example.java设计模式.单例.Test"/>
  <testcase name="service" time="0.136" classname="com.example.java设计模式.单例.Test"/>
  <testcase name="service" time="0.000" classname="com.example.java设计模式.单例.Test"/>
  <testcase name="service" time="1.030" classname="com.example.java设计模式.单例.Test"/>
  <testcase name="service" time="0.677" classname="com.example.java设计模式.单例.Test"/>
  <testcase name="service" time="0.694" classname="com.example.java设计模式.单例.Test"/>
  <testcase name="service" time="0.000" classname="com.example.java设计模式.单例.Test"/>
  <testcase name="service" time="0.844" classname="com.example.java设计模式.单例.Test"/>
  <testcase name="service" time="0.001" classname="com.example.java设计模式.单例.Test"/>
  <testcase name="service" time="0.032" classname="com.example.java设计模式.单例.Test"/>
  <testcase name="service" time="0.066" classname="com.example.java设计模式.单例.Test"/>
  <testcase name="service" time="0.000" classname="com.example.java设计模式.单例.Test"/>
  <testcase name="service" time="0.716" classname="com.example.java设计模式.单例.Test"/>
  <testcase name="service" time="0.001" classname="com.example.java设计模式.单例.Test"/>
  <testcase name="service" time="7.776" classname="com.example.java设计模式.单例.Test"/>
  <testcase name="service" time="0.181" classname="com.example.java设计模式.单例.Test"/>
  <testcase name="service" time="0.001" classname="com.example.java设计模式.单例.Test"/>
  <testcase name="service" time="0.001" classname="com.example.java设计模式.单例.Test"/>
  <testcase name="service" time="0.532" classname="com.example.java设计模式.单例.Test"/>
  <testcase name="service" time="0.000" classname="com.example.java设计模式.单例.Test"/>
  <testcase name="service" time="0.000" classname="com.example.java设计模式.单例.Test"/>
  <testcase name="service" time="0.000" classname="com.example.java设计模式.单例.Test"/>
  <testcase name="service" time="0.169" classname="com.example.java设计模式.单例.Test"/>
  <testcase name="service" time="0.000" classname="com.example.java设计模式.单例.Test"/>
  <testcase name="service" time="0.000" classname="com.example.java设计模式.单例.Test"/>
  <testcase name="service" time="0.000" classname="com.example.java设计模式.单例.Test"/>
  <testcase name="service" time="64.648" classname="com.example.java设计模式.单例.Test"/>
  <testcase name="service" time="0.167" classname="com.example.java设计模式.单例.Test"/>
  <testcase name="service" time="0.001" classname="com.example.java设计模式.单例.Test"/>
  <testcase name="service" time="0.000" classname="com.example.java设计模式.单例.Test"/>
  <testcase name="service" time="0.000" classname="com.example.java设计模式.单例.Test"/>
  <testcase name="service" time="0.507" classname="com.example.java设计模式.单例.Test"/>
  <testcase name="service" time="0.896" classname="com.example.java设计模式.单例.Test"/>
  <testcase name="service" time="0.232" classname="com.example.java设计模式.单例.Test"/>
  <testcase name="service" time="0.000" classname="com.example.java设计模式.单例.Test"/>
  <testcase name="service" time="0.000" classname="com.example.java设计模式.单例.Test"/>
  <testcase name="service" time="0.001" classname="com.example.java设计模式.单例.Test"/>
  <testcase name="service" time="1.105" classname="com.example.java设计模式.单例.Test"/>
  <testcase name="service" time="0.195" classname="com.example.java设计模式.单例.Test"/>
  <testcase name="service" time="0.148" classname="com.example.java设计模式.单例.Test"/>
  <testcase name="service" time="1.600" classname="com.example.java设计模式.单例.Test"/>
  <testcase name="service" time="0.000" classname="com.example.java设计模式.单例.Test"/>
  <testcase name="service" time="0.000" classname="com.example.java设计模式.单例.Test"/>
  <testcase name="service" time="0.201" classname="com.example.java设计模式.单例.Test"/>
  <testcase name="service" time="0.000" classname="com.example.java设计模式.单例.Test"/>
  <testcase name="service" time="0.000" classname="com.example.java设计模式.单例.Test"/>
  <testcase name="service" time="0.336" classname="com.example.java设计模式.单例.Test"/>
  <testcase name="service" time="0.251" classname="com.example.java设计模式.单例.Test"/>
  <testcase name="service" time="0.000" classname="com.example.java设计模式.单例.Test"/>
  <testcase name="service" time="65.043" classname="com.example.java设计模式.单例.Test"/>
  <testcase name="service" time="0.000" classname="com.example.java设计模式.单例.Test"/>
  <testcase name="service" time="1.319" classname="com.example.java设计模式.单例.Test"/>
  <testcase name="service" time="0.201" classname="com.example.java设计模式.单例.Test"/>
  <testcase name="service" time="6.863" classname="com.example.java设计模式.单例.Test"/>
  <testcase name="service" time="0.077" classname="com.example.java设计模式.单例.Test"/>
  <testcase name="service" time="0.189" classname="com.example.java设计模式.单例.Test"/>
  <testcase name="service" time="0.000" classname="com.example.java设计模式.单例.Test"/>
  <testcase name="service" time="0.000" classname="com.example.java设计模式.单例.Test"/>
  <testcase name="service" time="0.001" classname="com.example.java设计模式.单例.Test"/>
  <testcase name="service" time="0.000" classname="com.example.java设计模式.单例.Test"/>
  <testcase name="service" time="0.322" classname="com.example.java设计模式.单例.Test"/>
  <testcase name="service" time="0.800" classname="com.example.java设计模式.单例.Test"/>
  <testcase name="service" time="0.033" classname="com.example.java设计模式.单例.Test"/>
  <testcase name="service" time="0.000" classname="com.example.java设计模式.单例.Test"/>
  <testcase name="service" time="0.443" classname="com.example.java设计模式.单例.Test"/>
  <testcase name="service" time="0.001" classname="com.example.java设计模式.单例.Test"/>
  <testcase name="service" time="1.106" classname="com.example.java设计模式.单例.Test"/>
  <testcase name="service" time="0.000" classname="com.example.java设计模式.单例.Test"/>
  <testcase name="service" time="1.187" classname="com.example.java设计模式.单例.Test"/>
  <testcase name="service" time="1.266" classname="com.example.java设计模式.单例.Test"/>
  <testcase name="service" time="0.689" classname="com.example.java设计模式.单例.Test"/>
  <testcase name="service" time="0.000" classname="com.example.java设计模式.单例.Test"/>
  <testcase name="service" time="0.001" classname="com.example.java设计模式.单例.Test"/>
  <testcase name="service" time="7.898" classname="com.example.java设计模式.单例.Test"/>
  <testcase name="service" time="0.133" classname="com.example.java设计模式.单例.Test"/>
  <testcase name="service" time="0.001" classname="com.example.java设计模式.单例.Test"/>
  <testcase name="service" time="0.485" classname="com.example.java设计模式.单例.Test"/>
  <testcase name="service" time="0.718" classname="com.example.java设计模式.单例.Test"/>
  <testcase name="service" time="0.227" classname="com.example.java设计模式.单例.Test"/>
  <testcase name="service" time="0.002" classname="com.example.java设计模式.单例.Test"/>
  <testcase name="service" time="0.000" classname="com.example.java设计模式.单例.Test"/>
  <testcase name="service" time="0.326" classname="com.example.java设计模式.单例.Test"/>
  <testcase name="service" time="0.957" classname="com.example.java设计模式.单例.Test"/>
  <testcase name="service" time="0.183" classname="com.example.java设计模式.单例.Test"/>
  <testcase name="service" time="0.000" classname="com.example.java设计模式.单例.Test"/>
  <testcase name="service" time="64.861" classname="com.example.java设计模式.单例.Test"/>
  <testcase name="service" time="0.000" classname="com.example.java设计模式.单例.Test"/>
  <testcase name="service" time="0.001" classname="com.example.java设计模式.单例.Test"/>
  <testcase name="service" time="0.280" classname="com.example.java设计模式.单例.Test"/>
  <testcase name="service" time="0.001" classname="com.example.java设计模式.单例.Test"/>
  <testcase name="service" time="0.001" classname="com.example.java设计模式.单例.Test"/>
  <testcase name="service" time="0.000" classname="com.example.java设计模式.单例.Test"/>
  <testcase name="service" time="0.000" classname="com.example.java设计模式.单例.Test"/>
  <testcase name="service" time="0.001" classname="com.example.java设计模式.单例.Test"/>
  <testcase name="service" time="0.146" classname="com.example.java设计模式.单例.Test"/>
  <testcase name="service" time="0.000" classname="com.example.java设计模式.单例.Test"/>
  <testcase name="service" time="0.000" classname="com.example.java设计模式.单例.Test"/>
  <testcase name="service" time="64.978" classname="com.example.java设计模式.单例.Test"/>
  <testcase name="service" time="0.260" classname="com.example.java设计模式.单例.Test"/>
  <testcase name="service" time="1.120" classname="com.example.java设计模式.单例.Test"/>
  <testcase name="service" time="0.238" classname="com.example.java设计模式.单例.Test"/>
  <testcase name="service" time="0.000" classname="com.example.java设计模式.单例.Test"/>
  <testcase name="service" time="0.001" classname="com.example.java设计模式.单例.Test"/>
  <testcase name="service" time="6.700" classname="com.example.java设计模式.单例.Test"/>
  <testcase name="service" time="0.000" classname="com.example.java设计模式.单例.Test"/>
  <testcase name="service" time="0.573" classname="com.example.java设计模式.单例.Test"/>
  <testcase name="service" time="1.010" classname="com.example.java设计模式.单例.Test"/>
  <testcase name="service" time="0.000" classname="com.example.java设计模式.单例.Test"/>
  <testcase name="service" time="0.000" classname="com.example.java设计模式.单例.Test"/>
  <testcase name="service" time="0.000" classname="com.example.java设计模式.单例.Test"/>
  <testcase name="service" time="6.187" classname="com.example.java设计模式.单例.Test"/>
  <testcase name="service" time="0.000" classname="com.example.java设计模式.单例.Test"/>
  <testcase name="service" time="0.000" classname="com.example.java设计模式.单例.Test"/>
  <testcase name="service" time="0.000" classname="com.example.java设计模式.单例.Test"/>
  <testcase name="service" time="8.155" classname="com.example.java设计模式.单例.Test"/>
  <testcase name="service" time="0.330" classname="com.example.java设计模式.单例.Test"/>
  <testcase name="service" time="0.001" classname="com.example.java设计模式.单例.Test"/>
  <testcase name="service" time="0.765" classname="com.example.java设计模式.单例.Test"/>
  <testcase name="service" time="0.000" classname="com.example.java设计模式.单例.Test"/>
  <testcase name="service" time="0.000" classname="com.example.java设计模式.单例.Test"/>
  <testcase name="service" time="0.259" classname="com.example.java设计模式.单例.Test"/>
  <testcase name="service" time="64.742" classname="com.example.java设计模式.单例.Test"/>
  <testcase name="service" time="0.000" classname="com.example.java设计模式.单例.Test"/>
  <testcase name="service" time="6.346" classname="com.example.java设计模式.单例.Test"/>
  <testcase name="service" time="0.104" classname="com.example.java设计模式.单例.Test"/>
  <testcase name="service" time="0.000" classname="com.example.java设计模式.单例.Test"/>
  <testcase name="service" time="7.785" classname="com.example.java设计模式.单例.Test"/>
  <testcase name="service" time="0.000" classname="com.example.java设计模式.单例.Test"/>
  <testcase name="service" time="0.243" classname="com.example.java设计模式.单例.Test"/>
  <testcase name="service" time="0.001" classname="com.example.java设计模式.单例.Test"/>
  <testcase name="service" time="0.119" classname="com.example.java设计模式.单例.Test"/>
  <testcase name="service" time="0.097" classname="com.example.java设计模式.单例.Test"/>
  <testcase name="service" time="0.000" classname="com.example.java设计模式.单例.Test"/>
  <testcase name="service" time="0.000" classname="com.example.java设计模式.单例.Test"/>
  <testcase name="service" time="0.000" classname="com.example.java设计模式.单例.Test"/>
  <testcase name="service" time="0.000" classname="com.example.java设计模式.单例.Test"/>
  <testcase name="service" time="0.129" classname="com.example.java设计模式.单例.Test"/>
  <testcase name="service" time="0.000" classname="com.example.java设计模式.单例.Test"/>
  <testcase name="service" time="6.152" classname="com.example.java设计模式.单例.Test"/>
  <testcase name="service" time="1.012" classname="com.example.java设计模式.单例.Test"/>
  <testcase name="service" time="0.001" classname="com.example.java设计模式.单例.Test"/>
  <testcase name="service" time="0.000" classname="com.example.java设计模式.单例.Test"/>
  <testcase name="service" time="0.000" classname="com.example.java设计模式.单例.Test"/>
  <testcase name="service" time="0.000" classname="com.example.java设计模式.单例.Test"/>
  <testcase name="service" time="0.097" classname="com.example.java设计模式.单例.Test"/>
  <testcase name="service" time="0.000" classname="com.example.java设计模式.单例.Test"/>
  <testcase name="service" time="0.000" classname="com.example.java设计模式.单例.Test"/>
  <testcase name="service" time="0.133" classname="com.example.java设计模式.单例.Test"/>
  <testcase name="service" time="0.000" classname="com.example.java设计模式.单例.Test"/>
  <testcase name="service" time="0.721" classname="com.example.java设计模式.单例.Test"/>
  <testcase name="service" time="0.000" classname="com.example.java设计模式.单例.Test"/>
  <testcase name="service" time="0.000" classname="com.example.java设计模式.单例.Test"/>
  <testcase name="service" time="0.000" classname="com.example.java设计模式.单例.Test"/>
  <testcase name="service" time="0.001" classname="com.example.java设计模式.单例.Test"/>
  <testcase name="service" time="0.265" classname="com.example.java设计模式.单例.Test"/>
  <testcase name="service" time="0.000" classname="com.example.java设计模式.单例.Test"/>
  <testcase name="service" time="0.095" classname="com.example.java设计模式.单例.Test"/>
  <testcase name="service" time="0.690" classname="com.example.java设计模式.单例.Test"/>
  <testcase name="service" time="0.375" classname="com.example.java设计模式.单例.Test"/>
  <testcase name="service" time="0.000" classname="com.example.java设计模式.单例.Test"/>
  <testcase name="service" time="0.001" classname="com.example.java设计模式.单例.Test"/>
  <testcase name="service" time="1.480" classname="com.example.java设计模式.单例.Test"/>
  <testcase name="service" time="0.000" classname="com.example.java设计模式.单例.Test"/>
  <testcase name="service" time="1.439" classname="com.example.java设计模式.单例.Test"/>
  <testcase name="service" time="0.805" classname="com.example.java设计模式.单例.Test"/>
  <testcase name="service" time="7.734" classname="com.example.java设计模式.单例.Test"/>
  <testcase name="service" time="0.003" classname="com.example.java设计模式.单例.Test"/>
  <testcase name="service" time="0.001" classname="com.example.java设计模式.单例.Test"/>
  <testcase name="service" time="0.000" classname="com.example.java设计模式.单例.Test"/>
  <testcase name="service" time="0.001" classname="com.example.java设计模式.单例.Test"/>
  <testcase name="service" time="0.000" classname="com.example.java设计模式.单例.Test"/>
  <testcase name="service" time="0.114" classname="com.example.java设计模式.单例.Test"/>
  <testcase name="service" time="0.175" classname="com.example.java设计模式.单例.Test"/>
  <testcase name="service" time="0.922" classname="com.example.java设计模式.单例.Test"/>
  <testcase name="service" time="0.386" classname="com.example.java设计模式.单例.Test"/>
  <testcase name="service" time="1.203" classname="com.example.java设计模式.单例.Test"/>
  <testcase name="service" time="0.000" classname="com.example.java设计模式.单例.Test"/>
  <testcase name="service" time="0.001" classname="com.example.java设计模式.单例.Test"/>
  <testcase name="service" time="0.000" classname="com.example.java设计模式.单例.Test"/>
  <testcase name="service" time="0.000" classname="com.example.java设计模式.单例.Test"/>
  <testcase name="service" time="0.001" classname="com.example.java设计模式.单例.Test"/>
  <testcase name="service" time="6.522" classname="com.example.java设计模式.单例.Test"/>
  <testcase name="service" time="0.000" classname="com.example.java设计模式.单例.Test"/>
  <testcase name="service" time="1.321" classname="com.example.java设计模式.单例.Test"/>
  <testcase name="service" time="0.430" classname="com.example.java设计模式.单例.Test"/>
  <testcase name="service" time="0.000" classname="com.example.java设计模式.单例.Test"/>
  <testcase name="service" time="0.000" classname="com.example.java设计模式.单例.Test"/>
  <testcase name="service" time="0.706" classname="com.example.java设计模式.单例.Test"/>
  <testcase name="service" time="0.362" classname="com.example.java设计模式.单例.Test"/>
  <testcase name="service" time="0.000" classname="com.example.java设计模式.单例.Test"/>
  <testcase name="service" time="0.163" classname="com.example.java设计模式.单例.Test"/>
  <testcase name="service" time="0.389" classname="com.example.java设计模式.单例.Test"/>
  <testcase name="service" time="0.381" classname="com.example.java设计模式.单例.Test"/>
  <testcase name="service" time="0.000" classname="com.example.java设计模式.单例.Test"/>
  <testcase name="service" time="0.140" classname="com.example.java设计模式.单例.Test"/>
  <testcase name="service" time="0.001" classname="com.example.java设计模式.单例.Test"/>
  <testcase name="service" time="0.578" classname="com.example.java设计模式.单例.Test"/>
  <testcase name="service" time="0.000" classname="com.example.java设计模式.单例.Test"/>
  <testcase name="service" time="6.183" classname="com.example.java设计模式.单例.Test"/>
  <testcase name="service" time="0.151" classname="com.example.java设计模式.单例.Test"/>
  <testcase name="service" time="0.026" classname="com.example.java设计模式.单例.Test"/>
  <testcase name="service" time="0.000" classname="com.example.java设计模式.单例.Test"/>
  <testcase name="service" time="0.708" classname="com.example.java设计模式.单例.Test"/>
  <testcase name="service" time="0.000" classname="com.example.java设计模式.单例.Test"/>
  <testcase name="service" time="0.000" classname="com.example.java设计模式.单例.Test"/>
  <testcase name="service" time="0.002" classname="com.example.java设计模式.单例.Test"/>
  <testcase name="service" time="7.858" classname="com.example.java设计模式.单例.Test"/>
  <testcase name="service" time="0.000" classname="com.example.java设计模式.单例.Test"/>
  <testcase name="service" time="0.206" classname="com.example.java设计模式.单例.Test"/>
  <testcase name="service" time="0.000" classname="com.example.java设计模式.单例.Test"/>
  <testcase name="service" time="7.765" classname="com.example.java设计模式.单例.Test"/>
  <testcase name="service" time="0.000" classname="com.example.java设计模式.单例.Test"/>
  <testcase name="service" time="0.779" classname="com.example.java设计模式.单例.Test"/>
  <testcase name="service" time="1.412" classname="com.example.java设计模式.单例.Test"/>
  <testcase name="service" time="0.527" classname="com.example.java设计模式.单例.Test"/>
  <testcase name="service" time="0.000" classname="com.example.java设计模式.单例.Test"/>
  <testcase name="service" time="7.476" classname="com.example.java设计模式.单例.Test"/>
  <testcase name="service" time="0.706" classname="com.example.java设计模式.单例.Test"/>
  <testcase name="service" time="0.047" classname="com.example.java设计模式.单例.Test"/>
  <testcase name="service" time="0.000" classname="com.example.java设计模式.单例.Test"/>
  <testcase name="service" time="0.001" classname="com.example.java设计模式.单例.Test"/>
  <testcase name="service" time="0.337" classname="com.example.java设计模式.单例.Test"/>
  <testcase name="service" time="0.000" classname="com.example.java设计模式.单例.Test"/>
  <testcase name="service" time="0.488" classname="com.example.java设计模式.单例.Test"/>
  <testcase name="service" time="0.564" classname="com.example.java设计模式.单例.Test"/>
  <testcase name="service" time="0.972" classname="com.example.java设计模式.单例.Test"/>
  <testcase name="service" time="0.001" classname="com.example.java设计模式.单例.Test"/>
  <testcase name="service" time="0.001" classname="com.example.java设计模式.单例.Test"/>
  <testcase name="service" time="1.035" classname="com.example.java设计模式.单例.Test"/>
  <testcase name="service" time="0.000" classname="com.example.java设计模式.单例.Test"/>
  <testcase name="service" time="0.000" classname="com.example.java设计模式.单例.Test"/>
  <testcase name="service" time="0.000" classname="com.example.java设计模式.单例.Test"/>
  <testcase name="service" time="0.562" classname="com.example.java设计模式.单例.Test"/>
  <testcase name="service" time="0.000" classname="com.example.java设计模式.单例.Test"/>
  <testcase name="service" time="0.000" classname="com.example.java设计模式.单例.Test"/>
  <testcase name="service" time="0.000" classname="com.example.java设计模式.单例.Test"/>
  <testcase name="service" time="0.000" classname="com.example.java设计模式.单例.Test"/>
  <testcase name="service" time="0.000" classname="com.example.java设计模式.单例.Test"/>
  <testcase name="service" time="0.785" classname="com.example.java设计模式.单例.Test"/>
  <testcase name="service" time="0.816" classname="com.example.java设计模式.单例.Test"/>
  <testcase name="service" time="0.001" classname="com.example.java设计模式.单例.Test"/>
  <testcase name="service" time="0.198" classname="com.example.java设计模式.单例.Test"/>
  <testcase name="service" time="0.000" classname="com.example.java设计模式.单例.Test"/>
  <testcase name="service" time="0.738" classname="com.example.java设计模式.单例.Test"/>
  <testcase name="service" time="0.000" classname="com.example.java设计模式.单例.Test"/>
  <testcase name="service" time="0.001" classname="com.example.java设计模式.单例.Test"/>
  <testcase name="service" time="0.000" classname="com.example.java设计模式.单例.Test"/>
  <testcase name="service" time="0.370" classname="com.example.java设计模式.单例.Test"/>
  <testcase name="service" time="0.001" classname="com.example.java设计模式.单例.Test"/>
  <testcase name="service" time="0.000" classname="com.example.java设计模式.单例.Test"/>
  <testcase name="service" time="1.165" classname="com.example.java设计模式.单例.Test"/>
  <testcase name="service" time="0.000" classname="com.example.java设计模式.单例.Test"/>
  <testcase name="service" time="0.928" classname="com.example.java设计模式.单例.Test"/>
  <testcase name="service" time="0.876" classname="com.example.java设计模式.单例.Test"/>
  <testcase name="service" time="0.001" classname="com.example.java设计模式.单例.Test"/>
  <testcase name="service" time="0.000" classname="com.example.java设计模式.单例.Test"/>
  <testcase name="service" time="0.748" classname="com.example.java设计模式.单例.Test"/>
  <testcase name="service" time="0.002" classname="com.example.java设计模式.单例.Test"/>
  <testcase name="service" time="0.862" classname="com.example.java设计模式.单例.Test"/>
  <testcase name="service" time="0.058" classname="com.example.java设计模式.单例.Test"/>
  <testcase name="service" time="0.000" classname="com.example.java设计模式.单例.Test"/>
  <testcase name="service" time="0.000" classname="com.example.java设计模式.单例.Test"/>
  <testcase name="service" time="0.946" classname="com.example.java设计模式.单例.Test"/>
  <testcase name="service" time="0.000" classname="com.example.java设计模式.单例.Test"/>
  <testcase name="service" time="0.000" classname="com.example.java设计模式.单例.Test"/>
  <testcase name="service" time="0.064" classname="com.example.java设计模式.单例.Test"/>
  <testcase name="service" time="0.929" classname="com.example.java设计模式.单例.Test"/>
  <testcase name="service" time="0.000" classname="com.example.java设计模式.单例.Test"/>
  <testcase name="service" time="0.000" classname="com.example.java设计模式.单例.Test"/>
  <testcase name="service" time="0.000" classname="com.example.java设计模式.单例.Test"/>
  <testcase name="service" time="0.011" classname="com.example.java设计模式.单例.Test"/>
  <testcase name="service" time="0.000" classname="com.example.java设计模式.单例.Test"/>
  <testcase name="service" time="0.243" classname="com.example.java设计模式.单例.Test"/>
  <testcase name="service" time="0.001" classname="com.example.java设计模式.单例.Test"/>
  <testcase name="service" time="0.000" classname="com.example.java设计模式.单例.Test"/>
  <testcase name="service" time="0.000" classname="com.example.java设计模式.单例.Test"/>
  <testcase name="service" time="0.000" classname="com.example.java设计模式.单例.Test"/>
  <testcase name="service" time="0.001" classname="com.example.java设计模式.单例.Test"/>
  <testcase name="service" time="0.000" classname="com.example.java设计模式.单例.Test"/>
  <testcase name="service" time="0.133" classname="com.example.java设计模式.单例.Test"/>
  <testcase name="service" time="0.000" classname="com.example.java设计模式.单例.Test"/>
  <testcase name="service" time="8.285" classname="com.example.java设计模式.单例.Test"/>
  <testcase name="service" time="0.001" classname="com.example.java设计模式.单例.Test"/>
  <testcase name="service" time="0.001" classname="com.example.java设计模式.单例.Test"/>
  <testcase name="service" time="6.323" classname="com.example.java设计模式.单例.Test"/>
  <testcase name="service" time="0.000" classname="com.example.java设计模式.单例.Test"/>
  <testcase name="service" time="0.000" classname="com.example.java设计模式.单例.Test"/>
  <testcase name="service" time="64.971" classname="com.example.java设计模式.单例.Test"/>
  <testcase name="service" time="0.000" classname="com.example.java设计模式.单例.Test"/>
  <testcase name="service" time="6.523" classname="com.example.java设计模式.单例.Test"/>
  <testcase name="service" time="0.000" classname="com.example.java设计模式.单例.Test"/>
  <testcase name="service" time="6.669" classname="com.example.java设计模式.单例.Test"/>
  <testcase name="service" time="64.954" classname="com.example.java设计模式.单例.Test"/>
  <testcase name="service" time="0.000" classname="com.example.java设计模式.单例.Test"/>
  <testcase name="service" time="0.000" classname="com.example.java设计模式.单例.Test"/>
  <testcase name="service" time="0.000" classname="com.example.java设计模式.单例.Test"/>
  <testcase name="service" time="1.129" classname="com.example.java设计模式.单例.Test"/>
  <testcase name="service" time="0.000" classname="com.example.java设计模式.单例.Test"/>
  <testcase name="service" time="0.000" classname="com.example.java设计模式.单例.Test"/>
  <testcase name="service" time="0.001" classname="com.example.java设计模式.单例.Test"/>
  <testcase name="service" time="0.335" classname="com.example.java设计模式.单例.Test"/>
  <testcase name="service" time="0.000" classname="com.example.java设计模式.单例.Test"/>
  <testcase name="service" time="0.162" classname="com.example.java设计模式.单例.Test"/>
  <testcase name="service" time="0.000" classname="com.example.java设计模式.单例.Test"/>
  <testcase name="service" time="64.952" classname="com.example.java设计模式.单例.Test"/>
  <testcase name="service" time="0.287" classname="com.example.java设计模式.单例.Test"/>
  <testcase name="service" time="0.001" classname="com.example.java设计模式.单例.Test"/>
  <testcase name="service" time="0.000" classname="com.example.java设计模式.单例.Test"/>
  <testcase name="service" time="0.082" classname="com.example.java设计模式.单例.Test"/>
  <testcase name="service" time="0.563" classname="com.example.java设计模式.单例.Test"/>
  <testcase name="service" time="64.633" classname="com.example.java设计模式.单例.Test"/>
  <testcase name="service" time="0.273" classname="com.example.java设计模式.单例.Test"/>
  <testcase name="service" time="0.001" classname="com.example.java设计模式.单例.Test"/>
  <testcase name="service" time="6.585" classname="com.example.java设计模式.单例.Test"/>
  <testcase name="service" time="8.123" classname="com.example.java设计模式.单例.Test"/>
  <testcase name="service" time="0.000" classname="com.example.java设计模式.单例.Test"/>
  <testcase name="service" time="0.000" classname="com.example.java设计模式.单例.Test"/>
  <testcase name="service" time="0.283" classname="com.example.java设计模式.单例.Test"/>
  <testcase name="service" time="0.000" classname="com.example.java设计模式.单例.Test"/>
  <testcase name="service" time="0.001" classname="com.example.java设计模式.单例.Test"/>
  <testcase name="service" time="5.513" classname="com.example.java设计模式.单例.Test"/>
  <testcase name="service" time="0.000" classname="com.example.java设计模式.单例.Test"/>
  <testcase name="service" time="8.295" classname="com.example.java设计模式.单例.Test"/>
  <testcase name="service" time="0.000" classname="com.example.java设计模式.单例.Test"/>
  <testcase name="service" time="0.100" classname="com.example.java设计模式.单例.Test"/>
  <testcase name="service" time="64.913" classname="com.example.java设计模式.单例.Test"/>
  <testcase name="service" time="64.684" classname="com.example.java设计模式.单例.Test"/>
  <testcase name="service" time="0.000" classname="com.example.java设计模式.单例.Test"/>
  <testcase name="service" time="0.170" classname="com.example.java设计模式.单例.Test"/>
  <testcase name="service" time="0.001" classname="com.example.java设计模式.单例.Test"/>
  <testcase name="service" time="0.000" classname="com.example.java设计模式.单例.Test"/>
  <testcase name="service" time="0.001" classname="com.example.java设计模式.单例.Test"/>
  <testcase name="service" time="0.000" classname="com.example.java设计模式.单例.Test"/>
  <testcase name="service" time="0.001" classname="com.example.java设计模式.单例.Test"/>
  <testcase name="service" time="0.000" classname="com.example.java设计模式.单例.Test"/>
  <testcase name="service" time="0.020" classname="com.example.java设计模式.单例.Test"/>
  <testcase name="service" time="0.454" classname="com.example.java设计模式.单例.Test"/>
  <testcase name="service" time="0.000" classname="com.example.java设计模式.单例.Test"/>
  <testcase name="service" time="0.001" classname="com.example.java设计模式.单例.Test"/>
  <testcase name="service" time="0.001" classname="com.example.java设计模式.单例.Test"/>
  <testcase name="service" time="0.000" classname="com.example.java设计模式.单例.Test"/>
  <testcase name="service" time="0.000" classname="com.example.java设计模式.单例.Test"/>
  <testcase name="service" time="0.209" classname="com.example.java设计模式.单例.Test"/>
  <testcase name="service" time="0.000" classname="com.example.java设计模式.单例.Test"/>
  <testcase name="service" time="6.372" classname="com.example.java设计模式.单例.Test"/>
  <testcase name="service" time="0.000" classname="com.example.java设计模式.单例.Test"/>
  <testcase name="service" time="0.000" classname="com.example.java设计模式.单例.Test"/>
  <testcase name="service" time="64.686" classname="com.example.java设计模式.单例.Test"/>
  <testcase name="service" time="0.000" classname="com.example.java设计模式.单例.Test"/>
  <testcase name="service" time="1.100" classname="com.example.java设计模式.单例.Test"/>
  <testcase name="service" time="0.000" classname="com.example.java设计模式.单例.Test"/>
  <testcase name="service" time="0.000" classname="com.example.java设计模式.单例.Test"/>
  <testcase name="service" time="0.001" classname="com.example.java设计模式.单例.Test"/>
  <testcase name="service" time="0.000" classname="com.example.java设计模式.单例.Test"/>
  <testcase name="service" time="6.823" classname="com.example.java设计模式.单例.Test"/>
  <testcase name="service" time="0.000" classname="com.example.java设计模式.单例.Test"/>
  <testcase name="service" time="0.000" classname="com.example.java设计模式.单例.Test"/>
  <testcase name="service" time="0.000" classname="com.example.java设计模式.单例.Test"/>
  <testcase name="service" time="0.000" classname="com.example.java设计模式.单例.Test"/>
  <testcase name="service" time="0.854" classname="com.example.java设计模式.单例.Test"/>
  <testcase name="service" time="0.001" classname="com.example.java设计模式.单例.Test"/>
  <testcase name="service" time="8.305" classname="com.example.java设计模式.单例.Test"/>
  <testcase name="service" time="0.000" classname="com.example.java设计模式.单例.Test"/>
  <testcase name="service" time="65.039" classname="com.example.java设计模式.单例.Test"/>
  <testcase name="service" time="0.186" classname="com.example.java设计模式.单例.Test"/>
  <testcase name="service" time="0.809" classname="com.example.java设计模式.单例.Test"/>
  <testcase name="service" time="0.000" classname="com.example.java设计模式.单例.Test"/>
  <testcase name="service" time="0.901" classname="com.example.java设计模式.单例.Test"/>
  <testcase name="service" time="0.795" classname="com.example.java设计模式.单例.Test"/>
  <testcase name="service" time="0.457" classname="com.example.java设计模式.单例.Test"/>
  <testcase name="service" time="0.252" classname="com.example.java设计模式.单例.Test"/>
  <testcase name="service" time="0.000" classname="com.example.java设计模式.单例.Test"/>
  <testcase name="service" time="0.000" classname="com.example.java设计模式.单例.Test"/>
  <testcase name="service" time="0.265" classname="com.example.java设计模式.单例.Test"/>
  <testcase name="service" time="6.843" classname="com.example.java设计模式.单例.Test"/>
  <testcase name="service" time="6.540" classname="com.example.java设计模式.单例.Test"/>
  <testcase name="service" time="0.000" classname="com.example.java设计模式.单例.Test"/>
  <testcase name="service" time="0.000" classname="com.example.java设计模式.单例.Test"/>
  <testcase name="service" time="0.001" classname="com.example.java设计模式.单例.Test"/>
  <testcase name="service" time="0.000" classname="com.example.java设计模式.单例.Test"/>
  <testcase name="service" time="0.060" classname="com.example.java设计模式.单例.Test"/>
  <testcase name="service" time="6.685" classname="com.example.java设计模式.单例.Test"/>
  <testcase name="service" time="0.001" classname="com.example.java设计模式.单例.Test"/>
  <testcase name="service" time="0.366" classname="com.example.java设计模式.单例.Test"/>
  <testcase name="service" time="0.000" classname="com.example.java设计模式.单例.Test"/>
  <testcase name="service" time="6.722" classname="com.example.java设计模式.单例.Test"/>
  <testcase name="service" time="0.000" classname="com.example.java设计模式.单例.Test"/>
  <testcase name="service" time="0.147" classname="com.example.java设计模式.单例.Test"/>
  <testcase name="service" time="0.001" classname="com.example.java设计模式.单例.Test"/>
  <testcase name="service" time="0.527" classname="com.example.java设计模式.单例.Test"/>
  <testcase name="service" time="0.000" classname="com.example.java设计模式.单例.Test"/>
  <testcase name="service" time="0.342" classname="com.example.java设计模式.单例.Test"/>
  <testcase name="service" time="0.000" classname="com.example.java设计模式.单例.Test"/>
  <testcase name="service" time="0.000" classname="com.example.java设计模式.单例.Test"/>
  <testcase name="service" time="0.202" classname="com.example.java设计模式.单例.Test"/>
  <testcase name="service" time="0.429" classname="com.example.java设计模式.单例.Test"/>
  <testcase name="service" time="1.469" classname="com.example.java设计模式.单例.Test"/>
  <testcase name="service" time="0.795" classname="com.example.java设计模式.单例.Test"/>
  <testcase name="service" time="0.181" classname="com.example.java设计模式.单例.Test"/>
  <testcase name="service" time="0.176" classname="com.example.java设计模式.单例.Test"/>
  <testcase name="service" time="0.000" classname="com.example.java设计模式.单例.Test"/>
  <testcase name="service" time="0.000" classname="com.example.java设计模式.单例.Test"/>
  <testcase name="service" time="0.001" classname="com.example.java设计模式.单例.Test"/>
  <testcase name="service" time="1.341" classname="com.example.java设计模式.单例.Test"/>
  <testcase name="service" time="0.000" classname="com.example.java设计模式.单例.Test"/>
  <testcase name="service" time="1.331" classname="com.example.java设计模式.单例.Test"/>
  <testcase name="service" time="0.001" classname="com.example.java设计模式.单例.Test"/>
  <testcase name="service" time="0.000" classname="com.example.java设计模式.单例.Test"/>
  <testcase name="service" time="0.000" classname="com.example.java设计模式.单例.Test"/>
  <testcase name="service" time="1.206" classname="com.example.java设计模式.单例.Test"/>
  <testcase name="service" time="1.106" classname="com.example.java设计模式.单例.Test"/>
  <testcase name="service" time="0.354" classname="com.example.java设计模式.单例.Test"/>
  <testcase name="service" time="0.000" classname="com.example.java设计模式.单例.Test"/>
  <testcase name="service" time="8.065" classname="com.example.java设计模式.单例.Test"/>
  <testcase name="service" time="0.000" classname="com.example.java设计模式.单例.Test"/>
  <testcase name="service" time="0.791" classname="com.example.java设计模式.单例.Test"/>
  <testcase name="service" time="0.968" classname="com.example.java设计模式.单例.Test"/>
  <testcase name="service" time="0.000" classname="com.example.java设计模式.单例.Test"/>
  <testcase name="service" time="0.198" classname="com.example.java设计模式.单例.Test"/>
  <testcase name="service" time="0.032" classname="com.example.java设计模式.单例.Test"/>
  <testcase name="service" time="1.210" classname="com.example.java设计模式.单例.Test"/>
  <testcase name="service" time="0.160" classname="com.example.java设计模式.单例.Test"/>
  <testcase name="service" time="0.001" classname="com.example.java设计模式.单例.Test"/>
  <testcase name="service" time="0.977" classname="com.example.java设计模式.单例.Test"/>
  <testcase name="service" time="0.000" classname="com.example.java设计模式.单例.Test"/>
  <testcase name="service" time="6.340" classname="com.example.java设计模式.单例.Test"/>
  <testcase name="service" time="0.000" classname="com.example.java设计模式.单例.Test"/>
  <testcase name="service" time="0.000" classname="com.example.java设计模式.单例.Test"/>
  <testcase name="service" time="0.000" classname="com.example.java设计模式.单例.Test"/>
  <testcase name="service" time="0.001" classname="com.example.java设计模式.单例.Test"/>
  <testcase name="service" time="0.000" classname="com.example.java设计模式.单例.Test"/>
  <testcase name="service" time="0.000" classname="com.example.java设计模式.单例.Test"/>
  <testcase name="service" time="0.000" classname="com.example.java设计模式.单例.Test"/>
  <testcase name="service" time="0.002" classname="com.example.java设计模式.单例.Test"/>
  <testcase name="service" time="5.124" classname="com.example.java设计模式.单例.Test"/>
  <testcase name="service" time="0.001" classname="com.example.java设计模式.单例.Test"/>
  <testcase name="service" time="0.710" classname="com.example.java设计模式.单例.Test"/>
  <testcase name="service" time="6.324" classname="com.example.java设计模式.单例.Test"/>
  <testcase name="service" time="0.235" classname="com.example.java设计模式.单例.Test"/>
  <testcase name="service" time="64.926" classname="com.example.java设计模式.单例.Test"/>
  <testcase name="service" time="0.406" classname="com.example.java设计模式.单例.Test"/>
  <testcase name="service" time="64.504" classname="com.example.java设计模式.单例.Test"/>
  <testcase name="service" time="0.432" classname="com.example.java设计模式.单例.Test"/>
  <testcase name="service" time="1.279" classname="com.example.java设计模式.单例.Test"/>
  <testcase name="service" time="0.026" classname="com.example.java设计模式.单例.Test"/>
  <testcase name="service" time="1.199" classname="com.example.java设计模式.单例.Test"/>
  <testcase name="service" time="0.483" classname="com.example.java设计模式.单例.Test"/>
  <testcase name="service" time="0.500" classname="com.example.java设计模式.单例.Test"/>
  <testcase name="service" time="0.000" classname="com.example.java设计模式.单例.Test"/>
  <testcase name="service" time="7.782" classname="com.example.java设计模式.单例.Test"/>
  <testcase name="service" time="65.050" classname="com.example.java设计模式.单例.Test"/>
  <testcase name="service" time="0.000" classname="com.example.java设计模式.单例.Test"/>
  <testcase name="service" time="0.000" classname="com.example.java设计模式.单例.Test"/>
  <testcase name="service" time="0.880" classname="com.example.java设计模式.单例.Test"/>
  <testcase name="service" time="65.018" classname="com.example.java设计模式.单例.Test"/>
  <testcase name="service" time="0.000" classname="com.example.java设计模式.单例.Test"/>
  <testcase name="service" time="0.855" classname="com.example.java设计模式.单例.Test"/>
  <testcase name="service" time="0.000" classname="com.example.java设计模式.单例.Test"/>
  <testcase name="service" time="0.000" classname="com.example.java设计模式.单例.Test"/>
  <testcase name="service" time="0.001" classname="com.example.java设计模式.单例.Test"/>
  <testcase name="service" time="0.102" classname="com.example.java设计模式.单例.Test"/>
  <testcase name="service" time="0.000" classname="com.example.java设计模式.单例.Test"/>
  <testcase name="service" time="0.001" classname="com.example.java设计模式.单例.Test"/>
  <testcase name="service" time="0.000" classname="com.example.java设计模式.单例.Test"/>
  <testcase name="service" time="0.364" classname="com.example.java设计模式.单例.Test"/>
  <testcase name="service" time="0.000" classname="com.example.java设计模式.单例.Test"/>
  <testcase name="service" time="0.000" classname="com.example.java设计模式.单例.Test"/>
  <testcase name="service" time="0.000" classname="com.example.java设计模式.单例.Test"/>
  <testcase name="service" time="0.000" classname="com.example.java设计模式.单例.Test"/>
  <testcase name="service" time="0.000" classname="com.example.java设计模式.单例.Test"/>
  <testcase name="service" time="0.204" classname="com.example.java设计模式.单例.Test"/>
  <testcase name="service" time="0.000" classname="com.example.java设计模式.单例.Test"/>
  <testcase name="service" time="0.000" classname="com.example.java设计模式.单例.Test"/>
  <testcase name="service" time="0.000" classname="com.example.java设计模式.单例.Test"/>
  <testcase name="service" time="0.689" classname="com.example.java设计模式.单例.Test"/>
  <testcase name="service" time="0.000" classname="com.example.java设计模式.单例.Test"/>
  <testcase name="service" time="1.200" classname="com.example.java设计模式.单例.Test"/>
  <testcase name="service" time="0.000" classname="com.example.java设计模式.单例.Test"/>
  <testcase name="service" time="0.163" classname="com.example.java设计模式.单例.Test"/>
  <testcase name="service" time="64.628" classname="com.example.java设计模式.单例.Test"/>
  <testcase name="service" time="0.000" classname="com.example.java设计模式.单例.Test"/>
  <testcase name="service" time="0.000" classname="com.example.java设计模式.单例.Test"/>
  <testcase name="service" time="0.000" classname="com.example.java设计模式.单例.Test"/>
  <testcase name="service" time="0.235" classname="com.example.java设计模式.单例.Test"/>
  <testcase name="service" time="6.299" classname="com.example.java设计模式.单例.Test"/>
  <testcase name="service" time="0.000" classname="com.example.java设计模式.单例.Test"/>
  <testcase name="service" time="0.001" classname="com.example.java设计模式.单例.Test"/>
  <testcase name="service" time="0.001" classname="com.example.java设计模式.单例.Test"/>
  <testcase name="service" time="0.327" classname="com.example.java设计模式.单例.Test"/>
  <testcase name="service" time="0.796" classname="com.example.java设计模式.单例.Test"/>
  <testcase name="service" time="0.001" classname="com.example.java设计模式.单例.Test"/>
  <testcase name="service" time="0.156" classname="com.example.java设计模式.单例.Test"/>
  <testcase name="service" time="0.000" classname="com.example.java设计模式.单例.Test"/>
  <testcase name="service" time="0.001" classname="com.example.java设计模式.单例.Test"/>
  <testcase name="service" time="0.000" classname="com.example.java设计模式.单例.Test"/>
  <testcase name="service" time="0.001" classname="com.example.java设计模式.单例.Test"/>
  <testcase name="service" time="0.000" classname="com.example.java设计模式.单例.Test"/>
  <testcase name="service" time="0.000" classname="com.example.java设计模式.单例.Test"/>
  <testcase name="service" time="0.167" classname="com.example.java设计模式.单例.Test"/>
  <testcase name="service" time="0.002" classname="com.example.java设计模式.单例.Test"/>
  <testcase name="service" time="0.138" classname="com.example.java设计模式.单例.Test"/>
  <testcase name="service" time="0.018" classname="com.example.java设计模式.单例.Test"/>
  <testcase name="service" time="0.233" classname="com.example.java设计模式.单例.Test"/>
  <testcase name="service" time="0.000" classname="com.example.java设计模式.单例.Test"/>
  <testcase name="service" time="0.000" classname="com.example.java设计模式.单例.Test"/>
  <testcase name="service" time="7.775" classname="com.example.java设计模式.单例.Test"/>
  <testcase name="service" time="0.115" classname="com.example.java设计模式.单例.Test"/>
  <testcase name="service" time="0.000" classname="com.example.java设计模式.单例.Test"/>
  <testcase name="service" time="1.063" classname="com.example.java设计模式.单例.Test"/>
  <testcase name="service" time="0.450" classname="com.example.java设计模式.单例.Test"/>
  <testcase name="service" time="0.109" classname="com.example.java设计模式.单例.Test"/>
  <testcase name="service" time="0.001" classname="com.example.java设计模式.单例.Test"/>
  <testcase name="service" time="64.903" classname="com.example.java设计模式.单例.Test"/>
  <testcase name="service" time="1.358" classname="com.example.java设计模式.单例.Test"/>
  <testcase name="service" time="0.693" classname="com.example.java设计模式.单例.Test"/>
  <testcase name="service" time="0.000" classname="com.example.java设计模式.单例.Test"/>
  <testcase name="service" time="0.035" classname="com.example.java设计模式.单例.Test"/>
  <testcase name="service" time="64.630" classname="com.example.java设计模式.单例.Test"/>
  <testcase name="service" time="0.000" classname="com.example.java设计模式.单例.Test"/>
  <testcase name="service" time="0.000" classname="com.example.java设计模式.单例.Test"/>
  <testcase name="service" time="0.001" classname="com.example.java设计模式.单例.Test"/>
  <testcase name="service" time="0.001" classname="com.example.java设计模式.单例.Test"/>
  <testcase name="service" time="0.000" classname="com.example.java设计模式.单例.Test"/>
  <testcase name="service" time="0.000" classname="com.example.java设计模式.单例.Test"/>
  <testcase name="service" time="0.796" classname="com.example.java设计模式.单例.Test"/>
  <testcase name="service" time="0.000" classname="com.example.java设计模式.单例.Test"/>
  <testcase name="service" time="0.000" classname="com.example.java设计模式.单例.Test"/>
  <testcase name="service" time="0.000" classname="com.example.java设计模式.单例.Test"/>
  <testcase name="service" time="0.002" classname="com.example.java设计模式.单例.Test"/>
  <testcase name="service" time="0.000" classname="com.example.java设计模式.单例.Test"/>
  <testcase name="service" time="0.001" classname="com.example.java设计模式.单例.Test"/>
  <testcase name="service" time="0.242" classname="com.example.java设计模式.单例.Test"/>
  <testcase name="service" time="0.000" classname="com.example.java设计模式.单例.Test"/>
  <testcase name="service" time="0.000" classname="com.example.java设计模式.单例.Test"/>
  <testcase name="service" time="0.261" classname="com.example.java设计模式.单例.Test"/>
  <testcase name="service" time="0.000" classname="com.example.java设计模式.单例.Test"/>
  <testcase name="service" time="0.001" classname="com.example.java设计模式.单例.Test"/>
  <testcase name="service" time="0.446" classname="com.example.java设计模式.单例.Test"/>
  <testcase name="service" time="0.233" classname="com.example.java设计模式.单例.Test"/>
  <testcase name="service" time="0.386" classname="com.example.java设计模式.单例.Test"/>
  <testcase name="service" time="0.237" classname="com.example.java设计模式.单例.Test"/>
  <testcase name="service" time="0.106" classname="com.example.java设计模式.单例.Test"/>
  <testcase name="service" time="0.343" classname="com.example.java设计模式.单例.Test"/>
  <testcase name="service" time="0.988" classname="com.example.java设计模式.单例.Test"/>
  <testcase name="service" time="64.895" classname="com.example.java设计模式.单例.Test"/>
  <testcase name="service" time="0.001" classname="com.example.java设计模式.单例.Test"/>
  <testcase name="service" time="0.000" classname="com.example.java设计模式.单例.Test"/>
  <testcase name="service" time="1.534" classname="com.example.java设计模式.单例.Test"/>
  <testcase name="service" time="0.081" classname="com.example.java设计模式.单例.Test"/>
  <testcase name="service" time="0.000" classname="com.example.java设计模式.单例.Test"/>
  <testcase name="service" time="0.389" classname="com.example.java设计模式.单例.Test"/>
  <testcase name="service" time="6.718" classname="com.example.java设计模式.单例.Test"/>
  <testcase name="service" time="0.000" classname="com.example.java设计模式.单例.Test"/>
  <testcase name="service" time="0.083" classname="com.example.java设计模式.单例.Test"/>
  <testcase name="service" time="0.731" classname="com.example.java设计模式.单例.Test"/>
  <testcase name="service" time="1.276" classname="com.example.java设计模式.单例.Test"/>
  <testcase name="service" time="0.888" classname="com.example.java设计模式.单例.Test"/>
  <testcase name="service" time="0.000" classname="com.example.java设计模式.单例.Test"/>
  <testcase name="service" time="7.979" classname="com.example.java设计模式.单例.Test"/>
  <testcase name="service" time="0.000" classname="com.example.java设计模式.单例.Test"/>
  <testcase name="service" time="6.585" classname="com.example.java设计模式.单例.Test"/>
  <testcase name="service" time="0.000" classname="com.example.java设计模式.单例.Test"/>
  <testcase name="service" time="0.001" classname="com.example.java设计模式.单例.Test"/>
  <testcase name="service" time="0.590" classname="com.example.java设计模式.单例.Test"/>
  <testcase name="service" time="0.000" classname="com.example.java设计模式.单例.Test"/>
  <testcase name="service" time="0.301" classname="com.example.java设计模式.单例.Test"/>
  <testcase name="service" time="0.001" classname="com.example.java设计模式.单例.Test"/>
  <testcase name="service" time="0.202" classname="com.example.java设计模式.单例.Test"/>
  <testcase name="service" time="0.000" classname="com.example.java设计模式.单例.Test"/>
  <testcase name="service" time="0.000" classname="com.example.java设计模式.单例.Test"/>
  <testcase name="service" time="65.043" classname="com.example.java设计模式.单例.Test"/>
  <testcase name="service" time="0.599" classname="com.example.java设计模式.单例.Test"/>
  <testcase name="service" time="0.000" classname="com.example.java设计模式.单例.Test"/>
  <testcase name="service" time="0.386" classname="com.example.java设计模式.单例.Test"/>
  <testcase name="service" time="0.000" classname="com.example.java设计模式.单例.Test"/>
  <testcase name="service" time="0.589" classname="com.example.java设计模式.单例.Test"/>
  <testcase name="service" time="0.001" classname="com.example.java设计模式.单例.Test"/>
  <testcase name="service" time="0.026" classname="com.example.java设计模式.单例.Test"/>
  <testcase name="service" time="0.000" classname="com.example.java设计模式.单例.Test"/>
  <testcase name="service" time="0.056" classname="com.example.java设计模式.单例.Test"/>
  <testcase name="service" time="0.189" classname="com.example.java设计模式.单例.Test"/>
  <testcase name="service" time="0.302" classname="com.example.java设计模式.单例.Test"/>
  <testcase name="service" time="0.000" classname="com.example.java设计模式.单例.Test"/>
  <testcase name="service" time="0.420" classname="com.example.java设计模式.单例.Test"/>
  <testcase name="service" time="0.537" classname="com.example.java设计模式.单例.Test"/>
  <testcase name="service" time="0.001" classname="com.example.java设计模式.单例.Test"/>
  <testcase name="service" time="0.000" classname="com.example.java设计模式.单例.Test"/>
  <testcase name="service" time="0.000" classname="com.example.java设计模式.单例.Test"/>
  <testcase name="service" time="0.000" classname="com.example.java设计模式.单例.Test"/>
  <testcase name="service" time="0.577" classname="com.example.java设计模式.单例.Test"/>
  <testcase name="service" time="0.001" classname="com.example.java设计模式.单例.Test"/>
  <testcase name="service" time="0.002" classname="com.example.java设计模式.单例.Test"/>
  <testcase name="service" time="0.000" classname="com.example.java设计模式.单例.Test"/>
  <testcase name="service" time="0.279" classname="com.example.java设计模式.单例.Test"/>
  <testcase name="service" time="0.388" classname="com.example.java设计模式.单例.Test"/>
  <testcase name="service" time="0.000" classname="com.example.java设计模式.单例.Test"/>
  <testcase name="service" time="0.485" classname="com.example.java设计模式.单例.Test"/>
  <testcase name="service" time="0.001" classname="com.example.java设计模式.单例.Test"/>
  <testcase name="service" time="0.108" classname="com.example.java设计模式.单例.Test"/>
  <testcase name="service" time="0.111" classname="com.example.java设计模式.单例.Test"/>
  <testcase name="service" time="0.000" classname="com.example.java设计模式.单例.Test"/>
  <testcase name="service" time="0.806" classname="com.example.java设计模式.单例.Test"/>
  <testcase name="service" time="0.572" classname="com.example.java设计模式.单例.Test"/>
  <testcase name="service" time="0.000" classname="com.example.java设计模式.单例.Test"/>
  <testcase name="service" time="0.000" classname="com.example.java设计模式.单例.Test"/>
  <testcase name="service" time="0.001" classname="com.example.java设计模式.单例.Test"/>
  <testcase name="service" time="0.000" classname="com.example.java设计模式.单例.Test"/>
  <testcase name="service" time="0.001" classname="com.example.java设计模式.单例.Test"/>
  <testcase name="service" time="0.000" classname="com.example.java设计模式.单例.Test"/>
  <testcase name="service" time="0.676" classname="com.example.java设计模式.单例.Test"/>
  <testcase name="service" time="0.512" classname="com.example.java设计模式.单例.Test"/>
  <testcase name="service" time="0.007" classname="com.example.java设计模式.单例.Test"/>
  <testcase name="service" time="0.705" classname="com.example.java设计模式.单例.Test"/>
  <testcase name="service" time="0.000" classname="com.example.java设计模式.单例.Test"/>
  <testcase name="service" time="0.000" classname="com.example.java设计模式.单例.Test"/>
  <testcase name="service" time="0.000" classname="com.example.java设计模式.单例.Test"/>
  <testcase name="service" time="0.000" classname="com.example.java设计模式.单例.Test"/>
  <testcase name="service" time="0.206" classname="com.example.java设计模式.单例.Test"/>
  <testcase name="service" time="1.221" classname="com.example.java设计模式.单例.Test"/>
  <testcase name="service" time="65.062" classname="com.example.java设计模式.单例.Test"/>
  <testcase name="service" time="0.000" classname="com.example.java设计模式.单例.Test"/>
  <testcase name="service" time="0.000" classname="com.example.java设计模式.单例.Test"/>
  <testcase name="service" time="1.037" classname="com.example.java设计模式.单例.Test"/>
  <testcase name="service" time="0.000" classname="com.example.java设计模式.单例.Test"/>
  <testcase name="service" time="0.000" classname="com.example.java设计模式.单例.Test"/>
  <testcase name="service" time="0.128" classname="com.example.java设计模式.单例.Test"/>
  <testcase name="service" time="6.724" classname="com.example.java设计模式.单例.Test"/>
  <testcase name="service" time="0.814" classname="com.example.java设计模式.单例.Test"/>
  <testcase name="service" time="0.866" classname="com.example.java设计模式.单例.Test"/>
  <testcase name="service" time="0.000" classname="com.example.java设计模式.单例.Test"/>
  <testcase name="service" time="0.000" classname="com.example.java设计模式.单例.Test"/>
  <testcase name="service" time="0.696" classname="com.example.java设计模式.单例.Test"/>
  <testcase name="service" time="0.004" classname="com.example.java设计模式.单例.Test"/>
  <testcase name="service" time="0.889" classname="com.example.java设计模式.单例.Test"/>
  <testcase name="service" time="0.000" classname="com.example.java设计模式.单例.Test"/>
  <testcase name="service" time="0.130" classname="com.example.java设计模式.单例.Test"/>
  <testcase name="service" time="0.000" classname="com.example.java设计模式.单例.Test"/>
  <testcase name="service" time="0.000" classname="com.example.java设计模式.单例.Test"/>
  <testcase name="service" time="0.001" classname="com.example.java设计模式.单例.Test"/>
  <testcase name="service" time="0.988" classname="com.example.java设计模式.单例.Test"/>
  <testcase name="service" time="0.000" classname="com.example.java设计模式.单例.Test"/>
  <testcase name="service" time="0.000" classname="com.example.java设计模式.单例.Test"/>
  <testcase name="service" time="0.000" classname="com.example.java设计模式.单例.Test"/>
  <testcase name="service" time="0.000" classname="com.example.java设计模式.单例.Test"/>
  <testcase name="service" time="0.001" classname="com.example.java设计模式.单例.Test"/>
  <testcase name="service" time="0.000" classname="com.example.java设计模式.单例.Test"/>
  <testcase name="service" time="0.172" classname="com.example.java设计模式.单例.Test"/>
  <testcase name="service" time="0.000" classname="com.example.java设计模式.单例.Test"/>
  <testcase name="service" time="0.000" classname="com.example.java设计模式.单例.Test"/>
  <testcase name="service" time="1.113" classname="com.example.java设计模式.单例.Test"/>
  <testcase name="service" time="0.000" classname="com.example.java设计模式.单例.Test"/>
  <testcase name="service" time="0.105" classname="com.example.java设计模式.单例.Test"/>
  <testcase name="service" time="0.186" classname="com.example.java设计模式.单例.Test"/>
  <testcase name="service" time="0.000" classname="com.example.java设计模式.单例.Test"/>
  <testcase name="service" time="0.000" classname="com.example.java设计模式.单例.Test"/>
  <testcase name="service" time="0.000" classname="com.example.java设计模式.单例.Test"/>
  <testcase name="service" time="6.694" classname="com.example.java设计模式.单例.Test"/>
  <testcase name="service" time="0.000" classname="com.example.java设计模式.单例.Test"/>
  <testcase name="service" time="0.531" classname="com.example.java设计模式.单例.Test"/>
  <testcase name="service" time="0.000" classname="com.example.java设计模式.单例.Test"/>
  <testcase name="service" time="0.045" classname="com.example.java设计模式.单例.Test"/>
  <testcase name="service" time="0.001" classname="com.example.java设计模式.单例.Test"/>
  <testcase name="service" time="0.133" classname="com.example.java设计模式.单例.Test"/>
  <testcase name="service" time="0.001" classname="com.example.java设计模式.单例.Test"/>
  <testcase name="service" time="0.001" classname="com.example.java设计模式.单例.Test"/>
  <testcase name="service" time="0.975" classname="com.example.java设计模式.单例.Test"/>
  <testcase name="service" time="0.001" classname="com.example.java设计模式.单例.Test"/>
  <testcase name="service" time="8.142" classname="com.example.java设计模式.单例.Test"/>
  <testcase name="service" time="0.701" classname="com.example.java设计模式.单例.Test"/>
  <testcase name="service" time="1.189" classname="com.example.java设计模式.单例.Test"/>
  <testcase name="service" time="0.000" classname="com.example.java设计模式.单例.Test"/>
  <testcase name="service" time="0.001" classname="com.example.java设计模式.单例.Test"/>
  <testcase name="service" time="0.000" classname="com.example.java设计模式.单例.Test"/>
  <testcase name="service" time="0.066" classname="com.example.java设计模式.单例.Test"/>
  <testcase name="service" time="0.000" classname="com.example.java设计模式.单例.Test"/>
  <testcase name="service" time="0.000" classname="com.example.java设计模式.单例.Test"/>
  <testcase name="service" time="8.275" classname="com.example.java设计模式.单例.Test"/>
  <testcase name="service" time="0.000" classname="com.example.java设计模式.单例.Test"/>
  <testcase name="service" time="0.001" classname="com.example.java设计模式.单例.Test"/>
  <testcase name="service" time="0.000" classname="com.example.java设计模式.单例.Test"/>
  <testcase name="service" time="0.000" classname="com.example.java设计模式.单例.Test"/>
  <testcase name="service" time="0.100" classname="com.example.java设计模式.单例.Test"/>
  <testcase name="service" time="0.090" classname="com.example.java设计模式.单例.Test"/>
  <testcase name="service" time="0.000" classname="com.example.java设计模式.单例.Test"/>
  <testcase name="service" time="0.001" classname="com.example.java设计模式.单例.Test"/>
  <testcase name="service" time="5.476" classname="com.example.java设计模式.单例.Test"/>
  <testcase name="service" time="7.760" classname="com.example.java设计模式.单例.Test"/>
  <testcase name="service" time="0.264" classname="com.example.java设计模式.单例.Test"/>
  <testcase name="service" time="1.242" classname="com.example.java设计模式.单例.Test"/>
  <testcase name="service" time="0.269" classname="com.example.java设计模式.单例.Test"/>
  <testcase name="service" time="0.000" classname="com.example.java设计模式.单例.Test"/>
  <testcase name="service" time="0.000" classname="com.example.java设计模式.单例.Test"/>
  <testcase name="service" time="6.411" classname="com.example.java设计模式.单例.Test"/>
  <testcase name="service" time="1.195" classname="com.example.java设计模式.单例.Test"/>
  <testcase name="service" time="6.257" classname="com.example.java设计模式.单例.Test"/>
  <testcase name="service" time="0.353" classname="com.example.java设计模式.单例.Test"/>
  <testcase name="service" time="0.000" classname="com.example.java设计模式.单例.Test"/>
  <testcase name="service" time="0.000" classname="com.example.java设计模式.单例.Test"/>
  <testcase name="service" time="0.240" classname="com.example.java设计模式.单例.Test"/>
  <testcase name="service" time="0.878" classname="com.example.java设计模式.单例.Test"/>
  <testcase name="service" time="0.000" classname="com.example.java设计模式.单例.Test"/>
  <testcase name="service" time="0.532" classname="com.example.java设计模式.单例.Test"/>
  <testcase name="service" time="0.001" classname="com.example.java设计模式.单例.Test"/>
  <testcase name="service" time="0.000" classname="com.example.java设计模式.单例.Test"/>
  <testcase name="service" time="0.000" classname="com.example.java设计模式.单例.Test"/>
  <testcase name="service" time="0.338" classname="com.example.java设计模式.单例.Test"/>
  <testcase name="service" time="0.000" classname="com.example.java设计模式.单例.Test"/>
  <testcase name="service" time="0.497" classname="com.example.java设计模式.单例.Test"/>
  <testcase name="service" time="0.114" classname="com.example.java设计模式.单例.Test"/>
  <testcase name="service" time="0.001" classname="com.example.java设计模式.单例.Test"/>
  <testcase name="service" time="0.113" classname="com.example.java设计模式.单例.Test"/>
  <testcase name="service" time="0.001" classname="com.example.java设计模式.单例.Test"/>
  <testcase name="service" time="0.000" classname="com.example.java设计模式.单例.Test"/>
  <testcase name="service" time="65.036" classname="com.example.java设计模式.单例.Test"/>
  <testcase name="service" time="0.000" classname="com.example.java设计模式.单例.Test"/>
  <testcase name="service" time="0.000" classname="com.example.java设计模式.单例.Test"/>
  <testcase name="service" time="0.313" classname="com.example.java设计模式.单例.Test"/>
  <testcase name="service" time="0.239" classname="com.example.java设计模式.单例.Test"/>
  <testcase name="service" time="0.001" classname="com.example.java设计模式.单例.Test"/>
  <testcase name="service" time="0.000" classname="com.example.java设计模式.单例.Test"/>
  <testcase name="service" time="7.490" classname="com.example.java设计模式.单例.Test"/>
  <testcase name="service" time="0.000" classname="com.example.java设计模式.单例.Test"/>
  <testcase name="service" time="0.786" classname="com.example.java设计模式.单例.Test"/>
  <testcase name="service" time="0.276" classname="com.example.java设计模式.单例.Test"/>
  <testcase name="service" time="0.000" classname="com.example.java设计模式.单例.Test"/>
  <testcase name="service" time="1.474" classname="com.example.java设计模式.单例.Test"/>
  <testcase name="service" time="0.000" classname="com.example.java设计模式.单例.Test"/>
  <testcase name="service" time="0.000" classname="com.example.java设计模式.单例.Test"/>
  <testcase name="service" time="0.000" classname="com.example.java设计模式.单例.Test"/>
  <testcase name="service" time="0.096" classname="com.example.java设计模式.单例.Test"/>
  <testcase name="service" time="0.266" classname="com.example.java设计模式.单例.Test"/>
  <testcase name="service" time="0.129" classname="com.example.java设计模式.单例.Test"/>
  <testcase name="service" time="0.000" classname="com.example.java设计模式.单例.Test"/>
  <testcase name="service" time="0.904" classname="com.example.java设计模式.单例.Test"/>
  <testcase name="service" time="0.002" classname="com.example.java设计模式.单例.Test"/>
  <testcase name="service" time="0.000" classname="com.example.java设计模式.单例.Test"/>
  <testcase name="service" time="0.194" classname="com.example.java设计模式.单例.Test"/>
  <testcase name="service" time="1.333" classname="com.example.java设计模式.单例.Test"/>
  <testcase name="service" time="1.041" classname="com.example.java设计模式.单例.Test"/>
  <testcase name="service" time="0.000" classname="com.example.java设计模式.单例.Test"/>
  <testcase name="service" time="1.416" classname="com.example.java设计模式.单例.Test"/>
  <testcase name="service" time="0.954" classname="com.example.java设计模式.单例.Test"/>
  <testcase name="service" time="0.000" classname="com.example.java设计模式.单例.Test"/>
  <testcase name="service" time="8.077" classname="com.example.java设计模式.单例.Test"/>
  <testcase name="service" time="7.732" classname="com.example.java设计模式.单例.Test"/>
  <testcase name="service" time="0.001" classname="com.example.java设计模式.单例.Test"/>
  <testcase name="service" time="0.001" classname="com.example.java设计模式.单例.Test"/>
  <testcase name="service" time="0.302" classname="com.example.java设计模式.单例.Test"/>
  <testcase name="service" time="0.000" classname="com.example.java设计模式.单例.Test"/>
  <testcase name="service" time="0.000" classname="com.example.java设计模式.单例.Test"/>
  <testcase name="service" time="0.606" classname="com.example.java设计模式.单例.Test"/>
  <testcase name="service" time="0.382" classname="com.example.java设计模式.单例.Test"/>
  <testcase name="service" time="1.051" classname="com.example.java设计模式.单例.Test"/>
  <testcase name="service" time="1.558" classname="com.example.java设计模式.单例.Test"/>
  <testcase name="service" time="0.000" classname="com.example.java设计模式.单例.Test"/>
  <testcase name="service" time="0.424" classname="com.example.java设计模式.单例.Test"/>
  <testcase name="service" time="0.000" classname="com.example.java设计模式.单例.Test"/>
  <testcase name="service" time="0.302" classname="com.example.java设计模式.单例.Test"/>
  <testcase name="service" time="0.001" classname="com.example.java设计模式.单例.Test"/>
  <testcase name="service" time="0.000" classname="com.example.java设计模式.单例.Test"/>
  <testcase name="service" time="0.000" classname="com.example.java设计模式.单例.Test"/>
  <testcase name="service" time="0.000" classname="com.example.java设计模式.单例.Test"/>
  <testcase name="service" time="0.653" classname="com.example.java设计模式.单例.Test"/>
  <testcase name="service" time="0.000" classname="com.example.java设计模式.单例.Test"/>
  <testcase name="service" time="6.605" classname="com.example.java设计模式.单例.Test"/>
  <testcase name="service" time="0.346" classname="com.example.java设计模式.单例.Test"/>
  <testcase name="service" time="0.002" classname="com.example.java设计模式.单例.Test"/>
  <testcase name="service" time="0.000" classname="com.example.java设计模式.单例.Test"/>
  <testcase name="service" time="0.570" classname="com.example.java设计模式.单例.Test"/>
  <testcase name="service" time="0.672" classname="com.example.java设计模式.单例.Test"/>
  <testcase name="service" time="6.413" classname="com.example.java设计模式.单例.Test"/>
  <testcase name="service" time="0.000" classname="com.example.java设计模式.单例.Test"/>
  <testcase name="service" time="0.290" classname="com.example.java设计模式.单例.Test"/>
  <testcase name="service" time="0.000" classname="com.example.java设计模式.单例.Test"/>
  <testcase name="service" time="0.001" classname="com.example.java设计模式.单例.Test"/>
  <testcase name="service" time="0.001" classname="com.example.java设计模式.单例.Test"/>
  <testcase name="service" time="0.420" classname="com.example.java设计模式.单例.Test"/>
  <testcase name="service" time="0.000" classname="com.example.java设计模式.单例.Test"/>
  <testcase name="service" time="0.428" classname="com.example.java设计模式.单例.Test"/>
  <testcase name="service" time="0.050" classname="com.example.java设计模式.单例.Test"/>
  <testcase name="service" time="1.108" classname="com.example.java设计模式.单例.Test"/>
  <testcase name="service" time="4.902" classname="com.example.java设计模式.单例.Test"/>
  <testcase name="service" time="0.000" classname="com.example.java设计模式.单例.Test"/>
  <testcase name="service" time="0.000" classname="com.example.java设计模式.单例.Test"/>
  <testcase name="service" time="0.000" classname="com.example.java设计模式.单例.Test"/>
  <testcase name="service" time="8.159" classname="com.example.java设计模式.单例.Test"/>
  <testcase name="service" time="7.112" classname="com.example.java设计模式.单例.Test"/>
  <testcase name="service" time="0.001" classname="com.example.java设计模式.单例.Test"/>
  <testcase name="service" time="0.001" classname="com.example.java设计模式.单例.Test"/>
  <testcase name="service" time="0.004" classname="com.example.java设计模式.单例.Test"/>
  <testcase name="service" time="0.000" classname="com.example.java设计模式.单例.Test"/>
  <testcase name="service" time="0.001" classname="com.example.java设计模式.单例.Test"/>
  <testcase name="service" time="0.319" classname="com.example.java设计模式.单例.Test"/>
  <testcase name="service" time="0.000" classname="com.example.java设计模式.单例.Test"/>
  <testcase name="service" time="0.000" classname="com.example.java设计模式.单例.Test"/>
  <testcase name="service" time="0.239" classname="com.example.java设计模式.单例.Test"/>
  <testcase name="service" time="0.000" classname="com.example.java设计模式.单例.Test"/>
  <testcase name="service" time="5.125" classname="com.example.java设计模式.单例.Test"/>
  <testcase name="service" time="0.584" classname="com.example.java设计模式.单例.Test"/>
  <testcase name="service" time="0.444" classname="com.example.java设计模式.单例.Test"/>
  <testcase name="service" time="0.000" classname="com.example.java设计模式.单例.Test"/>
  <testcase name="service" time="0.950" classname="com.example.java设计模式.单例.Test"/>
  <testcase name="service" time="1.042" classname="com.example.java设计模式.单例.Test"/>
  <testcase name="service" time="0.760" classname="com.example.java设计模式.单例.Test"/>
  <testcase name="service" time="0.000" classname="com.example.java设计模式.单例.Test"/>
  <testcase name="service" time="0.227" classname="com.example.java设计模式.单例.Test"/>
  <testcase name="service" time="0.081" classname="com.example.java设计模式.单例.Test"/>
  <testcase name="service" time="0.384" classname="com.example.java设计模式.单例.Test"/>
  <testcase name="service" time="0.001" classname="com.example.java设计模式.单例.Test"/>
  <testcase name="service" time="0.000" classname="com.example.java设计模式.单例.Test"/>
  <testcase name="service" time="0.000" classname="com.example.java设计模式.单例.Test"/>
  <testcase name="service" time="0.001" classname="com.example.java设计模式.单例.Test"/>
  <testcase name="service" time="64.973" classname="com.example.java设计模式.单例.Test"/>
  <testcase name="service" time="0.670" classname="com.example.java设计模式.单例.Test"/>
  <testcase name="service" time="0.885" classname="com.example.java设计模式.单例.Test"/>
  <testcase name="service" time="0.000" classname="com.example.java设计模式.单例.Test"/>
  <testcase name="service" time="0.211" classname="com.example.java设计模式.单例.Test"/>
  <testcase name="service" time="0.000" classname="com.example.java设计模式.单例.Test"/>
  <testcase name="service" time="0.000" classname="com.example.java设计模式.单例.Test"/>
  <testcase name="service" time="1.154" classname="com.example.java设计模式.单例.Test"/>
  <testcase name="service" time="0.161" classname="com.example.java设计模式.单例.Test"/>
  <testcase name="service" time="0.807" classname="com.example.java设计模式.单例.Test"/>
  <testcase name="service" time="6.308" classname="com.example.java设计模式.单例.Test"/>
  <testcase name="service" time="0.000" classname="com.example.java设计模式.单例.Test"/>
  <testcase name="service" time="0.000" classname="com.example.java设计模式.单例.Test"/>
  <testcase name="service" time="0.001" classname="com.example.java设计模式.单例.Test"/>
  <testcase name="service" time="1.592" classname="com.example.java设计模式.单例.Test"/>
  <testcase name="service" time="0.000" classname="com.example.java设计模式.单例.Test"/>
  <testcase name="service" time="0.034" classname="com.example.java设计模式.单例.Test"/>
  <testcase name="service" time="0.549" classname="com.example.java设计模式.单例.Test"/>
  <testcase name="service" time="0.000" classname="com.example.java设计模式.单例.Test"/>
  <testcase name="service" time="8.022" classname="com.example.java设计模式.单例.Test"/>
  <testcase name="service" time="0.000" classname="com.example.java设计模式.单例.Test"/>
  <testcase name="service" time="0.118" classname="com.example.java设计模式.单例.Test"/>
  <testcase name="service" time="0.000" classname="com.example.java设计模式.单例.Test"/>
  <testcase name="service" time="0.000" classname="com.example.java设计模式.单例.Test"/>
  <testcase name="service" time="1.516" classname="com.example.java设计模式.单例.Test"/>
  <testcase name="service" time="0.876" classname="com.example.java设计模式.单例.Test"/>
  <testcase name="service" time="0.236" classname="com.example.java设计模式.单例.Test"/>
  <testcase name="service" time="6.529" classname="com.example.java设计模式.单例.Test"/>
  <testcase name="service" time="0.000" classname="com.example.java设计模式.单例.Test"/>
  <testcase name="service" time="1.111" classname="com.example.java设计模式.单例.Test"/>
  <testcase name="service" time="0.000" classname="com.example.java设计模式.单例.Test"/>
  <testcase name="service" time="0.183" classname="com.example.java设计模式.单例.Test"/>
  <testcase name="service" time="0.000" classname="com.example.java设计模式.单例.Test"/>
  <testcase name="service" time="1.302" classname="com.example.java设计模式.单例.Test"/>
  <testcase name="service" time="0.002" classname="com.example.java设计模式.单例.Test"/>
  <testcase name="service" time="1.633" classname="com.example.java设计模式.单例.Test"/>
  <testcase name="service" time="0.000" classname="com.example.java设计模式.单例.Test"/>
  <testcase name="service" time="0.821" classname="com.example.java设计模式.单例.Test"/>
  <testcase name="service" time="0.000" classname="com.example.java设计模式.单例.Test"/>
  <testcase name="service" time="0.000" classname="com.example.java设计模式.单例.Test"/>
  <testcase name="service" time="0.001" classname="com.example.java设计模式.单例.Test"/>
  <testcase name="service" time="1.180" classname="com.example.java设计模式.单例.Test"/>
  <testcase name="service" time="0.001" classname="com.example.java设计模式.单例.Test"/>
  <testcase name="service" time="0.507" classname="com.example.java设计模式.单例.Test"/>
  <testcase name="service" time="0.474" classname="com.example.java设计模式.单例.Test"/>
  <testcase name="service" time="0.002" classname="com.example.java设计模式.单例.Test"/>
  <testcase name="service" time="1.092" classname="com.example.java设计模式.单例.Test"/>
  <testcase name="service" time="0.000" classname="com.example.java设计模式.单例.Test"/>
  <testcase name="service" time="0.920" classname="com.example.java设计模式.单例.Test"/>
  <testcase name="service" time="0.000" classname="com.example.java设计模式.单例.Test"/>
  <testcase name="service" time="0.000" classname="com.example.java设计模式.单例.Test"/>
  <testcase name="service" time="0.012" classname="com.example.java设计模式.单例.Test"/>
  <testcase name="service" time="0.594" classname="com.example.java设计模式.单例.Test"/>
  <testcase name="service" time="65.002" classname="com.example.java设计模式.单例.Test"/>
  <testcase name="service" time="0.023" classname="com.example.java设计模式.单例.Test"/>
  <testcase name="service" time="0.000" classname="com.example.java设计模式.单例.Test"/>
  <testcase name="service" time="0.252" classname="com.example.java设计模式.单例.Test"/>
  <testcase name="service" time="0.000" classname="com.example.java设计模式.单例.Test"/>
  <testcase name="service" time="0.000" classname="com.example.java设计模式.单例.Test"/>
  <testcase name="service" time="0.001" classname="com.example.java设计模式.单例.Test"/>
  <testcase name="service" time="0.071" classname="com.example.java设计模式.单例.Test"/>
  <testcase name="service" time="0.055" classname="com.example.java设计模式.单例.Test"/>
  <testcase name="service" time="0.094" classname="com.example.java设计模式.单例.Test"/>
  <testcase name="service" time="0.001" classname="com.example.java设计模式.单例.Test"/>
  <testcase name="service" time="0.737" classname="com.example.java设计模式.单例.Test"/>
  <testcase name="service" time="0.111" classname="com.example.java设计模式.单例.Test"/>
  <testcase name="service" time="0.000" classname="com.example.java设计模式.单例.Test"/>
  <testcase name="service" time="0.509" classname="com.example.java设计模式.单例.Test"/>
  <testcase name="service" time="0.000" classname="com.example.java设计模式.单例.Test"/>
  <testcase name="service" time="0.207" classname="com.example.java设计模式.单例.Test"/>
  <testcase name="service" time="6.700" classname="com.example.java设计模式.单例.Test"/>
  <testcase name="service" time="6.007" classname="com.example.java设计模式.单例.Test"/>
  <testcase name="service" time="0.529" classname="com.example.java设计模式.单例.Test"/>
  <testcase name="service" time="0.486" classname="com.example.java设计模式.单例.Test"/>
  <testcase name="service" time="0.333" classname="com.example.java设计模式.单例.Test"/>
  <testcase name="service" time="0.001" classname="com.example.java设计模式.单例.Test"/>
  <testcase name="service" time="0.000" classname="com.example.java设计模式.单例.Test"/>
  <testcase name="service" time="0.000" classname="com.example.java设计模式.单例.Test"/>
  <testcase name="service" time="0.001" classname="com.example.java设计模式.单例.Test"/>
  <testcase name="service" time="0.165" classname="com.example.java设计模式.单例.Test"/>
  <testcase name="service" time="0.277" classname="com.example.java设计模式.单例.Test"/>
  <testcase name="service" time="0.813" classname="com.example.java设计模式.单例.Test"/>
  <testcase name="service" time="0.000" classname="com.example.java设计模式.单例.Test"/>
  <testcase name="service" time="0.000" classname="com.example.java设计模式.单例.Test"/>
  <testcase name="service" time="0.001" classname="com.example.java设计模式.单例.Test"/>
  <testcase name="service" time="7.794" classname="com.example.java设计模式.单例.Test"/>
  <testcase name="service" time="0.231" classname="com.example.java设计模式.单例.Test"/>
  <testcase name="service" time="0.000" classname="com.example.java设计模式.单例.Test"/>
  <testcase name="service" time="0.001" classname="com.example.java设计模式.单例.Test"/>
  <testcase name="service" time="6.867" classname="com.example.java设计模式.单例.Test"/>
  <testcase name="service" time="1.033" classname="com.example.java设计模式.单例.Test"/>
  <testcase name="service" time="0.000" classname="com.example.java设计模式.单例.Test"/>
  <testcase name="service" time="1.119" classname="com.example.java设计模式.单例.Test"/>
  <testcase name="service" time="0.001" classname="com.example.java设计模式.单例.Test"/>
  <testcase name="service" time="0.000" classname="com.example.java设计模式.单例.Test"/>
  <testcase name="service" time="65.038" classname="com.example.java设计模式.单例.Test"/>
  <testcase name="service" time="0.000" classname="com.example.java设计模式.单例.Test"/>
  <testcase name="service" time="0.000" classname="com.example.java设计模式.单例.Test"/>
  <testcase name="service" time="0.000" classname="com.example.java设计模式.单例.Test"/>
  <testcase name="service" time="6.805" classname="com.example.java设计模式.单例.Test"/>
  <testcase name="service" time="0.134" classname="com.example.java设计模式.单例.Test"/>
  <testcase name="service" time="0.000" classname="com.example.java设计模式.单例.Test"/>
  <testcase name="service" time="0.000" classname="com.example.java设计模式.单例.Test"/>
  <testcase name="service" time="0.000" classname="com.example.java设计模式.单例.Test"/>
  <testcase name="service" time="0.434" classname="com.example.java设计模式.单例.Test"/>
  <testcase name="service" time="6.349" classname="com.example.java设计模式.单例.Test"/>
  <testcase name="service" time="0.000" classname="com.example.java设计模式.单例.Test"/>
  <testcase name="service" time="0.001" classname="com.example.java设计模式.单例.Test"/>
  <testcase name="service" time="0.001" classname="com.example.java设计模式.单例.Test"/>
  <testcase name="service" time="0.780" classname="com.example.java设计模式.单例.Test"/>
  <testcase name="service" time="0.189" classname="com.example.java设计模式.单例.Test"/>
  <testcase name="service" time="0.000" classname="com.example.java设计模式.单例.Test"/>
  <testcase name="service" time="0.301" classname="com.example.java设计模式.单例.Test"/>
  <testcase name="service" time="0.000" classname="com.example.java设计模式.单例.Test"/>
  <testcase name="service" time="0.695" classname="com.example.java设计模式.单例.Test"/>
  <testcase name="service" time="0.000" classname="com.example.java设计模式.单例.Test"/>
  <testcase name="service" time="0.000" classname="com.example.java设计模式.单例.Test"/>
  <testcase name="service" time="0.691" classname="com.example.java设计模式.单例.Test"/>
  <testcase name="service" time="0.000" classname="com.example.java设计模式.单例.Test"/>
  <testcase name="service" time="0.422" classname="com.example.java设计模式.单例.Test"/>
  <testcase name="service" time="0.000" classname="com.example.java设计模式.单例.Test"/>
  <testcase name="service" time="0.000" classname="com.example.java设计模式.单例.Test"/>
  <testcase name="service" time="0.000" classname="com.example.java设计模式.单例.Test"/>
  <testcase name="service" time="0.000" classname="com.example.java设计模式.单例.Test"/>
  <testcase name="service" time="0.000" classname="com.example.java设计模式.单例.Test"/>
  <testcase name="service" time="0.000" classname="com.example.java设计模式.单例.Test"/>
  <testcase name="service" time="0.415" classname="com.example.java设计模式.单例.Test"/>
  <testcase name="service" time="6.185" classname="com.example.java设计模式.单例.Test"/>
  <testcase name="service" time="0.497" classname="com.example.java设计模式.单例.Test"/>
  <testcase name="service" time="0.008" classname="com.example.java设计模式.单例.Test"/>
  <testcase name="service" time="6.684" classname="com.example.java设计模式.单例.Test"/>
  <testcase name="service" time="0.001" classname="com.example.java设计模式.单例.Test"/>
  <testcase name="service" time="0.112" classname="com.example.java设计模式.单例.Test"/>
  <testcase name="service" time="0.031" classname="com.example.java设计模式.单例.Test"/>
  <testcase name="service" time="0.000" classname="com.example.java设计模式.单例.Test"/>
  <testcase name="service" time="8.112" classname="com.example.java设计模式.单例.Test"/>
  <testcase name="service" time="0.000" classname="com.example.java设计模式.单例.Test"/>
  <testcase name="service" time="0.215" classname="com.example.java设计模式.单例.Test"/>
  <testcase name="service" time="0.276" classname="com.example.java设计模式.单例.Test"/>
  <testcase name="service" time="0.731" classname="com.example.java设计模式.单例.Test"/>
  <testcase name="service" time="1.031" classname="com.example.java设计模式.单例.Test"/>
  <testcase name="service" time="0.001" classname="com.example.java设计模式.单例.Test"/>
  <testcase name="service" time="1.179" classname="com.example.java设计模式.单例.Test"/>
  <testcase name="service" time="0.262" classname="com.example.java设计模式.单例.Test"/>
  <testcase name="service" time="0.475" classname="com.example.java设计模式.单例.Test"/>
  <testcase name="service" time="0.190" classname="com.example.java设计模式.单例.Test"/>
  <testcase name="service" time="0.000" classname="com.example.java设计模式.单例.Test"/>
  <testcase name="service" time="0.235" classname="com.example.java设计模式.单例.Test"/>
  <testcase name="service" time="0.001" classname="com.example.java设计模式.单例.Test"/>
  <testcase name="service" time="0.102" classname="com.example.java设计模式.单例.Test"/>
  <testcase name="service" time="0.000" classname="com.example.java设计模式.单例.Test"/>
  <testcase name="service" time="5.154" classname="com.example.java设计模式.单例.Test"/>
  <testcase name="service" time="0.007" classname="com.example.java设计模式.单例.Test"/>
  <testcase name="service" time="0.002" classname="com.example.java设计模式.单例.Test"/>
  <testcase name="service" time="0.001" classname="com.example.java设计模式.单例.Test"/>
  <testcase name="service" time="0.000" classname="com.example.java设计模式.单例.Test"/>
  <testcase name="service" time="0.000" classname="com.example.java设计模式.单例.Test"/>
  <testcase name="service" time="0.000" classname="com.example.java设计模式.单例.Test"/>
  <testcase name="service" time="0.000" classname="com.example.java设计模式.单例.Test"/>
  <testcase name="service" time="0.352" classname="com.example.java设计模式.单例.Test"/>
  <testcase name="service" time="0.082" classname="com.example.java设计模式.单例.Test"/>
  <testcase name="service" time="0.001" classname="com.example.java设计模式.单例.Test"/>
  <testcase name="service" time="0.000" classname="com.example.java设计模式.单例.Test"/>
  <testcase name="service" time="0.279" classname="com.example.java设计模式.单例.Test"/>
  <testcase name="service" time="1.042" classname="com.example.java设计模式.单例.Test"/>
  <testcase name="service" time="0.000" classname="com.example.java设计模式.单例.Test"/>
  <testcase name="service" time="0.534" classname="com.example.java设计模式.单例.Test"/>
  <testcase name="service" time="0.001" classname="com.example.java设计模式.单例.Test"/>
  <testcase name="service" time="0.000" classname="com.example.java设计模式.单例.Test"/>
  <testcase name="service" time="0.206" classname="com.example.java设计模式.单例.Test"/>
  <testcase name="service" time="0.000" classname="com.example.java设计模式.单例.Test"/>
  <testcase name="service" time="0.078" classname="com.example.java设计模式.单例.Test"/>
  <testcase name="service" time="0.000" classname="com.example.java设计模式.单例.Test"/>
  <testcase name="service" time="0.000" classname="com.example.java设计模式.单例.Test"/>
  <testcase name="service" time="0.912" classname="com.example.java设计模式.单例.Test"/>
  <testcase name="service" time="0.000" classname="com.example.java设计模式.单例.Test"/>
  <testcase name="service" time="0.000" classname="com.example.java设计模式.单例.Test"/>
  <testcase name="service" time="0.000" classname="com.example.java设计模式.单例.Test"/>
  <testcase name="service" time="0.916" classname="com.example.java设计模式.单例.Test"/>
  <testcase name="service" time="0.000" classname="com.example.java设计模式.单例.Test"/>
  <testcase name="service" time="0.000" classname="com.example.java设计模式.单例.Test"/>
  <testcase name="service" time="0.000" classname="com.example.java设计模式.单例.Test"/>
  <testcase name="service" time="0.001" classname="com.example.java设计模式.单例.Test"/>
  <testcase name="service" time="0.000" classname="com.example.java设计模式.单例.Test"/>
  <testcase name="service" time="0.355" classname="com.example.java设计模式.单例.Test"/>
  <testcase name="service" time="0.000" classname="com.example.java设计模式.单例.Test"/>
  <testcase name="service" time="0.000" classname="com.example.java设计模式.单例.Test"/>
  <testcase name="service" time="0.000" classname="com.example.java设计模式.单例.Test"/>
  <testcase name="service" time="1.165" classname="com.example.java设计模式.单例.Test"/>
  <testcase name="service" time="0.000" classname="com.example.java设计模式.单例.Test"/>
  <testcase name="service" time="0.111" classname="com.example.java设计模式.单例.Test"/>
  <testcase name="service" time="0.000" classname="com.example.java设计模式.单例.Test"/>
  <testcase name="service" time="0.140" classname="com.example.java设计模式.单例.Test"/>
  <testcase name="service" time="0.096" classname="com.example.java设计模式.单例.Test"/>
  <testcase name="service" time="0.417" classname="com.example.java设计模式.单例.Test"/>
  <testcase name="service" time="0.000" classname="com.example.java设计模式.单例.Test"/>
  <testcase name="service" time="0.421" classname="com.example.java设计模式.单例.Test"/>
  <testcase name="service" time="0.001" classname="com.example.java设计模式.单例.Test"/>
  <testcase name="service" time="6.695" classname="com.example.java设计模式.单例.Test"/>
  <testcase name="service" time="0.466" classname="com.example.java设计模式.单例.Test"/>
  <testcase name="service" time="0.485" classname="com.example.java设计模式.单例.Test"/>
  <testcase name="service" time="0.356" classname="com.example.java设计模式.单例.Test"/>
  <testcase name="service" time="0.000" classname="com.example.java设计模式.单例.Test"/>
  <testcase name="service" time="0.087" classname="com.example.java设计模式.单例.Test"/>
  <testcase name="service" time="0.000" classname="com.example.java设计模式.单例.Test"/>
  <testcase name="service" time="0.907" classname="com.example.java设计模式.单例.Test"/>
  <testcase name="service" time="0.000" classname="com.example.java设计模式.单例.Test"/>
  <testcase name="service" time="0.000" classname="com.example.java设计模式.单例.Test"/>
  <testcase name="service" time="0.001" classname="com.example.java设计模式.单例.Test"/>
  <testcase name="service" time="0.000" classname="com.example.java设计模式.单例.Test"/>
  <testcase name="service" time="0.007" classname="com.example.java设计模式.单例.Test"/>
  <testcase name="service" time="0.000" classname="com.example.java设计模式.单例.Test"/>
  <testcase name="service" time="1.480" classname="com.example.java设计模式.单例.Test"/>
  <testcase name="service" time="0.000" classname="com.example.java设计模式.单例.Test"/>
  <testcase name="service" time="0.612" classname="com.example.java设计模式.单例.Test"/>
  <testcase name="service" time="0.000" classname="com.example.java设计模式.单例.Test"/>
  <testcase name="service" time="0.397" classname="com.example.java设计模式.单例.Test"/>
  <testcase name="service" time="0.766" classname="com.example.java设计模式.单例.Test"/>
  <testcase name="service" time="0.155" classname="com.example.java设计模式.单例.Test"/>
  <testcase name="service" time="0.011" classname="com.example.java设计模式.单例.Test"/>
  <testcase name="service" time="0.001" classname="com.example.java设计模式.单例.Test"/>
  <testcase name="service" time="0.001" classname="com.example.java设计模式.单例.Test"/>
  <testcase name="service" time="0.001" classname="com.example.java设计模式.单例.Test"/>
  <testcase name="service" time="0.257" classname="com.example.java设计模式.单例.Test"/>
  <testcase name="service" time="0.000" classname="com.example.java设计模式.单例.Test"/>
  <testcase name="service" time="0.188" classname="com.example.java设计模式.单例.Test"/>
  <testcase name="service" time="0.880" classname="com.example.java设计模式.单例.Test"/>
  <testcase name="service" time="8.285" classname="com.example.java设计模式.单例.Test"/>
  <testcase name="service" time="0.000" classname="com.example.java设计模式.单例.Test"/>
  <testcase name="service" time="0.000" classname="com.example.java设计模式.单例.Test"/>
  <testcase name="service" time="0.000" classname="com.example.java设计模式.单例.Test"/>
  <testcase name="service" time="0.471" classname="com.example.java设计模式.单例.Test"/>
  <testcase name="service" time="0.352" classname="com.example.java设计模式.单例.Test"/>
  <testcase name="service" time="0.258" classname="com.example.java设计模式.单例.Test"/>
  <testcase name="service" time="0.000" classname="com.example.java设计模式.单例.Test"/>
  <testcase name="service" time="0.035" classname="com.example.java设计模式.单例.Test"/>
  <testcase name="service" time="0.000" classname="com.example.java设计模式.单例.Test"/>
  <testcase name="service" time="0.000" classname="com.example.java设计模式.单例.Test"/>
  <testcase name="service" time="0.087" classname="com.example.java设计模式.单例.Test"/>
  <testcase name="service" time="0.001" classname="com.example.java设计模式.单例.Test"/>
  <testcase name="service" time="0.293" classname="com.example.java设计模式.单例.Test"/>
  <testcase name="service" time="0.000" classname="com.example.java设计模式.单例.Test"/>
  <testcase name="service" time="0.001" classname="com.example.java设计模式.单例.Test"/>
  <testcase name="service" time="0.000" classname="com.example.java设计模式.单例.Test"/>
  <testcase name="service" time="0.000" classname="com.example.java设计模式.单例.Test"/>
  <testcase name="service" time="0.231" classname="com.example.java设计模式.单例.Test"/>
  <testcase name="service" time="0.000" classname="com.example.java设计模式.单例.Test"/>
  <testcase name="service" time="0.621" classname="com.example.java设计模式.单例.Test"/>
  <testcase name="service" time="0.000" classname="com.example.java设计模式.单例.Test"/>
  <testcase name="service" time="64.821" classname="com.example.java设计模式.单例.Test"/>
  <testcase name="service" time="0.000" classname="com.example.java设计模式.单例.Test"/>
  <testcase name="service" time="0.000" classname="com.example.java设计模式.单例.Test"/>
  <testcase name="service" time="64.805" classname="com.example.java设计模式.单例.Test"/>
  <testcase name="service" time="0.155" classname="com.example.java设计模式.单例.Test"/>
  <testcase name="service" time="0.001" classname="com.example.java设计模式.单例.Test"/>
  <testcase name="service" time="0.000" classname="com.example.java设计模式.单例.Test"/>
  <testcase name="service" time="0.230" classname="com.example.java设计模式.单例.Test"/>
  <testcase name="service" time="0.000" classname="com.example.java设计模式.单例.Test"/>
  <testcase name="service" time="0.154" classname="com.example.java设计模式.单例.Test"/>
  <testcase name="service" time="1.026" classname="com.example.java设计模式.单例.Test"/>
  <testcase name="service" time="7.102" classname="com.example.java设计模式.单例.Test"/>
  <testcase name="service" time="0.997" classname="com.example.java设计模式.单例.Test"/>
  <testcase name="service" time="0.001" classname="com.example.java设计模式.单例.Test"/>
  <testcase name="service" time="0.000" classname="com.example.java设计模式.单例.Test"/>
  <testcase name="service" time="0.448" classname="com.example.java设计模式.单例.Test"/>
  <testcase name="service" time="0.000" classname="com.example.java设计模式.单例.Test"/>
  <testcase name="service" time="0.000" classname="com.example.java设计模式.单例.Test"/>
  <testcase name="service" time="0.000" classname="com.example.java设计模式.单例.Test"/>
  <testcase name="service" time="0.935" classname="com.example.java设计模式.单例.Test"/>
  <testcase name="service" time="0.001" classname="com.example.java设计模式.单例.Test"/>
  <testcase name="service" time="6.181" classname="com.example.java设计模式.单例.Test"/>
  <testcase name="service" time="0.337" classname="com.example.java设计模式.单例.Test"/>
  <testcase name="service" time="0.001" classname="com.example.java设计模式.单例.Test"/>
  <testcase name="service" time="0.414" classname="com.example.java设计模式.单例.Test"/>
  <testcase name="service" time="0.000" classname="com.example.java设计模式.单例.Test"/>
  <testcase name="service" time="0.000" classname="com.example.java设计模式.单例.Test"/>
  <testcase name="service" time="0.329" classname="com.example.java设计模式.单例.Test"/>
  <testcase name="service" time="0.000" classname="com.example.java设计模式.单例.Test"/>
  <testcase name="service" time="0.000" classname="com.example.java设计模式.单例.Test"/>
  <testcase name="service" time="0.922" classname="com.example.java设计模式.单例.Test"/>
  <testcase name="service" time="0.000" classname="com.example.java设计模式.单例.Test"/>
  <testcase name="service" time="0.000" classname="com.example.java设计模式.单例.Test"/>
  <testcase name="service" time="0.001" classname="com.example.java设计模式.单例.Test"/>
  <testcase name="service" time="0.000" classname="com.example.java设计模式.单例.Test"/>
  <testcase name="service" time="0.001" classname="com.example.java设计模式.单例.Test"/>
  <testcase name="service" time="0.480" classname="com.example.java设计模式.单例.Test"/>
  <testcase name="service" time="0.247" classname="com.example.java设计模式.单例.Test"/>
  <testcase name="service" time="0.001" classname="com.example.java设计模式.单例.Test"/>
  <testcase name="service" time="0.000" classname="com.example.java设计模式.单例.Test"/>
  <testcase name="service" time="0.000" classname="com.example.java设计模式.单例.Test"/>
  <testcase name="service" time="0.001" classname="com.example.java设计模式.单例.Test"/>
  <testcase name="service" time="0.000" classname="com.example.java设计模式.单例.Test"/>
  <testcase name="service" time="0.000" classname="com.example.java设计模式.单例.Test"/>
  <testcase name="service" time="6.320" classname="com.example.java设计模式.单例.Test"/>
  <testcase name="service" time="6.317" classname="com.example.java设计模式.单例.Test"/>
  <testcase name="service" time="0.000" classname="com.example.java设计模式.单例.Test"/>
  <testcase name="service" time="0.001" classname="com.example.java设计模式.单例.Test"/>
  <testcase name="service" time="64.993" classname="com.example.java设计模式.单例.Test"/>
  <testcase name="service" time="0.000" classname="com.example.java设计模式.单例.Test"/>
  <testcase name="service" time="0.643" classname="com.example.java设计模式.单例.Test"/>
  <testcase name="service" time="1.162" classname="com.example.java设计模式.单例.Test"/>
  <testcase name="service" time="0.752" classname="com.example.java设计模式.单例.Test"/>
  <testcase name="service" time="0.074" classname="com.example.java设计模式.单例.Test"/>
  <testcase name="service" time="0.865" classname="com.example.java设计模式.单例.Test"/>
  <testcase name="service" time="64.523" classname="com.example.java设计模式.单例.Test"/>
  <testcase name="service" time="0.454" classname="com.example.java设计模式.单例.Test"/>
  <testcase name="service" time="0.000" classname="com.example.java设计模式.单例.Test"/>
  <testcase name="service" time="0.516" classname="com.example.java设计模式.单例.Test"/>
  <testcase name="service" time="0.068" classname="com.example.java设计模式.单例.Test"/>
  <testcase name="service" time="0.000" classname="com.example.java设计模式.单例.Test"/>
  <testcase name="service" time="6.222" classname="com.example.java设计模式.单例.Test"/>
  <testcase name="service" time="0.001" classname="com.example.java设计模式.单例.Test"/>
  <testcase name="service" time="0.001" classname="com.example.java设计模式.单例.Test"/>
  <testcase name="service" time="0.000" classname="com.example.java设计模式.单例.Test"/>
  <testcase name="service" time="6.937" classname="com.example.java设计模式.单例.Test"/>
  <testcase name="service" time="0.626" classname="com.example.java设计模式.单例.Test"/>
  <testcase name="service" time="0.379" classname="com.example.java设计模式.单例.Test"/>
  <testcase name="service" time="1.020" classname="com.example.java设计模式.单例.Test"/>
  <testcase name="service" time="0.001" classname="com.example.java设计模式.单例.Test"/>
  <testcase name="service" time="0.000" classname="com.example.java设计模式.单例.Test"/>
  <testcase name="service" time="0.051" classname="com.example.java设计模式.单例.Test"/>
  <testcase name="service" time="1.484" classname="com.example.java设计模式.单例.Test"/>
  <testcase name="service" time="0.661" classname="com.example.java设计模式.单例.Test"/>
  <testcase name="service" time="0.888" classname="com.example.java设计模式.单例.Test"/>
  <testcase name="service" time="0.000" classname="com.example.java设计模式.单例.Test"/>
  <testcase name="service" time="0.000" classname="com.example.java设计模式.单例.Test"/>
  <testcase name="service" time="0.000" classname="com.example.java设计模式.单例.Test"/>
  <testcase name="service" time="0.000" classname="com.example.java设计模式.单例.Test"/>
  <testcase name="service" time="0.000" classname="com.example.java设计模式.单例.Test"/>
  <testcase name="service" time="0.311" classname="com.example.java设计模式.单例.Test"/>
  <testcase name="service" time="0.000" classname="com.example.java设计模式.单例.Test"/>
  <testcase name="service" time="65.051" classname="com.example.java设计模式.单例.Test"/>
  <testcase name="service" time="8.379" classname="com.example.java设计模式.单例.Test"/>
  <testcase name="service" time="0.000" classname="com.example.java设计模式.单例.Test"/>
  <testcase name="service" time="0.001" classname="com.example.java设计模式.单例.Test"/>
  <testcase name="service" time="0.000" classname="com.example.java设计模式.单例.Test"/>
  <testcase name="service" time="0.095" classname="com.example.java设计模式.单例.Test"/>
  <testcase name="service" time="0.001" classname="com.example.java设计模式.单例.Test"/>
  <testcase name="service" time="0.001" classname="com.example.java设计模式.单例.Test"/>
  <testcase name="service" time="0.673" classname="com.example.java设计模式.单例.Test"/>
  <testcase name="service" time="0.000" classname="com.example.java设计模式.单例.Test"/>
  <testcase name="service" time="65.046" classname="com.example.java设计模式.单例.Test"/>
  <testcase name="service" time="0.476" classname="com.example.java设计模式.单例.Test"/>
  <testcase name="service" time="1.103" classname="com.example.java设计模式.单例.Test"/>
  <testcase name="service" time="0.000" classname="com.example.java设计模式.单例.Test"/>
  <testcase name="service" time="0.996" classname="com.example.java设计模式.单例.Test"/>
  <testcase name="service" time="0.001" classname="com.example.java设计模式.单例.Test"/>
  <testcase name="service" time="0.001" classname="com.example.java设计模式.单例.Test"/>
  <testcase name="service" time="0.449" classname="com.example.java设计模式.单例.Test"/>
  <testcase name="service" time="0.589" classname="com.example.java设计模式.单例.Test"/>
  <testcase name="service" time="0.000" classname="com.example.java设计模式.单例.Test"/>
  <testcase name="service" time="0.000" classname="com.example.java设计模式.单例.Test"/>
  <testcase name="service" time="0.000" classname="com.example.java设计模式.单例.Test"/>
  <testcase name="service" time="0.000" classname="com.example.java设计模式.单例.Test"/>
  <testcase name="service" time="0.000" classname="com.example.java设计模式.单例.Test"/>
  <testcase name="service" time="0.000" classname="com.example.java设计模式.单例.Test"/>
  <testcase name="service" time="0.001" classname="com.example.java设计模式.单例.Test"/>
  <testcase name="service" time="0.640" classname="com.example.java设计模式.单例.Test"/>
  <testcase name="service" time="0.000" classname="com.example.java设计模式.单例.Test"/>
  <testcase name="service" time="0.901" classname="com.example.java设计模式.单例.Test"/>
  <testcase name="service" time="0.001" classname="com.example.java设计模式.单例.Test"/>
  <testcase name="service" time="0.238" classname="com.example.java设计模式.单例.Test"/>
  <testcase name="service" time="0.280" classname="com.example.java设计模式.单例.Test"/>
  <testcase name="service" time="0.001" classname="com.example.java设计模式.单例.Test"/>
  <testcase name="service" time="0.900" classname="com.example.java设计模式.单例.Test"/>
  <testcase name="service" time="1.208" classname="com.example.java设计模式.单例.Test"/>
  <testcase name="service" time="0.000" classname="com.example.java设计模式.单例.Test"/>
  <testcase name="service" time="0.000" classname="com.example.java设计模式.单例.Test"/>
  <testcase name="service" time="0.000" classname="com.example.java设计模式.单例.Test"/>
  <testcase name="service" time="1.204" classname="com.example.java设计模式.单例.Test"/>
  <testcase name="service" time="0.085" classname="com.example.java设计模式.单例.Test"/>
  <testcase name="service" time="1.486" classname="com.example.java设计模式.单例.Test"/>
  <testcase name="service" time="1.425" classname="com.example.java设计模式.单例.Test"/>
  <testcase name="service" time="0.000" classname="com.example.java设计模式.单例.Test"/>
  <testcase name="service" time="0.000" classname="com.example.java设计模式.单例.Test"/>
  <testcase name="service" time="0.748" classname="com.example.java设计模式.单例.Test"/>
  <testcase name="service" time="0.198" classname="com.example.java设计模式.单例.Test"/>
  <testcase name="service" time="0.000" classname="com.example.java设计模式.单例.Test"/>
  <testcase name="service" time="0.000" classname="com.example.java设计模式.单例.Test"/>
  <testcase name="service" time="0.389" classname="com.example.java设计模式.单例.Test"/>
  <testcase name="service" time="0.000" classname="com.example.java设计模式.单例.Test"/>
  <testcase name="service" time="0.212" classname="com.example.java设计模式.单例.Test"/>
  <testcase name="service" time="0.000" classname="com.example.java设计模式.单例.Test"/>
  <testcase name="service" time="0.066" classname="com.example.java设计模式.单例.Test"/>
  <testcase name="service" time="0.212" classname="com.example.java设计模式.单例.Test"/>
  <testcase name="service" time="0.000" classname="com.example.java设计模式.单例.Test"/>
  <testcase name="service" time="0.000" classname="com.example.java设计模式.单例.Test"/>
  <testcase name="service" time="0.000" classname="com.example.java设计模式.单例.Test"/>
  <testcase name="service" time="0.000" classname="com.example.java设计模式.单例.Test"/>
  <testcase name="service" time="0.000" classname="com.example.java设计模式.单例.Test"/>
  <testcase name="service" time="0.000" classname="com.example.java设计模式.单例.Test"/>
  <testcase name="service" time="0.191" classname="com.example.java设计模式.单例.Test"/>
  <testcase name="service" time="0.001" classname="com.example.java设计模式.单例.Test"/>
  <testcase name="service" time="0.457" classname="com.example.java设计模式.单例.Test"/>
  <testcase name="service" time="1.494" classname="com.example.java设计模式.单例.Test"/>
  <testcase name="service" time="7.784" classname="com.example.java设计模式.单例.Test"/>
  <testcase name="service" time="0.001" classname="com.example.java设计模式.单例.Test"/>
  <testcase name="service" time="0.001" classname="com.example.java设计模式.单例.Test"/>
  <testcase name="service" time="0.483" classname="com.example.java设计模式.单例.Test"/>
  <testcase name="service" time="1.030" classname="com.example.java设计模式.单例.Test"/>
  <testcase name="service" time="0.139" classname="com.example.java设计模式.单例.Test"/>
  <testcase name="service" time="0.776" classname="com.example.java设计模式.单例.Test"/>
  <testcase name="service" time="0.001" classname="com.example.java设计模式.单例.Test"/>
  <testcase name="service" time="0.000" classname="com.example.java设计模式.单例.Test"/>
  <testcase name="service" time="0.222" classname="com.example.java设计模式.单例.Test"/>
  <testcase name="service" time="1.176" classname="com.example.java设计模式.单例.Test"/>
  <testcase name="service" time="0.000" classname="com.example.java设计模式.单例.Test"/>
  <testcase name="service" time="0.304" classname="com.example.java设计模式.单例.Test"/>
  <testcase name="service" time="1.217" classname="com.example.java设计模式.单例.Test"/>
  <testcase name="service" time="0.000" classname="com.example.java设计模式.单例.Test"/>
  <testcase name="service" time="0.000" classname="com.example.java设计模式.单例.Test"/>
  <testcase name="service" time="0.230" classname="com.example.java设计模式.单例.Test"/>
  <testcase name="service" time="8.055" classname="com.example.java设计模式.单例.Test"/>
  <testcase name="service" time="0.000" classname="com.example.java设计模式.单例.Test"/>
  <testcase name="service" time="0.000" classname="com.example.java设计模式.单例.Test"/>
  <testcase name="service" time="0.077" classname="com.example.java设计模式.单例.Test"/>
  <testcase name="service" time="0.640" classname="com.example.java设计模式.单例.Test"/>
  <testcase name="service" time="0.000" classname="com.example.java设计模式.单例.Test"/>
  <testcase name="service" time="0.698" classname="com.example.java设计模式.单例.Test"/>
  <testcase name="service" time="0.000" classname="com.example.java设计模式.单例.Test"/>
  <testcase name="service" time="0.221" classname="com.example.java设计模式.单例.Test"/>
  <testcase name="service" time="0.092" classname="com.example.java设计模式.单例.Test"/>
  <testcase name="service" time="0.000" classname="com.example.java设计模式.单例.Test"/>
  <testcase name="service" time="0.234" classname="com.example.java设计模式.单例.Test"/>
  <testcase name="service" time="0.000" classname="com.example.java设计模式.单例.Test"/>
  <testcase name="service" time="0.001" classname="com.example.java设计模式.单例.Test"/>
  <testcase name="service" time="0.000" classname="com.example.java设计模式.单例.Test"/>
  <testcase name="service" time="0.325" classname="com.example.java设计模式.单例.Test"/>
  <testcase name="service" time="0.000" classname="com.example.java设计模式.单例.Test"/>
  <testcase name="service" time="0.000" classname="com.example.java设计模式.单例.Test"/>
  <testcase name="service" time="0.031" classname="com.example.java设计模式.单例.Test"/>
  <testcase name="service" time="0.115" classname="com.example.java设计模式.单例.Test"/>
  <testcase name="service" time="1.598" classname="com.example.java设计模式.单例.Test"/>
  <testcase name="service" time="0.000" classname="com.example.java设计模式.单例.Test"/>
  <testcase name="service" time="0.201" classname="com.example.java设计模式.单例.Test"/>
  <testcase name="service" time="6.833" classname="com.example.java设计模式.单例.Test"/>
  <testcase name="service" time="0.001" classname="com.example.java设计模式.单例.Test"/>
  <testcase name="service" time="0.478" classname="com.example.java设计模式.单例.Test"/>
  <testcase name="service" time="0.422" classname="com.example.java设计模式.单例.Test"/>
  <testcase name="service" time="1.357" classname="com.example.java设计模式.单例.Test"/>
  <testcase name="service" time="0.493" classname="com.example.java设计模式.单例.Test"/>
  <testcase name="service" time="1.228" classname="com.example.java设计模式.单例.Test"/>
  <testcase name="service" time="0.407" classname="com.example.java设计模式.单例.Test"/>
  <testcase name="service" time="0.000" classname="com.example.java设计模式.单例.Test"/>
  <testcase name="service" time="6.512" classname="com.example.java设计模式.单例.Test"/>
  <testcase name="service" time="0.000" classname="com.example.java设计模式.单例.Test"/>
  <testcase name="service" time="0.000" classname="com.example.java设计模式.单例.Test"/>
  <testcase name="service" time="0.593" classname="com.example.java设计模式.单例.Test"/>
  <testcase name="service" time="0.001" classname="com.example.java设计模式.单例.Test"/>
  <testcase name="service" time="0.001" classname="com.example.java设计模式.单例.Test"/>
  <testcase name="service" time="0.457" classname="com.example.java设计模式.单例.Test"/>
  <testcase name="service" time="0.000" classname="com.example.java设计模式.单例.Test"/>
  <testcase name="service" time="0.169" classname="com.example.java设计模式.单例.Test"/>
  <testcase name="service" time="0.345" classname="com.example.java设计模式.单例.Test"/>
  <testcase name="service" time="0.486" classname="com.example.java设计模式.单例.Test"/>
  <testcase name="service" time="0.001" classname="com.example.java设计模式.单例.Test"/>
  <testcase name="service" time="0.000" classname="com.example.java设计模式.单例.Test"/>
  <testcase name="service" time="0.001" classname="com.example.java设计模式.单例.Test"/>
  <testcase name="service" time="0.343" classname="com.example.java设计模式.单例.Test"/>
  <testcase name="service" time="0.000" classname="com.example.java设计模式.单例.Test"/>
  <testcase name="service" time="8.340" classname="com.example.java设计模式.单例.Test"/>
  <testcase name="service" time="0.257" classname="com.example.java设计模式.单例.Test"/>
  <testcase name="service" time="0.811" classname="com.example.java设计模式.单例.Test"/>
  <testcase name="service" time="0.794" classname="com.example.java设计模式.单例.Test"/>
  <testcase name="service" time="0.014" classname="com.example.java设计模式.单例.Test"/>
  <testcase name="service" time="0.529" classname="com.example.java设计模式.单例.Test"/>
  <testcase name="service" time="0.765" classname="com.example.java设计模式.单例.Test"/>
  <testcase name="service" time="0.000" classname="com.example.java设计模式.单例.Test"/>
  <testcase name="service" time="0.602" classname="com.example.java设计模式.单例.Test"/>
  <testcase name="service" time="1.007" classname="com.example.java设计模式.单例.Test"/>
  <testcase name="service" time="0.468" classname="com.example.java设计模式.单例.Test"/>
  <testcase name="service" time="0.000" classname="com.example.java设计模式.单例.Test"/>
  <testcase name="service" time="0.001" classname="com.example.java设计模式.单例.Test"/>
  <testcase name="service" time="0.000" classname="com.example.java设计模式.单例.Test"/>
  <testcase name="service" time="1.068" classname="com.example.java设计模式.单例.Test"/>
  <testcase name="service" time="0.790" classname="com.example.java设计模式.单例.Test"/>
  <testcase name="service" time="0.715" classname="com.example.java设计模式.单例.Test"/>
  <testcase name="service" time="0.448" classname="com.example.java设计模式.单例.Test"/>
  <testcase name="service" time="0.294" classname="com.example.java设计模式.单例.Test"/>
  <testcase name="service" time="0.000" classname="com.example.java设计模式.单例.Test"/>
  <testcase name="service" time="0.000" classname="com.example.java设计模式.单例.Test"/>
  <testcase name="service" time="8.317" classname="com.example.java设计模式.单例.Test"/>
  <testcase name="service" time="0.000" classname="com.example.java设计模式.单例.Test"/>
  <testcase name="service" time="0.126" classname="com.example.java设计模式.单例.Test"/>
  <testcase name="service" time="64.990" classname="com.example.java设计模式.单例.Test"/>
  <testcase name="service" time="0.495" classname="com.example.java设计模式.单例.Test"/>
  <testcase name="service" time="0.913" classname="com.example.java设计模式.单例.Test"/>
  <testcase name="service" time="0.170" classname="com.example.java设计模式.单例.Test"/>
  <testcase name="service" time="0.000" classname="com.example.java设计模式.单例.Test"/>
  <testcase name="service" time="0.000" classname="com.example.java设计模式.单例.Test"/>
  <testcase name="service" time="0.009" classname="com.example.java设计模式.单例.Test"/>
  <testcase name="service" time="0.000" classname="com.example.java设计模式.单例.Test"/>
  <testcase name="service" time="0.000" classname="com.example.java设计模式.单例.Test"/>
  <testcase name="service" time="0.071" classname="com.example.java设计模式.单例.Test"/>
  <testcase name="service" time="0.000" classname="com.example.java设计模式.单例.Test"/>
  <testcase name="service" time="64.623" classname="com.example.java设计模式.单例.Test"/>
  <testcase name="service" time="0.000" classname="com.example.java设计模式.单例.Test"/>
  <testcase name="service" time="0.075" classname="com.example.java设计模式.单例.Test"/>
  <testcase name="service" time="0.196" classname="com.example.java设计模式.单例.Test"/>
  <testcase name="service" time="0.001" classname="com.example.java设计模式.单例.Test"/>
  <testcase name="service" time="0.001" classname="com.example.java设计模式.单例.Test"/>
  <testcase name="service" time="0.372" classname="com.example.java设计模式.单例.Test"/>
  <testcase name="service" time="8.305" classname="com.example.java设计模式.单例.Test"/>
  <testcase name="service" time="0.752" classname="com.example.java设计模式.单例.Test"/>
  <testcase name="service" time="0.002" classname="com.example.java设计模式.单例.Test"/>
  <testcase name="service" time="0.670" classname="com.example.java设计模式.单例.Test"/>
  <testcase name="service" time="0.476" classname="com.example.java设计模式.单例.Test"/>
  <testcase name="service" time="64.541" classname="com.example.java设计模式.单例.Test"/>
  <testcase name="service" time="0.061" classname="com.example.java设计模式.单例.Test"/>
  <testcase name="service" time="0.000" classname="com.example.java设计模式.单例.Test"/>
  <testcase name="service" time="64.523" classname="com.example.java设计模式.单例.Test"/>
  <testcase name="service" time="0.501" classname="com.example.java设计模式.单例.Test"/>
  <testcase name="service" time="0.000" classname="com.example.java设计模式.单例.Test"/>
  <testcase name="service" time="0.629" classname="com.example.java设计模式.单例.Test"/>
  <testcase name="service" time="1.186" classname="com.example.java设计模式.单例.Test"/>
  <testcase name="service" time="0.438" classname="com.example.java设计模式.单例.Test"/>
  <testcase name="service" time="0.000" classname="com.example.java设计模式.单例.Test"/>
  <testcase name="service" time="0.116" classname="com.example.java设计模式.单例.Test"/>
  <testcase name="service" time="0.000" classname="com.example.java设计模式.单例.Test"/>
  <testcase name="service" time="0.618" classname="com.example.java设计模式.单例.Test"/>
  <testcase name="service" time="0.001" classname="com.example.java设计模式.单例.Test"/>
  <testcase name="service" time="0.541" classname="com.example.java设计模式.单例.Test"/>
  <testcase name="service" time="0.322" classname="com.example.java设计模式.单例.Test"/>
  <testcase name="service" time="1.394" classname="com.example.java设计模式.单例.Test"/>
  <testcase name="service" time="0.512" classname="com.example.java设计模式.单例.Test"/>
  <testcase name="service" time="0.000" classname="com.example.java设计模式.单例.Test"/>
  <testcase name="service" time="0.000" classname="com.example.java设计模式.单例.Test"/>
  <testcase name="service" time="0.000" classname="com.example.java设计模式.单例.Test"/>
  <testcase name="service" time="0.000" classname="com.example.java设计模式.单例.Test"/>
  <testcase name="service" time="0.473" classname="com.example.java设计模式.单例.Test"/>
  <testcase name="service" time="1.442" classname="com.example.java设计模式.单例.Test"/>
  <testcase name="service" time="0.633" classname="com.example.java设计模式.单例.Test"/>
  <testcase name="service" time="0.001" classname="com.example.java设计模式.单例.Test"/>
  <testcase name="service" time="0.009" classname="com.example.java设计模式.单例.Test"/>
  <testcase name="service" time="0.000" classname="com.example.java设计模式.单例.Test"/>
  <testcase name="service" time="0.000" classname="com.example.java设计模式.单例.Test"/>
  <testcase name="service" time="0.001" classname="com.example.java设计模式.单例.Test"/>
  <testcase name="service" time="0.001" classname="com.example.java设计模式.单例.Test"/>
  <testcase name="service" time="0.000" classname="com.example.java设计模式.单例.Test"/>
  <testcase name="service" time="0.001" classname="com.example.java设计模式.单例.Test"/>
  <testcase name="service" time="0.000" classname="com.example.java设计模式.单例.Test"/>
  <testcase name="service" time="0.011" classname="com.example.java设计模式.单例.Test"/>
  <testcase name="service" time="0.318" classname="com.example.java设计模式.单例.Test"/>
  <testcase name="service" time="0.024" classname="com.example.java设计模式.单例.Test"/>
  <testcase name="service" time="0.240" classname="com.example.java设计模式.单例.Test"/>
  <testcase name="service" time="0.001" classname="com.example.java设计模式.单例.Test"/>
  <testcase name="service" time="0.000" classname="com.example.java设计模式.单例.Test"/>
  <testcase name="service" time="0.001" classname="com.example.java设计模式.单例.Test"/>
  <testcase name="service" time="0.097" classname="com.example.java设计模式.单例.Test"/>
  <testcase name="service" time="0.610" classname="com.example.java设计模式.单例.Test"/>
  <testcase name="service" time="0.323" classname="com.example.java设计模式.单例.Test"/>
  <testcase name="service" time="0.000" classname="com.example.java设计模式.单例.Test"/>
  <testcase name="service" time="1.301" classname="com.example.java设计模式.单例.Test"/>
  <testcase name="service" time="0.000" classname="com.example.java设计模式.单例.Test"/>
  <testcase name="service" time="0.001" classname="com.example.java设计模式.单例.Test"/>
  <testcase name="service" time="7.140" classname="com.example.java设计模式.单例.Test"/>
  <testcase name="service" time="1.410" classname="com.example.java设计模式.单例.Test"/>
  <testcase name="service" time="0.001" classname="com.example.java设计模式.单例.Test"/>
  <testcase name="service" time="0.000" classname="com.example.java设计模式.单例.Test"/>
  <testcase name="service" time="0.106" classname="com.example.java设计模式.单例.Test"/>
  <testcase name="service" time="0.000" classname="com.example.java设计模式.单例.Test"/>
  <testcase name="service" time="0.000" classname="com.example.java设计模式.单例.Test"/>
  <testcase name="service" time="0.000" classname="com.example.java设计模式.单例.Test"/>
  <testcase name="service" time="0.078" classname="com.example.java设计模式.单例.Test"/>
  <testcase name="service" time="0.000" classname="com.example.java设计模式.单例.Test"/>
  <testcase name="service" time="0.090" classname="com.example.java设计模式.单例.Test"/>
  <testcase name="service" time="0.180" classname="com.example.java设计模式.单例.Test"/>
  <testcase name="service" time="0.762" classname="com.example.java设计模式.单例.Test"/>
  <testcase name="service" time="0.331" classname="com.example.java设计模式.单例.Test"/>
  <testcase name="service" time="0.000" classname="com.example.java设计模式.单例.Test"/>
  <testcase name="service" time="6.798" classname="com.example.java设计模式.单例.Test"/>
  <testcase name="service" time="0.032" classname="com.example.java设计模式.单例.Test"/>
  <testcase name="service" time="0.000" classname="com.example.java设计模式.单例.Test"/>
  <testcase name="service" time="0.000" classname="com.example.java设计模式.单例.Test"/>
  <testcase name="service" time="0.779" classname="com.example.java设计模式.单例.Test"/>
  <testcase name="service" time="0.000" classname="com.example.java设计模式.单例.Test"/>
  <testcase name="service" time="0.000" classname="com.example.java设计模式.单例.Test"/>
  <testcase name="service" time="64.943" classname="com.example.java设计模式.单例.Test"/>
  <testcase name="service" time="0.093" classname="com.example.java设计模式.单例.Test"/>
  <testcase name="service" time="0.163" classname="com.example.java设计模式.单例.Test"/>
  <testcase name="service" time="0.770" classname="com.example.java设计模式.单例.Test"/>
  <testcase name="service" time="0.001" classname="com.example.java设计模式.单例.Test"/>
  <testcase name="service" time="0.531" classname="com.example.java设计模式.单例.Test"/>
  <testcase name="service" time="0.000" classname="com.example.java设计模式.单例.Test"/>
  <testcase name="service" time="0.490" classname="com.example.java设计模式.单例.Test"/>
  <testcase name="service" time="0.142" classname="com.example.java设计模式.单例.Test"/>
  <testcase name="service" time="0.117" classname="com.example.java设计模式.单例.Test"/>
  <testcase name="service" time="0.000" classname="com.example.java设计模式.单例.Test"/>
  <testcase name="service" time="0.000" classname="com.example.java设计模式.单例.Test"/>
  <testcase name="service" time="64.726" classname="com.example.java设计模式.单例.Test"/>
  <testcase name="service" time="0.656" classname="com.example.java设计模式.单例.Test"/>
  <testcase name="service" time="0.184" classname="com.example.java设计模式.单例.Test"/>
  <testcase name="service" time="0.354" classname="com.example.java设计模式.单例.Test"/>
  <testcase name="service" time="1.199" classname="com.example.java设计模式.单例.Test"/>
  <testcase name="service" time="0.127" classname="com.example.java设计模式.单例.Test"/>
  <testcase name="service" time="0.726" classname="com.example.java设计模式.单例.Test"/>
  <testcase name="service" time="0.266" classname="com.example.java设计模式.单例.Test"/>
  <testcase name="service" time="0.000" classname="com.example.java设计模式.单例.Test"/>
  <testcase name="service" time="0.248" classname="com.example.java设计模式.单例.Test"/>
  <testcase name="service" time="0.001" classname="com.example.java设计模式.单例.Test"/>
  <testcase name="service" time="0.000" classname="com.example.java设计模式.单例.Test"/>
  <testcase name="service" time="0.000" classname="com.example.java设计模式.单例.Test"/>
  <testcase name="service" time="0.080" classname="com.example.java设计模式.单例.Test"/>
  <testcase name="service" time="0.108" classname="com.example.java设计模式.单例.Test"/>
  <testcase name="service" time="0.000" classname="com.example.java设计模式.单例.Test"/>
  <testcase name="service" time="0.037" classname="com.example.java设计模式.单例.Test"/>
  <testcase name="service" time="0.069" classname="com.example.java设计模式.单例.Test"/>
  <testcase name="service" time="0.652" classname="com.example.java设计模式.单例.Test"/>
  <testcase name="service" time="0.452" classname="com.example.java设计模式.单例.Test"/>
  <testcase name="service" time="0.000" classname="com.example.java设计模式.单例.Test"/>
  <testcase name="service" time="0.300" classname="com.example.java设计模式.单例.Test"/>
  <testcase name="service" time="0.000" classname="com.example.java设计模式.单例.Test"/>
  <testcase name="service" time="5.647" classname="com.example.java设计模式.单例.Test"/>
  <testcase name="service" time="0.000" classname="com.example.java设计模式.单例.Test"/>
  <testcase name="service" time="0.326" classname="com.example.java设计模式.单例.Test"/>
  <testcase name="service" time="0.000" classname="com.example.java设计模式.单例.Test"/>
  <testcase name="service" time="0.366" classname="com.example.java设计模式.单例.Test"/>
  <testcase name="service" time="0.000" classname="com.example.java设计模式.单例.Test"/>
  <testcase name="service" time="0.000" classname="com.example.java设计模式.单例.Test"/>
  <testcase name="service" time="0.000" classname="com.example.java设计模式.单例.Test"/>
  <testcase name="service" time="0.001" classname="com.example.java设计模式.单例.Test"/>
  <testcase name="service" time="7.109" classname="com.example.java设计模式.单例.Test"/>
  <testcase name="service" time="0.000" classname="com.example.java设计模式.单例.Test"/>
  <testcase name="service" time="0.015" classname="com.example.java设计模式.单例.Test"/>
  <testcase name="service" time="0.001" classname="com.example.java设计模式.单例.Test"/>
  <testcase name="service" time="0.001" classname="com.example.java设计模式.单例.Test"/>
  <testcase name="service" time="1.204" classname="com.example.java设计模式.单例.Test"/>
  <testcase name="service" time="0.099" classname="com.example.java设计模式.单例.Test"/>
  <testcase name="service" time="0.164" classname="com.example.java设计模式.单例.Test"/>
  <testcase name="service" time="0.190" classname="com.example.java设计模式.单例.Test"/>
  <testcase name="service" time="0.758" classname="com.example.java设计模式.单例.Test"/>
  <testcase name="service" time="0.000" classname="com.example.java设计模式.单例.Test"/>
  <testcase name="service" time="0.000" classname="com.example.java设计模式.单例.Test"/>
  <testcase name="service" time="0.000" classname="com.example.java设计模式.单例.Test"/>
  <testcase name="service" time="0.000" classname="com.example.java设计模式.单例.Test"/>
  <testcase name="service" time="0.000" classname="com.example.java设计模式.单例.Test"/>
  <testcase name="service" time="0.000" classname="com.example.java设计模式.单例.Test"/>
  <testcase name="service" time="0.000" classname="com.example.java设计模式.单例.Test"/>
  <testcase name="service" time="0.000" classname="com.example.java设计模式.单例.Test"/>
  <testcase name="service" time="0.000" classname="com.example.java设计模式.单例.Test"/>
  <testcase name="service" time="0.000" classname="com.example.java设计模式.单例.Test"/>
  <testcase name="service" time="0.000" classname="com.example.java设计模式.单例.Test"/>
  <testcase name="service" time="6.172" classname="com.example.java设计模式.单例.Test"/>
  <testcase name="service" time="0.005" classname="com.example.java设计模式.单例.Test"/>
  <testcase name="service" time="0.637" classname="com.example.java设计模式.单例.Test"/>
  <testcase name="service" time="0.866" classname="com.example.java设计模式.单例.Test"/>
  <testcase name="service" time="0.860" classname="com.example.java设计模式.单例.Test"/>
  <testcase name="service" time="0.001" classname="com.example.java设计模式.单例.Test"/>
  <testcase name="service" time="0.000" classname="com.example.java设计模式.单例.Test"/>
  <testcase name="service" time="0.763" classname="com.example.java设计模式.单例.Test"/>
  <testcase name="service" time="0.402" classname="com.example.java设计模式.单例.Test"/>
  <testcase name="service" time="0.108" classname="com.example.java设计模式.单例.Test"/>
  <testcase name="service" time="0.001" classname="com.example.java设计模式.单例.Test"/>
  <testcase name="service" time="0.001" classname="com.example.java设计模式.单例.Test"/>
  <testcase name="service" time="0.000" classname="com.example.java设计模式.单例.Test"/>
  <testcase name="service" time="64.814" classname="com.example.java设计模式.单例.Test"/>
  <testcase name="service" time="0.001" classname="com.example.java设计模式.单例.Test"/>
  <testcase name="service" time="0.000" classname="com.example.java设计模式.单例.Test"/>
  <testcase name="service" time="0.000" classname="com.example.java设计模式.单例.Test"/>
  <testcase name="service" time="0.276" classname="com.example.java设计模式.单例.Test"/>
  <testcase name="service" time="0.000" classname="com.example.java设计模式.单例.Test"/>
  <testcase name="service" time="0.000" classname="com.example.java设计模式.单例.Test"/>
  <testcase name="service" time="5.115" classname="com.example.java设计模式.单例.Test"/>
  <testcase name="service" time="0.000" classname="com.example.java设计模式.单例.Test"/>
  <testcase name="service" time="1.036" classname="com.example.java设计模式.单例.Test"/>
  <testcase name="service" time="0.233" classname="com.example.java设计模式.单例.Test"/>
  <testcase name="service" time="1.108" classname="com.example.java设计模式.单例.Test"/>
  <testcase name="service" time="0.000" classname="com.example.java设计模式.单例.Test"/>
  <testcase name="service" time="7.889" classname="com.example.java设计模式.单例.Test"/>
  <testcase name="service" time="0.000" classname="com.example.java设计模式.单例.Test"/>
  <testcase name="service" time="0.343" classname="com.example.java设计模式.单例.Test"/>
  <testcase name="service" time="0.000" classname="com.example.java设计模式.单例.Test"/>
  <testcase name="service" time="0.001" classname="com.example.java设计模式.单例.Test"/>
  <testcase name="service" time="0.000" classname="com.example.java设计模式.单例.Test"/>
  <testcase name="service" time="0.078" classname="com.example.java设计模式.单例.Test"/>
  <testcase name="service" time="0.000" classname="com.example.java设计模式.单例.Test"/>
  <testcase name="service" time="0.000" classname="com.example.java设计模式.单例.Test"/>
  <testcase name="service" time="0.493" classname="com.example.java设计模式.单例.Test"/>
  <testcase name="service" time="0.000" classname="com.example.java设计模式.单例.Test"/>
  <testcase name="service" time="0.000" classname="com.example.java设计模式.单例.Test"/>
  <testcase name="service" time="0.000" classname="com.example.java设计模式.单例.Test"/>
  <testcase name="service" time="0.000" classname="com.example.java设计模式.单例.Test"/>
  <testcase name="service" time="0.613" classname="com.example.java设计模式.单例.Test"/>
  <testcase name="service" time="0.857" classname="com.example.java设计模式.单例.Test"/>
  <testcase name="service" time="6.509" classname="com.example.java设计模式.单例.Test"/>
  <testcase name="service" time="0.368" classname="com.example.java设计模式.单例.Test"/>
  <testcase name="service" time="1.199" classname="com.example.java设计模式.单例.Test"/>
  <testcase name="service" time="0.000" classname="com.example.java设计模式.单例.Test"/>
  <testcase name="service" time="0.000" classname="com.example.java设计模式.单例.Test"/>
  <testcase name="service" time="0.000" classname="com.example.java设计模式.单例.Test"/>
  <testcase name="service" time="0.122" classname="com.example.java设计模式.单例.Test"/>
  <testcase name="service" time="0.000" classname="com.example.java设计模式.单例.Test"/>
  <testcase name="service" time="0.327" classname="com.example.java设计模式.单例.Test"/>
  <testcase name="service" time="0.001" classname="com.example.java设计模式.单例.Test"/>
  <testcase name="service" time="0.306" classname="com.example.java设计模式.单例.Test"/>
  <testcase name="service" time="0.084" classname="com.example.java设计模式.单例.Test"/>
  <testcase name="service" time="0.001" classname="com.example.java设计模式.单例.Test"/>
  <testcase name="service" time="0.000" classname="com.example.java设计模式.单例.Test"/>
  <testcase name="service" time="8.297" classname="com.example.java设计模式.单例.Test"/>
  <testcase name="service" time="0.000" classname="com.example.java设计模式.单例.Test"/>
  <testcase name="service" time="0.000" classname="com.example.java设计模式.单例.Test"/>
  <testcase name="service" time="0.000" classname="com.example.java设计模式.单例.Test"/>
  <testcase name="service" time="6.862" classname="com.example.java设计模式.单例.Test"/>
  <testcase name="service" time="0.015" classname="com.example.java设计模式.单例.Test"/>
  <testcase name="service" time="0.000" classname="com.example.java设计模式.单例.Test"/>
  <testcase name="service" time="0.001" classname="com.example.java设计模式.单例.Test"/>
  <testcase name="service" time="0.634" classname="com.example.java设计模式.单例.Test"/>
  <testcase name="service" time="0.968" classname="com.example.java设计模式.单例.Test"/>
  <testcase name="service" time="0.027" classname="com.example.java设计模式.单例.Test"/>
  <testcase name="service" time="0.000" classname="com.example.java设计模式.单例.Test"/>
  <testcase name="service" time="0.000" classname="com.example.java设计模式.单例.Test"/>
  <testcase name="service" time="0.001" classname="com.example.java设计模式.单例.Test"/>
  <testcase name="service" time="0.001" classname="com.example.java设计模式.单例.Test"/>
  <testcase name="service" time="0.000" classname="com.example.java设计模式.单例.Test"/>
  <testcase name="service" time="1.102" classname="com.example.java设计模式.单例.Test"/>
  <testcase name="service" time="1.024" classname="com.example.java设计模式.单例.Test"/>
  <testcase name="service" time="0.865" classname="com.example.java设计模式.单例.Test"/>
  <testcase name="service" time="0.000" classname="com.example.java设计模式.单例.Test"/>
  <testcase name="service" time="0.000" classname="com.example.java设计模式.单例.Test"/>
  <testcase name="service" time="1.004" classname="com.example.java设计模式.单例.Test"/>
  <testcase name="service" time="0.000" classname="com.example.java设计模式.单例.Test"/>
  <testcase name="service" time="6.576" classname="com.example.java设计模式.单例.Test"/>
  <testcase name="service" time="0.000" classname="com.example.java设计模式.单例.Test"/>
  <testcase name="service" time="0.001" classname="com.example.java设计模式.单例.Test"/>
  <testcase name="service" time="5.109" classname="com.example.java设计模式.单例.Test"/>
  <testcase name="service" time="0.000" classname="com.example.java设计模式.单例.Test"/>
  <testcase name="service" time="0.000" classname="com.example.java设计模式.单例.Test"/>
  <testcase name="service" time="0.000" classname="com.example.java设计模式.单例.Test"/>
  <testcase name="service" time="8.325" classname="com.example.java设计模式.单例.Test"/>
  <testcase name="service" time="0.380" classname="com.example.java设计模式.单例.Test"/>
  <testcase name="service" time="1.268" classname="com.example.java设计模式.单例.Test"/>
  <testcase name="service" time="0.631" classname="com.example.java设计模式.单例.Test"/>
  <testcase name="service" time="0.174" classname="com.example.java设计模式.单例.Test"/>
  <testcase name="service" time="0.001" classname="com.example.java设计模式.单例.Test"/>
  <testcase name="service" time="0.000" classname="com.example.java设计模式.单例.Test"/>
  <testcase name="service" time="0.236" classname="com.example.java设计模式.单例.Test"/>
  <testcase name="service" time="0.000" classname="com.example.java设计模式.单例.Test"/>
  <testcase name="service" time="0.000" classname="com.example.java设计模式.单例.Test"/>
  <testcase name="service" time="0.008" classname="com.example.java设计模式.单例.Test"/>
  <testcase name="service" time="0.219" classname="com.example.java设计模式.单例.Test"/>
  <testcase name="service" time="0.386" classname="com.example.java设计模式.单例.Test"/>
  <testcase name="service" time="0.222" classname="com.example.java设计模式.单例.Test"/>
  <testcase name="service" time="0.000" classname="com.example.java设计模式.单例.Test"/>
  <testcase name="service" time="0.000" classname="com.example.java设计模式.单例.Test"/>
  <testcase name="service" time="8.102" classname="com.example.java设计模式.单例.Test"/>
  <testcase name="service" time="6.353" classname="com.example.java设计模式.单例.Test"/>
  <testcase name="service" time="0.000" classname="com.example.java设计模式.单例.Test"/>
  <testcase name="service" time="64.624" classname="com.example.java设计模式.单例.Test"/>
  <testcase name="service" time="0.000" classname="com.example.java设计模式.单例.Test"/>
  <testcase name="service" time="0.591" classname="com.example.java设计模式.单例.Test"/>
  <testcase name="service" time="0.416" classname="com.example.java设计模式.单例.Test"/>
  <testcase name="service" time="0.708" classname="com.example.java设计模式.单例.Test"/>
  <testcase name="service" time="7.922" classname="com.example.java设计模式.单例.Test"/>
  <testcase name="service" time="0.000" classname="com.example.java设计模式.单例.Test"/>
  <testcase name="service" time="0.742" classname="com.example.java设计模式.单例.Test"/>
  <testcase name="service" time="0.000" classname="com.example.java设计模式.单例.Test"/>
  <testcase name="service" time="0.000" classname="com.example.java设计模式.单例.Test"/>
  <testcase name="service" time="8.044" classname="com.example.java设计模式.单例.Test"/>
  <testcase name="service" time="1.574" classname="com.example.java设计模式.单例.Test"/>
  <testcase name="service" time="6.311" classname="com.example.java设计模式.单例.Test"/>
  <testcase name="service" time="0.517" classname="com.example.java设计模式.单例.Test"/>
  <testcase name="service" time="0.013" classname="com.example.java设计模式.单例.Test"/>
  <testcase name="service" time="0.000" classname="com.example.java设计模式.单例.Test"/>
  <testcase name="service" time="0.000" classname="com.example.java设计模式.单例.Test"/>
  <testcase name="service" time="0.000" classname="com.example.java设计模式.单例.Test"/>
  <testcase name="service" time="0.000" classname="com.example.java设计模式.单例.Test"/>
  <testcase name="service" time="0.000" classname="com.example.java设计模式.单例.Test"/>
  <testcase name="service" time="0.000" classname="com.example.java设计模式.单例.Test"/>
  <testcase name="service" time="0.965" classname="com.example.java设计模式.单例.Test"/>
  <testcase name="service" time="0.000" classname="com.example.java设计模式.单例.Test"/>
  <testcase name="service" time="0.022" classname="com.example.java设计模式.单例.Test"/>
  <testcase name="service" time="0.000" classname="com.example.java设计模式.单例.Test"/>
  <testcase name="service" time="0.000" classname="com.example.java设计模式.单例.Test"/>
  <testcase name="service" time="0.000" classname="com.example.java设计模式.单例.Test"/>
  <testcase name="service" time="0.360" classname="com.example.java设计模式.单例.Test"/>
  <testcase name="service" time="0.459" classname="com.example.java设计模式.单例.Test"/>
  <testcase name="service" time="1.072" classname="com.example.java设计模式.单例.Test"/>
  <testcase name="service" time="0.800" classname="com.example.java设计模式.单例.Test"/>
  <testcase name="service" time="0.253" classname="com.example.java设计模式.单例.Test"/>
  <testcase name="service" time="0.882" classname="com.example.java设计模式.单例.Test"/>
  <testcase name="service" time="0.846" classname="com.example.java设计模式.单例.Test"/>
  <testcase name="service" time="0.302" classname="com.example.java设计模式.单例.Test"/>
  <testcase name="service" time="0.001" classname="com.example.java设计模式.单例.Test"/>
  <testcase name="service" time="0.240" classname="com.example.java设计模式.单例.Test"/>
  <testcase name="service" time="0.617" classname="com.example.java设计模式.单例.Test"/>
  <testcase name="service" time="0.000" classname="com.example.java设计模式.单例.Test"/>
  <testcase name="service" time="0.000" classname="com.example.java设计模式.单例.Test"/>
  <testcase name="service" time="0.000" classname="com.example.java设计模式.单例.Test"/>
  <testcase name="service" time="0.000" classname="com.example.java设计模式.单例.Test"/>
  <testcase name="service" time="0.000" classname="com.example.java设计模式.单例.Test"/>
  <testcase name="service" time="0.022" classname="com.example.java设计模式.单例.Test"/>
  <testcase name="service" time="0.190" classname="com.example.java设计模式.单例.Test"/>
  <testcase name="service" time="0.001" classname="com.example.java设计模式.单例.Test"/>
  <testcase name="service" time="0.765" classname="com.example.java设计模式.单例.Test"/>
  <testcase name="service" time="0.033" classname="com.example.java设计模式.单例.Test"/>
  <testcase name="service" time="1.122" classname="com.example.java设计模式.单例.Test"/>
  <testcase name="service" time="0.000" classname="com.example.java设计模式.单例.Test"/>
  <testcase name="service" time="0.307" classname="com.example.java设计模式.单例.Test"/>
  <testcase name="service" time="0.001" classname="com.example.java设计模式.单例.Test"/>
  <testcase name="service" time="0.839" classname="com.example.java设计模式.单例.Test"/>
  <testcase name="service" time="0.458" classname="com.example.java设计模式.单例.Test"/>
  <testcase name="service" time="0.318" classname="com.example.java设计模式.单例.Test"/>
  <testcase name="service" time="0.883" classname="com.example.java设计模式.单例.Test"/>
  <testcase name="service" time="0.001" classname="com.example.java设计模式.单例.Test"/>
  <testcase name="service" time="0.001" classname="com.example.java设计模式.单例.Test"/>
  <testcase name="service" time="0.000" classname="com.example.java设计模式.单例.Test"/>
  <testcase name="service" time="0.000" classname="com.example.java设计模式.单例.Test"/>
  <testcase name="service" time="0.241" classname="com.example.java设计模式.单例.Test"/>
  <testcase name="service" time="0.572" classname="com.example.java设计模式.单例.Test"/>
  <testcase name="service" time="0.000" classname="com.example.java设计模式.单例.Test"/>
  <testcase name="service" time="65.277" classname="com.example.java设计模式.单例.Test"/>
  <testcase name="service" time="0.000" classname="com.example.java设计模式.单例.Test"/>
  <testcase name="service" time="0.000" classname="com.example.java设计模式.单例.Test"/>
  <testcase name="service" time="0.000" classname="com.example.java设计模式.单例.Test"/>
  <testcase name="service" time="0.000" classname="com.example.java设计模式.单例.Test"/>
  <testcase name="service" time="1.095" classname="com.example.java设计模式.单例.Test"/>
  <testcase name="service" time="0.000" classname="com.example.java设计模式.单例.Test"/>
  <testcase name="service" time="0.000" classname="com.example.java设计模式.单例.Test"/>
  <testcase name="service" time="0.006" classname="com.example.java设计模式.单例.Test"/>
  <testcase name="service" time="0.000" classname="com.example.java设计模式.单例.Test"/>
  <testcase name="service" time="0.410" classname="com.example.java设计模式.单例.Test"/>
  <testcase name="service" time="0.772" classname="com.example.java设计模式.单例.Test"/>
  <testcase name="service" time="0.001" classname="com.example.java设计模式.单例.Test"/>
  <testcase name="service" time="1.115" classname="com.example.java设计模式.单例.Test"/>
  <testcase name="service" time="0.599" classname="com.example.java设计模式.单例.Test"/>
  <testcase name="service" time="0.395" classname="com.example.java设计模式.单例.Test"/>
  <testcase name="service" time="6.593" classname="com.example.java设计模式.单例.Test"/>
  <testcase name="service" time="64.976" classname="com.example.java设计模式.单例.Test"/>
  <testcase name="service" time="0.000" classname="com.example.java设计模式.单例.Test"/>
  <testcase name="service" time="0.000" classname="com.example.java设计模式.单例.Test"/>
  <testcase name="service" time="0.000" classname="com.example.java设计模式.单例.Test"/>
  <testcase name="service" time="0.819" classname="com.example.java设计模式.单例.Test"/>
  <testcase name="service" time="0.000" classname="com.example.java设计模式.单例.Test"/>
  <testcase name="service" time="0.092" classname="com.example.java设计模式.单例.Test"/>
  <testcase name="service" time="0.000" classname="com.example.java设计模式.单例.Test"/>
  <testcase name="service" time="0.000" classname="com.example.java设计模式.单例.Test"/>
  <testcase name="service" time="6.293" classname="com.example.java设计模式.单例.Test"/>
  <testcase name="service" time="0.000" classname="com.example.java设计模式.单例.Test"/>
  <testcase name="service" time="0.000" classname="com.example.java设计模式.单例.Test"/>
  <testcase name="service" time="0.000" classname="com.example.java设计模式.单例.Test"/>
  <testcase name="service" time="0.503" classname="com.example.java设计模式.单例.Test"/>
  <testcase name="service" time="0.958" classname="com.example.java设计模式.单例.Test"/>
  <testcase name="service" time="1.279" classname="com.example.java设计模式.单例.Test"/>
  <testcase name="service" time="64.505" classname="com.example.java设计模式.单例.Test"/>
  <testcase name="service" time="0.089" classname="com.example.java设计模式.单例.Test"/>
  <testcase name="service" time="0.000" classname="com.example.java设计模式.单例.Test"/>
  <testcase name="service" time="0.881" classname="com.example.java设计模式.单例.Test"/>
  <testcase name="service" time="0.000" classname="com.example.java设计模式.单例.Test"/>
  <testcase name="service" time="0.787" classname="com.example.java设计模式.单例.Test"/>
  <testcase name="service" time="0.836" classname="com.example.java设计模式.单例.Test"/>
  <testcase name="service" time="0.000" classname="com.example.java设计模式.单例.Test"/>
  <testcase name="service" time="5.116" classname="com.example.java设计模式.单例.Test"/>
  <testcase name="service" time="0.000" classname="com.example.java设计模式.单例.Test"/>
  <testcase name="service" time="0.991" classname="com.example.java设计模式.单例.Test"/>
  <testcase name="service" time="0.917" classname="com.example.java设计模式.单例.Test"/>
  <testcase name="service" time="0.090" classname="com.example.java设计模式.单例.Test"/>
  <testcase name="service" time="0.874" classname="com.example.java设计模式.单例.Test"/>
  <testcase name="service" time="0.001" classname="com.example.java设计模式.单例.Test"/>
  <testcase name="service" time="0.187" classname="com.example.java设计模式.单例.Test"/>
  <testcase name="service" time="0.000" classname="com.example.java设计模式.单例.Test"/>
  <testcase name="service" time="0.196" classname="com.example.java设计模式.单例.Test"/>
  <testcase name="service" time="0.486" classname="com.example.java设计模式.单例.Test"/>
  <testcase name="service" time="0.000" classname="com.example.java设计模式.单例.Test"/>
  <testcase name="service" time="0.000" classname="com.example.java设计模式.单例.Test"/>
  <testcase name="service" time="6.895" classname="com.example.java设计模式.单例.Test"/>
  <testcase name="service" time="0.677" classname="com.example.java设计模式.单例.Test"/>
  <testcase name="service" time="0.070" classname="com.example.java设计模式.单例.Test"/>
  <testcase name="service" time="0.000" classname="com.example.java设计模式.单例.Test"/>
  <testcase name="service" time="0.000" classname="com.example.java设计模式.单例.Test"/>
  <testcase name="service" time="0.001" classname="com.example.java设计模式.单例.Test"/>
  <testcase name="service" time="0.000" classname="com.example.java设计模式.单例.Test"/>
  <testcase name="service" time="0.000" classname="com.example.java设计模式.单例.Test"/>
  <testcase name="service" time="0.170" classname="com.example.java设计模式.单例.Test"/>
  <testcase name="service" time="0.000" classname="com.example.java设计模式.单例.Test"/>
  <testcase name="service" time="1.187" classname="com.example.java设计模式.单例.Test"/>
  <testcase name="service" time="0.000" classname="com.example.java设计模式.单例.Test"/>
  <testcase name="service" time="0.001" classname="com.example.java设计模式.单例.Test"/>
  <testcase name="service" time="0.378" classname="com.example.java设计模式.单例.Test"/>
  <testcase name="service" time="0.345" classname="com.example.java设计模式.单例.Test"/>
  <testcase name="service" time="0.000" classname="com.example.java设计模式.单例.Test"/>
  <testcase name="service" time="0.000" classname="com.example.java设计模式.单例.Test"/>
  <testcase name="service" time="0.000" classname="com.example.java设计模式.单例.Test"/>
  <testcase name="service" time="0.000" classname="com.example.java设计模式.单例.Test"/>
  <testcase name="service" time="0.001" classname="com.example.java设计模式.单例.Test"/>
  <testcase name="service" time="0.071" classname="com.example.java设计模式.单例.Test"/>
  <testcase name="service" time="0.792" classname="com.example.java设计模式.单例.Test"/>
  <testcase name="service" time="0.958" classname="com.example.java设计模式.单例.Test"/>
  <testcase name="service" time="0.000" classname="com.example.java设计模式.单例.Test"/>
  <testcase name="service" time="0.000" classname="com.example.java设计模式.单例.Test"/>
  <testcase name="service" time="0.695" classname="com.example.java设计模式.单例.Test"/>
  <testcase name="service" time="0.846" classname="com.example.java设计模式.单例.Test"/>
  <testcase name="service" time="0.348" classname="com.example.java设计模式.单例.Test"/>
  <testcase name="service" time="0.073" classname="com.example.java设计模式.单例.Test"/>
  <testcase name="service" time="0.033" classname="com.example.java设计模式.单例.Test"/>
  <testcase name="service" time="0.536" classname="com.example.java设计模式.单例.Test"/>
  <testcase name="service" time="1.097" classname="com.example.java设计模式.单例.Test"/>
  <testcase name="service" time="0.001" classname="com.example.java设计模式.单例.Test"/>
  <testcase name="service" time="0.000" classname="com.example.java设计模式.单例.Test"/>
  <testcase name="service" time="0.000" classname="com.example.java设计模式.单例.Test"/>
  <testcase name="service" time="0.001" classname="com.example.java设计模式.单例.Test"/>
  <testcase name="service" time="0.000" classname="com.example.java设计模式.单例.Test"/>
  <testcase name="service" time="0.153" classname="com.example.java设计模式.单例.Test"/>
  <testcase name="service" time="64.819" classname="com.example.java设计模式.单例.Test"/>
  <testcase name="service" time="0.000" classname="com.example.java设计模式.单例.Test"/>
  <testcase name="service" time="0.001" classname="com.example.java设计模式.单例.Test"/>
  <testcase name="service" time="0.000" classname="com.example.java设计模式.单例.Test"/>
  <testcase name="service" time="1.113" classname="com.example.java设计模式.单例.Test"/>
  <testcase name="service" time="0.000" classname="com.example.java设计模式.单例.Test"/>
  <testcase name="service" time="1.097" classname="com.example.java设计模式.单例.Test"/>
  <testcase name="service" time="64.742" classname="com.example.java设计模式.单例.Test"/>
  <testcase name="service" time="0.000" classname="com.example.java设计模式.单例.Test"/>
  <testcase name="service" time="0.166" classname="com.example.java设计模式.单例.Test"/>
  <testcase name="service" time="0.000" classname="com.example.java设计模式.单例.Test"/>
  <testcase name="service" time="0.000" classname="com.example.java设计模式.单例.Test"/>
  <testcase name="service" time="1.400" classname="com.example.java设计模式.单例.Test"/>
  <testcase name="service" time="0.000" classname="com.example.java设计模式.单例.Test"/>
  <testcase name="service" time="0.045" classname="com.example.java设计模式.单例.Test"/>
  <testcase name="service" time="0.220" classname="com.example.java设计模式.单例.Test"/>
  <testcase name="service" time="0.706" classname="com.example.java设计模式.单例.Test"/>
  <testcase name="service" time="0.001" classname="com.example.java设计模式.单例.Test"/>
  <testcase name="service" time="7.160" classname="com.example.java设计模式.单例.Test"/>
  <testcase name="service" time="0.000" classname="com.example.java设计模式.单例.Test"/>
  <testcase name="service" time="0.000" classname="com.example.java设计模式.单例.Test"/>
  <testcase name="service" time="0.000" classname="com.example.java设计模式.单例.Test"/>
  <testcase name="service" time="0.000" classname="com.example.java设计模式.单例.Test"/>
  <testcase name="service" time="0.868" classname="com.example.java设计模式.单例.Test"/>
  <testcase name="service" time="0.314" classname="com.example.java设计模式.单例.Test"/>
  <testcase name="service" time="0.000" classname="com.example.java设计模式.单例.Test"/>
  <testcase name="service" time="0.000" classname="com.example.java设计模式.单例.Test"/>
  <testcase name="service" time="0.696" classname="com.example.java设计模式.单例.Test"/>
  <testcase name="service" time="0.000" classname="com.example.java设计模式.单例.Test"/>
  <testcase name="service" time="0.000" classname="com.example.java设计模式.单例.Test"/>
  <testcase name="service" time="0.100" classname="com.example.java设计模式.单例.Test"/>
  <testcase name="service" time="0.486" classname="com.example.java设计模式.单例.Test"/>
  <testcase name="service" time="0.000" classname="com.example.java设计模式.单例.Test"/>
  <testcase name="service" time="0.000" classname="com.example.java设计模式.单例.Test"/>
  <testcase name="service" time="0.000" classname="com.example.java设计模式.单例.Test"/>
  <testcase name="service" time="0.000" classname="com.example.java设计模式.单例.Test"/>
  <testcase name="service" time="0.187" classname="com.example.java设计模式.单例.Test"/>
  <testcase name="service" time="8.112" classname="com.example.java设计模式.单例.Test"/>
  <testcase name="service" time="0.269" classname="com.example.java设计模式.单例.Test"/>
  <testcase name="service" time="0.000" classname="com.example.java设计模式.单例.Test"/>
  <testcase name="service" time="0.400" classname="com.example.java设计模式.单例.Test"/>
  <testcase name="service" time="0.000" classname="com.example.java设计模式.单例.Test"/>
  <testcase name="service" time="0.000" classname="com.example.java设计模式.单例.Test"/>
  <testcase name="service" time="0.145" classname="com.example.java设计模式.单例.Test"/>
  <testcase name="service" time="0.331" classname="com.example.java设计模式.单例.Test"/>
  <testcase name="service" time="0.678" classname="com.example.java设计模式.单例.Test"/>
  <testcase name="service" time="7.755" classname="com.example.java设计模式.单例.Test"/>
  <testcase name="service" time="0.000" classname="com.example.java设计模式.单例.Test"/>
  <testcase name="service" time="0.000" classname="com.example.java设计模式.单例.Test"/>
  <testcase name="service" time="0.000" classname="com.example.java设计模式.单例.Test"/>
  <testcase name="service" time="0.114" classname="com.example.java设计模式.单例.Test"/>
  <testcase name="service" time="0.001" classname="com.example.java设计模式.单例.Test"/>
  <testcase name="service" time="0.798" classname="com.example.java设计模式.单例.Test"/>
  <testcase name="service" time="0.000" classname="com.example.java设计模式.单例.Test"/>
  <testcase name="service" time="0.714" classname="com.example.java设计模式.单例.Test"/>
  <testcase name="service" time="6.744" classname="com.example.java设计模式.单例.Test"/>
  <testcase name="service" time="0.013" classname="com.example.java设计模式.单例.Test"/>
  <testcase name="service" time="0.000" classname="com.example.java设计模式.单例.Test"/>
  <testcase name="service" time="0.000" classname="com.example.java设计模式.单例.Test"/>
  <testcase name="service" time="0.000" classname="com.example.java设计模式.单例.Test"/>
  <testcase name="service" time="0.397" classname="com.example.java设计模式.单例.Test"/>
  <testcase name="service" time="0.001" classname="com.example.java设计模式.单例.Test"/>
  <testcase name="service" time="0.587" classname="com.example.java设计模式.单例.Test"/>
  <testcase name="service" time="0.000" classname="com.example.java设计模式.单例.Test"/>
  <testcase name="service" time="0.001" classname="com.example.java设计模式.单例.Test"/>
  <testcase name="service" time="0.000" classname="com.example.java设计模式.单例.Test"/>
  <testcase name="service" time="65.021" classname="com.example.java设计模式.单例.Test"/>
  <testcase name="service" time="7.868" classname="com.example.java设计模式.单例.Test"/>
  <testcase name="service" time="0.000" classname="com.example.java设计模式.单例.Test"/>
  <testcase name="service" time="0.000" classname="com.example.java设计模式.单例.Test"/>
  <testcase name="service" time="0.189" classname="com.example.java设计模式.单例.Test"/>
  <testcase name="service" time="0.000" classname="com.example.java设计模式.单例.Test"/>
  <testcase name="service" time="0.000" classname="com.example.java设计模式.单例.Test"/>
  <testcase name="service" time="0.000" classname="com.example.java设计模式.单例.Test"/>
  <testcase name="service" time="6.329" classname="com.example.java设计模式.单例.Test"/>
  <testcase name="service" time="0.000" classname="com.example.java设计模式.单例.Test"/>
  <testcase name="service" time="0.991" classname="com.example.java设计模式.单例.Test"/>
  <testcase name="service" time="0.428" classname="com.example.java设计模式.单例.Test"/>
  <testcase name="service" time="6.737" classname="com.example.java设计模式.单例.Test"/>
  <testcase name="service" time="0.000" classname="com.example.java设计模式.单例.Test"/>
  <testcase name="service" time="0.924" classname="com.example.java设计模式.单例.Test"/>
  <testcase name="service" time="8.146" classname="com.example.java设计模式.单例.Test"/>
  <testcase name="service" time="0.737" classname="com.example.java设计模式.单例.Test"/>
  <testcase name="service" time="0.000" classname="com.example.java设计模式.单例.Test"/>
  <testcase name="service" time="0.000" classname="com.example.java设计模式.单例.Test"/>
  <testcase name="service" time="0.000" classname="com.example.java设计模式.单例.Test"/>
  <testcase name="service" time="0.037" classname="com.example.java设计模式.单例.Test"/>
  <testcase name="service" time="0.001" classname="com.example.java设计模式.单例.Test"/>
  <testcase name="service" time="0.000" classname="com.example.java设计模式.单例.Test"/>
  <testcase name="service" time="0.001" classname="com.example.java设计模式.单例.Test"/>
  <testcase name="service" time="0.000" classname="com.example.java设计模式.单例.Test"/>
  <testcase name="service" time="0.000" classname="com.example.java设计模式.单例.Test"/>
  <testcase name="service" time="0.001" classname="com.example.java设计模式.单例.Test"/>
  <testcase name="service" time="8.016" classname="com.example.java设计模式.单例.Test"/>
  <testcase name="service" time="0.000" classname="com.example.java设计模式.单例.Test"/>
  <testcase name="service" time="0.000" classname="com.example.java设计模式.单例.Test"/>
  <testcase name="service" time="0.811" classname="com.example.java设计模式.单例.Test"/>
  <testcase name="service" time="0.778" classname="com.example.java设计模式.单例.Test"/>
  <testcase name="service" time="1.061" classname="com.example.java设计模式.单例.Test"/>
  <testcase name="service" time="7.779" classname="com.example.java设计模式.单例.Test"/>
  <testcase name="service" time="0.000" classname="com.example.java设计模式.单例.Test"/>
  <testcase name="service" time="0.171" classname="com.example.java设计模式.单例.Test"/>
  <testcase name="service" time="8.051" classname="com.example.java设计模式.单例.Test"/>
  <testcase name="service" time="0.438" classname="com.example.java设计模式.单例.Test"/>
  <testcase name="service" time="64.983" classname="com.example.java设计模式.单例.Test"/>
  <testcase name="service" time="0.378" classname="com.example.java设计模式.单例.Test"/>
  <testcase name="service" time="0.455" classname="com.example.java设计模式.单例.Test"/>
  <testcase name="service" time="0.000" classname="com.example.java设计模式.单例.Test"/>
  <testcase name="service" time="0.396" classname="com.example.java设计模式.单例.Test"/>
  <testcase name="service" time="0.977" classname="com.example.java设计模式.单例.Test"/>
  <testcase name="service" time="0.000" classname="com.example.java设计模式.单例.Test"/>
  <testcase name="service" time="0.000" classname="com.example.java设计模式.单例.Test"/>
  <testcase name="service" time="0.598" classname="com.example.java设计模式.单例.Test"/>
  <testcase name="service" time="0.000" classname="com.example.java设计模式.单例.Test"/>
  <testcase name="service" time="0.152" classname="com.example.java设计模式.单例.Test"/>
  <testcase name="service" time="0.527" classname="com.example.java设计模式.单例.Test"/>
  <testcase name="service" time="0.001" classname="com.example.java设计模式.单例.Test"/>
  <testcase name="service" time="0.000" classname="com.example.java设计模式.单例.Test"/>
  <testcase name="service" time="0.149" classname="com.example.java设计模式.单例.Test"/>
  <testcase name="service" time="0.685" classname="com.example.java设计模式.单例.Test"/>
  <testcase name="service" time="0.168" classname="com.example.java设计模式.单例.Test"/>
  <testcase name="service" time="0.000" classname="com.example.java设计模式.单例.Test"/>
  <testcase name="service" time="0.000" classname="com.example.java设计模式.单例.Test"/>
  <testcase name="service" time="0.105" classname="com.example.java设计模式.单例.Test"/>
  <testcase name="service" time="7.881" classname="com.example.java设计模式.单例.Test"/>
  <testcase name="service" time="0.245" classname="com.example.java设计模式.单例.Test"/>
  <testcase name="service" time="0.000" classname="com.example.java设计模式.单例.Test"/>
  <testcase name="service" time="0.000" classname="com.example.java设计模式.单例.Test"/>
  <testcase name="service" time="0.011" classname="com.example.java设计模式.单例.Test"/>
  <testcase name="service" time="0.000" classname="com.example.java设计模式.单例.Test"/>
  <testcase name="service" time="0.000" classname="com.example.java设计模式.单例.Test"/>
  <testcase name="service" time="0.957" classname="com.example.java设计模式.单例.Test"/>
  <testcase name="service" time="0.075" classname="com.example.java设计模式.单例.Test"/>
  <testcase name="service" time="0.001" classname="com.example.java设计模式.单例.Test"/>
  <testcase name="service" time="0.192" classname="com.example.java设计模式.单例.Test"/>
  <testcase name="service" time="0.000" classname="com.example.java设计模式.单例.Test"/>
  <testcase name="service" time="65.025" classname="com.example.java设计模式.单例.Test"/>
  <testcase name="service" time="0.393" classname="com.example.java设计模式.单例.Test"/>
  <testcase name="service" time="0.375" classname="com.example.java设计模式.单例.Test"/>
  <testcase name="service" time="0.661" classname="com.example.java设计模式.单例.Test"/>
  <testcase name="service" time="1.479" classname="com.example.java设计模式.单例.Test"/>
  <testcase name="service" time="0.263" classname="com.example.java设计模式.单例.Test"/>
  <testcase name="service" time="0.001" classname="com.example.java设计模式.单例.Test"/>
  <testcase name="service" time="0.000" classname="com.example.java设计模式.单例.Test"/>
  <testcase name="service" time="0.495" classname="com.example.java设计模式.单例.Test"/>
  <testcase name="service" time="0.000" classname="com.example.java设计模式.单例.Test"/>
  <testcase name="service" time="0.000" classname="com.example.java设计模式.单例.Test"/>
  <testcase name="service" time="6.315" classname="com.example.java设计模式.单例.Test"/>
  <testcase name="service" time="0.362" classname="com.example.java设计模式.单例.Test"/>
  <testcase name="service" time="0.430" classname="com.example.java设计模式.单例.Test"/>
  <testcase name="service" time="0.045" classname="com.example.java设计模式.单例.Test"/>
  <testcase name="service" time="0.000" classname="com.example.java设计模式.单例.Test"/>
  <testcase name="service" time="0.498" classname="com.example.java设计模式.单例.Test"/>
  <testcase name="service" time="0.001" classname="com.example.java设计模式.单例.Test"/>
  <testcase name="service" time="0.000" classname="com.example.java设计模式.单例.Test"/>
  <testcase name="service" time="0.429" classname="com.example.java设计模式.单例.Test"/>
  <testcase name="service" time="64.638" classname="com.example.java设计模式.单例.Test"/>
  <testcase name="service" time="0.000" classname="com.example.java设计模式.单例.Test"/>
  <testcase name="service" time="0.000" classname="com.example.java设计模式.单例.Test"/>
  <testcase name="service" time="0.000" classname="com.example.java设计模式.单例.Test"/>
  <testcase name="service" time="0.271" classname="com.example.java设计模式.单例.Test"/>
  <testcase name="service" time="7.792" classname="com.example.java设计模式.单例.Test"/>
  <testcase name="service" time="0.625" classname="com.example.java设计模式.单例.Test"/>
  <testcase name="service" time="0.000" classname="com.example.java设计模式.单例.Test"/>
  <testcase name="service" time="0.000" classname="com.example.java设计模式.单例.Test"/>
  <testcase name="service" time="1.426" classname="com.example.java设计模式.单例.Test"/>
  <testcase name="service" time="0.983" classname="com.example.java设计模式.单例.Test"/>
  <testcase name="service" time="64.993" classname="com.example.java设计模式.单例.Test"/>
  <testcase name="service" time="0.000" classname="com.example.java设计模式.单例.Test"/>
  <testcase name="service" time="0.000" classname="com.example.java设计模式.单例.Test"/>
  <testcase name="service" time="0.879" classname="com.example.java设计模式.单例.Test"/>
  <testcase name="service" time="0.099" classname="com.example.java设计模式.单例.Test"/>
  <testcase name="service" time="0.000" classname="com.example.java设计模式.单例.Test"/>
  <testcase name="service" time="1.266" classname="com.example.java设计模式.单例.Test"/>
  <testcase name="service" time="0.256" classname="com.example.java设计模式.单例.Test"/>
  <testcase name="service" time="0.001" classname="com.example.java设计模式.单例.Test"/>
  <testcase name="service" time="0.000" classname="com.example.java设计模式.单例.Test"/>
  <testcase name="service" time="8.135" classname="com.example.java设计模式.单例.Test"/>
  <testcase name="service" time="1.006" classname="com.example.java设计模式.单例.Test"/>
  <testcase name="service" time="0.873" classname="com.example.java设计模式.单例.Test"/>
  <testcase name="service" time="5.164" classname="com.example.java设计模式.单例.Test"/>
  <testcase name="service" time="6.415" classname="com.example.java设计模式.单例.Test"/>
  <testcase name="service" time="0.712" classname="com.example.java设计模式.单例.Test"/>
  <testcase name="service" time="0.309" classname="com.example.java设计模式.单例.Test"/>
  <testcase name="service" time="1.000" classname="com.example.java设计模式.单例.Test"/>
  <testcase name="service" time="0.000" classname="com.example.java设计模式.单例.Test"/>
  <testcase name="service" time="0.626" classname="com.example.java设计模式.单例.Test"/>
  <testcase name="service" time="0.004" classname="com.example.java设计模式.单例.Test"/>
  <testcase name="service" time="0.001" classname="com.example.java设计模式.单例.Test"/>
  <testcase name="service" time="0.000" classname="com.example.java设计模式.单例.Test"/>
  <testcase name="service" time="6.929" classname="com.example.java设计模式.单例.Test"/>
  <testcase name="service" time="7.089" classname="com.example.java设计模式.单例.Test"/>
  <testcase name="service" time="0.000" classname="com.example.java设计模式.单例.Test"/>
  <testcase name="service" time="0.000" classname="com.example.java设计模式.单例.Test"/>
  <testcase name="service" time="0.826" classname="com.example.java设计模式.单例.Test"/>
  <testcase name="service" time="0.001" classname="com.example.java设计模式.单例.Test"/>
  <testcase name="service" time="0.000" classname="com.example.java设计模式.单例.Test"/>
  <testcase name="service" time="0.662" classname="com.example.java设计模式.单例.Test"/>
  <testcase name="service" time="0.000" classname="com.example.java设计模式.单例.Test"/>
  <testcase name="service" time="0.158" classname="com.example.java设计模式.单例.Test"/>
  <testcase name="service" time="0.001" classname="com.example.java设计模式.单例.Test"/>
  <testcase name="service" time="0.000" classname="com.example.java设计模式.单例.Test"/>
  <testcase name="service" time="0.000" classname="com.example.java设计模式.单例.Test"/>
  <testcase name="service" time="0.037" classname="com.example.java设计模式.单例.Test"/>
  <testcase name="service" time="0.000" classname="com.example.java设计模式.单例.Test"/>
  <testcase name="service" time="0.000" classname="com.example.java设计模式.单例.Test"/>
  <testcase name="service" time="0.001" classname="com.example.java设计模式.单例.Test"/>
  <testcase name="service" time="0.655" classname="com.example.java设计模式.单例.Test"/>
  <testcase name="service" time="0.274" classname="com.example.java设计模式.单例.Test"/>
  <testcase name="service" time="0.000" classname="com.example.java设计模式.单例.Test"/>
  <testcase name="service" time="0.000" classname="com.example.java设计模式.单例.Test"/>
  <testcase name="service" time="0.000" classname="com.example.java设计模式.单例.Test"/>
  <testcase name="service" time="0.000" classname="com.example.java设计模式.单例.Test"/>
  <testcase name="service" time="0.000" classname="com.example.java设计模式.单例.Test"/>
  <testcase name="service" time="0.028" classname="com.example.java设计模式.单例.Test"/>
  <testcase name="service" time="0.250" classname="com.example.java设计模式.单例.Test"/>
  <testcase name="service" time="0.000" classname="com.example.java设计模式.单例.Test"/>
  <testcase name="service" time="1.234" classname="com.example.java设计模式.单例.Test"/>
  <testcase name="service" time="0.000" classname="com.example.java设计模式.单例.Test"/>
  <testcase name="service" time="0.185" classname="com.example.java设计模式.单例.Test"/>
  <testcase name="service" time="0.726" classname="com.example.java设计模式.单例.Test"/>
  <testcase name="service" time="0.000" classname="com.example.java设计模式.单例.Test"/>
  <testcase name="service" time="0.000" classname="com.example.java设计模式.单例.Test"/>
  <testcase name="service" time="0.015" classname="com.example.java设计模式.单例.Test"/>
  <testcase name="service" time="0.643" classname="com.example.java设计模式.单例.Test"/>
  <testcase name="service" time="0.000" classname="com.example.java设计模式.单例.Test"/>
  <testcase name="service" time="0.000" classname="com.example.java设计模式.单例.Test"/>
  <testcase name="service" time="0.101" classname="com.example.java设计模式.单例.Test"/>
  <testcase name="service" time="0.000" classname="com.example.java设计模式.单例.Test"/>
  <testcase name="service" time="0.000" classname="com.example.java设计模式.单例.Test"/>
  <testcase name="service" time="0.153" classname="com.example.java设计模式.单例.Test"/>
  <testcase name="service" time="1.206" classname="com.example.java设计模式.单例.Test"/>
  <testcase name="service" time="0.000" classname="com.example.java设计模式.单例.Test"/>
  <testcase name="service" time="0.000" classname="com.example.java设计模式.单例.Test"/>
  <testcase name="service" time="1.015" classname="com.example.java设计模式.单例.Test"/>
  <testcase name="service" time="0.636" classname="com.example.java设计模式.单例.Test"/>
  <testcase name="service" time="1.195" classname="com.example.java设计模式.单例.Test"/>
  <testcase name="service" time="1.485" classname="com.example.java设计模式.单例.Test"/>
  <testcase name="service" time="0.834" classname="com.example.java设计模式.单例.Test"/>
  <testcase name="service" time="1.075" classname="com.example.java设计模式.单例.Test"/>
  <testcase name="service" time="0.001" classname="com.example.java设计模式.单例.Test"/>
  <testcase name="service" time="0.001" classname="com.example.java设计模式.单例.Test"/>
  <testcase name="service" time="0.000" classname="com.example.java设计模式.单例.Test"/>
  <testcase name="service" time="1.502" classname="com.example.java设计模式.单例.Test"/>
  <testcase name="service" time="0.000" classname="com.example.java设计模式.单例.Test"/>
  <testcase name="service" time="0.001" classname="com.example.java设计模式.单例.Test"/>
  <testcase name="service" time="0.021" classname="com.example.java设计模式.单例.Test"/>
  <testcase name="service" time="0.000" classname="com.example.java设计模式.单例.Test"/>
  <testcase name="service" time="0.000" classname="com.example.java设计模式.单例.Test"/>
  <testcase name="service" time="0.180" classname="com.example.java设计模式.单例.Test"/>
  <testcase name="service" time="0.114" classname="com.example.java设计模式.单例.Test"/>
  <testcase name="service" time="0.539" classname="com.example.java设计模式.单例.Test"/>
  <testcase name="service" time="0.775" classname="com.example.java设计模式.单例.Test"/>
  <testcase name="service" time="0.000" classname="com.example.java设计模式.单例.Test"/>
  <testcase name="service" time="0.001" classname="com.example.java设计模式.单例.Test"/>
  <testcase name="service" time="0.418" classname="com.example.java设计模式.单例.Test"/>
  <testcase name="service" time="0.365" classname="com.example.java设计模式.单例.Test"/>
  <testcase name="service" time="0.060" classname="com.example.java设计模式.单例.Test"/>
  <testcase name="service" time="0.206" classname="com.example.java设计模式.单例.Test"/>
  <testcase name="service" time="0.000" classname="com.example.java设计模式.单例.Test"/>
  <testcase name="service" time="0.000" classname="com.example.java设计模式.单例.Test"/>
  <testcase name="service" time="0.001" classname="com.example.java设计模式.单例.Test"/>
  <testcase name="service" time="5.109" classname="com.example.java设计模式.单例.Test"/>
  <testcase name="service" time="0.899" classname="com.example.java设计模式.单例.Test"/>
  <testcase name="service" time="6.860" classname="com.example.java设计模式.单例.Test"/>
  <testcase name="service" time="0.228" classname="com.example.java设计模式.单例.Test"/>
  <testcase name="service" time="0.619" classname="com.example.java设计模式.单例.Test"/>
  <testcase name="service" time="0.000" classname="com.example.java设计模式.单例.Test"/>
  <testcase name="service" time="0.001" classname="com.example.java设计模式.单例.Test"/>
  <testcase name="service" time="0.707" classname="com.example.java设计模式.单例.Test"/>
  <testcase name="service" time="0.002" classname="com.example.java设计模式.单例.Test"/>
  <testcase name="service" time="0.000" classname="com.example.java设计模式.单例.Test"/>
  <testcase name="service" time="0.000" classname="com.example.java设计模式.单例.Test"/>
  <testcase name="service" time="0.000" classname="com.example.java设计模式.单例.Test"/>
  <testcase name="service" time="0.000" classname="com.example.java设计模式.单例.Test"/>
  <testcase name="service" time="0.000" classname="com.example.java设计模式.单例.Test"/>
  <testcase name="service" time="0.000" classname="com.example.java设计模式.单例.Test"/>
  <testcase name="service" time="0.000" classname="com.example.java设计模式.单例.Test"/>
  <testcase name="service" time="0.018" classname="com.example.java设计模式.单例.Test"/>
  <testcase name="service" time="0.000" classname="com.example.java设计模式.单例.Test"/>
  <testcase name="service" time="0.000" classname="com.example.java设计模式.单例.Test"/>
  <testcase name="service" time="0.000" classname="com.example.java设计模式.单例.Test"/>
  <testcase name="service" time="0.000" classname="com.example.java设计模式.单例.Test"/>
  <testcase name="service" time="0.341" classname="com.example.java设计模式.单例.Test"/>
  <testcase name="service" time="0.000" classname="com.example.java设计模式.单例.Test"/>
  <testcase name="service" time="0.589" classname="com.example.java设计模式.单例.Test"/>
  <testcase name="service" time="0.000" classname="com.example.java设计模式.单例.Test"/>
  <testcase name="service" time="0.000" classname="com.example.java设计模式.单例.Test"/>
  <testcase name="service" time="6.587" classname="com.example.java设计模式.单例.Test"/>
  <testcase name="service" time="0.001" classname="com.example.java设计模式.单例.Test"/>
  <testcase name="service" time="0.001" classname="com.example.java设计模式.单例.Test"/>
  <testcase name="service" time="0.000" classname="com.example.java设计模式.单例.Test"/>
  <testcase name="service" time="0.000" classname="com.example.java设计模式.单例.Test"/>
  <testcase name="service" time="0.000" classname="com.example.java设计模式.单例.Test"/>
  <testcase name="service" time="0.424" classname="com.example.java设计模式.单例.Test"/>
  <testcase name="service" time="1.479" classname="com.example.java设计模式.单例.Test"/>
  <testcase name="service" time="0.000" classname="com.example.java设计模式.单例.Test"/>
  <testcase name="service" time="0.495" classname="com.example.java设计模式.单例.Test"/>
  <testcase name="service" time="0.000" classname="com.example.java设计模式.单例.Test"/>
  <testcase name="service" time="1.132" classname="com.example.java设计模式.单例.Test"/>
  <testcase name="service" time="6.739" classname="com.example.java设计模式.单例.Test"/>
  <testcase name="service" time="0.001" classname="com.example.java设计模式.单例.Test"/>
  <testcase name="service" time="0.002" classname="com.example.java设计模式.单例.Test"/>
  <testcase name="service" time="8.350" classname="com.example.java设计模式.单例.Test"/>
  <testcase name="service" time="0.000" classname="com.example.java设计模式.单例.Test"/>
  <testcase name="service" time="0.000" classname="com.example.java设计模式.单例.Test"/>
  <testcase name="service" time="0.000" classname="com.example.java设计模式.单例.Test"/>
  <testcase name="service" time="0.000" classname="com.example.java设计模式.单例.Test"/>
  <testcase name="service" time="0.116" classname="com.example.java设计模式.单例.Test"/>
  <testcase name="service" time="0.089" classname="com.example.java设计模式.单例.Test"/>
  <testcase name="service" time="0.000" classname="com.example.java设计模式.单例.Test"/>
  <testcase name="service" time="0.426" classname="com.example.java设计模式.单例.Test"/>
  <testcase name="service" time="0.000" classname="com.example.java设计模式.单例.Test"/>
  <testcase name="service" time="0.178" classname="com.example.java设计模式.单例.Test"/>
  <testcase name="service" time="0.768" classname="com.example.java设计模式.单例.Test"/>
  <testcase name="service" time="6.668" classname="com.example.java设计模式.单例.Test"/>
  <testcase name="service" time="0.001" classname="com.example.java设计模式.单例.Test"/>
  <testcase name="service" time="0.066" classname="com.example.java设计模式.单例.Test"/>
  <testcase name="service" time="0.864" classname="com.example.java设计模式.单例.Test"/>
  <testcase name="service" time="0.000" classname="com.example.java设计模式.单例.Test"/>
  <testcase name="service" time="0.374" classname="com.example.java设计模式.单例.Test"/>
  <testcase name="service" time="0.319" classname="com.example.java设计模式.单例.Test"/>
  <testcase name="service" time="0.383" classname="com.example.java设计模式.单例.Test"/>
  <testcase name="service" time="0.619" classname="com.example.java设计模式.单例.Test"/>
  <testcase name="service" time="0.451" classname="com.example.java设计模式.单例.Test"/>
  <testcase name="service" time="0.363" classname="com.example.java设计模式.单例.Test"/>
  <testcase name="service" time="0.002" classname="com.example.java设计模式.单例.Test"/>
  <testcase name="service" time="0.049" classname="com.example.java设计模式.单例.Test"/>
  <testcase name="service" time="0.000" classname="com.example.java设计模式.单例.Test"/>
  <testcase name="service" time="0.337" classname="com.example.java设计模式.单例.Test"/>
  <testcase name="service" time="0.000" classname="com.example.java设计模式.单例.Test"/>
  <testcase name="service" time="0.705" classname="com.example.java设计模式.单例.Test"/>
  <testcase name="service" time="0.000" classname="com.example.java设计模式.单例.Test"/>
  <testcase name="service" time="0.000" classname="com.example.java设计模式.单例.Test"/>
  <testcase name="service" time="7.799" classname="com.example.java设计模式.单例.Test"/>
  <testcase name="service" time="0.001" classname="com.example.java设计模式.单例.Test"/>
  <testcase name="service" time="0.000" classname="com.example.java设计模式.单例.Test"/>
  <testcase name="service" time="0.399" classname="com.example.java设计模式.单例.Test"/>
  <testcase name="service" time="0.000" classname="com.example.java设计模式.单例.Test"/>
  <testcase name="service" time="0.000" classname="com.example.java设计模式.单例.Test"/>
  <testcase name="service" time="0.080" classname="com.example.java设计模式.单例.Test"/>
  <testcase name="service" time="0.811" classname="com.example.java设计模式.单例.Test"/>
  <testcase name="service" time="0.000" classname="com.example.java设计模式.单例.Test"/>
  <testcase name="service" time="64.552" classname="com.example.java设计模式.单例.Test"/>
  <testcase name="service" time="0.064" classname="com.example.java设计模式.单例.Test"/>
  <testcase name="service" time="0.184" classname="com.example.java设计模式.单例.Test"/>
  <testcase name="service" time="0.000" classname="com.example.java设计模式.单例.Test"/>
  <testcase name="service" time="0.000" classname="com.example.java设计模式.单例.Test"/>
  <testcase name="service" time="6.520" classname="com.example.java设计模式.单例.Test"/>
  <testcase name="service" time="0.619" classname="com.example.java设计模式.单例.Test"/>
  <testcase name="service" time="0.000" classname="com.example.java设计模式.单例.Test"/>
  <testcase name="service" time="0.216" classname="com.example.java设计模式.单例.Test"/>
  <testcase name="service" time="0.280" classname="com.example.java设计模式.单例.Test"/>
  <testcase name="service" time="0.000" classname="com.example.java设计模式.单例.Test"/>
  <testcase name="service" time="0.445" classname="com.example.java设计模式.单例.Test"/>
  <testcase name="service" time="1.109" classname="com.example.java设计模式.单例.Test"/>
  <testcase name="service" time="0.027" classname="com.example.java设计模式.单例.Test"/>
  <testcase name="service" time="0.046" classname="com.example.java设计模式.单例.Test"/>
  <testcase name="service" time="0.000" classname="com.example.java设计模式.单例.Test"/>
  <testcase name="service" time="0.000" classname="com.example.java设计模式.单例.Test"/>
  <testcase name="service" time="0.001" classname="com.example.java设计模式.单例.Test"/>
  <testcase name="service" time="0.001" classname="com.example.java设计模式.单例.Test"/>
  <testcase name="service" time="0.000" classname="com.example.java设计模式.单例.Test"/>
  <testcase name="service" time="0.000" classname="com.example.java设计模式.单例.Test"/>
  <testcase name="service" time="0.000" classname="com.example.java设计模式.单例.Test"/>
  <testcase name="service" time="0.000" classname="com.example.java设计模式.单例.Test"/>
  <testcase name="service" time="0.000" classname="com.example.java设计模式.单例.Test"/>
  <testcase name="service" time="0.000" classname="com.example.java设计模式.单例.Test"/>
  <testcase name="service" time="0.451" classname="com.example.java设计模式.单例.Test"/>
  <testcase name="service" time="1.211" classname="com.example.java设计模式.单例.Test"/>
  <testcase name="service" time="0.135" classname="com.example.java设计模式.单例.Test"/>
  <testcase name="service" time="0.753" classname="com.example.java设计模式.单例.Test"/>
  <testcase name="service" time="0.001" classname="com.example.java设计模式.单例.Test"/>
  <testcase name="service" time="0.057" classname="com.example.java设计模式.单例.Test"/>
  <testcase name="service" time="0.000" classname="com.example.java设计模式.单例.Test"/>
  <testcase name="service" time="0.505" classname="com.example.java设计模式.单例.Test"/>
  <testcase name="service" time="0.000" classname="com.example.java设计模式.单例.Test"/>
  <testcase name="service" time="5.144" classname="com.example.java设计模式.单例.Test"/>
  <testcase name="service" time="0.312" classname="com.example.java设计模式.单例.Test"/>
  <testcase name="service" time="64.816" classname="com.example.java设计模式.单例.Test"/>
  <testcase name="service" time="7.782" classname="com.example.java设计模式.单例.Test"/>
  <testcase name="service" time="0.001" classname="com.example.java设计模式.单例.Test"/>
  <testcase name="service" time="6.727" classname="com.example.java设计模式.单例.Test"/>
  <testcase name="service" time="0.000" classname="com.example.java设计模式.单例.Test"/>
  <testcase name="service" time="0.000" classname="com.example.java设计模式.单例.Test"/>
  <testcase name="service" time="0.000" classname="com.example.java设计模式.单例.Test"/>
  <testcase name="service" time="0.000" classname="com.example.java设计模式.单例.Test"/>
  <testcase name="service" time="0.000" classname="com.example.java设计模式.单例.Test"/>
  <testcase name="service" time="0.207" classname="com.example.java设计模式.单例.Test"/>
  <testcase name="service" time="0.345" classname="com.example.java设计模式.单例.Test"/>
  <testcase name="service" time="0.000" classname="com.example.java设计模式.单例.Test"/>
  <testcase name="service" time="0.000" classname="com.example.java设计模式.单例.Test"/>
  <testcase name="service" time="0.000" classname="com.example.java设计模式.单例.Test"/>
  <testcase name="service" time="0.000" classname="com.example.java设计模式.单例.Test"/>
  <testcase name="service" time="0.000" classname="com.example.java设计模式.单例.Test"/>
  <testcase name="service" time="0.000" classname="com.example.java设计模式.单例.Test"/>
  <testcase name="service" time="0.000" classname="com.example.java设计模式.单例.Test"/>
  <testcase name="service" time="0.000" classname="com.example.java设计模式.单例.Test"/>
  <testcase name="service" time="0.329" classname="com.example.java设计模式.单例.Test"/>
  <testcase name="service" time="0.000" classname="com.example.java设计模式.单例.Test"/>
  <testcase name="service" time="0.000" classname="com.example.java设计模式.单例.Test"/>
  <testcase name="service" time="0.472" classname="com.example.java设计模式.单例.Test"/>
  <testcase name="service" time="0.225" classname="com.example.java设计模式.单例.Test"/>
  <testcase name="service" time="0.000" classname="com.example.java设计模式.单例.Test"/>
  <testcase name="service" time="0.000" classname="com.example.java设计模式.单例.Test"/>
  <testcase name="service" time="0.000" classname="com.example.java设计模式.单例.Test"/>
  <testcase name="service" time="0.000" classname="com.example.java设计模式.单例.Test"/>
  <testcase name="service" time="0.001" classname="com.example.java设计模式.单例.Test"/>
  <testcase name="service" time="0.001" classname="com.example.java设计模式.单例.Test"/>
  <testcase name="service" time="0.630" classname="com.example.java设计模式.单例.Test"/>
  <testcase name="service" time="0.000" classname="com.example.java设计模式.单例.Test"/>
  <testcase name="service" time="0.238" classname="com.example.java设计模式.单例.Test"/>
  <testcase name="service" time="0.000" classname="com.example.java设计模式.单例.Test"/>
  <testcase name="service" time="0.052" classname="com.example.java设计模式.单例.Test"/>
  <testcase name="service" time="0.000" classname="com.example.java设计模式.单例.Test"/>
  <testcase name="service" time="0.000" classname="com.example.java设计模式.单例.Test"/>
  <testcase name="service" time="1.415" classname="com.example.java设计模式.单例.Test"/>
  <testcase name="service" time="1.277" classname="com.example.java设计模式.单例.Test"/>
  <testcase name="service" time="0.001" classname="com.example.java设计模式.单例.Test"/>
  <testcase name="service" time="1.196" classname="com.example.java设计模式.单例.Test"/>
  <testcase name="service" time="0.701" classname="com.example.java设计模式.单例.Test"/>
  <testcase name="service" time="0.100" classname="com.example.java设计模式.单例.Test"/>
  <testcase name="service" time="0.111" classname="com.example.java设计模式.单例.Test"/>
  <testcase name="service" time="1.601" classname="com.example.java设计模式.单例.Test"/>
  <testcase name="service" time="0.000" classname="com.example.java设计模式.单例.Test"/>
  <testcase name="service" time="0.112" classname="com.example.java设计模式.单例.Test"/>
  <testcase name="service" time="0.850" classname="com.example.java设计模式.单例.Test"/>
  <testcase name="service" time="0.001" classname="com.example.java设计模式.单例.Test"/>
  <testcase name="service" time="0.279" classname="com.example.java设计模式.单例.Test"/>
  <testcase name="service" time="0.000" classname="com.example.java设计模式.单例.Test"/>
  <testcase name="service" time="0.238" classname="com.example.java设计模式.单例.Test"/>
  <testcase name="service" time="0.492" classname="com.example.java设计模式.单例.Test"/>
  <testcase name="service" time="0.032" classname="com.example.java设计模式.单例.Test"/>
  <testcase name="service" time="0.000" classname="com.example.java设计模式.单例.Test"/>
  <testcase name="service" time="0.001" classname="com.example.java设计模式.单例.Test"/>
  <testcase name="service" time="64.958" classname="com.example.java设计模式.单例.Test"/>
  <testcase name="service" time="0.460" classname="com.example.java设计模式.单例.Test"/>
  <testcase name="service" time="0.000" classname="com.example.java设计模式.单例.Test"/>
  <testcase name="service" time="0.000" classname="com.example.java设计模式.单例.Test"/>
  <testcase name="service" time="0.000" classname="com.example.java设计模式.单例.Test"/>
  <testcase name="service" time="1.260" classname="com.example.java设计模式.单例.Test"/>
  <testcase name="service" time="0.001" classname="com.example.java设计模式.单例.Test"/>
  <testcase name="service" time="0.000" classname="com.example.java设计模式.单例.Test"/>
  <testcase name="service" time="6.686" classname="com.example.java设计模式.单例.Test"/>
  <testcase name="service" time="0.736" classname="com.example.java设计模式.单例.Test"/>
  <testcase name="service" time="0.125" classname="com.example.java设计模式.单例.Test"/>
  <testcase name="service" time="0.000" classname="com.example.java设计模式.单例.Test"/>
  <testcase name="service" time="0.077" classname="com.example.java设计模式.单例.Test"/>
  <testcase name="service" time="0.734" classname="com.example.java设计模式.单例.Test"/>
  <testcase name="service" time="0.206" classname="com.example.java设计模式.单例.Test"/>
  <testcase name="service" time="1.011" classname="com.example.java设计模式.单例.Test"/>
  <testcase name="service" time="0.000" classname="com.example.java设计模式.单例.Test"/>
  <testcase name="service" time="0.664" classname="com.example.java设计模式.单例.Test"/>
  <testcase name="service" time="0.257" classname="com.example.java设计模式.单例.Test"/>
  <testcase name="service" time="0.118" classname="com.example.java设计模式.单例.Test"/>
  <testcase name="service" time="0.000" classname="com.example.java设计模式.单例.Test"/>
  <testcase name="service" time="1.524" classname="com.example.java设计模式.单例.Test"/>
  <testcase name="service" time="0.492" classname="com.example.java设计模式.单例.Test"/>
  <testcase name="service" time="0.000" classname="com.example.java设计模式.单例.Test"/>
  <testcase name="service" time="0.000" classname="com.example.java设计模式.单例.Test"/>
  <testcase name="service" time="0.363" classname="com.example.java设计模式.单例.Test"/>
  <testcase name="service" time="0.614" classname="com.example.java设计模式.单例.Test"/>
  <testcase name="service" time="1.190" classname="com.example.java设计模式.单例.Test"/>
  <testcase name="service" time="0.001" classname="com.example.java设计模式.单例.Test"/>
  <testcase name="service" time="0.094" classname="com.example.java设计模式.单例.Test"/>
  <testcase name="service" time="0.000" classname="com.example.java设计模式.单例.Test"/>
  <testcase name="service" time="0.000" classname="com.example.java设计模式.单例.Test"/>
  <testcase name="service" time="0.000" classname="com.example.java设计模式.单例.Test"/>
  <testcase name="service" time="0.000" classname="com.example.java设计模式.单例.Test"/>
  <testcase name="service" time="1.014" classname="com.example.java设计模式.单例.Test"/>
  <testcase name="service" time="0.000" classname="com.example.java设计模式.单例.Test"/>
  <testcase name="service" time="0.000" classname="com.example.java设计模式.单例.Test"/>
  <testcase name="service" time="0.362" classname="com.example.java设计模式.单例.Test"/>
  <testcase name="service" time="0.000" classname="com.example.java设计模式.单例.Test"/>
  <testcase name="service" time="0.000" classname="com.example.java设计模式.单例.Test"/>
  <testcase name="service" time="0.396" classname="com.example.java设计模式.单例.Test"/>
  <testcase name="service" time="0.012" classname="com.example.java设计模式.单例.Test"/>
  <testcase name="service" time="0.000" classname="com.example.java设计模式.单例.Test"/>
  <testcase name="service" time="0.167" classname="com.example.java设计模式.单例.Test"/>
  <testcase name="service" time="0.683" classname="com.example.java设计模式.单例.Test"/>
  <testcase name="service" time="0.001" classname="com.example.java设计模式.单例.Test"/>
  <testcase name="service" time="0.000" classname="com.example.java设计模式.单例.Test"/>
  <testcase name="service" time="0.896" classname="com.example.java设计模式.单例.Test"/>
  <testcase name="service" time="0.000" classname="com.example.java设计模式.单例.Test"/>
  <testcase name="service" time="0.107" classname="com.example.java设计模式.单例.Test"/>
  <testcase name="service" time="0.001" classname="com.example.java设计模式.单例.Test"/>
  <testcase name="service" time="0.537" classname="com.example.java设计模式.单例.Test"/>
  <testcase name="service" time="0.261" classname="com.example.java设计模式.单例.Test"/>
  <testcase name="service" time="0.000" classname="com.example.java设计模式.单例.Test"/>
  <testcase name="service" time="0.001" classname="com.example.java设计模式.单例.Test"/>
  <testcase name="service" time="0.858" classname="com.example.java设计模式.单例.Test"/>
  <testcase name="service" time="0.322" classname="com.example.java设计模式.单例.Test"/>
  <testcase name="service" time="0.000" classname="com.example.java设计模式.单例.Test"/>
  <testcase name="service" time="0.471" classname="com.example.java设计模式.单例.Test"/>
  <testcase name="service" time="0.338" classname="com.example.java设计模式.单例.Test"/>
  <testcase name="service" time="7.868" classname="com.example.java设计模式.单例.Test"/>
  <testcase name="service" time="0.292" classname="com.example.java设计模式.单例.Test"/>
  <testcase name="service" time="0.995" classname="com.example.java设计模式.单例.Test"/>
  <testcase name="service" time="0.352" classname="com.example.java设计模式.单例.Test"/>
  <testcase name="service" time="0.001" classname="com.example.java设计模式.单例.Test"/>
  <testcase name="service" time="0.735" classname="com.example.java设计模式.单例.Test"/>
  <testcase name="service" time="8.003" classname="com.example.java设计模式.单例.Test"/>
  <testcase name="service" time="0.000" classname="com.example.java设计模式.单例.Test"/>
  <testcase name="service" time="0.000" classname="com.example.java设计模式.单例.Test"/>
  <testcase name="service" time="0.446" classname="com.example.java设计模式.单例.Test"/>
  <testcase name="service" time="0.049" classname="com.example.java设计模式.单例.Test"/>
  <testcase name="service" time="0.000" classname="com.example.java设计模式.单例.Test"/>
  <testcase name="service" time="0.417" classname="com.example.java设计模式.单例.Test"/>
  <testcase name="service" time="0.083" classname="com.example.java设计模式.单例.Test"/>
  <testcase name="service" time="0.000" classname="com.example.java设计模式.单例.Test"/>
  <testcase name="service" time="0.001" classname="com.example.java设计模式.单例.Test"/>
  <testcase name="service" time="0.000" classname="com.example.java设计模式.单例.Test"/>
  <testcase name="service" time="0.917" classname="com.example.java设计模式.单例.Test"/>
  <testcase name="service" time="6.316" classname="com.example.java设计模式.单例.Test"/>
  <testcase name="service" time="0.041" classname="com.example.java设计模式.单例.Test"/>
  <testcase name="service" time="0.000" classname="com.example.java设计模式.单例.Test"/>
  <testcase name="service" time="0.000" classname="com.example.java设计模式.单例.Test"/>
  <testcase name="service" time="0.987" classname="com.example.java设计模式.单例.Test"/>
  <testcase name="service" time="0.000" classname="com.example.java设计模式.单例.Test"/>
  <testcase name="service" time="0.150" classname="com.example.java设计模式.单例.Test"/>
  <testcase name="service" time="0.589" classname="com.example.java设计模式.单例.Test"/>
  <testcase name="service" time="1.418" classname="com.example.java设计模式.单例.Test"/>
  <testcase name="service" time="0.001" classname="com.example.java设计模式.单例.Test"/>
  <testcase name="service" time="0.000" classname="com.example.java设计模式.单例.Test"/>
  <testcase name="service" time="0.001" classname="com.example.java设计模式.单例.Test"/>
  <testcase name="service" time="6.860" classname="com.example.java设计模式.单例.Test"/>
  <testcase name="service" time="0.837" classname="com.example.java设计模式.单例.Test"/>
  <testcase name="service" time="7.479" classname="com.example.java设计模式.单例.Test"/>
  <testcase name="service" time="0.000" classname="com.example.java设计模式.单例.Test"/>
  <testcase name="service" time="7.884" classname="com.example.java设计模式.单例.Test"/>
  <testcase name="service" time="0.832" classname="com.example.java设计模式.单例.Test"/>
  <testcase name="service" time="8.141" classname="com.example.java设计模式.单例.Test"/>
  <testcase name="service" time="0.000" classname="com.example.java设计模式.单例.Test"/>
  <testcase name="service" time="0.000" classname="com.example.java设计模式.单例.Test"/>
  <testcase name="service" time="0.000" classname="com.example.java设计模式.单例.Test"/>
  <testcase name="service" time="0.222" classname="com.example.java设计模式.单例.Test"/>
  <testcase name="service" time="0.000" classname="com.example.java设计模式.单例.Test"/>
  <testcase name="service" time="0.868" classname="com.example.java设计模式.单例.Test"/>
  <testcase name="service" time="0.000" classname="com.example.java设计模式.单例.Test"/>
  <testcase name="service" time="6.600" classname="com.example.java设计模式.单例.Test"/>
  <testcase name="service" time="0.148" classname="com.example.java设计模式.单例.Test"/>
  <testcase name="service" time="0.000" classname="com.example.java设计模式.单例.Test"/>
  <testcase name="service" time="0.000" classname="com.example.java设计模式.单例.Test"/>
  <testcase name="service" time="0.001" classname="com.example.java设计模式.单例.Test"/>
  <testcase name="service" time="0.001" classname="com.example.java设计模式.单例.Test"/>
  <testcase name="service" time="0.000" classname="com.example.java设计模式.单例.Test"/>
  <testcase name="service" time="0.000" classname="com.example.java设计模式.单例.Test"/>
  <testcase name="service" time="0.000" classname="com.example.java设计模式.单例.Test"/>
  <testcase name="service" time="1.021" classname="com.example.java设计模式.单例.Test"/>
  <testcase name="service" time="0.000" classname="com.example.java设计模式.单例.Test"/>
  <testcase name="service" time="0.000" classname="com.example.java设计模式.单例.Test"/>
  <testcase name="service" time="0.000" classname="com.example.java设计模式.单例.Test"/>
  <testcase name="service" time="0.158" classname="com.example.java设计模式.单例.Test"/>
  <testcase name="service" time="0.000" classname="com.example.java设计模式.单例.Test"/>
  <testcase name="service" time="0.000" classname="com.example.java设计模式.单例.Test"/>
  <testcase name="service" time="0.745" classname="com.example.java设计模式.单例.Test"/>
  <testcase name="service" time="0.475" classname="com.example.java设计模式.单例.Test"/>
  <testcase name="service" time="0.099" classname="com.example.java设计模式.单例.Test"/>
  <testcase name="service" time="0.001" classname="com.example.java设计模式.单例.Test"/>
  <testcase name="service" time="0.516" classname="com.example.java设计模式.单例.Test"/>
  <testcase name="service" time="0.000" classname="com.example.java设计模式.单例.Test"/>
  <testcase name="service" time="0.727" classname="com.example.java设计模式.单例.Test"/>
  <testcase name="service" time="1.105" classname="com.example.java设计模式.单例.Test"/>
  <testcase name="service" time="0.232" classname="com.example.java设计模式.单例.Test"/>
  <testcase name="service" time="0.000" classname="com.example.java设计模式.单例.Test"/>
  <testcase name="service" time="0.425" classname="com.example.java设计模式.单例.Test"/>
  <testcase name="service" time="0.000" classname="com.example.java设计模式.单例.Test"/>
  <testcase name="service" time="0.001" classname="com.example.java设计模式.单例.Test"/>
  <testcase name="service" time="0.325" classname="com.example.java设计模式.单例.Test"/>
  <testcase name="service" time="0.000" classname="com.example.java设计模式.单例.Test"/>
  <testcase name="service" time="0.000" classname="com.example.java设计模式.单例.Test"/>
  <testcase name="service" time="0.289" classname="com.example.java设计模式.单例.Test"/>
  <testcase name="service" time="0.000" classname="com.example.java设计模式.单例.Test"/>
  <testcase name="service" time="64.986" classname="com.example.java设计模式.单例.Test"/>
  <testcase name="service" time="64.523" classname="com.example.java设计模式.单例.Test"/>
  <testcase name="service" time="0.000" classname="com.example.java设计模式.单例.Test"/>
  <testcase name="service" time="0.000" classname="com.example.java设计模式.单例.Test"/>
  <testcase name="service" time="0.001" classname="com.example.java设计模式.单例.Test"/>
  <testcase name="service" time="6.370" classname="com.example.java设计模式.单例.Test"/>
  <testcase name="service" time="64.805" classname="com.example.java设计模式.单例.Test"/>
  <testcase name="service" time="0.000" classname="com.example.java设计模式.单例.Test"/>
  <testcase name="service" time="8.335" classname="com.example.java设计模式.单例.Test"/>
  <testcase name="service" time="0.755" classname="com.example.java设计模式.单例.Test"/>
  <testcase name="service" time="0.000" classname="com.example.java设计模式.单例.Test"/>
  <testcase name="service" time="0.000" classname="com.example.java设计模式.单例.Test"/>
  <testcase name="service" time="0.001" classname="com.example.java设计模式.单例.Test"/>
  <testcase name="service" time="0.001" classname="com.example.java设计模式.单例.Test"/>
  <testcase name="service" time="0.000" classname="com.example.java设计模式.单例.Test"/>
  <testcase name="service" time="0.000" classname="com.example.java设计模式.单例.Test"/>
  <testcase name="service" time="0.000" classname="com.example.java设计模式.单例.Test"/>
  <testcase name="service" time="0.517" classname="com.example.java设计模式.单例.Test"/>
  <testcase name="service" time="0.000" classname="com.example.java设计模式.单例.Test"/>
  <testcase name="service" time="65.031" classname="com.example.java设计模式.单例.Test"/>
  <testcase name="service" time="0.000" classname="com.example.java设计模式.单例.Test"/>
  <testcase name="service" time="0.000" classname="com.example.java设计模式.单例.Test"/>
  <testcase name="service" time="0.000" classname="com.example.java设计模式.单例.Test"/>
  <testcase name="service" time="0.001" classname="com.example.java设计模式.单例.Test"/>
  <testcase name="service" time="0.000" classname="com.example.java设计模式.单例.Test"/>
  <testcase name="service" time="65.048" classname="com.example.java设计模式.单例.Test"/>
  <testcase name="service" time="0.039" classname="com.example.java设计模式.单例.Test"/>
  <testcase name="service" time="0.272" classname="com.example.java设计模式.单例.Test"/>
  <testcase name="service" time="64.688" classname="com.example.java设计模式.单例.Test"/>
  <testcase name="service" time="0.000" classname="com.example.java设计模式.单例.Test"/>
  <testcase name="service" time="64.978" classname="com.example.java设计模式.单例.Test"/>
  <testcase name="service" time="0.001" classname="com.example.java设计模式.单例.Test"/>
  <testcase name="service" time="0.000" classname="com.example.java设计模式.单例.Test"/>
  <testcase name="service" time="0.886" classname="com.example.java设计模式.单例.Test"/>
  <testcase name="service" time="64.668" classname="com.example.java设计模式.单例.Test"/>
  <testcase name="service" time="0.001" classname="com.example.java设计模式.单例.Test"/>
  <testcase name="service" time="0.000" classname="com.example.java设计模式.单例.Test"/>
  <testcase name="service" time="1.039" classname="com.example.java设计模式.单例.Test"/>
  <testcase name="service" time="0.224" classname="com.example.java设计模式.单例.Test"/>
  <testcase name="service" time="0.000" classname="com.example.java设计模式.单例.Test"/>
  <testcase name="service" time="0.000" classname="com.example.java设计模式.单例.Test"/>
  <testcase name="service" time="0.000" classname="com.example.java设计模式.单例.Test"/>
  <testcase name="service" time="0.000" classname="com.example.java设计模式.单例.Test"/>
  <testcase name="service" time="0.000" classname="com.example.java设计模式.单例.Test"/>
  <testcase name="service" time="0.729" classname="com.example.java设计模式.单例.Test"/>
  <testcase name="service" time="0.373" classname="com.example.java设计模式.单例.Test"/>
  <testcase name="service" time="8.360" classname="com.example.java设计模式.单例.Test"/>
  <testcase name="service" time="0.000" classname="com.example.java设计模式.单例.Test"/>
  <testcase name="service" time="0.369" classname="com.example.java设计模式.单例.Test"/>
  <testcase name="service" time="0.001" classname="com.example.java设计模式.单例.Test"/>
  <testcase name="service" time="0.000" classname="com.example.java设计模式.单例.Test"/>
  <testcase name="service" time="0.000" classname="com.example.java设计模式.单例.Test"/>
  <testcase name="service" time="1.196" classname="com.example.java设计模式.单例.Test"/>
  <testcase name="service" time="8.072" classname="com.example.java设计模式.单例.Test"/>
  <testcase name="service" time="0.000" classname="com.example.java设计模式.单例.Test"/>
  <testcase name="service" time="0.000" classname="com.example.java设计模式.单例.Test"/>
  <testcase name="service" time="65.002" classname="com.example.java设计模式.单例.Test"/>
  <testcase name="service" time="0.001" classname="com.example.java设计模式.单例.Test"/>
  <testcase name="service" time="0.001" classname="com.example.java设计模式.单例.Test"/>
  <testcase name="service" time="0.000" classname="com.example.java设计模式.单例.Test"/>
  <testcase name="service" time="0.000" classname="com.example.java设计模式.单例.Test"/>
  <testcase name="service" time="0.076" classname="com.example.java设计模式.单例.Test"/>
  <testcase name="service" time="6.254" classname="com.example.java设计模式.单例.Test"/>
  <testcase name="service" time="0.000" classname="com.example.java设计模式.单例.Test"/>
  <testcase name="service" time="0.000" classname="com.example.java设计模式.单例.Test"/>
  <testcase name="service" time="1.487" classname="com.example.java设计模式.单例.Test"/>
  <testcase name="service" time="64.898" classname="com.example.java设计模式.单例.Test"/>
  <testcase name="service" time="0.000" classname="com.example.java设计模式.单例.Test"/>
  <testcase name="service" time="7.786" classname="com.example.java设计模式.单例.Test"/>
  <testcase name="service" time="8.132" classname="com.example.java设计模式.单例.Test"/>
  <testcase name="service" time="0.000" classname="com.example.java设计模式.单例.Test"/>
  <testcase name="service" time="1.306" classname="com.example.java设计模式.单例.Test"/>
  <testcase name="service" time="0.000" classname="com.example.java设计模式.单例.Test"/>
  <testcase name="service" time="0.001" classname="com.example.java设计模式.单例.Test"/>
  <testcase name="service" time="0.586" classname="com.example.java设计模式.单例.Test"/>
  <testcase name="service" time="0.000" classname="com.example.java设计模式.单例.Test"/>
  <testcase name="service" time="0.313" classname="com.example.java设计模式.单例.Test"/>
  <testcase name="service" time="8.321" classname="com.example.java设计模式.单例.Test"/>
  <testcase name="service" time="0.035" classname="com.example.java设计模式.单例.Test"/>
  <testcase name="service" time="0.208" classname="com.example.java设计模式.单例.Test"/>
  <testcase name="service" time="8.156" classname="com.example.java设计模式.单例.Test"/>
  <testcase name="service" time="0.090" classname="com.example.java设计模式.单例.Test"/>
  <testcase name="service" time="0.929" classname="com.example.java设计模式.单例.Test"/>
  <testcase name="service" time="0.732" classname="com.example.java设计模式.单例.Test"/>
  <testcase name="service" time="0.000" classname="com.example.java设计模式.单例.Test"/>
  <testcase name="service" time="0.001" classname="com.example.java设计模式.单例.Test"/>
  <testcase name="service" time="0.013" classname="com.example.java设计模式.单例.Test"/>
  <testcase name="service" time="0.000" classname="com.example.java设计模式.单例.Test"/>
  <testcase name="service" time="0.001" classname="com.example.java设计模式.单例.Test"/>
  <testcase name="service" time="0.044" classname="com.example.java设计模式.单例.Test"/>
  <testcase name="service" time="0.001" classname="com.example.java设计模式.单例.Test"/>
  <testcase name="service" time="0.000" classname="com.example.java设计模式.单例.Test"/>
  <testcase name="service" time="0.000" classname="com.example.java设计模式.单例.Test"/>
  <testcase name="service" time="0.952" classname="com.example.java设计模式.单例.Test"/>
  <testcase name="service" time="0.000" classname="com.example.java设计模式.单例.Test"/>
  <testcase name="service" time="1.223" classname="com.example.java设计模式.单例.Test"/>
  <testcase name="service" time="0.000" classname="com.example.java设计模式.单例.Test"/>
  <testcase name="service" time="0.132" classname="com.example.java设计模式.单例.Test"/>
  <testcase name="service" time="0.000" classname="com.example.java设计模式.单例.Test"/>
  <testcase name="service" time="0.000" classname="com.example.java设计模式.单例.Test"/>
  <testcase name="service" time="0.001" classname="com.example.java设计模式.单例.Test"/>
  <testcase name="service" time="0.000" classname="com.example.java设计模式.单例.Test"/>
  <testcase name="service" time="6.314" classname="com.example.java设计模式.单例.Test"/>
  <testcase name="service" time="7.736" classname="com.example.java设计模式.单例.Test"/>
  <testcase name="service" time="64.947" classname="com.example.java设计模式.单例.Test"/>
  <testcase name="service" time="0.000" classname="com.example.java设计模式.单例.Test"/>
  <testcase name="service" time="0.586" classname="com.example.java设计模式.单例.Test"/>
  <testcase name="service" time="0.075" classname="com.example.java设计模式.单例.Test"/>
  <testcase name="service" time="0.001" classname="com.example.java设计模式.单例.Test"/>
  <testcase name="service" time="0.000" classname="com.example.java设计模式.单例.Test"/>
  <testcase name="service" time="1.006" classname="com.example.java设计模式.单例.Test"/>
  <testcase name="service" time="0.000" classname="com.example.java设计模式.单例.Test"/>
  <testcase name="service" time="0.000" classname="com.example.java设计模式.单例.Test"/>
  <testcase name="service" time="0.000" classname="com.example.java设计模式.单例.Test"/>
  <testcase name="service" time="0.264" classname="com.example.java设计模式.单例.Test"/>
  <testcase name="service" time="7.987" classname="com.example.java设计模式.单例.Test"/>
  <testcase name="service" time="0.000" classname="com.example.java设计模式.单例.Test"/>
  <testcase name="service" time="0.000" classname="com.example.java设计模式.单例.Test"/>
  <testcase name="service" time="0.000" classname="com.example.java设计模式.单例.Test"/>
  <testcase name="service" time="0.000" classname="com.example.java设计模式.单例.Test"/>
  <testcase name="service" time="0.042" classname="com.example.java设计模式.单例.Test"/>
  <testcase name="service" time="0.110" classname="com.example.java设计模式.单例.Test"/>
  <testcase name="service" time="0.000" classname="com.example.java设计模式.单例.Test"/>
  <testcase name="service" time="0.092" classname="com.example.java设计模式.单例.Test"/>
  <testcase name="service" time="0.797" classname="com.example.java设计模式.单例.Test"/>
  <testcase name="service" time="64.990" classname="com.example.java设计模式.单例.Test"/>
  <testcase name="service" time="0.001" classname="com.example.java设计模式.单例.Test"/>
  <testcase name="service" time="64.872" classname="com.example.java设计模式.单例.Test"/>
  <testcase name="service" time="6.689" classname="com.example.java设计模式.单例.Test"/>
  <testcase name="service" time="0.001" classname="com.example.java设计模式.单例.Test"/>
  <testcase name="service" time="0.341" classname="com.example.java设计模式.单例.Test"/>
  <testcase name="service" time="0.000" classname="com.example.java设计模式.单例.Test"/>
  <testcase name="service" time="0.308" classname="com.example.java设计模式.单例.Test"/>
  <testcase name="service" time="1.115" classname="com.example.java设计模式.单例.Test"/>
  <testcase name="service" time="0.076" classname="com.example.java设计模式.单例.Test"/>
  <testcase name="service" time="0.001" classname="com.example.java设计模式.单例.Test"/>
  <testcase name="service" time="65.014" classname="com.example.java设计模式.单例.Test"/>
  <testcase name="service" time="0.627" classname="com.example.java设计模式.单例.Test"/>
  <testcase name="service" time="0.159" classname="com.example.java设计模式.单例.Test"/>
  <testcase name="service" time="0.236" classname="com.example.java设计模式.单例.Test"/>
  <testcase name="service" time="0.001" classname="com.example.java设计模式.单例.Test"/>
  <testcase name="service" time="0.000" classname="com.example.java设计模式.单例.Test"/>
  <testcase name="service" time="0.000" classname="com.example.java设计模式.单例.Test"/>
  <testcase name="service" time="64.626" classname="com.example.java设计模式.单例.Test"/>
  <testcase name="service" time="0.029" classname="com.example.java设计模式.单例.Test"/>
  <testcase name="service" time="0.000" classname="com.example.java设计模式.单例.Test"/>
  <testcase name="service" time="0.001" classname="com.example.java设计模式.单例.Test"/>
  <testcase name="service" time="0.001" classname="com.example.java设计模式.单例.Test"/>
  <testcase name="service" time="0.000" classname="com.example.java设计模式.单例.Test"/>
  <testcase name="service" time="1.066" classname="com.example.java设计模式.单例.Test"/>
  <testcase name="service" time="0.001" classname="com.example.java设计模式.单例.Test"/>
  <testcase name="service" time="0.000" classname="com.example.java设计模式.单例.Test"/>
  <testcase name="service" time="0.177" classname="com.example.java设计模式.单例.Test"/>
  <testcase name="service" time="0.001" classname="com.example.java设计模式.单例.Test"/>
  <testcase name="service" time="0.000" classname="com.example.java设计模式.单例.Test"/>
  <testcase name="service" time="0.001" classname="com.example.java设计模式.单例.Test"/>
  <testcase name="service" time="0.001" classname="com.example.java设计模式.单例.Test"/>
  <testcase name="service" time="0.001" classname="com.example.java设计模式.单例.Test"/>
  <testcase name="service" time="0.000" classname="com.example.java设计模式.单例.Test"/>
  <testcase name="service" time="0.000" classname="com.example.java设计模式.单例.Test"/>
  <testcase name="service" time="0.000" classname="com.example.java设计模式.单例.Test"/>
  <testcase name="service" time="0.001" classname="com.example.java设计模式.单例.Test"/>
  <testcase name="service" time="0.000" classname="com.example.java设计模式.单例.Test"/>
  <testcase name="service" time="1.437" classname="com.example.java设计模式.单例.Test"/>
  <testcase name="service" time="0.001" classname="com.example.java设计模式.单例.Test"/>
  <testcase name="service" time="0.001" classname="com.example.java设计模式.单例.Test"/>
  <testcase name="service" time="0.012" classname="com.example.java设计模式.单例.Test"/>
  <testcase name="service" time="0.001" classname="com.example.java设计模式.单例.Test"/>
  <testcase name="service" time="0.367" classname="com.example.java设计模式.单例.Test"/>
  <testcase name="service" time="0.000" classname="com.example.java设计模式.单例.Test"/>
  <testcase name="service" time="0.910" classname="com.example.java设计模式.单例.Test"/>
  <testcase name="service" time="0.105" classname="com.example.java设计模式.单例.Test"/>
  <testcase name="service" time="0.001" classname="com.example.java设计模式.单例.Test"/>
  <testcase name="service" time="0.000" classname="com.example.java设计模式.单例.Test"/>
  <testcase name="service" time="0.001" classname="com.example.java设计模式.单例.Test"/>
  <testcase name="service" time="0.315" classname="com.example.java设计模式.单例.Test"/>
  <testcase name="service" time="8.103" classname="com.example.java设计模式.单例.Test"/>
  <testcase name="service" time="0.992" classname="com.example.java设计模式.单例.Test"/>
  <testcase name="service" time="0.327" classname="com.example.java设计模式.单例.Test"/>
  <testcase name="service" time="0.000" classname="com.example.java设计模式.单例.Test"/>
  <testcase name="service" time="0.000" classname="com.example.java设计模式.单例.Test"/>
  <testcase name="service" time="0.000" classname="com.example.java设计模式.单例.Test"/>
  <testcase name="service" time="8.091" classname="com.example.java设计模式.单例.Test"/>
  <testcase name="service" time="0.002" classname="com.example.java设计模式.单例.Test"/>
  <testcase name="service" time="0.000" classname="com.example.java设计模式.单例.Test"/>
  <testcase name="service" time="0.000" classname="com.example.java设计模式.单例.Test"/>
  <testcase name="service" time="0.000" classname="com.example.java设计模式.单例.Test"/>
  <testcase name="service" time="0.000" classname="com.example.java设计模式.单例.Test"/>
  <testcase name="service" time="0.000" classname="com.example.java设计模式.单例.Test"/>
  <testcase name="service" time="0.000" classname="com.example.java设计模式.单例.Test"/>
  <testcase name="service" time="7.144" classname="com.example.java设计模式.单例.Test"/>
  <testcase name="service" time="0.000" classname="com.example.java设计模式.单例.Test"/>
  <testcase name="service" time="0.000" classname="com.example.java设计模式.单例.Test"/>
  <testcase name="service" time="1.337" classname="com.example.java设计模式.单例.Test"/>
  <testcase name="service" time="0.000" classname="com.example.java设计模式.单例.Test"/>
  <testcase name="service" time="0.302" classname="com.example.java设计模式.单例.Test"/>
  <testcase name="service" time="0.001" classname="com.example.java设计模式.单例.Test"/>
  <testcase name="service" time="0.000" classname="com.example.java设计模式.单例.Test"/>
  <testcase name="service" time="0.003" classname="com.example.java设计模式.单例.Test"/>
  <testcase name="service" time="8.164" classname="com.example.java设计模式.单例.Test"/>
  <testcase name="service" time="0.001" classname="com.example.java设计模式.单例.Test"/>
  <testcase name="service" time="0.000" classname="com.example.java设计模式.单例.Test"/>
  <testcase name="service" time="0.347" classname="com.example.java设计模式.单例.Test"/>
  <testcase name="service" time="0.000" classname="com.example.java设计模式.单例.Test"/>
  <testcase name="service" time="0.001" classname="com.example.java设计模式.单例.Test"/>
  <testcase name="service" time="0.000" classname="com.example.java设计模式.单例.Test"/>
  <testcase name="service" time="0.000" classname="com.example.java设计模式.单例.Test"/>
  <testcase name="service" time="0.000" classname="com.example.java设计模式.单例.Test"/>
  <testcase name="service" time="1.327" classname="com.example.java设计模式.单例.Test"/>
  <testcase name="service" time="0.000" classname="com.example.java设计模式.单例.Test"/>
  <testcase name="service" time="0.000" classname="com.example.java设计模式.单例.Test"/>
  <testcase name="service" time="0.000" classname="com.example.java设计模式.单例.Test"/>
  <testcase name="service" time="0.738" classname="com.example.java设计模式.单例.Test"/>
  <testcase name="service" time="0.000" classname="com.example.java设计模式.单例.Test"/>
  <testcase name="service" time="0.006" classname="com.example.java设计模式.单例.Test"/>
  <testcase name="service" time="0.000" classname="com.example.java设计模式.单例.Test"/>
  <testcase name="service" time="0.000" classname="com.example.java设计模式.单例.Test"/>
  <testcase name="service" time="0.000" classname="com.example.java设计模式.单例.Test"/>
  <testcase name="service" time="0.903" classname="com.example.java设计模式.单例.Test"/>
  <testcase name="service" time="5.122" classname="com.example.java设计模式.单例.Test"/>
  <testcase name="service" time="0.001" classname="com.example.java设计模式.单例.Test"/>
  <testcase name="service" time="0.000" classname="com.example.java设计模式.单例.Test"/>
  <testcase name="service" time="0.001" classname="com.example.java设计模式.单例.Test"/>
  <testcase name="service" time="0.000" classname="com.example.java设计模式.单例.Test"/>
  <testcase name="service" time="6.603" classname="com.example.java设计模式.单例.Test"/>
  <testcase name="service" time="0.341" classname="com.example.java设计模式.单例.Test"/>
  <testcase name="service" time="0.000" classname="com.example.java设计模式.单例.Test"/>
  <testcase name="service" time="0.001" classname="com.example.java设计模式.单例.Test"/>
  <testcase name="service" time="1.663" classname="com.example.java设计模式.单例.Test"/>
  <testcase name="service" time="0.754" classname="com.example.java设计模式.单例.Test"/>
  <testcase name="service" time="0.862" classname="com.example.java设计模式.单例.Test"/>
  <testcase name="service" time="0.007" classname="com.example.java设计模式.单例.Test"/>
  <testcase name="service" time="0.001" classname="com.example.java设计模式.单例.Test"/>
  <testcase name="service" time="0.000" classname="com.example.java设计模式.单例.Test"/>
  <testcase name="service" time="0.000" classname="com.example.java设计模式.单例.Test"/>
  <testcase name="service" time="0.392" classname="com.example.java设计模式.单例.Test"/>
  <testcase name="service" time="6.700" classname="com.example.java设计模式.单例.Test"/>
  <testcase name="service" time="0.000" classname="com.example.java设计模式.单例.Test"/>
  <testcase name="service" time="1.249" classname="com.example.java设计模式.单例.Test"/>
  <testcase name="service" time="0.001" classname="com.example.java设计模式.单例.Test"/>
  <testcase name="service" time="0.008" classname="com.example.java设计模式.单例.Test"/>
  <testcase name="service" time="0.147" classname="com.example.java设计模式.单例.Test"/>
  <testcase name="service" time="0.000" classname="com.example.java设计模式.单例.Test"/>
  <testcase name="service" time="1.522" classname="com.example.java设计模式.单例.Test"/>
  <testcase name="service" time="0.000" classname="com.example.java设计模式.单例.Test"/>
  <testcase name="service" time="0.000" classname="com.example.java设计模式.单例.Test"/>
  <testcase name="service" time="0.000" classname="com.example.java设计模式.单例.Test"/>
  <testcase name="service" time="0.000" classname="com.example.java设计模式.单例.Test"/>
  <testcase name="service" time="0.000" classname="com.example.java设计模式.单例.Test"/>
  <testcase name="service" time="0.086" classname="com.example.java设计模式.单例.Test"/>
  <testcase name="service" time="0.001" classname="com.example.java设计模式.单例.Test"/>
  <testcase name="service" time="0.831" classname="com.example.java设计模式.单例.Test"/>
  <testcase name="service" time="64.748" classname="com.example.java设计模式.单例.Test"/>
  <testcase name="service" time="0.001" classname="com.example.java设计模式.单例.Test"/>
  <testcase name="service" time="0.000" classname="com.example.java设计模式.单例.Test"/>
  <testcase name="service" time="0.000" classname="com.example.java设计模式.单例.Test"/>
  <testcase name="service" time="7.721" classname="com.example.java设计模式.单例.Test"/>
  <testcase name="service" time="0.333" classname="com.example.java设计模式.单例.Test"/>
  <testcase name="service" time="0.000" classname="com.example.java设计模式.单例.Test"/>
  <testcase name="service" time="0.000" classname="com.example.java设计模式.单例.Test"/>
  <testcase name="service" time="0.000" classname="com.example.java设计模式.单例.Test"/>
  <testcase name="service" time="0.275" classname="com.example.java设计模式.单例.Test"/>
  <testcase name="service" time="0.000" classname="com.example.java设计模式.单例.Test"/>
  <testcase name="service" time="0.000" classname="com.example.java设计模式.单例.Test"/>
  <testcase name="service" time="6.695" classname="com.example.java设计模式.单例.Test"/>
  <testcase name="service" time="0.000" classname="com.example.java设计模式.单例.Test"/>
  <testcase name="service" time="0.017" classname="com.example.java设计模式.单例.Test"/>
  <testcase name="service" time="0.602" classname="com.example.java设计模式.单例.Test"/>
  <testcase name="service" time="0.000" classname="com.example.java设计模式.单例.Test"/>
  <testcase name="service" time="0.001" classname="com.example.java设计模式.单例.Test"/>
  <testcase name="service" time="0.000" classname="com.example.java设计模式.单例.Test"/>
  <testcase name="service" time="0.000" classname="com.example.java设计模式.单例.Test"/>
  <testcase name="service" time="0.846" classname="com.example.java设计模式.单例.Test"/>
  <testcase name="service" time="0.001" classname="com.example.java设计模式.单例.Test"/>
  <testcase name="service" time="0.000" classname="com.example.java设计模式.单例.Test"/>
  <testcase name="service" time="0.000" classname="com.example.java设计模式.单例.Test"/>
  <testcase name="service" time="0.393" classname="com.example.java设计模式.单例.Test"/>
  <testcase name="service" time="0.001" classname="com.example.java设计模式.单例.Test"/>
  <testcase name="service" time="0.000" classname="com.example.java设计模式.单例.Test"/>
  <testcase name="service" time="64.893" classname="com.example.java设计模式.单例.Test"/>
  <testcase name="service" time="0.000" classname="com.example.java设计模式.单例.Test"/>
  <testcase name="service" time="0.000" classname="com.example.java设计模式.单例.Test"/>
  <testcase name="service" time="0.000" classname="com.example.java设计模式.单例.Test"/>
  <testcase name="service" time="0.000" classname="com.example.java设计模式.单例.Test"/>
  <testcase name="service" time="0.481" classname="com.example.java设计模式.单例.Test"/>
  <testcase name="service" time="0.000" classname="com.example.java设计模式.单例.Test"/>
  <testcase name="service" time="1.358" classname="com.example.java设计模式.单例.Test"/>
  <testcase name="service" time="0.000" classname="com.example.java设计模式.单例.Test"/>
  <testcase name="service" time="0.990" classname="com.example.java设计模式.单例.Test"/>
  <testcase name="service" time="0.379" classname="com.example.java设计模式.单例.Test"/>
  <testcase name="service" time="0.000" classname="com.example.java设计模式.单例.Test"/>
  <testcase name="service" time="0.377" classname="com.example.java设计模式.单例.Test"/>
  <testcase name="service" time="0.492" classname="com.example.java设计模式.单例.Test"/>
  <testcase name="service" time="8.260" classname="com.example.java设计模式.单例.Test"/>
  <testcase name="service" time="0.000" classname="com.example.java设计模式.单例.Test"/>
  <testcase name="service" time="65.073" classname="com.example.java设计模式.单例.Test"/>
  <testcase name="service" time="0.354" classname="com.example.java设计模式.单例.Test"/>
  <testcase name="service" time="1.112" classname="com.example.java设计模式.单例.Test"/>
  <testcase name="service" time="0.000" classname="com.example.java设计模式.单例.Test"/>
  <testcase name="service" time="0.000" classname="com.example.java设计模式.单例.Test"/>
  <testcase name="service" time="0.000" classname="com.example.java设计模式.单例.Test"/>
  <testcase name="service" time="0.824" classname="com.example.java设计模式.单例.Test"/>
  <testcase name="service" time="0.001" classname="com.example.java设计模式.单例.Test"/>
  <testcase name="service" time="0.864" classname="com.example.java设计模式.单例.Test"/>
  <testcase name="service" time="0.001" classname="com.example.java设计模式.单例.Test"/>
  <testcase name="service" time="0.707" classname="com.example.java设计模式.单例.Test"/>
  <testcase name="service" time="0.000" classname="com.example.java设计模式.单例.Test"/>
  <testcase name="service" time="0.884" classname="com.example.java设计模式.单例.Test"/>
  <testcase name="service" time="0.217" classname="com.example.java设计模式.单例.Test"/>
  <testcase name="service" time="0.000" classname="com.example.java设计模式.单例.Test"/>
  <testcase name="service" time="0.000" classname="com.example.java设计模式.单例.Test"/>
  <testcase name="service" time="6.590" classname="com.example.java设计模式.单例.Test"/>
  <testcase name="service" time="8.357" classname="com.example.java设计模式.单例.Test"/>
  <testcase name="service" time="0.000" classname="com.example.java设计模式.单例.Test"/>
  <testcase name="service" time="0.159" classname="com.example.java设计模式.单例.Test"/>
  <testcase name="service" time="0.000" classname="com.example.java设计模式.单例.Test"/>
  <testcase name="service" time="0.000" classname="com.example.java设计模式.单例.Test"/>
  <testcase name="service" time="0.000" classname="com.example.java设计模式.单例.Test"/>
  <testcase name="service" time="0.193" classname="com.example.java设计模式.单例.Test"/>
  <testcase name="service" time="0.000" classname="com.example.java设计模式.单例.Test"/>
  <testcase name="service" time="0.072" classname="com.example.java设计模式.单例.Test"/>
  <testcase name="service" time="0.000" classname="com.example.java设计模式.单例.Test"/>
  <testcase name="service" time="64.968" classname="com.example.java设计模式.单例.Test"/>
  <testcase name="service" time="0.001" classname="com.example.java设计模式.单例.Test"/>
  <testcase name="service" time="0.000" classname="com.example.java设计模式.单例.Test"/>
  <testcase name="service" time="0.454" classname="com.example.java设计模式.单例.Test"/>
  <testcase name="service" time="0.001" classname="com.example.java设计模式.单例.Test"/>
  <testcase name="service" time="0.001" classname="com.example.java设计模式.单例.Test"/>
  <testcase name="service" time="0.000" classname="com.example.java设计模式.单例.Test"/>
  <testcase name="service" time="0.000" classname="com.example.java设计模式.单例.Test"/>
  <testcase name="service" time="0.000" classname="com.example.java设计模式.单例.Test"/>
  <testcase name="service" time="0.855" classname="com.example.java设计模式.单例.Test"/>
  <testcase name="service" time="0.365" classname="com.example.java设计模式.单例.Test"/>
  <testcase name="service" time="0.784" classname="com.example.java设计模式.单例.Test"/>
  <testcase name="service" time="0.009" classname="com.example.java设计模式.单例.Test"/>
  <testcase name="service" time="0.000" classname="com.example.java设计模式.单例.Test"/>
  <testcase name="service" time="0.046" classname="com.example.java设计模式.单例.Test"/>
  <testcase name="service" time="0.667" classname="com.example.java设计模式.单例.Test"/>
  <testcase name="service" time="0.793" classname="com.example.java设计模式.单例.Test"/>
  <testcase name="service" time="0.000" classname="com.example.java设计模式.单例.Test"/>
  <testcase name="service" time="0.620" classname="com.example.java设计模式.单例.Test"/>
  <testcase name="service" time="0.114" classname="com.example.java设计模式.单例.Test"/>
  <testcase name="service" time="6.365" classname="com.example.java设计模式.单例.Test"/>
  <testcase name="service" time="0.222" classname="com.example.java设计模式.单例.Test"/>
  <testcase name="service" time="0.000" classname="com.example.java设计模式.单例.Test"/>
  <testcase name="service" time="0.000" classname="com.example.java设计模式.单例.Test"/>
  <testcase name="service" time="0.000" classname="com.example.java设计模式.单例.Test"/>
  <testcase name="service" time="5.510" classname="com.example.java设计模式.单例.Test"/>
  <testcase name="service" time="0.000" classname="com.example.java设计模式.单例.Test"/>
  <testcase name="service" time="0.995" classname="com.example.java设计模式.单例.Test"/>
  <testcase name="service" time="0.766" classname="com.example.java设计模式.单例.Test"/>
  <testcase name="service" time="0.000" classname="com.example.java设计模式.单例.Test"/>
  <testcase name="service" time="0.000" classname="com.example.java设计模式.单例.Test"/>
  <testcase name="service" time="0.001" classname="com.example.java设计模式.单例.Test"/>
  <testcase name="service" time="0.000" classname="com.example.java设计模式.单例.Test"/>
  <testcase name="service" time="6.565" classname="com.example.java设计模式.单例.Test"/>
  <testcase name="service" time="0.000" classname="com.example.java设计模式.单例.Test"/>
  <testcase name="service" time="0.000" classname="com.example.java设计模式.单例.Test"/>
  <testcase name="service" time="0.000" classname="com.example.java设计模式.单例.Test"/>
  <testcase name="service" time="0.032" classname="com.example.java设计模式.单例.Test"/>
  <testcase name="service" time="0.000" classname="com.example.java设计模式.单例.Test"/>
  <testcase name="service" time="0.001" classname="com.example.java设计模式.单例.Test"/>
  <testcase name="service" time="1.526" classname="com.example.java设计模式.单例.Test"/>
  <testcase name="service" time="0.138" classname="com.example.java设计模式.单例.Test"/>
  <testcase name="service" time="0.501" classname="com.example.java设计模式.单例.Test"/>
  <testcase name="service" time="1.099" classname="com.example.java设计模式.单例.Test"/>
  <testcase name="service" time="0.000" classname="com.example.java设计模式.单例.Test"/>
  <testcase name="service" time="0.530" classname="com.example.java设计模式.单例.Test"/>
  <testcase name="service" time="0.000" classname="com.example.java设计模式.单例.Test"/>
  <testcase name="service" time="6.423" classname="com.example.java设计模式.单例.Test"/>
  <testcase name="service" time="0.000" classname="com.example.java设计模式.单例.Test"/>
  <testcase name="service" time="0.000" classname="com.example.java设计模式.单例.Test"/>
  <testcase name="service" time="0.000" classname="com.example.java设计模式.单例.Test"/>
  <testcase name="service" time="0.408" classname="com.example.java设计模式.单例.Test"/>
  <testcase name="service" time="0.420" classname="com.example.java设计模式.单例.Test"/>
  <testcase name="service" time="0.153" classname="com.example.java设计模式.单例.Test"/>
  <testcase name="service" time="1.218" classname="com.example.java设计模式.单例.Test"/>
  <testcase name="service" time="0.000" classname="com.example.java设计模式.单例.Test"/>
  <testcase name="service" time="0.000" classname="com.example.java设计模式.单例.Test"/>
  <testcase name="service" time="5.138" classname="com.example.java设计模式.单例.Test"/>
  <testcase name="service" time="0.236" classname="com.example.java设计模式.单例.Test"/>
  <testcase name="service" time="0.000" classname="com.example.java设计模式.单例.Test"/>
  <testcase name="service" time="0.238" classname="com.example.java设计模式.单例.Test"/>
  <testcase name="service" time="0.000" classname="com.example.java设计模式.单例.Test"/>
  <testcase name="service" time="0.000" classname="com.example.java设计模式.单例.Test"/>
  <testcase name="service" time="0.000" classname="com.example.java设计模式.单例.Test"/>
  <testcase name="service" time="8.062" classname="com.example.java设计模式.单例.Test"/>
  <testcase name="service" time="0.451" classname="com.example.java设计模式.单例.Test"/>
  <testcase name="service" time="0.000" classname="com.example.java设计模式.单例.Test"/>
  <testcase name="service" time="0.001" classname="com.example.java设计模式.单例.Test"/>
  <testcase name="service" time="0.000" classname="com.example.java设计模式.单例.Test"/>
  <testcase name="service" time="0.000" classname="com.example.java设计模式.单例.Test"/>
  <testcase name="service" time="0.000" classname="com.example.java设计模式.单例.Test"/>
  <testcase name="service" time="0.000" classname="com.example.java设计模式.单例.Test"/>
  <testcase name="service" time="0.108" classname="com.example.java设计模式.单例.Test"/>
  <testcase name="service" time="0.885" classname="com.example.java设计模式.单例.Test"/>
  <testcase name="service" time="0.097" classname="com.example.java设计模式.单例.Test"/>
  <testcase name="service" time="1.212" classname="com.example.java设计模式.单例.Test"/>
  <testcase name="service" time="0.000" classname="com.example.java设计模式.单例.Test"/>
  <testcase name="service" time="0.326" classname="com.example.java设计模式.单例.Test"/>
  <testcase name="service" time="0.211" classname="com.example.java设计模式.单例.Test"/>
  <testcase name="service" time="6.184" classname="com.example.java设计模式.单例.Test"/>
  <testcase name="service" time="0.204" classname="com.example.java设计模式.单例.Test"/>
  <testcase name="service" time="64.959" classname="com.example.java设计模式.单例.Test"/>
  <testcase name="service" time="0.000" classname="com.example.java设计模式.单例.Test"/>
  <testcase name="service" time="0.041" classname="com.example.java设计模式.单例.Test"/>
  <testcase name="service" time="0.260" classname="com.example.java设计模式.单例.Test"/>
  <testcase name="service" time="0.002" classname="com.example.java设计模式.单例.Test"/>
  <testcase name="service" time="0.001" classname="com.example.java设计模式.单例.Test"/>
  <testcase name="service" time="0.001" classname="com.example.java设计模式.单例.Test"/>
  <testcase name="service" time="0.182" classname="com.example.java设计模式.单例.Test"/>
  <testcase name="service" time="0.000" classname="com.example.java设计模式.单例.Test"/>
  <testcase name="service" time="0.376" classname="com.example.java设计模式.单例.Test"/>
  <testcase name="service" time="0.250" classname="com.example.java设计模式.单例.Test"/>
  <testcase name="service" time="0.000" classname="com.example.java设计模式.单例.Test"/>
  <testcase name="service" time="0.281" classname="com.example.java设计模式.单例.Test"/>
  <testcase name="service" time="0.426" classname="com.example.java设计模式.单例.Test"/>
  <testcase name="service" time="7.916" classname="com.example.java设计模式.单例.Test"/>
  <testcase name="service" time="0.221" classname="com.example.java设计模式.单例.Test"/>
  <testcase name="service" time="0.129" classname="com.example.java设计模式.单例.Test"/>
  <testcase name="service" time="0.032" classname="com.example.java设计模式.单例.Test"/>
  <testcase name="service" time="5.646" classname="com.example.java设计模式.单例.Test"/>
  <testcase name="service" time="0.000" classname="com.example.java设计模式.单例.Test"/>
  <testcase name="service" time="0.000" classname="com.example.java设计模式.单例.Test"/>
  <testcase name="service" time="0.000" classname="com.example.java设计模式.单例.Test"/>
  <testcase name="service" time="0.726" classname="com.example.java设计模式.单例.Test"/>
  <testcase name="service" time="0.099" classname="com.example.java设计模式.单例.Test"/>
  <testcase name="service" time="0.000" classname="com.example.java设计模式.单例.Test"/>
  <testcase name="service" time="0.001" classname="com.example.java设计模式.单例.Test"/>
  <testcase name="service" time="0.000" classname="com.example.java设计模式.单例.Test"/>
  <testcase name="service" time="0.712" classname="com.example.java设计模式.单例.Test"/>
  <testcase name="service" time="0.001" classname="com.example.java设计模式.单例.Test"/>
  <testcase name="service" time="7.915" classname="com.example.java设计模式.单例.Test"/>
  <testcase name="service" time="0.001" classname="com.example.java设计模式.单例.Test"/>
  <testcase name="service" time="0.913" classname="com.example.java设计模式.单例.Test"/>
  <testcase name="service" time="0.000" classname="com.example.java设计模式.单例.Test"/>
  <testcase name="service" time="0.000" classname="com.example.java设计模式.单例.Test"/>
  <testcase name="service" time="0.000" classname="com.example.java设计模式.单例.Test"/>
  <testcase name="service" time="1.305" classname="com.example.java设计模式.单例.Test"/>
  <testcase name="service" time="0.093" classname="com.example.java设计模式.单例.Test"/>
  <testcase name="service" time="0.000" classname="com.example.java设计模式.单例.Test"/>
  <testcase name="service" time="1.375" classname="com.example.java设计模式.单例.Test"/>
  <testcase name="service" time="1.482" classname="com.example.java设计模式.单例.Test"/>
  <testcase name="service" time="0.192" classname="com.example.java设计模式.单例.Test"/>
  <testcase name="service" time="0.003" classname="com.example.java设计模式.单例.Test"/>
  <testcase name="service" time="0.000" classname="com.example.java设计模式.单例.Test"/>
  <testcase name="service" time="5.142" classname="com.example.java设计模式.单例.Test"/>
  <testcase name="service" time="0.276" classname="com.example.java设计模式.单例.Test"/>
  <testcase name="service" time="0.001" classname="com.example.java设计模式.单例.Test"/>
  <testcase name="service" time="0.411" classname="com.example.java设计模式.单例.Test"/>
  <testcase name="service" time="0.959" classname="com.example.java设计模式.单例.Test"/>
  <testcase name="service" time="0.000" classname="com.example.java设计模式.单例.Test"/>
  <testcase name="service" time="0.000" classname="com.example.java设计模式.单例.Test"/>
  <testcase name="service" time="0.000" classname="com.example.java设计模式.单例.Test"/>
  <testcase name="service" time="0.000" classname="com.example.java设计模式.单例.Test"/>
  <testcase name="service" time="0.585" classname="com.example.java设计模式.单例.Test"/>
  <testcase name="service" time="0.030" classname="com.example.java设计模式.单例.Test"/>
  <testcase name="service" time="0.000" classname="com.example.java设计模式.单例.Test"/>
  <testcase name="service" time="0.001" classname="com.example.java设计模式.单例.Test"/>
  <testcase name="service" time="65.166" classname="com.example.java设计模式.单例.Test"/>
  <testcase name="service" time="6.226" classname="com.example.java设计模式.单例.Test"/>
  <testcase name="service" time="0.000" classname="com.example.java设计模式.单例.Test"/>
  <testcase name="service" time="0.000" classname="com.example.java设计模式.单例.Test"/>
  <testcase name="service" time="0.000" classname="com.example.java设计模式.单例.Test"/>
  <testcase name="service" time="0.136" classname="com.example.java设计模式.单例.Test"/>
  <testcase name="service" time="0.000" classname="com.example.java设计模式.单例.Test"/>
  <testcase name="service" time="0.060" classname="com.example.java设计模式.单例.Test"/>
  <testcase name="service" time="0.319" classname="com.example.java设计模式.单例.Test"/>
  <testcase name="service" time="0.020" classname="com.example.java设计模式.单例.Test"/>
  <testcase name="service" time="64.898" classname="com.example.java设计模式.单例.Test"/>
  <testcase name="service" time="0.001" classname="com.example.java设计模式.单例.Test"/>
  <testcase name="service" time="0.089" classname="com.example.java设计模式.单例.Test"/>
  <testcase name="service" time="0.456" classname="com.example.java设计模式.单例.Test"/>
  <testcase name="service" time="0.245" classname="com.example.java设计模式.单例.Test"/>
  <testcase name="service" time="0.653" classname="com.example.java设计模式.单例.Test"/>
  <testcase name="service" time="5.530" classname="com.example.java设计模式.单例.Test"/>
  <testcase name="service" time="0.564" classname="com.example.java设计模式.单例.Test"/>
  <testcase name="service" time="0.001" classname="com.example.java设计模式.单例.Test"/>
  <testcase name="service" time="0.000" classname="com.example.java设计模式.单例.Test"/>
  <testcase name="service" time="0.000" classname="com.example.java设计模式.单例.Test"/>
  <testcase name="service" time="0.764" classname="com.example.java设计模式.单例.Test"/>
  <testcase name="service" time="0.000" classname="com.example.java设计模式.单例.Test"/>
  <testcase name="service" time="0.478" classname="com.example.java设计模式.单例.Test"/>
  <testcase name="service" time="0.000" classname="com.example.java设计模式.单例.Test"/>
  <testcase name="service" time="0.000" classname="com.example.java设计模式.单例.Test"/>
  <testcase name="service" time="0.222" classname="com.example.java设计模式.单例.Test"/>
  <testcase name="service" time="0.000" classname="com.example.java设计模式.单例.Test"/>
  <testcase name="service" time="0.760" classname="com.example.java设计模式.单例.Test"/>
  <testcase name="service" time="0.000" classname="com.example.java设计模式.单例.Test"/>
  <testcase name="service" time="0.159" classname="com.example.java设计模式.单例.Test"/>
  <testcase name="service" time="8.280" classname="com.example.java设计模式.单例.Test"/>
  <testcase name="service" time="0.000" classname="com.example.java设计模式.单例.Test"/>
  <testcase name="service" time="0.001" classname="com.example.java设计模式.单例.Test"/>
  <testcase name="service" time="0.656" classname="com.example.java设计模式.单例.Test"/>
  <testcase name="service" time="0.060" classname="com.example.java设计模式.单例.Test"/>
  <testcase name="service" time="0.506" classname="com.example.java设计模式.单例.Test"/>
  <testcase name="service" time="0.000" classname="com.example.java设计模式.单例.Test"/>
  <testcase name="service" time="0.760" classname="com.example.java设计模式.单例.Test"/>
  <testcase name="service" time="0.000" classname="com.example.java设计模式.单例.Test"/>
  <testcase name="service" time="64.725" classname="com.example.java设计模式.单例.Test"/>
  <testcase name="service" time="0.000" classname="com.example.java设计模式.单例.Test"/>
  <testcase name="service" time="0.000" classname="com.example.java设计模式.单例.Test"/>
  <testcase name="service" time="1.160" classname="com.example.java设计模式.单例.Test"/>
  <testcase name="service" time="1.126" classname="com.example.java设计模式.单例.Test"/>
  <testcase name="service" time="0.001" classname="com.example.java设计模式.单例.Test"/>
  <testcase name="service" time="0.001" classname="com.example.java设计模式.单例.Test"/>
  <testcase name="service" time="0.001" classname="com.example.java设计模式.单例.Test"/>
  <testcase name="service" time="0.210" classname="com.example.java设计模式.单例.Test"/>
  <testcase name="service" time="0.001" classname="com.example.java设计模式.单例.Test"/>
  <testcase name="service" time="0.001" classname="com.example.java设计模式.单例.Test"/>
  <testcase name="service" time="0.000" classname="com.example.java设计模式.单例.Test"/>
  <testcase name="service" time="0.035" classname="com.example.java设计模式.单例.Test"/>
  <testcase name="service" time="0.001" classname="com.example.java设计模式.单例.Test"/>
  <testcase name="service" time="6.614" classname="com.example.java设计模式.单例.Test"/>
  <testcase name="service" time="1.096" classname="com.example.java设计模式.单例.Test"/>
  <testcase name="service" time="0.367" classname="com.example.java设计模式.单例.Test"/>
  <testcase name="service" time="0.000" classname="com.example.java设计模式.单例.Test"/>
  <testcase name="service" time="0.000" classname="com.example.java设计模式.单例.Test"/>
  <testcase name="service" time="0.355" classname="com.example.java设计模式.单例.Test"/>
  <testcase name="service" time="0.001" classname="com.example.java设计模式.单例.Test"/>
  <testcase name="service" time="0.912" classname="com.example.java设计模式.单例.Test"/>
  <testcase name="service" time="0.887" classname="com.example.java设计模式.单例.Test"/>
  <testcase name="service" time="1.493" classname="com.example.java设计模式.单例.Test"/>
  <testcase name="service" time="0.001" classname="com.example.java设计模式.单例.Test"/>
  <testcase name="service" time="0.001" classname="com.example.java设计模式.单例.Test"/>
  <testcase name="service" time="0.000" classname="com.example.java设计模式.单例.Test"/>
  <testcase name="service" time="0.000" classname="com.example.java设计模式.单例.Test"/>
  <testcase name="service" time="0.268" classname="com.example.java设计模式.单例.Test"/>
  <testcase name="service" time="0.703" classname="com.example.java设计模式.单例.Test"/>
  <testcase name="service" time="8.253" classname="com.example.java设计模式.单例.Test"/>
  <testcase name="service" time="0.184" classname="com.example.java设计模式.单例.Test"/>
  <testcase name="service" time="0.000" classname="com.example.java设计模式.单例.Test"/>
  <testcase name="service" time="0.000" classname="com.example.java设计模式.单例.Test"/>
  <testcase name="service" time="0.000" classname="com.example.java设计模式.单例.Test"/>
  <testcase name="service" time="0.901" classname="com.example.java设计模式.单例.Test"/>
  <testcase name="service" time="0.155" classname="com.example.java设计模式.单例.Test"/>
  <testcase name="service" time="0.000" classname="com.example.java设计模式.单例.Test"/>
  <testcase name="service" time="0.702" classname="com.example.java设计模式.单例.Test"/>
  <testcase name="service" time="0.611" classname="com.example.java设计模式.单例.Test"/>
  <testcase name="service" time="0.000" classname="com.example.java设计模式.单例.Test"/>
  <testcase name="service" time="0.219" classname="com.example.java设计模式.单例.Test"/>
  <testcase name="service" time="0.155" classname="com.example.java设计模式.单例.Test"/>
  <testcase name="service" time="0.001" classname="com.example.java设计模式.单例.Test"/>
  <testcase name="service" time="0.000" classname="com.example.java设计模式.单例.Test"/>
  <testcase name="service" time="0.001" classname="com.example.java设计模式.单例.Test"/>
  <testcase name="service" time="0.000" classname="com.example.java设计模式.单例.Test"/>
  <testcase name="service" time="0.019" classname="com.example.java设计模式.单例.Test"/>
  <testcase name="service" time="0.095" classname="com.example.java设计模式.单例.Test"/>
  <testcase name="service" time="0.001" classname="com.example.java设计模式.单例.Test"/>
  <testcase name="service" time="0.000" classname="com.example.java设计模式.单例.Test"/>
  <testcase name="service" time="0.058" classname="com.example.java设计模式.单例.Test"/>
  <testcase name="service" time="0.110" classname="com.example.java设计模式.单例.Test"/>
  <testcase name="service" time="0.329" classname="com.example.java设计模式.单例.Test"/>
  <testcase name="service" time="0.603" classname="com.example.java设计模式.单例.Test"/>
  <testcase name="service" time="1.104" classname="com.example.java设计模式.单例.Test"/>
  <testcase name="service" time="0.001" classname="com.example.java设计模式.单例.Test"/>
  <testcase name="service" time="0.000" classname="com.example.java设计模式.单例.Test"/>
  <testcase name="service" time="64.546" classname="com.example.java设计模式.单例.Test"/>
  <testcase name="service" time="0.000" classname="com.example.java设计模式.单例.Test"/>
  <testcase name="service" time="0.693" classname="com.example.java设计模式.单例.Test"/>
  <testcase name="service" time="8.296" classname="com.example.java设计模式.单例.Test"/>
  <testcase name="service" time="0.000" classname="com.example.java设计模式.单例.Test"/>
  <testcase name="service" time="0.046" classname="com.example.java设计模式.单例.Test"/>
  <testcase name="service" time="64.545" classname="com.example.java设计模式.单例.Test"/>
  <testcase name="service" time="0.703" classname="com.example.java设计模式.单例.Test"/>
  <testcase name="service" time="0.000" classname="com.example.java设计模式.单例.Test"/>
  <testcase name="service" time="6.286" classname="com.example.java设计模式.单例.Test"/>
  <testcase name="service" time="0.234" classname="com.example.java设计模式.单例.Test"/>
  <testcase name="service" time="0.000" classname="com.example.java设计模式.单例.Test"/>
  <testcase name="service" time="0.507" classname="com.example.java设计模式.单例.Test"/>
  <testcase name="service" time="0.198" classname="com.example.java设计模式.单例.Test"/>
  <testcase name="service" time="0.049" classname="com.example.java设计模式.单例.Test"/>
  <testcase name="service" time="0.000" classname="com.example.java设计模式.单例.Test"/>
  <testcase name="service" time="0.119" classname="com.example.java设计模式.单例.Test"/>
  <testcase name="service" time="0.001" classname="com.example.java设计模式.单例.Test"/>
  <testcase name="service" time="0.112" classname="com.example.java设计模式.单例.Test"/>
  <testcase name="service" time="0.000" classname="com.example.java设计模式.单例.Test"/>
  <testcase name="service" time="0.072" classname="com.example.java设计模式.单例.Test"/>
  <testcase name="service" time="0.000" classname="com.example.java设计模式.单例.Test"/>
  <testcase name="service" time="0.000" classname="com.example.java设计模式.单例.Test"/>
  <testcase name="service" time="0.001" classname="com.example.java设计模式.单例.Test"/>
  <testcase name="service" time="0.000" classname="com.example.java设计模式.单例.Test"/>
  <testcase name="service" time="0.592" classname="com.example.java设计模式.单例.Test"/>
  <testcase name="service" time="0.001" classname="com.example.java设计模式.单例.Test"/>
  <testcase name="service" time="0.412" classname="com.example.java设计模式.单例.Test"/>
  <testcase name="service" time="0.001" classname="com.example.java设计模式.单例.Test"/>
  <testcase name="service" time="0.000" classname="com.example.java设计模式.单例.Test"/>
  <testcase name="service" time="0.000" classname="com.example.java设计模式.单例.Test"/>
  <testcase name="service" time="0.000" classname="com.example.java设计模式.单例.Test"/>
  <testcase name="service" time="1.097" classname="com.example.java设计模式.单例.Test"/>
  <testcase name="service" time="0.000" classname="com.example.java设计模式.单例.Test"/>
  <testcase name="service" time="0.000" classname="com.example.java设计模式.单例.Test"/>
  <testcase name="service" time="0.664" classname="com.example.java设计模式.单例.Test"/>
  <testcase name="service" time="0.056" classname="com.example.java设计模式.单例.Test"/>
  <testcase name="service" time="0.000" classname="com.example.java设计模式.单例.Test"/>
  <testcase name="service" time="0.001" classname="com.example.java设计模式.单例.Test"/>
  <testcase name="service" time="0.695" classname="com.example.java设计模式.单例.Test"/>
  <testcase name="service" time="0.000" classname="com.example.java设计模式.单例.Test"/>
  <testcase name="service" time="0.694" classname="com.example.java设计模式.单例.Test"/>
  <testcase name="service" time="0.000" classname="com.example.java设计模式.单例.Test"/>
  <testcase name="service" time="0.000" classname="com.example.java设计模式.单例.Test"/>
  <testcase name="service" time="0.116" classname="com.example.java设计模式.单例.Test"/>
  <testcase name="service" time="1.207" classname="com.example.java设计模式.单例.Test"/>
  <testcase name="service" time="0.001" classname="com.example.java设计模式.单例.Test"/>
  <testcase name="service" time="0.000" classname="com.example.java设计模式.单例.Test"/>
  <testcase name="service" time="0.000" classname="com.example.java设计模式.单例.Test"/>
  <testcase name="service" time="0.000" classname="com.example.java设计模式.单例.Test"/>
  <testcase name="service" time="0.232" classname="com.example.java设计模式.单例.Test"/>
  <testcase name="service" time="0.844" classname="com.example.java设计模式.单例.Test"/>
  <testcase name="service" time="0.000" classname="com.example.java设计模式.单例.Test"/>
  <testcase name="service" time="0.000" classname="com.example.java设计模式.单例.Test"/>
  <testcase name="service" time="0.835" classname="com.example.java设计模式.单例.Test"/>
  <testcase name="service" time="0.000" classname="com.example.java设计模式.单例.Test"/>
  <testcase name="service" time="0.001" classname="com.example.java设计模式.单例.Test"/>
  <testcase name="service" time="0.000" classname="com.example.java设计模式.单例.Test"/>
  <testcase name="service" time="0.000" classname="com.example.java设计模式.单例.Test"/>
  <testcase name="service" time="0.502" classname="com.example.java设计模式.单例.Test"/>
  <testcase name="service" time="0.000" classname="com.example.java设计模式.单例.Test"/>
  <testcase name="service" time="0.000" classname="com.example.java设计模式.单例.Test"/>
  <testcase name="service" time="0.000" classname="com.example.java设计模式.单例.Test"/>
  <testcase name="service" time="0.357" classname="com.example.java设计模式.单例.Test"/>
  <testcase name="service" time="0.953" classname="com.example.java设计模式.单例.Test"/>
  <testcase name="service" time="6.350" classname="com.example.java设计模式.单例.Test"/>
  <testcase name="service" time="1.412" classname="com.example.java设计模式.单例.Test"/>
  <testcase name="service" time="0.460" classname="com.example.java设计模式.单例.Test"/>
  <testcase name="service" time="7.771" classname="com.example.java设计模式.单例.Test"/>
  <testcase name="service" time="0.000" classname="com.example.java设计模式.单例.Test"/>
  <testcase name="service" time="0.000" classname="com.example.java设计模式.单例.Test"/>
  <testcase name="service" time="0.000" classname="com.example.java设计模式.单例.Test"/>
  <testcase name="service" time="0.000" classname="com.example.java设计模式.单例.Test"/>
  <testcase name="service" time="0.000" classname="com.example.java设计模式.单例.Test"/>
  <testcase name="service" time="0.000" classname="com.example.java设计模式.单例.Test"/>
  <testcase name="service" time="1.103" classname="com.example.java设计模式.单例.Test"/>
  <testcase name="service" time="0.408" classname="com.example.java设计模式.单例.Test"/>
  <testcase name="service" time="8.086" classname="com.example.java设计模式.单例.Test"/>
  <testcase name="service" time="0.000" classname="com.example.java设计模式.单例.Test"/>
  <testcase name="service" time="0.000" classname="com.example.java设计模式.单例.Test"/>
  <testcase name="service" time="0.000" classname="com.example.java设计模式.单例.Test"/>
  <testcase name="service" time="0.234" classname="com.example.java设计模式.单例.Test"/>
  <testcase name="service" time="0.000" classname="com.example.java设计模式.单例.Test"/>
  <testcase name="service" time="0.000" classname="com.example.java设计模式.单例.Test"/>
  <testcase name="service" time="0.000" classname="com.example.java设计模式.单例.Test"/>
  <testcase name="service" time="0.001" classname="com.example.java设计模式.单例.Test"/>
  <testcase name="service" time="0.000" classname="com.example.java设计模式.单例.Test"/>
  <testcase name="service" time="0.830" classname="com.example.java设计模式.单例.Test"/>
  <testcase name="service" time="0.001" classname="com.example.java设计模式.单例.Test"/>
  <testcase name="service" time="7.775" classname="com.example.java设计模式.单例.Test"/>
  <testcase name="service" time="0.001" classname="com.example.java设计模式.单例.Test"/>
  <testcase name="service" time="0.001" classname="com.example.java设计模式.单例.Test"/>
  <testcase name="service" time="0.178" classname="com.example.java设计模式.单例.Test"/>
  <testcase name="service" time="0.000" classname="com.example.java设计模式.单例.Test"/>
  <testcase name="service" time="7.830" classname="com.example.java设计模式.单例.Test"/>
  <testcase name="service" time="0.000" classname="com.example.java设计模式.单例.Test"/>
  <testcase name="service" time="0.001" classname="com.example.java设计模式.单例.Test"/>
  <testcase name="service" time="0.000" classname="com.example.java设计模式.单例.Test"/>
  <testcase name="service" time="0.000" classname="com.example.java设计模式.单例.Test"/>
  <testcase name="service" time="0.803" classname="com.example.java设计模式.单例.Test"/>
  <testcase name="service" time="0.000" classname="com.example.java设计模式.单例.Test"/>
  <testcase name="service" time="0.238" classname="com.example.java设计模式.单例.Test"/>
  <testcase name="service" time="0.000" classname="com.example.java设计模式.单例.Test"/>
  <testcase name="service" time="0.031" classname="com.example.java设计模式.单例.Test"/>
  <testcase name="service" time="0.655" classname="com.example.java设计模式.单例.Test"/>
  <testcase name="service" time="0.499" classname="com.example.java设计模式.单例.Test"/>
  <testcase name="service" time="0.000" classname="com.example.java设计模式.单例.Test"/>
  <testcase name="service" time="0.001" classname="com.example.java设计模式.单例.Test"/>
  <testcase name="service" time="0.000" classname="com.example.java设计模式.单例.Test"/>
  <testcase name="service" time="0.001" classname="com.example.java设计模式.单例.Test"/>
  <testcase name="service" time="0.015" classname="com.example.java设计模式.单例.Test"/>
  <testcase name="service" time="0.294" classname="com.example.java设计模式.单例.Test"/>
  <testcase name="service" time="0.000" classname="com.example.java设计模式.单例.Test"/>
  <testcase name="service" time="0.000" classname="com.example.java设计模式.单例.Test"/>
  <testcase name="service" time="0.108" classname="com.example.java设计模式.单例.Test"/>
  <testcase name="service" time="65.068" classname="com.example.java设计模式.单例.Test"/>
  <testcase name="service" time="0.780" classname="com.example.java设计模式.单例.Test"/>
  <testcase name="service" time="0.931" classname="com.example.java设计模式.单例.Test"/>
  <testcase name="service" time="0.000" classname="com.example.java设计模式.单例.Test"/>
  <testcase name="service" time="0.457" classname="com.example.java设计模式.单例.Test"/>
  <testcase name="service" time="0.543" classname="com.example.java设计模式.单例.Test"/>
  <testcase name="service" time="0.003" classname="com.example.java设计模式.单例.Test"/>
  <testcase name="service" time="0.000" classname="com.example.java设计模式.单例.Test"/>
  <testcase name="service" time="0.000" classname="com.example.java设计模式.单例.Test"/>
  <testcase name="service" time="0.432" classname="com.example.java设计模式.单例.Test"/>
  <testcase name="service" time="0.068" classname="com.example.java设计模式.单例.Test"/>
  <testcase name="service" time="0.348" classname="com.example.java设计模式.单例.Test"/>
  <testcase name="service" time="0.000" classname="com.example.java设计模式.单例.Test"/>
  <testcase name="service" time="0.010" classname="com.example.java设计模式.单例.Test"/>
  <testcase name="service" time="0.224" classname="com.example.java设计模式.单例.Test"/>
  <testcase name="service" time="64.640" classname="com.example.java设计模式.单例.Test"/>
  <testcase name="service" time="8.273" classname="com.example.java设计模式.单例.Test"/>
  <testcase name="service" time="0.934" classname="com.example.java设计模式.单例.Test"/>
  <testcase name="service" time="0.000" classname="com.example.java设计模式.单例.Test"/>
  <testcase name="service" time="0.002" classname="com.example.java设计模式.单例.Test"/>
  <testcase name="service" time="0.183" classname="com.example.java设计模式.单例.Test"/>
  <testcase name="service" time="0.484" classname="com.example.java设计模式.单例.Test"/>
  <testcase name="service" time="6.357" classname="com.example.java设计模式.单例.Test"/>
  <testcase name="service" time="1.053" classname="com.example.java设计模式.单例.Test"/>
  <testcase name="service" time="1.401" classname="com.example.java设计模式.单例.Test"/>
  <testcase name="service" time="0.000" classname="com.example.java设计模式.单例.Test"/>
  <testcase name="service" time="6.646" classname="com.example.java设计模式.单例.Test"/>
  <testcase name="service" time="0.271" classname="com.example.java设计模式.单例.Test"/>
  <testcase name="service" time="0.250" classname="com.example.java设计模式.单例.Test"/>
  <testcase name="service" time="0.000" classname="com.example.java设计模式.单例.Test"/>
  <testcase name="service" time="0.000" classname="com.example.java设计模式.单例.Test"/>
  <testcase name="service" time="0.110" classname="com.example.java设计模式.单例.Test"/>
  <testcase name="service" time="0.861" classname="com.example.java设计模式.单例.Test"/>
  <testcase name="service" time="0.719" classname="com.example.java设计模式.单例.Test"/>
  <testcase name="service" time="0.523" classname="com.example.java设计模式.单例.Test"/>
  <testcase name="service" time="1.525" classname="com.example.java设计模式.单例.Test"/>
  <testcase name="service" time="0.001" classname="com.example.java设计模式.单例.Test"/>
  <testcase name="service" time="1.270" classname="com.example.java设计模式.单例.Test"/>
  <testcase name="service" time="0.857" classname="com.example.java设计模式.单例.Test"/>
  <testcase name="service" time="0.000" classname="com.example.java设计模式.单例.Test"/>
  <testcase name="service" time="0.000" classname="com.example.java设计模式.单例.Test"/>
  <testcase name="service" time="64.952" classname="com.example.java设计模式.单例.Test"/>
  <testcase name="service" time="0.000" classname="com.example.java设计模式.单例.Test"/>
  <testcase name="service" time="0.000" classname="com.example.java设计模式.单例.Test"/>
  <testcase name="service" time="0.000" classname="com.example.java设计模式.单例.Test"/>
  <testcase name="service" time="0.254" classname="com.example.java设计模式.单例.Test"/>
  <testcase name="service" time="0.000" classname="com.example.java设计模式.单例.Test"/>
  <testcase name="service" time="0.802" classname="com.example.java设计模式.单例.Test"/>
  <testcase name="service" time="0.001" classname="com.example.java设计模式.单例.Test"/>
  <testcase name="service" time="0.000" classname="com.example.java设计模式.单例.Test"/>
  <testcase name="service" time="0.000" classname="com.example.java设计模式.单例.Test"/>
  <testcase name="service" time="0.331" classname="com.example.java设计模式.单例.Test"/>
  <testcase name="service" time="0.819" classname="com.example.java设计模式.单例.Test"/>
  <testcase name="service" time="0.014" classname="com.example.java设计模式.单例.Test"/>
  <testcase name="service" time="0.000" classname="com.example.java设计模式.单例.Test"/>
  <testcase name="service" time="64.998" classname="com.example.java设计模式.单例.Test"/>
  <testcase name="service" time="0.001" classname="com.example.java设计模式.单例.Test"/>
  <testcase name="service" time="0.000" classname="com.example.java设计模式.单例.Test"/>
  <testcase name="service" time="0.240" classname="com.example.java设计模式.单例.Test"/>
  <testcase name="service" time="6.328" classname="com.example.java设计模式.单例.Test"/>
  <testcase name="service" time="0.000" classname="com.example.java设计模式.单例.Test"/>
  <testcase name="service" time="0.254" classname="com.example.java设计模式.单例.Test"/>
  <testcase name="service" time="0.000" classname="com.example.java设计模式.单例.Test"/>
  <testcase name="service" time="0.489" classname="com.example.java设计模式.单例.Test"/>
  <testcase name="service" time="0.001" classname="com.example.java设计模式.单例.Test"/>
  <testcase name="service" time="64.992" classname="com.example.java设计模式.单例.Test"/>
  <testcase name="service" time="0.000" classname="com.example.java设计模式.单例.Test"/>
  <testcase name="service" time="65.056" classname="com.example.java设计模式.单例.Test"/>
  <testcase name="service" time="0.001" classname="com.example.java设计模式.单例.Test"/>
  <testcase name="service" time="0.000" classname="com.example.java设计模式.单例.Test"/>
  <testcase name="service" time="1.269" classname="com.example.java设计模式.单例.Test"/>
  <testcase name="service" time="0.001" classname="com.example.java设计模式.单例.Test"/>
  <testcase name="service" time="65.176" classname="com.example.java设计模式.单例.Test"/>
  <testcase name="service" time="0.073" classname="com.example.java设计模式.单例.Test"/>
  <testcase name="service" time="6.578" classname="com.example.java设计模式.单例.Test"/>
  <testcase name="service" time="0.000" classname="com.example.java设计模式.单例.Test"/>
  <testcase name="service" time="8.263" classname="com.example.java设计模式.单例.Test"/>
  <testcase name="service" time="0.001" classname="com.example.java设计模式.单例.Test"/>
  <testcase name="service" time="0.424" classname="com.example.java设计模式.单例.Test"/>
  <testcase name="service" time="0.152" classname="com.example.java设计模式.单例.Test"/>
  <testcase name="service" time="0.101" classname="com.example.java设计模式.单例.Test"/>
  <testcase name="service" time="0.204" classname="com.example.java设计模式.单例.Test"/>
  <testcase name="service" time="0.000" classname="com.example.java设计模式.单例.Test"/>
  <testcase name="service" time="0.000" classname="com.example.java设计模式.单例.Test"/>
  <testcase name="service" time="1.109" classname="com.example.java设计模式.单例.Test"/>
  <testcase name="service" time="0.000" classname="com.example.java设计模式.单例.Test"/>
  <testcase name="service" time="0.000" classname="com.example.java设计模式.单例.Test"/>
  <testcase name="service" time="0.000" classname="com.example.java设计模式.单例.Test"/>
  <testcase name="service" time="0.001" classname="com.example.java设计模式.单例.Test"/>
  <testcase name="service" time="0.000" classname="com.example.java设计模式.单例.Test"/>
  <testcase name="service" time="0.997" classname="com.example.java设计模式.单例.Test"/>
  <testcase name="service" time="0.095" classname="com.example.java设计模式.单例.Test"/>
  <testcase name="service" time="0.000" classname="com.example.java设计模式.单例.Test"/>
  <testcase name="service" time="0.000" classname="com.example.java设计模式.单例.Test"/>
  <testcase name="service" time="0.084" classname="com.example.java设计模式.单例.Test"/>
  <testcase name="service" time="0.000" classname="com.example.java设计模式.单例.Test"/>
  <testcase name="service" time="0.521" classname="com.example.java设计模式.单例.Test"/>
  <testcase name="service" time="6.572" classname="com.example.java设计模式.单例.Test"/>
  <testcase name="service" time="0.000" classname="com.example.java设计模式.单例.Test"/>
  <testcase name="service" time="0.000" classname="com.example.java设计模式.单例.Test"/>
  <testcase name="service" time="0.000" classname="com.example.java设计模式.单例.Test"/>
  <testcase name="service" time="1.271" classname="com.example.java设计模式.单例.Test"/>
  <testcase name="service" time="0.000" classname="com.example.java设计模式.单例.Test"/>
  <testcase name="service" time="0.013" classname="com.example.java设计模式.单例.Test"/>
  <testcase name="service" time="0.000" classname="com.example.java设计模式.单例.Test"/>
  <testcase name="service" time="0.866" classname="com.example.java设计模式.单例.Test"/>
  <testcase name="service" time="0.001" classname="com.example.java设计模式.单例.Test"/>
  <testcase name="service" time="7.142" classname="com.example.java设计模式.单例.Test"/>
  <testcase name="service" time="0.000" classname="com.example.java设计模式.单例.Test"/>
  <testcase name="service" time="0.034" classname="com.example.java设计模式.单例.Test"/>
  <testcase name="service" time="6.588" classname="com.example.java设计模式.单例.Test"/>
  <testcase name="service" time="0.000" classname="com.example.java设计模式.单例.Test"/>
  <testcase name="service" time="0.216" classname="com.example.java设计模式.单例.Test"/>
  <testcase name="service" time="0.523" classname="com.example.java设计模式.单例.Test"/>
  <testcase name="service" time="0.000" classname="com.example.java设计模式.单例.Test"/>
  <testcase name="service" time="0.920" classname="com.example.java设计模式.单例.Test"/>
  <testcase name="service" time="6.644" classname="com.example.java设计模式.单例.Test"/>
  <testcase name="service" time="0.000" classname="com.example.java设计模式.单例.Test"/>
  <testcase name="service" time="0.000" classname="com.example.java设计模式.单例.Test"/>
  <testcase name="service" time="0.003" classname="com.example.java设计模式.单例.Test"/>
  <testcase name="service" time="0.001" classname="com.example.java设计模式.单例.Test"/>
  <testcase name="service" time="0.771" classname="com.example.java设计模式.单例.Test"/>
  <testcase name="service" time="0.001" classname="com.example.java设计模式.单例.Test"/>
  <testcase name="service" time="0.001" classname="com.example.java设计模式.单例.Test"/>
  <testcase name="service" time="0.271" classname="com.example.java设计模式.单例.Test"/>
  <testcase name="service" time="0.336" classname="com.example.java设计模式.单例.Test"/>
  <testcase name="service" time="0.238" classname="com.example.java设计模式.单例.Test"/>
  <testcase name="service" time="0.816" classname="com.example.java设计模式.单例.Test"/>
  <testcase name="service" time="0.343" classname="com.example.java设计模式.单例.Test"/>
  <testcase name="service" time="0.000" classname="com.example.java设计模式.单例.Test"/>
  <testcase name="service" time="0.473" classname="com.example.java设计模式.单例.Test"/>
  <testcase name="service" time="0.427" classname="com.example.java设计模式.单例.Test"/>
  <testcase name="service" time="0.000" classname="com.example.java设计模式.单例.Test"/>
  <testcase name="service" time="0.000" classname="com.example.java设计模式.单例.Test"/>
  <testcase name="service" time="0.001" classname="com.example.java设计模式.单例.Test"/>
  <testcase name="service" time="0.000" classname="com.example.java设计模式.单例.Test"/>
  <testcase name="service" time="0.000" classname="com.example.java设计模式.单例.Test"/>
  <testcase name="service" time="65.048" classname="com.example.java设计模式.单例.Test"/>
  <testcase name="service" time="0.000" classname="com.example.java设计模式.单例.Test"/>
  <testcase name="service" time="0.000" classname="com.example.java设计模式.单例.Test"/>
  <testcase name="service" time="1.125" classname="com.example.java设计模式.单例.Test"/>
  <testcase name="service" time="0.000" classname="com.example.java设计模式.单例.Test"/>
  <testcase name="service" time="0.328" classname="com.example.java设计模式.单例.Test"/>
  <testcase name="service" time="0.001" classname="com.example.java设计模式.单例.Test"/>
  <testcase name="service" time="0.002" classname="com.example.java设计模式.单例.Test"/>
  <testcase name="service" time="0.000" classname="com.example.java设计模式.单例.Test"/>
  <testcase name="service" time="0.382" classname="com.example.java设计模式.单例.Test"/>
  <testcase name="service" time="0.001" classname="com.example.java设计模式.单例.Test"/>
  <testcase name="service" time="0.018" classname="com.example.java设计模式.单例.Test"/>
  <testcase name="service" time="0.000" classname="com.example.java设计模式.单例.Test"/>
  <testcase name="service" time="0.000" classname="com.example.java设计模式.单例.Test"/>
  <testcase name="service" time="0.318" classname="com.example.java设计模式.单例.Test"/>
  <testcase name="service" time="1.557" classname="com.example.java设计模式.单例.Test"/>
  <testcase name="service" time="0.721" classname="com.example.java设计模式.单例.Test"/>
  <testcase name="service" time="0.000" classname="com.example.java设计模式.单例.Test"/>
  <testcase name="service" time="0.000" classname="com.example.java设计模式.单例.Test"/>
  <testcase name="service" time="1.267" classname="com.example.java设计模式.单例.Test"/>
  <testcase name="service" time="0.213" classname="com.example.java设计模式.单例.Test"/>
  <testcase name="service" time="0.000" classname="com.example.java设计模式.单例.Test"/>
  <testcase name="service" time="0.001" classname="com.example.java设计模式.单例.Test"/>
  <testcase name="service" time="0.001" classname="com.example.java设计模式.单例.Test"/>
  <testcase name="service" time="0.000" classname="com.example.java设计模式.单例.Test"/>
  <testcase name="service" time="0.165" classname="com.example.java设计模式.单例.Test"/>
  <testcase name="service" time="0.115" classname="com.example.java设计模式.单例.Test"/>
  <testcase name="service" time="0.063" classname="com.example.java设计模式.单例.Test"/>
  <testcase name="service" time="6.594" classname="com.example.java设计模式.单例.Test"/>
  <testcase name="service" time="0.000" classname="com.example.java设计模式.单例.Test"/>
  <testcase name="service" time="0.548" classname="com.example.java设计模式.单例.Test"/>
  <testcase name="service" time="0.001" classname="com.example.java设计模式.单例.Test"/>
  <testcase name="service" time="6.379" classname="com.example.java设计模式.单例.Test"/>
  <testcase name="service" time="0.330" classname="com.example.java设计模式.单例.Test"/>
  <testcase name="service" time="1.415" classname="com.example.java设计模式.单例.Test"/>
  <testcase name="service" time="0.000" classname="com.example.java设计模式.单例.Test"/>
  <testcase name="service" time="0.000" classname="com.example.java设计模式.单例.Test"/>
  <testcase name="service" time="0.173" classname="com.example.java设计模式.单例.Test"/>
  <testcase name="service" time="0.917" classname="com.example.java设计模式.单例.Test"/>
  <testcase name="service" time="0.132" classname="com.example.java设计模式.单例.Test"/>
  <testcase name="service" time="0.000" classname="com.example.java设计模式.单例.Test"/>
  <testcase name="service" time="0.000" classname="com.example.java设计模式.单例.Test"/>
  <testcase name="service" time="0.000" classname="com.example.java设计模式.单例.Test"/>
  <testcase name="service" time="0.000" classname="com.example.java设计模式.单例.Test"/>
  <testcase name="service" time="0.001" classname="com.example.java设计模式.单例.Test"/>
  <testcase name="service" time="0.001" classname="com.example.java设计模式.单例.Test"/>
  <testcase name="service" time="0.868" classname="com.example.java设计模式.单例.Test"/>
  <testcase name="service" time="0.087" classname="com.example.java设计模式.单例.Test"/>
  <testcase name="service" time="0.047" classname="com.example.java设计模式.单例.Test"/>
  <testcase name="service" time="0.001" classname="com.example.java设计模式.单例.Test"/>
  <testcase name="service" time="0.000" classname="com.example.java设计模式.单例.Test"/>
  <testcase name="service" time="0.031" classname="com.example.java设计模式.单例.Test"/>
  <testcase name="service" time="0.000" classname="com.example.java设计模式.单例.Test"/>
  <testcase name="service" time="0.001" classname="com.example.java设计模式.单例.Test"/>
  <testcase name="service" time="0.000" classname="com.example.java设计模式.单例.Test"/>
  <testcase name="service" time="0.000" classname="com.example.java设计模式.单例.Test"/>
  <testcase name="service" time="0.000" classname="com.example.java设计模式.单例.Test"/>
  <testcase name="service" time="0.000" classname="com.example.java设计模式.单例.Test"/>
  <testcase name="service" time="0.000" classname="com.example.java设计模式.单例.Test"/>
  <testcase name="service" time="0.001" classname="com.example.java设计模式.单例.Test"/>
  <testcase name="service" time="0.000" classname="com.example.java设计模式.单例.Test"/>
  <testcase name="service" time="0.029" classname="com.example.java设计模式.单例.Test"/>
  <testcase name="service" time="0.279" classname="com.example.java设计模式.单例.Test"/>
  <testcase name="service" time="7.100" classname="com.example.java设计模式.单例.Test"/>
  <testcase name="service" time="6.572" classname="com.example.java设计模式.单例.Test"/>
  <testcase name="service" time="0.000" classname="com.example.java设计模式.单例.Test"/>
  <testcase name="service" time="0.744" classname="com.example.java设计模式.单例.Test"/>
  <testcase name="service" time="0.000" classname="com.example.java设计模式.单例.Test"/>
  <testcase name="service" time="0.305" classname="com.example.java设计模式.单例.Test"/>
  <testcase name="service" time="0.000" classname="com.example.java设计模式.单例.Test"/>
  <testcase name="service" time="6.723" classname="com.example.java设计模式.单例.Test"/>
  <testcase name="service" time="1.039" classname="com.example.java设计模式.单例.Test"/>
  <testcase name="service" time="0.000" classname="com.example.java设计模式.单例.Test"/>
  <testcase name="service" time="0.000" classname="com.example.java设计模式.单例.Test"/>
  <testcase name="service" time="7.083" classname="com.example.java设计模式.单例.Test"/>
  <testcase name="service" time="0.000" classname="com.example.java设计模式.单例.Test"/>
  <testcase name="service" time="0.000" classname="com.example.java设计模式.单例.Test"/>
  <testcase name="service" time="0.001" classname="com.example.java设计模式.单例.Test"/>
  <testcase name="service" time="0.000" classname="com.example.java设计模式.单例.Test"/>
  <testcase name="service" time="0.226" classname="com.example.java设计模式.单例.Test"/>
  <testcase name="service" time="0.002" classname="com.example.java设计模式.单例.Test"/>
  <testcase name="service" time="0.000" classname="com.example.java设计模式.单例.Test"/>
  <testcase name="service" time="0.120" classname="com.example.java设计模式.单例.Test"/>
  <testcase name="service" time="0.000" classname="com.example.java设计模式.单例.Test"/>
  <testcase name="service" time="0.000" classname="com.example.java设计模式.单例.Test"/>
  <testcase name="service" time="0.001" classname="com.example.java设计模式.单例.Test"/>
  <testcase name="service" time="0.236" classname="com.example.java设计模式.单例.Test"/>
  <testcase name="service" time="1.118" classname="com.example.java设计模式.单例.Test"/>
  <testcase name="service" time="65.031" classname="com.example.java设计模式.单例.Test"/>
  <testcase name="service" time="0.247" classname="com.example.java设计模式.单例.Test"/>
  <testcase name="service" time="0.168" classname="com.example.java设计模式.单例.Test"/>
  <testcase name="service" time="0.000" classname="com.example.java设计模式.单例.Test"/>
  <testcase name="service" time="0.042" classname="com.example.java设计模式.单例.Test"/>
  <testcase name="service" time="0.001" classname="com.example.java设计模式.单例.Test"/>
  <testcase name="service" time="0.000" classname="com.example.java设计模式.单例.Test"/>
  <testcase name="service" time="0.000" classname="com.example.java设计模式.单例.Test"/>
  <testcase name="service" time="0.001" classname="com.example.java设计模式.单例.Test"/>
  <testcase name="service" time="0.000" classname="com.example.java设计模式.单例.Test"/>
  <testcase name="service" time="0.000" classname="com.example.java设计模式.单例.Test"/>
  <testcase name="service" time="1.206" classname="com.example.java设计模式.单例.Test"/>
  <testcase name="service" time="0.054" classname="com.example.java设计模式.单例.Test"/>
  <testcase name="service" time="0.000" classname="com.example.java设计模式.单例.Test"/>
  <testcase name="service" time="0.000" classname="com.example.java设计模式.单例.Test"/>
  <testcase name="service" time="0.000" classname="com.example.java设计模式.单例.Test"/>
  <testcase name="service" time="0.000" classname="com.example.java设计模式.单例.Test"/>
  <testcase name="service" time="0.000" classname="com.example.java设计模式.单例.Test"/>
  <testcase name="service" time="0.000" classname="com.example.java设计模式.单例.Test"/>
  <testcase name="service" time="0.000" classname="com.example.java设计模式.单例.Test"/>
  <testcase name="service" time="0.013" classname="com.example.java设计模式.单例.Test"/>
  <testcase name="service" time="0.756" classname="com.example.java设计模式.单例.Test"/>
  <testcase name="service" time="6.846" classname="com.example.java设计模式.单例.Test"/>
  <testcase name="service" time="0.000" classname="com.example.java设计模式.单例.Test"/>
  <testcase name="service" time="0.000" classname="com.example.java设计模式.单例.Test"/>
  <testcase name="service" time="0.000" classname="com.example.java设计模式.单例.Test"/>
  <testcase name="service" time="0.000" classname="com.example.java设计模式.单例.Test"/>
  <testcase name="service" time="64.437" classname="com.example.java设计模式.单例.Test"/>
  <testcase name="service" time="0.000" classname="com.example.java设计模式.单例.Test"/>
  <testcase name="service" time="0.809" classname="com.example.java设计模式.单例.Test"/>
  <testcase name="service" time="6.372" classname="com.example.java设计模式.单例.Test"/>
  <testcase name="service" time="0.000" classname="com.example.java设计模式.单例.Test"/>
  <testcase name="service" time="0.600" classname="com.example.java设计模式.单例.Test"/>
  <testcase name="service" time="0.419" classname="com.example.java设计模式.单例.Test"/>
  <testcase name="service" time="0.485" classname="com.example.java设计模式.单例.Test"/>
  <testcase name="service" time="0.000" classname="com.example.java设计模式.单例.Test"/>
  <testcase name="service" time="0.000" classname="com.example.java设计模式.单例.Test"/>
  <testcase name="service" time="0.000" classname="com.example.java设计模式.单例.Test"/>
  <testcase name="service" time="0.840" classname="com.example.java设计模式.单例.Test"/>
  <testcase name="service" time="0.001" classname="com.example.java设计模式.单例.Test"/>
  <testcase name="service" time="0.000" classname="com.example.java设计模式.单例.Test"/>
  <testcase name="service" time="0.000" classname="com.example.java设计模式.单例.Test"/>
  <testcase name="service" time="7.862" classname="com.example.java设计模式.单例.Test"/>
  <testcase name="service" time="0.001" classname="com.example.java设计模式.单例.Test"/>
  <testcase name="service" time="0.000" classname="com.example.java设计模式.单例.Test"/>
  <testcase name="service" time="0.000" classname="com.example.java设计模式.单例.Test"/>
  <testcase name="service" time="0.000" classname="com.example.java设计模式.单例.Test"/>
  <testcase name="service" time="1.136" classname="com.example.java设计模式.单例.Test"/>
  <testcase name="service" time="0.124" classname="com.example.java设计模式.单例.Test"/>
  <testcase name="service" time="0.000" classname="com.example.java设计模式.单例.Test"/>
  <testcase name="service" time="0.001" classname="com.example.java设计模式.单例.Test"/>
  <testcase name="service" time="0.000" classname="com.example.java设计模式.单例.Test"/>
  <testcase name="service" time="0.373" classname="com.example.java设计模式.单例.Test"/>
  <testcase name="service" time="0.001" classname="com.example.java设计模式.单例.Test"/>
  <testcase name="service" time="1.419" classname="com.example.java设计模式.单例.Test"/>
  <testcase name="service" time="0.000" classname="com.example.java设计模式.单例.Test"/>
  <testcase name="service" time="0.001" classname="com.example.java设计模式.单例.Test"/>
  <testcase name="service" time="0.000" classname="com.example.java设计模式.单例.Test"/>
  <testcase name="service" time="0.855" classname="com.example.java设计模式.单例.Test"/>
  <testcase name="service" time="64.787" classname="com.example.java设计模式.单例.Test"/>
  <testcase name="service" time="0.003" classname="com.example.java设计模式.单例.Test"/>
  <testcase name="service" time="0.248" classname="com.example.java设计模式.单例.Test"/>
  <testcase name="service" time="0.417" classname="com.example.java设计模式.单例.Test"/>
  <testcase name="service" time="0.000" classname="com.example.java设计模式.单例.Test"/>
  <testcase name="service" time="0.154" classname="com.example.java设计模式.单例.Test"/>
  <testcase name="service" time="0.000" classname="com.example.java设计模式.单例.Test"/>
  <testcase name="service" time="0.001" classname="com.example.java设计模式.单例.Test"/>
  <testcase name="service" time="0.001" classname="com.example.java设计模式.单例.Test"/>
  <testcase name="service" time="0.000" classname="com.example.java设计模式.单例.Test"/>
  <testcase name="service" time="0.047" classname="com.example.java设计模式.单例.Test"/>
  <testcase name="service" time="0.722" classname="com.example.java设计模式.单例.Test"/>
  <testcase name="service" time="0.000" classname="com.example.java设计模式.单例.Test"/>
  <testcase name="service" time="0.001" classname="com.example.java设计模式.单例.Test"/>
  <testcase name="service" time="0.905" classname="com.example.java设计模式.单例.Test"/>
  <testcase name="service" time="0.017" classname="com.example.java设计模式.单例.Test"/>
  <testcase name="service" time="0.000" classname="com.example.java设计模式.单例.Test"/>
  <testcase name="service" time="0.000" classname="com.example.java设计模式.单例.Test"/>
  <testcase name="service" time="0.201" classname="com.example.java设计模式.单例.Test"/>
  <testcase name="service" time="0.000" classname="com.example.java设计模式.单例.Test"/>
  <testcase name="service" time="0.122" classname="com.example.java设计模式.单例.Test"/>
  <testcase name="service" time="0.000" classname="com.example.java设计模式.单例.Test"/>
  <testcase name="service" time="0.000" classname="com.example.java设计模式.单例.Test"/>
  <testcase name="service" time="0.001" classname="com.example.java设计模式.单例.Test"/>
  <testcase name="service" time="7.492" classname="com.example.java设计模式.单例.Test"/>
  <testcase name="service" time="1.275" classname="com.example.java设计模式.单例.Test"/>
  <testcase name="service" time="7.778" classname="com.example.java设计模式.单例.Test"/>
  <testcase name="service" time="0.000" classname="com.example.java设计模式.单例.Test"/>
  <testcase name="service" time="0.000" classname="com.example.java设计模式.单例.Test"/>
  <testcase name="service" time="0.947" classname="com.example.java设计模式.单例.Test"/>
  <testcase name="service" time="0.000" classname="com.example.java设计模式.单例.Test"/>
  <testcase name="service" time="64.762" classname="com.example.java设计模式.单例.Test"/>
  <testcase name="service" time="0.000" classname="com.example.java设计模式.单例.Test"/>
  <testcase name="service" time="0.000" classname="com.example.java设计模式.单例.Test"/>
  <testcase name="service" time="1.032" classname="com.example.java设计模式.单例.Test"/>
  <testcase name="service" time="0.001" classname="com.example.java设计模式.单例.Test"/>
  <testcase name="service" time="0.000" classname="com.example.java设计模式.单例.Test"/>
  <testcase name="service" time="0.890" classname="com.example.java设计模式.单例.Test"/>
  <testcase name="service" time="0.000" classname="com.example.java设计模式.单例.Test"/>
  <testcase name="service" time="0.001" classname="com.example.java设计模式.单例.Test"/>
  <testcase name="service" time="1.399" classname="com.example.java设计模式.单例.Test"/>
  <testcase name="service" time="0.054" classname="com.example.java设计模式.单例.Test"/>
  <testcase name="service" time="0.872" classname="com.example.java设计模式.单例.Test"/>
  <testcase name="service" time="0.002" classname="com.example.java设计模式.单例.Test"/>
  <testcase name="service" time="0.130" classname="com.example.java设计模式.单例.Test"/>
  <testcase name="service" time="0.000" classname="com.example.java设计模式.单例.Test"/>
  <testcase name="service" time="0.000" classname="com.example.java设计模式.单例.Test"/>
  <testcase name="service" time="0.131" classname="com.example.java设计模式.单例.Test"/>
  <testcase name="service" time="0.000" classname="com.example.java设计模式.单例.Test"/>
  <testcase name="service" time="0.243" classname="com.example.java设计模式.单例.Test"/>
  <testcase name="service" time="64.916" classname="com.example.java设计模式.单例.Test"/>
  <testcase name="service" time="0.001" classname="com.example.java设计模式.单例.Test"/>
  <testcase name="service" time="1.081" classname="com.example.java设计模式.单例.Test"/>
  <testcase name="service" time="0.238" classname="com.example.java设计模式.单例.Test"/>
  <testcase name="service" time="0.000" classname="com.example.java设计模式.单例.Test"/>
  <testcase name="service" time="0.539" classname="com.example.java设计模式.单例.Test"/>
  <testcase name="service" time="0.000" classname="com.example.java设计模式.单例.Test"/>
  <testcase name="service" time="0.000" classname="com.example.java设计模式.单例.Test"/>
  <testcase name="service" time="0.001" classname="com.example.java设计模式.单例.Test"/>
  <testcase name="service" time="0.000" classname="com.example.java设计模式.单例.Test"/>
  <testcase name="service" time="1.351" classname="com.example.java设计模式.单例.Test"/>
  <testcase name="service" time="0.000" classname="com.example.java设计模式.单例.Test"/>
  <testcase name="service" time="0.001" classname="com.example.java设计模式.单例.Test"/>
  <testcase name="service" time="0.000" classname="com.example.java设计模式.单例.Test"/>
  <testcase name="service" time="0.368" classname="com.example.java设计模式.单例.Test"/>
  <testcase name="service" time="0.773" classname="com.example.java设计模式.单例.Test"/>
  <testcase name="service" time="0.000" classname="com.example.java设计模式.单例.Test"/>
  <testcase name="service" time="0.000" classname="com.example.java设计模式.单例.Test"/>
  <testcase name="service" time="0.000" classname="com.example.java设计模式.单例.Test"/>
  <testcase name="service" time="0.160" classname="com.example.java设计模式.单例.Test"/>
  <testcase name="service" time="0.000" classname="com.example.java设计模式.单例.Test"/>
  <testcase name="service" time="1.131" classname="com.example.java设计模式.单例.Test"/>
  <testcase name="service" time="0.000" classname="com.example.java设计模式.单例.Test"/>
  <testcase name="service" time="0.001" classname="com.example.java设计模式.单例.Test"/>
  <testcase name="service" time="0.000" classname="com.example.java设计模式.单例.Test"/>
  <testcase name="service" time="0.095" classname="com.example.java设计模式.单例.Test"/>
  <testcase name="service" time="0.005" classname="com.example.java设计模式.单例.Test"/>
  <testcase name="service" time="0.215" classname="com.example.java设计模式.单例.Test"/>
  <testcase name="service" time="8.271" classname="com.example.java设计模式.单例.Test"/>
  <testcase name="service" time="0.001" classname="com.example.java设计模式.单例.Test"/>
  <testcase name="service" time="0.220" classname="com.example.java设计模式.单例.Test"/>
  <testcase name="service" time="0.201" classname="com.example.java设计模式.单例.Test"/>
  <testcase name="service" time="1.209" classname="com.example.java设计模式.单例.Test"/>
  <testcase name="service" time="0.924" classname="com.example.java设计模式.单例.Test"/>
  <testcase name="service" time="0.150" classname="com.example.java设计模式.单例.Test"/>
  <testcase name="service" time="0.001" classname="com.example.java设计模式.单例.Test"/>
  <testcase name="service" time="0.584" classname="com.example.java设计模式.单例.Test"/>
  <testcase name="service" time="0.000" classname="com.example.java设计模式.单例.Test"/>
  <testcase name="service" time="0.000" classname="com.example.java设计模式.单例.Test"/>
  <testcase name="service" time="0.386" classname="com.example.java设计模式.单例.Test"/>
  <testcase name="service" time="0.500" classname="com.example.java设计模式.单例.Test"/>
  <testcase name="service" time="0.000" classname="com.example.java设计模式.单例.Test"/>
  <testcase name="service" time="0.001" classname="com.example.java设计模式.单例.Test"/>
  <testcase name="service" time="0.000" classname="com.example.java设计模式.单例.Test"/>
  <testcase name="service" time="0.000" classname="com.example.java设计模式.单例.Test"/>
  <testcase name="service" time="0.000" classname="com.example.java设计模式.单例.Test"/>
  <testcase name="service" time="0.033" classname="com.example.java设计模式.单例.Test"/>
  <testcase name="service" time="0.321" classname="com.example.java设计模式.单例.Test"/>
  <testcase name="service" time="0.001" classname="com.example.java设计模式.单例.Test"/>
  <testcase name="service" time="0.001" classname="com.example.java设计模式.单例.Test"/>
  <testcase name="service" time="0.000" classname="com.example.java设计模式.单例.Test"/>
  <testcase name="service" time="0.000" classname="com.example.java设计模式.单例.Test"/>
  <testcase name="service" time="0.001" classname="com.example.java设计模式.单例.Test"/>
  <testcase name="service" time="0.000" classname="com.example.java设计模式.单例.Test"/>
  <testcase name="service" time="0.000" classname="com.example.java设计模式.单例.Test"/>
  <testcase name="service" time="0.918" classname="com.example.java设计模式.单例.Test"/>
  <testcase name="service" time="1.044" classname="com.example.java设计模式.单例.Test"/>
  <testcase name="service" time="0.000" classname="com.example.java设计模式.单例.Test"/>
  <testcase name="service" time="0.013" classname="com.example.java设计模式.单例.Test"/>
  <testcase name="service" time="0.000" classname="com.example.java设计模式.单例.Test"/>
  <testcase name="service" time="5.157" classname="com.example.java设计模式.单例.Test"/>
  <testcase name="service" time="64.917" classname="com.example.java设计模式.单例.Test"/>
  <testcase name="service" time="0.001" classname="com.example.java设计模式.单例.Test"/>
  <testcase name="service" time="0.881" classname="com.example.java设计模式.单例.Test"/>
  <testcase name="service" time="0.425" classname="com.example.java设计模式.单例.Test"/>
  <testcase name="service" time="0.000" classname="com.example.java设计模式.单例.Test"/>
  <testcase name="service" time="0.000" classname="com.example.java设计模式.单例.Test"/>
  <testcase name="service" time="1.107" classname="com.example.java设计模式.单例.Test"/>
  <testcase name="service" time="0.001" classname="com.example.java设计模式.单例.Test"/>
  <testcase name="service" time="0.100" classname="com.example.java设计模式.单例.Test"/>
  <testcase name="service" time="0.000" classname="com.example.java设计模式.单例.Test"/>
  <testcase name="service" time="0.355" classname="com.example.java设计模式.单例.Test"/>
  <testcase name="service" time="0.000" classname="com.example.java设计模式.单例.Test"/>
  <testcase name="service" time="6.647" classname="com.example.java设计模式.单例.Test"/>
  <testcase name="service" time="8.059" classname="com.example.java设计模式.单例.Test"/>
  <testcase name="service" time="0.000" classname="com.example.java设计模式.单例.Test"/>
  <testcase name="service" time="1.362" classname="com.example.java设计模式.单例.Test"/>
  <testcase name="service" time="0.000" classname="com.example.java设计模式.单例.Test"/>
  <testcase name="service" time="0.001" classname="com.example.java设计模式.单例.Test"/>
  <testcase name="service" time="0.000" classname="com.example.java设计模式.单例.Test"/>
  <testcase name="service" time="0.000" classname="com.example.java设计模式.单例.Test"/>
  <testcase name="service" time="0.025" classname="com.example.java设计模式.单例.Test"/>
  <testcase name="service" time="1.078" classname="com.example.java设计模式.单例.Test"/>
  <testcase name="service" time="0.001" classname="com.example.java设计模式.单例.Test"/>
  <testcase name="service" time="6.363" classname="com.example.java设计模式.单例.Test"/>
  <testcase name="service" time="0.000" classname="com.example.java设计模式.单例.Test"/>
  <testcase name="service" time="0.392" classname="com.example.java设计模式.单例.Test"/>
  <testcase name="service" time="0.001" classname="com.example.java设计模式.单例.Test"/>
  <testcase name="service" time="0.001" classname="com.example.java设计模式.单例.Test"/>
  <testcase name="service" time="0.001" classname="com.example.java设计模式.单例.Test"/>
  <testcase name="service" time="1.094" classname="com.example.java设计模式.单例.Test"/>
  <testcase name="service" time="0.000" classname="com.example.java设计模式.单例.Test"/>
  <testcase name="service" time="0.000" classname="com.example.java设计模式.单例.Test"/>
  <testcase name="service" time="0.000" classname="com.example.java设计模式.单例.Test"/>
  <testcase name="service" time="0.000" classname="com.example.java设计模式.单例.Test"/>
  <testcase name="service" time="0.001" classname="com.example.java设计模式.单例.Test"/>
  <testcase name="service" time="0.000" classname="com.example.java设计模式.单例.Test"/>
  <testcase name="service" time="0.736" classname="com.example.java设计模式.单例.Test"/>
  <testcase name="service" time="0.001" classname="com.example.java设计模式.单例.Test"/>
  <testcase name="service" time="0.000" classname="com.example.java设计模式.单例.Test"/>
  <testcase name="service" time="7.983" classname="com.example.java设计模式.单例.Test"/>
  <testcase name="service" time="0.000" classname="com.example.java设计模式.单例.Test"/>
  <testcase name="service" time="5.141" classname="com.example.java设计模式.单例.Test"/>
  <testcase name="service" time="0.001" classname="com.example.java设计模式.单例.Test"/>
  <testcase name="service" time="0.240" classname="com.example.java设计模式.单例.Test"/>
  <testcase name="service" time="0.122" classname="com.example.java设计模式.单例.Test"/>
  <testcase name="service" time="0.001" classname="com.example.java设计模式.单例.Test"/>
  <testcase name="service" time="0.281" classname="com.example.java设计模式.单例.Test"/>
  <testcase name="service" time="0.000" classname="com.example.java设计模式.单例.Test"/>
  <testcase name="service" time="0.000" classname="com.example.java设计模式.单例.Test"/>
  <testcase name="service" time="0.570" classname="com.example.java设计模式.单例.Test"/>
  <testcase name="service" time="0.000" classname="com.example.java设计模式.单例.Test"/>
  <testcase name="service" time="0.177" classname="com.example.java设计模式.单例.Test"/>
  <testcase name="service" time="0.133" classname="com.example.java设计模式.单例.Test"/>
  <testcase name="service" time="0.001" classname="com.example.java设计模式.单例.Test"/>
  <testcase name="service" time="0.001" classname="com.example.java设计模式.单例.Test"/>
  <testcase name="service" time="0.136" classname="com.example.java设计模式.单例.Test"/>
  <testcase name="service" time="0.314" classname="com.example.java设计模式.单例.Test"/>
  <testcase name="service" time="0.001" classname="com.example.java设计模式.单例.Test"/>
  <testcase name="service" time="0.000" classname="com.example.java设计模式.单例.Test"/>
  <testcase name="service" time="6.664" classname="com.example.java设计模式.单例.Test"/>
  <testcase name="service" time="0.077" classname="com.example.java设计模式.单例.Test"/>
  <testcase name="service" time="0.000" classname="com.example.java设计模式.单例.Test"/>
  <testcase name="service" time="0.254" classname="com.example.java设计模式.单例.Test"/>
  <testcase name="service" time="0.000" classname="com.example.java设计模式.单例.Test"/>
  <testcase name="service" time="0.000" classname="com.example.java设计模式.单例.Test"/>
  <testcase name="service" time="0.000" classname="com.example.java设计模式.单例.Test"/>
  <testcase name="service" time="0.000" classname="com.example.java设计模式.单例.Test"/>
  <testcase name="service" time="0.634" classname="com.example.java设计模式.单例.Test"/>
  <testcase name="service" time="7.778" classname="com.example.java设计模式.单例.Test"/>
  <testcase name="service" time="6.317" classname="com.example.java设计模式.单例.Test"/>
  <testcase name="service" time="0.344" classname="com.example.java设计模式.单例.Test"/>
  <testcase name="service" time="0.567" classname="com.example.java设计模式.单例.Test"/>
  <testcase name="service" time="0.000" classname="com.example.java设计模式.单例.Test"/>
  <testcase name="service" time="0.239" classname="com.example.java设计模式.单例.Test"/>
  <testcase name="service" time="0.001" classname="com.example.java设计模式.单例.Test"/>
  <testcase name="service" time="6.600" classname="com.example.java设计模式.单例.Test"/>
  <testcase name="service" time="0.710" classname="com.example.java设计模式.单例.Test"/>
  <testcase name="service" time="0.000" classname="com.example.java设计模式.单例.Test"/>
  <testcase name="service" time="0.000" classname="com.example.java设计模式.单例.Test"/>
  <testcase name="service" time="0.001" classname="com.example.java设计模式.单例.Test"/>
  <testcase name="service" time="0.253" classname="com.example.java设计模式.单例.Test"/>
  <testcase name="service" time="0.000" classname="com.example.java设计模式.单例.Test"/>
  <testcase name="service" time="0.001" classname="com.example.java设计模式.单例.Test"/>
  <testcase name="service" time="1.073" classname="com.example.java设计模式.单例.Test"/>
  <testcase name="service" time="0.000" classname="com.example.java设计模式.单例.Test"/>
  <testcase name="service" time="0.467" classname="com.example.java设计模式.单例.Test"/>
  <testcase name="service" time="0.608" classname="com.example.java设计模式.单例.Test"/>
  <testcase name="service" time="0.835" classname="com.example.java设计模式.单例.Test"/>
  <testcase name="service" time="0.000" classname="com.example.java设计模式.单例.Test"/>
  <testcase name="service" time="7.969" classname="com.example.java设计模式.单例.Test"/>
  <testcase name="service" time="0.000" classname="com.example.java设计模式.单例.Test"/>
  <testcase name="service" time="0.000" classname="com.example.java设计模式.单例.Test"/>
  <testcase name="service" time="0.000" classname="com.example.java设计模式.单例.Test"/>
  <testcase name="service" time="1.227" classname="com.example.java设计模式.单例.Test"/>
  <testcase name="service" time="0.000" classname="com.example.java设计模式.单例.Test"/>
  <testcase name="service" time="0.818" classname="com.example.java设计模式.单例.Test"/>
  <testcase name="service" time="0.840" classname="com.example.java设计模式.单例.Test"/>
  <testcase name="service" time="0.228" classname="com.example.java设计模式.单例.Test"/>
  <testcase name="service" time="0.166" classname="com.example.java设计模式.单例.Test"/>
  <testcase name="service" time="0.187" classname="com.example.java设计模式.单例.Test"/>
  <testcase name="service" time="0.000" classname="com.example.java设计模式.单例.Test"/>
  <testcase name="service" time="1.033" classname="com.example.java设计模式.单例.Test"/>
  <testcase name="service" time="0.000" classname="com.example.java设计模式.单例.Test"/>
  <testcase name="service" time="0.000" classname="com.example.java设计模式.单例.Test"/>
  <testcase name="service" time="0.000" classname="com.example.java设计模式.单例.Test"/>
  <testcase name="service" time="0.883" classname="com.example.java设计模式.单例.Test"/>
  <testcase name="service" time="0.078" classname="com.example.java设计模式.单例.Test"/>
  <testcase name="service" time="1.240" classname="com.example.java设计模式.单例.Test"/>
  <testcase name="service" time="0.000" classname="com.example.java设计模式.单例.Test"/>
  <testcase name="service" time="0.000" classname="com.example.java设计模式.单例.Test"/>
  <testcase name="service" time="0.122" classname="com.example.java设计模式.单例.Test"/>
  <testcase name="service" time="0.075" classname="com.example.java设计模式.单例.Test"/>
  <testcase name="service" time="0.000" classname="com.example.java设计模式.单例.Test"/>
  <testcase name="service" time="0.000" classname="com.example.java设计模式.单例.Test"/>
  <testcase name="service" time="0.001" classname="com.example.java设计模式.单例.Test"/>
  <testcase name="service" time="1.356" classname="com.example.java设计模式.单例.Test"/>
  <testcase name="service" time="0.259" classname="com.example.java设计模式.单例.Test"/>
  <testcase name="service" time="0.000" classname="com.example.java设计模式.单例.Test"/>
  <testcase name="service" time="1.626" classname="com.example.java设计模式.单例.Test"/>
  <testcase name="service" time="0.000" classname="com.example.java设计模式.单例.Test"/>
  <testcase name="service" time="0.001" classname="com.example.java设计模式.单例.Test"/>
  <testcase name="service" time="0.001" classname="com.example.java设计模式.单例.Test"/>
  <testcase name="service" time="0.000" classname="com.example.java设计模式.单例.Test"/>
  <testcase name="service" time="0.931" classname="com.example.java设计模式.单例.Test"/>
  <testcase name="service" time="0.000" classname="com.example.java设计模式.单例.Test"/>
  <testcase name="service" time="0.000" classname="com.example.java设计模式.单例.Test"/>
  <testcase name="service" time="0.000" classname="com.example.java设计模式.单例.Test"/>
  <testcase name="service" time="0.469" classname="com.example.java设计模式.单例.Test"/>
  <testcase name="service" time="64.937" classname="com.example.java设计模式.单例.Test"/>
  <testcase name="service" time="0.000" classname="com.example.java设计模式.单例.Test"/>
  <testcase name="service" time="0.842" classname="com.example.java设计模式.单例.Test"/>
  <testcase name="service" time="0.000" classname="com.example.java设计模式.单例.Test"/>
  <testcase name="service" time="0.000" classname="com.example.java设计模式.单例.Test"/>
  <testcase name="service" time="0.000" classname="com.example.java设计模式.单例.Test"/>
  <testcase name="service" time="0.035" classname="com.example.java设计模式.单例.Test"/>
  <testcase name="service" time="0.933" classname="com.example.java设计模式.单例.Test"/>
  <testcase name="service" time="0.001" classname="com.example.java设计模式.单例.Test"/>
  <testcase name="service" time="0.607" classname="com.example.java设计模式.单例.Test"/>
  <testcase name="service" time="0.238" classname="com.example.java设计模式.单例.Test"/>
  <testcase name="service" time="0.001" classname="com.example.java设计模式.单例.Test"/>
  <testcase name="service" time="0.054" classname="com.example.java设计模式.单例.Test"/>
  <testcase name="service" time="0.000" classname="com.example.java设计模式.单例.Test"/>
  <testcase name="service" time="0.000" classname="com.example.java设计模式.单例.Test"/>
  <testcase name="service" time="0.000" classname="com.example.java设计模式.单例.Test"/>
  <testcase name="service" time="0.000" classname="com.example.java设计模式.单例.Test"/>
  <testcase name="service" time="0.104" classname="com.example.java设计模式.单例.Test"/>
  <testcase name="service" time="0.000" classname="com.example.java设计模式.单例.Test"/>
  <testcase name="service" time="0.000" classname="com.example.java设计模式.单例.Test"/>
  <testcase name="service" time="0.001" classname="com.example.java设计模式.单例.Test"/>
  <testcase name="service" time="0.000" classname="com.example.java设计模式.单例.Test"/>
  <testcase name="service" time="0.010" classname="com.example.java设计模式.单例.Test"/>
  <testcase name="service" time="0.000" classname="com.example.java设计模式.单例.Test"/>
  <testcase name="service" time="6.557" classname="com.example.java设计模式.单例.Test"/>
  <testcase name="service" time="0.000" classname="com.example.java设计模式.单例.Test"/>
  <testcase name="service" time="0.000" classname="com.example.java设计模式.单例.Test"/>
  <testcase name="service" time="0.000" classname="com.example.java设计模式.单例.Test"/>
  <testcase name="service" time="0.037" classname="com.example.java设计模式.单例.Test"/>
  <testcase name="service" time="0.168" classname="com.example.java设计模式.单例.Test"/>
  <testcase name="service" time="0.000" classname="com.example.java设计模式.单例.Test"/>
  <testcase name="service" time="0.000" classname="com.example.java设计模式.单例.Test"/>
  <testcase name="service" time="0.000" classname="com.example.java设计模式.单例.Test"/>
  <testcase name="service" time="0.001" classname="com.example.java设计模式.单例.Test"/>
  <testcase name="service" time="0.005" classname="com.example.java设计模式.单例.Test"/>
  <testcase name="service" time="0.000" classname="com.example.java设计模式.单例.Test"/>
  <testcase name="service" time="0.066" classname="com.example.java设计模式.单例.Test"/>
  <testcase name="service" time="0.642" classname="com.example.java设计模式.单例.Test"/>
  <testcase name="service" time="0.563" classname="com.example.java设计模式.单例.Test"/>
  <testcase name="service" time="0.000" classname="com.example.java设计模式.单例.Test"/>
  <testcase name="service" time="64.958" classname="com.example.java设计模式.单例.Test"/>
  <testcase name="service" time="0.000" classname="com.example.java设计模式.单例.Test"/>
  <testcase name="service" time="0.000" classname="com.example.java设计模式.单例.Test"/>
  <testcase name="service" time="0.173" classname="com.example.java设计模式.单例.Test"/>
  <testcase name="service" time="64.669" classname="com.example.java设计模式.单例.Test"/>
  <testcase name="service" time="0.001" classname="com.example.java设计模式.单例.Test"/>
  <testcase name="service" time="0.001" classname="com.example.java设计模式.单例.Test"/>
  <testcase name="service" time="0.001" classname="com.example.java设计模式.单例.Test"/>
  <testcase name="service" time="0.001" classname="com.example.java设计模式.单例.Test"/>
  <testcase name="service" time="1.202" classname="com.example.java设计模式.单例.Test"/>
  <testcase name="service" time="0.238" classname="com.example.java设计模式.单例.Test"/>
  <testcase name="service" time="0.000" classname="com.example.java设计模式.单例.Test"/>
  <testcase name="service" time="0.000" classname="com.example.java设计模式.单例.Test"/>
  <testcase name="service" time="0.000" classname="com.example.java设计模式.单例.Test"/>
  <testcase name="service" time="0.237" classname="com.example.java设计模式.单例.Test"/>
  <testcase name="service" time="0.001" classname="com.example.java设计模式.单例.Test"/>
  <testcase name="service" time="0.087" classname="com.example.java设计模式.单例.Test"/>
  <testcase name="service" time="0.630" classname="com.example.java设计模式.单例.Test"/>
  <testcase name="service" time="0.149" classname="com.example.java设计模式.单例.Test"/>
  <testcase name="service" time="0.786" classname="com.example.java设计模式.单例.Test"/>
  <testcase name="service" time="0.000" classname="com.example.java设计模式.单例.Test"/>
  <testcase name="service" time="0.371" classname="com.example.java设计模式.单例.Test"/>
  <testcase name="service" time="0.000" classname="com.example.java设计模式.单例.Test"/>
  <testcase name="service" time="0.001" classname="com.example.java设计模式.单例.Test"/>
  <testcase name="service" time="0.504" classname="com.example.java设计模式.单例.Test"/>
  <testcase name="service" time="0.000" classname="com.example.java设计模式.单例.Test"/>
  <testcase name="service" time="0.221" classname="com.example.java设计模式.单例.Test"/>
  <testcase name="service" time="0.000" classname="com.example.java设计模式.单例.Test"/>
  <testcase name="service" time="0.165" classname="com.example.java设计模式.单例.Test"/>
  <testcase name="service" time="6.315" classname="com.example.java设计模式.单例.Test"/>
  <testcase name="service" time="0.624" classname="com.example.java设计模式.单例.Test"/>
  <testcase name="service" time="0.433" classname="com.example.java设计模式.单例.Test"/>
  <testcase name="service" time="0.001" classname="com.example.java设计模式.单例.Test"/>
  <testcase name="service" time="0.220" classname="com.example.java设计模式.单例.Test"/>
  <testcase name="service" time="0.001" classname="com.example.java设计模式.单例.Test"/>
  <testcase name="service" time="0.108" classname="com.example.java设计模式.单例.Test"/>
  <testcase name="service" time="0.078" classname="com.example.java设计模式.单例.Test"/>
  <testcase name="service" time="0.034" classname="com.example.java设计模式.单例.Test"/>
  <testcase name="service" time="0.000" classname="com.example.java设计模式.单例.Test"/>
  <testcase name="service" time="0.037" classname="com.example.java设计模式.单例.Test"/>
  <testcase name="service" time="0.549" classname="com.example.java设计模式.单例.Test"/>
  <testcase name="service" time="0.338" classname="com.example.java设计模式.单例.Test"/>
  <testcase name="service" time="0.439" classname="com.example.java设计模式.单例.Test"/>
  <testcase name="service" time="0.000" classname="com.example.java设计模式.单例.Test"/>
  <testcase name="service" time="0.000" classname="com.example.java设计模式.单例.Test"/>
  <testcase name="service" time="0.000" classname="com.example.java设计模式.单例.Test"/>
  <testcase name="service" time="0.000" classname="com.example.java设计模式.单例.Test"/>
  <testcase name="service" time="0.000" classname="com.example.java设计模式.单例.Test"/>
  <testcase name="service" time="0.000" classname="com.example.java设计模式.单例.Test"/>
  <testcase name="service" time="0.770" classname="com.example.java设计模式.单例.Test"/>
  <testcase name="service" time="0.001" classname="com.example.java设计模式.单例.Test"/>
  <testcase name="service" time="0.108" classname="com.example.java设计模式.单例.Test"/>
  <testcase name="service" time="0.000" classname="com.example.java设计模式.单例.Test"/>
  <testcase name="service" time="1.111" classname="com.example.java设计模式.单例.Test"/>
  <testcase name="service" time="0.000" classname="com.example.java设计模式.单例.Test"/>
  <testcase name="service" time="0.001" classname="com.example.java设计模式.单例.Test"/>
  <testcase name="service" time="64.961" classname="com.example.java设计模式.单例.Test"/>
  <testcase name="service" time="0.591" classname="com.example.java设计模式.单例.Test"/>
  <testcase name="service" time="0.900" classname="com.example.java设计模式.单例.Test"/>
  <testcase name="service" time="0.512" classname="com.example.java设计模式.单例.Test"/>
  <testcase name="service" time="0.000" classname="com.example.java设计模式.单例.Test"/>
  <testcase name="service" time="0.001" classname="com.example.java设计模式.单例.Test"/>
  <testcase name="service" time="0.000" classname="com.example.java设计模式.单例.Test"/>
  <testcase name="service" time="0.000" classname="com.example.java设计模式.单例.Test"/>
  <testcase name="service" time="64.982" classname="com.example.java设计模式.单例.Test"/>
  <testcase name="service" time="0.803" classname="com.example.java设计模式.单例.Test"/>
  <testcase name="service" time="0.000" classname="com.example.java设计模式.单例.Test"/>
  <testcase name="service" time="0.000" classname="com.example.java设计模式.单例.Test"/>
  <testcase name="service" time="0.261" classname="com.example.java设计模式.单例.Test"/>
  <testcase name="service" time="1.498" classname="com.example.java设计模式.单例.Test"/>
  <testcase name="service" time="5.135" classname="com.example.java设计模式.单例.Test"/>
  <testcase name="service" time="0.001" classname="com.example.java设计模式.单例.Test"/>
  <testcase name="service" time="0.000" classname="com.example.java设计模式.单例.Test"/>
  <testcase name="service" time="0.000" classname="com.example.java设计模式.单例.Test"/>
  <testcase name="service" time="0.116" classname="com.example.java设计模式.单例.Test"/>
  <testcase name="service" time="0.000" classname="com.example.java设计模式.单例.Test"/>
  <testcase name="service" time="0.000" classname="com.example.java设计模式.单例.Test"/>
  <testcase name="service" time="0.000" classname="com.example.java设计模式.单例.Test"/>
  <testcase name="service" time="0.001" classname="com.example.java设计模式.单例.Test"/>
  <testcase name="service" time="0.428" classname="com.example.java设计模式.单例.Test"/>
  <testcase name="service" time="0.001" classname="com.example.java设计模式.单例.Test"/>
  <testcase name="service" time="0.817" classname="com.example.java设计模式.单例.Test"/>
  <testcase name="service" time="0.061" classname="com.example.java设计模式.单例.Test"/>
  <testcase name="service" time="0.000" classname="com.example.java设计模式.单例.Test"/>
  <testcase name="service" time="0.000" classname="com.example.java设计模式.单例.Test"/>
  <testcase name="service" time="0.528" classname="com.example.java设计模式.单例.Test"/>
  <testcase name="service" time="0.000" classname="com.example.java设计模式.单例.Test"/>
  <testcase name="service" time="0.000" classname="com.example.java设计模式.单例.Test"/>
  <testcase name="service" time="0.000" classname="com.example.java设计模式.单例.Test"/>
  <testcase name="service" time="0.001" classname="com.example.java设计模式.单例.Test"/>
  <testcase name="service" time="0.000" classname="com.example.java设计模式.单例.Test"/>
  <testcase name="service" time="0.000" classname="com.example.java设计模式.单例.Test"/>
  <testcase name="service" time="0.144" classname="com.example.java设计模式.单例.Test"/>
  <testcase name="service" time="0.000" classname="com.example.java设计模式.单例.Test"/>
  <testcase name="service" time="0.077" classname="com.example.java设计模式.单例.Test"/>
  <testcase name="service" time="0.000" classname="com.example.java设计模式.单例.Test"/>
  <testcase name="service" time="0.000" classname="com.example.java设计模式.单例.Test"/>
  <testcase name="service" time="0.000" classname="com.example.java设计模式.单例.Test"/>
  <testcase name="service" time="1.941" classname="com.example.java设计模式.单例.Test"/>
  <testcase name="service" time="0.000" classname="com.example.java设计模式.单例.Test"/>
  <testcase name="service" time="0.000" classname="com.example.java设计模式.单例.Test"/>
  <testcase name="service" time="0.210" classname="com.example.java设计模式.单例.Test"/>
  <testcase name="service" time="0.000" classname="com.example.java设计模式.单例.Test"/>
  <testcase name="service" time="0.324" classname="com.example.java设计模式.单例.Test"/>
  <testcase name="service" time="0.702" classname="com.example.java设计模式.单例.Test"/>
  <testcase name="service" time="0.334" classname="com.example.java设计模式.单例.Test"/>
  <testcase name="service" time="0.000" classname="com.example.java设计模式.单例.Test"/>
  <testcase name="service" time="0.000" classname="com.example.java设计模式.单例.Test"/>
  <testcase name="service" time="0.000" classname="com.example.java设计模式.单例.Test"/>
  <testcase name="service" time="0.896" classname="com.example.java设计模式.单例.Test"/>
  <testcase name="service" time="0.001" classname="com.example.java设计模式.单例.Test"/>
  <testcase name="service" time="8.024" classname="com.example.java设计模式.单例.Test"/>
  <testcase name="service" time="0.000" classname="com.example.java设计模式.单例.Test"/>
  <testcase name="service" time="0.530" classname="com.example.java设计模式.单例.Test"/>
  <testcase name="service" time="0.149" classname="com.example.java设计模式.单例.Test"/>
  <testcase name="service" time="0.000" classname="com.example.java设计模式.单例.Test"/>
  <testcase name="service" time="0.001" classname="com.example.java设计模式.单例.Test"/>
  <testcase name="service" time="0.472" classname="com.example.java设计模式.单例.Test"/>
  <testcase name="service" time="0.000" classname="com.example.java设计模式.单例.Test"/>
  <testcase name="service" time="0.000" classname="com.example.java设计模式.单例.Test"/>
  <testcase name="service" time="6.230" classname="com.example.java设计模式.单例.Test"/>
  <testcase name="service" time="0.429" classname="com.example.java设计模式.单例.Test"/>
  <testcase name="service" time="0.801" classname="com.example.java设计模式.单例.Test"/>
  <testcase name="service" time="0.000" classname="com.example.java设计模式.单例.Test"/>
  <testcase name="service" time="0.274" classname="com.example.java设计模式.单例.Test"/>
  <testcase name="service" time="0.000" classname="com.example.java设计模式.单例.Test"/>
  <testcase name="service" time="0.030" classname="com.example.java设计模式.单例.Test"/>
  <testcase name="service" time="0.185" classname="com.example.java设计模式.单例.Test"/>
  <testcase name="service" time="0.000" classname="com.example.java设计模式.单例.Test"/>
  <testcase name="service" time="0.209" classname="com.example.java设计模式.单例.Test"/>
  <testcase name="service" time="0.000" classname="com.example.java设计模式.单例.Test"/>
  <testcase name="service" time="0.000" classname="com.example.java设计模式.单例.Test"/>
  <testcase name="service" time="0.655" classname="com.example.java设计模式.单例.Test"/>
  <testcase name="service" time="64.970" classname="com.example.java设计模式.单例.Test"/>
  <testcase name="service" time="0.070" classname="com.example.java设计模式.单例.Test"/>
  <testcase name="service" time="0.000" classname="com.example.java设计模式.单例.Test"/>
  <testcase name="service" time="0.032" classname="com.example.java设计模式.单例.Test"/>
  <testcase name="service" time="0.750" classname="com.example.java设计模式.单例.Test"/>
  <testcase name="service" time="0.000" classname="com.example.java设计模式.单例.Test"/>
  <testcase name="service" time="0.000" classname="com.example.java设计模式.单例.Test"/>
  <testcase name="service" time="0.000" classname="com.example.java设计模式.单例.Test"/>
  <testcase name="service" time="0.000" classname="com.example.java设计模式.单例.Test"/>
  <testcase name="service" time="0.000" classname="com.example.java设计模式.单例.Test"/>
  <testcase name="service" time="0.893" classname="com.example.java设计模式.单例.Test"/>
  <testcase name="service" time="0.000" classname="com.example.java设计模式.单例.Test"/>
  <testcase name="service" time="0.001" classname="com.example.java设计模式.单例.Test"/>
  <testcase name="service" time="0.000" classname="com.example.java设计模式.单例.Test"/>
  <testcase name="service" time="0.000" classname="com.example.java设计模式.单例.Test"/>
  <testcase name="service" time="0.186" classname="com.example.java设计模式.单例.Test"/>
  <testcase name="service" time="0.000" classname="com.example.java设计模式.单例.Test"/>
  <testcase name="service" time="0.727" classname="com.example.java设计模式.单例.Test"/>
  <testcase name="service" time="0.000" classname="com.example.java设计模式.单例.Test"/>
  <testcase name="service" time="0.088" classname="com.example.java设计模式.单例.Test"/>
  <testcase name="service" time="0.000" classname="com.example.java设计模式.单例.Test"/>
  <testcase name="service" time="0.102" classname="com.example.java设计模式.单例.Test"/>
  <testcase name="service" time="0.579" classname="com.example.java设计模式.单例.Test"/>
  <testcase name="service" time="0.000" classname="com.example.java设计模式.单例.Test"/>
  <testcase name="service" time="0.000" classname="com.example.java设计模式.单例.Test"/>
  <testcase name="service" time="0.000" classname="com.example.java设计模式.单例.Test"/>
  <testcase name="service" time="0.000" classname="com.example.java设计模式.单例.Test"/>
  <testcase name="service" time="0.000" classname="com.example.java设计模式.单例.Test"/>
  <testcase name="service" time="1.029" classname="com.example.java设计模式.单例.Test"/>
  <testcase name="service" time="0.000" classname="com.example.java设计模式.单例.Test"/>
  <testcase name="service" time="0.000" classname="com.example.java设计模式.单例.Test"/>
  <testcase name="service" time="1.276" classname="com.example.java设计模式.单例.Test"/>
  <testcase name="service" time="0.002" classname="com.example.java设计模式.单例.Test"/>
  <testcase name="service" time="0.672" classname="com.example.java设计模式.单例.Test"/>
  <testcase name="service" time="0.000" classname="com.example.java设计模式.单例.Test"/>
  <testcase name="service" time="0.586" classname="com.example.java设计模式.单例.Test"/>
  <testcase name="service" time="0.870" classname="com.example.java设计模式.单例.Test"/>
  <testcase name="service" time="0.311" classname="com.example.java设计模式.单例.Test"/>
  <testcase name="service" time="0.001" classname="com.example.java设计模式.单例.Test"/>
  <testcase name="service" time="0.001" classname="com.example.java设计模式.单例.Test"/>
  <testcase name="service" time="1.650" classname="com.example.java设计模式.单例.Test"/>
  <testcase name="service" time="0.920" classname="com.example.java设计模式.单例.Test"/>
  <testcase name="service" time="0.000" classname="com.example.java设计模式.单例.Test"/>
  <testcase name="service" time="0.000" classname="com.example.java设计模式.单例.Test"/>
  <testcase name="service" time="0.488" classname="com.example.java设计模式.单例.Test"/>
  <testcase name="service" time="7.142" classname="com.example.java设计模式.单例.Test"/>
  <testcase name="service" time="0.194" classname="com.example.java设计模式.单例.Test"/>
  <testcase name="service" time="0.000" classname="com.example.java设计模式.单例.Test"/>
  <testcase name="service" time="7.981" classname="com.example.java设计模式.单例.Test"/>
  <testcase name="service" time="0.428" classname="com.example.java设计模式.单例.Test"/>
  <testcase name="service" time="0.000" classname="com.example.java设计模式.单例.Test"/>
  <testcase name="service" time="0.181" classname="com.example.java设计模式.单例.Test"/>
  <testcase name="service" time="6.650" classname="com.example.java设计模式.单例.Test"/>
  <testcase name="service" time="0.871" classname="com.example.java设计模式.单例.Test"/>
  <testcase name="service" time="6.348" classname="com.example.java设计模式.单例.Test"/>
  <testcase name="service" time="0.000" classname="com.example.java设计模式.单例.Test"/>
  <testcase name="service" time="0.027" classname="com.example.java设计模式.单例.Test"/>
  <testcase name="service" time="0.311" classname="com.example.java设计模式.单例.Test"/>
  <testcase name="service" time="0.001" classname="com.example.java设计模式.单例.Test"/>
  <testcase name="service" time="0.483" classname="com.example.java设计模式.单例.Test"/>
  <testcase name="service" time="0.000" classname="com.example.java设计模式.单例.Test"/>
  <testcase name="service" time="0.000" classname="com.example.java设计模式.单例.Test"/>
  <testcase name="service" time="0.000" classname="com.example.java设计模式.单例.Test"/>
  <testcase name="service" time="0.000" classname="com.example.java设计模式.单例.Test"/>
  <testcase name="service" time="0.673" classname="com.example.java设计模式.单例.Test"/>
  <testcase name="service" time="0.728" classname="com.example.java设计模式.单例.Test"/>
  <testcase name="service" time="0.000" classname="com.example.java设计模式.单例.Test"/>
  <testcase name="service" time="0.000" classname="com.example.java设计模式.单例.Test"/>
  <testcase name="service" time="0.242" classname="com.example.java设计模式.单例.Test"/>
  <testcase name="service" time="0.000" classname="com.example.java设计模式.单例.Test"/>
  <testcase name="service" time="0.000" classname="com.example.java设计模式.单例.Test"/>
  <testcase name="service" time="0.000" classname="com.example.java设计模式.单例.Test"/>
  <testcase name="service" time="0.011" classname="com.example.java设计模式.单例.Test"/>
  <testcase name="service" time="0.000" classname="com.example.java设计模式.单例.Test"/>
  <testcase name="service" time="0.001" classname="com.example.java设计模式.单例.Test"/>
  <testcase name="service" time="0.408" classname="com.example.java设计模式.单例.Test"/>
  <testcase name="service" time="0.018" classname="com.example.java设计模式.单例.Test"/>
  <testcase name="service" time="0.000" classname="com.example.java设计模式.单例.Test"/>
  <testcase name="service" time="0.000" classname="com.example.java设计模式.单例.Test"/>
  <testcase name="service" time="0.000" classname="com.example.java设计模式.单例.Test"/>
  <testcase name="service" time="7.777" classname="com.example.java设计模式.单例.Test"/>
  <testcase name="service" time="0.016" classname="com.example.java设计模式.单例.Test"/>
  <testcase name="service" time="64.876" classname="com.example.java设计模式.单例.Test"/>
  <testcase name="service" time="6.333" classname="com.example.java设计模式.单例.Test"/>
  <testcase name="service" time="0.597" classname="com.example.java设计模式.单例.Test"/>
  <testcase name="service" time="0.000" classname="com.example.java设计模式.单例.Test"/>
  <testcase name="service" time="1.122" classname="com.example.java设计模式.单例.Test"/>
  <testcase name="service" time="6.353" classname="com.example.java设计模式.单例.Test"/>
  <testcase name="service" time="0.000" classname="com.example.java设计模式.单例.Test"/>
  <testcase name="service" time="0.773" classname="com.example.java设计模式.单例.Test"/>
  <testcase name="service" time="6.376" classname="com.example.java设计模式.单例.Test"/>
  <testcase name="service" time="0.000" classname="com.example.java设计模式.单例.Test"/>
  <testcase name="service" time="0.001" classname="com.example.java设计模式.单例.Test"/>
  <testcase name="service" time="0.001" classname="com.example.java设计模式.单例.Test"/>
  <testcase name="service" time="6.521" classname="com.example.java设计模式.单例.Test"/>
  <testcase name="service" time="0.000" classname="com.example.java设计模式.单例.Test"/>
  <testcase name="service" time="0.001" classname="com.example.java设计模式.单例.Test"/>
  <testcase name="service" time="0.935" classname="com.example.java设计模式.单例.Test"/>
  <testcase name="service" time="0.495" classname="com.example.java设计模式.单例.Test"/>
  <testcase name="service" time="64.356" classname="com.example.java设计模式.单例.Test"/>
  <testcase name="service" time="0.001" classname="com.example.java设计模式.单例.Test"/>
  <testcase name="service" time="0.000" classname="com.example.java设计模式.单例.Test"/>
  <testcase name="service" time="0.908" classname="com.example.java设计模式.单例.Test"/>
  <testcase name="service" time="0.002" classname="com.example.java设计模式.单例.Test"/>
  <testcase name="service" time="1.264" classname="com.example.java设计模式.单例.Test"/>
  <testcase name="service" time="0.000" classname="com.example.java设计模式.单例.Test"/>
  <testcase name="service" time="0.711" classname="com.example.java设计模式.单例.Test"/>
  <testcase name="service" time="0.000" classname="com.example.java设计模式.单例.Test"/>
  <testcase name="service" time="0.000" classname="com.example.java设计模式.单例.Test"/>
  <testcase name="service" time="1.092" classname="com.example.java设计模式.单例.Test"/>
  <testcase name="service" time="0.000" classname="com.example.java设计模式.单例.Test"/>
  <testcase name="service" time="0.536" classname="com.example.java设计模式.单例.Test"/>
  <testcase name="service" time="0.466" classname="com.example.java设计模式.单例.Test"/>
  <testcase name="service" time="0.000" classname="com.example.java设计模式.单例.Test"/>
  <testcase name="service" time="7.492" classname="com.example.java设计模式.单例.Test"/>
  <testcase name="service" time="0.000" classname="com.example.java设计模式.单例.Test"/>
  <testcase name="service" time="0.000" classname="com.example.java设计模式.单例.Test"/>
  <testcase name="service" time="1.098" classname="com.example.java设计模式.单例.Test"/>
  <testcase name="service" time="0.897" classname="com.example.java设计模式.单例.Test"/>
  <testcase name="service" time="0.091" classname="com.example.java设计模式.单例.Test"/>
  <testcase name="service" time="0.001" classname="com.example.java设计模式.单例.Test"/>
  <testcase name="service" time="0.169" classname="com.example.java设计模式.单例.Test"/>
  <testcase name="service" time="0.028" classname="com.example.java设计模式.单例.Test"/>
  <testcase name="service" time="0.684" classname="com.example.java设计模式.单例.Test"/>
  <testcase name="service" time="0.000" classname="com.example.java设计模式.单例.Test"/>
  <testcase name="service" time="0.000" classname="com.example.java设计模式.单例.Test"/>
  <testcase name="service" time="64.552" classname="com.example.java设计模式.单例.Test"/>
  <testcase name="service" time="0.099" classname="com.example.java设计模式.单例.Test"/>
  <testcase name="service" time="8.166" classname="com.example.java设计模式.单例.Test"/>
  <testcase name="service" time="0.000" classname="com.example.java设计模式.单例.Test"/>
  <testcase name="service" time="0.001" classname="com.example.java设计模式.单例.Test"/>
  <testcase name="service" time="0.052" classname="com.example.java设计模式.单例.Test"/>
  <testcase name="service" time="0.254" classname="com.example.java设计模式.单例.Test"/>
  <testcase name="service" time="0.943" classname="com.example.java设计模式.单例.Test"/>
  <testcase name="service" time="0.505" classname="com.example.java设计模式.单例.Test"/>
  <testcase name="service" time="0.206" classname="com.example.java设计模式.单例.Test"/>
  <testcase name="service" time="0.018" classname="com.example.java设计模式.单例.Test"/>
  <testcase name="service" time="0.000" classname="com.example.java设计模式.单例.Test"/>
  <testcase name="service" time="6.702" classname="com.example.java设计模式.单例.Test"/>
  <testcase name="service" time="0.084" classname="com.example.java设计模式.单例.Test"/>
  <testcase name="service" time="0.000" classname="com.example.java设计模式.单例.Test"/>
  <testcase name="service" time="1.083" classname="com.example.java设计模式.单例.Test"/>
  <testcase name="service" time="0.000" classname="com.example.java设计模式.单例.Test"/>
  <testcase name="service" time="0.000" classname="com.example.java设计模式.单例.Test"/>
  <testcase name="service" time="0.000" classname="com.example.java设计模式.单例.Test"/>
  <testcase name="service" time="0.013" classname="com.example.java设计模式.单例.Test"/>
  <testcase name="service" time="8.129" classname="com.example.java设计模式.单例.Test"/>
  <testcase name="service" time="7.785" classname="com.example.java设计模式.单例.Test"/>
  <testcase name="service" time="0.001" classname="com.example.java设计模式.单例.Test"/>
  <testcase name="service" time="0.891" classname="com.example.java设计模式.单例.Test"/>
  <testcase name="service" time="0.000" classname="com.example.java设计模式.单例.Test"/>
  <testcase name="service" time="0.000" classname="com.example.java设计模式.单例.Test"/>
  <testcase name="service" time="0.000" classname="com.example.java设计模式.单例.Test"/>
  <testcase name="service" time="0.001" classname="com.example.java设计模式.单例.Test"/>
  <testcase name="service" time="1.050" classname="com.example.java设计模式.单例.Test"/>
  <testcase name="service" time="0.000" classname="com.example.java设计模式.单例.Test"/>
  <testcase name="service" time="0.000" classname="com.example.java设计模式.单例.Test"/>
  <testcase name="service" time="0.735" classname="com.example.java设计模式.单例.Test"/>
  <testcase name="service" time="64.734" classname="com.example.java设计模式.单例.Test"/>
  <testcase name="service" time="0.224" classname="com.example.java设计模式.单例.Test"/>
  <testcase name="service" time="0.000" classname="com.example.java设计模式.单例.Test"/>
  <testcase name="service" time="1.218" classname="com.example.java设计模式.单例.Test"/>
  <testcase name="service" time="7.969" classname="com.example.java设计模式.单例.Test"/>
  <testcase name="service" time="0.087" classname="com.example.java设计模式.单例.Test"/>
  <testcase name="service" time="0.000" classname="com.example.java设计模式.单例.Test"/>
  <testcase name="service" time="0.295" classname="com.example.java设计模式.单例.Test"/>
  <testcase name="service" time="0.000" classname="com.example.java设计模式.单例.Test"/>
  <testcase name="service" time="0.000" classname="com.example.java设计模式.单例.Test"/>
  <testcase name="service" time="0.617" classname="com.example.java设计模式.单例.Test"/>
  <testcase name="service" time="0.000" classname="com.example.java设计模式.单例.Test"/>
  <testcase name="service" time="0.000" classname="com.example.java设计模式.单例.Test"/>
  <testcase name="service" time="0.000" classname="com.example.java设计模式.单例.Test"/>
  <testcase name="service" time="0.000" classname="com.example.java设计模式.单例.Test"/>
  <testcase name="service" time="0.000" classname="com.example.java设计模式.单例.Test"/>
  <testcase name="service" time="1.286" classname="com.example.java设计模式.单例.Test"/>
  <testcase name="service" time="0.180" classname="com.example.java设计模式.单例.Test"/>
  <testcase name="service" time="0.223" classname="com.example.java设计模式.单例.Test"/>
  <testcase name="service" time="0.315" classname="com.example.java设计模式.单例.Test"/>
  <testcase name="service" time="1.219" classname="com.example.java设计模式.单例.Test"/>
  <testcase name="service" time="0.000" classname="com.example.java设计模式.单例.Test"/>
  <testcase name="service" time="0.000" classname="com.example.java设计模式.单例.Test"/>
  <testcase name="service" time="0.000" classname="com.example.java设计模式.单例.Test"/>
  <testcase name="service" time="65.038" classname="com.example.java设计模式.单例.Test"/>
  <testcase name="service" time="0.000" classname="com.example.java设计模式.单例.Test"/>
  <testcase name="service" time="0.247" classname="com.example.java设计模式.单例.Test"/>
  <testcase name="service" time="0.775" classname="com.example.java设计模式.单例.Test"/>
  <testcase name="service" time="0.741" classname="com.example.java设计模式.单例.Test"/>
  <testcase name="service" time="0.248" classname="com.example.java设计模式.单例.Test"/>
  <testcase name="service" time="0.000" classname="com.example.java设计模式.单例.Test"/>
  <testcase name="service" time="0.001" classname="com.example.java设计模式.单例.Test"/>
  <testcase name="service" time="0.000" classname="com.example.java设计模式.单例.Test"/>
  <testcase name="service" time="0.255" classname="com.example.java设计模式.单例.Test"/>
  <testcase name="service" time="0.000" classname="com.example.java设计模式.单例.Test"/>
  <testcase name="service" time="0.530" classname="com.example.java设计模式.单例.Test"/>
  <testcase name="service" time="0.192" classname="com.example.java设计模式.单例.Test"/>
  <testcase name="service" time="0.789" classname="com.example.java设计模式.单例.Test"/>
  <testcase name="service" time="0.000" classname="com.example.java设计模式.单例.Test"/>
  <testcase name="service" time="0.972" classname="com.example.java设计模式.单例.Test"/>
  <testcase name="service" time="0.806" classname="com.example.java设计模式.单例.Test"/>
  <testcase name="service" time="0.000" classname="com.example.java设计模式.单例.Test"/>
  <testcase name="service" time="0.000" classname="com.example.java设计模式.单例.Test"/>
  <testcase name="service" time="1.309" classname="com.example.java设计模式.单例.Test"/>
  <testcase name="service" time="0.079" classname="com.example.java设计模式.单例.Test"/>
  <testcase name="service" time="0.241" classname="com.example.java设计模式.单例.Test"/>
  <testcase name="service" time="0.000" classname="com.example.java设计模式.单例.Test"/>
  <testcase name="service" time="0.632" classname="com.example.java设计模式.单例.Test"/>
  <testcase name="service" time="0.001" classname="com.example.java设计模式.单例.Test"/>
  <testcase name="service" time="0.320" classname="com.example.java设计模式.单例.Test"/>
  <testcase name="service" time="0.880" classname="com.example.java设计模式.单例.Test"/>
  <testcase name="service" time="0.000" classname="com.example.java设计模式.单例.Test"/>
  <testcase name="service" time="0.000" classname="com.example.java设计模式.单例.Test"/>
  <testcase name="service" time="0.153" classname="com.example.java设计模式.单例.Test"/>
  <testcase name="service" time="0.001" classname="com.example.java设计模式.单例.Test"/>
  <testcase name="service" time="0.827" classname="com.example.java设计模式.单例.Test"/>
  <testcase name="service" time="0.000" classname="com.example.java设计模式.单例.Test"/>
  <testcase name="service" time="0.165" classname="com.example.java设计模式.单例.Test"/>
  <testcase name="service" time="0.000" classname="com.example.java设计模式.单例.Test"/>
  <testcase name="service" time="0.000" classname="com.example.java设计模式.单例.Test"/>
  <testcase name="service" time="0.353" classname="com.example.java设计模式.单例.Test"/>
  <testcase name="service" time="0.000" classname="com.example.java设计模式.单例.Test"/>
  <testcase name="service" time="0.000" classname="com.example.java设计模式.单例.Test"/>
  <testcase name="service" time="0.000" classname="com.example.java设计模式.单例.Test"/>
  <testcase name="service" time="0.000" classname="com.example.java设计模式.单例.Test"/>
  <testcase name="service" time="0.315" classname="com.example.java设计模式.单例.Test"/>
  <testcase name="service" time="1.195" classname="com.example.java设计模式.单例.Test"/>
  <testcase name="service" time="0.843" classname="com.example.java设计模式.单例.Test"/>
  <testcase name="service" time="0.000" classname="com.example.java设计模式.单例.Test"/>
  <testcase name="service" time="6.899" classname="com.example.java设计模式.单例.Test"/>
  <testcase name="service" time="0.000" classname="com.example.java设计模式.单例.Test"/>
  <testcase name="service" time="0.000" classname="com.example.java设计模式.单例.Test"/>
  <testcase name="service" time="0.000" classname="com.example.java设计模式.单例.Test"/>
  <testcase name="service" time="0.000" classname="com.example.java设计模式.单例.Test"/>
  <testcase name="service" time="0.299" classname="com.example.java设计模式.单例.Test"/>
  <testcase name="service" time="64.749" classname="com.example.java设计模式.单例.Test"/>
  <testcase name="service" time="0.000" classname="com.example.java设计模式.单例.Test"/>
  <testcase name="service" time="64.996" classname="com.example.java设计模式.单例.Test"/>
  <testcase name="service" time="0.001" classname="com.example.java设计模式.单例.Test"/>
  <testcase name="service" time="0.000" classname="com.example.java设计模式.单例.Test"/>
  <testcase name="service" time="0.629" classname="com.example.java设计模式.单例.Test"/>
  <testcase name="service" time="0.001" classname="com.example.java设计模式.单例.Test"/>
  <testcase name="service" time="4.901" classname="com.example.java设计模式.单例.Test"/>
  <testcase name="service" time="8.126" classname="com.example.java设计模式.单例.Test"/>
  <testcase name="service" time="7.874" classname="com.example.java设计模式.单例.Test"/>
  <testcase name="service" time="0.000" classname="com.example.java设计模式.单例.Test"/>
  <testcase name="service" time="0.000" classname="com.example.java设计模式.单例.Test"/>
  <testcase name="service" time="0.472" classname="com.example.java设计模式.单例.Test"/>
  <testcase name="service" time="0.001" classname="com.example.java设计模式.单例.Test"/>
  <testcase name="service" time="0.000" classname="com.example.java设计模式.单例.Test"/>
  <testcase name="service" time="7.798" classname="com.example.java设计模式.单例.Test"/>
  <testcase name="service" time="0.435" classname="com.example.java设计模式.单例.Test"/>
  <testcase name="service" time="0.951" classname="com.example.java设计模式.单例.Test"/>
  <testcase name="service" time="0.029" classname="com.example.java设计模式.单例.Test"/>
  <testcase name="service" time="0.000" classname="com.example.java设计模式.单例.Test"/>
  <testcase name="service" time="0.000" classname="com.example.java设计模式.单例.Test"/>
  <testcase name="service" time="0.630" classname="com.example.java设计模式.单例.Test"/>
  <testcase name="service" time="0.000" classname="com.example.java设计模式.单例.Test"/>
  <testcase name="service" time="0.003" classname="com.example.java设计模式.单例.Test"/>
  <testcase name="service" time="0.028" classname="com.example.java设计模式.单例.Test"/>
  <testcase name="service" time="0.000" classname="com.example.java设计模式.单例.Test"/>
  <testcase name="service" time="1.110" classname="com.example.java设计模式.单例.Test"/>
  <testcase name="service" time="0.000" classname="com.example.java设计模式.单例.Test"/>
  <testcase name="service" time="0.001" classname="com.example.java设计模式.单例.Test"/>
  <testcase name="service" time="8.061" classname="com.example.java设计模式.单例.Test"/>
  <testcase name="service" time="0.185" classname="com.example.java设计模式.单例.Test"/>
  <testcase name="service" time="0.000" classname="com.example.java设计模式.单例.Test"/>
  <testcase name="service" time="0.000" classname="com.example.java设计模式.单例.Test"/>
  <testcase name="service" time="0.000" classname="com.example.java设计模式.单例.Test"/>
  <testcase name="service" time="0.000" classname="com.example.java设计模式.单例.Test"/>
  <testcase name="service" time="0.000" classname="com.example.java设计模式.单例.Test"/>
  <testcase name="service" time="0.021" classname="com.example.java设计模式.单例.Test"/>
  <testcase name="service" time="0.168" classname="com.example.java设计模式.单例.Test"/>
  <testcase name="service" time="0.000" classname="com.example.java设计模式.单例.Test"/>
  <testcase name="service" time="0.000" classname="com.example.java设计模式.单例.Test"/>
  <testcase name="service" time="0.455" classname="com.example.java设计模式.单例.Test"/>
  <testcase name="service" time="0.000" classname="com.example.java设计模式.单例.Test"/>
  <testcase name="service" time="0.000" classname="com.example.java设计模式.单例.Test"/>
  <testcase name="service" time="0.000" classname="com.example.java设计模式.单例.Test"/>
  <testcase name="service" time="0.000" classname="com.example.java设计模式.单例.Test"/>
  <testcase name="service" time="0.597" classname="com.example.java设计模式.单例.Test"/>
  <testcase name="service" time="1.203" classname="com.example.java设计模式.单例.Test"/>
  <testcase name="service" time="0.000" classname="com.example.java设计模式.单例.Test"/>
  <testcase name="service" time="0.000" classname="com.example.java设计模式.单例.Test"/>
  <testcase name="service" time="0.624" classname="com.example.java设计模式.单例.Test"/>
  <testcase name="service" time="6.549" classname="com.example.java设计模式.单例.Test"/>
  <testcase name="service" time="0.000" classname="com.example.java设计模式.单例.Test"/>
  <testcase name="service" time="0.067" classname="com.example.java设计模式.单例.Test"/>
  <testcase name="service" time="0.007" classname="com.example.java设计模式.单例.Test"/>
  <testcase name="service" time="0.000" classname="com.example.java设计模式.单例.Test"/>
  <testcase name="service" time="0.000" classname="com.example.java设计模式.单例.Test"/>
  <testcase name="service" time="0.001" classname="com.example.java设计模式.单例.Test"/>
  <testcase name="service" time="0.000" classname="com.example.java设计模式.单例.Test"/>
  <testcase name="service" time="0.000" classname="com.example.java设计模式.单例.Test"/>
  <testcase name="service" time="0.929" classname="com.example.java设计模式.单例.Test"/>
  <testcase name="service" time="0.071" classname="com.example.java设计模式.单例.Test"/>
  <testcase name="service" time="0.000" classname="com.example.java设计模式.单例.Test"/>
  <testcase name="service" time="0.000" classname="com.example.java设计模式.单例.Test"/>
  <testcase name="service" time="0.036" classname="com.example.java设计模式.单例.Test"/>
  <testcase name="service" time="0.370" classname="com.example.java设计模式.单例.Test"/>
  <testcase name="service" time="0.498" classname="com.example.java设计模式.单例.Test"/>
  <testcase name="service" time="0.001" classname="com.example.java设计模式.单例.Test"/>
  <testcase name="service" time="0.705" classname="com.example.java设计模式.单例.Test"/>
  <testcase name="service" time="0.342" classname="com.example.java设计模式.单例.Test"/>
  <testcase name="service" time="0.000" classname="com.example.java设计模式.单例.Test"/>
  <testcase name="service" time="0.752" classname="com.example.java设计模式.单例.Test"/>
  <testcase name="service" time="0.815" classname="com.example.java设计模式.单例.Test"/>
  <testcase name="service" time="0.000" classname="com.example.java设计模式.单例.Test"/>
  <testcase name="service" time="0.219" classname="com.example.java设计模式.单例.Test"/>
  <testcase name="service" time="7.899" classname="com.example.java设计模式.单例.Test"/>
  <testcase name="service" time="0.808" classname="com.example.java设计模式.单例.Test"/>
  <testcase name="service" time="0.000" classname="com.example.java设计模式.单例.Test"/>
  <testcase name="service" time="0.000" classname="com.example.java设计模式.单例.Test"/>
  <testcase name="service" time="0.000" classname="com.example.java设计模式.单例.Test"/>
  <testcase name="service" time="0.001" classname="com.example.java设计模式.单例.Test"/>
  <testcase name="service" time="0.000" classname="com.example.java设计模式.单例.Test"/>
  <testcase name="service" time="0.013" classname="com.example.java设计模式.单例.Test"/>
  <testcase name="service" time="0.000" classname="com.example.java设计模式.单例.Test"/>
  <testcase name="service" time="0.001" classname="com.example.java设计模式.单例.Test"/>
  <testcase name="service" time="0.000" classname="com.example.java设计模式.单例.Test"/>
  <testcase name="service" time="0.113" classname="com.example.java设计模式.单例.Test"/>
  <testcase name="service" time="0.905" classname="com.example.java设计模式.单例.Test"/>
  <testcase name="service" time="0.000" classname="com.example.java设计模式.单例.Test"/>
  <testcase name="service" time="0.000" classname="com.example.java设计模式.单例.Test"/>
  <testcase name="service" time="0.002" classname="com.example.java设计模式.单例.Test"/>
  <testcase name="service" time="0.435" classname="com.example.java设计模式.单例.Test"/>
  <testcase name="service" time="0.028" classname="com.example.java设计模式.单例.Test"/>
  <testcase name="service" time="0.000" classname="com.example.java设计模式.单例.Test"/>
  <testcase name="service" time="0.027" classname="com.example.java设计模式.单例.Test"/>
  <testcase name="service" time="0.000" classname="com.example.java设计模式.单例.Test"/>
  <testcase name="service" time="0.527" classname="com.example.java设计模式.单例.Test"/>
  <testcase name="service" time="6.357" classname="com.example.java设计模式.单例.Test"/>
  <testcase name="service" time="6.909" classname="com.example.java设计模式.单例.Test"/>
  <testcase name="service" time="0.841" classname="com.example.java设计模式.单例.Test"/>
  <testcase name="service" time="0.641" classname="com.example.java设计模式.单例.Test"/>
  <testcase name="service" time="0.713" classname="com.example.java设计模式.单例.Test"/>
  <testcase name="service" time="1.454" classname="com.example.java设计模式.单例.Test"/>
  <testcase name="service" time="0.000" classname="com.example.java设计模式.单例.Test"/>
  <testcase name="service" time="0.188" classname="com.example.java设计模式.单例.Test"/>
  <testcase name="service" time="0.000" classname="com.example.java设计模式.单例.Test"/>
  <testcase name="service" time="0.000" classname="com.example.java设计模式.单例.Test"/>
  <testcase name="service" time="1.360" classname="com.example.java设计模式.单例.Test"/>
  <testcase name="service" time="0.000" classname="com.example.java设计模式.单例.Test"/>
  <testcase name="service" time="0.000" classname="com.example.java设计模式.单例.Test"/>
  <testcase name="service" time="0.428" classname="com.example.java设计模式.单例.Test"/>
  <testcase name="service" time="0.000" classname="com.example.java设计模式.单例.Test"/>
  <testcase name="service" time="0.075" classname="com.example.java设计模式.单例.Test"/>
  <testcase name="service" time="0.000" classname="com.example.java设计模式.单例.Test"/>
  <testcase name="service" time="0.001" classname="com.example.java设计模式.单例.Test"/>
  <testcase name="service" time="0.000" classname="com.example.java设计模式.单例.Test"/>
  <testcase name="service" time="0.001" classname="com.example.java设计模式.单例.Test"/>
  <testcase name="service" time="0.000" classname="com.example.java设计模式.单例.Test"/>
  <testcase name="service" time="0.519" classname="com.example.java设计模式.单例.Test"/>
  <testcase name="service" time="1.496" classname="com.example.java设计模式.单例.Test"/>
  <testcase name="service" time="0.000" classname="com.example.java设计模式.单例.Test"/>
  <testcase name="service" time="0.000" classname="com.example.java设计模式.单例.Test"/>
  <testcase name="service" time="0.016" classname="com.example.java设计模式.单例.Test"/>
  <testcase name="service" time="0.000" classname="com.example.java设计模式.单例.Test"/>
  <testcase name="service" time="0.000" classname="com.example.java设计模式.单例.Test"/>
  <testcase name="service" time="0.000" classname="com.example.java设计模式.单例.Test"/>
  <testcase name="service" time="0.000" classname="com.example.java设计模式.单例.Test"/>
  <testcase name="service" time="0.000" classname="com.example.java设计模式.单例.Test"/>
  <testcase name="service" time="0.000" classname="com.example.java设计模式.单例.Test"/>
  <testcase name="service" time="0.083" classname="com.example.java设计模式.单例.Test"/>
  <testcase name="service" time="7.773" classname="com.example.java设计模式.单例.Test"/>
  <testcase name="service" time="0.074" classname="com.example.java设计模式.单例.Test"/>
  <testcase name="service" time="0.000" classname="com.example.java设计模式.单例.Test"/>
  <testcase name="service" time="0.929" classname="com.example.java设计模式.单例.Test"/>
  <testcase name="service" time="0.001" classname="com.example.java设计模式.单例.Test"/>
  <testcase name="service" time="0.352" classname="com.example.java设计模式.单例.Test"/>
  <testcase name="service" time="0.710" classname="com.example.java设计模式.单例.Test"/>
  <testcase name="service" time="0.000" classname="com.example.java设计模式.单例.Test"/>
  <testcase name="service" time="0.486" classname="com.example.java设计模式.单例.Test"/>
  <testcase name="service" time="0.000" classname="com.example.java设计模式.单例.Test"/>
  <testcase name="service" time="1.107" classname="com.example.java设计模式.单例.Test"/>
  <testcase name="service" time="0.000" classname="com.example.java设计模式.单例.Test"/>
  <testcase name="service" time="0.000" classname="com.example.java设计模式.单例.Test"/>
  <testcase name="service" time="0.000" classname="com.example.java设计模式.单例.Test"/>
  <testcase name="service" time="0.722" classname="com.example.java设计模式.单例.Test"/>
  <testcase name="service" time="0.000" classname="com.example.java设计模式.单例.Test"/>
  <testcase name="service" time="0.205" classname="com.example.java设计模式.单例.Test"/>
  <testcase name="service" time="0.000" classname="com.example.java设计模式.单例.Test"/>
  <testcase name="service" time="0.000" classname="com.example.java设计模式.单例.Test"/>
  <testcase name="service" time="0.576" classname="com.example.java设计模式.单例.Test"/>
  <testcase name="service" time="0.001" classname="com.example.java设计模式.单例.Test"/>
  <testcase name="service" time="0.917" classname="com.example.java设计模式.单例.Test"/>
  <testcase name="service" time="0.000" classname="com.example.java设计模式.单例.Test"/>
  <testcase name="service" time="0.882" classname="com.example.java设计模式.单例.Test"/>
  <testcase name="service" time="0.000" classname="com.example.java设计模式.单例.Test"/>
  <testcase name="service" time="0.000" classname="com.example.java设计模式.单例.Test"/>
  <testcase name="service" time="0.299" classname="com.example.java设计模式.单例.Test"/>
  <testcase name="service" time="0.059" classname="com.example.java设计模式.单例.Test"/>
  <testcase name="service" time="0.000" classname="com.example.java设计模式.单例.Test"/>
  <testcase name="service" time="0.001" classname="com.example.java设计模式.单例.Test"/>
  <testcase name="service" time="0.671" classname="com.example.java设计模式.单例.Test"/>
  <testcase name="service" time="0.167" classname="com.example.java设计模式.单例.Test"/>
  <testcase name="service" time="0.001" classname="com.example.java设计模式.单例.Test"/>
  <testcase name="service" time="0.079" classname="com.example.java设计模式.单例.Test"/>
  <testcase name="service" time="0.000" classname="com.example.java设计模式.单例.Test"/>
  <testcase name="service" time="0.880" classname="com.example.java设计模式.单例.Test"/>
  <testcase name="service" time="0.001" classname="com.example.java设计模式.单例.Test"/>
  <testcase name="service" time="0.092" classname="com.example.java设计模式.单例.Test"/>
  <testcase name="service" time="0.000" classname="com.example.java设计模式.单例.Test"/>
  <testcase name="service" time="0.012" classname="com.example.java设计模式.单例.Test"/>
  <testcase name="service" time="0.000" classname="com.example.java设计模式.单例.Test"/>
  <testcase name="service" time="0.635" classname="com.example.java设计模式.单例.Test"/>
  <testcase name="service" time="0.000" classname="com.example.java设计模式.单例.Test"/>
  <testcase name="service" time="0.000" classname="com.example.java设计模式.单例.Test"/>
  <testcase name="service" time="0.000" classname="com.example.java设计模式.单例.Test"/>
  <testcase name="service" time="0.000" classname="com.example.java设计模式.单例.Test"/>
  <testcase name="service" time="0.000" classname="com.example.java设计模式.单例.Test"/>
  <testcase name="service" time="0.229" classname="com.example.java设计模式.单例.Test"/>
  <testcase name="service" time="0.000" classname="com.example.java设计模式.单例.Test"/>
  <testcase name="service" time="0.000" classname="com.example.java设计模式.单例.Test"/>
  <testcase name="service" time="0.000" classname="com.example.java设计模式.单例.Test"/>
  <testcase name="service" time="0.000" classname="com.example.java设计模式.单例.Test"/>
  <testcase name="service" time="0.000" classname="com.example.java设计模式.单例.Test"/>
  <testcase name="service" time="0.000" classname="com.example.java设计模式.单例.Test"/>
  <testcase name="service" time="0.001" classname="com.example.java设计模式.单例.Test"/>
  <testcase name="service" time="0.776" classname="com.example.java设计模式.单例.Test"/>
  <testcase name="service" time="0.000" classname="com.example.java设计模式.单例.Test"/>
  <testcase name="service" time="0.000" classname="com.example.java设计模式.单例.Test"/>
  <testcase name="service" time="64.980" classname="com.example.java设计模式.单例.Test"/>
  <testcase name="service" time="1.551" classname="com.example.java设计模式.单例.Test"/>
  <testcase name="service" time="0.000" classname="com.example.java设计模式.单例.Test"/>
  <testcase name="service" time="64.728" classname="com.example.java设计模式.单例.Test"/>
  <testcase name="service" time="0.000" classname="com.example.java设计模式.单例.Test"/>
  <testcase name="service" time="0.912" classname="com.example.java设计模式.单例.Test"/>
  <testcase name="service" time="0.001" classname="com.example.java设计模式.单例.Test"/>
  <testcase name="service" time="6.482" classname="com.example.java设计模式.单例.Test"/>
  <testcase name="service" time="0.000" classname="com.example.java设计模式.单例.Test"/>
  <testcase name="service" time="0.036" classname="com.example.java设计模式.单例.Test"/>
  <testcase name="service" time="0.000" classname="com.example.java设计模式.单例.Test"/>
  <testcase name="service" time="0.507" classname="com.example.java设计模式.单例.Test"/>
  <testcase name="service" time="0.378" classname="com.example.java设计模式.单例.Test"/>
  <testcase name="service" time="0.909" classname="com.example.java设计模式.单例.Test"/>
  <testcase name="service" time="7.776" classname="com.example.java设计模式.单例.Test"/>
  <testcase name="service" time="0.012" classname="com.example.java设计模式.单例.Test"/>
  <testcase name="service" time="0.577" classname="com.example.java设计模式.单例.Test"/>
  <testcase name="service" time="0.000" classname="com.example.java设计模式.单例.Test"/>
  <testcase name="service" time="0.333" classname="com.example.java设计模式.单例.Test"/>
  <testcase name="service" time="0.006" classname="com.example.java设计模式.单例.Test"/>
  <testcase name="service" time="0.000" classname="com.example.java设计模式.单例.Test"/>
  <testcase name="service" time="0.001" classname="com.example.java设计模式.单例.Test"/>
  <testcase name="service" time="0.645" classname="com.example.java设计模式.单例.Test"/>
  <testcase name="service" time="0.122" classname="com.example.java设计模式.单例.Test"/>
  <testcase name="service" time="0.000" classname="com.example.java设计模式.单例.Test"/>
  <testcase name="service" time="0.000" classname="com.example.java设计模式.单例.Test"/>
  <testcase name="service" time="0.000" classname="com.example.java设计模式.单例.Test"/>
  <testcase name="service" time="8.061" classname="com.example.java设计模式.单例.Test"/>
  <testcase name="service" time="0.000" classname="com.example.java设计模式.单例.Test"/>
  <testcase name="service" time="0.000" classname="com.example.java设计模式.单例.Test"/>
  <testcase name="service" time="1.031" classname="com.example.java设计模式.单例.Test"/>
  <testcase name="service" time="0.001" classname="com.example.java设计模式.单例.Test"/>
  <testcase name="service" time="0.000" classname="com.example.java设计模式.单例.Test"/>
  <testcase name="service" time="1.091" classname="com.example.java设计模式.单例.Test"/>
  <testcase name="service" time="0.000" classname="com.example.java设计模式.单例.Test"/>
  <testcase name="service" time="1.027" classname="com.example.java设计模式.单例.Test"/>
  <testcase name="service" time="0.000" classname="com.example.java设计模式.单例.Test"/>
  <testcase name="service" time="0.000" classname="com.example.java设计模式.单例.Test"/>
  <testcase name="service" time="0.370" classname="com.example.java设计模式.单例.Test"/>
  <testcase name="service" time="0.000" classname="com.example.java设计模式.单例.Test"/>
  <testcase name="service" time="0.001" classname="com.example.java设计模式.单例.Test"/>
  <testcase name="service" time="0.000" classname="com.example.java设计模式.单例.Test"/>
  <testcase name="service" time="0.000" classname="com.example.java设计模式.单例.Test"/>
  <testcase name="service" time="0.000" classname="com.example.java设计模式.单例.Test"/>
  <testcase name="service" time="0.001" classname="com.example.java设计模式.单例.Test"/>
  <testcase name="service" time="0.000" classname="com.example.java设计模式.单例.Test"/>
  <testcase name="service" time="6.356" classname="com.example.java设计模式.单例.Test"/>
  <testcase name="service" time="0.112" classname="com.example.java设计模式.单例.Test"/>
  <testcase name="service" time="0.559" classname="com.example.java设计模式.单例.Test"/>
  <testcase name="service" time="0.000" classname="com.example.java设计模式.单例.Test"/>
  <testcase name="service" time="0.554" classname="com.example.java设计模式.单例.Test"/>
  <testcase name="service" time="0.000" classname="com.example.java设计模式.单例.Test"/>
  <testcase name="service" time="0.000" classname="com.example.java设计模式.单例.Test"/>
  <testcase name="service" time="0.637" classname="com.example.java设计模式.单例.Test"/>
  <testcase name="service" time="0.000" classname="com.example.java设计模式.单例.Test"/>
  <testcase name="service" time="0.000" classname="com.example.java设计模式.单例.Test"/>
  <testcase name="service" time="6.734" classname="com.example.java设计模式.单例.Test"/>
  <testcase name="service" time="0.000" classname="com.example.java设计模式.单例.Test"/>
  <testcase name="service" time="0.001" classname="com.example.java设计模式.单例.Test"/>
  <testcase name="service" time="0.710" classname="com.example.java设计模式.单例.Test"/>
  <testcase name="service" time="0.001" classname="com.example.java设计模式.单例.Test"/>
  <testcase name="service" time="6.571" classname="com.example.java设计模式.单例.Test"/>
  <testcase name="service" time="0.893" classname="com.example.java设计模式.单例.Test"/>
  <testcase name="service" time="0.000" classname="com.example.java设计模式.单例.Test"/>
  <testcase name="service" time="0.000" classname="com.example.java设计模式.单例.Test"/>
  <testcase name="service" time="0.000" classname="com.example.java设计模式.单例.Test"/>
  <testcase name="service" time="0.001" classname="com.example.java设计模式.单例.Test"/>
  <testcase name="service" time="0.000" classname="com.example.java设计模式.单例.Test"/>
  <testcase name="service" time="0.000" classname="com.example.java设计模式.单例.Test"/>
  <testcase name="service" time="0.000" classname="com.example.java设计模式.单例.Test"/>
  <testcase name="service" time="0.852" classname="com.example.java设计模式.单例.Test"/>
  <testcase name="service" time="0.629" classname="com.example.java设计模式.单例.Test"/>
  <testcase name="service" time="0.000" classname="com.example.java设计模式.单例.Test"/>
  <testcase name="service" time="0.164" classname="com.example.java设计模式.单例.Test"/>
  <testcase name="service" time="0.170" classname="com.example.java设计模式.单例.Test"/>
  <testcase name="service" time="0.000" classname="com.example.java设计模式.单例.Test"/>
  <testcase name="service" time="1.099" classname="com.example.java设计模式.单例.Test"/>
  <testcase name="service" time="0.319" classname="com.example.java设计模式.单例.Test"/>
  <testcase name="service" time="0.029" classname="com.example.java设计模式.单例.Test"/>
  <testcase name="service" time="0.537" classname="com.example.java设计模式.单例.Test"/>
  <testcase name="service" time="64.813" classname="com.example.java设计模式.单例.Test"/>
  <testcase name="service" time="64.865" classname="com.example.java设计模式.单例.Test"/>
  <testcase name="service" time="0.627" classname="com.example.java设计模式.单例.Test"/>
  <testcase name="service" time="0.000" classname="com.example.java设计模式.单例.Test"/>
  <testcase name="service" time="0.000" classname="com.example.java设计模式.单例.Test"/>
  <testcase name="service" time="0.001" classname="com.example.java设计模式.单例.Test"/>
  <testcase name="service" time="0.000" classname="com.example.java设计模式.单例.Test"/>
  <testcase name="service" time="0.002" classname="com.example.java设计模式.单例.Test"/>
  <testcase name="service" time="0.000" classname="com.example.java设计模式.单例.Test"/>
  <testcase name="service" time="0.000" classname="com.example.java设计模式.单例.Test"/>
  <testcase name="service" time="0.009" classname="com.example.java设计模式.单例.Test"/>
  <testcase name="service" time="0.001" classname="com.example.java设计模式.单例.Test"/>
  <testcase name="service" time="0.000" classname="com.example.java设计模式.单例.Test"/>
  <testcase name="service" time="0.000" classname="com.example.java设计模式.单例.Test"/>
  <testcase name="service" time="0.118" classname="com.example.java设计模式.单例.Test"/>
  <testcase name="service" time="0.000" classname="com.example.java设计模式.单例.Test"/>
  <testcase name="service" time="0.000" classname="com.example.java设计模式.单例.Test"/>
  <testcase name="service" time="0.000" classname="com.example.java设计模式.单例.Test"/>
  <testcase name="service" time="0.821" classname="com.example.java设计模式.单例.Test"/>
  <testcase name="service" time="0.000" classname="com.example.java设计模式.单例.Test"/>
  <testcase name="service" time="0.337" classname="com.example.java设计模式.单例.Test"/>
  <testcase name="service" time="0.000" classname="com.example.java设计模式.单例.Test"/>
  <testcase name="service" time="0.000" classname="com.example.java设计模式.单例.Test"/>
  <testcase name="service" time="6.652" classname="com.example.java设计模式.单例.Test"/>
  <testcase name="service" time="0.000" classname="com.example.java设计模式.单例.Test"/>
  <testcase name="service" time="0.523" classname="com.example.java设计模式.单例.Test"/>
  <testcase name="service" time="0.000" classname="com.example.java设计模式.单例.Test"/>
  <testcase name="service" time="0.373" classname="com.example.java设计模式.单例.Test"/>
  <testcase name="service" time="0.521" classname="com.example.java设计模式.单例.Test"/>
  <testcase name="service" time="0.001" classname="com.example.java设计模式.单例.Test"/>
  <testcase name="service" time="0.000" classname="com.example.java设计模式.单例.Test"/>
  <testcase name="service" time="6.760" classname="com.example.java设计模式.单例.Test"/>
  <testcase name="service" time="0.001" classname="com.example.java设计模式.单例.Test"/>
  <testcase name="service" time="0.000" classname="com.example.java设计模式.单例.Test"/>
  <testcase name="service" time="0.000" classname="com.example.java设计模式.单例.Test"/>
  <testcase name="service" time="0.000" classname="com.example.java设计模式.单例.Test"/>
  <testcase name="service" time="0.001" classname="com.example.java设计模式.单例.Test"/>
  <testcase name="service" time="0.048" classname="com.example.java设计模式.单例.Test"/>
  <testcase name="service" time="0.000" classname="com.example.java设计模式.单例.Test"/>
  <testcase name="service" time="0.000" classname="com.example.java设计模式.单例.Test"/>
  <testcase name="service" time="0.001" classname="com.example.java设计模式.单例.Test"/>
  <testcase name="service" time="0.000" classname="com.example.java设计模式.单例.Test"/>
  <testcase name="service" time="1.238" classname="com.example.java设计模式.单例.Test"/>
  <testcase name="service" time="0.000" classname="com.example.java设计模式.单例.Test"/>
  <testcase name="service" time="0.720" classname="com.example.java设计模式.单例.Test"/>
  <testcase name="service" time="0.050" classname="com.example.java设计模式.单例.Test"/>
  <testcase name="service" time="0.310" classname="com.example.java设计模式.单例.Test"/>
  <testcase name="service" time="0.304" classname="com.example.java设计模式.单例.Test"/>
  <testcase name="service" time="0.000" classname="com.example.java设计模式.单例.Test"/>
  <testcase name="service" time="0.000" classname="com.example.java设计模式.单例.Test"/>
  <testcase name="service" time="0.001" classname="com.example.java设计模式.单例.Test"/>
  <testcase name="service" time="0.810" classname="com.example.java设计模式.单例.Test"/>
  <testcase name="service" time="0.001" classname="com.example.java设计模式.单例.Test"/>
  <testcase name="service" time="0.001" classname="com.example.java设计模式.单例.Test"/>
  <testcase name="service" time="0.000" classname="com.example.java设计模式.单例.Test"/>
  <testcase name="service" time="0.373" classname="com.example.java设计模式.单例.Test"/>
  <testcase name="service" time="0.000" classname="com.example.java设计模式.单例.Test"/>
  <testcase name="service" time="0.001" classname="com.example.java设计模式.单例.Test"/>
  <testcase name="service" time="0.746" classname="com.example.java设计模式.单例.Test"/>
  <testcase name="service" time="1.340" classname="com.example.java设计模式.单例.Test"/>
  <testcase name="service" time="0.000" classname="com.example.java设计模式.单例.Test"/>
  <testcase name="service" time="0.000" classname="com.example.java设计模式.单例.Test"/>
  <testcase name="service" time="0.141" classname="com.example.java设计模式.单例.Test"/>
  <testcase name="service" time="0.360" classname="com.example.java设计模式.单例.Test"/>
  <testcase name="service" time="1.271" classname="com.example.java设计模式.单例.Test"/>
  <testcase name="service" time="0.001" classname="com.example.java设计模式.单例.Test"/>
  <testcase name="service" time="0.000" classname="com.example.java设计模式.单例.Test"/>
  <testcase name="service" time="0.001" classname="com.example.java设计模式.单例.Test"/>
  <testcase name="service" time="0.000" classname="com.example.java设计模式.单例.Test"/>
  <testcase name="service" time="0.001" classname="com.example.java设计模式.单例.Test"/>
  <testcase name="service" time="0.192" classname="com.example.java设计模式.单例.Test"/>
  <testcase name="service" time="0.000" classname="com.example.java设计模式.单例.Test"/>
  <testcase name="service" time="0.000" classname="com.example.java设计模式.单例.Test"/>
  <testcase name="service" time="0.001" classname="com.example.java设计模式.单例.Test"/>
  <testcase name="service" time="0.000" classname="com.example.java设计模式.单例.Test"/>
  <testcase name="service" time="0.377" classname="com.example.java设计模式.单例.Test"/>
  <testcase name="service" time="0.000" classname="com.example.java设计模式.单例.Test"/>
  <testcase name="service" time="64.948" classname="com.example.java设计模式.单例.Test"/>
  <testcase name="service" time="0.169" classname="com.example.java设计模式.单例.Test"/>
  <testcase name="service" time="0.000" classname="com.example.java设计模式.单例.Test"/>
  <testcase name="service" time="0.835" classname="com.example.java设计模式.单例.Test"/>
  <testcase name="service" time="0.000" classname="com.example.java设计模式.单例.Test"/>
  <testcase name="service" time="0.001" classname="com.example.java设计模式.单例.Test"/>
  <testcase name="service" time="0.000" classname="com.example.java设计模式.单例.Test"/>
  <testcase name="service" time="8.065" classname="com.example.java设计模式.单例.Test"/>
  <testcase name="service" time="0.004" classname="com.example.java设计模式.单例.Test"/>
  <testcase name="service" time="0.000" classname="com.example.java设计模式.单例.Test"/>
  <testcase name="service" time="0.000" classname="com.example.java设计模式.单例.Test"/>
  <testcase name="service" time="0.000" classname="com.example.java设计模式.单例.Test"/>
  <testcase name="service" time="1.496" classname="com.example.java设计模式.单例.Test"/>
  <testcase name="service" time="0.001" classname="com.example.java设计模式.单例.Test"/>
  <testcase name="service" time="1.023" classname="com.example.java设计模式.单例.Test"/>
  <testcase name="service" time="0.000" classname="com.example.java设计模式.单例.Test"/>
  <testcase name="service" time="0.184" classname="com.example.java设计模式.单例.Test"/>
  <testcase name="service" time="0.454" classname="com.example.java设计模式.单例.Test"/>
  <testcase name="service" time="0.000" classname="com.example.java设计模式.单例.Test"/>
  <testcase name="service" time="6.308" classname="com.example.java设计模式.单例.Test"/>
  <testcase name="service" time="0.001" classname="com.example.java设计模式.单例.Test"/>
  <testcase name="service" time="0.000" classname="com.example.java设计模式.单例.Test"/>
  <testcase name="service" time="0.000" classname="com.example.java设计模式.单例.Test"/>
  <testcase name="service" time="0.485" classname="com.example.java设计模式.单例.Test"/>
  <testcase name="service" time="0.001" classname="com.example.java设计模式.单例.Test"/>
  <testcase name="service" time="0.000" classname="com.example.java设计模式.单例.Test"/>
  <testcase name="service" time="0.262" classname="com.example.java设计模式.单例.Test"/>
  <testcase name="service" time="0.000" classname="com.example.java设计模式.单例.Test"/>
  <testcase name="service" time="0.024" classname="com.example.java设计模式.单例.Test"/>
  <testcase name="service" time="0.000" classname="com.example.java设计模式.单例.Test"/>
  <testcase name="service" time="1.110" classname="com.example.java设计模式.单例.Test"/>
  <testcase name="service" time="0.173" classname="com.example.java设计模式.单例.Test"/>
  <testcase name="service" time="0.000" classname="com.example.java设计模式.单例.Test"/>
  <testcase name="service" time="0.286" classname="com.example.java设计模式.单例.Test"/>
  <testcase name="service" time="1.249" classname="com.example.java设计模式.单例.Test"/>
  <testcase name="service" time="0.394" classname="com.example.java设计模式.单例.Test"/>
  <testcase name="service" time="0.000" classname="com.example.java设计模式.单例.Test"/>
  <testcase name="service" time="0.740" classname="com.example.java设计模式.单例.Test"/>
  <testcase name="service" time="0.001" classname="com.example.java设计模式.单例.Test"/>
  <testcase name="service" time="0.000" classname="com.example.java设计模式.单例.Test"/>
  <testcase name="service" time="0.000" classname="com.example.java设计模式.单例.Test"/>
  <testcase name="service" time="0.000" classname="com.example.java设计模式.单例.Test"/>
  <testcase name="service" time="0.000" classname="com.example.java设计模式.单例.Test"/>
  <testcase name="service" time="0.001" classname="com.example.java设计模式.单例.Test"/>
  <testcase name="service" time="0.000" classname="com.example.java设计模式.单例.Test"/>
  <testcase name="service" time="0.000" classname="com.example.java设计模式.单例.Test"/>
  <testcase name="service" time="7.775" classname="com.example.java设计模式.单例.Test"/>
  <testcase name="service" time="7.888" classname="com.example.java设计模式.单例.Test"/>
  <testcase name="service" time="0.002" classname="com.example.java设计模式.单例.Test"/>
  <testcase name="service" time="0.867" classname="com.example.java设计模式.单例.Test"/>
  <testcase name="service" time="0.000" classname="com.example.java设计模式.单例.Test"/>
  <testcase name="service" time="0.123" classname="com.example.java设计模式.单例.Test"/>
  <testcase name="service" time="0.649" classname="com.example.java设计模式.单例.Test"/>
  <testcase name="service" time="0.000" classname="com.example.java设计模式.单例.Test"/>
  <testcase name="service" time="0.000" classname="com.example.java设计模式.单例.Test"/>
  <testcase name="service" time="0.000" classname="com.example.java设计模式.单例.Test"/>
  <testcase name="service" time="0.000" classname="com.example.java设计模式.单例.Test"/>
  <testcase name="service" time="0.000" classname="com.example.java设计模式.单例.Test"/>
  <testcase name="service" time="0.388" classname="com.example.java设计模式.单例.Test"/>
  <testcase name="service" time="0.000" classname="com.example.java设计模式.单例.Test"/>
  <testcase name="service" time="0.000" classname="com.example.java设计模式.单例.Test"/>
  <testcase name="service" time="0.483" classname="com.example.java设计模式.单例.Test"/>
  <testcase name="service" time="0.000" classname="com.example.java设计模式.单例.Test"/>
  <testcase name="service" time="0.001" classname="com.example.java设计模式.单例.Test"/>
  <testcase name="service" time="64.996" classname="com.example.java设计模式.单例.Test"/>
  <testcase name="service" time="0.051" classname="com.example.java设计模式.单例.Test"/>
  <testcase name="service" time="0.000" classname="com.example.java设计模式.单例.Test"/>
  <testcase name="service" time="0.780" classname="com.example.java设计模式.单例.Test"/>
  <testcase name="service" time="8.042" classname="com.example.java设计模式.单例.Test"/>
  <testcase name="service" time="0.001" classname="com.example.java设计模式.单例.Test"/>
  <testcase name="service" time="0.001" classname="com.example.java设计模式.单例.Test"/>
  <testcase name="service" time="0.000" classname="com.example.java设计模式.单例.Test"/>
  <testcase name="service" time="0.001" classname="com.example.java设计模式.单例.Test"/>
  <testcase name="service" time="0.000" classname="com.example.java设计模式.单例.Test"/>
  <testcase name="service" time="1.293" classname="com.example.java设计模式.单例.Test"/>
  <testcase name="service" time="0.000" classname="com.example.java设计模式.单例.Test"/>
  <testcase name="service" time="0.000" classname="com.example.java设计模式.单例.Test"/>
  <testcase name="service" time="6.527" classname="com.example.java设计模式.单例.Test"/>
  <testcase name="service" time="1.034" classname="com.example.java设计模式.单例.Test"/>
  <testcase name="service" time="0.000" classname="com.example.java设计模式.单例.Test"/>
  <testcase name="service" time="0.144" classname="com.example.java设计模式.单例.Test"/>
  <testcase name="service" time="0.001" classname="com.example.java设计模式.单例.Test"/>
  <testcase name="service" time="0.000" classname="com.example.java设计模式.单例.Test"/>
  <testcase name="service" time="0.000" classname="com.example.java设计模式.单例.Test"/>
  <testcase name="service" time="0.000" classname="com.example.java设计模式.单例.Test"/>
  <testcase name="service" time="0.000" classname="com.example.java设计模式.单例.Test"/>
  <testcase name="service" time="0.369" classname="com.example.java设计模式.单例.Test"/>
  <testcase name="service" time="0.001" classname="com.example.java设计模式.单例.Test"/>
  <testcase name="service" time="0.000" classname="com.example.java设计模式.单例.Test"/>
  <testcase name="service" time="0.341" classname="com.example.java设计模式.单例.Test"/>
  <testcase name="service" time="0.000" classname="com.example.java设计模式.单例.Test"/>
  <testcase name="service" time="0.000" classname="com.example.java设计模式.单例.Test"/>
  <testcase name="service" time="0.000" classname="com.example.java设计模式.单例.Test"/>
  <testcase name="service" time="0.087" classname="com.example.java设计模式.单例.Test"/>
  <testcase name="service" time="0.759" classname="com.example.java设计模式.单例.Test"/>
  <testcase name="service" time="1.205" classname="com.example.java设计模式.单例.Test"/>
  <testcase name="service" time="65.222" classname="com.example.java设计模式.单例.Test"/>
  <testcase name="service" time="0.000" classname="com.example.java设计模式.单例.Test"/>
  <testcase name="service" time="0.001" classname="com.example.java设计模式.单例.Test"/>
  <testcase name="service" time="0.096" classname="com.example.java设计模式.单例.Test"/>
  <testcase name="service" time="0.001" classname="com.example.java设计模式.单例.Test"/>
  <testcase name="service" time="0.000" classname="com.example.java设计模式.单例.Test"/>
  <testcase name="service" time="6.410" classname="com.example.java设计模式.单例.Test"/>
  <testcase name="service" time="0.000" classname="com.example.java设计模式.单例.Test"/>
  <testcase name="service" time="0.000" classname="com.example.java设计模式.单例.Test"/>
  <testcase name="service" time="0.000" classname="com.example.java设计模式.单例.Test"/>
  <testcase name="service" time="0.699" classname="com.example.java设计模式.单例.Test"/>
  <testcase name="service" time="0.052" classname="com.example.java设计模式.单例.Test"/>
  <testcase name="service" time="0.001" classname="com.example.java设计模式.单例.Test"/>
  <testcase name="service" time="0.000" classname="com.example.java设计模式.单例.Test"/>
  <testcase name="service" time="0.001" classname="com.example.java设计模式.单例.Test"/>
  <testcase name="service" time="0.000" classname="com.example.java设计模式.单例.Test"/>
  <testcase name="service" time="0.741" classname="com.example.java设计模式.单例.Test"/>
  <testcase name="service" time="0.229" classname="com.example.java设计模式.单例.Test"/>
  <testcase name="service" time="0.001" classname="com.example.java设计模式.单例.Test"/>
  <testcase name="service" time="0.175" classname="com.example.java设计模式.单例.Test"/>
  <testcase name="service" time="0.000" classname="com.example.java设计模式.单例.Test"/>
  <testcase name="service" time="0.495" classname="com.example.java设计模式.单例.Test"/>
  <testcase name="service" time="0.000" classname="com.example.java设计模式.单例.Test"/>
  <testcase name="service" time="0.000" classname="com.example.java设计模式.单例.Test"/>
  <testcase name="service" time="0.000" classname="com.example.java设计模式.单例.Test"/>
  <testcase name="service" time="0.001" classname="com.example.java设计模式.单例.Test"/>
  <testcase name="service" time="0.366" classname="com.example.java设计模式.单例.Test"/>
  <testcase name="service" time="0.001" classname="com.example.java设计模式.单例.Test"/>
  <testcase name="service" time="0.000" classname="com.example.java设计模式.单例.Test"/>
  <testcase name="service" time="0.000" classname="com.example.java设计模式.单例.Test"/>
  <testcase name="service" time="0.001" classname="com.example.java设计模式.单例.Test"/>
  <testcase name="service" time="0.056" classname="com.example.java设计模式.单例.Test"/>
  <testcase name="service" time="0.001" classname="com.example.java设计模式.单例.Test"/>
  <testcase name="service" time="0.000" classname="com.example.java设计模式.单例.Test"/>
  <testcase name="service" time="0.039" classname="com.example.java设计模式.单例.Test"/>
  <testcase name="service" time="64.752" classname="com.example.java设计模式.单例.Test"/>
  <testcase name="service" time="0.000" classname="com.example.java设计模式.单例.Test"/>
  <testcase name="service" time="1.184" classname="com.example.java设计模式.单例.Test"/>
  <testcase name="service" time="0.000" classname="com.example.java设计模式.单例.Test"/>
  <testcase name="service" time="0.000" classname="com.example.java设计模式.单例.Test"/>
  <testcase name="service" time="0.462" classname="com.example.java设计模式.单例.Test"/>
  <testcase name="service" time="0.000" classname="com.example.java设计模式.单例.Test"/>
  <testcase name="service" time="0.125" classname="com.example.java设计模式.单例.Test"/>
  <testcase name="service" time="0.544" classname="com.example.java设计模式.单例.Test"/>
  <testcase name="service" time="0.000" classname="com.example.java设计模式.单例.Test"/>
  <testcase name="service" time="0.482" classname="com.example.java设计模式.单例.Test"/>
  <testcase name="service" time="0.001" classname="com.example.java设计模式.单例.Test"/>
  <testcase name="service" time="0.673" classname="com.example.java设计模式.单例.Test"/>
  <testcase name="service" time="0.000" classname="com.example.java设计模式.单例.Test"/>
  <testcase name="service" time="0.000" classname="com.example.java设计模式.单例.Test"/>
  <testcase name="service" time="0.628" classname="com.example.java设计模式.单例.Test"/>
  <testcase name="service" time="0.728" classname="com.example.java设计模式.单例.Test"/>
  <testcase name="service" time="0.001" classname="com.example.java设计模式.单例.Test"/>
  <testcase name="service" time="1.219" classname="com.example.java设计模式.单例.Test"/>
  <testcase name="service" time="0.000" classname="com.example.java设计模式.单例.Test"/>
  <testcase name="service" time="1.001" classname="com.example.java设计模式.单例.Test"/>
  <testcase name="service" time="0.000" classname="com.example.java设计模式.单例.Test"/>
  <testcase name="service" time="0.000" classname="com.example.java设计模式.单例.Test"/>
  <testcase name="service" time="0.000" classname="com.example.java设计模式.单例.Test"/>
  <testcase name="service" time="0.000" classname="com.example.java设计模式.单例.Test"/>
  <testcase name="service" time="0.002" classname="com.example.java设计模式.单例.Test"/>
  <testcase name="service" time="0.000" classname="com.example.java设计模式.单例.Test"/>
  <testcase name="service" time="0.241" classname="com.example.java设计模式.单例.Test"/>
  <testcase name="service" time="0.000" classname="com.example.java设计模式.单例.Test"/>
  <testcase name="service" time="0.000" classname="com.example.java设计模式.单例.Test"/>
  <testcase name="service" time="0.000" classname="com.example.java设计模式.单例.Test"/>
  <testcase name="service" time="0.000" classname="com.example.java设计模式.单例.Test"/>
  <testcase name="service" time="0.000" classname="com.example.java设计模式.单例.Test"/>
  <testcase name="service" time="8.310" classname="com.example.java设计模式.单例.Test"/>
  <testcase name="service" time="1.603" classname="com.example.java设计模式.单例.Test"/>
  <testcase name="service" time="0.000" classname="com.example.java设计模式.单例.Test"/>
  <testcase name="service" time="0.816" classname="com.example.java设计模式.单例.Test"/>
  <testcase name="service" time="0.692" classname="com.example.java设计模式.单例.Test"/>
  <testcase name="service" time="0.001" classname="com.example.java设计模式.单例.Test"/>
  <testcase name="service" time="1.092" classname="com.example.java设计模式.单例.Test"/>
  <testcase name="service" time="0.000" classname="com.example.java设计模式.单例.Test"/>
  <testcase name="service" time="0.000" classname="com.example.java设计模式.单例.Test"/>
  <testcase name="service" time="0.474" classname="com.example.java设计模式.单例.Test"/>
  <testcase name="service" time="0.000" classname="com.example.java设计模式.单例.Test"/>
  <testcase name="service" time="0.001" classname="com.example.java设计模式.单例.Test"/>
  <testcase name="service" time="0.760" classname="com.example.java设计模式.单例.Test"/>
  <testcase name="service" time="0.000" classname="com.example.java设计模式.单例.Test"/>
  <testcase name="service" time="0.030" classname="com.example.java设计模式.单例.Test"/>
  <testcase name="service" time="0.000" classname="com.example.java设计模式.单例.Test"/>
  <testcase name="service" time="0.000" classname="com.example.java设计模式.单例.Test"/>
  <testcase name="service" time="0.763" classname="com.example.java设计模式.单例.Test"/>
  <testcase name="service" time="0.000" classname="com.example.java设计模式.单例.Test"/>
  <testcase name="service" time="0.001" classname="com.example.java设计模式.单例.Test"/>
  <testcase name="service" time="0.250" classname="com.example.java设计模式.单例.Test"/>
  <testcase name="service" time="0.001" classname="com.example.java设计模式.单例.Test"/>
  <testcase name="service" time="0.000" classname="com.example.java设计模式.单例.Test"/>
  <testcase name="service" time="0.000" classname="com.example.java设计模式.单例.Test"/>
  <testcase name="service" time="0.093" classname="com.example.java设计模式.单例.Test"/>
  <testcase name="service" time="1.396" classname="com.example.java设计模式.单例.Test"/>
  <testcase name="service" time="0.795" classname="com.example.java设计模式.单例.Test"/>
  <testcase name="service" time="0.567" classname="com.example.java设计模式.单例.Test"/>
  <testcase name="service" time="0.001" classname="com.example.java设计模式.单例.Test"/>
  <testcase name="service" time="0.867" classname="com.example.java设计模式.单例.Test"/>
  <testcase name="service" time="0.000" classname="com.example.java设计模式.单例.Test"/>
  <testcase name="service" time="1.406" classname="com.example.java设计模式.单例.Test"/>
  <testcase name="service" time="0.000" classname="com.example.java设计模式.单例.Test"/>
  <testcase name="service" time="0.008" classname="com.example.java设计模式.单例.Test"/>
  <testcase name="service" time="1.215" classname="com.example.java设计模式.单例.Test"/>
  <testcase name="service" time="0.000" classname="com.example.java设计模式.单例.Test"/>
  <testcase name="service" time="0.000" classname="com.example.java设计模式.单例.Test"/>
  <testcase name="service" time="0.059" classname="com.example.java设计模式.单例.Test"/>
  <testcase name="service" time="7.484" classname="com.example.java设计模式.单例.Test"/>
  <testcase name="service" time="0.000" classname="com.example.java设计模式.单例.Test"/>
  <testcase name="service" time="0.788" classname="com.example.java设计模式.单例.Test"/>
  <testcase name="service" time="0.696" classname="com.example.java设计模式.单例.Test"/>
  <testcase name="service" time="0.000" classname="com.example.java设计模式.单例.Test"/>
  <testcase name="service" time="0.058" classname="com.example.java设计模式.单例.Test"/>
  <testcase name="service" time="0.306" classname="com.example.java设计模式.单例.Test"/>
  <testcase name="service" time="0.753" classname="com.example.java设计模式.单例.Test"/>
  <testcase name="service" time="0.001" classname="com.example.java设计模式.单例.Test"/>
  <testcase name="service" time="0.000" classname="com.example.java设计模式.单例.Test"/>
  <testcase name="service" time="0.239" classname="com.example.java设计模式.单例.Test"/>
  <testcase name="service" time="0.826" classname="com.example.java设计模式.单例.Test"/>
  <testcase name="service" time="0.315" classname="com.example.java设计模式.单例.Test"/>
  <testcase name="service" time="0.000" classname="com.example.java设计模式.单例.Test"/>
  <testcase name="service" time="0.000" classname="com.example.java设计模式.单例.Test"/>
  <testcase name="service" time="0.000" classname="com.example.java设计模式.单例.Test"/>
  <testcase name="service" time="0.262" classname="com.example.java设计模式.单例.Test"/>
  <testcase name="service" time="7.800" classname="com.example.java设计模式.单例.Test"/>
  <testcase name="service" time="0.000" classname="com.example.java设计模式.单例.Test"/>
  <testcase name="service" time="0.012" classname="com.example.java设计模式.单例.Test"/>
  <testcase name="service" time="0.000" classname="com.example.java设计模式.单例.Test"/>
  <testcase name="service" time="0.075" classname="com.example.java设计模式.单例.Test"/>
  <testcase name="service" time="0.001" classname="com.example.java设计模式.单例.Test"/>
  <testcase name="service" time="0.235" classname="com.example.java设计模式.单例.Test"/>
  <testcase name="service" time="0.000" classname="com.example.java设计模式.单例.Test"/>
  <testcase name="service" time="1.029" classname="com.example.java设计模式.单例.Test"/>
  <testcase name="service" time="0.000" classname="com.example.java设计模式.单例.Test"/>
  <testcase name="service" time="1.010" classname="com.example.java设计模式.单例.Test"/>
  <testcase name="service" time="0.035" classname="com.example.java设计模式.单例.Test"/>
  <testcase name="service" time="0.000" classname="com.example.java设计模式.单例.Test"/>
  <testcase name="service" time="0.000" classname="com.example.java设计模式.单例.Test"/>
  <testcase name="service" time="0.000" classname="com.example.java设计模式.单例.Test"/>
  <testcase name="service" time="1.797" classname="com.example.java设计模式.单例.Test"/>
  <testcase name="service" time="0.000" classname="com.example.java设计模式.单例.Test"/>
  <testcase name="service" time="7.867" classname="com.example.java设计模式.单例.Test"/>
  <testcase name="service" time="1.281" classname="com.example.java设计模式.单例.Test"/>
  <testcase name="service" time="0.117" classname="com.example.java设计模式.单例.Test"/>
  <testcase name="service" time="0.000" classname="com.example.java设计模式.单例.Test"/>
  <testcase name="service" time="0.000" classname="com.example.java设计模式.单例.Test"/>
  <testcase name="service" time="0.125" classname="com.example.java设计模式.单例.Test"/>
  <testcase name="service" time="0.000" classname="com.example.java设计模式.单例.Test"/>
  <testcase name="service" time="0.920" classname="com.example.java设计模式.单例.Test"/>
  <testcase name="service" time="6.572" classname="com.example.java设计模式.单例.Test"/>
  <testcase name="service" time="0.678" classname="com.example.java设计模式.单例.Test"/>
  <testcase name="service" time="0.001" classname="com.example.java设计模式.单例.Test"/>
  <testcase name="service" time="0.001" classname="com.example.java设计模式.单例.Test"/>
  <testcase name="service" time="0.864" classname="com.example.java设计模式.单例.Test"/>
  <testcase name="service" time="0.175" classname="com.example.java设计模式.单例.Test"/>
  <testcase name="service" time="0.123" classname="com.example.java设计模式.单例.Test"/>
  <testcase name="service" time="0.000" classname="com.example.java设计模式.单例.Test"/>
  <testcase name="service" time="0.001" classname="com.example.java设计模式.单例.Test"/>
  <testcase name="service" time="0.001" classname="com.example.java设计模式.单例.Test"/>
  <testcase name="service" time="0.768" classname="com.example.java设计模式.单例.Test"/>
  <testcase name="service" time="0.001" classname="com.example.java设计模式.单例.Test"/>
  <testcase name="service" time="0.000" classname="com.example.java设计模式.单例.Test"/>
  <testcase name="service" time="0.000" classname="com.example.java设计模式.单例.Test"/>
  <testcase name="service" time="0.001" classname="com.example.java设计模式.单例.Test"/>
  <testcase name="service" time="0.190" classname="com.example.java设计模式.单例.Test"/>
  <testcase name="service" time="0.776" classname="com.example.java设计模式.单例.Test"/>
  <testcase name="service" time="0.000" classname="com.example.java设计模式.单例.Test"/>
  <testcase name="service" time="0.000" classname="com.example.java设计模式.单例.Test"/>
  <testcase name="service" time="0.000" classname="com.example.java设计模式.单例.Test"/>
  <testcase name="service" time="65.069" classname="com.example.java设计模式.单例.Test"/>
  <testcase name="service" time="0.518" classname="com.example.java设计模式.单例.Test"/>
  <testcase name="service" time="0.000" classname="com.example.java设计模式.单例.Test"/>
  <testcase name="service" time="0.000" classname="com.example.java设计模式.单例.Test"/>
  <testcase name="service" time="0.439" classname="com.example.java设计模式.单例.Test"/>
  <testcase name="service" time="0.000" classname="com.example.java设计模式.单例.Test"/>
  <testcase name="service" time="0.001" classname="com.example.java设计模式.单例.Test"/>
  <testcase name="service" time="0.082" classname="com.example.java设计模式.单例.Test"/>
  <testcase name="service" time="6.525" classname="com.example.java设计模式.单例.Test"/>
  <testcase name="service" time="0.687" classname="com.example.java设计模式.单例.Test"/>
  <testcase name="service" time="0.922" classname="com.example.java设计模式.单例.Test"/>
  <testcase name="service" time="6.584" classname="com.example.java设计模式.单例.Test"/>
  <testcase name="service" time="0.973" classname="com.example.java设计模式.单例.Test"/>
  <testcase name="service" time="1.018" classname="com.example.java设计模式.单例.Test"/>
  <testcase name="service" time="0.000" classname="com.example.java设计模式.单例.Test"/>
  <testcase name="service" time="0.000" classname="com.example.java设计模式.单例.Test"/>
  <testcase name="service" time="0.031" classname="com.example.java设计模式.单例.Test"/>
  <testcase name="service" time="0.000" classname="com.example.java设计模式.单例.Test"/>
  <testcase name="service" time="0.000" classname="com.example.java设计模式.单例.Test"/>
  <testcase name="service" time="0.112" classname="com.example.java设计模式.单例.Test"/>
  <testcase name="service" time="0.000" classname="com.example.java设计模式.单例.Test"/>
  <testcase name="service" time="0.540" classname="com.example.java设计模式.单例.Test"/>
  <testcase name="service" time="0.171" classname="com.example.java设计模式.单例.Test"/>
  <testcase name="service" time="0.600" classname="com.example.java设计模式.单例.Test"/>
  <testcase name="service" time="64.625" classname="com.example.java设计模式.单例.Test"/>
  <testcase name="service" time="0.469" classname="com.example.java设计模式.单例.Test"/>
  <testcase name="service" time="0.263" classname="com.example.java设计模式.单例.Test"/>
  <testcase name="service" time="1.099" classname="com.example.java设计模式.单例.Test"/>
  <testcase name="service" time="0.104" classname="com.example.java设计模式.单例.Test"/>
  <testcase name="service" time="64.995" classname="com.example.java设计模式.单例.Test"/>
  <testcase name="service" time="0.812" classname="com.example.java设计模式.单例.Test"/>
  <testcase name="service" time="0.925" classname="com.example.java设计模式.单例.Test"/>
  <testcase name="service" time="0.000" classname="com.example.java设计模式.单例.Test"/>
  <testcase name="service" time="0.000" classname="com.example.java设计模式.单例.Test"/>
  <testcase name="service" time="5.140" classname="com.example.java设计模式.单例.Test"/>
  <testcase name="service" time="0.244" classname="com.example.java设计模式.单例.Test"/>
  <testcase name="service" time="0.530" classname="com.example.java设计模式.单例.Test"/>
  <testcase name="service" time="0.001" classname="com.example.java设计模式.单例.Test"/>
  <testcase name="service" time="0.894" classname="com.example.java设计模式.单例.Test"/>
  <testcase name="service" time="1.215" classname="com.example.java设计模式.单例.Test"/>
  <testcase name="service" time="0.000" classname="com.example.java设计模式.单例.Test"/>
  <testcase name="service" time="1.213" classname="com.example.java设计模式.单例.Test"/>
  <testcase name="service" time="0.000" classname="com.example.java设计模式.单例.Test"/>
  <testcase name="service" time="0.001" classname="com.example.java设计模式.单例.Test"/>
  <testcase name="service" time="0.000" classname="com.example.java设计模式.单例.Test"/>
  <testcase name="service" time="0.001" classname="com.example.java设计模式.单例.Test"/>
  <testcase name="service" time="0.269" classname="com.example.java设计模式.单例.Test"/>
  <testcase name="service" time="0.000" classname="com.example.java设计模式.单例.Test"/>
  <testcase name="service" time="0.427" classname="com.example.java设计模式.单例.Test"/>
  <testcase name="service" time="0.047" classname="com.example.java设计模式.单例.Test"/>
  <testcase name="service" time="0.000" classname="com.example.java设计模式.单例.Test"/>
  <testcase name="service" time="0.000" classname="com.example.java设计模式.单例.Test"/>
  <testcase name="service" time="0.000" classname="com.example.java设计模式.单例.Test"/>
  <testcase name="service" time="0.301" classname="com.example.java设计模式.单例.Test"/>
  <testcase name="service" time="1.494" classname="com.example.java设计模式.单例.Test"/>
  <testcase name="service" time="1.314" classname="com.example.java设计模式.单例.Test"/>
  <testcase name="service" time="0.000" classname="com.example.java设计模式.单例.Test"/>
  <testcase name="service" time="0.000" classname="com.example.java设计模式.单例.Test"/>
  <testcase name="service" time="0.001" classname="com.example.java设计模式.单例.Test"/>
  <testcase name="service" time="0.086" classname="com.example.java设计模式.单例.Test"/>
  <testcase name="service" time="0.000" classname="com.example.java设计模式.单例.Test"/>
  <testcase name="service" time="0.000" classname="com.example.java设计模式.单例.Test"/>
  <testcase name="service" time="0.001" classname="com.example.java设计模式.单例.Test"/>
  <testcase name="service" time="0.705" classname="com.example.java设计模式.单例.Test"/>
  <testcase name="service" time="0.367" classname="com.example.java设计模式.单例.Test"/>
  <testcase name="service" time="0.001" classname="com.example.java设计模式.单例.Test"/>
  <testcase name="service" time="0.001" classname="com.example.java设计模式.单例.Test"/>
  <testcase name="service" time="0.001" classname="com.example.java设计模式.单例.Test"/>
  <testcase name="service" time="0.000" classname="com.example.java设计模式.单例.Test"/>
  <testcase name="service" time="0.123" classname="com.example.java设计模式.单例.Test"/>
  <testcase name="service" time="0.000" classname="com.example.java设计模式.单例.Test"/>
  <testcase name="service" time="0.493" classname="com.example.java设计模式.单例.Test"/>
  <testcase name="service" time="0.871" classname="com.example.java设计模式.单例.Test"/>
  <testcase name="service" time="0.000" classname="com.example.java设计模式.单例.Test"/>
  <testcase name="service" time="0.088" classname="com.example.java设计模式.单例.Test"/>
  <testcase name="service" time="0.812" classname="com.example.java设计模式.单例.Test"/>
  <testcase name="service" time="0.698" classname="com.example.java设计模式.单例.Test"/>
  <testcase name="service" time="0.000" classname="com.example.java设计模式.单例.Test"/>
  <testcase name="service" time="0.861" classname="com.example.java设计模式.单例.Test"/>
  <testcase name="service" time="0.225" classname="com.example.java设计模式.单例.Test"/>
  <testcase name="service" time="0.366" classname="com.example.java设计模式.单例.Test"/>
  <testcase name="service" time="0.139" classname="com.example.java设计模式.单例.Test"/>
  <testcase name="service" time="0.000" classname="com.example.java设计模式.单例.Test"/>
  <testcase name="service" time="0.001" classname="com.example.java设计模式.单例.Test"/>
  <testcase name="service" time="0.001" classname="com.example.java设计模式.单例.Test"/>
  <testcase name="service" time="1.309" classname="com.example.java设计模式.单例.Test"/>
  <testcase name="service" time="0.193" classname="com.example.java设计模式.单例.Test"/>
  <testcase name="service" time="7.988" classname="com.example.java设计模式.单例.Test"/>
  <testcase name="service" time="0.690" classname="com.example.java设计模式.单例.Test"/>
  <testcase name="service" time="0.000" classname="com.example.java设计模式.单例.Test"/>
  <testcase name="service" time="0.199" classname="com.example.java设计模式.单例.Test"/>
  <testcase name="service" time="0.001" classname="com.example.java设计模式.单例.Test"/>
  <testcase name="service" time="0.000" classname="com.example.java设计模式.单例.Test"/>
  <testcase name="service" time="0.000" classname="com.example.java设计模式.单例.Test"/>
  <testcase name="service" time="0.000" classname="com.example.java设计模式.单例.Test"/>
  <testcase name="service" time="0.774" classname="com.example.java设计模式.单例.Test"/>
  <testcase name="service" time="0.624" classname="com.example.java设计模式.单例.Test"/>
  <testcase name="service" time="0.118" classname="com.example.java设计模式.单例.Test"/>
  <testcase name="service" time="0.602" classname="com.example.java设计模式.单例.Test"/>
  <testcase name="service" time="0.000" classname="com.example.java设计模式.单例.Test"/>
  <testcase name="service" time="0.000" classname="com.example.java设计模式.单例.Test"/>
  <testcase name="service" time="0.480" classname="com.example.java设计模式.单例.Test"/>
  <testcase name="service" time="0.000" classname="com.example.java设计模式.单例.Test"/>
  <testcase name="service" time="0.000" classname="com.example.java设计模式.单例.Test"/>
  <testcase name="service" time="6.553" classname="com.example.java设计模式.单例.Test"/>
  <testcase name="service" time="0.001" classname="com.example.java设计模式.单例.Test"/>
  <testcase name="service" time="7.774" classname="com.example.java设计模式.单例.Test"/>
  <testcase name="service" time="0.000" classname="com.example.java设计模式.单例.Test"/>
  <testcase name="service" time="0.000" classname="com.example.java设计模式.单例.Test"/>
  <testcase name="service" time="0.844" classname="com.example.java设计模式.单例.Test"/>
  <testcase name="service" time="0.000" classname="com.example.java设计模式.单例.Test"/>
  <testcase name="service" time="0.191" classname="com.example.java设计模式.单例.Test"/>
  <testcase name="service" time="0.000" classname="com.example.java设计模式.单例.Test"/>
  <testcase name="service" time="0.821" classname="com.example.java设计模式.单例.Test"/>
  <testcase name="service" time="0.631" classname="com.example.java设计模式.单例.Test"/>
  <testcase name="service" time="0.116" classname="com.example.java设计模式.单例.Test"/>
  <testcase name="service" time="7.111" classname="com.example.java设计模式.单例.Test"/>
  <testcase name="service" time="0.117" classname="com.example.java设计模式.单例.Test"/>
  <testcase name="service" time="0.001" classname="com.example.java设计模式.单例.Test"/>
  <testcase name="service" time="0.000" classname="com.example.java设计模式.单例.Test"/>
  <testcase name="service" time="0.291" classname="com.example.java设计模式.单例.Test"/>
  <testcase name="service" time="0.000" classname="com.example.java设计模式.单例.Test"/>
  <testcase name="service" time="0.000" classname="com.example.java设计模式.单例.Test"/>
  <testcase name="service" time="0.000" classname="com.example.java设计模式.单例.Test"/>
  <testcase name="service" time="0.001" classname="com.example.java设计模式.单例.Test"/>
  <testcase name="service" time="0.091" classname="com.example.java设计模式.单例.Test"/>
  <testcase name="service" time="0.177" classname="com.example.java设计模式.单例.Test"/>
  <testcase name="service" time="0.000" classname="com.example.java设计模式.单例.Test"/>
  <testcase name="service" time="0.558" classname="com.example.java设计模式.单例.Test"/>
  <testcase name="service" time="0.000" classname="com.example.java设计模式.单例.Test"/>
  <testcase name="service" time="0.000" classname="com.example.java设计模式.单例.Test"/>
  <testcase name="service" time="5.129" classname="com.example.java设计模式.单例.Test"/>
  <testcase name="service" time="0.001" classname="com.example.java设计模式.单例.Test"/>
  <testcase name="service" time="0.153" classname="com.example.java设计模式.单例.Test"/>
  <testcase name="service" time="7.094" classname="com.example.java设计模式.单例.Test"/>
  <testcase name="service" time="0.000" classname="com.example.java设计模式.单例.Test"/>
  <testcase name="service" time="0.000" classname="com.example.java设计模式.单例.Test"/>
  <testcase name="service" time="0.381" classname="com.example.java设计模式.单例.Test"/>
  <testcase name="service" time="64.508" classname="com.example.java设计模式.单例.Test"/>
  <testcase name="service" time="0.716" classname="com.example.java设计模式.单例.Test"/>
  <testcase name="service" time="0.000" classname="com.example.java设计模式.单例.Test"/>
  <testcase name="service" time="0.364" classname="com.example.java设计模式.单例.Test"/>
  <testcase name="service" time="7.802" classname="com.example.java设计模式.单例.Test"/>
  <testcase name="service" time="0.743" classname="com.example.java设计模式.单例.Test"/>
  <testcase name="service" time="0.965" classname="com.example.java设计模式.单例.Test"/>
  <testcase name="service" time="0.000" classname="com.example.java设计模式.单例.Test"/>
  <testcase name="service" time="0.023" classname="com.example.java设计模式.单例.Test"/>
  <testcase name="service" time="0.793" classname="com.example.java设计模式.单例.Test"/>
  <testcase name="service" time="1.341" classname="com.example.java设计模式.单例.Test"/>
  <testcase name="service" time="0.000" classname="com.example.java设计模式.单例.Test"/>
  <testcase name="service" time="6.550" classname="com.example.java设计模式.单例.Test"/>
  <testcase name="service" time="0.770" classname="com.example.java设计模式.单例.Test"/>
  <testcase name="service" time="0.207" classname="com.example.java设计模式.单例.Test"/>
  <testcase name="service" time="0.535" classname="com.example.java设计模式.单例.Test"/>
  <testcase name="service" time="0.367" classname="com.example.java设计模式.单例.Test"/>
  <testcase name="service" time="0.000" classname="com.example.java设计模式.单例.Test"/>
  <testcase name="service" time="0.000" classname="com.example.java设计模式.单例.Test"/>
  <testcase name="service" time="8.304" classname="com.example.java设计模式.单例.Test"/>
  <testcase name="service" time="0.001" classname="com.example.java设计模式.单例.Test"/>
  <testcase name="service" time="0.001" classname="com.example.java设计模式.单例.Test"/>
  <testcase name="service" time="0.000" classname="com.example.java设计模式.单例.Test"/>
  <testcase name="service" time="0.000" classname="com.example.java设计模式.单例.Test"/>
  <testcase name="service" time="0.844" classname="com.example.java设计模式.单例.Test"/>
  <testcase name="service" time="0.235" classname="com.example.java设计模式.单例.Test"/>
  <testcase name="service" time="0.001" classname="com.example.java设计模式.单例.Test"/>
  <testcase name="service" time="0.000" classname="com.example.java设计模式.单例.Test"/>
  <testcase name="service" time="1.052" classname="com.example.java设计模式.单例.Test"/>
  <testcase name="service" time="0.462" classname="com.example.java设计模式.单例.Test"/>
  <testcase name="service" time="0.000" classname="com.example.java设计模式.单例.Test"/>
  <testcase name="service" time="1.009" classname="com.example.java设计模式.单例.Test"/>
  <testcase name="service" time="0.000" classname="com.example.java设计模式.单例.Test"/>
  <testcase name="service" time="0.000" classname="com.example.java设计模式.单例.Test"/>
  <testcase name="service" time="6.269" classname="com.example.java设计模式.单例.Test"/>
  <testcase name="service" time="0.188" classname="com.example.java设计模式.单例.Test"/>
  <testcase name="service" time="0.987" classname="com.example.java设计模式.单例.Test"/>
  <testcase name="service" time="0.826" classname="com.example.java设计模式.单例.Test"/>
  <testcase name="service" time="0.480" classname="com.example.java设计模式.单例.Test"/>
  <testcase name="service" time="0.294" classname="com.example.java设计模式.单例.Test"/>
  <testcase name="service" time="0.000" classname="com.example.java设计模式.单例.Test"/>
  <testcase name="service" time="0.001" classname="com.example.java设计模式.单例.Test"/>
  <testcase name="service" time="0.347" classname="com.example.java设计模式.单例.Test"/>
  <testcase name="service" time="0.000" classname="com.example.java设计模式.单例.Test"/>
  <testcase name="service" time="0.120" classname="com.example.java设计模式.单例.Test"/>
  <testcase name="service" time="1.368" classname="com.example.java设计模式.单例.Test"/>
  <testcase name="service" time="0.844" classname="com.example.java设计模式.单例.Test"/>
  <testcase name="service" time="1.075" classname="com.example.java设计模式.单例.Test"/>
  <testcase name="service" time="0.657" classname="com.example.java设计模式.单例.Test"/>
  <testcase name="service" time="0.134" classname="com.example.java设计模式.单例.Test"/>
  <testcase name="service" time="0.001" classname="com.example.java设计模式.单例.Test"/>
  <testcase name="service" time="0.000" classname="com.example.java设计模式.单例.Test"/>
  <testcase name="service" time="6.369" classname="com.example.java设计模式.单例.Test"/>
  <testcase name="service" time="0.001" classname="com.example.java设计模式.单例.Test"/>
  <testcase name="service" time="0.000" classname="com.example.java设计模式.单例.Test"/>
  <testcase name="service" time="0.001" classname="com.example.java设计模式.单例.Test"/>
  <testcase name="service" time="0.000" classname="com.example.java设计模式.单例.Test"/>
  <testcase name="service" time="0.000" classname="com.example.java设计模式.单例.Test"/>
  <testcase name="service" time="0.213" classname="com.example.java设计模式.单例.Test"/>
  <testcase name="service" time="0.713" classname="com.example.java设计模式.单例.Test"/>
  <testcase name="service" time="0.000" classname="com.example.java设计模式.单例.Test"/>
  <testcase name="service" time="0.066" classname="com.example.java设计模式.单例.Test"/>
  <testcase name="service" time="6.181" classname="com.example.java设计模式.单例.Test"/>
  <testcase name="service" time="0.268" classname="com.example.java设计模式.单例.Test"/>
  <testcase name="service" time="0.001" classname="com.example.java设计模式.单例.Test"/>
  <testcase name="service" time="0.050" classname="com.example.java设计模式.单例.Test"/>
  <testcase name="service" time="0.173" classname="com.example.java设计模式.单例.Test"/>
  <testcase name="service" time="0.000" classname="com.example.java设计模式.单例.Test"/>
  <testcase name="service" time="0.192" classname="com.example.java设计模式.单例.Test"/>
  <testcase name="service" time="7.718" classname="com.example.java设计模式.单例.Test"/>
  <testcase name="service" time="0.000" classname="com.example.java设计模式.单例.Test"/>
  <testcase name="service" time="0.000" classname="com.example.java设计模式.单例.Test"/>
  <testcase name="service" time="0.000" classname="com.example.java设计模式.单例.Test"/>
  <testcase name="service" time="6.309" classname="com.example.java设计模式.单例.Test"/>
  <testcase name="service" time="0.825" classname="com.example.java设计模式.单例.Test"/>
  <testcase name="service" time="65.008" classname="com.example.java设计模式.单例.Test"/>
  <testcase name="service" time="0.351" classname="com.example.java设计模式.单例.Test"/>
  <testcase name="service" time="0.361" classname="com.example.java设计模式.单例.Test"/>
  <testcase name="service" time="0.001" classname="com.example.java设计模式.单例.Test"/>
  <testcase name="service" time="0.000" classname="com.example.java设计模式.单例.Test"/>
  <testcase name="service" time="0.000" classname="com.example.java设计模式.单例.Test"/>
  <testcase name="service" time="6.300" classname="com.example.java设计模式.单例.Test"/>
  <testcase name="service" time="0.941" classname="com.example.java设计模式.单例.Test"/>
  <testcase name="service" time="0.000" classname="com.example.java设计模式.单例.Test"/>
  <testcase name="service" time="0.234" classname="com.example.java设计模式.单例.Test"/>
  <testcase name="service" time="0.001" classname="com.example.java设计模式.单例.Test"/>
  <testcase name="service" time="0.000" classname="com.example.java设计模式.单例.Test"/>
  <testcase name="service" time="0.048" classname="com.example.java设计模式.单例.Test"/>
  <testcase name="service" time="0.465" classname="com.example.java设计模式.单例.Test"/>
  <testcase name="service" time="0.000" classname="com.example.java设计模式.单例.Test"/>
  <testcase name="service" time="0.051" classname="com.example.java设计模式.单例.Test"/>
  <testcase name="service" time="0.000" classname="com.example.java设计模式.单例.Test"/>
  <testcase name="service" time="0.000" classname="com.example.java设计模式.单例.Test"/>
  <testcase name="service" time="0.347" classname="com.example.java设计模式.单例.Test"/>
  <testcase name="service" time="0.910" classname="com.example.java设计模式.单例.Test"/>
  <testcase name="service" time="0.000" classname="com.example.java设计模式.单例.Test"/>
  <testcase name="service" time="0.000" classname="com.example.java设计模式.单例.Test"/>
  <testcase name="service" time="0.823" classname="com.example.java设计模式.单例.Test"/>
  <testcase name="service" time="0.868" classname="com.example.java设计模式.单例.Test"/>
  <testcase name="service" time="0.000" classname="com.example.java设计模式.单例.Test"/>
  <testcase name="service" time="0.442" classname="com.example.java设计模式.单例.Test"/>
  <testcase name="service" time="0.000" classname="com.example.java设计模式.单例.Test"/>
  <testcase name="service" time="0.043" classname="com.example.java设计模式.单例.Test"/>
  <testcase name="service" time="1.271" classname="com.example.java设计模式.单例.Test"/>
  <testcase name="service" time="0.915" classname="com.example.java设计模式.单例.Test"/>
  <testcase name="service" time="0.001" classname="com.example.java设计模式.单例.Test"/>
  <testcase name="service" time="0.715" classname="com.example.java设计模式.单例.Test"/>
  <testcase name="service" time="0.585" classname="com.example.java设计模式.单例.Test"/>
  <testcase name="service" time="0.000" classname="com.example.java设计模式.单例.Test"/>
  <testcase name="service" time="64.692" classname="com.example.java设计模式.单例.Test"/>
  <testcase name="service" time="0.000" classname="com.example.java设计模式.单例.Test"/>
  <testcase name="service" time="0.000" classname="com.example.java设计模式.单例.Test"/>
  <testcase name="service" time="0.208" classname="com.example.java设计模式.单例.Test"/>
  <testcase name="service" time="0.103" classname="com.example.java设计模式.单例.Test"/>
  <testcase name="service" time="1.016" classname="com.example.java设计模式.单例.Test"/>
  <testcase name="service" time="0.000" classname="com.example.java设计模式.单例.Test"/>
  <testcase name="service" time="0.003" classname="com.example.java设计模式.单例.Test"/>
  <testcase name="service" time="0.001" classname="com.example.java设计模式.单例.Test"/>
  <testcase name="service" time="64.815" classname="com.example.java设计模式.单例.Test"/>
  <testcase name="service" time="1.854" classname="com.example.java设计模式.单例.Test"/>
  <testcase name="service" time="0.115" classname="com.example.java设计模式.单例.Test"/>
  <testcase name="service" time="65.000" classname="com.example.java设计模式.单例.Test"/>
  <testcase name="service" time="0.567" classname="com.example.java设计模式.单例.Test"/>
  <testcase name="service" time="0.596" classname="com.example.java设计模式.单例.Test"/>
  <testcase name="service" time="7.897" classname="com.example.java设计模式.单例.Test"/>
  <testcase name="service" time="0.166" classname="com.example.java设计模式.单例.Test"/>
  <testcase name="service" time="0.187" classname="com.example.java设计模式.单例.Test"/>
  <testcase name="service" time="0.009" classname="com.example.java设计模式.单例.Test"/>
  <testcase name="service" time="0.437" classname="com.example.java设计模式.单例.Test"/>
  <testcase name="service" time="0.000" classname="com.example.java设计模式.单例.Test"/>
  <testcase name="service" time="0.000" classname="com.example.java设计模式.单例.Test"/>
  <testcase name="service" time="0.001" classname="com.example.java设计模式.单例.Test"/>
  <testcase name="service" time="0.000" classname="com.example.java设计模式.单例.Test"/>
  <testcase name="service" time="0.001" classname="com.example.java设计模式.单例.Test"/>
  <testcase name="service" time="0.647" classname="com.example.java设计模式.单例.Test"/>
  <testcase name="service" time="0.000" classname="com.example.java设计模式.单例.Test"/>
  <testcase name="service" time="0.000" classname="com.example.java设计模式.单例.Test"/>
  <testcase name="service" time="0.837" classname="com.example.java设计模式.单例.Test"/>
  <testcase name="service" time="0.478" classname="com.example.java设计模式.单例.Test"/>
  <testcase name="service" time="8.131" classname="com.example.java设计模式.单例.Test"/>
  <testcase name="service" time="0.504" classname="com.example.java设计模式.单例.Test"/>
  <testcase name="service" time="0.000" classname="com.example.java设计模式.单例.Test"/>
  <testcase name="service" time="0.000" classname="com.example.java设计模式.单例.Test"/>
  <testcase name="service" time="0.001" classname="com.example.java设计模式.单例.Test"/>
  <testcase name="service" time="0.019" classname="com.example.java设计模式.单例.Test"/>
  <testcase name="service" time="0.362" classname="com.example.java设计模式.单例.Test"/>
  <testcase name="service" time="0.001" classname="com.example.java设计模式.单例.Test"/>
  <testcase name="service" time="0.266" classname="com.example.java设计模式.单例.Test"/>
  <testcase name="service" time="0.000" classname="com.example.java设计模式.单例.Test"/>
  <testcase name="service" time="0.282" classname="com.example.java设计模式.单例.Test"/>
  <testcase name="service" time="0.000" classname="com.example.java设计模式.单例.Test"/>
  <testcase name="service" time="0.732" classname="com.example.java设计模式.单例.Test"/>
  <testcase name="service" time="0.000" classname="com.example.java设计模式.单例.Test"/>
  <testcase name="service" time="1.938" classname="com.example.java设计模式.单例.Test"/>
  <testcase name="service" time="0.000" classname="com.example.java设计模式.单例.Test"/>
  <testcase name="service" time="0.000" classname="com.example.java设计模式.单例.Test"/>
  <testcase name="service" time="0.000" classname="com.example.java设计模式.单例.Test"/>
  <testcase name="service" time="0.000" classname="com.example.java设计模式.单例.Test"/>
  <testcase name="service" time="0.001" classname="com.example.java设计模式.单例.Test"/>
  <testcase name="service" time="0.001" classname="com.example.java设计模式.单例.Test"/>
  <testcase name="service" time="0.000" classname="com.example.java设计模式.单例.Test"/>
  <testcase name="service" time="0.000" classname="com.example.java设计模式.单例.Test"/>
  <testcase name="service" time="0.001" classname="com.example.java设计模式.单例.Test"/>
  <testcase name="service" time="64.866" classname="com.example.java设计模式.单例.Test"/>
  <testcase name="service" time="6.581" classname="com.example.java设计模式.单例.Test"/>
  <testcase name="service" time="0.619" classname="com.example.java设计模式.单例.Test"/>
  <testcase name="service" time="0.000" classname="com.example.java设计模式.单例.Test"/>
  <testcase name="service" time="0.000" classname="com.example.java设计模式.单例.Test"/>
  <testcase name="service" time="1.326" classname="com.example.java设计模式.单例.Test"/>
  <testcase name="service" time="0.000" classname="com.example.java设计模式.单例.Test"/>
  <testcase name="service" time="0.111" classname="com.example.java设计模式.单例.Test"/>
  <testcase name="service" time="0.000" classname="com.example.java设计模式.单例.Test"/>
  <testcase name="service" time="0.743" classname="com.example.java设计模式.单例.Test"/>
  <testcase name="service" time="6.611" classname="com.example.java设计模式.单例.Test"/>
  <testcase name="service" time="0.000" classname="com.example.java设计模式.单例.Test"/>
  <testcase name="service" time="0.168" classname="com.example.java设计模式.单例.Test"/>
  <testcase name="service" time="0.600" classname="com.example.java设计模式.单例.Test"/>
  <testcase name="service" time="0.000" classname="com.example.java设计模式.单例.Test"/>
  <testcase name="service" time="0.000" classname="com.example.java设计模式.单例.Test"/>
  <testcase name="service" time="0.852" classname="com.example.java设计模式.单例.Test"/>
  <testcase name="service" time="0.000" classname="com.example.java设计模式.单例.Test"/>
  <testcase name="service" time="0.488" classname="com.example.java设计模式.单例.Test"/>
  <testcase name="service" time="0.083" classname="com.example.java设计模式.单例.Test"/>
  <testcase name="service" time="0.000" classname="com.example.java设计模式.单例.Test"/>
  <testcase name="service" time="0.000" classname="com.example.java设计模式.单例.Test"/>
  <testcase name="service" time="0.001" classname="com.example.java设计模式.单例.Test"/>
  <testcase name="service" time="0.038" classname="com.example.java设计模式.单例.Test"/>
  <testcase name="service" time="0.000" classname="com.example.java设计模式.单例.Test"/>
  <testcase name="service" time="0.001" classname="com.example.java设计模式.单例.Test"/>
  <testcase name="service" time="6.328" classname="com.example.java设计模式.单例.Test"/>
  <testcase name="service" time="0.000" classname="com.example.java设计模式.单例.Test"/>
  <testcase name="service" time="64.946" classname="com.example.java设计模式.单例.Test"/>
  <testcase name="service" time="0.000" classname="com.example.java设计模式.单例.Test"/>
  <testcase name="service" time="1.308" classname="com.example.java设计模式.单例.Test"/>
  <testcase name="service" time="7.914" classname="com.example.java设计模式.单例.Test"/>
  <testcase name="service" time="64.960" classname="com.example.java设计模式.单例.Test"/>
  <testcase name="service" time="0.367" classname="com.example.java设计模式.单例.Test"/>
  <testcase name="service" time="8.293" classname="com.example.java设计模式.单例.Test"/>
  <testcase name="service" time="1.011" classname="com.example.java设计模式.单例.Test"/>
  <testcase name="service" time="0.116" classname="com.example.java设计模式.单例.Test"/>
  <testcase name="service" time="1.457" classname="com.example.java设计模式.单例.Test"/>
  <testcase name="service" time="0.818" classname="com.example.java设计模式.单例.Test"/>
  <testcase name="service" time="0.000" classname="com.example.java设计模式.单例.Test"/>
  <testcase name="service" time="0.000" classname="com.example.java设计模式.单例.Test"/>
  <testcase name="service" time="1.361" classname="com.example.java设计模式.单例.Test"/>
  <testcase name="service" time="0.757" classname="com.example.java设计模式.单例.Test"/>
  <testcase name="service" time="0.000" classname="com.example.java设计模式.单例.Test"/>
  <testcase name="service" time="0.000" classname="com.example.java设计模式.单例.Test"/>
  <testcase name="service" time="0.001" classname="com.example.java设计模式.单例.Test"/>
  <testcase name="service" time="0.731" classname="com.example.java设计模式.单例.Test"/>
  <testcase name="service" time="0.001" classname="com.example.java设计模式.单例.Test"/>
  <testcase name="service" time="6.424" classname="com.example.java设计模式.单例.Test"/>
  <testcase name="service" time="0.272" classname="com.example.java设计模式.单例.Test"/>
  <testcase name="service" time="0.000" classname="com.example.java设计模式.单例.Test"/>
  <testcase name="service" time="0.002" classname="com.example.java设计模式.单例.Test"/>
  <testcase name="service" time="1.200" classname="com.example.java设计模式.单例.Test"/>
  <testcase name="service" time="0.000" classname="com.example.java设计模式.单例.Test"/>
  <testcase name="service" time="0.510" classname="com.example.java设计模式.单例.Test"/>
  <testcase name="service" time="0.572" classname="com.example.java设计模式.单例.Test"/>
  <testcase name="service" time="1.403" classname="com.example.java设计模式.单例.Test"/>
  <testcase name="service" time="0.001" classname="com.example.java设计模式.单例.Test"/>
  <testcase name="service" time="64.895" classname="com.example.java设计模式.单例.Test"/>
  <testcase name="service" time="0.102" classname="com.example.java设计模式.单例.Test"/>
  <testcase name="service" time="0.001" classname="com.example.java设计模式.单例.Test"/>
  <testcase name="service" time="1.350" classname="com.example.java设计模式.单例.Test"/>
  <testcase name="service" time="0.001" classname="com.example.java设计模式.单例.Test"/>
  <testcase name="service" time="0.431" classname="com.example.java设计模式.单例.Test"/>
  <testcase name="service" time="0.000" classname="com.example.java设计模式.单例.Test"/>
  <testcase name="service" time="0.962" classname="com.example.java设计模式.单例.Test"/>
  <testcase name="service" time="0.001" classname="com.example.java设计模式.单例.Test"/>
  <testcase name="service" time="0.000" classname="com.example.java设计模式.单例.Test"/>
  <testcase name="service" time="0.296" classname="com.example.java设计模式.单例.Test"/>
  <testcase name="service" time="0.120" classname="com.example.java设计模式.单例.Test"/>
  <testcase name="service" time="0.652" classname="com.example.java设计模式.单例.Test"/>
  <testcase name="service" time="0.000" classname="com.example.java设计模式.单例.Test"/>
  <testcase name="service" time="0.000" classname="com.example.java设计模式.单例.Test"/>
  <testcase name="service" time="0.238" classname="com.example.java设计模式.单例.Test"/>
  <testcase name="service" time="0.000" classname="com.example.java设计模式.单例.Test"/>
  <testcase name="service" time="7.740" classname="com.example.java设计模式.单例.Test"/>
  <testcase name="service" time="0.905" classname="com.example.java设计模式.单例.Test"/>
  <testcase name="service" time="0.000" classname="com.example.java设计模式.单例.Test"/>
  <testcase name="service" time="0.000" classname="com.example.java设计模式.单例.Test"/>
  <testcase name="service" time="0.000" classname="com.example.java设计模式.单例.Test"/>
  <testcase name="service" time="0.000" classname="com.example.java设计模式.单例.Test"/>
  <testcase name="service" time="0.000" classname="com.example.java设计模式.单例.Test"/>
  <testcase name="service" time="0.001" classname="com.example.java设计模式.单例.Test"/>
  <testcase name="service" time="0.001" classname="com.example.java设计模式.单例.Test"/>
  <testcase name="service" time="0.000" classname="com.example.java设计模式.单例.Test"/>
  <testcase name="service" time="0.000" classname="com.example.java设计模式.单例.Test"/>
  <testcase name="service" time="0.852" classname="com.example.java设计模式.单例.Test"/>
  <testcase name="service" time="0.018" classname="com.example.java设计模式.单例.Test"/>
  <testcase name="service" time="5.144" classname="com.example.java设计模式.单例.Test"/>
  <testcase name="service" time="0.001" classname="com.example.java设计模式.单例.Test"/>
  <testcase name="service" time="0.558" classname="com.example.java设计模式.单例.Test"/>
  <testcase name="service" time="0.610" classname="com.example.java设计模式.单例.Test"/>
  <testcase name="service" time="0.000" classname="com.example.java设计模式.单例.Test"/>
  <testcase name="service" time="1.118" classname="com.example.java设计模式.单例.Test"/>
  <testcase name="service" time="0.001" classname="com.example.java设计模式.单例.Test"/>
  <testcase name="service" time="0.484" classname="com.example.java设计模式.单例.Test"/>
  <testcase name="service" time="0.000" classname="com.example.java设计模式.单例.Test"/>
  <testcase name="service" time="0.099" classname="com.example.java设计模式.单例.Test"/>
  <testcase name="service" time="0.039" classname="com.example.java设计模式.单例.Test"/>
  <testcase name="service" time="0.000" classname="com.example.java设计模式.单例.Test"/>
  <testcase name="service" time="0.000" classname="com.example.java设计模式.单例.Test"/>
  <testcase name="service" time="0.001" classname="com.example.java设计模式.单例.Test"/>
  <testcase name="service" time="64.685" classname="com.example.java设计模式.单例.Test"/>
  <testcase name="service" time="0.747" classname="com.example.java设计模式.单例.Test"/>
  <testcase name="service" time="0.689" classname="com.example.java设计模式.单例.Test"/>
  <testcase name="service" time="0.580" classname="com.example.java设计模式.单例.Test"/>
  <testcase name="service" time="0.227" classname="com.example.java设计模式.单例.Test"/>
  <testcase name="service" time="0.000" classname="com.example.java设计模式.单例.Test"/>
  <testcase name="service" time="0.000" classname="com.example.java设计模式.单例.Test"/>
  <testcase name="service" time="1.113" classname="com.example.java设计模式.单例.Test"/>
  <testcase name="service" time="0.001" classname="com.example.java设计模式.单例.Test"/>
  <testcase name="service" time="0.000" classname="com.example.java设计模式.单例.Test"/>
  <testcase name="service" time="0.000" classname="com.example.java设计模式.单例.Test"/>
  <testcase name="service" time="0.358" classname="com.example.java设计模式.单例.Test"/>
  <testcase name="service" time="1.379" classname="com.example.java设计模式.单例.Test"/>
  <testcase name="service" time="0.000" classname="com.example.java设计模式.单例.Test"/>
  <testcase name="service" time="0.449" classname="com.example.java设计模式.单例.Test"/>
  <testcase name="service" time="0.000" classname="com.example.java设计模式.单例.Test"/>
  <testcase name="service" time="0.356" classname="com.example.java设计模式.单例.Test"/>
  <testcase name="service" time="0.000" classname="com.example.java设计模式.单例.Test"/>
  <testcase name="service" time="0.025" classname="com.example.java设计模式.单例.Test"/>
  <testcase name="service" time="0.000" classname="com.example.java设计模式.单例.Test"/>
  <testcase name="service" time="0.000" classname="com.example.java设计模式.单例.Test"/>
  <testcase name="service" time="0.276" classname="com.example.java设计模式.单例.Test"/>
  <testcase name="service" time="0.000" classname="com.example.java设计模式.单例.Test"/>
  <testcase name="service" time="0.000" classname="com.example.java设计模式.单例.Test"/>
  <testcase name="service" time="0.134" classname="com.example.java设计模式.单例.Test"/>
  <testcase name="service" time="0.662" classname="com.example.java设计模式.单例.Test"/>
  <testcase name="service" time="0.001" classname="com.example.java设计模式.单例.Test"/>
  <testcase name="service" time="0.000" classname="com.example.java设计模式.单例.Test"/>
  <testcase name="service" time="0.212" classname="com.example.java设计模式.单例.Test"/>
  <testcase name="service" time="0.000" classname="com.example.java设计模式.单例.Test"/>
  <testcase name="service" time="0.836" classname="com.example.java设计模式.单例.Test"/>
  <testcase name="service" time="0.299" classname="com.example.java设计模式.单例.Test"/>
  <testcase name="service" time="0.001" classname="com.example.java设计模式.单例.Test"/>
  <testcase name="service" time="0.001" classname="com.example.java设计模式.单例.Test"/>
  <testcase name="service" time="0.000" classname="com.example.java设计模式.单例.Test"/>
  <testcase name="service" time="0.000" classname="com.example.java设计模式.单例.Test"/>
  <testcase name="service" time="0.000" classname="com.example.java设计模式.单例.Test"/>
  <testcase name="service" time="0.000" classname="com.example.java设计模式.单例.Test"/>
  <testcase name="service" time="0.741" classname="com.example.java设计模式.单例.Test"/>
  <testcase name="service" time="0.000" classname="com.example.java设计模式.单例.Test"/>
  <testcase name="service" time="0.000" classname="com.example.java设计模式.单例.Test"/>
  <testcase name="service" time="0.230" classname="com.example.java设计模式.单例.Test"/>
  <testcase name="service" time="0.000" classname="com.example.java设计模式.单例.Test"/>
  <testcase name="service" time="0.000" classname="com.example.java设计模式.单例.Test"/>
  <testcase name="service" time="0.001" classname="com.example.java设计模式.单例.Test"/>
  <testcase name="service" time="0.000" classname="com.example.java设计模式.单例.Test"/>
  <testcase name="service" time="0.000" classname="com.example.java设计模式.单例.Test"/>
  <testcase name="service" time="0.001" classname="com.example.java设计模式.单例.Test"/>
  <testcase name="service" time="0.066" classname="com.example.java设计模式.单例.Test"/>
  <testcase name="service" time="0.000" classname="com.example.java设计模式.单例.Test"/>
  <testcase name="service" time="0.000" classname="com.example.java设计模式.单例.Test"/>
  <testcase name="service" time="1.265" classname="com.example.java设计模式.单例.Test"/>
  <testcase name="service" time="0.001" classname="com.example.java设计模式.单例.Test"/>
  <testcase name="service" time="0.000" classname="com.example.java设计模式.单例.Test"/>
  <testcase name="service" time="0.000" classname="com.example.java设计模式.单例.Test"/>
  <testcase name="service" time="0.000" classname="com.example.java设计模式.单例.Test"/>
  <testcase name="service" time="0.002" classname="com.example.java设计模式.单例.Test"/>
  <testcase name="service" time="0.116" classname="com.example.java设计模式.单例.Test"/>
  <testcase name="service" time="0.000" classname="com.example.java设计模式.单例.Test"/>
  <testcase name="service" time="0.671" classname="com.example.java设计模式.单例.Test"/>
  <testcase name="service" time="0.476" classname="com.example.java设计模式.单例.Test"/>
  <testcase name="service" time="0.000" classname="com.example.java设计模式.单例.Test"/>
  <testcase name="service" time="1.242" classname="com.example.java设计模式.单例.Test"/>
  <testcase name="service" time="0.001" classname="com.example.java设计模式.单例.Test"/>
  <testcase name="service" time="0.394" classname="com.example.java设计模式.单例.Test"/>
  <testcase name="service" time="7.927" classname="com.example.java设计模式.单例.Test"/>
  <testcase name="service" time="1.307" classname="com.example.java设计模式.单例.Test"/>
  <testcase name="service" time="6.168" classname="com.example.java设计模式.单例.Test"/>
  <testcase name="service" time="0.000" classname="com.example.java设计模式.单例.Test"/>
  <testcase name="service" time="0.001" classname="com.example.java设计模式.单例.Test"/>
  <testcase name="service" time="1.100" classname="com.example.java设计模式.单例.Test"/>
  <testcase name="service" time="0.001" classname="com.example.java设计模式.单例.Test"/>
  <testcase name="service" time="0.003" classname="com.example.java设计模式.单例.Test"/>
  <testcase name="service" time="0.388" classname="com.example.java设计模式.单例.Test"/>
  <testcase name="service" time="0.000" classname="com.example.java设计模式.单例.Test"/>
  <testcase name="service" time="0.000" classname="com.example.java设计模式.单例.Test"/>
  <testcase name="service" time="64.525" classname="com.example.java设计模式.单例.Test"/>
  <testcase name="service" time="0.945" classname="com.example.java设计模式.单例.Test"/>
  <testcase name="service" time="6.355" classname="com.example.java设计模式.单例.Test"/>
  <testcase name="service" time="0.073" classname="com.example.java设计模式.单例.Test"/>
  <testcase name="service" time="0.989" classname="com.example.java设计模式.单例.Test"/>
  <testcase name="service" time="0.000" classname="com.example.java设计模式.单例.Test"/>
  <testcase name="service" time="0.000" classname="com.example.java设计模式.单例.Test"/>
  <testcase name="service" time="0.295" classname="com.example.java设计模式.单例.Test"/>
  <testcase name="service" time="0.000" classname="com.example.java设计模式.单例.Test"/>
  <testcase name="service" time="0.001" classname="com.example.java设计模式.单例.Test"/>
  <testcase name="service" time="0.000" classname="com.example.java设计模式.单例.Test"/>
  <testcase name="service" time="0.001" classname="com.example.java设计模式.单例.Test"/>
  <testcase name="service" time="0.000" classname="com.example.java设计模式.单例.Test"/>
  <testcase name="service" time="0.000" classname="com.example.java设计模式.单例.Test"/>
  <testcase name="service" time="0.000" classname="com.example.java设计模式.单例.Test"/>
  <testcase name="service" time="0.000" classname="com.example.java设计模式.单例.Test"/>
  <testcase name="service" time="0.000" classname="com.example.java设计模式.单例.Test"/>
  <testcase name="service" time="0.001" classname="com.example.java设计模式.单例.Test"/>
  <testcase name="service" time="0.001" classname="com.example.java设计模式.单例.Test"/>
  <testcase name="service" time="0.000" classname="com.example.java设计模式.单例.Test"/>
  <testcase name="service" time="0.000" classname="com.example.java设计模式.单例.Test"/>
  <testcase name="service" time="0.157" classname="com.example.java设计模式.单例.Test"/>
  <testcase name="service" time="0.081" classname="com.example.java设计模式.单例.Test"/>
  <testcase name="service" time="0.127" classname="com.example.java设计模式.单例.Test"/>
  <testcase name="service" time="0.000" classname="com.example.java设计模式.单例.Test"/>
  <testcase name="service" time="0.132" classname="com.example.java设计模式.单例.Test"/>
  <testcase name="service" time="0.489" classname="com.example.java设计模式.单例.Test"/>
  <testcase name="service" time="0.911" classname="com.example.java设计模式.单例.Test"/>
  <testcase name="service" time="0.000" classname="com.example.java设计模式.单例.Test"/>
  <testcase name="service" time="0.000" classname="com.example.java设计模式.单例.Test"/>
  <testcase name="service" time="1.492" classname="com.example.java设计模式.单例.Test"/>
  <testcase name="service" time="0.000" classname="com.example.java设计模式.单例.Test"/>
  <testcase name="service" time="0.820" classname="com.example.java设计模式.单例.Test"/>
  <testcase name="service" time="0.000" classname="com.example.java设计模式.单例.Test"/>
  <testcase name="service" time="7.998" classname="com.example.java设计模式.单例.Test"/>
  <testcase name="service" time="8.383" classname="com.example.java设计模式.单例.Test"/>
  <testcase name="service" time="0.450" classname="com.example.java设计模式.单例.Test"/>
  <testcase name="service" time="0.001" classname="com.example.java设计模式.单例.Test"/>
  <testcase name="service" time="0.477" classname="com.example.java设计模式.单例.Test"/>
  <testcase name="service" time="5.714" classname="com.example.java设计模式.单例.Test"/>
  <testcase name="service" time="0.000" classname="com.example.java设计模式.单例.Test"/>
  <testcase name="service" time="0.000" classname="com.example.java设计模式.单例.Test"/>
  <testcase name="service" time="0.001" classname="com.example.java设计模式.单例.Test"/>
  <testcase name="service" time="6.407" classname="com.example.java设计模式.单例.Test"/>
  <testcase name="service" time="0.195" classname="com.example.java设计模式.单例.Test"/>
  <testcase name="service" time="1.302" classname="com.example.java设计模式.单例.Test"/>
  <testcase name="service" time="0.000" classname="com.example.java设计模式.单例.Test"/>
  <testcase name="service" time="0.000" classname="com.example.java设计模式.单例.Test"/>
  <testcase name="service" time="0.000" classname="com.example.java设计模式.单例.Test"/>
  <testcase name="service" time="0.001" classname="com.example.java设计模式.单例.Test"/>
  <testcase name="service" time="64.990" classname="com.example.java设计模式.单例.Test"/>
  <testcase name="service" time="1.103" classname="com.example.java设计模式.单例.Test"/>
  <testcase name="service" time="0.026" classname="com.example.java设计模式.单例.Test"/>
  <testcase name="service" time="0.000" classname="com.example.java设计模式.单例.Test"/>
  <testcase name="service" time="5.142" classname="com.example.java设计模式.单例.Test"/>
  <testcase name="service" time="0.000" classname="com.example.java设计模式.单例.Test"/>
  <testcase name="service" time="0.001" classname="com.example.java设计模式.单例.Test"/>
  <testcase name="service" time="0.000" classname="com.example.java设计模式.单例.Test"/>
  <testcase name="service" time="0.173" classname="com.example.java设计模式.单例.Test"/>
  <testcase name="service" time="64.632" classname="com.example.java设计模式.单例.Test"/>
  <testcase name="service" time="0.440" classname="com.example.java设计模式.单例.Test"/>
  <testcase name="service" time="0.000" classname="com.example.java设计模式.单例.Test"/>
  <testcase name="service" time="0.000" classname="com.example.java设计模式.单例.Test"/>
  <testcase name="service" time="0.851" classname="com.example.java设计模式.单例.Test"/>
  <testcase name="service" time="0.000" classname="com.example.java设计模式.单例.Test"/>
  <testcase name="service" time="0.237" classname="com.example.java设计模式.单例.Test"/>
  <testcase name="service" time="0.496" classname="com.example.java设计模式.单例.Test"/>
  <testcase name="service" time="1.433" classname="com.example.java设计模式.单例.Test"/>
  <testcase name="service" time="0.041" classname="com.example.java设计模式.单例.Test"/>
  <testcase name="service" time="0.000" classname="com.example.java设计模式.单例.Test"/>
  <testcase name="service" time="0.000" classname="com.example.java设计模式.单例.Test"/>
  <testcase name="service" time="0.001" classname="com.example.java设计模式.单例.Test"/>
  <testcase name="service" time="0.000" classname="com.example.java设计模式.单例.Test"/>
  <testcase name="service" time="0.000" classname="com.example.java设计模式.单例.Test"/>
  <testcase name="service" time="0.000" classname="com.example.java设计模式.单例.Test"/>
  <testcase name="service" time="0.000" classname="com.example.java设计模式.单例.Test"/>
  <testcase name="service" time="0.213" classname="com.example.java设计模式.单例.Test"/>
  <testcase name="service" time="0.471" classname="com.example.java设计模式.单例.Test"/>
  <testcase name="service" time="0.002" classname="com.example.java设计模式.单例.Test"/>
  <testcase name="service" time="1.272" classname="com.example.java设计模式.单例.Test"/>
  <testcase name="service" time="0.000" classname="com.example.java设计模式.单例.Test"/>
  <testcase name="service" time="0.130" classname="com.example.java设计模式.单例.Test"/>
  <testcase name="service" time="0.243" classname="com.example.java设计模式.单例.Test"/>
  <testcase name="service" time="0.939" classname="com.example.java设计模式.单例.Test"/>
  <testcase name="service" time="0.000" classname="com.example.java设计模式.单例.Test"/>
  <testcase name="service" time="0.000" classname="com.example.java设计模式.单例.Test"/>
  <testcase name="service" time="0.000" classname="com.example.java设计模式.单例.Test"/>
  <testcase name="service" time="0.000" classname="com.example.java设计模式.单例.Test"/>
  <testcase name="service" time="7.859" classname="com.example.java设计模式.单例.Test"/>
  <testcase name="service" time="0.001" classname="com.example.java设计模式.单例.Test"/>
  <testcase name="service" time="0.471" classname="com.example.java设计模式.单例.Test"/>
  <testcase name="service" time="0.278" classname="com.example.java设计模式.单例.Test"/>
  <testcase name="service" time="0.007" classname="com.example.java设计模式.单例.Test"/>
  <testcase name="service" time="0.061" classname="com.example.java设计模式.单例.Test"/>
  <testcase name="service" time="0.108" classname="com.example.java设计模式.单例.Test"/>
  <testcase name="service" time="0.094" classname="com.example.java设计模式.单例.Test"/>
  <testcase name="service" time="0.000" classname="com.example.java设计模式.单例.Test"/>
  <testcase name="service" time="0.000" classname="com.example.java设计模式.单例.Test"/>
  <testcase name="service" time="0.000" classname="com.example.java设计模式.单例.Test"/>
  <testcase name="service" time="0.947" classname="com.example.java设计模式.单例.Test"/>
  <testcase name="service" time="0.000" classname="com.example.java设计模式.单例.Test"/>
  <testcase name="service" time="0.000" classname="com.example.java设计模式.单例.Test"/>
  <testcase name="service" time="0.114" classname="com.example.java设计模式.单例.Test"/>
  <testcase name="service" time="0.048" classname="com.example.java设计模式.单例.Test"/>
  <testcase name="service" time="0.000" classname="com.example.java设计模式.单例.Test"/>
  <testcase name="service" time="0.296" classname="com.example.java设计模式.单例.Test"/>
  <testcase name="service" time="0.115" classname="com.example.java设计模式.单例.Test"/>
  <testcase name="service" time="0.486" classname="com.example.java设计模式.单例.Test"/>
  <testcase name="service" time="0.000" classname="com.example.java设计模式.单例.Test"/>
  <testcase name="service" time="0.000" classname="com.example.java设计模式.单例.Test"/>
  <testcase name="service" time="1.007" classname="com.example.java设计模式.单例.Test"/>
  <testcase name="service" time="0.512" classname="com.example.java设计模式.单例.Test"/>
  <testcase name="service" time="0.000" classname="com.example.java设计模式.单例.Test"/>
  <testcase name="service" time="0.000" classname="com.example.java设计模式.单例.Test"/>
  <testcase name="service" time="0.000" classname="com.example.java设计模式.单例.Test"/>
  <testcase name="service" time="6.609" classname="com.example.java设计模式.单例.Test"/>
  <testcase name="service" time="0.988" classname="com.example.java设计模式.单例.Test"/>
  <testcase name="service" time="0.001" classname="com.example.java设计模式.单例.Test"/>
  <testcase name="service" time="0.616" classname="com.example.java设计模式.单例.Test"/>
  <testcase name="service" time="0.121" classname="com.example.java设计模式.单例.Test"/>
  <testcase name="service" time="0.450" classname="com.example.java设计模式.单例.Test"/>
  <testcase name="service" time="0.000" classname="com.example.java设计模式.单例.Test"/>
  <testcase name="service" time="0.173" classname="com.example.java设计模式.单例.Test"/>
  <testcase name="service" time="1.012" classname="com.example.java设计模式.单例.Test"/>
  <testcase name="service" time="0.000" classname="com.example.java设计模式.单例.Test"/>
  <testcase name="service" time="0.196" classname="com.example.java设计模式.单例.Test"/>
  <testcase name="service" time="0.200" classname="com.example.java设计模式.单例.Test"/>
  <testcase name="service" time="1.140" classname="com.example.java设计模式.单例.Test"/>
  <testcase name="service" time="0.000" classname="com.example.java设计模式.单例.Test"/>
  <testcase name="service" time="4.730" classname="com.example.java设计模式.单例.Test"/>
  <testcase name="service" time="0.000" classname="com.example.java设计模式.单例.Test"/>
  <testcase name="service" time="0.000" classname="com.example.java设计模式.单例.Test"/>
  <testcase name="service" time="0.000" classname="com.example.java设计模式.单例.Test"/>
  <testcase name="service" time="0.041" classname="com.example.java设计模式.单例.Test"/>
  <testcase name="service" time="0.001" classname="com.example.java设计模式.单例.Test"/>
  <testcase name="service" time="0.426" classname="com.example.java设计模式.单例.Test"/>
  <testcase name="service" time="0.000" classname="com.example.java设计模式.单例.Test"/>
  <testcase name="service" time="0.000" classname="com.example.java设计模式.单例.Test"/>
  <testcase name="service" time="0.000" classname="com.example.java设计模式.单例.Test"/>
  <testcase name="service" time="6.545" classname="com.example.java设计模式.单例.Test"/>
  <testcase name="service" time="0.000" classname="com.example.java设计模式.单例.Test"/>
  <testcase name="service" time="0.000" classname="com.example.java设计模式.单例.Test"/>
  <testcase name="service" time="0.000" classname="com.example.java设计模式.单例.Test"/>
  <testcase name="service" time="0.000" classname="com.example.java设计模式.单例.Test"/>
  <testcase name="service" time="0.000" classname="com.example.java设计模式.单例.Test"/>
  <testcase name="service" time="0.397" classname="com.example.java设计模式.单例.Test"/>
  <testcase name="service" time="6.926" classname="com.example.java设计模式.单例.Test"/>
  <testcase name="service" time="0.001" classname="com.example.java设计模式.单例.Test"/>
  <testcase name="service" time="0.966" classname="com.example.java设计模式.单例.Test"/>
  <testcase name="service" time="0.000" classname="com.example.java设计模式.单例.Test"/>
  <testcase name="service" time="0.000" classname="com.example.java设计模式.单例.Test"/>
  <testcase name="service" time="0.093" classname="com.example.java设计模式.单例.Test"/>
  <testcase name="service" time="0.000" classname="com.example.java设计模式.单例.Test"/>
  <testcase name="service" time="0.203" classname="com.example.java设计模式.单例.Test"/>
  <testcase name="service" time="0.059" classname="com.example.java设计模式.单例.Test"/>
  <testcase name="service" time="0.079" classname="com.example.java设计模式.单例.Test"/>
  <testcase name="service" time="64.442" classname="com.example.java设计模式.单例.Test"/>
  <testcase name="service" time="0.001" classname="com.example.java设计模式.单例.Test"/>
  <testcase name="service" time="0.000" classname="com.example.java设计模式.单例.Test"/>
  <testcase name="service" time="0.594" classname="com.example.java设计模式.单例.Test"/>
  <testcase name="service" time="8.290" classname="com.example.java设计模式.单例.Test"/>
  <testcase name="service" time="0.000" classname="com.example.java设计模式.单例.Test"/>
  <testcase name="service" time="0.000" classname="com.example.java设计模式.单例.Test"/>
  <testcase name="service" time="0.000" classname="com.example.java设计模式.单例.Test"/>
  <testcase name="service" time="0.172" classname="com.example.java设计模式.单例.Test"/>
  <testcase name="service" time="0.001" classname="com.example.java设计模式.单例.Test"/>
  <testcase name="service" time="0.637" classname="com.example.java设计模式.单例.Test"/>
  <testcase name="service" time="0.000" classname="com.example.java设计模式.单例.Test"/>
  <testcase name="service" time="0.271" classname="com.example.java设计模式.单例.Test"/>
  <testcase name="service" time="0.027" classname="com.example.java设计模式.单例.Test"/>
  <testcase name="service" time="0.127" classname="com.example.java设计模式.单例.Test"/>
  <testcase name="service" time="0.000" classname="com.example.java设计模式.单例.Test"/>
  <testcase name="service" time="0.218" classname="com.example.java设计模式.单例.Test"/>
  <testcase name="service" time="0.416" classname="com.example.java设计模式.单例.Test"/>
  <testcase name="service" time="0.666" classname="com.example.java设计模式.单例.Test"/>
  <testcase name="service" time="0.000" classname="com.example.java设计模式.单例.Test"/>
  <testcase name="service" time="0.000" classname="com.example.java设计模式.单例.Test"/>
  <testcase name="service" time="0.000" classname="com.example.java设计模式.单例.Test"/>
  <testcase name="service" time="0.014" classname="com.example.java设计模式.单例.Test"/>
  <testcase name="service" time="0.236" classname="com.example.java设计模式.单例.Test"/>
  <testcase name="service" time="0.001" classname="com.example.java设计模式.单例.Test"/>
  <testcase name="service" time="7.755" classname="com.example.java设计模式.单例.Test"/>
  <testcase name="service" time="1.330" classname="com.example.java设计模式.单例.Test"/>
  <testcase name="service" time="0.000" classname="com.example.java设计模式.单例.Test"/>
  <testcase name="service" time="0.001" classname="com.example.java设计模式.单例.Test"/>
  <testcase name="service" time="0.737" classname="com.example.java设计模式.单例.Test"/>
  <testcase name="service" time="0.398" classname="com.example.java设计模式.单例.Test"/>
  <testcase name="service" time="0.000" classname="com.example.java设计模式.单例.Test"/>
  <testcase name="service" time="0.000" classname="com.example.java设计模式.单例.Test"/>
  <testcase name="service" time="0.000" classname="com.example.java设计模式.单例.Test"/>
  <testcase name="service" time="1.197" classname="com.example.java设计模式.单例.Test"/>
  <testcase name="service" time="0.000" classname="com.example.java设计模式.单例.Test"/>
  <testcase name="service" time="0.562" classname="com.example.java设计模式.单例.Test"/>
  <testcase name="service" time="0.000" classname="com.example.java设计模式.单例.Test"/>
  <testcase name="service" time="1.259" classname="com.example.java设计模式.单例.Test"/>
  <testcase name="service" time="0.899" classname="com.example.java设计模式.单例.Test"/>
  <testcase name="service" time="0.000" classname="com.example.java设计模式.单例.Test"/>
  <testcase name="service" time="0.575" classname="com.example.java设计模式.单例.Test"/>
  <testcase name="service" time="0.432" classname="com.example.java设计模式.单例.Test"/>
  <testcase name="service" time="0.106" classname="com.example.java设计模式.单例.Test"/>
  <testcase name="service" time="0.475" classname="com.example.java设计模式.单例.Test"/>
  <testcase name="service" time="0.121" classname="com.example.java设计模式.单例.Test"/>
  <testcase name="service" time="0.000" classname="com.example.java设计模式.单例.Test"/>
  <testcase name="service" time="0.070" classname="com.example.java设计模式.单例.Test"/>
  <testcase name="service" time="1.019" classname="com.example.java设计模式.单例.Test"/>
  <testcase name="service" time="0.025" classname="com.example.java设计模式.单例.Test"/>
  <testcase name="service" time="0.817" classname="com.example.java设计模式.单例.Test"/>
  <testcase name="service" time="7.798" classname="com.example.java设计模式.单例.Test"/>
  <testcase name="service" time="0.176" classname="com.example.java设计模式.单例.Test"/>
  <testcase name="service" time="0.755" classname="com.example.java设计模式.单例.Test"/>
  <testcase name="service" time="1.102" classname="com.example.java设计模式.单例.Test"/>
  <testcase name="service" time="0.000" classname="com.example.java设计模式.单例.Test"/>
  <testcase name="service" time="0.325" classname="com.example.java设计模式.单例.Test"/>
  <testcase name="service" time="0.000" classname="com.example.java设计模式.单例.Test"/>
  <testcase name="service" time="0.273" classname="com.example.java设计模式.单例.Test"/>
  <testcase name="service" time="0.000" classname="com.example.java设计模式.单例.Test"/>
  <testcase name="service" time="0.023" classname="com.example.java设计模式.单例.Test"/>
  <testcase name="service" time="0.304" classname="com.example.java设计模式.单例.Test"/>
  <testcase name="service" time="1.211" classname="com.example.java设计模式.单例.Test"/>
  <testcase name="service" time="0.000" classname="com.example.java设计模式.单例.Test"/>
  <testcase name="service" time="0.070" classname="com.example.java设计模式.单例.Test"/>
  <testcase name="service" time="7.984" classname="com.example.java设计模式.单例.Test"/>
  <testcase name="service" time="7.470" classname="com.example.java设计模式.单例.Test"/>
  <testcase name="service" time="0.582" classname="com.example.java设计模式.单例.Test"/>
  <testcase name="service" time="0.000" classname="com.example.java设计模式.单例.Test"/>
  <testcase name="service" time="0.000" classname="com.example.java设计模式.单例.Test"/>
  <testcase name="service" time="0.000" classname="com.example.java设计模式.单例.Test"/>
  <testcase name="service" time="0.000" classname="com.example.java设计模式.单例.Test"/>
  <testcase name="service" time="0.001" classname="com.example.java设计模式.单例.Test"/>
  <testcase name="service" time="0.153" classname="com.example.java设计模式.单例.Test"/>
  <testcase name="service" time="7.849" classname="com.example.java设计模式.单例.Test"/>
  <testcase name="service" time="0.358" classname="com.example.java设计模式.单例.Test"/>
  <testcase name="service" time="0.000" classname="com.example.java设计模式.单例.Test"/>
  <testcase name="service" time="0.000" classname="com.example.java设计模式.单例.Test"/>
  <testcase name="service" time="0.077" classname="com.example.java设计模式.单例.Test"/>
  <testcase name="service" time="0.000" classname="com.example.java设计模式.单例.Test"/>
  <testcase name="service" time="1.224" classname="com.example.java设计模式.单例.Test"/>
  <testcase name="service" time="0.000" classname="com.example.java设计模式.单例.Test"/>
  <testcase name="service" time="0.856" classname="com.example.java设计模式.单例.Test"/>
  <testcase name="service" time="0.000" classname="com.example.java设计模式.单例.Test"/>
  <testcase name="service" time="0.991" classname="com.example.java设计模式.单例.Test"/>
  <testcase name="service" time="0.000" classname="com.example.java设计模式.单例.Test"/>
  <testcase name="service" time="0.000" classname="com.example.java设计模式.单例.Test"/>
  <testcase name="service" time="0.001" classname="com.example.java设计模式.单例.Test"/>
  <testcase name="service" time="6.312" classname="com.example.java设计模式.单例.Test"/>
  <testcase name="service" time="1.204" classname="com.example.java设计模式.单例.Test"/>
  <testcase name="service" time="0.001" classname="com.example.java设计模式.单例.Test"/>
  <testcase name="service" time="1.636" classname="com.example.java设计模式.单例.Test"/>
  <testcase name="service" time="0.000" classname="com.example.java设计模式.单例.Test"/>
  <testcase name="service" time="0.048" classname="com.example.java设计模式.单例.Test"/>
  <testcase name="service" time="0.000" classname="com.example.java设计模式.单例.Test"/>
  <testcase name="service" time="0.000" classname="com.example.java设计模式.单例.Test"/>
  <testcase name="service" time="0.000" classname="com.example.java设计模式.单例.Test"/>
  <testcase name="service" time="0.000" classname="com.example.java设计模式.单例.Test"/>
  <testcase name="service" time="0.000" classname="com.example.java设计模式.单例.Test"/>
  <testcase name="service" time="1.268" classname="com.example.java设计模式.单例.Test"/>
  <testcase name="service" time="0.919" classname="com.example.java设计模式.单例.Test"/>
  <testcase name="service" time="0.000" classname="com.example.java设计模式.单例.Test"/>
  <testcase name="service" time="0.000" classname="com.example.java设计模式.单例.Test"/>
  <testcase name="service" time="0.000" classname="com.example.java设计模式.单例.Test"/>
  <testcase name="service" time="0.000" classname="com.example.java设计模式.单例.Test"/>
  <testcase name="service" time="0.953" classname="com.example.java设计模式.单例.Test"/>
  <testcase name="service" time="0.001" classname="com.example.java设计模式.单例.Test"/>
  <testcase name="service" time="0.000" classname="com.example.java设计模式.单例.Test"/>
  <testcase name="service" time="1.051" classname="com.example.java设计模式.单例.Test"/>
  <testcase name="service" time="0.001" classname="com.example.java设计模式.单例.Test"/>
  <testcase name="service" time="0.745" classname="com.example.java设计模式.单例.Test"/>
  <testcase name="service" time="0.000" classname="com.example.java设计模式.单例.Test"/>
  <testcase name="service" time="0.000" classname="com.example.java设计模式.单例.Test"/>
  <testcase name="service" time="0.000" classname="com.example.java设计模式.单例.Test"/>
  <testcase name="service" time="0.000" classname="com.example.java设计模式.单例.Test"/>
  <testcase name="service" time="0.723" classname="com.example.java设计模式.单例.Test"/>
  <testcase name="service" time="0.795" classname="com.example.java设计模式.单例.Test"/>
  <testcase name="service" time="0.000" classname="com.example.java设计模式.单例.Test"/>
  <testcase name="service" time="0.000" classname="com.example.java设计模式.单例.Test"/>
  <testcase name="service" time="0.000" classname="com.example.java设计模式.单例.Test"/>
  <testcase name="service" time="0.680" classname="com.example.java设计模式.单例.Test"/>
  <testcase name="service" time="0.603" classname="com.example.java设计模式.单例.Test"/>
  <testcase name="service" time="0.374" classname="com.example.java设计模式.单例.Test"/>
  <testcase name="service" time="0.000" classname="com.example.java设计模式.单例.Test"/>
  <testcase name="service" time="0.034" classname="com.example.java设计模式.单例.Test"/>
  <testcase name="service" time="65.061" classname="com.example.java设计模式.单例.Test"/>
  <testcase name="service" time="8.337" classname="com.example.java设计模式.单例.Test"/>
  <testcase name="service" time="6.547" classname="com.example.java设计模式.单例.Test"/>
  <testcase name="service" time="0.000" classname="com.example.java设计模式.单例.Test"/>
  <testcase name="service" time="0.000" classname="com.example.java设计模式.单例.Test"/>
  <testcase name="service" time="0.001" classname="com.example.java设计模式.单例.Test"/>
  <testcase name="service" time="0.038" classname="com.example.java设计模式.单例.Test"/>
  <testcase name="service" time="0.000" classname="com.example.java设计模式.单例.Test"/>
  <testcase name="service" time="0.286" classname="com.example.java设计模式.单例.Test"/>
  <testcase name="service" time="0.000" classname="com.example.java设计模式.单例.Test"/>
  <testcase name="service" time="0.000" classname="com.example.java设计模式.单例.Test"/>
  <testcase name="service" time="0.026" classname="com.example.java设计模式.单例.Test"/>
  <testcase name="service" time="0.001" classname="com.example.java设计模式.单例.Test"/>
  <testcase name="service" time="0.336" classname="com.example.java设计模式.单例.Test"/>
  <testcase name="service" time="0.001" classname="com.example.java设计模式.单例.Test"/>
  <testcase name="service" time="0.000" classname="com.example.java设计模式.单例.Test"/>
  <testcase name="service" time="6.173" classname="com.example.java设计模式.单例.Test"/>
  <testcase name="service" time="0.000" classname="com.example.java设计模式.单例.Test"/>
  <testcase name="service" time="1.797" classname="com.example.java设计模式.单例.Test"/>
  <testcase name="service" time="0.001" classname="com.example.java设计模式.单例.Test"/>
  <testcase name="service" time="0.000" classname="com.example.java设计模式.单例.Test"/>
  <testcase name="service" time="0.001" classname="com.example.java设计模式.单例.Test"/>
  <testcase name="service" time="1.194" classname="com.example.java设计模式.单例.Test"/>
  <testcase name="service" time="0.001" classname="com.example.java设计模式.单例.Test"/>
  <testcase name="service" time="0.000" classname="com.example.java设计模式.单例.Test"/>
  <testcase name="service" time="0.000" classname="com.example.java设计模式.单例.Test"/>
  <testcase name="service" time="64.930" classname="com.example.java设计模式.单例.Test"/>
  <testcase name="service" time="0.397" classname="com.example.java设计模式.单例.Test"/>
  <testcase name="service" time="0.194" classname="com.example.java设计模式.单例.Test"/>
  <testcase name="service" time="0.738" classname="com.example.java设计模式.单例.Test"/>
  <testcase name="service" time="0.247" classname="com.example.java设计模式.单例.Test"/>
  <testcase name="service" time="0.000" classname="com.example.java设计模式.单例.Test"/>
  <testcase name="service" time="0.000" classname="com.example.java设计模式.单例.Test"/>
  <testcase name="service" time="0.837" classname="com.example.java设计模式.单例.Test"/>
  <testcase name="service" time="0.243" classname="com.example.java设计模式.单例.Test"/>
  <testcase name="service" time="0.416" classname="com.example.java设计模式.单例.Test"/>
  <testcase name="service" time="0.693" classname="com.example.java设计模式.单例.Test"/>
  <testcase name="service" time="0.174" classname="com.example.java设计模式.单例.Test"/>
  <testcase name="service" time="1.319" classname="com.example.java设计模式.单例.Test"/>
  <testcase name="service" time="0.030" classname="com.example.java设计模式.单例.Test"/>
  <testcase name="service" time="0.000" classname="com.example.java设计模式.单例.Test"/>
  <testcase name="service" time="0.000" classname="com.example.java设计模式.单例.Test"/>
  <testcase name="service" time="0.000" classname="com.example.java设计模式.单例.Test"/>
  <testcase name="service" time="65.029" classname="com.example.java设计模式.单例.Test"/>
  <testcase name="service" time="0.690" classname="com.example.java设计模式.单例.Test"/>
  <testcase name="service" time="7.905" classname="com.example.java设计模式.单例.Test"/>
  <testcase name="service" time="0.000" classname="com.example.java设计模式.单例.Test"/>
  <testcase name="service" time="0.001" classname="com.example.java设计模式.单例.Test"/>
  <testcase name="service" time="0.413" classname="com.example.java设计模式.单例.Test"/>
  <testcase name="service" time="0.031" classname="com.example.java设计模式.单例.Test"/>
  <testcase name="service" time="0.154" classname="com.example.java设计模式.单例.Test"/>
  <testcase name="service" time="0.194" classname="com.example.java设计模式.单例.Test"/>
  <testcase name="service" time="0.000" classname="com.example.java设计模式.单例.Test"/>
  <testcase name="service" time="0.001" classname="com.example.java设计模式.单例.Test"/>
  <testcase name="service" time="0.792" classname="com.example.java设计模式.单例.Test"/>
  <testcase name="service" time="0.000" classname="com.example.java设计模式.单例.Test"/>
  <testcase name="service" time="0.001" classname="com.example.java设计模式.单例.Test"/>
  <testcase name="service" time="1.201" classname="com.example.java设计模式.单例.Test"/>
  <testcase name="service" time="0.025" classname="com.example.java设计模式.单例.Test"/>
  <testcase name="service" time="0.000" classname="com.example.java设计模式.单例.Test"/>
  <testcase name="service" time="0.000" classname="com.example.java设计模式.单例.Test"/>
  <testcase name="service" time="0.001" classname="com.example.java设计模式.单例.Test"/>
  <testcase name="service" time="0.000" classname="com.example.java设计模式.单例.Test"/>
  <testcase name="service" time="0.000" classname="com.example.java设计模式.单例.Test"/>
  <testcase name="service" time="0.424" classname="com.example.java设计模式.单例.Test"/>
  <testcase name="service" time="0.560" classname="com.example.java设计模式.单例.Test"/>
  <testcase name="service" time="1.348" classname="com.example.java设计模式.单例.Test"/>
  <testcase name="service" time="0.000" classname="com.example.java设计模式.单例.Test"/>
  <testcase name="service" time="0.000" classname="com.example.java设计模式.单例.Test"/>
  <testcase name="service" time="0.000" classname="com.example.java设计模式.单例.Test"/>
  <testcase name="service" time="0.264" classname="com.example.java设计模式.单例.Test"/>
  <testcase name="service" time="0.366" classname="com.example.java设计模式.单例.Test"/>
  <testcase name="service" time="0.001" classname="com.example.java设计模式.单例.Test"/>
  <testcase name="service" time="64.988" classname="com.example.java设计模式.单例.Test"/>
  <testcase name="service" time="0.223" classname="com.example.java设计模式.单例.Test"/>
  <testcase name="service" time="0.182" classname="com.example.java设计模式.单例.Test"/>
  <testcase name="service" time="0.000" classname="com.example.java设计模式.单例.Test"/>
  <testcase name="service" time="0.467" classname="com.example.java设计模式.单例.Test"/>
  <testcase name="service" time="0.847" classname="com.example.java设计模式.单例.Test"/>
  <testcase name="service" time="0.001" classname="com.example.java设计模式.单例.Test"/>
  <testcase name="service" time="0.000" classname="com.example.java设计模式.单例.Test"/>
  <testcase name="service" time="0.000" classname="com.example.java设计模式.单例.Test"/>
  <testcase name="service" time="0.198" classname="com.example.java设计模式.单例.Test"/>
  <testcase name="service" time="0.045" classname="com.example.java设计模式.单例.Test"/>
  <testcase name="service" time="0.001" classname="com.example.java设计模式.单例.Test"/>
  <testcase name="service" time="0.036" classname="com.example.java设计模式.单例.Test"/>
  <testcase name="service" time="0.135" classname="com.example.java设计模式.单例.Test"/>
  <testcase name="service" time="0.646" classname="com.example.java设计模式.单例.Test"/>
  <testcase name="service" time="0.000" classname="com.example.java设计模式.单例.Test"/>
  <testcase name="service" time="7.900" classname="com.example.java设计模式.单例.Test"/>
  <testcase name="service" time="0.001" classname="com.example.java设计模式.单例.Test"/>
  <testcase name="service" time="0.000" classname="com.example.java设计模式.单例.Test"/>
  <testcase name="service" time="0.000" classname="com.example.java设计模式.单例.Test"/>
  <testcase name="service" time="0.230" classname="com.example.java设计模式.单例.Test"/>
  <testcase name="service" time="0.152" classname="com.example.java设计模式.单例.Test"/>
  <testcase name="service" time="0.000" classname="com.example.java设计模式.单例.Test"/>
  <testcase name="service" time="0.000" classname="com.example.java设计模式.单例.Test"/>
  <testcase name="service" time="0.000" classname="com.example.java设计模式.单例.Test"/>
  <testcase name="service" time="0.000" classname="com.example.java设计模式.单例.Test"/>
  <testcase name="service" time="64.999" classname="com.example.java设计模式.单例.Test"/>
  <testcase name="service" time="0.000" classname="com.example.java设计模式.单例.Test"/>
  <testcase name="service" time="0.005" classname="com.example.java设计模式.单例.Test"/>
  <testcase name="service" time="0.001" classname="com.example.java设计模式.单例.Test"/>
  <testcase name="service" time="0.531" classname="com.example.java设计模式.单例.Test"/>
  <testcase name="service" time="0.100" classname="com.example.java设计模式.单例.Test"/>
  <testcase name="service" time="0.000" classname="com.example.java设计模式.单例.Test"/>
  <testcase name="service" time="0.123" classname="com.example.java设计模式.单例.Test"/>
  <testcase name="service" time="0.596" classname="com.example.java设计模式.单例.Test"/>
  <testcase name="service" time="0.000" classname="com.example.java设计模式.单例.Test"/>
  <testcase name="service" time="0.000" classname="com.example.java设计模式.单例.Test"/>
  <testcase name="service" time="0.000" classname="com.example.java设计模式.单例.Test"/>
  <testcase name="service" time="0.001" classname="com.example.java设计模式.单例.Test"/>
  <testcase name="service" time="65.144" classname="com.example.java设计模式.单例.Test"/>
  <testcase name="service" time="0.000" classname="com.example.java设计模式.单例.Test"/>
  <testcase name="service" time="0.001" classname="com.example.java设计模式.单例.Test"/>
  <testcase name="service" time="7.487" classname="com.example.java设计模式.单例.Test"/>
  <testcase name="service" time="0.289" classname="com.example.java设计模式.单例.Test"/>
  <testcase name="service" time="64.983" classname="com.example.java设计模式.单例.Test"/>
  <testcase name="service" time="1.620" classname="com.example.java设计模式.单例.Test"/>
  <testcase name="service" time="0.929" classname="com.example.java设计模式.单例.Test"/>
  <testcase name="service" time="0.438" classname="com.example.java设计模式.单例.Test"/>
  <testcase name="service" time="0.000" classname="com.example.java设计模式.单例.Test"/>
  <testcase name="service" time="0.250" classname="com.example.java设计模式.单例.Test"/>
  <testcase name="service" time="0.224" classname="com.example.java设计模式.单例.Test"/>
  <testcase name="service" time="0.230" classname="com.example.java设计模式.单例.Test"/>
  <testcase name="service" time="0.001" classname="com.example.java设计模式.单例.Test"/>
  <testcase name="service" time="0.002" classname="com.example.java设计模式.单例.Test"/>
  <testcase name="service" time="0.640" classname="com.example.java设计模式.单例.Test"/>
  <testcase name="service" time="64.971" classname="com.example.java设计模式.单例.Test"/>
  <testcase name="service" time="0.000" classname="com.example.java设计模式.单例.Test"/>
  <testcase name="service" time="7.493" classname="com.example.java设计模式.单例.Test"/>
  <testcase name="service" time="0.000" classname="com.example.java设计模式.单例.Test"/>
  <testcase name="service" time="0.466" classname="com.example.java设计模式.单例.Test"/>
  <testcase name="service" time="0.000" classname="com.example.java设计模式.单例.Test"/>
  <testcase name="service" time="0.852" classname="com.example.java设计模式.单例.Test"/>
  <testcase name="service" time="0.000" classname="com.example.java设计模式.单例.Test"/>
  <testcase name="service" time="0.001" classname="com.example.java设计模式.单例.Test"/>
  <testcase name="service" time="0.000" classname="com.example.java设计模式.单例.Test"/>
  <testcase name="service" time="0.000" classname="com.example.java设计模式.单例.Test"/>
  <testcase name="service" time="0.000" classname="com.example.java设计模式.单例.Test"/>
  <testcase name="service" time="6.528" classname="com.example.java设计模式.单例.Test"/>
  <testcase name="service" time="0.000" classname="com.example.java设计模式.单例.Test"/>
  <testcase name="service" time="0.000" classname="com.example.java设计模式.单例.Test"/>
  <testcase name="service" time="0.000" classname="com.example.java设计模式.单例.Test"/>
  <testcase name="service" time="0.000" classname="com.example.java设计模式.单例.Test"/>
  <testcase name="service" time="0.000" classname="com.example.java设计模式.单例.Test"/>
  <testcase name="service" time="0.034" classname="com.example.java设计模式.单例.Test"/>
  <testcase name="service" time="0.363" classname="com.example.java设计模式.单例.Test"/>
  <testcase name="service" time="0.000" classname="com.example.java设计模式.单例.Test"/>
  <testcase name="service" time="0.000" classname="com.example.java设计模式.单例.Test"/>
  <testcase name="service" time="8.325" classname="com.example.java设计模式.单例.Test"/>
  <testcase name="service" time="0.001" classname="com.example.java设计模式.单例.Test"/>
  <testcase name="service" time="1.012" classname="com.example.java设计模式.单例.Test"/>
  <testcase name="service" time="7.733" classname="com.example.java设计模式.单例.Test"/>
  <testcase name="service" time="0.000" classname="com.example.java设计模式.单例.Test"/>
  <testcase name="service" time="0.082" classname="com.example.java设计模式.单例.Test"/>
  <testcase name="service" time="6.547" classname="com.example.java设计模式.单例.Test"/>
  <testcase name="service" time="0.841" classname="com.example.java设计模式.单例.Test"/>
  <testcase name="service" time="0.682" classname="com.example.java设计模式.单例.Test"/>
  <testcase name="service" time="0.000" classname="com.example.java设计模式.单例.Test"/>
  <testcase name="service" time="0.273" classname="com.example.java设计模式.单例.Test"/>
  <testcase name="service" time="0.900" classname="com.example.java设计模式.单例.Test"/>
  <testcase name="service" time="0.000" classname="com.example.java设计模式.单例.Test"/>
  <testcase name="service" time="0.000" classname="com.example.java设计模式.单例.Test"/>
  <testcase name="service" time="0.000" classname="com.example.java设计模式.单例.Test"/>
  <testcase name="service" time="0.000" classname="com.example.java设计模式.单例.Test"/>
  <testcase name="service" time="0.521" classname="com.example.java设计模式.单例.Test"/>
  <testcase name="service" time="0.000" classname="com.example.java设计模式.单例.Test"/>
  <testcase name="service" time="0.266" classname="com.example.java设计模式.单例.Test"/>
  <testcase name="service" time="0.000" classname="com.example.java设计模式.单例.Test"/>
  <testcase name="service" time="0.278" classname="com.example.java设计模式.单例.Test"/>
  <testcase name="service" time="0.208" classname="com.example.java设计模式.单例.Test"/>
  <testcase name="service" time="0.001" classname="com.example.java设计模式.单例.Test"/>
  <testcase name="service" time="0.851" classname="com.example.java设计模式.单例.Test"/>
  <testcase name="service" time="0.000" classname="com.example.java设计模式.单例.Test"/>
  <testcase name="service" time="0.000" classname="com.example.java设计模式.单例.Test"/>
  <testcase name="service" time="6.409" classname="com.example.java设计模式.单例.Test"/>
  <testcase name="service" time="0.000" classname="com.example.java设计模式.单例.Test"/>
  <testcase name="service" time="0.911" classname="com.example.java设计模式.单例.Test"/>
  <testcase name="service" time="0.000" classname="com.example.java设计模式.单例.Test"/>
  <testcase name="service" time="0.001" classname="com.example.java设计模式.单例.Test"/>
  <testcase name="service" time="0.000" classname="com.example.java设计模式.单例.Test"/>
  <testcase name="service" time="8.143" classname="com.example.java设计模式.单例.Test"/>
  <testcase name="service" time="0.248" classname="com.example.java设计模式.单例.Test"/>
  <testcase name="service" time="0.475" classname="com.example.java设计模式.单例.Test"/>
  <testcase name="service" time="64.788" classname="com.example.java设计模式.单例.Test"/>
  <testcase name="service" time="8.107" classname="com.example.java设计模式.单例.Test"/>
  <testcase name="service" time="0.000" classname="com.example.java设计模式.单例.Test"/>
  <testcase name="service" time="0.067" classname="com.example.java设计模式.单例.Test"/>
  <testcase name="service" time="0.573" classname="com.example.java设计模式.单例.Test"/>
  <testcase name="service" time="1.207" classname="com.example.java设计模式.单例.Test"/>
  <testcase name="service" time="0.856" classname="com.example.java设计模式.单例.Test"/>
  <testcase name="service" time="0.576" classname="com.example.java设计模式.单例.Test"/>
  <testcase name="service" time="0.058" classname="com.example.java设计模式.单例.Test"/>
  <testcase name="service" time="8.310" classname="com.example.java设计模式.单例.Test"/>
  <testcase name="service" time="0.410" classname="com.example.java设计模式.单例.Test"/>
  <testcase name="service" time="0.000" classname="com.example.java设计模式.单例.Test"/>
  <testcase name="service" time="0.985" classname="com.example.java设计模式.单例.Test"/>
  <testcase name="service" time="0.000" classname="com.example.java设计模式.单例.Test"/>
  <testcase name="service" time="0.809" classname="com.example.java设计模式.单例.Test"/>
  <testcase name="service" time="0.001" classname="com.example.java设计模式.单例.Test"/>
  <testcase name="service" time="0.000" classname="com.example.java设计模式.单例.Test"/>
  <testcase name="service" time="0.493" classname="com.example.java设计模式.单例.Test"/>
  <testcase name="service" time="0.919" classname="com.example.java设计模式.单例.Test"/>
  <testcase name="service" time="0.000" classname="com.example.java设计模式.单例.Test"/>
  <testcase name="service" time="0.000" classname="com.example.java设计模式.单例.Test"/>
  <testcase name="service" time="0.000" classname="com.example.java设计模式.单例.Test"/>
  <testcase name="service" time="0.279" classname="com.example.java设计模式.单例.Test"/>
  <testcase name="service" time="0.001" classname="com.example.java设计模式.单例.Test"/>
  <testcase name="service" time="0.000" classname="com.example.java设计模式.单例.Test"/>
  <testcase name="service" time="0.000" classname="com.example.java设计模式.单例.Test"/>
  <testcase name="service" time="0.000" classname="com.example.java设计模式.单例.Test"/>
  <testcase name="service" time="0.000" classname="com.example.java设计模式.单例.Test"/>
  <testcase name="service" time="0.000" classname="com.example.java设计模式.单例.Test"/>
  <testcase name="service" time="0.000" classname="com.example.java设计模式.单例.Test"/>
  <testcase name="service" time="0.000" classname="com.example.java设计模式.单例.Test"/>
  <testcase name="service" time="0.000" classname="com.example.java设计模式.单例.Test"/>
  <testcase name="service" time="0.000" classname="com.example.java设计模式.单例.Test"/>
  <testcase name="service" time="0.000" classname="com.example.java设计模式.单例.Test"/>
  <testcase name="service" time="0.000" classname="com.example.java设计模式.单例.Test"/>
  <testcase name="service" time="0.000" classname="com.example.java设计模式.单例.Test"/>
  <testcase name="service" time="0.612" classname="com.example.java设计模式.单例.Test"/>
  <testcase name="service" time="0.000" classname="com.example.java设计模式.单例.Test"/>
  <testcase name="service" time="0.000" classname="com.example.java设计模式.单例.Test"/>
  <testcase name="service" time="0.000" classname="com.example.java设计模式.单例.Test"/>
  <testcase name="service" time="0.070" classname="com.example.java设计模式.单例.Test"/>
  <testcase name="service" time="0.339" classname="com.example.java设计模式.单例.Test"/>
  <testcase name="service" time="0.440" classname="com.example.java设计模式.单例.Test"/>
  <testcase name="service" time="0.000" classname="com.example.java设计模式.单例.Test"/>
  <testcase name="service" time="0.395" classname="com.example.java设计模式.单例.Test"/>
  <testcase name="service" time="0.199" classname="com.example.java设计模式.单例.Test"/>
  <testcase name="service" time="0.000" classname="com.example.java设计模式.单例.Test"/>
  <testcase name="service" time="0.000" classname="com.example.java设计模式.单例.Test"/>
  <testcase name="service" time="0.000" classname="com.example.java设计模式.单例.Test"/>
  <testcase name="service" time="0.000" classname="com.example.java设计模式.单例.Test"/>
  <testcase name="service" time="0.001" classname="com.example.java设计模式.单例.Test"/>
  <testcase name="service" time="0.001" classname="com.example.java设计模式.单例.Test"/>
  <testcase name="service" time="0.000" classname="com.example.java设计模式.单例.Test"/>
  <testcase name="service" time="0.357" classname="com.example.java设计模式.单例.Test"/>
  <testcase name="service" time="0.000" classname="com.example.java设计模式.单例.Test"/>
  <testcase name="service" time="0.376" classname="com.example.java设计模式.单例.Test"/>
  <testcase name="service" time="0.000" classname="com.example.java设计模式.单例.Test"/>
  <testcase name="service" time="0.000" classname="com.example.java设计模式.单例.Test"/>
  <testcase name="service" time="0.727" classname="com.example.java设计模式.单例.Test"/>
  <testcase name="service" time="0.007" classname="com.example.java设计模式.单例.Test"/>
  <testcase name="service" time="0.055" classname="com.example.java设计模式.单例.Test"/>
  <testcase name="service" time="0.000" classname="com.example.java设计模式.单例.Test"/>
  <testcase name="service" time="0.000" classname="com.example.java设计模式.单例.Test"/>
  <testcase name="service" time="7.967" classname="com.example.java设计模式.单例.Test"/>
  <testcase name="service" time="0.000" classname="com.example.java设计模式.单例.Test"/>
  <testcase name="service" time="0.086" classname="com.example.java设计模式.单例.Test"/>
  <testcase name="service" time="0.927" classname="com.example.java设计模式.单例.Test"/>
  <testcase name="service" time="0.001" classname="com.example.java设计模式.单例.Test"/>
  <testcase name="service" time="0.000" classname="com.example.java设计模式.单例.Test"/>
  <testcase name="service" time="1.001" classname="com.example.java设计模式.单例.Test"/>
  <testcase name="service" time="0.236" classname="com.example.java设计模式.单例.Test"/>
  <testcase name="service" time="0.316" classname="com.example.java设计模式.单例.Test"/>
  <testcase name="service" time="0.000" classname="com.example.java设计模式.单例.Test"/>
  <testcase name="service" time="0.001" classname="com.example.java设计模式.单例.Test"/>
  <testcase name="service" time="0.000" classname="com.example.java设计模式.单例.Test"/>
  <testcase name="service" time="5.129" classname="com.example.java设计模式.单例.Test"/>
  <testcase name="service" time="0.001" classname="com.example.java设计模式.单例.Test"/>
  <testcase name="service" time="0.812" classname="com.example.java设计模式.单例.Test"/>
  <testcase name="service" time="7.791" classname="com.example.java设计模式.单例.Test"/>
  <testcase name="service" time="0.000" classname="com.example.java设计模式.单例.Test"/>
  <testcase name="service" time="0.000" classname="com.example.java设计模式.单例.Test"/>
  <testcase name="service" time="0.049" classname="com.example.java设计模式.单例.Test"/>
  <testcase name="service" time="0.125" classname="com.example.java设计模式.单例.Test"/>
  <testcase name="service" time="0.471" classname="com.example.java设计模式.单例.Test"/>
  <testcase name="service" time="0.000" classname="com.example.java设计模式.单例.Test"/>
  <testcase name="service" time="0.453" classname="com.example.java设计模式.单例.Test"/>
  <testcase name="service" time="0.389" classname="com.example.java设计模式.单例.Test"/>
  <testcase name="service" time="0.000" classname="com.example.java设计模式.单例.Test"/>
  <testcase name="service" time="0.630" classname="com.example.java设计模式.单例.Test"/>
  <testcase name="service" time="0.001" classname="com.example.java设计模式.单例.Test"/>
  <testcase name="service" time="0.000" classname="com.example.java设计模式.单例.Test"/>
  <testcase name="service" time="0.496" classname="com.example.java设计模式.单例.Test"/>
  <testcase name="service" time="0.406" classname="com.example.java设计模式.单例.Test"/>
  <testcase name="service" time="65.277" classname="com.example.java设计模式.单例.Test"/>
  <testcase name="service" time="0.783" classname="com.example.java设计模式.单例.Test"/>
  <testcase name="service" time="0.000" classname="com.example.java设计模式.单例.Test"/>
  <testcase name="service" time="0.351" classname="com.example.java设计模式.单例.Test"/>
  <testcase name="service" time="0.000" classname="com.example.java设计模式.单例.Test"/>
  <testcase name="service" time="0.000" classname="com.example.java设计模式.单例.Test"/>
  <testcase name="service" time="0.728" classname="com.example.java设计模式.单例.Test"/>
  <testcase name="service" time="1.095" classname="com.example.java设计模式.单例.Test"/>
  <testcase name="service" time="0.000" classname="com.example.java设计模式.单例.Test"/>
  <testcase name="service" time="0.345" classname="com.example.java设计模式.单例.Test"/>
  <testcase name="service" time="0.001" classname="com.example.java设计模式.单例.Test"/>
  <testcase name="service" time="1.188" classname="com.example.java设计模式.单例.Test"/>
  <testcase name="service" time="0.008" classname="com.example.java设计模式.单例.Test"/>
  <testcase name="service" time="0.408" classname="com.example.java设计模式.单例.Test"/>
  <testcase name="service" time="0.001" classname="com.example.java设计模式.单例.Test"/>
  <testcase name="service" time="65.176" classname="com.example.java设计模式.单例.Test"/>
  <testcase name="service" time="0.000" classname="com.example.java设计模式.单例.Test"/>
  <testcase name="service" time="0.000" classname="com.example.java设计模式.单例.Test"/>
  <testcase name="service" time="0.000" classname="com.example.java设计模式.单例.Test"/>
  <testcase name="service" time="0.000" classname="com.example.java设计模式.单例.Test"/>
  <testcase name="service" time="0.000" classname="com.example.java设计模式.单例.Test"/>
  <testcase name="service" time="0.000" classname="com.example.java设计模式.单例.Test"/>
  <testcase name="service" time="0.034" classname="com.example.java设计模式.单例.Test"/>
  <testcase name="service" time="0.000" classname="com.example.java设计模式.单例.Test"/>
  <testcase name="service" time="0.001" classname="com.example.java设计模式.单例.Test"/>
  <testcase name="service" time="0.273" classname="com.example.java设计模式.单例.Test"/>
  <testcase name="service" time="0.000" classname="com.example.java设计模式.单例.Test"/>
  <testcase name="service" time="0.000" classname="com.example.java设计模式.单例.Test"/>
  <testcase name="service" time="1.594" classname="com.example.java设计模式.单例.Test"/>
  <testcase name="service" time="0.001" classname="com.example.java设计模式.单例.Test"/>
  <testcase name="service" time="0.783" classname="com.example.java设计模式.单例.Test"/>
  <testcase name="service" time="64.348" classname="com.example.java设计模式.单例.Test"/>
  <testcase name="service" time="1.272" classname="com.example.java设计模式.单例.Test"/>
  <testcase name="service" time="0.466" classname="com.example.java设计模式.单例.Test"/>
  <testcase name="service" time="0.863" classname="com.example.java设计模式.单例.Test"/>
  <testcase name="service" time="0.469" classname="com.example.java设计模式.单例.Test"/>
  <testcase name="service" time="0.000" classname="com.example.java设计模式.单例.Test"/>
  <testcase name="service" time="0.000" classname="com.example.java设计模式.单例.Test"/>
  <testcase name="service" time="0.613" classname="com.example.java设计模式.单例.Test"/>
  <testcase name="service" time="0.054" classname="com.example.java设计模式.单例.Test"/>
  <testcase name="service" time="0.006" classname="com.example.java设计模式.单例.Test"/>
  <testcase name="service" time="0.000" classname="com.example.java设计模式.单例.Test"/>
  <testcase name="service" time="0.413" classname="com.example.java设计模式.单例.Test"/>
  <testcase name="service" time="0.000" classname="com.example.java设计模式.单例.Test"/>
  <testcase name="service" time="0.583" classname="com.example.java设计模式.单例.Test"/>
  <testcase name="service" time="0.357" classname="com.example.java设计模式.单例.Test"/>
  <testcase name="service" time="0.355" classname="com.example.java设计模式.单例.Test"/>
  <testcase name="service" time="65.034" classname="com.example.java设计模式.单例.Test"/>
  <testcase name="service" time="64.513" classname="com.example.java设计模式.单例.Test"/>
  <testcase name="service" time="0.000" classname="com.example.java设计模式.单例.Test"/>
  <testcase name="service" time="0.000" classname="com.example.java设计模式.单例.Test"/>
  <testcase name="service" time="0.521" classname="com.example.java设计模式.单例.Test"/>
  <testcase name="service" time="0.729" classname="com.example.java设计模式.单例.Test"/>
  <testcase name="service" time="0.000" classname="com.example.java设计模式.单例.Test"/>
  <testcase name="service" time="0.152" classname="com.example.java设计模式.单例.Test"/>
  <testcase name="service" time="65.048" classname="com.example.java设计模式.单例.Test"/>
  <testcase name="service" time="0.000" classname="com.example.java设计模式.单例.Test"/>
  <testcase name="service" time="0.001" classname="com.example.java设计模式.单例.Test"/>
  <testcase name="service" time="0.012" classname="com.example.java设计模式.单例.Test"/>
  <testcase name="service" time="0.001" classname="com.example.java设计模式.单例.Test"/>
  <testcase name="service" time="0.001" classname="com.example.java设计模式.单例.Test"/>
  <testcase name="service" time="0.000" classname="com.example.java设计模式.单例.Test"/>
  <testcase name="service" time="0.000" classname="com.example.java设计模式.单例.Test"/>
  <testcase name="service" time="0.000" classname="com.example.java设计模式.单例.Test"/>
  <testcase name="service" time="0.690" classname="com.example.java设计模式.单例.Test"/>
  <testcase name="service" time="0.001" classname="com.example.java设计模式.单例.Test"/>
  <testcase name="service" time="0.864" classname="com.example.java设计模式.单例.Test"/>
  <testcase name="service" time="0.158" classname="com.example.java设计模式.单例.Test"/>
  <testcase name="service" time="1.020" classname="com.example.java设计模式.单例.Test"/>
  <testcase name="service" time="0.001" classname="com.example.java设计模式.单例.Test"/>
  <testcase name="service" time="1.475" classname="com.example.java设计模式.单例.Test"/>
  <testcase name="service" time="6.718" classname="com.example.java设计模式.单例.Test"/>
  <testcase name="service" time="0.000" classname="com.example.java设计模式.单例.Test"/>
  <testcase name="service" time="0.092" classname="com.example.java设计模式.单例.Test"/>
  <testcase name="service" time="0.000" classname="com.example.java设计模式.单例.Test"/>
  <testcase name="service" time="0.000" classname="com.example.java设计模式.单例.Test"/>
  <testcase name="service" time="0.047" classname="com.example.java设计模式.单例.Test"/>
  <testcase name="service" time="6.666" classname="com.example.java设计模式.单例.Test"/>
  <testcase name="service" time="0.000" classname="com.example.java设计模式.单例.Test"/>
  <testcase name="service" time="0.000" classname="com.example.java设计模式.单例.Test"/>
  <testcase name="service" time="0.000" classname="com.example.java设计模式.单例.Test"/>
  <testcase name="service" time="0.000" classname="com.example.java设计模式.单例.Test"/>
  <testcase name="service" time="0.000" classname="com.example.java设计模式.单例.Test"/>
  <testcase name="service" time="0.001" classname="com.example.java设计模式.单例.Test"/>
  <testcase name="service" time="1.349" classname="com.example.java设计模式.单例.Test"/>
  <testcase name="service" time="0.048" classname="com.example.java设计模式.单例.Test"/>
  <testcase name="service" time="0.000" classname="com.example.java设计模式.单例.Test"/>
  <testcase name="service" time="0.000" classname="com.example.java设计模式.单例.Test"/>
  <testcase name="service" time="0.000" classname="com.example.java设计模式.单例.Test"/>
  <testcase name="service" time="0.000" classname="com.example.java设计模式.单例.Test"/>
  <testcase name="service" time="0.001" classname="com.example.java设计模式.单例.Test"/>
  <testcase name="service" time="0.262" classname="com.example.java设计模式.单例.Test"/>
  <testcase name="service" time="0.001" classname="com.example.java设计模式.单例.Test"/>
  <testcase name="service" time="0.444" classname="com.example.java设计模式.单例.Test"/>
  <testcase name="service" time="0.001" classname="com.example.java设计模式.单例.Test"/>
  <testcase name="service" time="0.000" classname="com.example.java设计模式.单例.Test"/>
  <testcase name="service" time="0.217" classname="com.example.java设计模式.单例.Test"/>
  <testcase name="service" time="0.714" classname="com.example.java设计模式.单例.Test"/>
  <testcase name="service" time="5.647" classname="com.example.java设计模式.单例.Test"/>
  <testcase name="service" time="0.000" classname="com.example.java设计模式.单例.Test"/>
  <testcase name="service" time="0.629" classname="com.example.java设计模式.单例.Test"/>
  <testcase name="service" time="0.000" classname="com.example.java设计模式.单例.Test"/>
  <testcase name="service" time="0.000" classname="com.example.java设计模式.单例.Test"/>
  <testcase name="service" time="0.249" classname="com.example.java设计模式.单例.Test"/>
  <testcase name="service" time="0.174" classname="com.example.java设计模式.单例.Test"/>
  <testcase name="service" time="0.001" classname="com.example.java设计模式.单例.Test"/>
  <testcase name="service" time="0.000" classname="com.example.java设计模式.单例.Test"/>
  <testcase name="service" time="64.736" classname="com.example.java设计模式.单例.Test"/>
  <testcase name="service" time="0.251" classname="com.example.java设计模式.单例.Test"/>
  <testcase name="service" time="0.000" classname="com.example.java设计模式.单例.Test"/>
  <testcase name="service" time="0.699" classname="com.example.java设计模式.单例.Test"/>
  <testcase name="service" time="0.000" classname="com.example.java设计模式.单例.Test"/>
  <testcase name="service" time="1.183" classname="com.example.java设计模式.单例.Test"/>
  <testcase name="service" time="0.000" classname="com.example.java设计模式.单例.Test"/>
  <testcase name="service" time="7.092" classname="com.example.java设计模式.单例.Test"/>
  <testcase name="service" time="7.789" classname="com.example.java设计模式.单例.Test"/>
  <testcase name="service" time="8.062" classname="com.example.java设计模式.单例.Test"/>
  <testcase name="service" time="0.167" classname="com.example.java设计模式.单例.Test"/>
  <testcase name="service" time="0.001" classname="com.example.java设计模式.单例.Test"/>
  <testcase name="service" time="0.000" classname="com.example.java设计模式.单例.Test"/>
  <testcase name="service" time="0.423" classname="com.example.java设计模式.单例.Test"/>
  <testcase name="service" time="0.000" classname="com.example.java设计模式.单例.Test"/>
  <testcase name="service" time="0.000" classname="com.example.java设计模式.单例.Test"/>
  <testcase name="service" time="0.001" classname="com.example.java设计模式.单例.Test"/>
  <testcase name="service" time="0.000" classname="com.example.java设计模式.单例.Test"/>
  <testcase name="service" time="0.000" classname="com.example.java设计模式.单例.Test"/>
  <testcase name="service" time="0.000" classname="com.example.java设计模式.单例.Test"/>
  <testcase name="service" time="0.210" classname="com.example.java设计模式.单例.Test"/>
  <testcase name="service" time="1.199" classname="com.example.java设计模式.单例.Test"/>
  <testcase name="service" time="0.001" classname="com.example.java设计模式.单例.Test"/>
  <testcase name="service" time="1.112" classname="com.example.java设计模式.单例.Test"/>
  <testcase name="service" time="0.807" classname="com.example.java设计模式.单例.Test"/>
  <testcase name="service" time="0.000" classname="com.example.java设计模式.单例.Test"/>
  <testcase name="service" time="0.001" classname="com.example.java设计模式.单例.Test"/>
  <testcase name="service" time="0.000" classname="com.example.java设计模式.单例.Test"/>
  <testcase name="service" time="0.111" classname="com.example.java设计模式.单例.Test"/>
  <testcase name="service" time="64.640" classname="com.example.java设计模式.单例.Test"/>
  <testcase name="service" time="0.251" classname="com.example.java设计模式.单例.Test"/>
  <testcase name="service" time="0.000" classname="com.example.java设计模式.单例.Test"/>
  <testcase name="service" time="0.414" classname="com.example.java设计模式.单例.Test"/>
  <testcase name="service" time="64.551" classname="com.example.java设计模式.单例.Test"/>
  <testcase name="service" time="0.000" classname="com.example.java设计模式.单例.Test"/>
  <testcase name="service" time="1.186" classname="com.example.java设计模式.单例.Test"/>
  <testcase name="service" time="0.000" classname="com.example.java设计模式.单例.Test"/>
  <testcase name="service" time="0.713" classname="com.example.java设计模式.单例.Test"/>
  <testcase name="service" time="0.000" classname="com.example.java设计模式.单例.Test"/>
  <testcase name="service" time="0.702" classname="com.example.java设计模式.单例.Test"/>
  <testcase name="service" time="1.031" classname="com.example.java设计模式.单例.Test"/>
  <testcase name="service" time="0.547" classname="com.example.java设计模式.单例.Test"/>
  <testcase name="service" time="0.735" classname="com.example.java设计模式.单例.Test"/>
  <testcase name="service" time="0.662" classname="com.example.java设计模式.单例.Test"/>
  <testcase name="service" time="0.000" classname="com.example.java设计模式.单例.Test"/>
  <testcase name="service" time="1.097" classname="com.example.java设计模式.单例.Test"/>
  <testcase name="service" time="0.126" classname="com.example.java设计模式.单例.Test"/>
  <testcase name="service" time="0.370" classname="com.example.java设计模式.单例.Test"/>
  <testcase name="service" time="0.981" classname="com.example.java设计模式.单例.Test"/>
  <testcase name="service" time="0.001" classname="com.example.java设计模式.单例.Test"/>
  <testcase name="service" time="0.171" classname="com.example.java设计模式.单例.Test"/>
  <testcase name="service" time="0.000" classname="com.example.java设计模式.单例.Test"/>
  <testcase name="service" time="0.000" classname="com.example.java设计模式.单例.Test"/>
  <testcase name="service" time="0.000" classname="com.example.java设计模式.单例.Test"/>
  <testcase name="service" time="0.849" classname="com.example.java设计模式.单例.Test"/>
  <testcase name="service" time="0.330" classname="com.example.java设计模式.单例.Test"/>
  <testcase name="service" time="0.001" classname="com.example.java设计模式.单例.Test"/>
  <testcase name="service" time="0.001" classname="com.example.java设计模式.单例.Test"/>
  <testcase name="service" time="0.371" classname="com.example.java设计模式.单例.Test"/>
  <testcase name="service" time="0.733" classname="com.example.java设计模式.单例.Test"/>
  <testcase name="service" time="0.000" classname="com.example.java设计模式.单例.Test"/>
  <testcase name="service" time="0.178" classname="com.example.java设计模式.单例.Test"/>
  <testcase name="service" time="0.000" classname="com.example.java设计模式.单例.Test"/>
  <testcase name="service" time="0.001" classname="com.example.java设计模式.单例.Test"/>
  <testcase name="service" time="0.001" classname="com.example.java设计模式.单例.Test"/>
  <testcase name="service" time="65.371" classname="com.example.java设计模式.单例.Test"/>
  <testcase name="service" time="0.000" classname="com.example.java设计模式.单例.Test"/>
  <testcase name="service" time="0.000" classname="com.example.java设计模式.单例.Test"/>
  <testcase name="service" time="0.303" classname="com.example.java设计模式.单例.Test"/>
  <testcase name="service" time="0.000" classname="com.example.java设计模式.单例.Test"/>
  <testcase name="service" time="0.000" classname="com.example.java设计模式.单例.Test"/>
  <testcase name="service" time="0.000" classname="com.example.java设计模式.单例.Test"/>
  <testcase name="service" time="65.062" classname="com.example.java设计模式.单例.Test"/>
  <testcase name="service" time="0.000" classname="com.example.java设计模式.单例.Test"/>
  <testcase name="service" time="0.000" classname="com.example.java设计模式.单例.Test"/>
  <testcase name="service" time="0.191" classname="com.example.java设计模式.单例.Test"/>
  <testcase name="service" time="0.477" classname="com.example.java设计模式.单例.Test"/>
  <testcase name="service" time="7.877" classname="com.example.java设计模式.单例.Test"/>
  <testcase name="service" time="0.001" classname="com.example.java设计模式.单例.Test"/>
  <testcase name="service" time="1.658" classname="com.example.java设计模式.单例.Test"/>
  <testcase name="service" time="0.000" classname="com.example.java设计模式.单例.Test"/>
  <testcase name="service" time="0.000" classname="com.example.java设计模式.单例.Test"/>
  <testcase name="service" time="0.261" classname="com.example.java设计模式.单例.Test"/>
  <testcase name="service" time="0.912" classname="com.example.java设计模式.单例.Test"/>
  <testcase name="service" time="8.314" classname="com.example.java设计模式.单例.Test"/>
  <testcase name="service" time="0.000" classname="com.example.java设计模式.单例.Test"/>
  <testcase name="service" time="0.213" classname="com.example.java设计模式.单例.Test"/>
  <testcase name="service" time="0.004" classname="com.example.java设计模式.单例.Test"/>
  <testcase name="service" time="0.000" classname="com.example.java设计模式.单例.Test"/>
  <testcase name="service" time="7.769" classname="com.example.java设计模式.单例.Test"/>
  <testcase name="service" time="0.000" classname="com.example.java设计模式.单例.Test"/>
  <testcase name="service" time="0.000" classname="com.example.java设计模式.单例.Test"/>
  <testcase name="service" time="64.743" classname="com.example.java设计模式.单例.Test"/>
  <testcase name="service" time="0.165" classname="com.example.java设计模式.单例.Test"/>
  <testcase name="service" time="0.000" classname="com.example.java设计模式.单例.Test"/>
  <testcase name="service" time="0.001" classname="com.example.java设计模式.单例.Test"/>
  <testcase name="service" time="0.743" classname="com.example.java设计模式.单例.Test"/>
  <testcase name="service" time="0.420" classname="com.example.java设计模式.单例.Test"/>
  <testcase name="service" time="0.001" classname="com.example.java设计模式.单例.Test"/>
  <testcase name="service" time="0.045" classname="com.example.java设计模式.单例.Test"/>
  <testcase name="service" time="0.000" classname="com.example.java设计模式.单例.Test"/>
  <testcase name="service" time="0.000" classname="com.example.java设计模式.单例.Test"/>
  <testcase name="service" time="0.139" classname="com.example.java设计模式.单例.Test"/>
  <testcase name="service" time="0.000" classname="com.example.java设计模式.单例.Test"/>
  <testcase name="service" time="0.000" classname="com.example.java设计模式.单例.Test"/>
  <testcase name="service" time="0.000" classname="com.example.java设计模式.单例.Test"/>
  <testcase name="service" time="64.547" classname="com.example.java设计模式.单例.Test"/>
  <testcase name="service" time="0.900" classname="com.example.java设计模式.单例.Test"/>
  <testcase name="service" time="0.060" classname="com.example.java设计模式.单例.Test"/>
  <testcase name="service" time="0.000" classname="com.example.java设计模式.单例.Test"/>
  <testcase name="service" time="0.001" classname="com.example.java设计模式.单例.Test"/>
  <testcase name="service" time="0.431" classname="com.example.java设计模式.单例.Test"/>
  <testcase name="service" time="0.357" classname="com.example.java设计模式.单例.Test"/>
  <testcase name="service" time="0.363" classname="com.example.java设计模式.单例.Test"/>
  <testcase name="service" time="64.356" classname="com.example.java设计模式.单例.Test"/>
  <testcase name="service" time="0.055" classname="com.example.java设计模式.单例.Test"/>
  <testcase name="service" time="0.000" classname="com.example.java设计模式.单例.Test"/>
  <testcase name="service" time="8.274" classname="com.example.java设计模式.单例.Test"/>
  <testcase name="service" time="0.851" classname="com.example.java设计模式.单例.Test"/>
  <testcase name="service" time="0.000" classname="com.example.java设计模式.单例.Test"/>
  <testcase name="service" time="0.000" classname="com.example.java设计模式.单例.Test"/>
  <testcase name="service" time="8.164" classname="com.example.java设计模式.单例.Test"/>
  <testcase name="service" time="0.628" classname="com.example.java设计模式.单例.Test"/>
  <testcase name="service" time="0.001" classname="com.example.java设计模式.单例.Test"/>
  <testcase name="service" time="0.002" classname="com.example.java设计模式.单例.Test"/>
  <testcase name="service" time="0.000" classname="com.example.java设计模式.单例.Test"/>
  <testcase name="service" time="1.272" classname="com.example.java设计模式.单例.Test"/>
  <testcase name="service" time="0.000" classname="com.example.java设计模式.单例.Test"/>
  <testcase name="service" time="0.000" classname="com.example.java设计模式.单例.Test"/>
  <testcase name="service" time="0.432" classname="com.example.java设计模式.单例.Test"/>
  <testcase name="service" time="0.000" classname="com.example.java设计模式.单例.Test"/>
  <testcase name="service" time="0.000" classname="com.example.java设计模式.单例.Test"/>
  <testcase name="service" time="0.116" classname="com.example.java设计模式.单例.Test"/>
  <testcase name="service" time="0.409" classname="com.example.java设计模式.单例.Test"/>
  <testcase name="service" time="5.145" classname="com.example.java设计模式.单例.Test"/>
  <testcase name="service" time="0.612" classname="com.example.java设计模式.单例.Test"/>
  <testcase name="service" time="65.020" classname="com.example.java设计模式.单例.Test"/>
  <testcase name="service" time="0.001" classname="com.example.java设计模式.单例.Test"/>
  <testcase name="service" time="0.001" classname="com.example.java设计模式.单例.Test"/>
  <testcase name="service" time="6.340" classname="com.example.java设计模式.单例.Test"/>
  <testcase name="service" time="0.175" classname="com.example.java设计模式.单例.Test"/>
  <testcase name="service" time="0.884" classname="com.example.java设计模式.单例.Test"/>
  <testcase name="service" time="64.352" classname="com.example.java设计模式.单例.Test"/>
  <testcase name="service" time="0.001" classname="com.example.java设计模式.单例.Test"/>
  <testcase name="service" time="0.228" classname="com.example.java设计模式.单例.Test"/>
  <testcase name="service" time="0.000" classname="com.example.java设计模式.单例.Test"/>
  <testcase name="service" time="0.000" classname="com.example.java设计模式.单例.Test"/>
  <testcase name="service" time="0.249" classname="com.example.java设计模式.单例.Test"/>
  <testcase name="service" time="0.106" classname="com.example.java设计模式.单例.Test"/>
  <testcase name="service" time="0.997" classname="com.example.java设计模式.单例.Test"/>
  <testcase name="service" time="0.000" classname="com.example.java设计模式.单例.Test"/>
  <testcase name="service" time="0.000" classname="com.example.java设计模式.单例.Test"/>
  <testcase name="service" time="0.088" classname="com.example.java设计模式.单例.Test"/>
  <testcase name="service" time="65.277" classname="com.example.java设计模式.单例.Test"/>
  <testcase name="service" time="0.000" classname="com.example.java设计模式.单例.Test"/>
  <testcase name="service" time="0.001" classname="com.example.java设计模式.单例.Test"/>
  <testcase name="service" time="0.022" classname="com.example.java设计模式.单例.Test"/>
  <testcase name="service" time="0.144" classname="com.example.java设计模式.单例.Test"/>
  <testcase name="service" time="0.965" classname="com.example.java设计模式.单例.Test"/>
  <testcase name="service" time="0.006" classname="com.example.java设计模式.单例.Test"/>
  <testcase name="service" time="0.000" classname="com.example.java设计模式.单例.Test"/>
  <testcase name="service" time="0.000" classname="com.example.java设计模式.单例.Test"/>
  <testcase name="service" time="0.019" classname="com.example.java设计模式.单例.Test"/>
  <testcase name="service" time="8.290" classname="com.example.java设计模式.单例.Test"/>
  <testcase name="service" time="0.000" classname="com.example.java设计模式.单例.Test"/>
  <testcase name="service" time="0.000" classname="com.example.java设计模式.单例.Test"/>
  <testcase name="service" time="0.000" classname="com.example.java设计模式.单例.Test"/>
  <testcase name="service" time="0.174" classname="com.example.java设计模式.单例.Test"/>
  <testcase name="service" time="6.558" classname="com.example.java设计模式.单例.Test"/>
  <testcase name="service" time="0.217" classname="com.example.java设计模式.单例.Test"/>
  <testcase name="service" time="1.293" classname="com.example.java设计模式.单例.Test"/>
  <testcase name="service" time="6.719" classname="com.example.java设计模式.单例.Test"/>
  <testcase name="service" time="0.132" classname="com.example.java设计模式.单例.Test"/>
  <testcase name="service" time="0.000" classname="com.example.java设计模式.单例.Test"/>
  <testcase name="service" time="0.569" classname="com.example.java设计模式.单例.Test"/>
  <testcase name="service" time="64.946" classname="com.example.java设计模式.单例.Test"/>
  <testcase name="service" time="0.932" classname="com.example.java设计模式.单例.Test"/>
  <testcase name="service" time="0.000" classname="com.example.java设计模式.单例.Test"/>
  <testcase name="service" time="0.000" classname="com.example.java设计模式.单例.Test"/>
  <testcase name="service" time="64.422" classname="com.example.java设计模式.单例.Test"/>
  <testcase name="service" time="0.001" classname="com.example.java设计模式.单例.Test"/>
  <testcase name="service" time="0.208" classname="com.example.java设计模式.单例.Test"/>
  <testcase name="service" time="0.000" classname="com.example.java设计模式.单例.Test"/>
  <testcase name="service" time="1.010" classname="com.example.java设计模式.单例.Test"/>
  <testcase name="service" time="0.346" classname="com.example.java设计模式.单例.Test"/>
  <testcase name="service" time="0.000" classname="com.example.java设计模式.单例.Test"/>
  <testcase name="service" time="0.684" classname="com.example.java设计模式.单例.Test"/>
  <testcase name="service" time="0.000" classname="com.example.java设计模式.单例.Test"/>
  <testcase name="service" time="0.000" classname="com.example.java设计模式.单例.Test"/>
  <testcase name="service" time="0.000" classname="com.example.java设计模式.单例.Test"/>
  <testcase name="service" time="0.171" classname="com.example.java设计模式.单例.Test"/>
  <testcase name="service" time="0.079" classname="com.example.java设计模式.单例.Test"/>
  <testcase name="service" time="0.261" classname="com.example.java设计模式.单例.Test"/>
  <testcase name="service" time="0.000" classname="com.example.java设计模式.单例.Test"/>
  <testcase name="service" time="0.000" classname="com.example.java设计模式.单例.Test"/>
  <testcase name="service" time="0.000" classname="com.example.java设计模式.单例.Test"/>
  <testcase name="service" time="0.091" classname="com.example.java设计模式.单例.Test"/>
  <testcase name="service" time="0.802" classname="com.example.java设计模式.单例.Test"/>
  <testcase name="service" time="0.001" classname="com.example.java设计模式.单例.Test"/>
  <testcase name="service" time="0.000" classname="com.example.java设计模式.单例.Test"/>
  <testcase name="service" time="0.081" classname="com.example.java设计模式.单例.Test"/>
  <testcase name="service" time="1.488" classname="com.example.java设计模式.单例.Test"/>
  <testcase name="service" time="0.000" classname="com.example.java设计模式.单例.Test"/>
  <testcase name="service" time="0.000" classname="com.example.java设计模式.单例.Test"/>
  <testcase name="service" time="6.340" classname="com.example.java设计模式.单例.Test"/>
  <testcase name="service" time="0.329" classname="com.example.java设计模式.单例.Test"/>
  <testcase name="service" time="5.761" classname="com.example.java设计模式.单例.Test"/>
  <testcase name="service" time="0.028" classname="com.example.java设计模式.单例.Test"/>
  <testcase name="service" time="0.532" classname="com.example.java设计模式.单例.Test"/>
  <testcase name="service" time="0.000" classname="com.example.java设计模式.单例.Test"/>
  <testcase name="service" time="0.000" classname="com.example.java设计模式.单例.Test"/>
  <testcase name="service" time="6.581" classname="com.example.java设计模式.单例.Test"/>
  <testcase name="service" time="0.251" classname="com.example.java设计模式.单例.Test"/>
  <testcase name="service" time="0.001" classname="com.example.java设计模式.单例.Test"/>
  <testcase name="service" time="0.339" classname="com.example.java设计模式.单例.Test"/>
  <testcase name="service" time="0.003" classname="com.example.java设计模式.单例.Test"/>
  <testcase name="service" time="1.477" classname="com.example.java设计模式.单例.Test"/>
  <testcase name="service" time="0.219" classname="com.example.java设计模式.单例.Test"/>
  <testcase name="service" time="64.503" classname="com.example.java设计模式.单例.Test"/>
  <testcase name="service" time="0.079" classname="com.example.java设计模式.单例.Test"/>
  <testcase name="service" time="0.000" classname="com.example.java设计模式.单例.Test"/>
  <testcase name="service" time="0.000" classname="com.example.java设计模式.单例.Test"/>
  <testcase name="service" time="0.032" classname="com.example.java设计模式.单例.Test"/>
  <testcase name="service" time="1.325" classname="com.example.java设计模式.单例.Test"/>
  <testcase name="service" time="0.000" classname="com.example.java设计模式.单例.Test"/>
  <testcase name="service" time="0.000" classname="com.example.java设计模式.单例.Test"/>
  <testcase name="service" time="0.001" classname="com.example.java设计模式.单例.Test"/>
  <testcase name="service" time="0.154" classname="com.example.java设计模式.单例.Test"/>
  <testcase name="service" time="0.000" classname="com.example.java设计模式.单例.Test"/>
  <testcase name="service" time="0.001" classname="com.example.java设计模式.单例.Test"/>
  <testcase name="service" time="0.393" classname="com.example.java设计模式.单例.Test"/>
  <testcase name="service" time="0.522" classname="com.example.java设计模式.单例.Test"/>
  <testcase name="service" time="0.466" classname="com.example.java设计模式.单例.Test"/>
  <testcase name="service" time="0.000" classname="com.example.java设计模式.单例.Test"/>
  <testcase name="service" time="0.000" classname="com.example.java设计模式.单例.Test"/>
  <testcase name="service" time="0.073" classname="com.example.java设计模式.单例.Test"/>
  <testcase name="service" time="0.509" classname="com.example.java设计模式.单例.Test"/>
  <testcase name="service" time="0.000" classname="com.example.java设计模式.单例.Test"/>
  <testcase name="service" time="0.036" classname="com.example.java设计模式.单例.Test"/>
  <testcase name="service" time="0.000" classname="com.example.java设计模式.单例.Test"/>
  <testcase name="service" time="0.000" classname="com.example.java设计模式.单例.Test"/>
  <testcase name="service" time="0.543" classname="com.example.java设计模式.单例.Test"/>
  <testcase name="service" time="64.810" classname="com.example.java设计模式.单例.Test"/>
  <testcase name="service" time="0.096" classname="com.example.java设计模式.单例.Test"/>
  <testcase name="service" time="0.002" classname="com.example.java设计模式.单例.Test"/>
  <testcase name="service" time="0.000" classname="com.example.java设计模式.单例.Test"/>
  <testcase name="service" time="0.214" classname="com.example.java设计模式.单例.Test"/>
  <testcase name="service" time="0.000" classname="com.example.java设计模式.单例.Test"/>
  <testcase name="service" time="0.000" classname="com.example.java设计模式.单例.Test"/>
  <testcase name="service" time="0.702" classname="com.example.java设计模式.单例.Test"/>
  <testcase name="service" time="0.343" classname="com.example.java设计模式.单例.Test"/>
  <testcase name="service" time="0.000" classname="com.example.java设计模式.单例.Test"/>
  <testcase name="service" time="0.645" classname="com.example.java设计模式.单例.Test"/>
  <testcase name="service" time="64.869" classname="com.example.java设计模式.单例.Test"/>
  <testcase name="service" time="0.000" classname="com.example.java设计模式.单例.Test"/>
  <testcase name="service" time="0.001" classname="com.example.java设计模式.单例.Test"/>
  <testcase name="service" time="0.000" classname="com.example.java设计模式.单例.Test"/>
  <testcase name="service" time="0.359" classname="com.example.java设计模式.单例.Test"/>
  <testcase name="service" time="0.000" classname="com.example.java设计模式.单例.Test"/>
  <testcase name="service" time="0.057" classname="com.example.java设计模式.单例.Test"/>
  <testcase name="service" time="0.000" classname="com.example.java设计模式.单例.Test"/>
  <testcase name="service" time="0.549" classname="com.example.java设计模式.单例.Test"/>
  <testcase name="service" time="0.216" classname="com.example.java设计模式.单例.Test"/>
  <testcase name="service" time="0.000" classname="com.example.java设计模式.单例.Test"/>
  <testcase name="service" time="0.001" classname="com.example.java设计模式.单例.Test"/>
  <testcase name="service" time="0.001" classname="com.example.java设计模式.单例.Test"/>
  <testcase name="service" time="0.000" classname="com.example.java设计模式.单例.Test"/>
  <testcase name="service" time="0.329" classname="com.example.java设计模式.单例.Test"/>
  <testcase name="service" time="0.000" classname="com.example.java设计模式.单例.Test"/>
  <testcase name="service" time="0.001" classname="com.example.java设计模式.单例.Test"/>
  <testcase name="service" time="6.395" classname="com.example.java设计模式.单例.Test"/>
  <testcase name="service" time="0.001" classname="com.example.java设计模式.单例.Test"/>
  <testcase name="service" time="0.000" classname="com.example.java设计模式.单例.Test"/>
  <testcase name="service" time="0.280" classname="com.example.java设计模式.单例.Test"/>
  <testcase name="service" time="1.085" classname="com.example.java设计模式.单例.Test"/>
  <testcase name="service" time="0.776" classname="com.example.java设计模式.单例.Test"/>
  <testcase name="service" time="0.993" classname="com.example.java设计模式.单例.Test"/>
  <testcase name="service" time="0.331" classname="com.example.java设计模式.单例.Test"/>
  <testcase name="service" time="8.021" classname="com.example.java设计模式.单例.Test"/>
  <testcase name="service" time="0.000" classname="com.example.java设计模式.单例.Test"/>
  <testcase name="service" time="0.000" classname="com.example.java设计模式.单例.Test"/>
  <testcase name="service" time="1.202" classname="com.example.java设计模式.单例.Test"/>
  <testcase name="service" time="1.210" classname="com.example.java设计模式.单例.Test"/>
  <testcase name="service" time="0.000" classname="com.example.java设计模式.单例.Test"/>
  <testcase name="service" time="0.000" classname="com.example.java设计模式.单例.Test"/>
  <testcase name="service" time="0.791" classname="com.example.java设计模式.单例.Test"/>
  <testcase name="service" time="0.000" classname="com.example.java设计模式.单例.Test"/>
  <testcase name="service" time="0.780" classname="com.example.java设计模式.单例.Test"/>
  <testcase name="service" time="64.380" classname="com.example.java设计模式.单例.Test"/>
  <testcase name="service" time="0.000" classname="com.example.java设计模式.单例.Test"/>
  <testcase name="service" time="0.000" classname="com.example.java设计模式.单例.Test"/>
  <testcase name="service" time="0.000" classname="com.example.java设计模式.单例.Test"/>
  <testcase name="service" time="6.597" classname="com.example.java设计模式.单例.Test"/>
  <testcase name="service" time="0.149" classname="com.example.java设计模式.单例.Test"/>
  <testcase name="service" time="0.179" classname="com.example.java设计模式.单例.Test"/>
  <testcase name="service" time="0.375" classname="com.example.java设计模式.单例.Test"/>
  <testcase name="service" time="0.086" classname="com.example.java设计模式.单例.Test"/>
  <testcase name="service" time="0.000" classname="com.example.java设计模式.单例.Test"/>
  <testcase name="service" time="0.620" classname="com.example.java设计模式.单例.Test"/>
  <testcase name="service" time="64.919" classname="com.example.java设计模式.单例.Test"/>
  <testcase name="service" time="0.000" classname="com.example.java设计模式.单例.Test"/>
  <testcase name="service" time="64.522" classname="com.example.java设计模式.单例.Test"/>
  <testcase name="service" time="0.081" classname="com.example.java设计模式.单例.Test"/>
  <testcase name="service" time="0.000" classname="com.example.java设计模式.单例.Test"/>
  <testcase name="service" time="0.000" classname="com.example.java设计模式.单例.Test"/>
  <testcase name="service" time="0.001" classname="com.example.java设计模式.单例.Test"/>
  <testcase name="service" time="0.001" classname="com.example.java设计模式.单例.Test"/>
  <testcase name="service" time="1.038" classname="com.example.java设计模式.单例.Test"/>
  <testcase name="service" time="0.455" classname="com.example.java设计模式.单例.Test"/>
  <testcase name="service" time="0.830" classname="com.example.java设计模式.单例.Test"/>
  <testcase name="service" time="0.159" classname="com.example.java设计模式.单例.Test"/>
  <testcase name="service" time="0.563" classname="com.example.java设计模式.单例.Test"/>
  <testcase name="service" time="0.001" classname="com.example.java设计模式.单例.Test"/>
  <testcase name="service" time="0.001" classname="com.example.java设计模式.单例.Test"/>
  <testcase name="service" time="0.000" classname="com.example.java设计模式.单例.Test"/>
  <testcase name="service" time="0.364" classname="com.example.java设计模式.单例.Test"/>
  <testcase name="service" time="0.000" classname="com.example.java设计模式.单例.Test"/>
  <testcase name="service" time="0.050" classname="com.example.java设计模式.单例.Test"/>
  <testcase name="service" time="0.000" classname="com.example.java设计模式.单例.Test"/>
  <testcase name="service" time="0.000" classname="com.example.java设计模式.单例.Test"/>
  <testcase name="service" time="64.817" classname="com.example.java设计模式.单例.Test"/>
  <testcase name="service" time="0.001" classname="com.example.java设计模式.单例.Test"/>
  <testcase name="service" time="0.916" classname="com.example.java设计模式.单例.Test"/>
  <testcase name="service" time="0.000" classname="com.example.java设计模式.单例.Test"/>
  <testcase name="service" time="0.000" classname="com.example.java设计模式.单例.Test"/>
  <testcase name="service" time="0.301" classname="com.example.java设计模式.单例.Test"/>
  <testcase name="service" time="0.047" classname="com.example.java设计模式.单例.Test"/>
  <testcase name="service" time="0.191" classname="com.example.java设计模式.单例.Test"/>
  <testcase name="service" time="0.000" classname="com.example.java设计模式.单例.Test"/>
  <testcase name="service" time="0.001" classname="com.example.java设计模式.单例.Test"/>
  <testcase name="service" time="0.000" classname="com.example.java设计模式.单例.Test"/>
  <testcase name="service" time="0.249" classname="com.example.java设计模式.单例.Test"/>
  <testcase name="service" time="0.000" classname="com.example.java设计模式.单例.Test"/>
  <testcase name="service" time="0.000" classname="com.example.java设计模式.单例.Test"/>
  <testcase name="service" time="0.556" classname="com.example.java设计模式.单例.Test"/>
  <testcase name="service" time="0.453" classname="com.example.java设计模式.单例.Test"/>
  <testcase name="service" time="0.746" classname="com.example.java设计模式.单例.Test"/>
  <testcase name="service" time="0.000" classname="com.example.java设计模式.单例.Test"/>
  <testcase name="service" time="0.200" classname="com.example.java设计模式.单例.Test"/>
  <testcase name="service" time="0.000" classname="com.example.java设计模式.单例.Test"/>
  <testcase name="service" time="0.000" classname="com.example.java设计模式.单例.Test"/>
  <testcase name="service" time="0.000" classname="com.example.java设计模式.单例.Test"/>
  <testcase name="service" time="0.000" classname="com.example.java设计模式.单例.Test"/>
  <testcase name="service" time="0.318" classname="com.example.java设计模式.单例.Test"/>
  <testcase name="service" time="0.000" classname="com.example.java设计模式.单例.Test"/>
  <testcase name="service" time="0.000" classname="com.example.java设计模式.单例.Test"/>
  <testcase name="service" time="7.915" classname="com.example.java设计模式.单例.Test"/>
  <testcase name="service" time="6.887" classname="com.example.java设计模式.单例.Test"/>
  <testcase name="service" time="0.000" classname="com.example.java设计模式.单例.Test"/>
  <testcase name="service" time="0.001" classname="com.example.java设计模式.单例.Test"/>
  <testcase name="service" time="0.000" classname="com.example.java设计模式.单例.Test"/>
  <testcase name="service" time="0.063" classname="com.example.java设计模式.单例.Test"/>
  <testcase name="service" time="0.441" classname="com.example.java设计模式.单例.Test"/>
  <testcase name="service" time="0.000" classname="com.example.java设计模式.单例.Test"/>
  <testcase name="service" time="0.000" classname="com.example.java设计模式.单例.Test"/>
  <testcase name="service" time="0.386" classname="com.example.java设计模式.单例.Test"/>
  <testcase name="service" time="6.560" classname="com.example.java设计模式.单例.Test"/>
  <testcase name="service" time="0.001" classname="com.example.java设计模式.单例.Test"/>
  <testcase name="service" time="1.093" classname="com.example.java设计模式.单例.Test"/>
  <testcase name="service" time="0.080" classname="com.example.java设计模式.单例.Test"/>
  <testcase name="service" time="0.000" classname="com.example.java设计模式.单例.Test"/>
  <testcase name="service" time="0.000" classname="com.example.java设计模式.单例.Test"/>
  <testcase name="service" time="0.001" classname="com.example.java设计模式.单例.Test"/>
  <testcase name="service" time="0.557" classname="com.example.java设计模式.单例.Test"/>
  <testcase name="service" time="5.326" classname="com.example.java设计模式.单例.Test"/>
  <testcase name="service" time="0.034" classname="com.example.java设计模式.单例.Test"/>
  <testcase name="service" time="0.000" classname="com.example.java设计模式.单例.Test"/>
  <testcase name="service" time="1.340" classname="com.example.java设计模式.单例.Test"/>
  <testcase name="service" time="0.047" classname="com.example.java设计模式.单例.Test"/>
  <testcase name="service" time="0.001" classname="com.example.java设计模式.单例.Test"/>
  <testcase name="service" time="0.000" classname="com.example.java设计模式.单例.Test"/>
  <testcase name="service" time="0.185" classname="com.example.java设计模式.单例.Test"/>
  <testcase name="service" time="0.000" classname="com.example.java设计模式.单例.Test"/>
  <testcase name="service" time="0.158" classname="com.example.java设计模式.单例.Test"/>
  <testcase name="service" time="0.000" classname="com.example.java设计模式.单例.Test"/>
  <testcase name="service" time="0.016" classname="com.example.java设计模式.单例.Test"/>
  <testcase name="service" time="64.628" classname="com.example.java设计模式.单例.Test"/>
  <testcase name="service" time="0.000" classname="com.example.java设计模式.单例.Test"/>
  <testcase name="service" time="0.000" classname="com.example.java设计模式.单例.Test"/>
  <testcase name="service" time="0.030" classname="com.example.java设计模式.单例.Test"/>
  <testcase name="service" time="0.001" classname="com.example.java设计模式.单例.Test"/>
  <testcase name="service" time="0.322" classname="com.example.java设计模式.单例.Test"/>
  <testcase name="service" time="0.418" classname="com.example.java设计模式.单例.Test"/>
  <testcase name="service" time="0.000" classname="com.example.java设计模式.单例.Test"/>
  <testcase name="service" time="0.000" classname="com.example.java设计模式.单例.Test"/>
  <testcase name="service" time="0.000" classname="com.example.java设计模式.单例.Test"/>
  <testcase name="service" time="0.000" classname="com.example.java设计模式.单例.Test"/>
  <testcase name="service" time="5.527" classname="com.example.java设计模式.单例.Test"/>
  <testcase name="service" time="0.000" classname="com.example.java设计模式.单例.Test"/>
  <testcase name="service" time="0.434" classname="com.example.java设计模式.单例.Test"/>
  <testcase name="service" time="1.060" classname="com.example.java设计模式.单例.Test"/>
  <testcase name="service" time="0.000" classname="com.example.java设计模式.单例.Test"/>
  <testcase name="service" time="0.000" classname="com.example.java设计模式.单例.Test"/>
  <testcase name="service" time="0.000" classname="com.example.java设计模式.单例.Test"/>
  <testcase name="service" time="0.002" classname="com.example.java设计模式.单例.Test"/>
  <testcase name="service" time="0.000" classname="com.example.java设计模式.单例.Test"/>
  <testcase name="service" time="0.000" classname="com.example.java设计模式.单例.Test"/>
  <testcase name="service" time="0.001" classname="com.example.java设计模式.单例.Test"/>
  <testcase name="service" time="0.000" classname="com.example.java设计模式.单例.Test"/>
  <testcase name="service" time="1.241" classname="com.example.java设计模式.单例.Test"/>
  <testcase name="service" time="0.000" classname="com.example.java设计模式.单例.Test"/>
  <testcase name="service" time="0.000" classname="com.example.java设计模式.单例.Test"/>
  <testcase name="service" time="0.178" classname="com.example.java设计模式.单例.Test"/>
  <testcase name="service" time="0.000" classname="com.example.java设计模式.单例.Test"/>
  <testcase name="service" time="0.000" classname="com.example.java设计模式.单例.Test"/>
  <testcase name="service" time="7.861" classname="com.example.java设计模式.单例.Test"/>
  <testcase name="service" time="0.000" classname="com.example.java设计模式.单例.Test"/>
  <testcase name="service" time="0.000" classname="com.example.java设计模式.单例.Test"/>
  <testcase name="service" time="0.000" classname="com.example.java设计模式.单例.Test"/>
  <testcase name="service" time="0.000" classname="com.example.java设计模式.单例.Test"/>
  <testcase name="service" time="8.382" classname="com.example.java设计模式.单例.Test"/>
  <testcase name="service" time="0.000" classname="com.example.java设计模式.单例.Test"/>
  <testcase name="service" time="0.000" classname="com.example.java设计模式.单例.Test"/>
  <testcase name="service" time="0.919" classname="com.example.java设计模式.单例.Test"/>
  <testcase name="service" time="0.409" classname="com.example.java设计模式.单例.Test"/>
  <testcase name="service" time="0.394" classname="com.example.java设计模式.单例.Test"/>
  <testcase name="service" time="0.223" classname="com.example.java设计模式.单例.Test"/>
  <testcase name="service" time="0.000" classname="com.example.java设计模式.单例.Test"/>
  <testcase name="service" time="0.001" classname="com.example.java设计模式.单例.Test"/>
  <testcase name="service" time="0.000" classname="com.example.java设计模式.单例.Test"/>
  <testcase name="service" time="0.000" classname="com.example.java设计模式.单例.Test"/>
  <testcase name="service" time="0.000" classname="com.example.java设计模式.单例.Test"/>
  <testcase name="service" time="0.000" classname="com.example.java设计模式.单例.Test"/>
  <testcase name="service" time="0.013" classname="com.example.java设计模式.单例.Test"/>
  <testcase name="service" time="0.000" classname="com.example.java设计模式.单例.Test"/>
  <testcase name="service" time="0.000" classname="com.example.java设计模式.单例.Test"/>
  <testcase name="service" time="0.000" classname="com.example.java设计模式.单例.Test"/>
  <testcase name="service" time="0.000" classname="com.example.java设计模式.单例.Test"/>
  <testcase name="service" time="0.000" classname="com.example.java设计模式.单例.Test"/>
  <testcase name="service" time="0.007" classname="com.example.java设计模式.单例.Test"/>
  <testcase name="service" time="0.318" classname="com.example.java设计模式.单例.Test"/>
  <testcase name="service" time="0.000" classname="com.example.java设计模式.单例.Test"/>
  <testcase name="service" time="0.000" classname="com.example.java设计模式.单例.Test"/>
  <testcase name="service" time="0.172" classname="com.example.java设计模式.单例.Test"/>
  <testcase name="service" time="0.308" classname="com.example.java设计模式.单例.Test"/>
  <testcase name="service" time="0.444" classname="com.example.java设计模式.单例.Test"/>
  <testcase name="service" time="0.550" classname="com.example.java设计模式.单例.Test"/>
  <testcase name="service" time="0.247" classname="com.example.java设计模式.单例.Test"/>
  <testcase name="service" time="0.327" classname="com.example.java设计模式.单例.Test"/>
  <testcase name="service" time="0.110" classname="com.example.java设计模式.单例.Test"/>
  <testcase name="service" time="0.000" classname="com.example.java设计模式.单例.Test"/>
  <testcase name="service" time="0.000" classname="com.example.java设计模式.单例.Test"/>
  <testcase name="service" time="0.000" classname="com.example.java设计模式.单例.Test"/>
  <testcase name="service" time="0.001" classname="com.example.java设计模式.单例.Test"/>
  <testcase name="service" time="0.000" classname="com.example.java设计模式.单例.Test"/>
  <testcase name="service" time="0.270" classname="com.example.java设计模式.单例.Test"/>
  <testcase name="service" time="0.226" classname="com.example.java设计模式.单例.Test"/>
  <testcase name="service" time="0.000" classname="com.example.java设计模式.单例.Test"/>
  <testcase name="service" time="0.032" classname="com.example.java设计模式.单例.Test"/>
  <testcase name="service" time="0.000" classname="com.example.java设计模式.单例.Test"/>
  <testcase name="service" time="0.000" classname="com.example.java设计模式.单例.Test"/>
  <testcase name="service" time="0.000" classname="com.example.java设计模式.单例.Test"/>
  <testcase name="service" time="0.000" classname="com.example.java设计模式.单例.Test"/>
  <testcase name="service" time="0.167" classname="com.example.java设计模式.单例.Test"/>
  <testcase name="service" time="0.000" classname="com.example.java设计模式.单例.Test"/>
  <testcase name="service" time="0.853" classname="com.example.java设计模式.单例.Test"/>
  <testcase name="service" time="0.123" classname="com.example.java设计模式.单例.Test"/>
  <testcase name="service" time="0.116" classname="com.example.java设计模式.单例.Test"/>
  <testcase name="service" time="0.764" classname="com.example.java设计模式.单例.Test"/>
  <testcase name="service" time="0.000" classname="com.example.java设计模式.单例.Test"/>
  <testcase name="service" time="0.229" classname="com.example.java设计模式.单例.Test"/>
  <testcase name="service" time="0.273" classname="com.example.java设计模式.单例.Test"/>
  <testcase name="service" time="0.001" classname="com.example.java设计模式.单例.Test"/>
  <testcase name="service" time="0.000" classname="com.example.java设计模式.单例.Test"/>
  <testcase name="service" time="1.268" classname="com.example.java设计模式.单例.Test"/>
  <testcase name="service" time="0.124" classname="com.example.java设计模式.单例.Test"/>
  <testcase name="service" time="0.476" classname="com.example.java设计模式.单例.Test"/>
  <testcase name="service" time="7.986" classname="com.example.java设计模式.单例.Test"/>
  <testcase name="service" time="64.518" classname="com.example.java设计模式.单例.Test"/>
  <testcase name="service" time="0.001" classname="com.example.java设计模式.单例.Test"/>
  <testcase name="service" time="0.000" classname="com.example.java设计模式.单例.Test"/>
  <testcase name="service" time="0.000" classname="com.example.java设计模式.单例.Test"/>
  <testcase name="service" time="0.000" classname="com.example.java设计模式.单例.Test"/>
  <testcase name="service" time="0.497" classname="com.example.java设计模式.单例.Test"/>
  <testcase name="service" time="0.000" classname="com.example.java设计模式.单例.Test"/>
  <testcase name="service" time="0.000" classname="com.example.java设计模式.单例.Test"/>
  <testcase name="service" time="0.823" classname="com.example.java设计模式.单例.Test"/>
  <testcase name="service" time="0.001" classname="com.example.java设计模式.单例.Test"/>
  <testcase name="service" time="0.000" classname="com.example.java设计模式.单例.Test"/>
  <testcase name="service" time="0.001" classname="com.example.java设计模式.单例.Test"/>
  <testcase name="service" time="0.000" classname="com.example.java设计模式.单例.Test"/>
  <testcase name="service" time="0.000" classname="com.example.java设计模式.单例.Test"/>
  <testcase name="service" time="0.001" classname="com.example.java设计模式.单例.Test"/>
  <testcase name="service" time="0.001" classname="com.example.java设计模式.单例.Test"/>
  <testcase name="service" time="6.229" classname="com.example.java设计模式.单例.Test"/>
  <testcase name="service" time="0.525" classname="com.example.java设计模式.单例.Test"/>
  <testcase name="service" time="0.000" classname="com.example.java设计模式.单例.Test"/>
  <testcase name="service" time="0.002" classname="com.example.java设计模式.单例.Test"/>
  <testcase name="service" time="0.872" classname="com.example.java设计模式.单例.Test"/>
  <testcase name="service" time="1.323" classname="com.example.java设计模式.单例.Test"/>
  <testcase name="service" time="0.001" classname="com.example.java设计模式.单例.Test"/>
  <testcase name="service" time="0.001" classname="com.example.java设计模式.单例.Test"/>
  <testcase name="service" time="0.000" classname="com.example.java设计模式.单例.Test"/>
  <testcase name="service" time="1.025" classname="com.example.java设计模式.单例.Test"/>
  <testcase name="service" time="0.000" classname="com.example.java设计模式.单例.Test"/>
  <testcase name="service" time="0.000" classname="com.example.java设计模式.单例.Test"/>
  <testcase name="service" time="0.736" classname="com.example.java设计模式.单例.Test"/>
  <testcase name="service" time="0.025" classname="com.example.java设计模式.单例.Test"/>
  <testcase name="service" time="0.000" classname="com.example.java设计模式.单例.Test"/>
  <testcase name="service" time="6.709" classname="com.example.java设计模式.单例.Test"/>
  <testcase name="service" time="0.000" classname="com.example.java设计模式.单例.Test"/>
  <testcase name="service" time="0.000" classname="com.example.java设计模式.单例.Test"/>
  <testcase name="service" time="0.737" classname="com.example.java设计模式.单例.Test"/>
  <testcase name="service" time="0.001" classname="com.example.java设计模式.单例.Test"/>
  <testcase name="service" time="0.000" classname="com.example.java设计模式.单例.Test"/>
  <testcase name="service" time="0.000" classname="com.example.java设计模式.单例.Test"/>
  <testcase name="service" time="0.464" classname="com.example.java设计模式.单例.Test"/>
  <testcase name="service" time="0.000" classname="com.example.java设计模式.单例.Test"/>
  <testcase name="service" time="0.781" classname="com.example.java设计模式.单例.Test"/>
  <testcase name="service" time="0.036" classname="com.example.java设计模式.单例.Test"/>
  <testcase name="service" time="0.000" classname="com.example.java设计模式.单例.Test"/>
  <testcase name="service" time="0.001" classname="com.example.java设计模式.单例.Test"/>
  <testcase name="service" time="1.527" classname="com.example.java设计模式.单例.Test"/>
  <testcase name="service" time="0.822" classname="com.example.java设计模式.单例.Test"/>
  <testcase name="service" time="0.684" classname="com.example.java设计模式.单例.Test"/>
  <testcase name="service" time="0.950" classname="com.example.java设计模式.单例.Test"/>
  <testcase name="service" time="0.111" classname="com.example.java设计模式.单例.Test"/>
  <testcase name="service" time="0.000" classname="com.example.java设计模式.单例.Test"/>
  <testcase name="service" time="0.077" classname="com.example.java设计模式.单例.Test"/>
  <testcase name="service" time="0.588" classname="com.example.java设计模式.单例.Test"/>
  <testcase name="service" time="0.001" classname="com.example.java设计模式.单例.Test"/>
  <testcase name="service" time="0.000" classname="com.example.java设计模式.单例.Test"/>
  <testcase name="service" time="6.344" classname="com.example.java设计模式.单例.Test"/>
  <testcase name="service" time="0.623" classname="com.example.java设计模式.单例.Test"/>
  <testcase name="service" time="0.232" classname="com.example.java设计模式.单例.Test"/>
  <testcase name="service" time="0.000" classname="com.example.java设计模式.单例.Test"/>
  <testcase name="service" time="0.001" classname="com.example.java设计模式.单例.Test"/>
  <testcase name="service" time="0.000" classname="com.example.java设计模式.单例.Test"/>
  <testcase name="service" time="0.016" classname="com.example.java设计模式.单例.Test"/>
  <testcase name="service" time="0.000" classname="com.example.java设计模式.单例.Test"/>
  <testcase name="service" time="0.000" classname="com.example.java设计模式.单例.Test"/>
  <testcase name="service" time="0.746" classname="com.example.java设计模式.单例.Test"/>
  <testcase name="service" time="0.200" classname="com.example.java设计模式.单例.Test"/>
  <testcase name="service" time="64.818" classname="com.example.java设计模式.单例.Test"/>
  <testcase name="service" time="0.396" classname="com.example.java设计模式.单例.Test"/>
  <testcase name="service" time="0.000" classname="com.example.java设计模式.单例.Test"/>
  <testcase name="service" time="0.000" classname="com.example.java设计模式.单例.Test"/>
  <testcase name="service" time="6.167" classname="com.example.java设计模式.单例.Test"/>
  <testcase name="service" time="0.108" classname="com.example.java设计模式.单例.Test"/>
  <testcase name="service" time="0.000" classname="com.example.java设计模式.单例.Test"/>
  <testcase name="service" time="0.342" classname="com.example.java设计模式.单例.Test"/>
  <testcase name="service" time="1.494" classname="com.example.java设计模式.单例.Test"/>
  <testcase name="service" time="0.000" classname="com.example.java设计模式.单例.Test"/>
  <testcase name="service" time="0.953" classname="com.example.java设计模式.单例.Test"/>
  <testcase name="service" time="0.847" classname="com.example.java设计模式.单例.Test"/>
  <testcase name="service" time="0.000" classname="com.example.java设计模式.单例.Test"/>
  <testcase name="service" time="64.621" classname="com.example.java设计模式.单例.Test"/>
  <testcase name="service" time="0.103" classname="com.example.java设计模式.单例.Test"/>
  <testcase name="service" time="0.713" classname="com.example.java设计模式.单例.Test"/>
  <testcase name="service" time="0.399" classname="com.example.java设计模式.单例.Test"/>
  <testcase name="service" time="0.000" classname="com.example.java设计模式.单例.Test"/>
  <testcase name="service" time="0.360" classname="com.example.java设计模式.单例.Test"/>
  <testcase name="service" time="0.792" classname="com.example.java设计模式.单例.Test"/>
  <testcase name="service" time="0.629" classname="com.example.java设计模式.单例.Test"/>
  <testcase name="service" time="0.000" classname="com.example.java设计模式.单例.Test"/>
  <testcase name="service" time="0.249" classname="com.example.java设计模式.单例.Test"/>
  <testcase name="service" time="1.191" classname="com.example.java设计模式.单例.Test"/>
  <testcase name="service" time="0.172" classname="com.example.java设计模式.单例.Test"/>
  <testcase name="service" time="0.001" classname="com.example.java设计模式.单例.Test"/>
  <testcase name="service" time="0.000" classname="com.example.java设计模式.单例.Test"/>
  <testcase name="service" time="0.000" classname="com.example.java设计模式.单例.Test"/>
  <testcase name="service" time="0.001" classname="com.example.java设计模式.单例.Test"/>
  <testcase name="service" time="1.322" classname="com.example.java设计模式.单例.Test"/>
  <testcase name="service" time="0.099" classname="com.example.java设计模式.单例.Test"/>
  <testcase name="service" time="0.010" classname="com.example.java设计模式.单例.Test"/>
  <testcase name="service" time="0.046" classname="com.example.java设计模式.单例.Test"/>
  <testcase name="service" time="0.000" classname="com.example.java设计模式.单例.Test"/>
  <testcase name="service" time="0.000" classname="com.example.java设计模式.单例.Test"/>
  <testcase name="service" time="0.000" classname="com.example.java设计模式.单例.Test"/>
  <testcase name="service" time="0.000" classname="com.example.java设计模式.单例.Test"/>
  <testcase name="service" time="0.796" classname="com.example.java设计模式.单例.Test"/>
  <testcase name="service" time="0.930" classname="com.example.java设计模式.单例.Test"/>
  <testcase name="service" time="0.085" classname="com.example.java设计模式.单例.Test"/>
  <testcase name="service" time="0.000" classname="com.example.java设计模式.单例.Test"/>
  <testcase name="service" time="7.103" classname="com.example.java设计模式.单例.Test"/>
  <testcase name="service" time="1.286" classname="com.example.java设计模式.单例.Test"/>
  <testcase name="service" time="1.042" classname="com.example.java设计模式.单例.Test"/>
  <testcase name="service" time="0.000" classname="com.example.java设计模式.单例.Test"/>
  <testcase name="service" time="0.110" classname="com.example.java设计模式.单例.Test"/>
  <testcase name="service" time="64.973" classname="com.example.java设计模式.单例.Test"/>
  <testcase name="service" time="0.000" classname="com.example.java设计模式.单例.Test"/>
  <testcase name="service" time="0.001" classname="com.example.java设计模式.单例.Test"/>
  <testcase name="service" time="0.060" classname="com.example.java设计模式.单例.Test"/>
  <testcase name="service" time="0.000" classname="com.example.java设计模式.单例.Test"/>
  <testcase name="service" time="1.393" classname="com.example.java设计模式.单例.Test"/>
  <testcase name="service" time="0.119" classname="com.example.java设计模式.单例.Test"/>
  <testcase name="service" time="0.449" classname="com.example.java设计模式.单例.Test"/>
  <testcase name="service" time="0.000" classname="com.example.java设计模式.单例.Test"/>
  <testcase name="service" time="0.246" classname="com.example.java设计模式.单例.Test"/>
  <testcase name="service" time="64.980" classname="com.example.java设计模式.单例.Test"/>
  <testcase name="service" time="0.446" classname="com.example.java设计模式.单例.Test"/>
  <testcase name="service" time="0.490" classname="com.example.java设计模式.单例.Test"/>
  <testcase name="service" time="0.001" classname="com.example.java设计模式.单例.Test"/>
  <testcase name="service" time="64.953" classname="com.example.java设计模式.单例.Test"/>
  <testcase name="service" time="0.000" classname="com.example.java设计模式.单例.Test"/>
  <testcase name="service" time="64.998" classname="com.example.java设计模式.单例.Test"/>
  <testcase name="service" time="0.802" classname="com.example.java设计模式.单例.Test"/>
  <testcase name="service" time="0.000" classname="com.example.java设计模式.单例.Test"/>
  <testcase name="service" time="0.327" classname="com.example.java设计模式.单例.Test"/>
  <testcase name="service" time="0.002" classname="com.example.java设计模式.单例.Test"/>
  <testcase name="service" time="0.000" classname="com.example.java设计模式.单例.Test"/>
  <testcase name="service" time="0.000" classname="com.example.java设计模式.单例.Test"/>
  <testcase name="service" time="7.899" classname="com.example.java设计模式.单例.Test"/>
  <testcase name="service" time="0.001" classname="com.example.java设计模式.单例.Test"/>
  <testcase name="service" time="0.000" classname="com.example.java设计模式.单例.Test"/>
  <testcase name="service" time="0.000" classname="com.example.java设计模式.单例.Test"/>
  <testcase name="service" time="0.000" classname="com.example.java设计模式.单例.Test"/>
  <testcase name="service" time="1.118" classname="com.example.java设计模式.单例.Test"/>
  <testcase name="service" time="0.000" classname="com.example.java设计模式.单例.Test"/>
  <testcase name="service" time="64.863" classname="com.example.java设计模式.单例.Test"/>
  <testcase name="service" time="0.000" classname="com.example.java设计模式.单例.Test"/>
  <testcase name="service" time="0.000" classname="com.example.java设计模式.单例.Test"/>
  <testcase name="service" time="0.000" classname="com.example.java设计模式.单例.Test"/>
  <testcase name="service" time="0.001" classname="com.example.java设计模式.单例.Test"/>
  <testcase name="service" time="0.000" classname="com.example.java设计模式.单例.Test"/>
  <testcase name="service" time="0.000" classname="com.example.java设计模式.单例.Test"/>
  <testcase name="service" time="0.000" classname="com.example.java设计模式.单例.Test"/>
  <testcase name="service" time="0.094" classname="com.example.java设计模式.单例.Test"/>
  <testcase name="service" time="0.349" classname="com.example.java设计模式.单例.Test"/>
  <testcase name="service" time="0.238" classname="com.example.java设计模式.单例.Test"/>
  <testcase name="service" time="0.000" classname="com.example.java设计模式.单例.Test"/>
  <testcase name="service" time="0.001" classname="com.example.java设计模式.单例.Test"/>
  <testcase name="service" time="0.000" classname="com.example.java设计模式.单例.Test"/>
  <testcase name="service" time="6.598" classname="com.example.java设计模式.单例.Test"/>
  <testcase name="service" time="1.312" classname="com.example.java设计模式.单例.Test"/>
  <testcase name="service" time="0.897" classname="com.example.java设计模式.单例.Test"/>
  <testcase name="service" time="0.029" classname="com.example.java设计模式.单例.Test"/>
  <testcase name="service" time="0.001" classname="com.example.java设计模式.单例.Test"/>
  <testcase name="service" time="0.000" classname="com.example.java设计模式.单例.Test"/>
  <testcase name="service" time="0.000" classname="com.example.java设计模式.单例.Test"/>
  <testcase name="service" time="0.082" classname="com.example.java设计模式.单例.Test"/>
  <testcase name="service" time="0.000" classname="com.example.java设计模式.单例.Test"/>
  <testcase name="service" time="1.680" classname="com.example.java设计模式.单例.Test"/>
  <testcase name="service" time="0.000" classname="com.example.java设计模式.单例.Test"/>
  <testcase name="service" time="0.001" classname="com.example.java设计模式.单例.Test"/>
  <testcase name="service" time="0.061" classname="com.example.java设计模式.单例.Test"/>
  <testcase name="service" time="0.133" classname="com.example.java设计模式.单例.Test"/>
  <testcase name="service" time="0.001" classname="com.example.java设计模式.单例.Test"/>
  <testcase name="service" time="0.849" classname="com.example.java设计模式.单例.Test"/>
  <testcase name="service" time="0.000" classname="com.example.java设计模式.单例.Test"/>
  <testcase name="service" time="1.769" classname="com.example.java设计模式.单例.Test"/>
  <testcase name="service" time="6.428" classname="com.example.java设计模式.单例.Test"/>
  <testcase name="service" time="8.249" classname="com.example.java设计模式.单例.Test"/>
  <testcase name="service" time="0.444" classname="com.example.java设计模式.单例.Test"/>
  <testcase name="service" time="0.000" classname="com.example.java设计模式.单例.Test"/>
  <testcase name="service" time="0.000" classname="com.example.java设计模式.单例.Test"/>
  <testcase name="service" time="0.000" classname="com.example.java设计模式.单例.Test"/>
  <testcase name="service" time="0.188" classname="com.example.java设计模式.单例.Test"/>
  <testcase name="service" time="0.000" classname="com.example.java设计模式.单例.Test"/>
  <testcase name="service" time="0.749" classname="com.example.java设计模式.单例.Test"/>
  <testcase name="service" time="0.000" classname="com.example.java设计模式.单例.Test"/>
  <testcase name="service" time="0.001" classname="com.example.java设计模式.单例.Test"/>
  <testcase name="service" time="0.000" classname="com.example.java设计模式.单例.Test"/>
  <testcase name="service" time="0.000" classname="com.example.java设计模式.单例.Test"/>
  <testcase name="service" time="0.870" classname="com.example.java设计模式.单例.Test"/>
  <testcase name="service" time="0.000" classname="com.example.java设计模式.单例.Test"/>
  <testcase name="service" time="0.441" classname="com.example.java设计模式.单例.Test"/>
  <testcase name="service" time="0.991" classname="com.example.java设计模式.单例.Test"/>
  <testcase name="service" time="0.857" classname="com.example.java设计模式.单例.Test"/>
  <testcase name="service" time="1.040" classname="com.example.java设计模式.单例.Test"/>
  <testcase name="service" time="0.788" classname="com.example.java设计模式.单例.Test"/>
  <testcase name="service" time="8.380" classname="com.example.java设计模式.单例.Test"/>
  <testcase name="service" time="0.171" classname="com.example.java设计模式.单例.Test"/>
  <testcase name="service" time="0.000" classname="com.example.java设计模式.单例.Test"/>
  <testcase name="service" time="0.000" classname="com.example.java设计模式.单例.Test"/>
  <testcase name="service" time="0.000" classname="com.example.java设计模式.单例.Test"/>
  <testcase name="service" time="0.001" classname="com.example.java设计模式.单例.Test"/>
  <testcase name="service" time="0.235" classname="com.example.java设计模式.单例.Test"/>
  <testcase name="service" time="0.001" classname="com.example.java设计模式.单例.Test"/>
  <testcase name="service" time="0.846" classname="com.example.java设计模式.单例.Test"/>
  <testcase name="service" time="0.531" classname="com.example.java设计模式.单例.Test"/>
  <testcase name="service" time="0.000" classname="com.example.java设计模式.单例.Test"/>
  <testcase name="service" time="0.010" classname="com.example.java设计模式.单例.Test"/>
  <testcase name="service" time="0.000" classname="com.example.java设计模式.单例.Test"/>
  <testcase name="service" time="0.090" classname="com.example.java设计模式.单例.Test"/>
  <testcase name="service" time="0.000" classname="com.example.java设计模式.单例.Test"/>
  <testcase name="service" time="0.061" classname="com.example.java设计模式.单例.Test"/>
  <testcase name="service" time="0.000" classname="com.example.java设计模式.单例.Test"/>
  <testcase name="service" time="0.049" classname="com.example.java设计模式.单例.Test"/>
  <testcase name="service" time="0.000" classname="com.example.java设计模式.单例.Test"/>
  <testcase name="service" time="0.001" classname="com.example.java设计模式.单例.Test"/>
  <testcase name="service" time="0.013" classname="com.example.java设计模式.单例.Test"/>
  <testcase name="service" time="0.463" classname="com.example.java设计模式.单例.Test"/>
  <testcase name="service" time="0.002" classname="com.example.java设计模式.单例.Test"/>
  <testcase name="service" time="0.000" classname="com.example.java设计模式.单例.Test"/>
  <testcase name="service" time="6.323" classname="com.example.java设计模式.单例.Test"/>
  <testcase name="service" time="0.033" classname="com.example.java设计模式.单例.Test"/>
  <testcase name="service" time="0.000" classname="com.example.java设计模式.单例.Test"/>
  <testcase name="service" time="6.522" classname="com.example.java设计模式.单例.Test"/>
  <testcase name="service" time="0.214" classname="com.example.java设计模式.单例.Test"/>
  <testcase name="service" time="0.000" classname="com.example.java设计模式.单例.Test"/>
  <testcase name="service" time="0.676" classname="com.example.java设计模式.单例.Test"/>
  <testcase name="service" time="0.486" classname="com.example.java设计模式.单例.Test"/>
  <testcase name="service" time="0.001" classname="com.example.java设计模式.单例.Test"/>
  <testcase name="service" time="5.929" classname="com.example.java设计模式.单例.Test"/>
  <testcase name="service" time="6.650" classname="com.example.java设计模式.单例.Test"/>
  <testcase name="service" time="0.001" classname="com.example.java设计模式.单例.Test"/>
  <testcase name="service" time="0.000" classname="com.example.java设计模式.单例.Test"/>
  <testcase name="service" time="0.000" classname="com.example.java设计模式.单例.Test"/>
  <testcase name="service" time="0.001" classname="com.example.java设计模式.单例.Test"/>
  <testcase name="service" time="0.000" classname="com.example.java设计模式.单例.Test"/>
  <testcase name="service" time="6.185" classname="com.example.java设计模式.单例.Test"/>
  <testcase name="service" time="0.000" classname="com.example.java设计模式.单例.Test"/>
  <testcase name="service" time="0.000" classname="com.example.java设计模式.单例.Test"/>
  <testcase name="service" time="6.634" classname="com.example.java设计模式.单例.Test"/>
  <testcase name="service" time="0.000" classname="com.example.java设计模式.单例.Test"/>
  <testcase name="service" time="0.000" classname="com.example.java设计模式.单例.Test"/>
  <testcase name="service" time="0.001" classname="com.example.java设计模式.单例.Test"/>
  <testcase name="service" time="0.000" classname="com.example.java设计模式.单例.Test"/>
  <testcase name="service" time="0.000" classname="com.example.java设计模式.单例.Test"/>
  <testcase name="service" time="0.001" classname="com.example.java设计模式.单例.Test"/>
  <testcase name="service" time="0.001" classname="com.example.java设计模式.单例.Test"/>
  <testcase name="service" time="0.254" classname="com.example.java设计模式.单例.Test"/>
  <testcase name="service" time="5.899" classname="com.example.java设计模式.单例.Test"/>
  <testcase name="service" time="0.000" classname="com.example.java设计模式.单例.Test"/>
  <testcase name="service" time="0.275" classname="com.example.java设计模式.单例.Test"/>
  <testcase name="service" time="0.001" classname="com.example.java设计模式.单例.Test"/>
  <testcase name="service" time="5.644" classname="com.example.java设计模式.单例.Test"/>
  <testcase name="service" time="0.348" classname="com.example.java设计模式.单例.Test"/>
  <testcase name="service" time="0.000" classname="com.example.java设计模式.单例.Test"/>
  <testcase name="service" time="0.005" classname="com.example.java设计模式.单例.Test"/>
  <testcase name="service" time="0.001" classname="com.example.java设计模式.单例.Test"/>
  <testcase name="service" time="0.837" classname="com.example.java设计模式.单例.Test"/>
  <testcase name="service" time="0.177" classname="com.example.java设计模式.单例.Test"/>
  <testcase name="service" time="0.000" classname="com.example.java设计模式.单例.Test"/>
  <testcase name="service" time="0.242" classname="com.example.java设计模式.单例.Test"/>
  <testcase name="service" time="0.000" classname="com.example.java设计模式.单例.Test"/>
  <testcase name="service" time="0.000" classname="com.example.java设计模式.单例.Test"/>
  <testcase name="service" time="0.141" classname="com.example.java设计模式.单例.Test"/>
  <testcase name="service" time="0.000" classname="com.example.java设计模式.单例.Test"/>
  <testcase name="service" time="0.000" classname="com.example.java设计模式.单例.Test"/>
  <testcase name="service" time="7.982" classname="com.example.java设计模式.单例.Test"/>
  <testcase name="service" time="0.001" classname="com.example.java设计模式.单例.Test"/>
  <testcase name="service" time="0.000" classname="com.example.java设计模式.单例.Test"/>
  <testcase name="service" time="0.000" classname="com.example.java设计模式.单例.Test"/>
  <testcase name="service" time="0.036" classname="com.example.java设计模式.单例.Test"/>
  <testcase name="service" time="0.000" classname="com.example.java设计模式.单例.Test"/>
  <testcase name="service" time="0.000" classname="com.example.java设计模式.单例.Test"/>
  <testcase name="service" time="0.229" classname="com.example.java设计模式.单例.Test"/>
  <testcase name="service" time="0.001" classname="com.example.java设计模式.单例.Test"/>
  <testcase name="service" time="0.001" classname="com.example.java设计模式.单例.Test"/>
  <testcase name="service" time="0.000" classname="com.example.java设计模式.单例.Test"/>
  <testcase name="service" time="0.000" classname="com.example.java设计模式.单例.Test"/>
  <testcase name="service" time="0.000" classname="com.example.java设计模式.单例.Test"/>
  <testcase name="service" time="0.123" classname="com.example.java设计模式.单例.Test"/>
  <testcase name="service" time="0.001" classname="com.example.java设计模式.单例.Test"/>
  <testcase name="service" time="0.001" classname="com.example.java设计模式.单例.Test"/>
  <testcase name="service" time="0.019" classname="com.example.java设计模式.单例.Test"/>
  <testcase name="service" time="6.226" classname="com.example.java设计模式.单例.Test"/>
  <testcase name="service" time="0.483" classname="com.example.java设计模式.单例.Test"/>
  <testcase name="service" time="0.000" classname="com.example.java设计模式.单例.Test"/>
  <testcase name="service" time="0.001" classname="com.example.java设计模式.单例.Test"/>
  <testcase name="service" time="0.000" classname="com.example.java设计模式.单例.Test"/>
  <testcase name="service" time="0.001" classname="com.example.java设计模式.单例.Test"/>
  <testcase name="service" time="0.099" classname="com.example.java设计模式.单例.Test"/>
  <testcase name="service" time="0.000" classname="com.example.java设计模式.单例.Test"/>
  <testcase name="service" time="0.000" classname="com.example.java设计模式.单例.Test"/>
  <testcase name="service" time="0.000" classname="com.example.java设计模式.单例.Test"/>
  <testcase name="service" time="0.416" classname="com.example.java设计模式.单例.Test"/>
  <testcase name="service" time="0.001" classname="com.example.java设计模式.单例.Test"/>
  <testcase name="service" time="0.000" classname="com.example.java设计模式.单例.Test"/>
  <testcase name="service" time="0.000" classname="com.example.java设计模式.单例.Test"/>
  <testcase name="service" time="0.053" classname="com.example.java设计模式.单例.Test"/>
  <testcase name="service" time="0.039" classname="com.example.java设计模式.单例.Test"/>
  <testcase name="service" time="0.112" classname="com.example.java设计模式.单例.Test"/>
  <testcase name="service" time="0.000" classname="com.example.java设计模式.单例.Test"/>
  <testcase name="service" time="0.000" classname="com.example.java设计模式.单例.Test"/>
  <testcase name="service" time="0.000" classname="com.example.java设计模式.单例.Test"/>
  <testcase name="service" time="0.001" classname="com.example.java设计模式.单例.Test"/>
  <testcase name="service" time="0.000" classname="com.example.java设计模式.单例.Test"/>
  <testcase name="service" time="0.000" classname="com.example.java设计模式.单例.Test"/>
  <testcase name="service" time="0.058" classname="com.example.java设计模式.单例.Test"/>
  <testcase name="service" time="0.000" classname="com.example.java设计模式.单例.Test"/>
  <testcase name="service" time="0.000" classname="com.example.java设计模式.单例.Test"/>
  <testcase name="service" time="0.000" classname="com.example.java设计模式.单例.Test"/>
  <testcase name="service" time="1.110" classname="com.example.java设计模式.单例.Test"/>
  <testcase name="service" time="0.598" classname="com.example.java设计模式.单例.Test"/>
  <testcase name="service" time="0.001" classname="com.example.java设计模式.单例.Test"/>
  <testcase name="service" time="0.000" classname="com.example.java设计模式.单例.Test"/>
  <testcase name="service" time="0.000" classname="com.example.java设计模式.单例.Test"/>
  <testcase name="service" time="0.000" classname="com.example.java设计模式.单例.Test"/>
  <testcase name="service" time="6.425" classname="com.example.java设计模式.单例.Test"/>
  <testcase name="service" time="0.273" classname="com.example.java设计模式.单例.Test"/>
  <testcase name="service" time="0.191" classname="com.example.java设计模式.单例.Test"/>
  <testcase name="service" time="0.000" classname="com.example.java设计模式.单例.Test"/>
  <testcase name="service" time="6.536" classname="com.example.java设计模式.单例.Test"/>
  <testcase name="service" time="0.001" classname="com.example.java设计模式.单例.Test"/>
  <testcase name="service" time="0.001" classname="com.example.java设计模式.单例.Test"/>
  <testcase name="service" time="0.001" classname="com.example.java设计模式.单例.Test"/>
  <testcase name="service" time="0.231" classname="com.example.java设计模式.单例.Test"/>
  <testcase name="service" time="0.000" classname="com.example.java设计模式.单例.Test"/>
  <testcase name="service" time="0.000" classname="com.example.java设计模式.单例.Test"/>
  <testcase name="service" time="0.000" classname="com.example.java设计模式.单例.Test"/>
  <testcase name="service" time="6.912" classname="com.example.java设计模式.单例.Test"/>
  <testcase name="service" time="0.071" classname="com.example.java设计模式.单例.Test"/>
  <testcase name="service" time="0.348" classname="com.example.java设计模式.单例.Test"/>
  <testcase name="service" time="0.000" classname="com.example.java设计模式.单例.Test"/>
  <testcase name="service" time="0.217" classname="com.example.java设计模式.单例.Test"/>
  <testcase name="service" time="0.079" classname="com.example.java设计模式.单例.Test"/>
  <testcase name="service" time="0.663" classname="com.example.java设计模式.单例.Test"/>
  <testcase name="service" time="0.000" classname="com.example.java设计模式.单例.Test"/>
  <testcase name="service" time="0.000" classname="com.example.java设计模式.单例.Test"/>
  <testcase name="service" time="0.998" classname="com.example.java设计模式.单例.Test"/>
  <testcase name="service" time="0.000" classname="com.example.java设计模式.单例.Test"/>
  <testcase name="service" time="0.480" classname="com.example.java设计模式.单例.Test"/>
  <testcase name="service" time="0.259" classname="com.example.java设计模式.单例.Test"/>
  <testcase name="service" time="0.000" classname="com.example.java设计模式.单例.Test"/>
  <testcase name="service" time="0.000" classname="com.example.java设计模式.单例.Test"/>
  <testcase name="service" time="0.000" classname="com.example.java设计模式.单例.Test"/>
  <testcase name="service" time="0.000" classname="com.example.java设计模式.单例.Test"/>
  <testcase name="service" time="0.001" classname="com.example.java设计模式.单例.Test"/>
  <testcase name="service" time="0.452" classname="com.example.java设计模式.单例.Test"/>
  <testcase name="service" time="0.000" classname="com.example.java设计模式.单例.Test"/>
  <testcase name="service" time="0.000" classname="com.example.java设计模式.单例.Test"/>
  <testcase name="service" time="0.001" classname="com.example.java设计模式.单例.Test"/>
  <testcase name="service" time="0.789" classname="com.example.java设计模式.单例.Test"/>
  <testcase name="service" time="0.231" classname="com.example.java设计模式.单例.Test"/>
  <testcase name="service" time="0.000" classname="com.example.java设计模式.单例.Test"/>
  <testcase name="service" time="0.459" classname="com.example.java设计模式.单例.Test"/>
  <testcase name="service" time="0.855" classname="com.example.java设计模式.单例.Test"/>
  <testcase name="service" time="0.000" classname="com.example.java设计模式.单例.Test"/>
  <testcase name="service" time="0.001" classname="com.example.java设计模式.单例.Test"/>
  <testcase name="service" time="0.000" classname="com.example.java设计模式.单例.Test"/>
  <testcase name="service" time="0.000" classname="com.example.java设计模式.单例.Test"/>
  <testcase name="service" time="6.611" classname="com.example.java设计模式.单例.Test"/>
  <testcase name="service" time="0.007" classname="com.example.java设计模式.单例.Test"/>
  <testcase name="service" time="0.000" classname="com.example.java设计模式.单例.Test"/>
  <testcase name="service" time="0.251" classname="com.example.java设计模式.单例.Test"/>
  <testcase name="service" time="0.000" classname="com.example.java设计模式.单例.Test"/>
  <testcase name="service" time="1.177" classname="com.example.java设计模式.单例.Test"/>
  <testcase name="service" time="0.001" classname="com.example.java设计模式.单例.Test"/>
  <testcase name="service" time="0.073" classname="com.example.java设计模式.单例.Test"/>
  <testcase name="service" time="1.603" classname="com.example.java设计模式.单例.Test"/>
  <testcase name="service" time="0.289" classname="com.example.java设计模式.单例.Test"/>
  <testcase name="service" time="0.335" classname="com.example.java设计模式.单例.Test"/>
  <testcase name="service" time="0.000" classname="com.example.java设计模式.单例.Test"/>
  <testcase name="service" time="7.747" classname="com.example.java设计模式.单例.Test"/>
  <testcase name="service" time="0.000" classname="com.example.java设计模式.单例.Test"/>
  <testcase name="service" time="7.874" classname="com.example.java设计模式.单例.Test"/>
  <testcase name="service" time="0.000" classname="com.example.java设计模式.单例.Test"/>
  <testcase name="service" time="0.418" classname="com.example.java设计模式.单例.Test"/>
  <testcase name="service" time="0.333" classname="com.example.java设计模式.单例.Test"/>
  <testcase name="service" time="0.000" classname="com.example.java设计模式.单例.Test"/>
  <testcase name="service" time="0.077" classname="com.example.java设计模式.单例.Test"/>
  <testcase name="service" time="0.984" classname="com.example.java设计模式.单例.Test"/>
  <testcase name="service" time="0.670" classname="com.example.java设计模式.单例.Test"/>
  <testcase name="service" time="0.001" classname="com.example.java设计模式.单例.Test"/>
  <testcase name="service" time="0.000" classname="com.example.java设计模式.单例.Test"/>
  <testcase name="service" time="0.000" classname="com.example.java设计模式.单例.Test"/>
  <testcase name="service" time="0.804" classname="com.example.java设计模式.单例.Test"/>
  <testcase name="service" time="0.000" classname="com.example.java设计模式.单例.Test"/>
  <testcase name="service" time="0.418" classname="com.example.java设计模式.单例.Test"/>
  <testcase name="service" time="0.001" classname="com.example.java设计模式.单例.Test"/>
  <testcase name="service" time="0.412" classname="com.example.java设计模式.单例.Test"/>
  <testcase name="service" time="0.399" classname="com.example.java设计模式.单例.Test"/>
  <testcase name="service" time="0.000" classname="com.example.java设计模式.单例.Test"/>
  <testcase name="service" time="0.000" classname="com.example.java设计模式.单例.Test"/>
  <testcase name="service" time="65.053" classname="com.example.java设计模式.单例.Test"/>
  <testcase name="service" time="0.000" classname="com.example.java设计模式.单例.Test"/>
  <testcase name="service" time="0.547" classname="com.example.java设计模式.单例.Test"/>
  <testcase name="service" time="0.000" classname="com.example.java设计模式.单例.Test"/>
  <testcase name="service" time="0.000" classname="com.example.java设计模式.单例.Test"/>
  <testcase name="service" time="0.001" classname="com.example.java设计模式.单例.Test"/>
  <testcase name="service" time="0.011" classname="com.example.java设计模式.单例.Test"/>
  <testcase name="service" time="0.000" classname="com.example.java设计模式.单例.Test"/>
  <testcase name="service" time="0.743" classname="com.example.java设计模式.单例.Test"/>
  <testcase name="service" time="0.000" classname="com.example.java设计模式.单例.Test"/>
  <testcase name="service" time="65.027" classname="com.example.java设计模式.单例.Test"/>
  <testcase name="service" time="0.000" classname="com.example.java设计模式.单例.Test"/>
  <testcase name="service" time="0.003" classname="com.example.java设计模式.单例.Test"/>
  <testcase name="service" time="0.000" classname="com.example.java设计模式.单例.Test"/>
  <testcase name="service" time="0.000" classname="com.example.java设计模式.单例.Test"/>
  <testcase name="service" time="0.000" classname="com.example.java设计模式.单例.Test"/>
  <testcase name="service" time="0.043" classname="com.example.java设计模式.单例.Test"/>
  <testcase name="service" time="0.001" classname="com.example.java设计模式.单例.Test"/>
  <testcase name="service" time="0.431" classname="com.example.java设计模式.单例.Test"/>
  <testcase name="service" time="0.000" classname="com.example.java设计模式.单例.Test"/>
  <testcase name="service" time="0.490" classname="com.example.java设计模式.单例.Test"/>
  <testcase name="service" time="0.860" classname="com.example.java设计模式.单例.Test"/>
  <testcase name="service" time="0.001" classname="com.example.java设计模式.单例.Test"/>
  <testcase name="service" time="0.173" classname="com.example.java设计模式.单例.Test"/>
  <testcase name="service" time="64.899" classname="com.example.java设计模式.单例.Test"/>
  <testcase name="service" time="0.000" classname="com.example.java设计模式.单例.Test"/>
  <testcase name="service" time="0.246" classname="com.example.java设计模式.单例.Test"/>
  <testcase name="service" time="0.000" classname="com.example.java设计模式.单例.Test"/>
  <testcase name="service" time="6.616" classname="com.example.java设计模式.单例.Test"/>
  <testcase name="service" time="0.000" classname="com.example.java设计模式.单例.Test"/>
  <testcase name="service" time="0.092" classname="com.example.java设计模式.单例.Test"/>
  <testcase name="service" time="0.000" classname="com.example.java设计模式.单例.Test"/>
  <testcase name="service" time="0.000" classname="com.example.java设计模式.单例.Test"/>
  <testcase name="service" time="0.000" classname="com.example.java设计模式.单例.Test"/>
  <testcase name="service" time="0.635" classname="com.example.java设计模式.单例.Test"/>
  <testcase name="service" time="0.001" classname="com.example.java设计模式.单例.Test"/>
  <testcase name="service" time="64.963" classname="com.example.java设计模式.单例.Test"/>
  <testcase name="service" time="0.589" classname="com.example.java设计模式.单例.Test"/>
  <testcase name="service" time="0.247" classname="com.example.java设计模式.单例.Test"/>
  <testcase name="service" time="0.524" classname="com.example.java设计模式.单例.Test"/>
  <testcase name="service" time="0.000" classname="com.example.java设计模式.单例.Test"/>
  <testcase name="service" time="0.118" classname="com.example.java设计模式.单例.Test"/>
  <testcase name="service" time="0.000" classname="com.example.java设计模式.单例.Test"/>
  <testcase name="service" time="0.526" classname="com.example.java设计模式.单例.Test"/>
  <testcase name="service" time="0.000" classname="com.example.java设计模式.单例.Test"/>
  <testcase name="service" time="0.000" classname="com.example.java设计模式.单例.Test"/>
  <testcase name="service" time="0.001" classname="com.example.java设计模式.单例.Test"/>
  <testcase name="service" time="0.001" classname="com.example.java设计模式.单例.Test"/>
  <testcase name="service" time="0.000" classname="com.example.java设计模式.单例.Test"/>
  <testcase name="service" time="0.143" classname="com.example.java设计模式.单例.Test"/>
  <testcase name="service" time="0.221" classname="com.example.java设计模式.单例.Test"/>
  <testcase name="service" time="0.449" classname="com.example.java设计模式.单例.Test"/>
  <testcase name="service" time="0.101" classname="com.example.java设计模式.单例.Test"/>
  <testcase name="service" time="0.659" classname="com.example.java设计模式.单例.Test"/>
  <testcase name="service" time="0.884" classname="com.example.java设计模式.单例.Test"/>
  <testcase name="service" time="0.000" classname="com.example.java设计模式.单例.Test"/>
  <testcase name="service" time="1.255" classname="com.example.java设计模式.单例.Test"/>
  <testcase name="service" time="0.228" classname="com.example.java设计模式.单例.Test"/>
  <testcase name="service" time="0.187" classname="com.example.java设计模式.单例.Test"/>
  <testcase name="service" time="0.000" classname="com.example.java设计模式.单例.Test"/>
  <testcase name="service" time="8.112" classname="com.example.java设计模式.单例.Test"/>
  <testcase name="service" time="0.000" classname="com.example.java设计模式.单例.Test"/>
  <testcase name="service" time="0.011" classname="com.example.java设计模式.单例.Test"/>
  <testcase name="service" time="0.000" classname="com.example.java设计模式.单例.Test"/>
  <testcase name="service" time="0.000" classname="com.example.java设计模式.单例.Test"/>
  <testcase name="service" time="0.001" classname="com.example.java设计模式.单例.Test"/>
  <testcase name="service" time="0.942" classname="com.example.java设计模式.单例.Test"/>
  <testcase name="service" time="0.001" classname="com.example.java设计模式.单例.Test"/>
  <testcase name="service" time="0.554" classname="com.example.java设计模式.单例.Test"/>
  <testcase name="service" time="0.037" classname="com.example.java设计模式.单例.Test"/>
  <testcase name="service" time="1.198" classname="com.example.java设计模式.单例.Test"/>
  <testcase name="service" time="0.495" classname="com.example.java设计模式.单例.Test"/>
  <testcase name="service" time="0.000" classname="com.example.java设计模式.单例.Test"/>
  <testcase name="service" time="0.000" classname="com.example.java设计模式.单例.Test"/>
  <testcase name="service" time="0.001" classname="com.example.java设计模式.单例.Test"/>
  <testcase name="service" time="0.001" classname="com.example.java设计模式.单例.Test"/>
  <testcase name="service" time="1.261" classname="com.example.java设计模式.单例.Test"/>
  <testcase name="service" time="0.120" classname="com.example.java设计模式.单例.Test"/>
  <testcase name="service" time="0.137" classname="com.example.java设计模式.单例.Test"/>
  <testcase name="service" time="6.755" classname="com.example.java设计模式.单例.Test"/>
  <testcase name="service" time="0.000" classname="com.example.java设计模式.单例.Test"/>
  <testcase name="service" time="0.583" classname="com.example.java设计模式.单例.Test"/>
  <testcase name="service" time="0.000" classname="com.example.java设计模式.单例.Test"/>
  <testcase name="service" time="0.000" classname="com.example.java设计模式.单例.Test"/>
  <testcase name="service" time="0.001" classname="com.example.java设计模式.单例.Test"/>
  <testcase name="service" time="0.363" classname="com.example.java设计模式.单例.Test"/>
  <testcase name="service" time="7.096" classname="com.example.java设计模式.单例.Test"/>
  <testcase name="service" time="0.000" classname="com.example.java设计模式.单例.Test"/>
  <testcase name="service" time="0.837" classname="com.example.java设计模式.单例.Test"/>
  <testcase name="service" time="0.000" classname="com.example.java设计模式.单例.Test"/>
  <testcase name="service" time="0.439" classname="com.example.java设计模式.单例.Test"/>
  <testcase name="service" time="0.000" classname="com.example.java设计模式.单例.Test"/>
  <testcase name="service" time="0.330" classname="com.example.java设计模式.单例.Test"/>
  <testcase name="service" time="0.001" classname="com.example.java设计模式.单例.Test"/>
  <testcase name="service" time="0.000" classname="com.example.java设计模式.单例.Test"/>
  <testcase name="service" time="0.000" classname="com.example.java设计模式.单例.Test"/>
  <testcase name="service" time="64.793" classname="com.example.java设计模式.单例.Test"/>
  <testcase name="service" time="0.698" classname="com.example.java设计模式.单例.Test"/>
  <testcase name="service" time="0.000" classname="com.example.java设计模式.单例.Test"/>
  <testcase name="service" time="0.000" classname="com.example.java设计模式.单例.Test"/>
  <testcase name="service" time="0.000" classname="com.example.java设计模式.单例.Test"/>
  <testcase name="service" time="0.000" classname="com.example.java设计模式.单例.Test"/>
  <testcase name="service" time="7.873" classname="com.example.java设计模式.单例.Test"/>
  <testcase name="service" time="0.184" classname="com.example.java设计模式.单例.Test"/>
  <testcase name="service" time="0.220" classname="com.example.java设计模式.单例.Test"/>
  <testcase name="service" time="0.088" classname="com.example.java设计模式.单例.Test"/>
  <testcase name="service" time="0.255" classname="com.example.java设计模式.单例.Test"/>
  <testcase name="service" time="0.000" classname="com.example.java设计模式.单例.Test"/>
  <testcase name="service" time="0.641" classname="com.example.java设计模式.单例.Test"/>
  <testcase name="service" time="1.012" classname="com.example.java设计模式.单例.Test"/>
  <testcase name="service" time="64.869" classname="com.example.java设计模式.单例.Test"/>
  <testcase name="service" time="0.361" classname="com.example.java设计模式.单例.Test"/>
  <testcase name="service" time="0.316" classname="com.example.java设计模式.单例.Test"/>
  <testcase name="service" time="0.050" classname="com.example.java设计模式.单例.Test"/>
  <testcase name="service" time="0.001" classname="com.example.java设计模式.单例.Test"/>
  <testcase name="service" time="0.000" classname="com.example.java设计模式.单例.Test"/>
  <testcase name="service" time="0.841" classname="com.example.java设计模式.单例.Test"/>
  <testcase name="service" time="0.000" classname="com.example.java设计模式.单例.Test"/>
  <testcase name="service" time="0.000" classname="com.example.java设计模式.单例.Test"/>
  <testcase name="service" time="0.000" classname="com.example.java设计模式.单例.Test"/>
  <testcase name="service" time="0.370" classname="com.example.java设计模式.单例.Test"/>
  <testcase name="service" time="0.000" classname="com.example.java设计模式.单例.Test"/>
  <testcase name="service" time="5.157" classname="com.example.java设计模式.单例.Test"/>
  <testcase name="service" time="0.359" classname="com.example.java设计模式.单例.Test"/>
  <testcase name="service" time="0.002" classname="com.example.java设计模式.单例.Test"/>
  <testcase name="service" time="0.000" classname="com.example.java设计模式.单例.Test"/>
  <testcase name="service" time="0.000" classname="com.example.java设计模式.单例.Test"/>
  <testcase name="service" time="0.483" classname="com.example.java设计模式.单例.Test"/>
  <testcase name="service" time="0.000" classname="com.example.java设计模式.单例.Test"/>
  <testcase name="service" time="0.926" classname="com.example.java设计模式.单例.Test"/>
  <testcase name="service" time="0.001" classname="com.example.java设计模式.单例.Test"/>
  <testcase name="service" time="0.376" classname="com.example.java设计模式.单例.Test"/>
  <testcase name="service" time="0.001" classname="com.example.java设计模式.单例.Test"/>
  <testcase name="service" time="0.000" classname="com.example.java设计模式.单例.Test"/>
  <testcase name="service" time="0.001" classname="com.example.java设计模式.单例.Test"/>
  <testcase name="service" time="0.001" classname="com.example.java设计模式.单例.Test"/>
  <testcase name="service" time="0.001" classname="com.example.java设计模式.单例.Test"/>
  <testcase name="service" time="0.000" classname="com.example.java设计模式.单例.Test"/>
  <testcase name="service" time="0.900" classname="com.example.java设计模式.单例.Test"/>
  <testcase name="service" time="0.345" classname="com.example.java设计模式.单例.Test"/>
  <testcase name="service" time="0.000" classname="com.example.java设计模式.单例.Test"/>
  <testcase name="service" time="0.000" classname="com.example.java设计模式.单例.Test"/>
  <testcase name="service" time="0.001" classname="com.example.java设计模式.单例.Test"/>
  <testcase name="service" time="0.000" classname="com.example.java设计模式.单例.Test"/>
  <testcase name="service" time="0.000" classname="com.example.java设计模式.单例.Test"/>
  <testcase name="service" time="0.001" classname="com.example.java设计模式.单例.Test"/>
  <testcase name="service" time="0.000" classname="com.example.java设计模式.单例.Test"/>
  <testcase name="service" time="0.000" classname="com.example.java设计模式.单例.Test"/>
  <testcase name="service" time="0.000" classname="com.example.java设计模式.单例.Test"/>
  <testcase name="service" time="0.717" classname="com.example.java设计模式.单例.Test"/>
  <testcase name="service" time="0.001" classname="com.example.java设计模式.单例.Test"/>
  <testcase name="service" time="0.000" classname="com.example.java设计模式.单例.Test"/>
  <testcase name="service" time="0.000" classname="com.example.java设计模式.单例.Test"/>
  <testcase name="service" time="0.001" classname="com.example.java设计模式.单例.Test"/>
  <testcase name="service" time="0.000" classname="com.example.java设计模式.单例.Test"/>
  <testcase name="service" time="1.117" classname="com.example.java设计模式.单例.Test"/>
  <testcase name="service" time="0.681" classname="com.example.java设计模式.单例.Test"/>
  <testcase name="service" time="6.603" classname="com.example.java设计模式.单例.Test"/>
  <testcase name="service" time="0.264" classname="com.example.java设计模式.单例.Test"/>
  <testcase name="service" time="0.000" classname="com.example.java设计模式.单例.Test"/>
  <testcase name="service" time="0.000" classname="com.example.java设计模式.单例.Test"/>
  <testcase name="service" time="0.191" classname="com.example.java设计模式.单例.Test"/>
  <testcase name="service" time="0.000" classname="com.example.java设计模式.单例.Test"/>
  <testcase name="service" time="0.327" classname="com.example.java设计模式.单例.Test"/>
  <testcase name="service" time="8.143" classname="com.example.java设计模式.单例.Test"/>
  <testcase name="service" time="0.048" classname="com.example.java设计模式.单例.Test"/>
  <testcase name="service" time="0.000" classname="com.example.java设计模式.单例.Test"/>
  <testcase name="service" time="0.001" classname="com.example.java设计模式.单例.Test"/>
  <testcase name="service" time="0.000" classname="com.example.java设计模式.单例.Test"/>
  <testcase name="service" time="0.000" classname="com.example.java设计模式.单例.Test"/>
  <testcase name="service" time="0.317" classname="com.example.java设计模式.单例.Test"/>
  <testcase name="service" time="0.640" classname="com.example.java设计模式.单例.Test"/>
  <testcase name="service" time="0.412" classname="com.example.java设计模式.单例.Test"/>
  <testcase name="service" time="0.780" classname="com.example.java设计模式.单例.Test"/>
  <testcase name="service" time="0.000" classname="com.example.java设计模式.单例.Test"/>
  <testcase name="service" time="0.000" classname="com.example.java设计模式.单例.Test"/>
  <testcase name="service" time="0.001" classname="com.example.java设计模式.单例.Test"/>
  <testcase name="service" time="0.854" classname="com.example.java设计模式.单例.Test"/>
  <testcase name="service" time="0.215" classname="com.example.java设计模式.单例.Test"/>
  <testcase name="service" time="0.063" classname="com.example.java设计模式.单例.Test"/>
  <testcase name="service" time="0.000" classname="com.example.java设计模式.单例.Test"/>
  <testcase name="service" time="7.861" classname="com.example.java设计模式.单例.Test"/>
  <testcase name="service" time="6.309" classname="com.example.java设计模式.单例.Test"/>
  <testcase name="service" time="0.954" classname="com.example.java设计模式.单例.Test"/>
  <testcase name="service" time="0.000" classname="com.example.java设计模式.单例.Test"/>
  <testcase name="service" time="0.177" classname="com.example.java设计模式.单例.Test"/>
  <testcase name="service" time="0.000" classname="com.example.java设计模式.单例.Test"/>
  <testcase name="service" time="0.000" classname="com.example.java设计模式.单例.Test"/>
  <testcase name="service" time="0.000" classname="com.example.java设计模式.单例.Test"/>
  <testcase name="service" time="0.000" classname="com.example.java设计模式.单例.Test"/>
  <testcase name="service" time="0.000" classname="com.example.java设计模式.单例.Test"/>
  <testcase name="service" time="0.866" classname="com.example.java设计模式.单例.Test"/>
  <testcase name="service" time="0.000" classname="com.example.java设计模式.单例.Test"/>
  <testcase name="service" time="0.001" classname="com.example.java设计模式.单例.Test"/>
  <testcase name="service" time="0.005" classname="com.example.java设计模式.单例.Test"/>
  <testcase name="service" time="0.630" classname="com.example.java设计模式.单例.Test"/>
  <testcase name="service" time="6.734" classname="com.example.java设计模式.单例.Test"/>
  <testcase name="service" time="0.000" classname="com.example.java设计模式.单例.Test"/>
  <testcase name="service" time="0.144" classname="com.example.java设计模式.单例.Test"/>
  <testcase name="service" time="65.050" classname="com.example.java设计模式.单例.Test"/>
  <testcase name="service" time="0.001" classname="com.example.java设计模式.单例.Test"/>
  <testcase name="service" time="8.277" classname="com.example.java设计模式.单例.Test"/>
  <testcase name="service" time="0.732" classname="com.example.java设计模式.单例.Test"/>
  <testcase name="service" time="0.000" classname="com.example.java设计模式.单例.Test"/>
  <testcase name="service" time="0.765" classname="com.example.java设计模式.单例.Test"/>
  <testcase name="service" time="0.814" classname="com.example.java设计模式.单例.Test"/>
  <testcase name="service" time="7.900" classname="com.example.java设计模式.单例.Test"/>
  <testcase name="service" time="0.000" classname="com.example.java设计模式.单例.Test"/>
  <testcase name="service" time="0.000" classname="com.example.java设计模式.单例.Test"/>
  <testcase name="service" time="0.079" classname="com.example.java设计模式.单例.Test"/>
  <testcase name="service" time="0.224" classname="com.example.java设计模式.单例.Test"/>
  <testcase name="service" time="0.787" classname="com.example.java设计模式.单例.Test"/>
  <testcase name="service" time="0.034" classname="com.example.java设计模式.单例.Test"/>
  <testcase name="service" time="0.000" classname="com.example.java设计模式.单例.Test"/>
  <testcase name="service" time="0.000" classname="com.example.java设计模式.单例.Test"/>
  <testcase name="service" time="0.372" classname="com.example.java设计模式.单例.Test"/>
  <testcase name="service" time="0.000" classname="com.example.java设计模式.单例.Test"/>
  <testcase name="service" time="0.210" classname="com.example.java设计模式.单例.Test"/>
  <testcase name="service" time="0.000" classname="com.example.java设计模式.单例.Test"/>
  <testcase name="service" time="6.380" classname="com.example.java设计模式.单例.Test"/>
  <testcase name="service" time="1.667" classname="com.example.java设计模式.单例.Test"/>
  <testcase name="service" time="1.256" classname="com.example.java设计模式.单例.Test"/>
  <testcase name="service" time="0.001" classname="com.example.java设计模式.单例.Test"/>
  <testcase name="service" time="0.001" classname="com.example.java设计模式.单例.Test"/>
  <testcase name="service" time="0.479" classname="com.example.java设计模式.单例.Test"/>
  <testcase name="service" time="0.545" classname="com.example.java设计模式.单例.Test"/>
  <testcase name="service" time="0.198" classname="com.example.java设计模式.单例.Test"/>
  <testcase name="service" time="0.000" classname="com.example.java设计模式.单例.Test"/>
  <testcase name="service" time="7.758" classname="com.example.java设计模式.单例.Test"/>
  <testcase name="service" time="0.000" classname="com.example.java设计模式.单例.Test"/>
  <testcase name="service" time="8.306" classname="com.example.java设计模式.单例.Test"/>
  <testcase name="service" time="6.867" classname="com.example.java设计模式.单例.Test"/>
  <testcase name="service" time="0.000" classname="com.example.java设计模式.单例.Test"/>
  <testcase name="service" time="0.137" classname="com.example.java设计模式.单例.Test"/>
  <testcase name="service" time="0.992" classname="com.example.java设计模式.单例.Test"/>
  <testcase name="service" time="0.212" classname="com.example.java设计模式.单例.Test"/>
  <testcase name="service" time="0.001" classname="com.example.java设计模式.单例.Test"/>
  <testcase name="service" time="0.000" classname="com.example.java设计模式.单例.Test"/>
  <testcase name="service" time="0.000" classname="com.example.java设计模式.单例.Test"/>
  <testcase name="service" time="65.278" classname="com.example.java设计模式.单例.Test"/>
  <testcase name="service" time="0.000" classname="com.example.java设计模式.单例.Test"/>
  <testcase name="service" time="0.222" classname="com.example.java设计模式.单例.Test"/>
  <testcase name="service" time="0.000" classname="com.example.java设计模式.单例.Test"/>
  <testcase name="service" time="0.000" classname="com.example.java设计模式.单例.Test"/>
  <testcase name="service" time="0.060" classname="com.example.java设计模式.单例.Test"/>
  <testcase name="service" time="0.001" classname="com.example.java设计模式.单例.Test"/>
  <testcase name="service" time="0.000" classname="com.example.java设计模式.单例.Test"/>
  <testcase name="service" time="0.240" classname="com.example.java设计模式.单例.Test"/>
  <testcase name="service" time="0.000" classname="com.example.java设计模式.单例.Test"/>
  <testcase name="service" time="0.287" classname="com.example.java设计模式.单例.Test"/>
  <testcase name="service" time="1.209" classname="com.example.java设计模式.单例.Test"/>
  <testcase name="service" time="0.264" classname="com.example.java设计模式.单例.Test"/>
  <testcase name="service" time="0.166" classname="com.example.java设计模式.单例.Test"/>
  <testcase name="service" time="0.000" classname="com.example.java设计模式.单例.Test"/>
  <testcase name="service" time="0.001" classname="com.example.java设计模式.单例.Test"/>
  <testcase name="service" time="64.735" classname="com.example.java设计模式.单例.Test"/>
  <testcase name="service" time="0.048" classname="com.example.java设计模式.单例.Test"/>
  <testcase name="service" time="0.242" classname="com.example.java设计模式.单例.Test"/>
  <testcase name="service" time="0.000" classname="com.example.java设计模式.单例.Test"/>
  <testcase name="service" time="0.849" classname="com.example.java设计模式.单例.Test"/>
  <testcase name="service" time="64.972" classname="com.example.java设计模式.单例.Test"/>
  <testcase name="service" time="0.000" classname="com.example.java设计模式.单例.Test"/>
  <testcase name="service" time="0.000" classname="com.example.java设计模式.单例.Test"/>
  <testcase name="service" time="0.000" classname="com.example.java设计模式.单例.Test"/>
  <testcase name="service" time="0.001" classname="com.example.java设计模式.单例.Test"/>
  <testcase name="service" time="0.000" classname="com.example.java设计模式.单例.Test"/>
  <testcase name="service" time="0.364" classname="com.example.java设计模式.单例.Test"/>
  <testcase name="service" time="8.117" classname="com.example.java设计模式.单例.Test"/>
  <testcase name="service" time="0.773" classname="com.example.java设计模式.单例.Test"/>
  <testcase name="service" time="0.000" classname="com.example.java设计模式.单例.Test"/>
  <testcase name="service" time="0.034" classname="com.example.java设计模式.单例.Test"/>
  <testcase name="service" time="1.333" classname="com.example.java设计模式.单例.Test"/>
  <testcase name="service" time="0.000" classname="com.example.java设计模式.单例.Test"/>
  <testcase name="service" time="0.000" classname="com.example.java设计模式.单例.Test"/>
  <testcase name="service" time="0.000" classname="com.example.java设计模式.单例.Test"/>
  <testcase name="service" time="0.000" classname="com.example.java设计模式.单例.Test"/>
  <testcase name="service" time="0.573" classname="com.example.java设计模式.单例.Test"/>
  <testcase name="service" time="0.538" classname="com.example.java设计模式.单例.Test"/>
  <testcase name="service" time="0.000" classname="com.example.java设计模式.单例.Test"/>
  <testcase name="service" time="0.000" classname="com.example.java设计模式.单例.Test"/>
  <testcase name="service" time="0.000" classname="com.example.java设计模式.单例.Test"/>
  <testcase name="service" time="1.192" classname="com.example.java设计模式.单例.Test"/>
  <testcase name="service" time="0.287" classname="com.example.java设计模式.单例.Test"/>
  <testcase name="service" time="0.001" classname="com.example.java设计模式.单例.Test"/>
  <testcase name="service" time="1.267" classname="com.example.java设计模式.单例.Test"/>
  <testcase name="service" time="1.578" classname="com.example.java设计模式.单例.Test"/>
  <testcase name="service" time="0.075" classname="com.example.java设计模式.单例.Test"/>
  <testcase name="service" time="0.363" classname="com.example.java设计模式.单例.Test"/>
  <testcase name="service" time="0.000" classname="com.example.java设计模式.单例.Test"/>
  <testcase name="service" time="0.000" classname="com.example.java设计模式.单例.Test"/>
  <testcase name="service" time="0.000" classname="com.example.java设计模式.单例.Test"/>
  <testcase name="service" time="0.000" classname="com.example.java设计模式.单例.Test"/>
  <testcase name="service" time="1.416" classname="com.example.java设计模式.单例.Test"/>
  <testcase name="service" time="0.380" classname="com.example.java设计模式.单例.Test"/>
  <testcase name="service" time="0.000" classname="com.example.java设计模式.单例.Test"/>
  <testcase name="service" time="0.001" classname="com.example.java设计模式.单例.Test"/>
  <testcase name="service" time="0.307" classname="com.example.java设计模式.单例.Test"/>
  <testcase name="service" time="0.051" classname="com.example.java设计模式.单例.Test"/>
  <testcase name="service" time="0.237" classname="com.example.java设计模式.单例.Test"/>
  <testcase name="service" time="0.001" classname="com.example.java设计模式.单例.Test"/>
  <testcase name="service" time="0.161" classname="com.example.java设计模式.单例.Test"/>
  <testcase name="service" time="0.000" classname="com.example.java设计模式.单例.Test"/>
  <testcase name="service" time="64.368" classname="com.example.java设计模式.单例.Test"/>
  <testcase name="service" time="0.000" classname="com.example.java设计模式.单例.Test"/>
  <testcase name="service" time="1.351" classname="com.example.java设计模式.单例.Test"/>
  <testcase name="service" time="0.000" classname="com.example.java设计模式.单例.Test"/>
  <testcase name="service" time="6.696" classname="com.example.java设计模式.单例.Test"/>
  <testcase name="service" time="0.000" classname="com.example.java设计模式.单例.Test"/>
  <testcase name="service" time="0.532" classname="com.example.java设计模式.单例.Test"/>
  <testcase name="service" time="0.000" classname="com.example.java设计模式.单例.Test"/>
  <testcase name="service" time="1.188" classname="com.example.java设计模式.单例.Test"/>
  <testcase name="service" time="0.001" classname="com.example.java设计模式.单例.Test"/>
  <testcase name="service" time="0.176" classname="com.example.java设计模式.单例.Test"/>
  <testcase name="service" time="0.584" classname="com.example.java设计模式.单例.Test"/>
  <testcase name="service" time="8.076" classname="com.example.java设计模式.单例.Test"/>
  <testcase name="service" time="0.950" classname="com.example.java设计模式.单例.Test"/>
  <testcase name="service" time="0.654" classname="com.example.java设计模式.单例.Test"/>
  <testcase name="service" time="0.203" classname="com.example.java设计模式.单例.Test"/>
  <testcase name="service" time="0.319" classname="com.example.java设计模式.单例.Test"/>
  <testcase name="service" time="0.000" classname="com.example.java设计模式.单例.Test"/>
  <testcase name="service" time="0.343" classname="com.example.java设计模式.单例.Test"/>
  <testcase name="service" time="6.373" classname="com.example.java设计模式.单例.Test"/>
  <testcase name="service" time="6.398" classname="com.example.java设计模式.单例.Test"/>
  <testcase name="service" time="0.015" classname="com.example.java设计模式.单例.Test"/>
  <testcase name="service" time="0.001" classname="com.example.java设计模式.单例.Test"/>
  <testcase name="service" time="0.971" classname="com.example.java设计模式.单例.Test"/>
  <testcase name="service" time="0.000" classname="com.example.java设计模式.单例.Test"/>
  <testcase name="service" time="0.001" classname="com.example.java设计模式.单例.Test"/>
  <testcase name="service" time="0.001" classname="com.example.java设计模式.单例.Test"/>
  <testcase name="service" time="0.000" classname="com.example.java设计模式.单例.Test"/>
  <testcase name="service" time="0.000" classname="com.example.java设计模式.单例.Test"/>
  <testcase name="service" time="0.340" classname="com.example.java设计模式.单例.Test"/>
  <testcase name="service" time="0.000" classname="com.example.java设计模式.单例.Test"/>
  <testcase name="service" time="0.288" classname="com.example.java设计模式.单例.Test"/>
  <testcase name="service" time="0.172" classname="com.example.java设计模式.单例.Test"/>
  <testcase name="service" time="0.000" classname="com.example.java设计模式.单例.Test"/>
  <testcase name="service" time="0.000" classname="com.example.java设计模式.单例.Test"/>
  <testcase name="service" time="0.000" classname="com.example.java设计模式.单例.Test"/>
  <testcase name="service" time="0.680" classname="com.example.java设计模式.单例.Test"/>
  <testcase name="service" time="0.429" classname="com.example.java设计模式.单例.Test"/>
  <testcase name="service" time="0.065" classname="com.example.java设计模式.单例.Test"/>
  <testcase name="service" time="0.000" classname="com.example.java设计模式.单例.Test"/>
  <testcase name="service" time="0.001" classname="com.example.java设计模式.单例.Test"/>
  <testcase name="service" time="1.071" classname="com.example.java设计模式.单例.Test"/>
  <testcase name="service" time="6.587" classname="com.example.java设计模式.单例.Test"/>
  <testcase name="service" time="0.000" classname="com.example.java设计模式.单例.Test"/>
  <testcase name="service" time="0.367" classname="com.example.java设计模式.单例.Test"/>
  <testcase name="service" time="8.068" classname="com.example.java设计模式.单例.Test"/>
  <testcase name="service" time="65.016" classname="com.example.java设计模式.单例.Test"/>
  <testcase name="service" time="5.124" classname="com.example.java设计模式.单例.Test"/>
  <testcase name="service" time="0.000" classname="com.example.java设计模式.单例.Test"/>
  <testcase name="service" time="0.175" classname="com.example.java设计模式.单例.Test"/>
  <testcase name="service" time="0.000" classname="com.example.java设计模式.单例.Test"/>
  <testcase name="service" time="7.908" classname="com.example.java设计模式.单例.Test"/>
  <testcase name="service" time="0.000" classname="com.example.java设计模式.单例.Test"/>
  <testcase name="service" time="64.863" classname="com.example.java设计模式.单例.Test"/>
  <testcase name="service" time="6.588" classname="com.example.java设计模式.单例.Test"/>
  <testcase name="service" time="0.000" classname="com.example.java设计模式.单例.Test"/>
  <testcase name="service" time="0.000" classname="com.example.java设计模式.单例.Test"/>
  <testcase name="service" time="0.350" classname="com.example.java设计模式.单例.Test"/>
  <testcase name="service" time="0.000" classname="com.example.java设计模式.单例.Test"/>
  <testcase name="service" time="0.000" classname="com.example.java设计模式.单例.Test"/>
  <testcase name="service" time="0.000" classname="com.example.java设计模式.单例.Test"/>
  <testcase name="service" time="0.000" classname="com.example.java设计模式.单例.Test"/>
  <testcase name="service" time="0.000" classname="com.example.java设计模式.单例.Test"/>
  <testcase name="service" time="0.174" classname="com.example.java设计模式.单例.Test"/>
  <testcase name="service" time="0.000" classname="com.example.java设计模式.单例.Test"/>
  <testcase name="service" time="0.132" classname="com.example.java设计模式.单例.Test"/>
  <testcase name="service" time="0.000" classname="com.example.java设计模式.单例.Test"/>
  <testcase name="service" time="1.443" classname="com.example.java设计模式.单例.Test"/>
  <testcase name="service" time="0.000" classname="com.example.java设计模式.单例.Test"/>
  <testcase name="service" time="0.842" classname="com.example.java设计模式.单例.Test"/>
  <testcase name="service" time="0.470" classname="com.example.java设计模式.单例.Test"/>
  <testcase name="service" time="0.339" classname="com.example.java设计模式.单例.Test"/>
  <testcase name="service" time="0.000" classname="com.example.java设计模式.单例.Test"/>
  <testcase name="service" time="0.300" classname="com.example.java设计模式.单例.Test"/>
  <testcase name="service" time="0.734" classname="com.example.java设计模式.单例.Test"/>
  <testcase name="service" time="0.000" classname="com.example.java设计模式.单例.Test"/>
  <testcase name="service" time="0.336" classname="com.example.java设计模式.单例.Test"/>
  <testcase name="service" time="0.000" classname="com.example.java设计模式.单例.Test"/>
  <testcase name="service" time="0.000" classname="com.example.java设计模式.单例.Test"/>
  <testcase name="service" time="0.000" classname="com.example.java设计模式.单例.Test"/>
  <testcase name="service" time="0.039" classname="com.example.java设计模式.单例.Test"/>
  <testcase name="service" time="6.262" classname="com.example.java设计模式.单例.Test"/>
  <testcase name="service" time="0.000" classname="com.example.java设计模式.单例.Test"/>
  <testcase name="service" time="0.613" classname="com.example.java设计模式.单例.Test"/>
  <testcase name="service" time="0.461" classname="com.example.java设计模式.单例.Test"/>
  <testcase name="service" time="0.000" classname="com.example.java设计模式.单例.Test"/>
  <testcase name="service" time="0.000" classname="com.example.java设计模式.单例.Test"/>
  <testcase name="service" time="0.039" classname="com.example.java设计模式.单例.Test"/>
  <testcase name="service" time="0.001" classname="com.example.java设计模式.单例.Test"/>
  <testcase name="service" time="0.000" classname="com.example.java设计模式.单例.Test"/>
  <testcase name="service" time="0.461" classname="com.example.java设计模式.单例.Test"/>
  <testcase name="service" time="0.000" classname="com.example.java设计模式.单例.Test"/>
  <testcase name="service" time="0.000" classname="com.example.java设计模式.单例.Test"/>
  <testcase name="service" time="0.000" classname="com.example.java设计模式.单例.Test"/>
  <testcase name="service" time="0.001" classname="com.example.java设计模式.单例.Test"/>
  <testcase name="service" time="0.000" classname="com.example.java设计模式.单例.Test"/>
  <testcase name="service" time="0.138" classname="com.example.java设计模式.单例.Test"/>
  <testcase name="service" time="0.273" classname="com.example.java设计模式.单例.Test"/>
  <testcase name="service" time="0.000" classname="com.example.java设计模式.单例.Test"/>
  <testcase name="service" time="0.000" classname="com.example.java设计模式.单例.Test"/>
  <testcase name="service" time="0.405" classname="com.example.java设计模式.单例.Test"/>
  <testcase name="service" time="0.207" classname="com.example.java设计模式.单例.Test"/>
  <testcase name="service" time="5.646" classname="com.example.java设计模式.单例.Test"/>
  <testcase name="service" time="0.001" classname="com.example.java设计模式.单例.Test"/>
  <testcase name="service" time="0.884" classname="com.example.java设计模式.单例.Test"/>
  <testcase name="service" time="0.211" classname="com.example.java设计模式.单例.Test"/>
  <testcase name="service" time="0.000" classname="com.example.java设计模式.单例.Test"/>
  <testcase name="service" time="0.136" classname="com.example.java设计模式.单例.Test"/>
  <testcase name="service" time="0.000" classname="com.example.java设计模式.单例.Test"/>
  <testcase name="service" time="0.000" classname="com.example.java设计模式.单例.Test"/>
  <testcase name="service" time="0.242" classname="com.example.java设计模式.单例.Test"/>
  <testcase name="service" time="0.205" classname="com.example.java设计模式.单例.Test"/>
  <testcase name="service" time="0.000" classname="com.example.java设计模式.单例.Test"/>
  <testcase name="service" time="0.000" classname="com.example.java设计模式.单例.Test"/>
  <testcase name="service" time="0.000" classname="com.example.java设计模式.单例.Test"/>
  <testcase name="service" time="0.793" classname="com.example.java设计模式.单例.Test"/>
  <testcase name="service" time="1.519" classname="com.example.java设计模式.单例.Test"/>
  <testcase name="service" time="0.158" classname="com.example.java设计模式.单例.Test"/>
  <testcase name="service" time="0.414" classname="com.example.java设计模式.单例.Test"/>
  <testcase name="service" time="0.000" classname="com.example.java设计模式.单例.Test"/>
  <testcase name="service" time="0.862" classname="com.example.java设计模式.单例.Test"/>
  <testcase name="service" time="0.000" classname="com.example.java设计模式.单例.Test"/>
  <testcase name="service" time="0.000" classname="com.example.java设计模式.单例.Test"/>
  <testcase name="service" time="0.768" classname="com.example.java设计模式.单例.Test"/>
  <testcase name="service" time="0.001" classname="com.example.java设计模式.单例.Test"/>
  <testcase name="service" time="7.851" classname="com.example.java设计模式.单例.Test"/>
  <testcase name="service" time="0.000" classname="com.example.java设计模式.单例.Test"/>
  <testcase name="service" time="0.376" classname="com.example.java设计模式.单例.Test"/>
  <testcase name="service" time="0.210" classname="com.example.java设计模式.单例.Test"/>
  <testcase name="service" time="0.000" classname="com.example.java设计模式.单例.Test"/>
  <testcase name="service" time="0.000" classname="com.example.java设计模式.单例.Test"/>
  <testcase name="service" time="64.992" classname="com.example.java设计模式.单例.Test"/>
  <testcase name="service" time="0.000" classname="com.example.java设计模式.单例.Test"/>
  <testcase name="service" time="0.048" classname="com.example.java设计模式.单例.Test"/>
  <testcase name="service" time="0.000" classname="com.example.java设计模式.单例.Test"/>
  <testcase name="service" time="0.014" classname="com.example.java设计模式.单例.Test"/>
  <testcase name="service" time="0.000" classname="com.example.java设计模式.单例.Test"/>
  <testcase name="service" time="0.434" classname="com.example.java设计模式.单例.Test"/>
  <testcase name="service" time="0.000" classname="com.example.java设计模式.单例.Test"/>
  <testcase name="service" time="64.819" classname="com.example.java设计模式.单例.Test"/>
  <testcase name="service" time="0.129" classname="com.example.java设计模式.单例.Test"/>
  <testcase name="service" time="1.272" classname="com.example.java设计模式.单例.Test"/>
  <testcase name="service" time="0.000" classname="com.example.java设计模式.单例.Test"/>
  <testcase name="service" time="7.886" classname="com.example.java设计模式.单例.Test"/>
  <testcase name="service" time="0.001" classname="com.example.java设计模式.单例.Test"/>
  <testcase name="service" time="1.083" classname="com.example.java设计模式.单例.Test"/>
  <testcase name="service" time="0.000" classname="com.example.java设计模式.单例.Test"/>
  <testcase name="service" time="0.686" classname="com.example.java设计模式.单例.Test"/>
  <testcase name="service" time="0.000" classname="com.example.java设计模式.单例.Test"/>
  <testcase name="service" time="0.000" classname="com.example.java设计模式.单例.Test"/>
  <testcase name="service" time="0.001" classname="com.example.java设计模式.单例.Test"/>
  <testcase name="service" time="0.025" classname="com.example.java设计模式.单例.Test"/>
  <testcase name="service" time="0.719" classname="com.example.java设计模式.单例.Test"/>
  <testcase name="service" time="0.001" classname="com.example.java设计模式.单例.Test"/>
  <testcase name="service" time="0.000" classname="com.example.java设计模式.单例.Test"/>
  <testcase name="service" time="0.200" classname="com.example.java设计模式.单例.Test"/>
  <testcase name="service" time="0.000" classname="com.example.java设计模式.单例.Test"/>
  <testcase name="service" time="0.000" classname="com.example.java设计模式.单例.Test"/>
  <testcase name="service" time="0.279" classname="com.example.java设计模式.单例.Test"/>
  <testcase name="service" time="0.066" classname="com.example.java设计模式.单例.Test"/>
  <testcase name="service" time="0.000" classname="com.example.java设计模式.单例.Test"/>
  <testcase name="service" time="0.208" classname="com.example.java设计模式.单例.Test"/>
  <testcase name="service" time="0.373" classname="com.example.java设计模式.单例.Test"/>
  <testcase name="service" time="1.127" classname="com.example.java设计模式.单例.Test"/>
  <testcase name="service" time="0.000" classname="com.example.java设计模式.单例.Test"/>
  <testcase name="service" time="0.000" classname="com.example.java设计模式.单例.Test"/>
  <testcase name="service" time="0.000" classname="com.example.java设计模式.单例.Test"/>
  <testcase name="service" time="0.046" classname="com.example.java设计模式.单例.Test"/>
  <testcase name="service" time="0.091" classname="com.example.java设计模式.单例.Test"/>
  <testcase name="service" time="1.109" classname="com.example.java设计模式.单例.Test"/>
  <testcase name="service" time="0.000" classname="com.example.java设计模式.单例.Test"/>
  <testcase name="service" time="0.000" classname="com.example.java设计模式.单例.Test"/>
  <testcase name="service" time="0.199" classname="com.example.java设计模式.单例.Test"/>
  <testcase name="service" time="0.000" classname="com.example.java设计模式.单例.Test"/>
  <testcase name="service" time="0.000" classname="com.example.java设计模式.单例.Test"/>
  <testcase name="service" time="0.001" classname="com.example.java设计模式.单例.Test"/>
  <testcase name="service" time="0.000" classname="com.example.java设计模式.单例.Test"/>
  <testcase name="service" time="0.403" classname="com.example.java设计模式.单例.Test"/>
  <testcase name="service" time="0.131" classname="com.example.java设计模式.单例.Test"/>
  <testcase name="service" time="1.040" classname="com.example.java设计模式.单例.Test"/>
  <testcase name="service" time="0.484" classname="com.example.java设计模式.单例.Test"/>
  <testcase name="service" time="0.000" classname="com.example.java设计模式.单例.Test"/>
  <testcase name="service" time="8.314" classname="com.example.java设计模式.单例.Test"/>
  <testcase name="service" time="0.000" classname="com.example.java设计模式.单例.Test"/>
  <testcase name="service" time="0.808" classname="com.example.java设计模式.单例.Test"/>
  <testcase name="service" time="0.140" classname="com.example.java设计模式.单例.Test"/>
  <testcase name="service" time="0.001" classname="com.example.java设计模式.单例.Test"/>
  <testcase name="service" time="0.617" classname="com.example.java设计模式.单例.Test"/>
  <testcase name="service" time="0.001" classname="com.example.java设计模式.单例.Test"/>
  <testcase name="service" time="0.719" classname="com.example.java设计模式.单例.Test"/>
  <testcase name="service" time="0.001" classname="com.example.java设计模式.单例.Test"/>
  <testcase name="service" time="0.000" classname="com.example.java设计模式.单例.Test"/>
  <testcase name="service" time="0.003" classname="com.example.java设计模式.单例.Test"/>
  <testcase name="service" time="0.000" classname="com.example.java设计模式.单例.Test"/>
  <testcase name="service" time="0.000" classname="com.example.java设计模式.单例.Test"/>
  <testcase name="service" time="0.000" classname="com.example.java设计模式.单例.Test"/>
  <testcase name="service" time="1.304" classname="com.example.java设计模式.单例.Test"/>
  <testcase name="service" time="0.231" classname="com.example.java设计模式.单例.Test"/>
  <testcase name="service" time="65.035" classname="com.example.java设计模式.单例.Test"/>
  <testcase name="service" time="0.281" classname="com.example.java设计模式.单例.Test"/>
  <testcase name="service" time="0.000" classname="com.example.java设计模式.单例.Test"/>
  <testcase name="service" time="0.001" classname="com.example.java设计模式.单例.Test"/>
  <testcase name="service" time="0.000" classname="com.example.java设计模式.单例.Test"/>
  <testcase name="service" time="0.270" classname="com.example.java设计模式.单例.Test"/>
  <testcase name="service" time="0.260" classname="com.example.java设计模式.单例.Test"/>
  <testcase name="service" time="0.000" classname="com.example.java设计模式.单例.Test"/>
  <testcase name="service" time="7.086" classname="com.example.java设计模式.单例.Test"/>
  <testcase name="service" time="0.000" classname="com.example.java设计模式.单例.Test"/>
  <testcase name="service" time="0.000" classname="com.example.java设计模式.单例.Test"/>
  <testcase name="service" time="0.000" classname="com.example.java设计模式.单例.Test"/>
  <testcase name="service" time="1.080" classname="com.example.java设计模式.单例.Test"/>
  <testcase name="service" time="0.000" classname="com.example.java设计模式.单例.Test"/>
  <testcase name="service" time="6.872" classname="com.example.java设计模式.单例.Test"/>
  <testcase name="service" time="64.738" classname="com.example.java设计模式.单例.Test"/>
  <testcase name="service" time="0.010" classname="com.example.java设计模式.单例.Test"/>
  <testcase name="service" time="0.485" classname="com.example.java设计模式.单例.Test"/>
  <testcase name="service" time="0.923" classname="com.example.java设计模式.单例.Test"/>
  <testcase name="service" time="0.100" classname="com.example.java设计模式.单例.Test"/>
  <testcase name="service" time="0.000" classname="com.example.java设计模式.单例.Test"/>
  <testcase name="service" time="0.574" classname="com.example.java设计模式.单例.Test"/>
  <testcase name="service" time="0.001" classname="com.example.java设计模式.单例.Test"/>
  <testcase name="service" time="0.001" classname="com.example.java设计模式.单例.Test"/>
  <testcase name="service" time="0.001" classname="com.example.java设计模式.单例.Test"/>
  <testcase name="service" time="0.000" classname="com.example.java设计模式.单例.Test"/>
  <testcase name="service" time="0.000" classname="com.example.java设计模式.单例.Test"/>
  <testcase name="service" time="0.332" classname="com.example.java设计模式.单例.Test"/>
  <testcase name="service" time="0.544" classname="com.example.java设计模式.单例.Test"/>
  <testcase name="service" time="0.143" classname="com.example.java设计模式.单例.Test"/>
  <testcase name="service" time="0.099" classname="com.example.java设计模式.单例.Test"/>
  <testcase name="service" time="0.001" classname="com.example.java设计模式.单例.Test"/>
  <testcase name="service" time="64.861" classname="com.example.java设计模式.单例.Test"/>
  <testcase name="service" time="0.627" classname="com.example.java设计模式.单例.Test"/>
  <testcase name="service" time="0.343" classname="com.example.java设计模式.单例.Test"/>
  <testcase name="service" time="1.231" classname="com.example.java设计模式.单例.Test"/>
  <testcase name="service" time="0.001" classname="com.example.java设计模式.单例.Test"/>
  <testcase name="service" time="0.000" classname="com.example.java设计模式.单例.Test"/>
  <testcase name="service" time="0.000" classname="com.example.java设计模式.单例.Test"/>
  <testcase name="service" time="0.000" classname="com.example.java设计模式.单例.Test"/>
  <testcase name="service" time="0.000" classname="com.example.java设计模式.单例.Test"/>
  <testcase name="service" time="0.000" classname="com.example.java设计模式.单例.Test"/>
  <testcase name="service" time="0.384" classname="com.example.java设计模式.单例.Test"/>
  <testcase name="service" time="0.002" classname="com.example.java设计模式.单例.Test"/>
  <testcase name="service" time="0.018" classname="com.example.java设计模式.单例.Test"/>
  <testcase name="service" time="0.189" classname="com.example.java设计模式.单例.Test"/>
  <testcase name="service" time="0.000" classname="com.example.java设计模式.单例.Test"/>
  <testcase name="service" time="0.000" classname="com.example.java设计模式.单例.Test"/>
  <testcase name="service" time="0.000" classname="com.example.java设计模式.单例.Test"/>
  <testcase name="service" time="0.838" classname="com.example.java设计模式.单例.Test"/>
  <testcase name="service" time="0.182" classname="com.example.java设计模式.单例.Test"/>
  <testcase name="service" time="0.000" classname="com.example.java设计模式.单例.Test"/>
  <testcase name="service" time="1.663" classname="com.example.java设计模式.单例.Test"/>
  <testcase name="service" time="0.000" classname="com.example.java设计模式.单例.Test"/>
  <testcase name="service" time="0.000" classname="com.example.java设计模式.单例.Test"/>
  <testcase name="service" time="1.360" classname="com.example.java设计模式.单例.Test"/>
  <testcase name="service" time="0.000" classname="com.example.java设计模式.单例.Test"/>
  <testcase name="service" time="0.000" classname="com.example.java设计模式.单例.Test"/>
  <testcase name="service" time="0.172" classname="com.example.java设计模式.单例.Test"/>
  <testcase name="service" time="0.001" classname="com.example.java设计模式.单例.Test"/>
  <testcase name="service" time="0.000" classname="com.example.java设计模式.单例.Test"/>
  <testcase name="service" time="0.000" classname="com.example.java设计模式.单例.Test"/>
  <testcase name="service" time="0.000" classname="com.example.java设计模式.单例.Test"/>
  <testcase name="service" time="0.001" classname="com.example.java设计模式.单例.Test"/>
  <testcase name="service" time="0.000" classname="com.example.java设计模式.单例.Test"/>
  <testcase name="service" time="0.641" classname="com.example.java设计模式.单例.Test"/>
  <testcase name="service" time="0.048" classname="com.example.java设计模式.单例.Test"/>
  <testcase name="service" time="0.404" classname="com.example.java设计模式.单例.Test"/>
  <testcase name="service" time="1.107" classname="com.example.java设计模式.单例.Test"/>
  <testcase name="service" time="0.000" classname="com.example.java设计模式.单例.Test"/>
  <testcase name="service" time="0.312" classname="com.example.java设计模式.单例.Test"/>
  <testcase name="service" time="0.208" classname="com.example.java设计模式.单例.Test"/>
  <testcase name="service" time="0.000" classname="com.example.java设计模式.单例.Test"/>
  <testcase name="service" time="0.000" classname="com.example.java设计模式.单例.Test"/>
  <testcase name="service" time="0.000" classname="com.example.java设计模式.单例.Test"/>
  <testcase name="service" time="0.000" classname="com.example.java设计模式.单例.Test"/>
  <testcase name="service" time="0.000" classname="com.example.java设计模式.单例.Test"/>
  <testcase name="service" time="0.000" classname="com.example.java设计模式.单例.Test"/>
  <testcase name="service" time="0.308" classname="com.example.java设计模式.单例.Test"/>
  <testcase name="service" time="0.000" classname="com.example.java设计模式.单例.Test"/>
  <testcase name="service" time="0.000" classname="com.example.java设计模式.单例.Test"/>
  <testcase name="service" time="0.012" classname="com.example.java设计模式.单例.Test"/>
  <testcase name="service" time="0.000" classname="com.example.java设计模式.单例.Test"/>
  <testcase name="service" time="0.749" classname="com.example.java设计模式.单例.Test"/>
  <testcase name="service" time="0.001" classname="com.example.java设计模式.单例.Test"/>
  <testcase name="service" time="0.000" classname="com.example.java设计模式.单例.Test"/>
  <testcase name="service" time="0.001" classname="com.example.java设计模式.单例.Test"/>
  <testcase name="service" time="0.482" classname="com.example.java设计模式.单例.Test"/>
  <testcase name="service" time="0.000" classname="com.example.java设计模式.单例.Test"/>
  <testcase name="service" time="6.225" classname="com.example.java设计模式.单例.Test"/>
  <testcase name="service" time="6.596" classname="com.example.java设计模式.单例.Test"/>
  <testcase name="service" time="0.000" classname="com.example.java设计模式.单例.Test"/>
  <testcase name="service" time="0.000" classname="com.example.java设计模式.单例.Test"/>
  <testcase name="service" time="0.000" classname="com.example.java设计模式.单例.Test"/>
  <testcase name="service" time="0.171" classname="com.example.java设计模式.单例.Test"/>
  <testcase name="service" time="0.000" classname="com.example.java设计模式.单例.Test"/>
  <testcase name="service" time="0.000" classname="com.example.java设计模式.单例.Test"/>
  <testcase name="service" time="0.595" classname="com.example.java设计模式.单例.Test"/>
  <testcase name="service" time="0.000" classname="com.example.java设计模式.单例.Test"/>
  <testcase name="service" time="0.001" classname="com.example.java设计模式.单例.Test"/>
  <testcase name="service" time="0.389" classname="com.example.java设计模式.单例.Test"/>
  <testcase name="service" time="0.000" classname="com.example.java设计模式.单例.Test"/>
  <testcase name="service" time="0.000" classname="com.example.java设计模式.单例.Test"/>
  <testcase name="service" time="0.000" classname="com.example.java设计模式.单例.Test"/>
  <testcase name="service" time="0.000" classname="com.example.java设计模式.单例.Test"/>
  <testcase name="service" time="0.962" classname="com.example.java设计模式.单例.Test"/>
  <testcase name="service" time="0.000" classname="com.example.java设计模式.单例.Test"/>
  <testcase name="service" time="0.250" classname="com.example.java设计模式.单例.Test"/>
  <testcase name="service" time="0.197" classname="com.example.java设计模式.单例.Test"/>
  <testcase name="service" time="0.001" classname="com.example.java设计模式.单例.Test"/>
  <testcase name="service" time="0.000" classname="com.example.java设计模式.单例.Test"/>
  <testcase name="service" time="0.048" classname="com.example.java设计模式.单例.Test"/>
  <testcase name="service" time="6.496" classname="com.example.java设计模式.单例.Test"/>
  <testcase name="service" time="0.935" classname="com.example.java设计模式.单例.Test"/>
  <testcase name="service" time="0.380" classname="com.example.java设计模式.单例.Test"/>
  <testcase name="service" time="0.956" classname="com.example.java设计模式.单例.Test"/>
  <testcase name="service" time="0.035" classname="com.example.java设计模式.单例.Test"/>
  <testcase name="service" time="0.590" classname="com.example.java设计模式.单例.Test"/>
  <testcase name="service" time="0.000" classname="com.example.java设计模式.单例.Test"/>
  <testcase name="service" time="0.000" classname="com.example.java设计模式.单例.Test"/>
  <testcase name="service" time="1.246" classname="com.example.java设计模式.单例.Test"/>
  <testcase name="service" time="0.233" classname="com.example.java设计模式.单例.Test"/>
  <testcase name="service" time="0.819" classname="com.example.java设计模式.单例.Test"/>
  <testcase name="service" time="0.000" classname="com.example.java设计模式.单例.Test"/>
  <testcase name="service" time="0.148" classname="com.example.java设计模式.单例.Test"/>
  <testcase name="service" time="0.001" classname="com.example.java设计模式.单例.Test"/>
  <testcase name="service" time="0.076" classname="com.example.java设计模式.单例.Test"/>
  <testcase name="service" time="0.000" classname="com.example.java设计模式.单例.Test"/>
  <testcase name="service" time="1.530" classname="com.example.java设计模式.单例.Test"/>
  <testcase name="service" time="0.000" classname="com.example.java设计模式.单例.Test"/>
  <testcase name="service" time="0.000" classname="com.example.java设计模式.单例.Test"/>
  <testcase name="service" time="0.197" classname="com.example.java设计模式.单例.Test"/>
  <testcase name="service" time="0.001" classname="com.example.java设计模式.单例.Test"/>
  <testcase name="service" time="0.000" classname="com.example.java设计模式.单例.Test"/>
  <testcase name="service" time="0.001" classname="com.example.java设计模式.单例.Test"/>
  <testcase name="service" time="0.413" classname="com.example.java设计模式.单例.Test"/>
  <testcase name="service" time="0.000" classname="com.example.java设计模式.单例.Test"/>
  <testcase name="service" time="0.941" classname="com.example.java设计模式.单例.Test"/>
  <testcase name="service" time="0.000" classname="com.example.java设计模式.单例.Test"/>
  <testcase name="service" time="0.882" classname="com.example.java设计模式.单例.Test"/>
  <testcase name="service" time="0.000" classname="com.example.java设计模式.单例.Test"/>
  <testcase name="service" time="0.000" classname="com.example.java设计模式.单例.Test"/>
  <testcase name="service" time="0.000" classname="com.example.java设计模式.单例.Test"/>
  <testcase name="service" time="0.000" classname="com.example.java设计模式.单例.Test"/>
  <testcase name="service" time="0.000" classname="com.example.java设计模式.单例.Test"/>
  <testcase name="service" time="0.000" classname="com.example.java设计模式.单例.Test"/>
  <testcase name="service" time="0.001" classname="com.example.java设计模式.单例.Test"/>
  <testcase name="service" time="0.298" classname="com.example.java设计模式.单例.Test"/>
  <testcase name="service" time="0.000" classname="com.example.java设计模式.单例.Test"/>
  <testcase name="service" time="1.061" classname="com.example.java设计模式.单例.Test"/>
  <testcase name="service" time="0.000" classname="com.example.java设计模式.单例.Test"/>
  <testcase name="service" time="0.699" classname="com.example.java设计模式.单例.Test"/>
  <testcase name="service" time="0.158" classname="com.example.java设计模式.单例.Test"/>
  <testcase name="service" time="1.604" classname="com.example.java设计模式.单例.Test"/>
  <testcase name="service" time="0.840" classname="com.example.java设计模式.单例.Test"/>
  <testcase name="service" time="0.001" classname="com.example.java设计模式.单例.Test"/>
  <testcase name="service" time="0.428" classname="com.example.java设计模式.单例.Test"/>
  <testcase name="service" time="1.096" classname="com.example.java设计模式.单例.Test"/>
  <testcase name="service" time="0.000" classname="com.example.java设计模式.单例.Test"/>
  <testcase name="service" time="0.379" classname="com.example.java设计模式.单例.Test"/>
  <testcase name="service" time="0.001" classname="com.example.java设计模式.单例.Test"/>
  <testcase name="service" time="0.700" classname="com.example.java设计模式.单例.Test"/>
  <testcase name="service" time="0.232" classname="com.example.java设计模式.单例.Test"/>
  <testcase name="service" time="0.001" classname="com.example.java设计模式.单例.Test"/>
  <testcase name="service" time="0.000" classname="com.example.java设计模式.单例.Test"/>
  <testcase name="service" time="0.332" classname="com.example.java设计模式.单例.Test"/>
  <testcase name="service" time="0.000" classname="com.example.java设计模式.单例.Test"/>
  <testcase name="service" time="0.001" classname="com.example.java设计模式.单例.Test"/>
  <testcase name="service" time="0.000" classname="com.example.java设计模式.单例.Test"/>
  <testcase name="service" time="0.000" classname="com.example.java设计模式.单例.Test"/>
  <testcase name="service" time="0.000" classname="com.example.java设计模式.单例.Test"/>
  <testcase name="service" time="0.567" classname="com.example.java设计模式.单例.Test"/>
  <testcase name="service" time="0.000" classname="com.example.java设计模式.单例.Test"/>
  <testcase name="service" time="0.000" classname="com.example.java设计模式.单例.Test"/>
  <testcase name="service" time="0.852" classname="com.example.java设计模式.单例.Test"/>
  <testcase name="service" time="0.387" classname="com.example.java设计模式.单例.Test"/>
  <testcase name="service" time="0.122" classname="com.example.java设计模式.单例.Test"/>
  <testcase name="service" time="0.000" classname="com.example.java设计模式.单例.Test"/>
  <testcase name="service" time="0.227" classname="com.example.java设计模式.单例.Test"/>
  <testcase name="service" time="8.122" classname="com.example.java设计模式.单例.Test"/>
  <testcase name="service" time="0.000" classname="com.example.java设计模式.单例.Test"/>
  <testcase name="service" time="0.848" classname="com.example.java设计模式.单例.Test"/>
  <testcase name="service" time="0.001" classname="com.example.java设计模式.单例.Test"/>
  <testcase name="service" time="0.753" classname="com.example.java设计模式.单例.Test"/>
  <testcase name="service" time="64.752" classname="com.example.java设计模式.单例.Test"/>
  <testcase name="service" time="64.684" classname="com.example.java设计模式.单例.Test"/>
  <testcase name="service" time="0.443" classname="com.example.java设计模式.单例.Test"/>
  <testcase name="service" time="0.944" classname="com.example.java设计模式.单例.Test"/>
  <testcase name="service" time="0.000" classname="com.example.java设计模式.单例.Test"/>
  <testcase name="service" time="0.000" classname="com.example.java设计模式.单例.Test"/>
  <testcase name="service" time="0.000" classname="com.example.java设计模式.单例.Test"/>
  <testcase name="service" time="0.000" classname="com.example.java设计模式.单例.Test"/>
  <testcase name="service" time="0.374" classname="com.example.java设计模式.单例.Test"/>
  <testcase name="service" time="0.733" classname="com.example.java设计模式.单例.Test"/>
  <testcase name="service" time="0.008" classname="com.example.java设计模式.单例.Test"/>
  <testcase name="service" time="0.000" classname="com.example.java设计模式.单例.Test"/>
  <testcase name="service" time="0.029" classname="com.example.java设计模式.单例.Test"/>
  <testcase name="service" time="1.021" classname="com.example.java设计模式.单例.Test"/>
  <testcase name="service" time="0.437" classname="com.example.java设计模式.单例.Test"/>
  <testcase name="service" time="0.601" classname="com.example.java设计模式.单例.Test"/>
  <testcase name="service" time="0.000" classname="com.example.java设计模式.单例.Test"/>
  <testcase name="service" time="0.000" classname="com.example.java设计模式.单例.Test"/>
  <testcase name="service" time="8.115" classname="com.example.java设计模式.单例.Test"/>
  <testcase name="service" time="0.000" classname="com.example.java设计模式.单例.Test"/>
  <testcase name="service" time="0.001" classname="com.example.java设计模式.单例.Test"/>
  <testcase name="service" time="0.358" classname="com.example.java设计模式.单例.Test"/>
  <testcase name="service" time="0.000" classname="com.example.java设计模式.单例.Test"/>
  <testcase name="service" time="0.001" classname="com.example.java设计模式.单例.Test"/>
  <testcase name="service" time="0.000" classname="com.example.java设计模式.单例.Test"/>
  <testcase name="service" time="0.000" classname="com.example.java设计模式.单例.Test"/>
  <testcase name="service" time="0.000" classname="com.example.java设计模式.单例.Test"/>
  <testcase name="service" time="0.448" classname="com.example.java设计模式.单例.Test"/>
  <testcase name="service" time="0.000" classname="com.example.java设计模式.单例.Test"/>
  <testcase name="service" time="0.000" classname="com.example.java设计模式.单例.Test"/>
  <testcase name="service" time="0.210" classname="com.example.java设计模式.单例.Test"/>
  <testcase name="service" time="0.000" classname="com.example.java设计模式.单例.Test"/>
  <testcase name="service" time="0.055" classname="com.example.java设计模式.单例.Test"/>
  <testcase name="service" time="0.000" classname="com.example.java设计模式.单例.Test"/>
  <testcase name="service" time="0.000" classname="com.example.java设计模式.单例.Test"/>
  <testcase name="service" time="0.440" classname="com.example.java设计模式.单例.Test"/>
  <testcase name="service" time="0.000" classname="com.example.java设计模式.单例.Test"/>
  <testcase name="service" time="0.001" classname="com.example.java设计模式.单例.Test"/>
  <testcase name="service" time="0.589" classname="com.example.java设计模式.单例.Test"/>
  <testcase name="service" time="0.000" classname="com.example.java设计模式.单例.Test"/>
  <testcase name="service" time="0.000" classname="com.example.java设计模式.单例.Test"/>
  <testcase name="service" time="0.499" classname="com.example.java设计模式.单例.Test"/>
  <testcase name="service" time="1.008" classname="com.example.java设计模式.单例.Test"/>
  <testcase name="service" time="0.001" classname="com.example.java设计模式.单例.Test"/>
  <testcase name="service" time="0.000" classname="com.example.java设计模式.单例.Test"/>
  <testcase name="service" time="0.000" classname="com.example.java设计模式.单例.Test"/>
  <testcase name="service" time="0.000" classname="com.example.java设计模式.单例.Test"/>
  <testcase name="service" time="1.047" classname="com.example.java设计模式.单例.Test"/>
  <testcase name="service" time="0.000" classname="com.example.java设计模式.单例.Test"/>
  <testcase name="service" time="0.000" classname="com.example.java设计模式.单例.Test"/>
  <testcase name="service" time="0.001" classname="com.example.java设计模式.单例.Test"/>
  <testcase name="service" time="0.280" classname="com.example.java设计模式.单例.Test"/>
  <testcase name="service" time="0.000" classname="com.example.java设计模式.单例.Test"/>
  <testcase name="service" time="0.197" classname="com.example.java设计模式.单例.Test"/>
  <testcase name="service" time="0.001" classname="com.example.java设计模式.单例.Test"/>
  <testcase name="service" time="0.000" classname="com.example.java设计模式.单例.Test"/>
  <testcase name="service" time="0.001" classname="com.example.java设计模式.单例.Test"/>
  <testcase name="service" time="0.000" classname="com.example.java设计模式.单例.Test"/>
  <testcase name="service" time="0.378" classname="com.example.java设计模式.单例.Test"/>
  <testcase name="service" time="7.752" classname="com.example.java设计模式.单例.Test"/>
  <testcase name="service" time="0.009" classname="com.example.java设计模式.单例.Test"/>
  <testcase name="service" time="0.403" classname="com.example.java设计模式.单例.Test"/>
  <testcase name="service" time="0.413" classname="com.example.java设计模式.单例.Test"/>
  <testcase name="service" time="0.000" classname="com.example.java设计模式.单例.Test"/>
  <testcase name="service" time="0.000" classname="com.example.java设计模式.单例.Test"/>
  <testcase name="service" time="0.232" classname="com.example.java设计模式.单例.Test"/>
  <testcase name="service" time="0.000" classname="com.example.java设计模式.单例.Test"/>
  <testcase name="service" time="0.604" classname="com.example.java设计模式.单例.Test"/>
  <testcase name="service" time="0.000" classname="com.example.java设计模式.单例.Test"/>
  <testcase name="service" time="0.001" classname="com.example.java设计模式.单例.Test"/>
  <testcase name="service" time="0.000" classname="com.example.java设计模式.单例.Test"/>
  <testcase name="service" time="0.792" classname="com.example.java设计模式.单例.Test"/>
  <testcase name="service" time="0.314" classname="com.example.java设计模式.单例.Test"/>
  <testcase name="service" time="0.001" classname="com.example.java设计模式.单例.Test"/>
  <testcase name="service" time="0.497" classname="com.example.java设计模式.单例.Test"/>
  <testcase name="service" time="0.001" classname="com.example.java设计模式.单例.Test"/>
  <testcase name="service" time="0.000" classname="com.example.java设计模式.单例.Test"/>
  <testcase name="service" time="0.307" classname="com.example.java设计模式.单例.Test"/>
  <testcase name="service" time="0.000" classname="com.example.java设计模式.单例.Test"/>
  <testcase name="service" time="0.661" classname="com.example.java设计模式.单例.Test"/>
  <testcase name="service" time="0.136" classname="com.example.java设计模式.单例.Test"/>
  <testcase name="service" time="0.001" classname="com.example.java设计模式.单例.Test"/>
  <testcase name="service" time="0.000" classname="com.example.java设计模式.单例.Test"/>
  <testcase name="service" time="0.000" classname="com.example.java设计模式.单例.Test"/>
  <testcase name="service" time="0.001" classname="com.example.java设计模式.单例.Test"/>
  <testcase name="service" time="0.001" classname="com.example.java设计模式.单例.Test"/>
  <testcase name="service" time="0.646" classname="com.example.java设计模式.单例.Test"/>
  <testcase name="service" time="7.780" classname="com.example.java设计模式.单例.Test"/>
  <testcase name="service" time="0.499" classname="com.example.java设计模式.单例.Test"/>
  <testcase name="service" time="1.199" classname="com.example.java设计模式.单例.Test"/>
  <testcase name="service" time="0.000" classname="com.example.java设计模式.单例.Test"/>
  <testcase name="service" time="0.000" classname="com.example.java设计模式.单例.Test"/>
  <testcase name="service" time="0.000" classname="com.example.java设计模式.单例.Test"/>
  <testcase name="service" time="0.162" classname="com.example.java设计模式.单例.Test"/>
  <testcase name="service" time="0.000" classname="com.example.java设计模式.单例.Test"/>
  <testcase name="service" time="1.018" classname="com.example.java设计模式.单例.Test"/>
  <testcase name="service" time="0.747" classname="com.example.java设计模式.单例.Test"/>
  <testcase name="service" time="0.043" classname="com.example.java设计模式.单例.Test"/>
  <testcase name="service" time="0.000" classname="com.example.java设计模式.单例.Test"/>
  <testcase name="service" time="6.740" classname="com.example.java设计模式.单例.Test"/>
  <testcase name="service" time="1.270" classname="com.example.java设计模式.单例.Test"/>
  <testcase name="service" time="0.112" classname="com.example.java设计模式.单例.Test"/>
  <testcase name="service" time="0.196" classname="com.example.java设计模式.单例.Test"/>
  <testcase name="service" time="0.000" classname="com.example.java设计模式.单例.Test"/>
  <testcase name="service" time="0.221" classname="com.example.java设计模式.单例.Test"/>
  <testcase name="service" time="0.859" classname="com.example.java设计模式.单例.Test"/>
  <testcase name="service" time="0.223" classname="com.example.java设计模式.单例.Test"/>
  <testcase name="service" time="0.494" classname="com.example.java设计模式.单例.Test"/>
  <testcase name="service" time="0.426" classname="com.example.java设计模式.单例.Test"/>
  <testcase name="service" time="0.000" classname="com.example.java设计模式.单例.Test"/>
  <testcase name="service" time="0.000" classname="com.example.java设计模式.单例.Test"/>
  <testcase name="service" time="0.374" classname="com.example.java设计模式.单例.Test"/>
  <testcase name="service" time="0.198" classname="com.example.java设计模式.单例.Test"/>
  <testcase name="service" time="0.001" classname="com.example.java设计模式.单例.Test"/>
  <testcase name="service" time="0.000" classname="com.example.java设计模式.单例.Test"/>
  <testcase name="service" time="0.562" classname="com.example.java设计模式.单例.Test"/>
  <testcase name="service" time="0.251" classname="com.example.java设计模式.单例.Test"/>
  <testcase name="service" time="6.526" classname="com.example.java设计模式.单例.Test"/>
  <testcase name="service" time="1.628" classname="com.example.java设计模式.单例.Test"/>
  <testcase name="service" time="1.043" classname="com.example.java设计模式.单例.Test"/>
  <testcase name="service" time="1.126" classname="com.example.java设计模式.单例.Test"/>
  <testcase name="service" time="0.000" classname="com.example.java设计模式.单例.Test"/>
  <testcase name="service" time="0.275" classname="com.example.java设计模式.单例.Test"/>
  <testcase name="service" time="0.000" classname="com.example.java设计模式.单例.Test"/>
  <testcase name="service" time="0.000" classname="com.example.java设计模式.单例.Test"/>
  <testcase name="service" time="0.000" classname="com.example.java设计模式.单例.Test"/>
  <testcase name="service" time="0.001" classname="com.example.java设计模式.单例.Test"/>
  <testcase name="service" time="7.614" classname="com.example.java设计模式.单例.Test"/>
  <testcase name="service" time="1.556" classname="com.example.java设计模式.单例.Test"/>
  <testcase name="service" time="0.649" classname="com.example.java设计模式.单例.Test"/>
  <testcase name="service" time="0.001" classname="com.example.java设计模式.单例.Test"/>
  <testcase name="service" time="0.593" classname="com.example.java设计模式.单例.Test"/>
  <testcase name="service" time="1.635" classname="com.example.java设计模式.单例.Test"/>
  <testcase name="service" time="0.000" classname="com.example.java设计模式.单例.Test"/>
  <testcase name="service" time="0.001" classname="com.example.java设计模式.单例.Test"/>
  <testcase name="service" time="0.001" classname="com.example.java设计模式.单例.Test"/>
  <testcase name="service" time="0.000" classname="com.example.java设计模式.单例.Test"/>
  <testcase name="service" time="0.000" classname="com.example.java设计模式.单例.Test"/>
  <testcase name="service" time="0.001" classname="com.example.java设计模式.单例.Test"/>
  <testcase name="service" time="1.270" classname="com.example.java设计模式.单例.Test"/>
  <testcase name="service" time="0.000" classname="com.example.java设计模式.单例.Test"/>
  <testcase name="service" time="0.005" classname="com.example.java设计模式.单例.Test"/>
  <testcase name="service" time="1.196" classname="com.example.java设计模式.单例.Test"/>
  <testcase name="service" time="0.000" classname="com.example.java设计模式.单例.Test"/>
  <testcase name="service" time="0.001" classname="com.example.java设计模式.单例.Test"/>
  <testcase name="service" time="0.000" classname="com.example.java设计模式.单例.Test"/>
  <testcase name="service" time="6.607" classname="com.example.java设计模式.单例.Test"/>
  <testcase name="service" time="0.001" classname="com.example.java设计模式.单例.Test"/>
  <testcase name="service" time="0.000" classname="com.example.java设计模式.单例.Test"/>
  <testcase name="service" time="0.000" classname="com.example.java设计模式.单例.Test"/>
  <testcase name="service" time="0.814" classname="com.example.java设计模式.单例.Test"/>
  <testcase name="service" time="1.203" classname="com.example.java设计模式.单例.Test"/>
  <testcase name="service" time="0.000" classname="com.example.java设计模式.单例.Test"/>
  <testcase name="service" time="0.000" classname="com.example.java设计模式.单例.Test"/>
  <testcase name="service" time="0.000" classname="com.example.java设计模式.单例.Test"/>
  <testcase name="service" time="0.020" classname="com.example.java设计模式.单例.Test"/>
  <testcase name="service" time="0.228" classname="com.example.java设计模式.单例.Test"/>
  <testcase name="service" time="0.000" classname="com.example.java设计模式.单例.Test"/>
  <testcase name="service" time="0.000" classname="com.example.java设计模式.单例.Test"/>
  <testcase name="service" time="0.572" classname="com.example.java设计模式.单例.Test"/>
  <testcase name="service" time="0.000" classname="com.example.java设计模式.单例.Test"/>
  <testcase name="service" time="65.050" classname="com.example.java设计模式.单例.Test"/>
  <testcase name="service" time="0.001" classname="com.example.java设计模式.单例.Test"/>
  <testcase name="service" time="0.186" classname="com.example.java设计模式.单例.Test"/>
  <testcase name="service" time="0.626" classname="com.example.java设计模式.单例.Test"/>
  <testcase name="service" time="0.000" classname="com.example.java设计模式.单例.Test"/>
  <testcase name="service" time="0.001" classname="com.example.java设计模式.单例.Test"/>
  <testcase name="service" time="0.223" classname="com.example.java设计模式.单例.Test"/>
  <testcase name="service" time="0.797" classname="com.example.java设计模式.单例.Test"/>
  <testcase name="service" time="0.265" classname="com.example.java设计模式.单例.Test"/>
  <testcase name="service" time="0.353" classname="com.example.java设计模式.单例.Test"/>
  <testcase name="service" time="0.687" classname="com.example.java设计模式.单例.Test"/>
  <testcase name="service" time="0.001" classname="com.example.java设计模式.单例.Test"/>
  <testcase name="service" time="0.495" classname="com.example.java设计模式.单例.Test"/>
  <testcase name="service" time="0.001" classname="com.example.java设计模式.单例.Test"/>
  <testcase name="service" time="0.254" classname="com.example.java设计模式.单例.Test"/>
  <testcase name="service" time="0.000" classname="com.example.java设计模式.单例.Test"/>
  <testcase name="service" time="0.443" classname="com.example.java设计模式.单例.Test"/>
  <testcase name="service" time="0.000" classname="com.example.java设计模式.单例.Test"/>
  <testcase name="service" time="0.388" classname="com.example.java设计模式.单例.Test"/>
  <testcase name="service" time="0.891" classname="com.example.java设计模式.单例.Test"/>
  <testcase name="service" time="0.056" classname="com.example.java设计模式.单例.Test"/>
  <testcase name="service" time="0.266" classname="com.example.java设计模式.单例.Test"/>
  <testcase name="service" time="0.868" classname="com.example.java设计模式.单例.Test"/>
  <testcase name="service" time="0.129" classname="com.example.java设计模式.单例.Test"/>
  <testcase name="service" time="0.000" classname="com.example.java设计模式.单例.Test"/>
  <testcase name="service" time="0.000" classname="com.example.java设计模式.单例.Test"/>
  <testcase name="service" time="1.476" classname="com.example.java设计模式.单例.Test"/>
  <testcase name="service" time="0.797" classname="com.example.java设计模式.单例.Test"/>
  <testcase name="service" time="64.505" classname="com.example.java设计模式.单例.Test"/>
  <testcase name="service" time="0.513" classname="com.example.java设计模式.单例.Test"/>
  <testcase name="service" time="0.000" classname="com.example.java设计模式.单例.Test"/>
  <testcase name="service" time="0.001" classname="com.example.java设计模式.单例.Test"/>
  <testcase name="service" time="0.022" classname="com.example.java设计模式.单例.Test"/>
  <testcase name="service" time="0.485" classname="com.example.java设计模式.单例.Test"/>
  <testcase name="service" time="0.000" classname="com.example.java设计模式.单例.Test"/>
  <testcase name="service" time="0.073" classname="com.example.java设计模式.单例.Test"/>
  <testcase name="service" time="0.001" classname="com.example.java设计模式.单例.Test"/>
  <testcase name="service" time="0.000" classname="com.example.java设计模式.单例.Test"/>
  <testcase name="service" time="0.751" classname="com.example.java设计模式.单例.Test"/>
  <testcase name="service" time="0.000" classname="com.example.java设计模式.单例.Test"/>
  <testcase name="service" time="0.850" classname="com.example.java设计模式.单例.Test"/>
  <testcase name="service" time="0.001" classname="com.example.java设计模式.单例.Test"/>
  <testcase name="service" time="0.000" classname="com.example.java设计模式.单例.Test"/>
  <testcase name="service" time="0.000" classname="com.example.java设计模式.单例.Test"/>
  <testcase name="service" time="0.000" classname="com.example.java设计模式.单例.Test"/>
  <testcase name="service" time="0.249" classname="com.example.java设计模式.单例.Test"/>
  <testcase name="service" time="0.114" classname="com.example.java设计模式.单例.Test"/>
  <testcase name="service" time="0.553" classname="com.example.java设计模式.单例.Test"/>
  <testcase name="service" time="0.000" classname="com.example.java设计模式.单例.Test"/>
  <testcase name="service" time="0.843" classname="com.example.java设计模式.单例.Test"/>
  <testcase name="service" time="0.306" classname="com.example.java设计模式.单例.Test"/>
  <testcase name="service" time="0.000" classname="com.example.java设计模式.单例.Test"/>
  <testcase name="service" time="0.169" classname="com.example.java设计模式.单例.Test"/>
  <testcase name="service" time="0.441" classname="com.example.java设计模式.单例.Test"/>
  <testcase name="service" time="0.000" classname="com.example.java设计模式.单例.Test"/>
  <testcase name="service" time="6.760" classname="com.example.java设计模式.单例.Test"/>
  <testcase name="service" time="1.622" classname="com.example.java设计模式.单例.Test"/>
  <testcase name="service" time="0.000" classname="com.example.java设计模式.单例.Test"/>
  <testcase name="service" time="0.642" classname="com.example.java设计模式.单例.Test"/>
  <testcase name="service" time="0.104" classname="com.example.java设计模式.单例.Test"/>
  <testcase name="service" time="0.008" classname="com.example.java设计模式.单例.Test"/>
  <testcase name="service" time="0.000" classname="com.example.java设计模式.单例.Test"/>
  <testcase name="service" time="0.098" classname="com.example.java设计模式.单例.Test"/>
  <testcase name="service" time="0.056" classname="com.example.java设计模式.单例.Test"/>
  <testcase name="service" time="1.412" classname="com.example.java设计模式.单例.Test"/>
  <testcase name="service" time="1.148" classname="com.example.java设计模式.单例.Test"/>
  <testcase name="service" time="0.000" classname="com.example.java设计模式.单例.Test"/>
  <testcase name="service" time="0.000" classname="com.example.java设计模式.单例.Test"/>
  <testcase name="service" time="0.000" classname="com.example.java设计模式.单例.Test"/>
  <testcase name="service" time="0.001" classname="com.example.java设计模式.单例.Test"/>
  <testcase name="service" time="0.001" classname="com.example.java设计模式.单例.Test"/>
  <testcase name="service" time="1.119" classname="com.example.java设计模式.单例.Test"/>
  <testcase name="service" time="0.515" classname="com.example.java设计模式.单例.Test"/>
  <testcase name="service" time="0.064" classname="com.example.java设计模式.单例.Test"/>
  <testcase name="service" time="0.000" classname="com.example.java设计模式.单例.Test"/>
  <testcase name="service" time="0.000" classname="com.example.java设计模式.单例.Test"/>
  <testcase name="service" time="0.000" classname="com.example.java设计模式.单例.Test"/>
  <testcase name="service" time="0.001" classname="com.example.java设计模式.单例.Test"/>
  <testcase name="service" time="0.001" classname="com.example.java设计模式.单例.Test"/>
  <testcase name="service" time="0.000" classname="com.example.java设计模式.单例.Test"/>
  <testcase name="service" time="1.352" classname="com.example.java设计模式.单例.Test"/>
  <testcase name="service" time="0.000" classname="com.example.java设计模式.单例.Test"/>
  <testcase name="service" time="0.000" classname="com.example.java设计模式.单例.Test"/>
  <testcase name="service" time="0.139" classname="com.example.java设计模式.单例.Test"/>
  <testcase name="service" time="0.000" classname="com.example.java设计模式.单例.Test"/>
  <testcase name="service" time="0.000" classname="com.example.java设计模式.单例.Test"/>
  <testcase name="service" time="0.001" classname="com.example.java设计模式.单例.Test"/>
  <testcase name="service" time="0.196" classname="com.example.java设计模式.单例.Test"/>
  <testcase name="service" time="0.001" classname="com.example.java设计模式.单例.Test"/>
  <testcase name="service" time="0.000" classname="com.example.java设计模式.单例.Test"/>
  <testcase name="service" time="0.000" classname="com.example.java设计模式.单例.Test"/>
  <testcase name="service" time="0.000" classname="com.example.java设计模式.单例.Test"/>
  <testcase name="service" time="0.001" classname="com.example.java设计模式.单例.Test"/>
  <testcase name="service" time="0.000" classname="com.example.java设计模式.单例.Test"/>
  <testcase name="service" time="0.000" classname="com.example.java设计模式.单例.Test"/>
  <testcase name="service" time="0.322" classname="com.example.java设计模式.单例.Test"/>
  <testcase name="service" time="0.470" classname="com.example.java设计模式.单例.Test"/>
  <testcase name="service" time="0.639" classname="com.example.java设计模式.单例.Test"/>
  <testcase name="service" time="0.000" classname="com.example.java设计模式.单例.Test"/>
  <testcase name="service" time="0.743" classname="com.example.java设计模式.单例.Test"/>
  <testcase name="service" time="0.797" classname="com.example.java设计模式.单例.Test"/>
  <testcase name="service" time="0.000" classname="com.example.java设计模式.单例.Test"/>
  <testcase name="service" time="0.000" classname="com.example.java设计模式.单例.Test"/>
  <testcase name="service" time="0.784" classname="com.example.java设计模式.单例.Test"/>
  <testcase name="service" time="0.000" classname="com.example.java设计模式.单例.Test"/>
  <testcase name="service" time="0.096" classname="com.example.java设计模式.单例.Test"/>
  <testcase name="service" time="1.016" classname="com.example.java设计模式.单例.Test"/>
  <testcase name="service" time="0.258" classname="com.example.java设计模式.单例.Test"/>
  <testcase name="service" time="0.000" classname="com.example.java设计模式.单例.Test"/>
  <testcase name="service" time="6.904" classname="com.example.java设计模式.单例.Test"/>
  <testcase name="service" time="0.001" classname="com.example.java设计模式.单例.Test"/>
  <testcase name="service" time="0.702" classname="com.example.java设计模式.单例.Test"/>
  <testcase name="service" time="0.000" classname="com.example.java设计模式.单例.Test"/>
  <testcase name="service" time="0.001" classname="com.example.java设计模式.单例.Test"/>
  <testcase name="service" time="64.917" classname="com.example.java设计模式.单例.Test"/>
  <testcase name="service" time="0.108" classname="com.example.java设计模式.单例.Test"/>
  <testcase name="service" time="0.320" classname="com.example.java设计模式.单例.Test"/>
  <testcase name="service" time="0.319" classname="com.example.java设计模式.单例.Test"/>
  <testcase name="service" time="1.135" classname="com.example.java设计模式.单例.Test"/>
  <testcase name="service" time="0.001" classname="com.example.java设计模式.单例.Test"/>
  <testcase name="service" time="0.788" classname="com.example.java设计模式.单例.Test"/>
  <testcase name="service" time="0.608" classname="com.example.java设计模式.单例.Test"/>
  <testcase name="service" time="0.001" classname="com.example.java设计模式.单例.Test"/>
  <testcase name="service" time="0.000" classname="com.example.java设计模式.单例.Test"/>
  <testcase name="service" time="0.000" classname="com.example.java设计模式.单例.Test"/>
  <testcase name="service" time="0.450" classname="com.example.java设计模式.单例.Test"/>
  <testcase name="service" time="0.000" classname="com.example.java设计模式.单例.Test"/>
  <testcase name="service" time="0.505" classname="com.example.java设计模式.单例.Test"/>
  <testcase name="service" time="0.286" classname="com.example.java设计模式.单例.Test"/>
  <testcase name="service" time="0.273" classname="com.example.java设计模式.单例.Test"/>
  <testcase name="service" time="0.294" classname="com.example.java设计模式.单例.Test"/>
  <testcase name="service" time="64.943" classname="com.example.java设计模式.单例.Test"/>
  <testcase name="service" time="0.603" classname="com.example.java设计模式.单例.Test"/>
  <testcase name="service" time="0.000" classname="com.example.java设计模式.单例.Test"/>
  <testcase name="service" time="0.632" classname="com.example.java设计模式.单例.Test"/>
  <testcase name="service" time="0.001" classname="com.example.java设计模式.单例.Test"/>
  <testcase name="service" time="0.001" classname="com.example.java设计模式.单例.Test"/>
  <testcase name="service" time="0.000" classname="com.example.java设计模式.单例.Test"/>
  <testcase name="service" time="0.000" classname="com.example.java设计模式.单例.Test"/>
  <testcase name="service" time="0.000" classname="com.example.java设计模式.单例.Test"/>
  <testcase name="service" time="0.399" classname="com.example.java设计模式.单例.Test"/>
  <testcase name="service" time="0.000" classname="com.example.java设计模式.单例.Test"/>
  <testcase name="service" time="0.000" classname="com.example.java设计模式.单例.Test"/>
  <testcase name="service" time="1.099" classname="com.example.java设计模式.单例.Test"/>
  <testcase name="service" time="0.954" classname="com.example.java设计模式.单例.Test"/>
  <testcase name="service" time="0.001" classname="com.example.java设计模式.单例.Test"/>
  <testcase name="service" time="1.040" classname="com.example.java设计模式.单例.Test"/>
  <testcase name="service" time="0.001" classname="com.example.java设计模式.单例.Test"/>
  <testcase name="service" time="0.001" classname="com.example.java设计模式.单例.Test"/>
  <testcase name="service" time="0.519" classname="com.example.java设计模式.单例.Test"/>
  <testcase name="service" time="0.141" classname="com.example.java设计模式.单例.Test"/>
  <testcase name="service" time="0.000" classname="com.example.java设计模式.单例.Test"/>
  <testcase name="service" time="0.171" classname="com.example.java设计模式.单例.Test"/>
  <testcase name="service" time="0.208" classname="com.example.java设计模式.单例.Test"/>
  <testcase name="service" time="8.255" classname="com.example.java设计模式.单例.Test"/>
  <testcase name="service" time="0.967" classname="com.example.java设计模式.单例.Test"/>
  <testcase name="service" time="0.932" classname="com.example.java设计模式.单例.Test"/>
  <testcase name="service" time="0.271" classname="com.example.java设计模式.单例.Test"/>
  <testcase name="service" time="0.000" classname="com.example.java设计模式.单例.Test"/>
  <testcase name="service" time="5.157" classname="com.example.java设计模式.单例.Test"/>
  <testcase name="service" time="0.087" classname="com.example.java设计模式.单例.Test"/>
  <testcase name="service" time="0.040" classname="com.example.java设计模式.单例.Test"/>
  <testcase name="service" time="0.947" classname="com.example.java设计模式.单例.Test"/>
  <testcase name="service" time="0.941" classname="com.example.java设计模式.单例.Test"/>
  <testcase name="service" time="0.000" classname="com.example.java设计模式.单例.Test"/>
  <testcase name="service" time="1.798" classname="com.example.java设计模式.单例.Test"/>
  <testcase name="service" time="0.000" classname="com.example.java设计模式.单例.Test"/>
  <testcase name="service" time="8.152" classname="com.example.java设计模式.单例.Test"/>
  <testcase name="service" time="0.000" classname="com.example.java设计模式.单例.Test"/>
  <testcase name="service" time="0.300" classname="com.example.java设计模式.单例.Test"/>
  <testcase name="service" time="0.000" classname="com.example.java设计模式.单例.Test"/>
  <testcase name="service" time="6.833" classname="com.example.java设计模式.单例.Test"/>
  <testcase name="service" time="6.688" classname="com.example.java设计模式.单例.Test"/>
  <testcase name="service" time="0.000" classname="com.example.java设计模式.单例.Test"/>
  <testcase name="service" time="0.325" classname="com.example.java设计模式.单例.Test"/>
  <testcase name="service" time="0.000" classname="com.example.java设计模式.单例.Test"/>
  <testcase name="service" time="0.652" classname="com.example.java设计模式.单例.Test"/>
  <testcase name="service" time="0.411" classname="com.example.java设计模式.单例.Test"/>
  <testcase name="service" time="0.483" classname="com.example.java设计模式.单例.Test"/>
  <testcase name="service" time="0.000" classname="com.example.java设计模式.单例.Test"/>
  <testcase name="service" time="0.000" classname="com.example.java设计模式.单例.Test"/>
  <testcase name="service" time="0.000" classname="com.example.java设计模式.单例.Test"/>
  <testcase name="service" time="0.837" classname="com.example.java设计模式.单例.Test"/>
  <testcase name="service" time="0.001" classname="com.example.java设计模式.单例.Test"/>
  <testcase name="service" time="0.256" classname="com.example.java设计模式.单例.Test"/>
  <testcase name="service" time="0.216" classname="com.example.java设计模式.单例.Test"/>
  <testcase name="service" time="0.267" classname="com.example.java设计模式.单例.Test"/>
  <testcase name="service" time="8.067" classname="com.example.java设计模式.单例.Test"/>
  <testcase name="service" time="0.000" classname="com.example.java设计模式.单例.Test"/>
  <testcase name="service" time="0.001" classname="com.example.java设计模式.单例.Test"/>
  <testcase name="service" time="0.000" classname="com.example.java设计模式.单例.Test"/>
  <testcase name="service" time="0.000" classname="com.example.java设计模式.单例.Test"/>
  <testcase name="service" time="0.000" classname="com.example.java设计模式.单例.Test"/>
  <testcase name="service" time="0.000" classname="com.example.java设计模式.单例.Test"/>
  <testcase name="service" time="0.000" classname="com.example.java设计模式.单例.Test"/>
  <testcase name="service" time="0.964" classname="com.example.java设计模式.单例.Test"/>
  <testcase name="service" time="0.000" classname="com.example.java设计模式.单例.Test"/>
  <testcase name="service" time="7.882" classname="com.example.java设计模式.单例.Test"/>
  <testcase name="service" time="0.628" classname="com.example.java设计模式.单例.Test"/>
  <testcase name="service" time="64.971" classname="com.example.java设计模式.单例.Test"/>
  <testcase name="service" time="64.553" classname="com.example.java设计模式.单例.Test"/>
  <testcase name="service" time="1.055" classname="com.example.java设计模式.单例.Test"/>
  <testcase name="service" time="1.148" classname="com.example.java设计模式.单例.Test"/>
  <testcase name="service" time="0.184" classname="com.example.java设计模式.单例.Test"/>
  <testcase name="service" time="0.691" classname="com.example.java设计模式.单例.Test"/>
  <testcase name="service" time="0.000" classname="com.example.java设计模式.单例.Test"/>
  <testcase name="service" time="0.000" classname="com.example.java设计模式.单例.Test"/>
  <testcase name="service" time="0.107" classname="com.example.java设计模式.单例.Test"/>
  <testcase name="service" time="0.838" classname="com.example.java设计模式.单例.Test"/>
  <testcase name="service" time="0.000" classname="com.example.java设计模式.单例.Test"/>
  <testcase name="service" time="0.000" classname="com.example.java设计模式.单例.Test"/>
  <testcase name="service" time="0.366" classname="com.example.java设计模式.单例.Test"/>
  <testcase name="service" time="0.927" classname="com.example.java设计模式.单例.Test"/>
  <testcase name="service" time="0.099" classname="com.example.java设计模式.单例.Test"/>
  <testcase name="service" time="0.407" classname="com.example.java设计模式.单例.Test"/>
  <testcase name="service" time="0.480" classname="com.example.java设计模式.单例.Test"/>
  <testcase name="service" time="8.036" classname="com.example.java设计模式.单例.Test"/>
  <testcase name="service" time="0.030" classname="com.example.java设计模式.单例.Test"/>
  <testcase name="service" time="64.347" classname="com.example.java设计模式.单例.Test"/>
  <testcase name="service" time="0.000" classname="com.example.java设计模式.单例.Test"/>
  <testcase name="service" time="0.000" classname="com.example.java设计模式.单例.Test"/>
  <testcase name="service" time="0.000" classname="com.example.java设计模式.单例.Test"/>
  <testcase name="service" time="0.384" classname="com.example.java设计模式.单例.Test"/>
  <testcase name="service" time="0.969" classname="com.example.java设计模式.单例.Test"/>
  <testcase name="service" time="1.063" classname="com.example.java设计模式.单例.Test"/>
  <testcase name="service" time="0.047" classname="com.example.java设计模式.单例.Test"/>
  <testcase name="service" time="7.865" classname="com.example.java设计模式.单例.Test"/>
  <testcase name="service" time="0.000" classname="com.example.java设计模式.单例.Test"/>
  <testcase name="service" time="0.000" classname="com.example.java设计模式.单例.Test"/>
  <testcase name="service" time="0.000" classname="com.example.java设计模式.单例.Test"/>
  <testcase name="service" time="0.293" classname="com.example.java设计模式.单例.Test"/>
  <testcase name="service" time="0.000" classname="com.example.java设计模式.单例.Test"/>
  <testcase name="service" time="0.002" classname="com.example.java设计模式.单例.Test"/>
  <testcase name="service" time="1.371" classname="com.example.java设计模式.单例.Test"/>
  <testcase name="service" time="0.589" classname="com.example.java设计模式.单例.Test"/>
  <testcase name="service" time="0.000" classname="com.example.java设计模式.单例.Test"/>
  <testcase name="service" time="0.379" classname="com.example.java设计模式.单例.Test"/>
  <testcase name="service" time="0.000" classname="com.example.java设计模式.单例.Test"/>
  <testcase name="service" time="0.001" classname="com.example.java设计模式.单例.Test"/>
  <testcase name="service" time="64.943" classname="com.example.java设计模式.单例.Test"/>
  <testcase name="service" time="0.001" classname="com.example.java设计模式.单例.Test"/>
  <testcase name="service" time="0.000" classname="com.example.java设计模式.单例.Test"/>
  <testcase name="service" time="0.784" classname="com.example.java设计模式.单例.Test"/>
  <testcase name="service" time="0.127" classname="com.example.java设计模式.单例.Test"/>
  <testcase name="service" time="0.000" classname="com.example.java设计模式.单例.Test"/>
  <testcase name="service" time="0.000" classname="com.example.java设计模式.单例.Test"/>
  <testcase name="service" time="0.000" classname="com.example.java设计模式.单例.Test"/>
  <testcase name="service" time="0.001" classname="com.example.java设计模式.单例.Test"/>
  <testcase name="service" time="0.357" classname="com.example.java设计模式.单例.Test"/>
  <testcase name="service" time="0.000" classname="com.example.java设计模式.单例.Test"/>
  <testcase name="service" time="8.111" classname="com.example.java设计模式.单例.Test"/>
  <testcase name="service" time="0.000" classname="com.example.java设计模式.单例.Test"/>
  <testcase name="service" time="0.000" classname="com.example.java设计模式.单例.Test"/>
  <testcase name="service" time="0.374" classname="com.example.java设计模式.单例.Test"/>
  <testcase name="service" time="0.001" classname="com.example.java设计模式.单例.Test"/>
  <testcase name="service" time="0.000" classname="com.example.java设计模式.单例.Test"/>
  <testcase name="service" time="0.000" classname="com.example.java设计模式.单例.Test"/>
  <testcase name="service" time="0.000" classname="com.example.java设计模式.单例.Test"/>
  <testcase name="service" time="0.000" classname="com.example.java设计模式.单例.Test"/>
  <testcase name="service" time="0.770" classname="com.example.java设计模式.单例.Test"/>
  <testcase name="service" time="0.000" classname="com.example.java设计模式.单例.Test"/>
  <testcase name="service" time="0.001" classname="com.example.java设计模式.单例.Test"/>
  <testcase name="service" time="6.342" classname="com.example.java设计模式.单例.Test"/>
  <testcase name="service" time="5.048" classname="com.example.java设计模式.单例.Test"/>
  <testcase name="service" time="0.028" classname="com.example.java设计模式.单例.Test"/>
  <testcase name="service" time="0.065" classname="com.example.java设计模式.单例.Test"/>
  <testcase name="service" time="0.000" classname="com.example.java设计模式.单例.Test"/>
  <testcase name="service" time="0.000" classname="com.example.java设计模式.单例.Test"/>
  <testcase name="service" time="0.000" classname="com.example.java设计模式.单例.Test"/>
  <testcase name="service" time="0.000" classname="com.example.java设计模式.单例.Test"/>
  <testcase name="service" time="0.973" classname="com.example.java设计模式.单例.Test"/>
  <testcase name="service" time="5.979" classname="com.example.java设计模式.单例.Test"/>
  <testcase name="service" time="5.111" classname="com.example.java设计模式.单例.Test"/>
  <testcase name="service" time="0.260" classname="com.example.java设计模式.单例.Test"/>
  <testcase name="service" time="0.000" classname="com.example.java设计模式.单例.Test"/>
  <testcase name="service" time="0.750" classname="com.example.java设计模式.单例.Test"/>
  <testcase name="service" time="0.154" classname="com.example.java设计模式.单例.Test"/>
  <testcase name="service" time="0.001" classname="com.example.java设计模式.单例.Test"/>
  <testcase name="service" time="0.000" classname="com.example.java设计模式.单例.Test"/>
  <testcase name="service" time="0.794" classname="com.example.java设计模式.单例.Test"/>
  <testcase name="service" time="0.000" classname="com.example.java设计模式.单例.Test"/>
  <testcase name="service" time="0.068" classname="com.example.java设计模式.单例.Test"/>
  <testcase name="service" time="0.000" classname="com.example.java设计模式.单例.Test"/>
  <testcase name="service" time="0.000" classname="com.example.java设计模式.单例.Test"/>
  <testcase name="service" time="1.303" classname="com.example.java设计模式.单例.Test"/>
  <testcase name="service" time="0.000" classname="com.example.java设计模式.单例.Test"/>
  <testcase name="service" time="0.595" classname="com.example.java设计模式.单例.Test"/>
  <testcase name="service" time="0.000" classname="com.example.java设计模式.单例.Test"/>
  <testcase name="service" time="8.004" classname="com.example.java设计模式.单例.Test"/>
  <testcase name="service" time="1.558" classname="com.example.java设计模式.单例.Test"/>
  <testcase name="service" time="0.000" classname="com.example.java设计模式.单例.Test"/>
  <testcase name="service" time="0.001" classname="com.example.java设计模式.单例.Test"/>
  <testcase name="service" time="0.000" classname="com.example.java设计模式.单例.Test"/>
  <testcase name="service" time="0.000" classname="com.example.java设计模式.单例.Test"/>
  <testcase name="service" time="64.743" classname="com.example.java设计模式.单例.Test"/>
  <testcase name="service" time="0.000" classname="com.example.java设计模式.单例.Test"/>
  <testcase name="service" time="1.601" classname="com.example.java设计模式.单例.Test"/>
  <testcase name="service" time="0.000" classname="com.example.java设计模式.单例.Test"/>
  <testcase name="service" time="0.253" classname="com.example.java设计模式.单例.Test"/>
  <testcase name="service" time="1.482" classname="com.example.java设计模式.单例.Test"/>
  <testcase name="service" time="0.009" classname="com.example.java设计模式.单例.Test"/>
  <testcase name="service" time="0.000" classname="com.example.java设计模式.单例.Test"/>
  <testcase name="service" time="0.000" classname="com.example.java设计模式.单例.Test"/>
  <testcase name="service" time="0.000" classname="com.example.java设计模式.单例.Test"/>
  <testcase name="service" time="0.000" classname="com.example.java设计模式.单例.Test"/>
  <testcase name="service" time="0.000" classname="com.example.java设计模式.单例.Test"/>
  <testcase name="service" time="6.590" classname="com.example.java设计模式.单例.Test"/>
  <testcase name="service" time="0.050" classname="com.example.java设计模式.单例.Test"/>
  <testcase name="service" time="0.000" classname="com.example.java设计模式.单例.Test"/>
  <testcase name="service" time="0.000" classname="com.example.java设计模式.单例.Test"/>
  <testcase name="service" time="0.011" classname="com.example.java设计模式.单例.Test"/>
  <testcase name="service" time="7.870" classname="com.example.java设计模式.单例.Test"/>
  <testcase name="service" time="0.001" classname="com.example.java设计模式.单例.Test"/>
  <testcase name="service" time="0.002" classname="com.example.java设计模式.单例.Test"/>
  <testcase name="service" time="0.001" classname="com.example.java设计模式.单例.Test"/>
  <testcase name="service" time="0.000" classname="com.example.java设计模式.单例.Test"/>
  <testcase name="service" time="1.205" classname="com.example.java设计模式.单例.Test"/>
  <testcase name="service" time="0.000" classname="com.example.java设计模式.单例.Test"/>
  <testcase name="service" time="0.000" classname="com.example.java设计模式.单例.Test"/>
  <testcase name="service" time="0.000" classname="com.example.java设计模式.单例.Test"/>
  <testcase name="service" time="0.001" classname="com.example.java设计模式.单例.Test"/>
  <testcase name="service" time="0.473" classname="com.example.java设计模式.单例.Test"/>
  <testcase name="service" time="0.000" classname="com.example.java设计模式.单例.Test"/>
  <testcase name="service" time="0.643" classname="com.example.java设计模式.单例.Test"/>
  <testcase name="service" time="6.688" classname="com.example.java设计模式.单例.Test"/>
  <testcase name="service" time="0.073" classname="com.example.java设计模式.单例.Test"/>
  <testcase name="service" time="0.212" classname="com.example.java设计模式.单例.Test"/>
  <testcase name="service" time="0.000" classname="com.example.java设计模式.单例.Test"/>
  <testcase name="service" time="6.394" classname="com.example.java设计模式.单例.Test"/>
  <testcase name="service" time="0.000" classname="com.example.java设计模式.单例.Test"/>
  <testcase name="service" time="0.001" classname="com.example.java设计模式.单例.Test"/>
  <testcase name="service" time="0.222" classname="com.example.java设计模式.单例.Test"/>
  <testcase name="service" time="0.000" classname="com.example.java设计模式.单例.Test"/>
  <testcase name="service" time="0.872" classname="com.example.java设计模式.单例.Test"/>
  <testcase name="service" time="0.000" classname="com.example.java设计模式.单例.Test"/>
  <testcase name="service" time="0.444" classname="com.example.java设计模式.单例.Test"/>
  <testcase name="service" time="0.001" classname="com.example.java设计模式.单例.Test"/>
  <testcase name="service" time="0.000" classname="com.example.java设计模式.单例.Test"/>
  <testcase name="service" time="0.000" classname="com.example.java设计模式.单例.Test"/>
  <testcase name="service" time="0.000" classname="com.example.java设计模式.单例.Test"/>
  <testcase name="service" time="0.000" classname="com.example.java设计模式.单例.Test"/>
  <testcase name="service" time="0.000" classname="com.example.java设计模式.单例.Test"/>
  <testcase name="service" time="1.168" classname="com.example.java设计模式.单例.Test"/>
  <testcase name="service" time="0.000" classname="com.example.java设计模式.单例.Test"/>
  <testcase name="service" time="0.378" classname="com.example.java设计模式.单例.Test"/>
  <testcase name="service" time="0.000" classname="com.example.java设计模式.单例.Test"/>
  <testcase name="service" time="0.906" classname="com.example.java设计模式.单例.Test"/>
  <testcase name="service" time="0.424" classname="com.example.java设计模式.单例.Test"/>
  <testcase name="service" time="0.001" classname="com.example.java设计模式.单例.Test"/>
  <testcase name="service" time="0.000" classname="com.example.java设计模式.单例.Test"/>
  <testcase name="service" time="0.000" classname="com.example.java设计模式.单例.Test"/>
  <testcase name="service" time="0.000" classname="com.example.java设计模式.单例.Test"/>
  <testcase name="service" time="0.001" classname="com.example.java设计模式.单例.Test"/>
  <testcase name="service" time="0.001" classname="com.example.java设计模式.单例.Test"/>
  <testcase name="service" time="0.611" classname="com.example.java设计模式.单例.Test"/>
  <testcase name="service" time="0.719" classname="com.example.java设计模式.单例.Test"/>
  <testcase name="service" time="0.821" classname="com.example.java设计模式.单例.Test"/>
  <testcase name="service" time="0.543" classname="com.example.java设计模式.单例.Test"/>
  <testcase name="service" time="6.680" classname="com.example.java设计模式.单例.Test"/>
  <testcase name="service" time="0.001" classname="com.example.java设计模式.单例.Test"/>
  <testcase name="service" time="0.000" classname="com.example.java设计模式.单例.Test"/>
  <testcase name="service" time="0.000" classname="com.example.java设计模式.单例.Test"/>
  <testcase name="service" time="0.000" classname="com.example.java设计模式.单例.Test"/>
  <testcase name="service" time="0.638" classname="com.example.java设计模式.单例.Test"/>
  <testcase name="service" time="6.588" classname="com.example.java设计模式.单例.Test"/>
  <testcase name="service" time="0.001" classname="com.example.java设计模式.单例.Test"/>
  <testcase name="service" time="0.001" classname="com.example.java设计模式.单例.Test"/>
  <testcase name="service" time="0.449" classname="com.example.java设计模式.单例.Test"/>
  <testcase name="service" time="0.000" classname="com.example.java设计模式.单例.Test"/>
  <testcase name="service" time="0.091" classname="com.example.java设计模式.单例.Test"/>
  <testcase name="service" time="0.457" classname="com.example.java设计模式.单例.Test"/>
  <testcase name="service" time="0.000" classname="com.example.java设计模式.单例.Test"/>
  <testcase name="service" time="0.000" classname="com.example.java设计模式.单例.Test"/>
  <testcase name="service" time="0.001" classname="com.example.java设计模式.单例.Test"/>
  <testcase name="service" time="0.001" classname="com.example.java设计模式.单例.Test"/>
  <testcase name="service" time="0.000" classname="com.example.java设计模式.单例.Test"/>
  <testcase name="service" time="0.495" classname="com.example.java设计模式.单例.Test"/>
  <testcase name="service" time="0.533" classname="com.example.java设计模式.单例.Test"/>
  <testcase name="service" time="0.000" classname="com.example.java设计模式.单例.Test"/>
  <testcase name="service" time="0.853" classname="com.example.java设计模式.单例.Test"/>
  <testcase name="service" time="0.000" classname="com.example.java设计模式.单例.Test"/>
  <testcase name="service" time="0.000" classname="com.example.java设计模式.单例.Test"/>
  <testcase name="service" time="0.000" classname="com.example.java设计模式.单例.Test"/>
  <testcase name="service" time="0.000" classname="com.example.java设计模式.单例.Test"/>
  <testcase name="service" time="0.919" classname="com.example.java设计模式.单例.Test"/>
  <testcase name="service" time="1.184" classname="com.example.java设计模式.单例.Test"/>
  <testcase name="service" time="0.000" classname="com.example.java设计模式.单例.Test"/>
  <testcase name="service" time="0.000" classname="com.example.java设计模式.单例.Test"/>
  <testcase name="service" time="0.395" classname="com.example.java设计模式.单例.Test"/>
  <testcase name="service" time="0.463" classname="com.example.java设计模式.单例.Test"/>
  <testcase name="service" time="5.721" classname="com.example.java设计模式.单例.Test"/>
  <testcase name="service" time="0.306" classname="com.example.java设计模式.单例.Test"/>
  <testcase name="service" time="0.130" classname="com.example.java设计模式.单例.Test"/>
  <testcase name="service" time="0.000" classname="com.example.java设计模式.单例.Test"/>
  <testcase name="service" time="0.061" classname="com.example.java设计模式.单例.Test"/>
  <testcase name="service" time="0.040" classname="com.example.java设计模式.单例.Test"/>
  <testcase name="service" time="7.098" classname="com.example.java设计模式.单例.Test"/>
  <testcase name="service" time="0.001" classname="com.example.java设计模式.单例.Test"/>
  <testcase name="service" time="0.568" classname="com.example.java设计模式.单例.Test"/>
  <testcase name="service" time="0.148" classname="com.example.java设计模式.单例.Test"/>
  <testcase name="service" time="1.630" classname="com.example.java设计模式.单例.Test"/>
  <testcase name="service" time="0.000" classname="com.example.java设计模式.单例.Test"/>
  <testcase name="service" time="0.000" classname="com.example.java设计模式.单例.Test"/>
  <testcase name="service" time="0.000" classname="com.example.java设计模式.单例.Test"/>
  <testcase name="service" time="6.308" classname="com.example.java设计模式.单例.Test"/>
  <testcase name="service" time="1.495" classname="com.example.java设计模式.单例.Test"/>
  <testcase name="service" time="0.218" classname="com.example.java设计模式.单例.Test"/>
  <testcase name="service" time="0.847" classname="com.example.java设计模式.单例.Test"/>
  <testcase name="service" time="0.001" classname="com.example.java设计模式.单例.Test"/>
  <testcase name="service" time="1.112" classname="com.example.java设计模式.单例.Test"/>
  <testcase name="service" time="0.000" classname="com.example.java设计模式.单例.Test"/>
  <testcase name="service" time="0.000" classname="com.example.java设计模式.单例.Test"/>
  <testcase name="service" time="5.110" classname="com.example.java设计模式.单例.Test"/>
  <testcase name="service" time="0.792" classname="com.example.java设计模式.单例.Test"/>
  <testcase name="service" time="0.000" classname="com.example.java设计模式.单例.Test"/>
  <testcase name="service" time="0.195" classname="com.example.java设计模式.单例.Test"/>
  <testcase name="service" time="1.108" classname="com.example.java设计模式.单例.Test"/>
  <testcase name="service" time="0.000" classname="com.example.java设计模式.单例.Test"/>
  <testcase name="service" time="0.865" classname="com.example.java设计模式.单例.Test"/>
  <testcase name="service" time="0.113" classname="com.example.java设计模式.单例.Test"/>
  <testcase name="service" time="0.001" classname="com.example.java设计模式.单例.Test"/>
  <testcase name="service" time="0.040" classname="com.example.java设计模式.单例.Test"/>
  <testcase name="service" time="0.001" classname="com.example.java设计模式.单例.Test"/>
  <testcase name="service" time="0.752" classname="com.example.java设计模式.单例.Test"/>
  <testcase name="service" time="0.000" classname="com.example.java设计模式.单例.Test"/>
  <testcase name="service" time="0.000" classname="com.example.java设计模式.单例.Test"/>
  <testcase name="service" time="1.093" classname="com.example.java设计模式.单例.Test"/>
  <testcase name="service" time="0.000" classname="com.example.java设计模式.单例.Test"/>
  <testcase name="service" time="0.000" classname="com.example.java设计模式.单例.Test"/>
  <testcase name="service" time="6.365" classname="com.example.java设计模式.单例.Test"/>
  <testcase name="service" time="64.957" classname="com.example.java设计模式.单例.Test"/>
  <testcase name="service" time="0.000" classname="com.example.java设计模式.单例.Test"/>
  <testcase name="service" time="0.001" classname="com.example.java设计模式.单例.Test"/>
  <testcase name="service" time="0.008" classname="com.example.java设计模式.单例.Test"/>
  <testcase name="service" time="0.908" classname="com.example.java设计模式.单例.Test"/>
  <testcase name="service" time="6.891" classname="com.example.java设计模式.单例.Test"/>
  <testcase name="service" time="0.089" classname="com.example.java设计模式.单例.Test"/>
  <testcase name="service" time="0.000" classname="com.example.java设计模式.单例.Test"/>
  <testcase name="service" time="0.000" classname="com.example.java设计模式.单例.Test"/>
  <testcase name="service" time="1.492" classname="com.example.java设计模式.单例.Test"/>
  <testcase name="service" time="0.000" classname="com.example.java设计模式.单例.Test"/>
  <testcase name="service" time="0.518" classname="com.example.java设计模式.单例.Test"/>
  <testcase name="service" time="0.008" classname="com.example.java设计模式.单例.Test"/>
  <testcase name="service" time="0.000" classname="com.example.java设计模式.单例.Test"/>
  <testcase name="service" time="0.171" classname="com.example.java设计模式.单例.Test"/>
  <testcase name="service" time="0.000" classname="com.example.java设计模式.单例.Test"/>
  <testcase name="service" time="0.730" classname="com.example.java设计模式.单例.Test"/>
  <testcase name="service" time="0.416" classname="com.example.java设计模式.单例.Test"/>
  <testcase name="service" time="0.634" classname="com.example.java设计模式.单例.Test"/>
  <testcase name="service" time="64.600" classname="com.example.java设计模式.单例.Test"/>
  <testcase name="service" time="0.000" classname="com.example.java设计模式.单例.Test"/>
  <testcase name="service" time="0.000" classname="com.example.java设计模式.单例.Test"/>
  <testcase name="service" time="7.795" classname="com.example.java设计模式.单例.Test"/>
  <testcase name="service" time="0.000" classname="com.example.java设计模式.单例.Test"/>
  <testcase name="service" time="0.000" classname="com.example.java设计模式.单例.Test"/>
  <testcase name="service" time="0.037" classname="com.example.java设计模式.单例.Test"/>
  <testcase name="service" time="0.240" classname="com.example.java设计模式.单例.Test"/>
  <testcase name="service" time="0.001" classname="com.example.java设计模式.单例.Test"/>
  <testcase name="service" time="0.001" classname="com.example.java设计模式.单例.Test"/>
  <testcase name="service" time="0.746" classname="com.example.java设计模式.单例.Test"/>
  <testcase name="service" time="0.550" classname="com.example.java设计模式.单例.Test"/>
  <testcase name="service" time="0.691" classname="com.example.java设计模式.单例.Test"/>
  <testcase name="service" time="0.000" classname="com.example.java设计模式.单例.Test"/>
  <testcase name="service" time="0.131" classname="com.example.java设计模式.单例.Test"/>
  <testcase name="service" time="0.001" classname="com.example.java设计模式.单例.Test"/>
  <testcase name="service" time="0.235" classname="com.example.java设计模式.单例.Test"/>
  <testcase name="service" time="0.001" classname="com.example.java设计模式.单例.Test"/>
  <testcase name="service" time="0.000" classname="com.example.java设计模式.单例.Test"/>
  <testcase name="service" time="0.324" classname="com.example.java设计模式.单例.Test"/>
  <testcase name="service" time="8.159" classname="com.example.java设计模式.单例.Test"/>
  <testcase name="service" time="0.000" classname="com.example.java设计模式.单例.Test"/>
  <testcase name="service" time="0.000" classname="com.example.java设计模式.单例.Test"/>
  <testcase name="service" time="0.001" classname="com.example.java设计模式.单例.Test"/>
  <testcase name="service" time="0.000" classname="com.example.java设计模式.单例.Test"/>
  <testcase name="service" time="0.841" classname="com.example.java设计模式.单例.Test"/>
  <testcase name="service" time="0.001" classname="com.example.java设计模式.单例.Test"/>
  <testcase name="service" time="0.000" classname="com.example.java设计模式.单例.Test"/>
  <testcase name="service" time="0.000" classname="com.example.java设计模式.单例.Test"/>
  <testcase name="service" time="0.429" classname="com.example.java设计模式.单例.Test"/>
  <testcase name="service" time="0.000" classname="com.example.java设计模式.单例.Test"/>
  <testcase name="service" time="0.000" classname="com.example.java设计模式.单例.Test"/>
  <testcase name="service" time="1.027" classname="com.example.java设计模式.单例.Test"/>
  <testcase name="service" time="0.739" classname="com.example.java设计模式.单例.Test"/>
  <testcase name="service" time="0.000" classname="com.example.java设计模式.单例.Test"/>
  <testcase name="service" time="0.000" classname="com.example.java设计模式.单例.Test"/>
  <testcase name="service" time="0.001" classname="com.example.java设计模式.单例.Test"/>
  <testcase name="service" time="1.008" classname="com.example.java设计模式.单例.Test"/>
  <testcase name="service" time="0.000" classname="com.example.java设计模式.单例.Test"/>
  <testcase name="service" time="0.001" classname="com.example.java设计模式.单例.Test"/>
  <testcase name="service" time="0.000" classname="com.example.java设计模式.单例.Test"/>
  <testcase name="service" time="0.307" classname="com.example.java设计模式.单例.Test"/>
  <testcase name="service" time="0.000" classname="com.example.java设计模式.单例.Test"/>
  <testcase name="service" time="1.473" classname="com.example.java设计模式.单例.Test"/>
  <testcase name="service" time="0.051" classname="com.example.java设计模式.单例.Test"/>
  <testcase name="service" time="0.000" classname="com.example.java设计模式.单例.Test"/>
  <testcase name="service" time="0.000" classname="com.example.java设计模式.单例.Test"/>
  <testcase name="service" time="0.312" classname="com.example.java设计模式.单例.Test"/>
  <testcase name="service" time="0.001" classname="com.example.java设计模式.单例.Test"/>
  <testcase name="service" time="0.357" classname="com.example.java设计模式.单例.Test"/>
  <testcase name="service" time="1.183" classname="com.example.java设计模式.单例.Test"/>
  <testcase name="service" time="5.133" classname="com.example.java设计模式.单例.Test"/>
  <testcase name="service" time="0.000" classname="com.example.java设计模式.单例.Test"/>
  <testcase name="service" time="0.000" classname="com.example.java设计模式.单例.Test"/>
  <testcase name="service" time="0.089" classname="com.example.java设计模式.单例.Test"/>
  <testcase name="service" time="0.000" classname="com.example.java设计模式.单例.Test"/>
  <testcase name="service" time="0.749" classname="com.example.java设计模式.单例.Test"/>
  <testcase name="service" time="0.000" classname="com.example.java设计模式.单例.Test"/>
  <testcase name="service" time="0.000" classname="com.example.java设计模式.单例.Test"/>
  <testcase name="service" time="0.000" classname="com.example.java设计模式.单例.Test"/>
  <testcase name="service" time="0.001" classname="com.example.java设计模式.单例.Test"/>
  <testcase name="service" time="0.000" classname="com.example.java设计模式.单例.Test"/>
  <testcase name="service" time="64.525" classname="com.example.java设计模式.单例.Test"/>
  <testcase name="service" time="1.022" classname="com.example.java设计模式.单例.Test"/>
  <testcase name="service" time="0.001" classname="com.example.java设计模式.单例.Test"/>
  <testcase name="service" time="0.000" classname="com.example.java设计模式.单例.Test"/>
  <testcase name="service" time="0.000" classname="com.example.java设计模式.单例.Test"/>
  <testcase name="service" time="0.286" classname="com.example.java设计模式.单例.Test"/>
  <testcase name="service" time="0.000" classname="com.example.java设计模式.单例.Test"/>
  <testcase name="service" time="0.000" classname="com.example.java设计模式.单例.Test"/>
  <testcase name="service" time="0.000" classname="com.example.java设计模式.单例.Test"/>
  <testcase name="service" time="0.000" classname="com.example.java设计模式.单例.Test"/>
  <testcase name="service" time="0.000" classname="com.example.java设计模式.单例.Test"/>
  <testcase name="service" time="0.240" classname="com.example.java设计模式.单例.Test"/>
  <testcase name="service" time="0.000" classname="com.example.java设计模式.单例.Test"/>
  <testcase name="service" time="0.000" classname="com.example.java设计模式.单例.Test"/>
  <testcase name="service" time="0.000" classname="com.example.java设计模式.单例.Test"/>
  <testcase name="service" time="0.000" classname="com.example.java设计模式.单例.Test"/>
  <testcase name="service" time="0.000" classname="com.example.java设计模式.单例.Test"/>
  <testcase name="service" time="0.001" classname="com.example.java设计模式.单例.Test"/>
  <testcase name="service" time="0.152" classname="com.example.java设计模式.单例.Test"/>
  <testcase name="service" time="0.360" classname="com.example.java设计模式.单例.Test"/>
  <testcase name="service" time="0.071" classname="com.example.java设计模式.单例.Test"/>
  <testcase name="service" time="0.000" classname="com.example.java设计模式.单例.Test"/>
  <testcase name="service" time="0.000" classname="com.example.java设计模式.单例.Test"/>
  <testcase name="service" time="0.001" classname="com.example.java设计模式.单例.Test"/>
  <testcase name="service" time="0.002" classname="com.example.java设计模式.单例.Test"/>
  <testcase name="service" time="0.696" classname="com.example.java设计模式.单例.Test"/>
  <testcase name="service" time="1.035" classname="com.example.java设计模式.单例.Test"/>
  <testcase name="service" time="0.321" classname="com.example.java设计模式.单例.Test"/>
  <testcase name="service" time="0.260" classname="com.example.java设计模式.单例.Test"/>
  <testcase name="service" time="0.000" classname="com.example.java设计模式.单例.Test"/>
  <testcase name="service" time="0.331" classname="com.example.java设计模式.单例.Test"/>
  <testcase name="service" time="0.107" classname="com.example.java设计模式.单例.Test"/>
  <testcase name="service" time="0.000" classname="com.example.java设计模式.单例.Test"/>
  <testcase name="service" time="0.000" classname="com.example.java设计模式.单例.Test"/>
  <testcase name="service" time="0.024" classname="com.example.java设计模式.单例.Test"/>
  <testcase name="service" time="1.088" classname="com.example.java设计模式.单例.Test"/>
  <testcase name="service" time="0.969" classname="com.example.java设计模式.单例.Test"/>
  <testcase name="service" time="64.987" classname="com.example.java设计模式.单例.Test"/>
  <testcase name="service" time="0.274" classname="com.example.java设计模式.单例.Test"/>
  <testcase name="service" time="0.000" classname="com.example.java设计模式.单例.Test"/>
  <testcase name="service" time="0.000" classname="com.example.java设计模式.单例.Test"/>
  <testcase name="service" time="0.001" classname="com.example.java设计模式.单例.Test"/>
  <testcase name="service" time="0.481" classname="com.example.java设计模式.单例.Test"/>
  <testcase name="service" time="0.000" classname="com.example.java设计模式.单例.Test"/>
  <testcase name="service" time="1.104" classname="com.example.java设计模式.单例.Test"/>
  <testcase name="service" time="0.614" classname="com.example.java设计模式.单例.Test"/>
  <testcase name="service" time="0.001" classname="com.example.java设计模式.单例.Test"/>
  <testcase name="service" time="0.000" classname="com.example.java设计模式.单例.Test"/>
  <testcase name="service" time="0.000" classname="com.example.java设计模式.单例.Test"/>
  <testcase name="service" time="0.382" classname="com.example.java设计模式.单例.Test"/>
  <testcase name="service" time="0.000" classname="com.example.java设计模式.单例.Test"/>
  <testcase name="service" time="0.000" classname="com.example.java设计模式.单例.Test"/>
  <testcase name="service" time="0.900" classname="com.example.java设计模式.单例.Test"/>
  <testcase name="service" time="0.488" classname="com.example.java设计模式.单例.Test"/>
  <testcase name="service" time="0.000" classname="com.example.java设计模式.单例.Test"/>
  <testcase name="service" time="0.000" classname="com.example.java设计模式.单例.Test"/>
  <testcase name="service" time="0.000" classname="com.example.java设计模式.单例.Test"/>
  <testcase name="service" time="0.410" classname="com.example.java设计模式.单例.Test"/>
  <testcase name="service" time="0.001" classname="com.example.java设计模式.单例.Test"/>
  <testcase name="service" time="0.640" classname="com.example.java设计模式.单例.Test"/>
  <testcase name="service" time="0.766" classname="com.example.java设计模式.单例.Test"/>
  <testcase name="service" time="0.000" classname="com.example.java设计模式.单例.Test"/>
  <testcase name="service" time="0.000" classname="com.example.java设计模式.单例.Test"/>
  <testcase name="service" time="0.001" classname="com.example.java设计模式.单例.Test"/>
  <testcase name="service" time="0.001" classname="com.example.java设计模式.单例.Test"/>
  <testcase name="service" time="0.483" classname="com.example.java设计模式.单例.Test"/>
  <testcase name="service" time="0.000" classname="com.example.java设计模式.单例.Test"/>
  <testcase name="service" time="0.001" classname="com.example.java设计模式.单例.Test"/>
  <testcase name="service" time="0.123" classname="com.example.java设计模式.单例.Test"/>
  <testcase name="service" time="0.480" classname="com.example.java设计模式.单例.Test"/>
  <testcase name="service" time="0.471" classname="com.example.java设计模式.单例.Test"/>
  <testcase name="service" time="64.621" classname="com.example.java设计模式.单例.Test"/>
  <testcase name="service" time="0.000" classname="com.example.java设计模式.单例.Test"/>
  <testcase name="service" time="0.839" classname="com.example.java设计模式.单例.Test"/>
  <testcase name="service" time="0.000" classname="com.example.java设计模式.单例.Test"/>
  <testcase name="service" time="0.171" classname="com.example.java设计模式.单例.Test"/>
  <testcase name="service" time="0.000" classname="com.example.java设计模式.单例.Test"/>
  <testcase name="service" time="0.368" classname="com.example.java设计模式.单例.Test"/>
  <testcase name="service" time="0.180" classname="com.example.java设计模式.单例.Test"/>
  <testcase name="service" time="0.001" classname="com.example.java设计模式.单例.Test"/>
  <testcase name="service" time="0.000" classname="com.example.java设计模式.单例.Test"/>
  <testcase name="service" time="0.000" classname="com.example.java设计模式.单例.Test"/>
  <testcase name="service" time="0.337" classname="com.example.java设计模式.单例.Test"/>
  <testcase name="service" time="0.001" classname="com.example.java设计模式.单例.Test"/>
  <testcase name="service" time="0.157" classname="com.example.java设计模式.单例.Test"/>
  <testcase name="service" time="0.000" classname="com.example.java设计模式.单例.Test"/>
  <testcase name="service" time="0.015" classname="com.example.java设计模式.单例.Test"/>
  <testcase name="service" time="1.311" classname="com.example.java设计模式.单例.Test"/>
  <testcase name="service" time="0.000" classname="com.example.java设计模式.单例.Test"/>
  <testcase name="service" time="0.000" classname="com.example.java设计模式.单例.Test"/>
  <testcase name="service" time="0.000" classname="com.example.java设计模式.单例.Test"/>
  <testcase name="service" time="0.545" classname="com.example.java设计模式.单例.Test"/>
  <testcase name="service" time="0.369" classname="com.example.java设计模式.单例.Test"/>
  <testcase name="service" time="0.816" classname="com.example.java设计模式.单例.Test"/>
  <testcase name="service" time="0.000" classname="com.example.java设计模式.单例.Test"/>
  <testcase name="service" time="0.000" classname="com.example.java设计模式.单例.Test"/>
  <testcase name="service" time="0.000" classname="com.example.java设计模式.单例.Test"/>
  <testcase name="service" time="1.062" classname="com.example.java设计模式.单例.Test"/>
  <testcase name="service" time="0.272" classname="com.example.java设计模式.单例.Test"/>
  <testcase name="service" time="1.016" classname="com.example.java设计模式.单例.Test"/>
  <testcase name="service" time="0.000" classname="com.example.java设计模式.单例.Test"/>
  <testcase name="service" time="4.730" classname="com.example.java设计模式.单例.Test"/>
  <testcase name="service" time="0.000" classname="com.example.java设计模式.单例.Test"/>
  <testcase name="service" time="0.000" classname="com.example.java设计模式.单例.Test"/>
  <testcase name="service" time="0.249" classname="com.example.java设计模式.单例.Test"/>
  <testcase name="service" time="0.000" classname="com.example.java设计模式.单例.Test"/>
  <testcase name="service" time="0.000" classname="com.example.java设计模式.单例.Test"/>
  <testcase name="service" time="0.573" classname="com.example.java设计模式.单例.Test"/>
  <testcase name="service" time="1.112" classname="com.example.java设计模式.单例.Test"/>
  <testcase name="service" time="0.025" classname="com.example.java设计模式.单例.Test"/>
  <testcase name="service" time="0.000" classname="com.example.java设计模式.单例.Test"/>
  <testcase name="service" time="0.000" classname="com.example.java设计模式.单例.Test"/>
  <testcase name="service" time="0.038" classname="com.example.java设计模式.单例.Test"/>
  <testcase name="service" time="0.547" classname="com.example.java设计模式.单例.Test"/>
  <testcase name="service" time="0.000" classname="com.example.java设计模式.单例.Test"/>
  <testcase name="service" time="6.376" classname="com.example.java设计模式.单例.Test"/>
  <testcase name="service" time="0.380" classname="com.example.java设计模式.单例.Test"/>
  <testcase name="service" time="0.000" classname="com.example.java设计模式.单例.Test"/>
  <testcase name="service" time="0.000" classname="com.example.java设计模式.单例.Test"/>
  <testcase name="service" time="0.001" classname="com.example.java设计模式.单例.Test"/>
  <testcase name="service" time="0.001" classname="com.example.java设计模式.单例.Test"/>
  <testcase name="service" time="0.000" classname="com.example.java设计模式.单例.Test"/>
  <testcase name="service" time="0.000" classname="com.example.java设计模式.单例.Test"/>
  <testcase name="service" time="0.284" classname="com.example.java设计模式.单例.Test"/>
  <testcase name="service" time="0.001" classname="com.example.java设计模式.单例.Test"/>
  <testcase name="service" time="0.001" classname="com.example.java设计模式.单例.Test"/>
  <testcase name="service" time="0.001" classname="com.example.java设计模式.单例.Test"/>
  <testcase name="service" time="0.072" classname="com.example.java设计模式.单例.Test"/>
  <testcase name="service" time="0.000" classname="com.example.java设计模式.单例.Test"/>
  <testcase name="service" time="0.001" classname="com.example.java设计模式.单例.Test"/>
  <testcase name="service" time="0.000" classname="com.example.java设计模式.单例.Test"/>
  <testcase name="service" time="1.312" classname="com.example.java设计模式.单例.Test"/>
  <testcase name="service" time="0.001" classname="com.example.java设计模式.单例.Test"/>
  <testcase name="service" time="0.000" classname="com.example.java设计模式.单例.Test"/>
  <testcase name="service" time="1.518" classname="com.example.java设计模式.单例.Test"/>
  <testcase name="service" time="0.076" classname="com.example.java设计模式.单例.Test"/>
  <testcase name="service" time="7.878" classname="com.example.java设计模式.单例.Test"/>
  <testcase name="service" time="7.779" classname="com.example.java设计模式.单例.Test"/>
  <testcase name="service" time="0.000" classname="com.example.java设计模式.单例.Test"/>
  <testcase name="service" time="0.001" classname="com.example.java设计模式.单例.Test"/>
  <testcase name="service" time="0.000" classname="com.example.java设计模式.单例.Test"/>
  <testcase name="service" time="1.771" classname="com.example.java设计模式.单例.Test"/>
  <testcase name="service" time="0.000" classname="com.example.java设计模式.单例.Test"/>
  <testcase name="service" time="0.000" classname="com.example.java设计模式.单例.Test"/>
  <testcase name="service" time="0.000" classname="com.example.java设计模式.单例.Test"/>
  <testcase name="service" time="6.267" classname="com.example.java设计模式.单例.Test"/>
  <testcase name="service" time="0.026" classname="com.example.java设计模式.单例.Test"/>
  <testcase name="service" time="0.001" classname="com.example.java设计模式.单例.Test"/>
  <testcase name="service" time="0.000" classname="com.example.java设计模式.单例.Test"/>
  <testcase name="service" time="0.000" classname="com.example.java设计模式.单例.Test"/>
  <testcase name="service" time="0.520" classname="com.example.java设计模式.单例.Test"/>
  <testcase name="service" time="0.072" classname="com.example.java设计模式.单例.Test"/>
  <testcase name="service" time="0.000" classname="com.example.java设计模式.单例.Test"/>
  <testcase name="service" time="0.000" classname="com.example.java设计模式.单例.Test"/>
  <testcase name="service" time="0.005" classname="com.example.java设计模式.单例.Test"/>
  <testcase name="service" time="0.000" classname="com.example.java设计模式.单例.Test"/>
  <testcase name="service" time="0.000" classname="com.example.java设计模式.单例.Test"/>
  <testcase name="service" time="0.001" classname="com.example.java设计模式.单例.Test"/>
  <testcase name="service" time="0.000" classname="com.example.java设计模式.单例.Test"/>
  <testcase name="service" time="0.000" classname="com.example.java设计模式.单例.Test"/>
  <testcase name="service" time="0.001" classname="com.example.java设计模式.单例.Test"/>
  <testcase name="service" time="0.411" classname="com.example.java设计模式.单例.Test"/>
  <testcase name="service" time="0.001" classname="com.example.java设计模式.单例.Test"/>
  <testcase name="service" time="6.316" classname="com.example.java设计模式.单例.Test"/>
  <testcase name="service" time="0.210" classname="com.example.java设计模式.单例.Test"/>
  <testcase name="service" time="0.669" classname="com.example.java设计模式.单例.Test"/>
  <testcase name="service" time="0.143" classname="com.example.java设计模式.单例.Test"/>
  <testcase name="service" time="0.053" classname="com.example.java设计模式.单例.Test"/>
  <testcase name="service" time="0.001" classname="com.example.java设计模式.单例.Test"/>
  <testcase name="service" time="0.000" classname="com.example.java设计模式.单例.Test"/>
  <testcase name="service" time="65.076" classname="com.example.java设计模式.单例.Test"/>
  <testcase name="service" time="0.001" classname="com.example.java设计模式.单例.Test"/>
  <testcase name="service" time="0.000" classname="com.example.java设计模式.单例.Test"/>
  <testcase name="service" time="7.080" classname="com.example.java设计模式.单例.Test"/>
  <testcase name="service" time="0.000" classname="com.example.java设计模式.单例.Test"/>
  <testcase name="service" time="1.194" classname="com.example.java设计模式.单例.Test"/>
  <testcase name="service" time="0.001" classname="com.example.java设计模式.单例.Test"/>
  <testcase name="service" time="0.856" classname="com.example.java设计模式.单例.Test"/>
  <testcase name="service" time="64.991" classname="com.example.java设计模式.单例.Test"/>
  <testcase name="service" time="0.483" classname="com.example.java设计模式.单例.Test"/>
  <testcase name="service" time="0.001" classname="com.example.java设计模式.单例.Test"/>
  <testcase name="service" time="0.000" classname="com.example.java设计模式.单例.Test"/>
  <testcase name="service" time="6.182" classname="com.example.java设计模式.单例.Test"/>
  <testcase name="service" time="0.001" classname="com.example.java设计模式.单例.Test"/>
  <testcase name="service" time="0.000" classname="com.example.java设计模式.单例.Test"/>
  <testcase name="service" time="0.000" classname="com.example.java设计模式.单例.Test"/>
  <testcase name="service" time="0.002" classname="com.example.java设计模式.单例.Test"/>
  <testcase name="service" time="0.000" classname="com.example.java设计模式.单例.Test"/>
  <testcase name="service" time="0.000" classname="com.example.java设计模式.单例.Test"/>
  <testcase name="service" time="7.741" classname="com.example.java设计模式.单例.Test"/>
  <testcase name="service" time="0.001" classname="com.example.java设计模式.单例.Test"/>
  <testcase name="service" time="0.219" classname="com.example.java设计模式.单例.Test"/>
  <testcase name="service" time="1.046" classname="com.example.java设计模式.单例.Test"/>
  <testcase name="service" time="0.000" classname="com.example.java设计模式.单例.Test"/>
  <testcase name="service" time="64.939" classname="com.example.java设计模式.单例.Test"/>
  <testcase name="service" time="0.156" classname="com.example.java设计模式.单例.Test"/>
  <testcase name="service" time="0.000" classname="com.example.java设计模式.单例.Test"/>
  <testcase name="service" time="0.000" classname="com.example.java设计模式.单例.Test"/>
  <testcase name="service" time="0.000" classname="com.example.java设计模式.单例.Test"/>
  <testcase name="service" time="0.846" classname="com.example.java设计模式.单例.Test"/>
  <testcase name="service" time="1.190" classname="com.example.java设计模式.单例.Test"/>
  <testcase name="service" time="0.000" classname="com.example.java设计模式.单例.Test"/>
  <testcase name="service" time="1.564" classname="com.example.java设计模式.单例.Test"/>
  <testcase name="service" time="1.471" classname="com.example.java设计模式.单例.Test"/>
  <testcase name="service" time="0.000" classname="com.example.java设计模式.单例.Test"/>
  <testcase name="service" time="8.095" classname="com.example.java设计模式.单例.Test"/>
  <testcase name="service" time="0.000" classname="com.example.java设计模式.单例.Test"/>
  <testcase name="service" time="0.181" classname="com.example.java设计模式.单例.Test"/>
  <testcase name="service" time="64.550" classname="com.example.java设计模式.单例.Test"/>
  <testcase name="service" time="8.030" classname="com.example.java设计模式.单例.Test"/>
  <testcase name="service" time="1.234" classname="com.example.java设计模式.单例.Test"/>
  <testcase name="service" time="0.442" classname="com.example.java设计模式.单例.Test"/>
  <testcase name="service" time="0.838" classname="com.example.java设计模式.单例.Test"/>
  <testcase name="service" time="0.586" classname="com.example.java设计模式.单例.Test"/>
  <testcase name="service" time="0.000" classname="com.example.java设计模式.单例.Test"/>
  <testcase name="service" time="0.352" classname="com.example.java设计模式.单例.Test"/>
  <testcase name="service" time="0.000" classname="com.example.java设计模式.单例.Test"/>
  <testcase name="service" time="0.000" classname="com.example.java设计模式.单例.Test"/>
  <testcase name="service" time="0.000" classname="com.example.java设计模式.单例.Test"/>
  <testcase name="service" time="0.000" classname="com.example.java设计模式.单例.Test"/>
  <testcase name="service" time="0.905" classname="com.example.java设计模式.单例.Test"/>
  <testcase name="service" time="0.000" classname="com.example.java设计模式.单例.Test"/>
  <testcase name="service" time="0.000" classname="com.example.java设计模式.单例.Test"/>
  <testcase name="service" time="0.248" classname="com.example.java设计模式.单例.Test"/>
  <testcase name="service" time="1.121" classname="com.example.java设计模式.单例.Test"/>
  <testcase name="service" time="0.000" classname="com.example.java设计模式.单例.Test"/>
  <testcase name="service" time="0.000" classname="com.example.java设计模式.单例.Test"/>
  <testcase name="service" time="0.001" classname="com.example.java设计模式.单例.Test"/>
  <testcase name="service" time="0.454" classname="com.example.java设计模式.单例.Test"/>
  <testcase name="service" time="0.000" classname="com.example.java设计模式.单例.Test"/>
  <testcase name="service" time="0.034" classname="com.example.java设计模式.单例.Test"/>
  <testcase name="service" time="0.380" classname="com.example.java设计模式.单例.Test"/>
  <testcase name="service" time="0.538" classname="com.example.java设计模式.单例.Test"/>
  <testcase name="service" time="0.000" classname="com.example.java设计模式.单例.Test"/>
  <testcase name="service" time="0.000" classname="com.example.java设计模式.单例.Test"/>
  <testcase name="service" time="0.000" classname="com.example.java设计模式.单例.Test"/>
  <testcase name="service" time="0.001" classname="com.example.java设计模式.单例.Test"/>
  <testcase name="service" time="0.166" classname="com.example.java设计模式.单例.Test"/>
  <testcase name="service" time="0.000" classname="com.example.java设计模式.单例.Test"/>
  <testcase name="service" time="0.000" classname="com.example.java设计模式.单例.Test"/>
  <testcase name="service" time="0.962" classname="com.example.java设计模式.单例.Test"/>
  <testcase name="service" time="0.000" classname="com.example.java设计模式.单例.Test"/>
  <testcase name="service" time="0.000" classname="com.example.java设计模式.单例.Test"/>
  <testcase name="service" time="65.058" classname="com.example.java设计模式.单例.Test"/>
  <testcase name="service" time="0.000" classname="com.example.java设计模式.单例.Test"/>
  <testcase name="service" time="0.353" classname="com.example.java设计模式.单例.Test"/>
  <testcase name="service" time="1.059" classname="com.example.java设计模式.单例.Test"/>
  <testcase name="service" time="0.000" classname="com.example.java设计模式.单例.Test"/>
  <testcase name="service" time="0.000" classname="com.example.java设计模式.单例.Test"/>
  <testcase name="service" time="0.204" classname="com.example.java设计模式.单例.Test"/>
  <testcase name="service" time="0.041" classname="com.example.java设计模式.单例.Test"/>
  <testcase name="service" time="0.350" classname="com.example.java设计模式.单例.Test"/>
  <testcase name="service" time="64.997" classname="com.example.java设计模式.单例.Test"/>
  <testcase name="service" time="0.000" classname="com.example.java设计模式.单例.Test"/>
  <testcase name="service" time="0.000" classname="com.example.java设计模式.单例.Test"/>
  <testcase name="service" time="0.000" classname="com.example.java设计模式.单例.Test"/>
  <testcase name="service" time="1.269" classname="com.example.java设计模式.单例.Test"/>
  <testcase name="service" time="0.000" classname="com.example.java设计模式.单例.Test"/>
  <testcase name="service" time="0.000" classname="com.example.java设计模式.单例.Test"/>
  <testcase name="service" time="0.000" classname="com.example.java设计模式.单例.Test"/>
  <testcase name="service" time="7.775" classname="com.example.java设计模式.单例.Test"/>
  <testcase name="service" time="0.001" classname="com.example.java设计模式.单例.Test"/>
  <testcase name="service" time="7.094" classname="com.example.java设计模式.单例.Test"/>
  <testcase name="service" time="0.063" classname="com.example.java设计模式.单例.Test"/>
  <testcase name="service" time="7.138" classname="com.example.java设计模式.单例.Test"/>
  <testcase name="service" time="0.000" classname="com.example.java设计模式.单例.Test"/>
  <testcase name="service" time="0.567" classname="com.example.java设计模式.单例.Test"/>
  <testcase name="service" time="0.000" classname="com.example.java设计模式.单例.Test"/>
  <testcase name="service" time="0.785" classname="com.example.java设计模式.单例.Test"/>
  <testcase name="service" time="0.565" classname="com.example.java设计模式.单例.Test"/>
  <testcase name="service" time="0.000" classname="com.example.java设计模式.单例.Test"/>
  <testcase name="service" time="0.410" classname="com.example.java设计模式.单例.Test"/>
  <testcase name="service" time="0.252" classname="com.example.java设计模式.单例.Test"/>
  <testcase name="service" time="0.000" classname="com.example.java设计模式.单例.Test"/>
  <testcase name="service" time="0.000" classname="com.example.java设计模式.单例.Test"/>
  <testcase name="service" time="0.000" classname="com.example.java设计模式.单例.Test"/>
  <testcase name="service" time="0.001" classname="com.example.java设计模式.单例.Test"/>
  <testcase name="service" time="0.225" classname="com.example.java设计模式.单例.Test"/>
  <testcase name="service" time="0.080" classname="com.example.java设计模式.单例.Test"/>
  <testcase name="service" time="1.446" classname="com.example.java设计模式.单例.Test"/>
  <testcase name="service" time="0.330" classname="com.example.java设计模式.单例.Test"/>
  <testcase name="service" time="0.001" classname="com.example.java设计模式.单例.Test"/>
  <testcase name="service" time="0.132" classname="com.example.java设计模式.单例.Test"/>
  <testcase name="service" time="0.000" classname="com.example.java设计模式.单例.Test"/>
  <testcase name="service" time="1.218" classname="com.example.java设计模式.单例.Test"/>
  <testcase name="service" time="0.317" classname="com.example.java设计模式.单例.Test"/>
  <testcase name="service" time="0.484" classname="com.example.java设计模式.单例.Test"/>
  <testcase name="service" time="0.807" classname="com.example.java设计模式.单例.Test"/>
  <testcase name="service" time="0.000" classname="com.example.java设计模式.单例.Test"/>
  <testcase name="service" time="0.353" classname="com.example.java设计模式.单例.Test"/>
  <testcase name="service" time="0.000" classname="com.example.java设计模式.单例.Test"/>
  <testcase name="service" time="7.969" classname="com.example.java设计模式.单例.Test"/>
  <testcase name="service" time="0.001" classname="com.example.java设计模式.单例.Test"/>
  <testcase name="service" time="0.001" classname="com.example.java设计模式.单例.Test"/>
  <testcase name="service" time="0.000" classname="com.example.java设计模式.单例.Test"/>
  <testcase name="service" time="0.000" classname="com.example.java设计模式.单例.Test"/>
  <testcase name="service" time="1.154" classname="com.example.java设计模式.单例.Test"/>
  <testcase name="service" time="0.949" classname="com.example.java设计模式.单例.Test"/>
  <testcase name="service" time="0.000" classname="com.example.java设计模式.单例.Test"/>
  <testcase name="service" time="0.000" classname="com.example.java设计模式.单例.Test"/>
  <testcase name="service" time="7.779" classname="com.example.java设计模式.单例.Test"/>
  <testcase name="service" time="0.232" classname="com.example.java设计模式.单例.Test"/>
  <testcase name="service" time="6.930" classname="com.example.java设计模式.单例.Test"/>
  <testcase name="service" time="0.000" classname="com.example.java设计模式.单例.Test"/>
  <testcase name="service" time="1.035" classname="com.example.java设计模式.单例.Test"/>
  <testcase name="service" time="0.848" classname="com.example.java设计模式.单例.Test"/>
  <testcase name="service" time="0.845" classname="com.example.java设计模式.单例.Test"/>
  <testcase name="service" time="0.001" classname="com.example.java设计模式.单例.Test"/>
  <testcase name="service" time="8.309" classname="com.example.java设计模式.单例.Test"/>
  <testcase name="service" time="0.000" classname="com.example.java设计模式.单例.Test"/>
  <testcase name="service" time="0.000" classname="com.example.java设计模式.单例.Test"/>
  <testcase name="service" time="0.000" classname="com.example.java设计模式.单例.Test"/>
  <testcase name="service" time="0.000" classname="com.example.java设计模式.单例.Test"/>
  <testcase name="service" time="0.000" classname="com.example.java设计模式.单例.Test"/>
  <testcase name="service" time="0.000" classname="com.example.java设计模式.单例.Test"/>
  <testcase name="service" time="0.000" classname="com.example.java设计模式.单例.Test"/>
  <testcase name="service" time="0.000" classname="com.example.java设计模式.单例.Test"/>
  <testcase name="service" time="0.001" classname="com.example.java设计模式.单例.Test"/>
  <testcase name="service" time="0.000" classname="com.example.java设计模式.单例.Test"/>
  <testcase name="service" time="0.001" classname="com.example.java设计模式.单例.Test"/>
  <testcase name="service" time="0.450" classname="com.example.java设计模式.单例.Test"/>
  <testcase name="service" time="0.000" classname="com.example.java设计模式.单例.Test"/>
  <testcase name="service" time="0.226" classname="com.example.java设计模式.单例.Test"/>
  <testcase name="service" time="0.001" classname="com.example.java设计模式.单例.Test"/>
  <testcase name="service" time="0.000" classname="com.example.java设计模式.单例.Test"/>
  <testcase name="service" time="0.000" classname="com.example.java设计模式.单例.Test"/>
  <testcase name="service" time="0.211" classname="com.example.java设计模式.单例.Test"/>
  <testcase name="service" time="0.000" classname="com.example.java设计模式.单例.Test"/>
  <testcase name="service" time="0.715" classname="com.example.java设计模式.单例.Test"/>
  <testcase name="service" time="0.000" classname="com.example.java设计模式.单例.Test"/>
  <testcase name="service" time="0.398" classname="com.example.java设计模式.单例.Test"/>
  <testcase name="service" time="0.000" classname="com.example.java设计模式.单例.Test"/>
  <testcase name="service" time="0.519" classname="com.example.java设计模式.单例.Test"/>
  <testcase name="service" time="0.000" classname="com.example.java设计模式.单例.Test"/>
  <testcase name="service" time="1.474" classname="com.example.java设计模式.单例.Test"/>
  <testcase name="service" time="0.359" classname="com.example.java设计模式.单例.Test"/>
  <testcase name="service" time="0.000" classname="com.example.java设计模式.单例.Test"/>
  <testcase name="service" time="8.267" classname="com.example.java设计模式.单例.Test"/>
  <testcase name="service" time="0.000" classname="com.example.java设计模式.单例.Test"/>
  <testcase name="service" time="5.216" classname="com.example.java设计模式.单例.Test"/>
  <testcase name="service" time="0.227" classname="com.example.java设计模式.单例.Test"/>
  <testcase name="service" time="0.000" classname="com.example.java设计模式.单例.Test"/>
  <testcase name="service" time="0.001" classname="com.example.java设计模式.单例.Test"/>
  <testcase name="service" time="0.000" classname="com.example.java设计模式.单例.Test"/>
  <testcase name="service" time="0.000" classname="com.example.java设计模式.单例.Test"/>
  <testcase name="service" time="0.733" classname="com.example.java设计模式.单例.Test"/>
  <testcase name="service" time="0.321" classname="com.example.java设计模式.单例.Test"/>
  <testcase name="service" time="0.000" classname="com.example.java设计模式.单例.Test"/>
  <testcase name="service" time="0.001" classname="com.example.java设计模式.单例.Test"/>
  <testcase name="service" time="0.000" classname="com.example.java设计模式.单例.Test"/>
  <testcase name="service" time="0.858" classname="com.example.java设计模式.单例.Test"/>
  <testcase name="service" time="0.205" classname="com.example.java设计模式.单例.Test"/>
  <testcase name="service" time="0.000" classname="com.example.java设计模式.单例.Test"/>
  <testcase name="service" time="0.001" classname="com.example.java设计模式.单例.Test"/>
  <testcase name="service" time="0.283" classname="com.example.java设计模式.单例.Test"/>
  <testcase name="service" time="0.000" classname="com.example.java设计模式.单例.Test"/>
  <testcase name="service" time="0.000" classname="com.example.java设计模式.单例.Test"/>
  <testcase name="service" time="0.000" classname="com.example.java设计模式.单例.Test"/>
  <testcase name="service" time="0.000" classname="com.example.java设计模式.单例.Test"/>
  <testcase name="service" time="0.001" classname="com.example.java设计模式.单例.Test"/>
  <testcase name="service" time="0.000" classname="com.example.java设计模式.单例.Test"/>
  <testcase name="service" time="0.000" classname="com.example.java设计模式.单例.Test"/>
  <testcase name="service" time="0.424" classname="com.example.java设计模式.单例.Test"/>
  <testcase name="service" time="0.000" classname="com.example.java设计模式.单例.Test"/>
  <testcase name="service" time="0.000" classname="com.example.java设计模式.单例.Test"/>
  <testcase name="service" time="64.976" classname="com.example.java设计模式.单例.Test"/>
  <testcase name="service" time="0.667" classname="com.example.java设计模式.单例.Test"/>
  <testcase name="service" time="0.000" classname="com.example.java设计模式.单例.Test"/>
  <testcase name="service" time="1.482" classname="com.example.java设计模式.单例.Test"/>
  <testcase name="service" time="0.000" classname="com.example.java设计模式.单例.Test"/>
  <testcase name="service" time="0.000" classname="com.example.java设计模式.单例.Test"/>
  <testcase name="service" time="0.000" classname="com.example.java设计模式.单例.Test"/>
  <testcase name="service" time="0.000" classname="com.example.java设计模式.单例.Test"/>
  <testcase name="service" time="0.162" classname="com.example.java设计模式.单例.Test"/>
  <testcase name="service" time="0.000" classname="com.example.java设计模式.单例.Test"/>
  <testcase name="service" time="0.542" classname="com.example.java设计模式.单例.Test"/>
  <testcase name="service" time="0.000" classname="com.example.java设计模式.单例.Test"/>
  <testcase name="service" time="0.266" classname="com.example.java设计模式.单例.Test"/>
  <testcase name="service" time="1.305" classname="com.example.java设计模式.单例.Test"/>
  <testcase name="service" time="0.610" classname="com.example.java设计模式.单例.Test"/>
  <testcase name="service" time="8.273" classname="com.example.java设计模式.单例.Test"/>
  <testcase name="service" time="0.000" classname="com.example.java设计模式.单例.Test"/>
  <testcase name="service" time="0.571" classname="com.example.java设计模式.单例.Test"/>
  <testcase name="service" time="0.000" classname="com.example.java设计模式.单例.Test"/>
  <testcase name="service" time="0.496" classname="com.example.java设计模式.单例.Test"/>
  <testcase name="service" time="0.001" classname="com.example.java设计模式.单例.Test"/>
  <testcase name="service" time="0.000" classname="com.example.java设计模式.单例.Test"/>
  <testcase name="service" time="0.001" classname="com.example.java设计模式.单例.Test"/>
  <testcase name="service" time="0.001" classname="com.example.java设计模式.单例.Test"/>
  <testcase name="service" time="0.000" classname="com.example.java设计模式.单例.Test"/>
  <testcase name="service" time="0.000" classname="com.example.java设计模式.单例.Test"/>
  <testcase name="service" time="0.107" classname="com.example.java设计模式.单例.Test"/>
  <testcase name="service" time="0.000" classname="com.example.java设计模式.单例.Test"/>
  <testcase name="service" time="0.993" classname="com.example.java设计模式.单例.Test"/>
  <testcase name="service" time="0.032" classname="com.example.java设计模式.单例.Test"/>
  <testcase name="service" time="0.105" classname="com.example.java设计模式.单例.Test"/>
  <testcase name="service" time="1.107" classname="com.example.java设计模式.单例.Test"/>
  <testcase name="service" time="0.002" classname="com.example.java设计模式.单例.Test"/>
  <testcase name="service" time="0.000" classname="com.example.java设计模式.单例.Test"/>
  <testcase name="service" time="0.041" classname="com.example.java设计模式.单例.Test"/>
  <testcase name="service" time="0.738" classname="com.example.java设计模式.单例.Test"/>
  <testcase name="service" time="6.593" classname="com.example.java设计模式.单例.Test"/>
  <testcase name="service" time="1.109" classname="com.example.java设计模式.单例.Test"/>
  <testcase name="service" time="0.333" classname="com.example.java设计模式.单例.Test"/>
  <testcase name="service" time="0.000" classname="com.example.java设计模式.单例.Test"/>
  <testcase name="service" time="0.001" classname="com.example.java设计模式.单例.Test"/>
  <testcase name="service" time="0.205" classname="com.example.java设计模式.单例.Test"/>
  <testcase name="service" time="0.618" classname="com.example.java设计模式.单例.Test"/>
  <testcase name="service" time="0.829" classname="com.example.java设计模式.单例.Test"/>
  <testcase name="service" time="0.000" classname="com.example.java设计模式.单例.Test"/>
  <testcase name="service" time="64.359" classname="com.example.java设计模式.单例.Test"/>
  <testcase name="service" time="0.720" classname="com.example.java设计模式.单例.Test"/>
  <testcase name="service" time="0.001" classname="com.example.java设计模式.单例.Test"/>
  <testcase name="service" time="0.432" classname="com.example.java设计模式.单例.Test"/>
  <testcase name="service" time="7.963" classname="com.example.java设计模式.单例.Test"/>
  <testcase name="service" time="0.830" classname="com.example.java设计模式.单例.Test"/>
  <testcase name="service" time="0.000" classname="com.example.java设计模式.单例.Test"/>
  <testcase name="service" time="0.497" classname="com.example.java设计模式.单例.Test"/>
  <testcase name="service" time="0.000" classname="com.example.java设计模式.单例.Test"/>
  <testcase name="service" time="6.295" classname="com.example.java设计模式.单例.Test"/>
  <testcase name="service" time="1.002" classname="com.example.java设计模式.单例.Test"/>
  <testcase name="service" time="0.216" classname="com.example.java设计模式.单例.Test"/>
  <testcase name="service" time="0.000" classname="com.example.java设计模式.单例.Test"/>
  <testcase name="service" time="0.000" classname="com.example.java设计模式.单例.Test"/>
  <testcase name="service" time="0.000" classname="com.example.java设计模式.单例.Test"/>
  <testcase name="service" time="1.069" classname="com.example.java设计模式.单例.Test"/>
  <testcase name="service" time="0.000" classname="com.example.java设计模式.单例.Test"/>
  <testcase name="service" time="0.316" classname="com.example.java设计模式.单例.Test"/>
  <testcase name="service" time="0.010" classname="com.example.java设计模式.单例.Test"/>
  <testcase name="service" time="64.901" classname="com.example.java设计模式.单例.Test"/>
  <testcase name="service" time="0.390" classname="com.example.java设计模式.单例.Test"/>
  <testcase name="service" time="0.000" classname="com.example.java设计模式.单例.Test"/>
  <testcase name="service" time="0.001" classname="com.example.java设计模式.单例.Test"/>
  <testcase name="service" time="0.000" classname="com.example.java设计模式.单例.Test"/>
  <testcase name="service" time="0.656" classname="com.example.java设计模式.单例.Test"/>
  <testcase name="service" time="0.000" classname="com.example.java设计模式.单例.Test"/>
  <testcase name="service" time="0.001" classname="com.example.java设计模式.单例.Test"/>
  <testcase name="service" time="0.525" classname="com.example.java设计模式.单例.Test"/>
  <testcase name="service" time="65.064" classname="com.example.java设计模式.单例.Test"/>
  <testcase name="service" time="0.405" classname="com.example.java设计模式.单例.Test"/>
  <testcase name="service" time="0.000" classname="com.example.java设计模式.单例.Test"/>
  <testcase name="service" time="0.895" classname="com.example.java设计模式.单例.Test"/>
  <testcase name="service" time="7.862" classname="com.example.java设计模式.单例.Test"/>
  <testcase name="service" time="0.000" classname="com.example.java设计模式.单例.Test"/>
  <testcase name="service" time="0.000" classname="com.example.java设计模式.单例.Test"/>
  <testcase name="service" time="0.411" classname="com.example.java设计模式.单例.Test"/>
  <testcase name="service" time="0.000" classname="com.example.java设计模式.单例.Test"/>
  <testcase name="service" time="0.000" classname="com.example.java设计模式.单例.Test"/>
  <testcase name="service" time="0.075" classname="com.example.java设计模式.单例.Test"/>
  <testcase name="service" time="0.000" classname="com.example.java设计模式.单例.Test"/>
  <testcase name="service" time="0.001" classname="com.example.java设计模式.单例.Test"/>
  <testcase name="service" time="0.001" classname="com.example.java设计模式.单例.Test"/>
  <testcase name="service" time="0.748" classname="com.example.java设计模式.单例.Test"/>
  <testcase name="service" time="0.001" classname="com.example.java设计模式.单例.Test"/>
  <testcase name="service" time="0.000" classname="com.example.java设计模式.单例.Test"/>
  <testcase name="service" time="0.128" classname="com.example.java设计模式.单例.Test"/>
  <testcase name="service" time="0.001" classname="com.example.java设计模式.单例.Test"/>
  <testcase name="service" time="64.502" classname="com.example.java设计模式.单例.Test"/>
  <testcase name="service" time="0.860" classname="com.example.java设计模式.单例.Test"/>
  <testcase name="service" time="0.011" classname="com.example.java设计模式.单例.Test"/>
  <testcase name="service" time="0.000" classname="com.example.java设计模式.单例.Test"/>
  <testcase name="service" time="0.183" classname="com.example.java设计模式.单例.Test"/>
  <testcase name="service" time="8.045" classname="com.example.java设计模式.单例.Test"/>
  <testcase name="service" time="1.497" classname="com.example.java设计模式.单例.Test"/>
  <testcase name="service" time="0.000" classname="com.example.java设计模式.单例.Test"/>
  <testcase name="service" time="1.600" classname="com.example.java设计模式.单例.Test"/>
  <testcase name="service" time="7.777" classname="com.example.java设计模式.单例.Test"/>
  <testcase name="service" time="0.000" classname="com.example.java设计模式.单例.Test"/>
  <testcase name="service" time="0.009" classname="com.example.java设计模式.单例.Test"/>
  <testcase name="service" time="0.217" classname="com.example.java设计模式.单例.Test"/>
  <testcase name="service" time="0.000" classname="com.example.java设计模式.单例.Test"/>
  <testcase name="service" time="0.001" classname="com.example.java设计模式.单例.Test"/>
  <testcase name="service" time="0.549" classname="com.example.java设计模式.单例.Test"/>
  <testcase name="service" time="0.000" classname="com.example.java设计模式.单例.Test"/>
  <testcase name="service" time="0.000" classname="com.example.java设计模式.单例.Test"/>
  <testcase name="service" time="0.000" classname="com.example.java设计模式.单例.Test"/>
  <testcase name="service" time="6.376" classname="com.example.java设计模式.单例.Test"/>
  <testcase name="service" time="0.669" classname="com.example.java设计模式.单例.Test"/>
  <testcase name="service" time="0.000" classname="com.example.java设计模式.单例.Test"/>
  <testcase name="service" time="0.490" classname="com.example.java设计模式.单例.Test"/>
  <testcase name="service" time="0.000" classname="com.example.java设计模式.单例.Test"/>
  <testcase name="service" time="0.862" classname="com.example.java设计模式.单例.Test"/>
  <testcase name="service" time="0.001" classname="com.example.java设计模式.单例.Test"/>
  <testcase name="service" time="0.000" classname="com.example.java设计模式.单例.Test"/>
  <testcase name="service" time="0.000" classname="com.example.java设计模式.单例.Test"/>
  <testcase name="service" time="0.000" classname="com.example.java设计模式.单例.Test"/>
  <testcase name="service" time="0.000" classname="com.example.java设计模式.单例.Test"/>
  <testcase name="service" time="0.367" classname="com.example.java设计模式.单例.Test"/>
  <testcase name="service" time="0.000" classname="com.example.java设计模式.单例.Test"/>
  <testcase name="service" time="0.000" classname="com.example.java设计模式.单例.Test"/>
  <testcase name="service" time="0.000" classname="com.example.java设计模式.单例.Test"/>
  <testcase name="service" time="0.000" classname="com.example.java设计模式.单例.Test"/>
  <testcase name="service" time="0.000" classname="com.example.java设计模式.单例.Test"/>
  <testcase name="service" time="0.001" classname="com.example.java设计模式.单例.Test"/>
  <testcase name="service" time="0.057" classname="com.example.java设计模式.单例.Test"/>
  <testcase name="service" time="0.000" classname="com.example.java设计模式.单例.Test"/>
  <testcase name="service" time="0.502" classname="com.example.java设计模式.单例.Test"/>
  <testcase name="service" time="8.017" classname="com.example.java设计模式.单例.Test"/>
  <testcase name="service" time="0.384" classname="com.example.java设计模式.单例.Test"/>
  <testcase name="service" time="0.408" classname="com.example.java设计模式.单例.Test"/>
  <testcase name="service" time="0.361" classname="com.example.java设计模式.单例.Test"/>
  <testcase name="service" time="0.051" classname="com.example.java设计模式.单例.Test"/>
  <testcase name="service" time="0.560" classname="com.example.java设计模式.单例.Test"/>
  <testcase name="service" time="7.786" classname="com.example.java设计模式.单例.Test"/>
  <testcase name="service" time="0.000" classname="com.example.java设计模式.单例.Test"/>
  <testcase name="service" time="0.000" classname="com.example.java设计模式.单例.Test"/>
  <testcase name="service" time="0.000" classname="com.example.java设计模式.单例.Test"/>
  <testcase name="service" time="0.000" classname="com.example.java设计模式.单例.Test"/>
  <testcase name="service" time="0.000" classname="com.example.java设计模式.单例.Test"/>
  <testcase name="service" time="0.913" classname="com.example.java设计模式.单例.Test"/>
  <testcase name="service" time="1.317" classname="com.example.java设计模式.单例.Test"/>
  <testcase name="service" time="6.702" classname="com.example.java设计模式.单例.Test"/>
  <testcase name="service" time="0.243" classname="com.example.java设计模式.单例.Test"/>
  <testcase name="service" time="6.396" classname="com.example.java设计模式.单例.Test"/>
  <testcase name="service" time="0.001" classname="com.example.java设计模式.单例.Test"/>
  <testcase name="service" time="0.190" classname="com.example.java设计模式.单例.Test"/>
  <testcase name="service" time="64.896" classname="com.example.java设计模式.单例.Test"/>
  <testcase name="service" time="0.000" classname="com.example.java设计模式.单例.Test"/>
  <testcase name="service" time="0.000" classname="com.example.java设计模式.单例.Test"/>
  <testcase name="service" time="0.001" classname="com.example.java设计模式.单例.Test"/>
  <testcase name="service" time="0.771" classname="com.example.java设计模式.单例.Test"/>
  <testcase name="service" time="0.407" classname="com.example.java设计模式.单例.Test"/>
  <testcase name="service" time="0.000" classname="com.example.java设计模式.单例.Test"/>
  <testcase name="service" time="0.247" classname="com.example.java设计模式.单例.Test"/>
  <testcase name="service" time="0.000" classname="com.example.java设计模式.单例.Test"/>
  <testcase name="service" time="0.311" classname="com.example.java设计模式.单例.Test"/>
  <testcase name="service" time="6.289" classname="com.example.java设计模式.单例.Test"/>
  <testcase name="service" time="0.000" classname="com.example.java设计模式.单例.Test"/>
  <testcase name="service" time="0.207" classname="com.example.java设计模式.单例.Test"/>
  <testcase name="service" time="0.000" classname="com.example.java设计模式.单例.Test"/>
  <testcase name="service" time="6.590" classname="com.example.java设计模式.单例.Test"/>
  <testcase name="service" time="0.000" classname="com.example.java设计模式.单例.Test"/>
  <testcase name="service" time="0.000" classname="com.example.java设计模式.单例.Test"/>
  <testcase name="service" time="5.107" classname="com.example.java设计模式.单例.Test"/>
  <testcase name="service" time="0.007" classname="com.example.java设计模式.单例.Test"/>
  <testcase name="service" time="0.178" classname="com.example.java设计模式.单例.Test"/>
  <testcase name="service" time="0.743" classname="com.example.java设计模式.单例.Test"/>
  <testcase name="service" time="0.508" classname="com.example.java设计模式.单例.Test"/>
  <testcase name="service" time="0.000" classname="com.example.java设计模式.单例.Test"/>
  <testcase name="service" time="0.592" classname="com.example.java设计模式.单例.Test"/>
  <testcase name="service" time="0.430" classname="com.example.java设计模式.单例.Test"/>
  <testcase name="service" time="0.000" classname="com.example.java设计模式.单例.Test"/>
  <testcase name="service" time="0.000" classname="com.example.java设计模式.单例.Test"/>
  <testcase name="service" time="0.000" classname="com.example.java设计模式.单例.Test"/>
  <testcase name="service" time="0.000" classname="com.example.java设计模式.单例.Test"/>
  <testcase name="service" time="0.523" classname="com.example.java设计模式.单例.Test"/>
  <testcase name="service" time="0.001" classname="com.example.java设计模式.单例.Test"/>
  <testcase name="service" time="0.096" classname="com.example.java设计模式.单例.Test"/>
  <testcase name="service" time="0.795" classname="com.example.java设计模式.单例.Test"/>
  <testcase name="service" time="0.001" classname="com.example.java设计模式.单例.Test"/>
  <testcase name="service" time="0.000" classname="com.example.java设计模式.单例.Test"/>
  <testcase name="service" time="0.001" classname="com.example.java设计模式.单例.Test"/>
  <testcase name="service" time="1.013" classname="com.example.java设计模式.单例.Test"/>
  <testcase name="service" time="0.323" classname="com.example.java设计模式.单例.Test"/>
  <testcase name="service" time="1.093" classname="com.example.java设计模式.单例.Test"/>
  <testcase name="service" time="0.001" classname="com.example.java设计模式.单例.Test"/>
  <testcase name="service" time="0.801" classname="com.example.java设计模式.单例.Test"/>
  <testcase name="service" time="0.573" classname="com.example.java设计模式.单例.Test"/>
  <testcase name="service" time="0.000" classname="com.example.java设计模式.单例.Test"/>
  <testcase name="service" time="0.913" classname="com.example.java设计模式.单例.Test"/>
  <testcase name="service" time="0.000" classname="com.example.java设计模式.单例.Test"/>
  <testcase name="service" time="0.146" classname="com.example.java设计模式.单例.Test"/>
  <testcase name="service" time="0.816" classname="com.example.java设计模式.单例.Test"/>
  <testcase name="service" time="64.951" classname="com.example.java设计模式.单例.Test"/>
  <testcase name="service" time="0.225" classname="com.example.java设计模式.单例.Test"/>
  <testcase name="service" time="0.525" classname="com.example.java设计模式.单例.Test"/>
  <testcase name="service" time="0.470" classname="com.example.java设计模式.单例.Test"/>
  <testcase name="service" time="7.917" classname="com.example.java设计模式.单例.Test"/>
  <testcase name="service" time="0.000" classname="com.example.java设计模式.单例.Test"/>
  <testcase name="service" time="0.000" classname="com.example.java设计模式.单例.Test"/>
  <testcase name="service" time="0.702" classname="com.example.java设计模式.单例.Test"/>
  <testcase name="service" time="0.594" classname="com.example.java设计模式.单例.Test"/>
  <testcase name="service" time="0.000" classname="com.example.java设计模式.单例.Test"/>
  <testcase name="service" time="6.331" classname="com.example.java设计模式.单例.Test"/>
  <testcase name="service" time="0.533" classname="com.example.java设计模式.单例.Test"/>
  <testcase name="service" time="0.000" classname="com.example.java设计模式.单例.Test"/>
  <testcase name="service" time="64.861" classname="com.example.java设计模式.单例.Test"/>
  <testcase name="service" time="0.184" classname="com.example.java设计模式.单例.Test"/>
  <testcase name="service" time="6.312" classname="com.example.java设计模式.单例.Test"/>
  <testcase name="service" time="0.000" classname="com.example.java设计模式.单例.Test"/>
  <testcase name="service" time="0.000" classname="com.example.java设计模式.单例.Test"/>
  <testcase name="service" time="0.001" classname="com.example.java设计模式.单例.Test"/>
  <testcase name="service" time="0.001" classname="com.example.java设计模式.单例.Test"/>
  <testcase name="service" time="0.000" classname="com.example.java设计模式.单例.Test"/>
  <testcase name="service" time="0.419" classname="com.example.java设计模式.单例.Test"/>
  <testcase name="service" time="0.001" classname="com.example.java设计模式.单例.Test"/>
  <testcase name="service" time="1.111" classname="com.example.java设计模式.单例.Test"/>
  <testcase name="service" time="0.001" classname="com.example.java设计模式.单例.Test"/>
  <testcase name="service" time="1.333" classname="com.example.java设计模式.单例.Test"/>
  <testcase name="service" time="0.134" classname="com.example.java设计模式.单例.Test"/>
  <testcase name="service" time="0.000" classname="com.example.java设计模式.单例.Test"/>
  <testcase name="service" time="0.350" classname="com.example.java设计模式.单例.Test"/>
  <testcase name="service" time="0.001" classname="com.example.java设计模式.单例.Test"/>
  <testcase name="service" time="0.000" classname="com.example.java设计模式.单例.Test"/>
  <testcase name="service" time="0.001" classname="com.example.java设计模式.单例.Test"/>
  <testcase name="service" time="0.001" classname="com.example.java设计模式.单例.Test"/>
  <testcase name="service" time="0.001" classname="com.example.java设计模式.单例.Test"/>
  <testcase name="service" time="0.001" classname="com.example.java设计模式.单例.Test"/>
  <testcase name="service" time="0.512" classname="com.example.java设计模式.单例.Test"/>
  <testcase name="service" time="0.001" classname="com.example.java设计模式.单例.Test"/>
  <testcase name="service" time="0.000" classname="com.example.java设计模式.单例.Test"/>
  <testcase name="service" time="0.000" classname="com.example.java设计模式.单例.Test"/>
  <testcase name="service" time="0.001" classname="com.example.java设计模式.单例.Test"/>
  <testcase name="service" time="0.000" classname="com.example.java设计模式.单例.Test"/>
  <testcase name="service" time="0.000" classname="com.example.java设计模式.单例.Test"/>
  <testcase name="service" time="0.001" classname="com.example.java设计模式.单例.Test"/>
  <testcase name="service" time="0.001" classname="com.example.java设计模式.单例.Test"/>
  <testcase name="service" time="0.642" classname="com.example.java设计模式.单例.Test"/>
  <testcase name="service" time="0.000" classname="com.example.java设计模式.单例.Test"/>
  <testcase name="service" time="0.001" classname="com.example.java设计模式.单例.Test"/>
  <testcase name="service" time="0.001" classname="com.example.java设计模式.单例.Test"/>
  <testcase name="service" time="0.000" classname="com.example.java设计模式.单例.Test"/>
  <testcase name="service" time="0.001" classname="com.example.java设计模式.单例.Test"/>
  <testcase name="service" time="0.000" classname="com.example.java设计模式.单例.Test"/>
  <testcase name="service" time="0.000" classname="com.example.java设计模式.单例.Test"/>
  <testcase name="service" time="0.000" classname="com.example.java设计模式.单例.Test"/>
  <testcase name="service" time="0.000" classname="com.example.java设计模式.单例.Test"/>
  <testcase name="service" time="65.371" classname="com.example.java设计模式.单例.Test"/>
  <testcase name="service" time="1.009" classname="com.example.java设计模式.单例.Test"/>
  <testcase name="service" time="0.998" classname="com.example.java设计模式.单例.Test"/>
  <testcase name="service" time="1.006" classname="com.example.java设计模式.单例.Test"/>
  <testcase name="service" time="0.000" classname="com.example.java设计模式.单例.Test"/>
  <testcase name="service" time="0.000" classname="com.example.java设计模式.单例.Test"/>
  <testcase name="service" time="0.120" classname="com.example.java设计模式.单例.Test"/>
  <testcase name="service" time="0.000" classname="com.example.java设计模式.单例.Test"/>
  <testcase name="service" time="0.000" classname="com.example.java设计模式.单例.Test"/>
  <testcase name="service" time="0.000" classname="com.example.java设计模式.单例.Test"/>
  <testcase name="service" time="0.001" classname="com.example.java设计模式.单例.Test"/>
  <testcase name="service" time="0.000" classname="com.example.java设计模式.单例.Test"/>
  <testcase name="service" time="0.862" classname="com.example.java设计模式.单例.Test"/>
  <testcase name="service" time="0.369" classname="com.example.java设计模式.单例.Test"/>
  <testcase name="service" time="0.001" classname="com.example.java设计模式.单例.Test"/>
  <testcase name="service" time="0.000" classname="com.example.java设计模式.单例.Test"/>
  <testcase name="service" time="0.000" classname="com.example.java设计模式.单例.Test"/>
  <testcase name="service" time="0.000" classname="com.example.java设计模式.单例.Test"/>
  <testcase name="service" time="7.785" classname="com.example.java设计模式.单例.Test"/>
  <testcase name="service" time="0.786" classname="com.example.java设计模式.单例.Test"/>
  <testcase name="service" time="0.350" classname="com.example.java设计模式.单例.Test"/>
  <testcase name="service" time="0.000" classname="com.example.java设计模式.单例.Test"/>
  <testcase name="service" time="1.495" classname="com.example.java设计模式.单例.Test"/>
  <testcase name="service" time="0.000" classname="com.example.java设计模式.单例.Test"/>
  <testcase name="service" time="0.000" classname="com.example.java设计模式.单例.Test"/>
  <testcase name="service" time="1.494" classname="com.example.java设计模式.单例.Test"/>
  <testcase name="service" time="0.000" classname="com.example.java设计模式.单例.Test"/>
  <testcase name="service" time="8.075" classname="com.example.java设计模式.单例.Test"/>
  <testcase name="service" time="0.077" classname="com.example.java设计模式.单例.Test"/>
  <testcase name="service" time="0.000" classname="com.example.java设计模式.单例.Test"/>
  <testcase name="service" time="0.122" classname="com.example.java设计模式.单例.Test"/>
  <testcase name="service" time="0.323" classname="com.example.java设计模式.单例.Test"/>
  <testcase name="service" time="0.557" classname="com.example.java设计模式.单例.Test"/>
  <testcase name="service" time="0.215" classname="com.example.java设计模式.单例.Test"/>
  <testcase name="service" time="0.000" classname="com.example.java设计模式.单例.Test"/>
  <testcase name="service" time="0.773" classname="com.example.java设计模式.单例.Test"/>
  <testcase name="service" time="0.000" classname="com.example.java设计模式.单例.Test"/>
  <testcase name="service" time="6.603" classname="com.example.java设计模式.单例.Test"/>
  <testcase name="service" time="64.984" classname="com.example.java设计模式.单例.Test"/>
  <testcase name="service" time="7.136" classname="com.example.java设计模式.单例.Test"/>
  <testcase name="service" time="0.000" classname="com.example.java设计模式.单例.Test"/>
  <testcase name="service" time="0.000" classname="com.example.java设计模式.单例.Test"/>
  <testcase name="service" time="0.000" classname="com.example.java设计模式.单例.Test"/>
  <testcase name="service" time="0.000" classname="com.example.java设计模式.单例.Test"/>
  <testcase name="service" time="7.488" classname="com.example.java设计模式.单例.Test"/>
  <testcase name="service" time="7.996" classname="com.example.java设计模式.单例.Test"/>
  <testcase name="service" time="0.793" classname="com.example.java设计模式.单例.Test"/>
  <testcase name="service" time="0.000" classname="com.example.java设计模式.单例.Test"/>
  <testcase name="service" time="0.717" classname="com.example.java设计模式.单例.Test"/>
  <testcase name="service" time="0.000" classname="com.example.java设计模式.单例.Test"/>
  <testcase name="service" time="0.623" classname="com.example.java设计模式.单例.Test"/>
  <testcase name="service" time="0.000" classname="com.example.java设计模式.单例.Test"/>
  <testcase name="service" time="0.000" classname="com.example.java设计模式.单例.Test"/>
  <testcase name="service" time="0.000" classname="com.example.java设计模式.单例.Test"/>
  <testcase name="service" time="0.276" classname="com.example.java设计模式.单例.Test"/>
  <testcase name="service" time="1.198" classname="com.example.java设计模式.单例.Test"/>
  <testcase name="service" time="0.638" classname="com.example.java设计模式.单例.Test"/>
  <testcase name="service" time="0.000" classname="com.example.java设计模式.单例.Test"/>
  <testcase name="service" time="0.290" classname="com.example.java设计模式.单例.Test"/>
  <testcase name="service" time="0.000" classname="com.example.java设计模式.单例.Test"/>
  <testcase name="service" time="0.000" classname="com.example.java设计模式.单例.Test"/>
  <testcase name="service" time="0.422" classname="com.example.java设计模式.单例.Test"/>
  <testcase name="service" time="0.000" classname="com.example.java设计模式.单例.Test"/>
  <testcase name="service" time="0.000" classname="com.example.java设计模式.单例.Test"/>
  <testcase name="service" time="1.121" classname="com.example.java设计模式.单例.Test"/>
  <testcase name="service" time="0.700" classname="com.example.java设计模式.单例.Test"/>
  <testcase name="service" time="0.000" classname="com.example.java设计模式.单例.Test"/>
  <testcase name="service" time="0.397" classname="com.example.java设计模式.单例.Test"/>
  <testcase name="service" time="0.000" classname="com.example.java设计模式.单例.Test"/>
  <testcase name="service" time="64.354" classname="com.example.java设计模式.单例.Test"/>
  <testcase name="service" time="0.777" classname="com.example.java设计模式.单例.Test"/>
  <testcase name="service" time="0.000" classname="com.example.java设计模式.单例.Test"/>
  <testcase name="service" time="1.107" classname="com.example.java设计模式.单例.Test"/>
  <testcase name="service" time="0.001" classname="com.example.java设计模式.单例.Test"/>
  <testcase name="service" time="0.171" classname="com.example.java设计模式.单例.Test"/>
  <testcase name="service" time="0.000" classname="com.example.java设计模式.单例.Test"/>
  <testcase name="service" time="0.380" classname="com.example.java设计模式.单例.Test"/>
  <testcase name="service" time="0.000" classname="com.example.java设计模式.单例.Test"/>
  <testcase name="service" time="0.039" classname="com.example.java设计模式.单例.Test"/>
  <testcase name="service" time="0.000" classname="com.example.java设计模式.单例.Test"/>
  <testcase name="service" time="0.001" classname="com.example.java设计模式.单例.Test"/>
  <testcase name="service" time="65.003" classname="com.example.java设计模式.单例.Test"/>
  <testcase name="service" time="0.000" classname="com.example.java设计模式.单例.Test"/>
  <testcase name="service" time="0.000" classname="com.example.java设计模式.单例.Test"/>
  <testcase name="service" time="0.001" classname="com.example.java设计模式.单例.Test"/>
  <testcase name="service" time="0.000" classname="com.example.java设计模式.单例.Test"/>
  <testcase name="service" time="0.206" classname="com.example.java设计模式.单例.Test"/>
  <testcase name="service" time="0.957" classname="com.example.java设计模式.单例.Test"/>
  <testcase name="service" time="0.000" classname="com.example.java设计模式.单例.Test"/>
  <testcase name="service" time="0.000" classname="com.example.java设计模式.单例.Test"/>
  <testcase name="service" time="1.056" classname="com.example.java设计模式.单例.Test"/>
  <testcase name="service" time="0.093" classname="com.example.java设计模式.单例.Test"/>
  <testcase name="service" time="0.000" classname="com.example.java设计模式.单例.Test"/>
  <testcase name="service" time="0.896" classname="com.example.java设计模式.单例.Test"/>
  <testcase name="service" time="0.727" classname="com.example.java设计模式.单例.Test"/>
  <testcase name="service" time="0.000" classname="com.example.java设计模式.单例.Test"/>
  <testcase name="service" time="0.000" classname="com.example.java设计模式.单例.Test"/>
  <testcase name="service" time="1.256" classname="com.example.java设计模式.单例.Test"/>
  <testcase name="service" time="0.000" classname="com.example.java设计模式.单例.Test"/>
  <testcase name="service" time="0.451" classname="com.example.java设计模式.单例.Test"/>
  <testcase name="service" time="0.000" classname="com.example.java设计模式.单例.Test"/>
  <testcase name="service" time="0.000" classname="com.example.java设计模式.单例.Test"/>
  <testcase name="service" time="0.000" classname="com.example.java设计模式.单例.Test"/>
  <testcase name="service" time="0.001" classname="com.example.java设计模式.单例.Test"/>
  <testcase name="service" time="5.524" classname="com.example.java设计模式.单例.Test"/>
  <testcase name="service" time="0.000" classname="com.example.java设计模式.单例.Test"/>
  <testcase name="service" time="0.481" classname="com.example.java设计模式.单例.Test"/>
  <testcase name="service" time="0.444" classname="com.example.java设计模式.单例.Test"/>
  <testcase name="service" time="0.930" classname="com.example.java设计模式.单例.Test"/>
  <testcase name="service" time="0.730" classname="com.example.java设计模式.单例.Test"/>
  <testcase name="service" time="0.001" classname="com.example.java设计模式.单例.Test"/>
  <testcase name="service" time="0.513" classname="com.example.java设计模式.单例.Test"/>
  <testcase name="service" time="0.000" classname="com.example.java设计模式.单例.Test"/>
  <testcase name="service" time="0.000" classname="com.example.java设计模式.单例.Test"/>
  <testcase name="service" time="0.141" classname="com.example.java设计模式.单例.Test"/>
  <testcase name="service" time="0.000" classname="com.example.java设计模式.单例.Test"/>
  <testcase name="service" time="0.850" classname="com.example.java设计模式.单例.Test"/>
  <testcase name="service" time="0.874" classname="com.example.java设计模式.单例.Test"/>
  <testcase name="service" time="0.000" classname="com.example.java设计模式.单例.Test"/>
  <testcase name="service" time="0.465" classname="com.example.java设计模式.单例.Test"/>
  <testcase name="service" time="0.228" classname="com.example.java设计模式.单例.Test"/>
  <testcase name="service" time="0.290" classname="com.example.java设计模式.单例.Test"/>
  <testcase name="service" time="0.000" classname="com.example.java设计模式.单例.Test"/>
  <testcase name="service" time="0.051" classname="com.example.java设计模式.单例.Test"/>
  <testcase name="service" time="0.000" classname="com.example.java设计模式.单例.Test"/>
  <testcase name="service" time="0.037" classname="com.example.java设计模式.单例.Test"/>
  <testcase name="service" time="7.780" classname="com.example.java设计模式.单例.Test"/>
  <testcase name="service" time="0.777" classname="com.example.java设计模式.单例.Test"/>
  <testcase name="service" time="0.333" classname="com.example.java设计模式.单例.Test"/>
  <testcase name="service" time="0.001" classname="com.example.java设计模式.单例.Test"/>
  <testcase name="service" time="0.000" classname="com.example.java设计模式.单例.Test"/>
  <testcase name="service" time="0.001" classname="com.example.java设计模式.单例.Test"/>
  <testcase name="service" time="0.440" classname="com.example.java设计模式.单例.Test"/>
  <testcase name="service" time="1.012" classname="com.example.java设计模式.单例.Test"/>
  <testcase name="service" time="0.000" classname="com.example.java设计模式.单例.Test"/>
  <testcase name="service" time="0.030" classname="com.example.java设计模式.单例.Test"/>
  <testcase name="service" time="0.000" classname="com.example.java设计模式.单例.Test"/>
  <testcase name="service" time="0.232" classname="com.example.java设计模式.单例.Test"/>
  <testcase name="service" time="0.000" classname="com.example.java设计模式.单例.Test"/>
  <testcase name="service" time="0.000" classname="com.example.java设计模式.单例.Test"/>
  <testcase name="service" time="0.000" classname="com.example.java设计模式.单例.Test"/>
  <testcase name="service" time="0.925" classname="com.example.java设计模式.单例.Test"/>
  <testcase name="service" time="0.001" classname="com.example.java设计模式.单例.Test"/>
  <testcase name="service" time="0.090" classname="com.example.java设计模式.单例.Test"/>
  <testcase name="service" time="0.032" classname="com.example.java设计模式.单例.Test"/>
  <testcase name="service" time="0.000" classname="com.example.java设计模式.单例.Test"/>
  <testcase name="service" time="0.369" classname="com.example.java设计模式.单例.Test"/>
  <testcase name="service" time="0.000" classname="com.example.java设计模式.单例.Test"/>
  <testcase name="service" time="0.000" classname="com.example.java设计模式.单例.Test"/>
  <testcase name="service" time="0.000" classname="com.example.java设计模式.单例.Test"/>
  <testcase name="service" time="0.967" classname="com.example.java设计模式.单例.Test"/>
  <testcase name="service" time="0.270" classname="com.example.java设计模式.单例.Test"/>
  <testcase name="service" time="0.141" classname="com.example.java设计模式.单例.Test"/>
  <testcase name="service" time="1.272" classname="com.example.java设计模式.单例.Test"/>
  <testcase name="service" time="0.216" classname="com.example.java设计模式.单例.Test"/>
  <testcase name="service" time="0.000" classname="com.example.java设计模式.单例.Test"/>
  <testcase name="service" time="5.125" classname="com.example.java设计模式.单例.Test"/>
  <testcase name="service" time="0.001" classname="com.example.java设计模式.单例.Test"/>
  <testcase name="service" time="0.000" classname="com.example.java设计模式.单例.Test"/>
  <testcase name="service" time="0.000" classname="com.example.java设计模式.单例.Test"/>
  <testcase name="service" time="0.000" classname="com.example.java设计模式.单例.Test"/>
  <testcase name="service" time="1.483" classname="com.example.java设计模式.单例.Test"/>
  <testcase name="service" time="0.693" classname="com.example.java设计模式.单例.Test"/>
  <testcase name="service" time="0.438" classname="com.example.java设计模式.单例.Test"/>
  <testcase name="service" time="0.515" classname="com.example.java设计模式.单例.Test"/>
  <testcase name="service" time="0.398" classname="com.example.java设计模式.单例.Test"/>
  <testcase name="service" time="0.001" classname="com.example.java设计模式.单例.Test"/>
  <testcase name="service" time="0.000" classname="com.example.java设计模式.单例.Test"/>
  <testcase name="service" time="0.000" classname="com.example.java设计模式.单例.Test"/>
  <testcase name="service" time="0.000" classname="com.example.java设计模式.单例.Test"/>
  <testcase name="service" time="0.830" classname="com.example.java设计模式.单例.Test"/>
  <testcase name="service" time="0.668" classname="com.example.java设计模式.单例.Test"/>
  <testcase name="service" time="0.525" classname="com.example.java设计模式.单例.Test"/>
  <testcase name="service" time="0.000" classname="com.example.java设计模式.单例.Test"/>
  <testcase name="service" time="0.000" classname="com.example.java设计模式.单例.Test"/>
  <testcase name="service" time="0.782" classname="com.example.java设计模式.单例.Test"/>
  <testcase name="service" time="0.000" classname="com.example.java设计模式.单例.Test"/>
  <testcase name="service" time="0.000" classname="com.example.java设计模式.单例.Test"/>
  <testcase name="service" time="1.508" classname="com.example.java设计模式.单例.Test"/>
  <testcase name="service" time="0.001" classname="com.example.java设计模式.单例.Test"/>
  <testcase name="service" time="0.410" classname="com.example.java设计模式.单例.Test"/>
  <testcase name="service" time="0.000" classname="com.example.java设计模式.单例.Test"/>
  <testcase name="service" time="0.695" classname="com.example.java设计模式.单例.Test"/>
  <testcase name="service" time="0.007" classname="com.example.java设计模式.单例.Test"/>
  <testcase name="service" time="4.872" classname="com.example.java设计模式.单例.Test"/>
  <testcase name="service" time="0.000" classname="com.example.java设计模式.单例.Test"/>
  <testcase name="service" time="0.106" classname="com.example.java设计模式.单例.Test"/>
  <testcase name="service" time="0.827" classname="com.example.java设计模式.单例.Test"/>
  <testcase name="service" time="64.623" classname="com.example.java设计模式.单例.Test"/>
  <testcase name="service" time="64.957" classname="com.example.java设计模式.单例.Test"/>
  <testcase name="service" time="0.029" classname="com.example.java设计模式.单例.Test"/>
  <testcase name="service" time="0.000" classname="com.example.java设计模式.单例.Test"/>
  <testcase name="service" time="0.000" classname="com.example.java设计模式.单例.Test"/>
  <testcase name="service" time="1.249" classname="com.example.java设计模式.单例.Test"/>
  <testcase name="service" time="7.859" classname="com.example.java设计模式.单例.Test"/>
  <testcase name="service" time="0.000" classname="com.example.java设计模式.单例.Test"/>
  <testcase name="service" time="0.085" classname="com.example.java设计模式.单例.Test"/>
  <testcase name="service" time="0.539" classname="com.example.java设计模式.单例.Test"/>
  <testcase name="service" time="0.020" classname="com.example.java设计模式.单例.Test"/>
  <testcase name="service" time="6.656" classname="com.example.java设计模式.单例.Test"/>
  <testcase name="service" time="0.090" classname="com.example.java设计模式.单例.Test"/>
  <testcase name="service" time="0.127" classname="com.example.java设计模式.单例.Test"/>
  <testcase name="service" time="0.436" classname="com.example.java设计模式.单例.Test"/>
  <testcase name="service" time="1.537" classname="com.example.java设计模式.单例.Test"/>
  <testcase name="service" time="0.199" classname="com.example.java设计模式.单例.Test"/>
  <testcase name="service" time="6.583" classname="com.example.java设计模式.单例.Test"/>
  <testcase name="service" time="0.048" classname="com.example.java设计模式.单例.Test"/>
  <testcase name="service" time="1.188" classname="com.example.java设计模式.单例.Test"/>
  <testcase name="service" time="7.891" classname="com.example.java设计模式.单例.Test"/>
  <testcase name="service" time="0.211" classname="com.example.java设计模式.单例.Test"/>
  <testcase name="service" time="0.952" classname="com.example.java设计模式.单例.Test"/>
  <testcase name="service" time="0.049" classname="com.example.java设计模式.单例.Test"/>
  <testcase name="service" time="1.346" classname="com.example.java设计模式.单例.Test"/>
  <testcase name="service" time="0.896" classname="com.example.java设计模式.单例.Test"/>
  <testcase name="service" time="0.000" classname="com.example.java设计模式.单例.Test"/>
  <testcase name="service" time="0.566" classname="com.example.java设计模式.单例.Test"/>
  <testcase name="service" time="0.274" classname="com.example.java设计模式.单例.Test"/>
  <testcase name="service" time="0.000" classname="com.example.java设计模式.单例.Test"/>
  <testcase name="service" time="0.001" classname="com.example.java设计模式.单例.Test"/>
  <testcase name="service" time="0.708" classname="com.example.java设计模式.单例.Test"/>
  <testcase name="service" time="0.343" classname="com.example.java设计模式.单例.Test"/>
  <testcase name="service" time="0.000" classname="com.example.java设计模式.单例.Test"/>
  <testcase name="service" time="64.502" classname="com.example.java设计模式.单例.Test"/>
  <testcase name="service" time="0.654" classname="com.example.java设计模式.单例.Test"/>
  <testcase name="service" time="1.279" classname="com.example.java设计模式.单例.Test"/>
  <testcase name="service" time="0.000" classname="com.example.java设计模式.单例.Test"/>
  <testcase name="service" time="0.000" classname="com.example.java设计模式.单例.Test"/>
  <testcase name="service" time="8.141" classname="com.example.java设计模式.单例.Test"/>
  <testcase name="service" time="0.000" classname="com.example.java设计模式.单例.Test"/>
  <testcase name="service" time="7.104" classname="com.example.java设计模式.单例.Test"/>
  <testcase name="service" time="0.408" classname="com.example.java设计模式.单例.Test"/>
  <testcase name="service" time="0.000" classname="com.example.java设计模式.单例.Test"/>
  <testcase name="service" time="0.000" classname="com.example.java设计模式.单例.Test"/>
  <testcase name="service" time="0.055" classname="com.example.java设计模式.单例.Test"/>
  <testcase name="service" time="0.283" classname="com.example.java设计模式.单例.Test"/>
  <testcase name="service" time="0.312" classname="com.example.java设计模式.单例.Test"/>
  <testcase name="service" time="0.089" classname="com.example.java设计模式.单例.Test"/>
  <testcase name="service" time="0.545" classname="com.example.java设计模式.单例.Test"/>
  <testcase name="service" time="0.000" classname="com.example.java设计模式.单例.Test"/>
  <testcase name="service" time="0.000" classname="com.example.java设计模式.单例.Test"/>
  <testcase name="service" time="0.000" classname="com.example.java设计模式.单例.Test"/>
  <testcase name="service" time="0.000" classname="com.example.java设计模式.单例.Test"/>
  <testcase name="service" time="0.000" classname="com.example.java设计模式.单例.Test"/>
  <testcase name="service" time="0.000" classname="com.example.java设计模式.单例.Test"/>
  <testcase name="service" time="0.000" classname="com.example.java设计模式.单例.Test"/>
  <testcase name="service" time="0.874" classname="com.example.java设计模式.单例.Test"/>
  <testcase name="service" time="0.334" classname="com.example.java设计模式.单例.Test"/>
  <testcase name="service" time="0.626" classname="com.example.java设计模式.单例.Test"/>
  <testcase name="service" time="0.001" classname="com.example.java设计模式.单例.Test"/>
  <testcase name="service" time="0.000" classname="com.example.java设计模式.单例.Test"/>
  <testcase name="service" time="8.015" classname="com.example.java设计模式.单例.Test"/>
  <testcase name="service" time="0.001" classname="com.example.java设计模式.单例.Test"/>
  <testcase name="service" time="0.000" classname="com.example.java设计模式.单例.Test"/>
  <testcase name="service" time="0.000" classname="com.example.java设计模式.单例.Test"/>
  <testcase name="service" time="0.000" classname="com.example.java设计模式.单例.Test"/>
  <testcase name="service" time="1.676" classname="com.example.java设计模式.单例.Test"/>
  <testcase name="service" time="0.001" classname="com.example.java设计模式.单例.Test"/>
  <testcase name="service" time="0.001" classname="com.example.java设计模式.单例.Test"/>
  <testcase name="service" time="0.751" classname="com.example.java设计模式.单例.Test"/>
  <testcase name="service" time="0.377" classname="com.example.java设计模式.单例.Test"/>
  <testcase name="service" time="0.001" classname="com.example.java设计模式.单例.Test"/>
  <testcase name="service" time="0.448" classname="com.example.java设计模式.单例.Test"/>
  <testcase name="service" time="0.000" classname="com.example.java设计模式.单例.Test"/>
  <testcase name="service" time="0.001" classname="com.example.java设计模式.单例.Test"/>
  <testcase name="service" time="0.024" classname="com.example.java设计模式.单例.Test"/>
  <testcase name="service" time="0.000" classname="com.example.java设计模式.单例.Test"/>
  <testcase name="service" time="0.000" classname="com.example.java设计模式.单例.Test"/>
  <testcase name="service" time="0.816" classname="com.example.java设计模式.单例.Test"/>
  <testcase name="service" time="6.321" classname="com.example.java设计模式.单例.Test"/>
  <testcase name="service" time="0.000" classname="com.example.java设计模式.单例.Test"/>
  <testcase name="service" time="0.001" classname="com.example.java设计模式.单例.Test"/>
  <testcase name="service" time="0.000" classname="com.example.java设计模式.单例.Test"/>
  <testcase name="service" time="1.269" classname="com.example.java设计模式.单例.Test"/>
  <testcase name="service" time="0.000" classname="com.example.java设计模式.单例.Test"/>
  <testcase name="service" time="0.000" classname="com.example.java设计模式.单例.Test"/>
  <testcase name="service" time="0.000" classname="com.example.java设计模式.单例.Test"/>
  <testcase name="service" time="0.124" classname="com.example.java设计模式.单例.Test"/>
  <testcase name="service" time="0.000" classname="com.example.java设计模式.单例.Test"/>
  <testcase name="service" time="0.000" classname="com.example.java设计模式.单例.Test"/>
  <testcase name="service" time="0.970" classname="com.example.java设计模式.单例.Test"/>
  <testcase name="service" time="0.036" classname="com.example.java设计模式.单例.Test"/>
  <testcase name="service" time="0.000" classname="com.example.java设计模式.单例.Test"/>
  <testcase name="service" time="0.001" classname="com.example.java设计模式.单例.Test"/>
  <testcase name="service" time="0.000" classname="com.example.java设计模式.单例.Test"/>
  <testcase name="service" time="0.443" classname="com.example.java设计模式.单例.Test"/>
  <testcase name="service" time="0.472" classname="com.example.java设计模式.单例.Test"/>
  <testcase name="service" time="6.666" classname="com.example.java设计模式.单例.Test"/>
  <testcase name="service" time="0.393" classname="com.example.java设计模式.单例.Test"/>
  <testcase name="service" time="1.058" classname="com.example.java设计模式.单例.Test"/>
  <testcase name="service" time="0.000" classname="com.example.java设计模式.单例.Test"/>
  <testcase name="service" time="0.000" classname="com.example.java设计模式.单例.Test"/>
  <testcase name="service" time="0.000" classname="com.example.java设计模式.单例.Test"/>
  <testcase name="service" time="0.380" classname="com.example.java设计模式.单例.Test"/>
  <testcase name="service" time="0.000" classname="com.example.java设计模式.单例.Test"/>
  <testcase name="service" time="0.000" classname="com.example.java设计模式.单例.Test"/>
  <testcase name="service" time="0.000" classname="com.example.java设计模式.单例.Test"/>
  <testcase name="service" time="0.001" classname="com.example.java设计模式.单例.Test"/>
  <testcase name="service" time="0.984" classname="com.example.java设计模式.单例.Test"/>
  <testcase name="service" time="0.566" classname="com.example.java设计模式.单例.Test"/>
  <testcase name="service" time="0.000" classname="com.example.java设计模式.单例.Test"/>
  <testcase name="service" time="0.900" classname="com.example.java设计模式.单例.Test"/>
  <testcase name="service" time="64.633" classname="com.example.java设计模式.单例.Test"/>
  <testcase name="service" time="0.001" classname="com.example.java设计模式.单例.Test"/>
  <testcase name="service" time="0.473" classname="com.example.java设计模式.单例.Test"/>
  <testcase name="service" time="0.000" classname="com.example.java设计模式.单例.Test"/>
  <testcase name="service" time="0.000" classname="com.example.java设计模式.单例.Test"/>
  <testcase name="service" time="0.001" classname="com.example.java设计模式.单例.Test"/>
  <testcase name="service" time="7.902" classname="com.example.java设计模式.单例.Test"/>
  <testcase name="service" time="0.621" classname="com.example.java设计模式.单例.Test"/>
  <testcase name="service" time="0.000" classname="com.example.java设计模式.单例.Test"/>
  <testcase name="service" time="0.000" classname="com.example.java设计模式.单例.Test"/>
  <testcase name="service" time="0.001" classname="com.example.java设计模式.单例.Test"/>
  <testcase name="service" time="0.034" classname="com.example.java设计模式.单例.Test"/>
  <testcase name="service" time="6.648" classname="com.example.java设计模式.单例.Test"/>
  <testcase name="service" time="0.356" classname="com.example.java设计模式.单例.Test"/>
  <testcase name="service" time="0.000" classname="com.example.java设计模式.单例.Test"/>
  <testcase name="service" time="0.000" classname="com.example.java设计模式.单例.Test"/>
  <testcase name="service" time="0.020" classname="com.example.java设计模式.单例.Test"/>
  <testcase name="service" time="7.894" classname="com.example.java设计模式.单例.Test"/>
  <testcase name="service" time="0.000" classname="com.example.java设计模式.单例.Test"/>
  <testcase name="service" time="0.200" classname="com.example.java设计模式.单例.Test"/>
  <testcase name="service" time="0.000" classname="com.example.java设计模式.单例.Test"/>
  <testcase name="service" time="0.455" classname="com.example.java设计模式.单例.Test"/>
  <testcase name="service" time="64.996" classname="com.example.java设计模式.单例.Test"/>
  <testcase name="service" time="8.138" classname="com.example.java设计模式.单例.Test"/>
  <testcase name="service" time="64.980" classname="com.example.java设计模式.单例.Test"/>
  <testcase name="service" time="0.000" classname="com.example.java设计模式.单例.Test"/>
  <testcase name="service" time="0.094" classname="com.example.java设计模式.单例.Test"/>
  <testcase name="service" time="0.764" classname="com.example.java设计模式.单例.Test"/>
  <testcase name="service" time="0.000" classname="com.example.java设计模式.单例.Test"/>
  <testcase name="service" time="0.000" classname="com.example.java设计模式.单例.Test"/>
  <testcase name="service" time="0.436" classname="com.example.java设计模式.单例.Test"/>
  <testcase name="service" time="0.000" classname="com.example.java设计模式.单例.Test"/>
  <testcase name="service" time="0.240" classname="com.example.java设计模式.单例.Test"/>
  <testcase name="service" time="0.582" classname="com.example.java设计模式.单例.Test"/>
  <testcase name="service" time="0.013" classname="com.example.java设计模式.单例.Test"/>
  <testcase name="service" time="6.223" classname="com.example.java设计模式.单例.Test"/>
  <testcase name="service" time="0.001" classname="com.example.java设计模式.单例.Test"/>
  <testcase name="service" time="6.349" classname="com.example.java设计模式.单例.Test"/>
  <testcase name="service" time="0.000" classname="com.example.java设计模式.单例.Test"/>
  <testcase name="service" time="0.000" classname="com.example.java设计模式.单例.Test"/>
  <testcase name="service" time="0.260" classname="com.example.java设计模式.单例.Test"/>
  <testcase name="service" time="0.000" classname="com.example.java设计模式.单例.Test"/>
  <testcase name="service" time="0.594" classname="com.example.java设计模式.单例.Test"/>
  <testcase name="service" time="6.318" classname="com.example.java设计模式.单例.Test"/>
  <testcase name="service" time="0.390" classname="com.example.java设计模式.单例.Test"/>
  <testcase name="service" time="0.282" classname="com.example.java设计模式.单例.Test"/>
  <testcase name="service" time="64.684" classname="com.example.java设计模式.单例.Test"/>
  <testcase name="service" time="0.001" classname="com.example.java设计模式.单例.Test"/>
  <testcase name="service" time="0.029" classname="com.example.java设计模式.单例.Test"/>
  <testcase name="service" time="0.000" classname="com.example.java设计模式.单例.Test"/>
  <testcase name="service" time="0.000" classname="com.example.java设计模式.单例.Test"/>
  <testcase name="service" time="1.632" classname="com.example.java设计模式.单例.Test"/>
  <testcase name="service" time="0.000" classname="com.example.java设计模式.单例.Test"/>
  <testcase name="service" time="0.001" classname="com.example.java设计模式.单例.Test"/>
  <testcase name="service" time="0.003" classname="com.example.java设计模式.单例.Test"/>
  <testcase name="service" time="6.268" classname="com.example.java设计模式.单例.Test"/>
  <testcase name="service" time="0.000" classname="com.example.java设计模式.单例.Test"/>
  <testcase name="service" time="0.761" classname="com.example.java设计模式.单例.Test"/>
  <testcase name="service" time="0.312" classname="com.example.java设计模式.单例.Test"/>
  <testcase name="service" time="0.445" classname="com.example.java设计模式.单例.Test"/>
  <testcase name="service" time="0.000" classname="com.example.java设计模式.单例.Test"/>
  <testcase name="service" time="0.940" classname="com.example.java设计模式.单例.Test"/>
  <testcase name="service" time="0.486" classname="com.example.java设计模式.单例.Test"/>
  <testcase name="service" time="7.769" classname="com.example.java设计模式.单例.Test"/>
  <testcase name="service" time="0.000" classname="com.example.java设计模式.单例.Test"/>
  <testcase name="service" time="0.001" classname="com.example.java设计模式.单例.Test"/>
  <testcase name="service" time="0.000" classname="com.example.java设计模式.单例.Test"/>
  <testcase name="service" time="7.871" classname="com.example.java设计模式.单例.Test"/>
  <testcase name="service" time="1.269" classname="com.example.java设计模式.单例.Test"/>
  <testcase name="service" time="0.000" classname="com.example.java设计模式.单例.Test"/>
  <testcase name="service" time="65.068" classname="com.example.java设计模式.单例.Test"/>
  <testcase name="service" time="0.001" classname="com.example.java设计模式.单例.Test"/>
  <testcase name="service" time="0.000" classname="com.example.java设计模式.单例.Test"/>
  <testcase name="service" time="0.000" classname="com.example.java设计模式.单例.Test"/>
  <testcase name="service" time="6.260" classname="com.example.java设计模式.单例.Test"/>
  <testcase name="service" time="0.751" classname="com.example.java设计模式.单例.Test"/>
  <testcase name="service" time="0.000" classname="com.example.java设计模式.单例.Test"/>
  <testcase name="service" time="0.000" classname="com.example.java设计模式.单例.Test"/>
  <testcase name="service" time="0.673" classname="com.example.java设计模式.单例.Test"/>
  <testcase name="service" time="64.740" classname="com.example.java设计模式.单例.Test"/>
  <testcase name="service" time="0.202" classname="com.example.java设计模式.单例.Test"/>
  <testcase name="service" time="0.520" classname="com.example.java设计模式.单例.Test"/>
  <testcase name="service" time="0.000" classname="com.example.java设计模式.单例.Test"/>
  <testcase name="service" time="0.000" classname="com.example.java设计模式.单例.Test"/>
  <testcase name="service" time="0.016" classname="com.example.java设计模式.单例.Test"/>
  <testcase name="service" time="0.000" classname="com.example.java设计模式.单例.Test"/>
  <testcase name="service" time="0.295" classname="com.example.java设计模式.单例.Test"/>
  <testcase name="service" time="1.656" classname="com.example.java设计模式.单例.Test"/>
  <testcase name="service" time="0.741" classname="com.example.java设计模式.单例.Test"/>
  <testcase name="service" time="0.020" classname="com.example.java设计模式.单例.Test"/>
  <testcase name="service" time="0.003" classname="com.example.java设计模式.单例.Test"/>
  <testcase name="service" time="0.277" classname="com.example.java设计模式.单例.Test"/>
  <testcase name="service" time="0.000" classname="com.example.java设计模式.单例.Test"/>
  <testcase name="service" time="0.378" classname="com.example.java设计模式.单例.Test"/>
  <testcase name="service" time="0.000" classname="com.example.java设计模式.单例.Test"/>
  <testcase name="service" time="0.372" classname="com.example.java设计模式.单例.Test"/>
  <testcase name="service" time="0.817" classname="com.example.java设计模式.单例.Test"/>
  <testcase name="service" time="0.000" classname="com.example.java设计模式.单例.Test"/>
  <testcase name="service" time="0.000" classname="com.example.java设计模式.单例.Test"/>
  <testcase name="service" time="6.174" classname="com.example.java设计模式.单例.Test"/>
  <testcase name="service" time="0.000" classname="com.example.java设计模式.单例.Test"/>
  <testcase name="service" time="0.372" classname="com.example.java设计模式.单例.Test"/>
  <testcase name="service" time="7.100" classname="com.example.java设计模式.单例.Test"/>
  <testcase name="service" time="0.000" classname="com.example.java设计模式.单例.Test"/>
  <testcase name="service" time="0.055" classname="com.example.java设计模式.单例.Test"/>
  <testcase name="service" time="0.000" classname="com.example.java设计模式.单例.Test"/>
  <testcase name="service" time="0.000" classname="com.example.java设计模式.单例.Test"/>
  <testcase name="service" time="0.085" classname="com.example.java设计模式.单例.Test"/>
  <testcase name="service" time="0.348" classname="com.example.java设计模式.单例.Test"/>
  <testcase name="service" time="0.000" classname="com.example.java设计模式.单例.Test"/>
  <testcase name="service" time="0.002" classname="com.example.java设计模式.单例.Test"/>
  <testcase name="service" time="0.001" classname="com.example.java设计模式.单例.Test"/>
  <testcase name="service" time="0.398" classname="com.example.java设计模式.单例.Test"/>
  <testcase name="service" time="0.000" classname="com.example.java设计模式.单例.Test"/>
  <testcase name="service" time="6.165" classname="com.example.java设计模式.单例.Test"/>
  <testcase name="service" time="0.044" classname="com.example.java设计模式.单例.Test"/>
  <testcase name="service" time="0.000" classname="com.example.java设计模式.单例.Test"/>
  <testcase name="service" time="0.350" classname="com.example.java设计模式.单例.Test"/>
  <testcase name="service" time="1.767" classname="com.example.java设计模式.单例.Test"/>
  <testcase name="service" time="0.202" classname="com.example.java设计模式.单例.Test"/>
  <testcase name="service" time="0.580" classname="com.example.java设计模式.单例.Test"/>
  <testcase name="service" time="0.107" classname="com.example.java设计模式.单例.Test"/>
  <testcase name="service" time="8.241" classname="com.example.java设计模式.单例.Test"/>
  <testcase name="service" time="0.000" classname="com.example.java设计模式.单例.Test"/>
  <testcase name="service" time="0.268" classname="com.example.java设计模式.单例.Test"/>
  <testcase name="service" time="0.000" classname="com.example.java设计模式.单例.Test"/>
  <testcase name="service" time="0.001" classname="com.example.java设计模式.单例.Test"/>
  <testcase name="service" time="0.462" classname="com.example.java设计模式.单例.Test"/>
  <testcase name="service" time="0.000" classname="com.example.java设计模式.单例.Test"/>
  <testcase name="service" time="0.025" classname="com.example.java设计模式.单例.Test"/>
  <testcase name="service" time="0.001" classname="com.example.java设计模式.单例.Test"/>
  <testcase name="service" time="1.128" classname="com.example.java设计模式.单例.Test"/>
  <testcase name="service" time="0.001" classname="com.example.java设计模式.单例.Test"/>
  <testcase name="service" time="0.471" classname="com.example.java设计模式.单例.Test"/>
  <testcase name="service" time="0.866" classname="com.example.java设计模式.单例.Test"/>
  <testcase name="service" time="0.000" classname="com.example.java设计模式.单例.Test"/>
  <testcase name="service" time="0.001" classname="com.example.java设计模式.单例.Test"/>
  <testcase name="service" time="0.000" classname="com.example.java设计模式.单例.Test"/>
  <testcase name="service" time="64.523" classname="com.example.java设计模式.单例.Test"/>
  <testcase name="service" time="0.380" classname="com.example.java设计模式.单例.Test"/>
  <testcase name="service" time="0.155" classname="com.example.java设计模式.单例.Test"/>
  <testcase name="service" time="0.240" classname="com.example.java设计模式.单例.Test"/>
  <testcase name="service" time="0.250" classname="com.example.java设计模式.单例.Test"/>
  <testcase name="service" time="0.000" classname="com.example.java设计模式.单例.Test"/>
  <testcase name="service" time="0.000" classname="com.example.java设计模式.单例.Test"/>
  <testcase name="service" time="0.000" classname="com.example.java设计模式.单例.Test"/>
  <testcase name="service" time="1.036" classname="com.example.java设计模式.单例.Test"/>
  <testcase name="service" time="0.000" classname="com.example.java设计模式.单例.Test"/>
  <testcase name="service" time="0.000" classname="com.example.java设计模式.单例.Test"/>
  <testcase name="service" time="1.465" classname="com.example.java设计模式.单例.Test"/>
  <testcase name="service" time="0.000" classname="com.example.java设计模式.单例.Test"/>
  <testcase name="service" time="0.147" classname="com.example.java设计模式.单例.Test"/>
  <testcase name="service" time="0.000" classname="com.example.java设计模式.单例.Test"/>
  <testcase name="service" time="0.582" classname="com.example.java设计模式.单例.Test"/>
  <testcase name="service" time="0.000" classname="com.example.java设计模式.单例.Test"/>
  <testcase name="service" time="0.000" classname="com.example.java设计模式.单例.Test"/>
  <testcase name="service" time="7.474" classname="com.example.java设计模式.单例.Test"/>
  <testcase name="service" time="0.000" classname="com.example.java设计模式.单例.Test"/>
  <testcase name="service" time="0.050" classname="com.example.java设计模式.单例.Test"/>
  <testcase name="service" time="0.064" classname="com.example.java设计模式.单例.Test"/>
  <testcase name="service" time="0.000" classname="com.example.java设计模式.单例.Test"/>
  <testcase name="service" time="0.120" classname="com.example.java设计模式.单例.Test"/>
  <testcase name="service" time="0.000" classname="com.example.java设计模式.单例.Test"/>
  <testcase name="service" time="0.228" classname="com.example.java设计模式.单例.Test"/>
  <testcase name="service" time="0.000" classname="com.example.java设计模式.单例.Test"/>
  <testcase name="service" time="1.264" classname="com.example.java设计模式.单例.Test"/>
  <testcase name="service" time="0.401" classname="com.example.java设计模式.单例.Test"/>
  <testcase name="service" time="0.000" classname="com.example.java设计模式.单例.Test"/>
  <testcase name="service" time="5.134" classname="com.example.java设计模式.单例.Test"/>
  <testcase name="service" time="0.001" classname="com.example.java设计模式.单例.Test"/>
  <testcase name="service" time="64.874" classname="com.example.java设计模式.单例.Test"/>
  <testcase name="service" time="0.085" classname="com.example.java设计模式.单例.Test"/>
  <testcase name="service" time="0.000" classname="com.example.java设计模式.单例.Test"/>
  <testcase name="service" time="0.000" classname="com.example.java设计模式.单例.Test"/>
  <testcase name="service" time="0.000" classname="com.example.java设计模式.单例.Test"/>
  <testcase name="service" time="0.000" classname="com.example.java设计模式.单例.Test"/>
  <testcase name="service" time="0.000" classname="com.example.java设计模式.单例.Test"/>
  <testcase name="service" time="0.001" classname="com.example.java设计模式.单例.Test"/>
  <testcase name="service" time="0.001" classname="com.example.java设计模式.单例.Test"/>
  <testcase name="service" time="0.196" classname="com.example.java设计模式.单例.Test"/>
  <testcase name="service" time="64.738" classname="com.example.java设计模式.单例.Test"/>
  <testcase name="service" time="0.145" classname="com.example.java设计模式.单例.Test"/>
  <testcase name="service" time="0.589" classname="com.example.java设计模式.单例.Test"/>
  <testcase name="service" time="0.000" classname="com.example.java设计模式.单例.Test"/>
  <testcase name="service" time="0.001" classname="com.example.java设计模式.单例.Test"/>
  <testcase name="service" time="0.082" classname="com.example.java设计模式.单例.Test"/>
  <testcase name="service" time="0.339" classname="com.example.java设计模式.单例.Test"/>
  <testcase name="service" time="0.000" classname="com.example.java设计模式.单例.Test"/>
  <testcase name="service" time="8.032" classname="com.example.java设计模式.单例.Test"/>
  <testcase name="service" time="0.000" classname="com.example.java设计模式.单例.Test"/>
  <testcase name="service" time="0.000" classname="com.example.java设计模式.单例.Test"/>
  <testcase name="service" time="0.000" classname="com.example.java设计模式.单例.Test"/>
  <testcase name="service" time="0.126" classname="com.example.java设计模式.单例.Test"/>
  <testcase name="service" time="0.000" classname="com.example.java设计模式.单例.Test"/>
  <testcase name="service" time="0.000" classname="com.example.java设计模式.单例.Test"/>
  <testcase name="service" time="0.000" classname="com.example.java设计模式.单例.Test"/>
  <testcase name="service" time="65.067" classname="com.example.java设计模式.单例.Test"/>
  <testcase name="service" time="0.001" classname="com.example.java设计模式.单例.Test"/>
  <testcase name="service" time="0.001" classname="com.example.java设计模式.单例.Test"/>
  <testcase name="service" time="6.395" classname="com.example.java设计模式.单例.Test"/>
  <testcase name="service" time="0.000" classname="com.example.java设计模式.单例.Test"/>
  <testcase name="service" time="0.000" classname="com.example.java设计模式.单例.Test"/>
  <testcase name="service" time="0.083" classname="com.example.java设计模式.单例.Test"/>
  <testcase name="service" time="0.716" classname="com.example.java设计模式.单例.Test"/>
  <testcase name="service" time="0.239" classname="com.example.java设计模式.单例.Test"/>
  <testcase name="service" time="0.843" classname="com.example.java设计模式.单例.Test"/>
  <testcase name="service" time="0.001" classname="com.example.java设计模式.单例.Test"/>
  <testcase name="service" time="0.000" classname="com.example.java设计模式.单例.Test"/>
  <testcase name="service" time="0.157" classname="com.example.java设计模式.单例.Test"/>
  <testcase name="service" time="0.000" classname="com.example.java设计模式.单例.Test"/>
  <testcase name="service" time="0.000" classname="com.example.java设计模式.单例.Test"/>
  <testcase name="service" time="0.629" classname="com.example.java设计模式.单例.Test"/>
  <testcase name="service" time="0.001" classname="com.example.java设计模式.单例.Test"/>
  <testcase name="service" time="0.000" classname="com.example.java设计模式.单例.Test"/>
  <testcase name="service" time="0.000" classname="com.example.java设计模式.单例.Test"/>
  <testcase name="service" time="0.000" classname="com.example.java设计模式.单例.Test"/>
  <testcase name="service" time="1.336" classname="com.example.java设计模式.单例.Test"/>
  <testcase name="service" time="0.797" classname="com.example.java设计模式.单例.Test"/>
  <testcase name="service" time="8.296" classname="com.example.java设计模式.单例.Test"/>
  <testcase name="service" time="0.421" classname="com.example.java设计模式.单例.Test"/>
  <testcase name="service" time="0.055" classname="com.example.java设计模式.单例.Test"/>
  <testcase name="service" time="0.001" classname="com.example.java设计模式.单例.Test"/>
  <testcase name="service" time="6.333" classname="com.example.java设计模式.单例.Test"/>
  <testcase name="service" time="0.000" classname="com.example.java设计模式.单例.Test"/>
  <testcase name="service" time="0.653" classname="com.example.java设计模式.单例.Test"/>
  <testcase name="service" time="6.905" classname="com.example.java设计模式.单例.Test"/>
  <testcase name="service" time="0.001" classname="com.example.java设计模式.单例.Test"/>
  <testcase name="service" time="0.000" classname="com.example.java设计模式.单例.Test"/>
  <testcase name="service" time="0.000" classname="com.example.java设计模式.单例.Test"/>
  <testcase name="service" time="0.000" classname="com.example.java设计模式.单例.Test"/>
  <testcase name="service" time="7.801" classname="com.example.java设计模式.单例.Test"/>
  <testcase name="service" time="0.000" classname="com.example.java设计模式.单例.Test"/>
  <testcase name="service" time="0.000" classname="com.example.java设计模式.单例.Test"/>
  <testcase name="service" time="64.930" classname="com.example.java设计模式.单例.Test"/>
  <testcase name="service" time="0.651" classname="com.example.java设计模式.单例.Test"/>
  <testcase name="service" time="0.000" classname="com.example.java设计模式.单例.Test"/>
  <testcase name="service" time="7.763" classname="com.example.java设计模式.单例.Test"/>
  <testcase name="service" time="0.000" classname="com.example.java设计模式.单例.Test"/>
  <testcase name="service" time="0.916" classname="com.example.java设计模式.单例.Test"/>
  <testcase name="service" time="0.191" classname="com.example.java设计模式.单例.Test"/>
  <testcase name="service" time="64.879" classname="com.example.java设计模式.单例.Test"/>
  <testcase name="service" time="0.579" classname="com.example.java设计模式.单例.Test"/>
  <testcase name="service" time="0.000" classname="com.example.java设计模式.单例.Test"/>
  <testcase name="service" time="0.267" classname="com.example.java设计模式.单例.Test"/>
  <testcase name="service" time="0.000" classname="com.example.java设计模式.单例.Test"/>
  <testcase name="service" time="0.001" classname="com.example.java设计模式.单例.Test"/>
  <testcase name="service" time="0.000" classname="com.example.java设计模式.单例.Test"/>
  <testcase name="service" time="1.627" classname="com.example.java设计模式.单例.Test"/>
  <testcase name="service" time="64.963" classname="com.example.java设计模式.单例.Test"/>
  <testcase name="service" time="0.104" classname="com.example.java设计模式.单例.Test"/>
  <testcase name="service" time="0.850" classname="com.example.java设计模式.单例.Test"/>
  <testcase name="service" time="0.551" classname="com.example.java设计模式.单例.Test"/>
  <testcase name="service" time="0.000" classname="com.example.java设计模式.单例.Test"/>
  <testcase name="service" time="0.000" classname="com.example.java设计模式.单例.Test"/>
  <testcase name="service" time="6.811" classname="com.example.java设计模式.单例.Test"/>
  <testcase name="service" time="1.506" classname="com.example.java设计模式.单例.Test"/>
  <testcase name="service" time="0.000" classname="com.example.java设计模式.单例.Test"/>
  <testcase name="service" time="0.001" classname="com.example.java设计模式.单例.Test"/>
  <testcase name="service" time="0.032" classname="com.example.java设计模式.单例.Test"/>
  <testcase name="service" time="0.000" classname="com.example.java设计模式.单例.Test"/>
  <testcase name="service" time="0.001" classname="com.example.java设计模式.单例.Test"/>
  <testcase name="service" time="0.001" classname="com.example.java设计模式.单例.Test"/>
  <testcase name="service" time="0.000" classname="com.example.java设计模式.单例.Test"/>
  <testcase name="service" time="0.393" classname="com.example.java设计模式.单例.Test"/>
  <testcase name="service" time="0.001" classname="com.example.java设计模式.单例.Test"/>
  <testcase name="service" time="0.000" classname="com.example.java设计模式.单例.Test"/>
  <testcase name="service" time="0.000" classname="com.example.java设计模式.单例.Test"/>
  <testcase name="service" time="0.000" classname="com.example.java设计模式.单例.Test"/>
  <testcase name="service" time="1.203" classname="com.example.java设计模式.单例.Test"/>
  <testcase name="service" time="0.327" classname="com.example.java设计模式.单例.Test"/>
  <testcase name="service" time="8.167" classname="com.example.java设计模式.单例.Test"/>
  <testcase name="service" time="0.250" classname="com.example.java设计模式.单例.Test"/>
  <testcase name="service" time="0.000" classname="com.example.java设计模式.单例.Test"/>
  <testcase name="service" time="0.000" classname="com.example.java设计模式.单例.Test"/>
  <testcase name="service" time="0.002" classname="com.example.java设计模式.单例.Test"/>
  <testcase name="service" time="0.000" classname="com.example.java设计模式.单例.Test"/>
  <testcase name="service" time="0.069" classname="com.example.java设计模式.单例.Test"/>
  <testcase name="service" time="0.510" classname="com.example.java设计模式.单例.Test"/>
  <testcase name="service" time="0.000" classname="com.example.java设计模式.单例.Test"/>
  <testcase name="service" time="0.000" classname="com.example.java设计模式.单例.Test"/>
  <testcase name="service" time="0.000" classname="com.example.java设计模式.单例.Test"/>
  <testcase name="service" time="64.398" classname="com.example.java设计模式.单例.Test"/>
  <testcase name="service" time="0.002" classname="com.example.java设计模式.单例.Test"/>
  <testcase name="service" time="0.177" classname="com.example.java设计模式.单例.Test"/>
  <testcase name="service" time="0.581" classname="com.example.java设计模式.单例.Test"/>
  <testcase name="service" time="0.000" classname="com.example.java设计模式.单例.Test"/>
  <testcase name="service" time="0.095" classname="com.example.java设计模式.单例.Test"/>
  <testcase name="service" time="0.000" classname="com.example.java设计模式.单例.Test"/>
  <testcase name="service" time="0.000" classname="com.example.java设计模式.单例.Test"/>
  <testcase name="service" time="0.017" classname="com.example.java设计模式.单例.Test"/>
  <testcase name="service" time="0.857" classname="com.example.java设计模式.单例.Test"/>
  <testcase name="service" time="0.000" classname="com.example.java设计模式.单例.Test"/>
  <testcase name="service" time="0.429" classname="com.example.java设计模式.单例.Test"/>
  <testcase name="service" time="0.000" classname="com.example.java设计模式.单例.Test"/>
  <testcase name="service" time="0.020" classname="com.example.java设计模式.单例.Test"/>
  <testcase name="service" time="0.000" classname="com.example.java设计模式.单例.Test"/>
  <testcase name="service" time="0.000" classname="com.example.java设计模式.单例.Test"/>
  <testcase name="service" time="0.000" classname="com.example.java设计模式.单例.Test"/>
  <testcase name="service" time="0.000" classname="com.example.java设计模式.单例.Test"/>
  <testcase name="service" time="0.000" classname="com.example.java设计模式.单例.Test"/>
  <testcase name="service" time="0.000" classname="com.example.java设计模式.单例.Test"/>
  <testcase name="service" time="0.921" classname="com.example.java设计模式.单例.Test"/>
  <testcase name="service" time="0.000" classname="com.example.java设计模式.单例.Test"/>
  <testcase name="service" time="0.000" classname="com.example.java设计模式.单例.Test"/>
  <testcase name="service" time="0.000" classname="com.example.java设计模式.单例.Test"/>
  <testcase name="service" time="0.000" classname="com.example.java设计模式.单例.Test"/>
  <testcase name="service" time="0.000" classname="com.example.java设计模式.单例.Test"/>
  <testcase name="service" time="0.000" classname="com.example.java设计模式.单例.Test"/>
  <testcase name="service" time="0.153" classname="com.example.java设计模式.单例.Test"/>
  <testcase name="service" time="0.000" classname="com.example.java设计模式.单例.Test"/>
  <testcase name="service" time="1.107" classname="com.example.java设计模式.单例.Test"/>
  <testcase name="service" time="6.555" classname="com.example.java设计模式.单例.Test"/>
  <testcase name="service" time="1.496" classname="com.example.java设计模式.单例.Test"/>
  <testcase name="service" time="0.000" classname="com.example.java设计模式.单例.Test"/>
  <testcase name="service" time="7.770" classname="com.example.java设计模式.单例.Test"/>
  <testcase name="service" time="0.677" classname="com.example.java设计模式.单例.Test"/>
  <testcase name="service" time="0.000" classname="com.example.java设计模式.单例.Test"/>
  <testcase name="service" time="0.000" classname="com.example.java设计模式.单例.Test"/>
  <testcase name="service" time="0.000" classname="com.example.java设计模式.单例.Test"/>
  <testcase name="service" time="0.000" classname="com.example.java设计模式.单例.Test"/>
  <testcase name="service" time="0.161" classname="com.example.java设计模式.单例.Test"/>
  <testcase name="service" time="0.988" classname="com.example.java设计模式.单例.Test"/>
  <testcase name="service" time="0.015" classname="com.example.java设计模式.单例.Test"/>
  <testcase name="service" time="0.027" classname="com.example.java设计模式.单例.Test"/>
  <testcase name="service" time="0.028" classname="com.example.java设计模式.单例.Test"/>
  <testcase name="service" time="0.527" classname="com.example.java设计模式.单例.Test"/>
  <testcase name="service" time="0.001" classname="com.example.java设计模式.单例.Test"/>
  <testcase name="service" time="7.105" classname="com.example.java设计模式.单例.Test"/>
  <testcase name="service" time="0.000" classname="com.example.java设计模式.单例.Test"/>
  <testcase name="service" time="0.000" classname="com.example.java设计模式.单例.Test"/>
  <testcase name="service" time="0.326" classname="com.example.java设计模式.单例.Test"/>
  <testcase name="service" time="0.001" classname="com.example.java设计模式.单例.Test"/>
  <testcase name="service" time="0.158" classname="com.example.java设计模式.单例.Test"/>
  <testcase name="service" time="0.704" classname="com.example.java设计模式.单例.Test"/>
  <testcase name="service" time="0.000" classname="com.example.java设计模式.单例.Test"/>
  <testcase name="service" time="0.000" classname="com.example.java设计模式.单例.Test"/>
  <testcase name="service" time="0.001" classname="com.example.java设计模式.单例.Test"/>
  <testcase name="service" time="0.112" classname="com.example.java设计模式.单例.Test"/>
  <testcase name="service" time="0.079" classname="com.example.java设计模式.单例.Test"/>
  <testcase name="service" time="0.083" classname="com.example.java设计模式.单例.Test"/>
  <testcase name="service" time="0.001" classname="com.example.java设计模式.单例.Test"/>
  <testcase name="service" time="0.161" classname="com.example.java设计模式.单例.Test"/>
  <testcase name="service" time="0.991" classname="com.example.java设计模式.单例.Test"/>
  <testcase name="service" time="1.249" classname="com.example.java设计模式.单例.Test"/>
  <testcase name="service" time="64.736" classname="com.example.java设计模式.单例.Test"/>
  <testcase name="service" time="0.001" classname="com.example.java设计模式.单例.Test"/>
  <testcase name="service" time="0.683" classname="com.example.java设计模式.单例.Test"/>
  <testcase name="service" time="1.228" classname="com.example.java设计模式.单例.Test"/>
  <testcase name="service" time="0.000" classname="com.example.java设计模式.单例.Test"/>
  <testcase name="service" time="0.001" classname="com.example.java设计模式.单例.Test"/>
  <testcase name="service" time="1.264" classname="com.example.java设计模式.单例.Test"/>
  <testcase name="service" time="0.034" classname="com.example.java设计模式.单例.Test"/>
  <testcase name="service" time="0.093" classname="com.example.java设计模式.单例.Test"/>
  <testcase name="service" time="0.498" classname="com.example.java设计模式.单例.Test"/>
  <testcase name="service" time="0.467" classname="com.example.java设计模式.单例.Test"/>
  <testcase name="service" time="0.000" classname="com.example.java设计模式.单例.Test"/>
  <testcase name="service" time="0.000" classname="com.example.java设计模式.单例.Test"/>
  <testcase name="service" time="0.034" classname="com.example.java设计模式.单例.Test"/>
  <testcase name="service" time="0.001" classname="com.example.java设计模式.单例.Test"/>
  <testcase name="service" time="0.000" classname="com.example.java设计模式.单例.Test"/>
  <testcase name="service" time="0.477" classname="com.example.java设计模式.单例.Test"/>
  <testcase name="service" time="0.204" classname="com.example.java设计模式.单例.Test"/>
  <testcase name="service" time="0.001" classname="com.example.java设计模式.单例.Test"/>
  <testcase name="service" time="0.000" classname="com.example.java设计模式.单例.Test"/>
  <testcase name="service" time="0.457" classname="com.example.java设计模式.单例.Test"/>
  <testcase name="service" time="0.265" classname="com.example.java设计模式.单例.Test"/>
  <testcase name="service" time="0.001" classname="com.example.java设计模式.单例.Test"/>
  <testcase name="service" time="0.000" classname="com.example.java设计模式.单例.Test"/>
  <testcase name="service" time="6.654" classname="com.example.java设计模式.单例.Test"/>
  <testcase name="service" time="0.365" classname="com.example.java设计模式.单例.Test"/>
  <testcase name="service" time="0.713" classname="com.example.java设计模式.单例.Test"/>
  <testcase name="service" time="0.324" classname="com.example.java设计模式.单例.Test"/>
  <testcase name="service" time="0.403" classname="com.example.java设计模式.单例.Test"/>
  <testcase name="service" time="0.528" classname="com.example.java设计模式.单例.Test"/>
  <testcase name="service" time="0.569" classname="com.example.java设计模式.单例.Test"/>
  <testcase name="service" time="0.476" classname="com.example.java设计模式.单例.Test"/>
  <testcase name="service" time="0.483" classname="com.example.java设计模式.单例.Test"/>
  <testcase name="service" time="0.000" classname="com.example.java设计模式.单例.Test"/>
  <testcase name="service" time="0.000" classname="com.example.java设计模式.单例.Test"/>
  <testcase name="service" time="5.146" classname="com.example.java设计模式.单例.Test"/>
  <testcase name="service" time="0.222" classname="com.example.java设计模式.单例.Test"/>
  <testcase name="service" time="0.102" classname="com.example.java设计模式.单例.Test"/>
  <testcase name="service" time="0.668" classname="com.example.java设计模式.单例.Test"/>
  <testcase name="service" time="0.172" classname="com.example.java设计模式.单例.Test"/>
  <testcase name="service" time="0.000" classname="com.example.java设计模式.单例.Test"/>
  <testcase name="service" time="0.642" classname="com.example.java设计模式.单例.Test"/>
  <testcase name="service" time="0.450" classname="com.example.java设计模式.单例.Test"/>
  <testcase name="service" time="0.001" classname="com.example.java设计模式.单例.Test"/>
  <testcase name="service" time="1.270" classname="com.example.java设计模式.单例.Test"/>
  <testcase name="service" time="0.000" classname="com.example.java设计模式.单例.Test"/>
  <testcase name="service" time="0.000" classname="com.example.java设计模式.单例.Test"/>
  <testcase name="service" time="0.968" classname="com.example.java设计模式.单例.Test"/>
  <testcase name="service" time="0.000" classname="com.example.java设计模式.单例.Test"/>
  <testcase name="service" time="0.116" classname="com.example.java设计模式.单例.Test"/>
  <testcase name="service" time="0.001" classname="com.example.java设计模式.单例.Test"/>
  <testcase name="service" time="0.000" classname="com.example.java设计模式.单例.Test"/>
  <testcase name="service" time="0.821" classname="com.example.java设计模式.单例.Test"/>
  <testcase name="service" time="64.998" classname="com.example.java设计模式.单例.Test"/>
  <testcase name="service" time="0.000" classname="com.example.java设计模式.单例.Test"/>
  <testcase name="service" time="0.000" classname="com.example.java设计模式.单例.Test"/>
  <testcase name="service" time="0.853" classname="com.example.java设计模式.单例.Test"/>
  <testcase name="service" time="1.326" classname="com.example.java设计模式.单例.Test"/>
  <testcase name="service" time="0.000" classname="com.example.java设计模式.单例.Test"/>
  <testcase name="service" time="0.001" classname="com.example.java设计模式.单例.Test"/>
  <testcase name="service" time="0.894" classname="com.example.java设计模式.单例.Test"/>
  <testcase name="service" time="0.000" classname="com.example.java设计模式.单例.Test"/>
  <testcase name="service" time="0.576" classname="com.example.java设计模式.单例.Test"/>
  <testcase name="service" time="0.001" classname="com.example.java设计模式.单例.Test"/>
  <testcase name="service" time="65.003" classname="com.example.java设计模式.单例.Test"/>
  <testcase name="service" time="64.688" classname="com.example.java设计模式.单例.Test"/>
  <testcase name="service" time="0.000" classname="com.example.java设计模式.单例.Test"/>
  <testcase name="service" time="7.789" classname="com.example.java设计模式.单例.Test"/>
  <testcase name="service" time="0.000" classname="com.example.java设计模式.单例.Test"/>
  <testcase name="service" time="0.000" classname="com.example.java设计模式.单例.Test"/>
  <testcase name="service" time="0.958" classname="com.example.java设计模式.单例.Test"/>
  <testcase name="service" time="0.000" classname="com.example.java设计模式.单例.Test"/>
  <testcase name="service" time="0.000" classname="com.example.java设计模式.单例.Test"/>
  <testcase name="service" time="0.001" classname="com.example.java设计模式.单例.Test"/>
  <testcase name="service" time="6.380" classname="com.example.java设计模式.单例.Test"/>
  <testcase name="service" time="0.000" classname="com.example.java设计模式.单例.Test"/>
  <testcase name="service" time="0.000" classname="com.example.java设计模式.单例.Test"/>
  <testcase name="service" time="1.249" classname="com.example.java设计模式.单例.Test"/>
  <testcase name="service" time="0.155" classname="com.example.java设计模式.单例.Test"/>
  <testcase name="service" time="0.351" classname="com.example.java设计模式.单例.Test"/>
  <testcase name="service" time="0.000" classname="com.example.java设计模式.单例.Test"/>
  <testcase name="service" time="0.627" classname="com.example.java设计模式.单例.Test"/>
  <testcase name="service" time="0.000" classname="com.example.java设计模式.单例.Test"/>
  <testcase name="service" time="0.000" classname="com.example.java设计模式.单例.Test"/>
  <testcase name="service" time="0.001" classname="com.example.java设计模式.单例.Test"/>
  <testcase name="service" time="0.702" classname="com.example.java设计模式.单例.Test"/>
  <testcase name="service" time="0.273" classname="com.example.java设计模式.单例.Test"/>
  <testcase name="service" time="0.501" classname="com.example.java设计模式.单例.Test"/>
  <testcase name="service" time="1.560" classname="com.example.java设计模式.单例.Test"/>
  <testcase name="service" time="0.340" classname="com.example.java设计模式.单例.Test"/>
  <testcase name="service" time="0.000" classname="com.example.java设计模式.单例.Test"/>
  <testcase name="service" time="0.000" classname="com.example.java设计模式.单例.Test"/>
  <testcase name="service" time="0.085" classname="com.example.java设计模式.单例.Test"/>
  <testcase name="service" time="0.001" classname="com.example.java设计模式.单例.Test"/>
  <testcase name="service" time="0.000" classname="com.example.java设计模式.单例.Test"/>
  <testcase name="service" time="0.000" classname="com.example.java设计模式.单例.Test"/>
  <testcase name="service" time="0.001" classname="com.example.java设计模式.单例.Test"/>
  <testcase name="service" time="0.474" classname="com.example.java设计模式.单例.Test"/>
  <testcase name="service" time="0.840" classname="com.example.java设计模式.单例.Test"/>
  <testcase name="service" time="0.330" classname="com.example.java设计模式.单例.Test"/>
  <testcase name="service" time="0.000" classname="com.example.java设计模式.单例.Test"/>
  <testcase name="service" time="65.044" classname="com.example.java设计模式.单例.Test"/>
  <testcase name="service" time="0.000" classname="com.example.java设计模式.单例.Test"/>
  <testcase name="service" time="7.478" classname="com.example.java设计模式.单例.Test"/>
  <testcase name="service" time="0.000" classname="com.example.java设计模式.单例.Test"/>
  <testcase name="service" time="0.442" classname="com.example.java设计模式.单例.Test"/>
  <testcase name="service" time="0.119" classname="com.example.java设计模式.单例.Test"/>
  <testcase name="service" time="0.050" classname="com.example.java设计模式.单例.Test"/>
  <testcase name="service" time="0.000" classname="com.example.java设计模式.单例.Test"/>
  <testcase name="service" time="0.000" classname="com.example.java设计模式.单例.Test"/>
  <testcase name="service" time="1.324" classname="com.example.java设计模式.单例.Test"/>
  <testcase name="service" time="0.000" classname="com.example.java设计模式.单例.Test"/>
  <testcase name="service" time="0.266" classname="com.example.java设计模式.单例.Test"/>
  <testcase name="service" time="0.674" classname="com.example.java设计模式.单例.Test"/>
  <testcase name="service" time="0.000" classname="com.example.java设计模式.单例.Test"/>
  <testcase name="service" time="0.002" classname="com.example.java设计模式.单例.Test"/>
  <testcase name="service" time="0.000" classname="com.example.java设计模式.单例.Test"/>
  <testcase name="service" time="0.000" classname="com.example.java设计模式.单例.Test"/>
  <testcase name="service" time="0.209" classname="com.example.java设计模式.单例.Test"/>
  <testcase name="service" time="0.000" classname="com.example.java设计模式.单例.Test"/>
  <testcase name="service" time="0.000" classname="com.example.java设计模式.单例.Test"/>
  <testcase name="service" time="0.000" classname="com.example.java设计模式.单例.Test"/>
  <testcase name="service" time="0.034" classname="com.example.java设计模式.单例.Test"/>
  <testcase name="service" time="0.209" classname="com.example.java设计模式.单例.Test"/>
  <testcase name="service" time="0.435" classname="com.example.java设计模式.单例.Test"/>
  <testcase name="service" time="0.000" classname="com.example.java设计模式.单例.Test"/>
  <testcase name="service" time="0.000" classname="com.example.java设计模式.单例.Test"/>
  <testcase name="service" time="0.509" classname="com.example.java设计模式.单例.Test"/>
  <testcase name="service" time="0.238" classname="com.example.java设计模式.单例.Test"/>
  <testcase name="service" time="0.915" classname="com.example.java设计模式.单例.Test"/>
  <testcase name="service" time="0.338" classname="com.example.java设计模式.单例.Test"/>
  <testcase name="service" time="7.997" classname="com.example.java设计模式.单例.Test"/>
  <testcase name="service" time="0.083" classname="com.example.java设计模式.单例.Test"/>
  <testcase name="service" time="0.000" classname="com.example.java设计模式.单例.Test"/>
  <testcase name="service" time="0.376" classname="com.example.java设计模式.单例.Test"/>
  <testcase name="service" time="0.477" classname="com.example.java设计模式.单例.Test"/>
  <testcase name="service" time="0.000" classname="com.example.java设计模式.单例.Test"/>
  <testcase name="service" time="0.000" classname="com.example.java设计模式.单例.Test"/>
  <testcase name="service" time="6.338" classname="com.example.java设计模式.单例.Test"/>
  <testcase name="service" time="0.001" classname="com.example.java设计模式.单例.Test"/>
  <testcase name="service" time="0.000" classname="com.example.java设计模式.单例.Test"/>
  <testcase name="service" time="0.053" classname="com.example.java设计模式.单例.Test"/>
  <testcase name="service" time="0.578" classname="com.example.java设计模式.单例.Test"/>
  <testcase name="service" time="0.347" classname="com.example.java设计模式.单例.Test"/>
  <testcase name="service" time="0.000" classname="com.example.java设计模式.单例.Test"/>
  <testcase name="service" time="0.203" classname="com.example.java设计模式.单例.Test"/>
  <testcase name="service" time="0.000" classname="com.example.java设计模式.单例.Test"/>
  <testcase name="service" time="0.570" classname="com.example.java设计模式.单例.Test"/>
  <testcase name="service" time="1.019" classname="com.example.java设计模式.单例.Test"/>
  <testcase name="service" time="0.294" classname="com.example.java设计模式.单例.Test"/>
  <testcase name="service" time="1.043" classname="com.example.java设计模式.单例.Test"/>
  <testcase name="service" time="0.000" classname="com.example.java设计模式.单例.Test"/>
  <testcase name="service" time="0.500" classname="com.example.java设计模式.单例.Test"/>
  <testcase name="service" time="8.053" classname="com.example.java设计模式.单例.Test"/>
  <testcase name="service" time="0.001" classname="com.example.java设计模式.单例.Test"/>
  <testcase name="service" time="0.000" classname="com.example.java设计模式.单例.Test"/>
  <testcase name="service" time="0.000" classname="com.example.java设计模式.单例.Test"/>
  <testcase name="service" time="0.008" classname="com.example.java设计模式.单例.Test"/>
  <testcase name="service" time="1.450" classname="com.example.java设计模式.单例.Test"/>
  <testcase name="service" time="0.091" classname="com.example.java设计模式.单例.Test"/>
  <testcase name="service" time="0.662" classname="com.example.java设计模式.单例.Test"/>
  <testcase name="service" time="0.000" classname="com.example.java设计模式.单例.Test"/>
  <testcase name="service" time="0.001" classname="com.example.java设计模式.单例.Test"/>
  <testcase name="service" time="0.428" classname="com.example.java设计模式.单例.Test"/>
  <testcase name="service" time="0.256" classname="com.example.java设计模式.单例.Test"/>
  <testcase name="service" time="65.016" classname="com.example.java设计模式.单例.Test"/>
  <testcase name="service" time="6.728" classname="com.example.java设计模式.单例.Test"/>
  <testcase name="service" time="0.912" classname="com.example.java设计模式.单例.Test"/>
  <testcase name="service" time="0.001" classname="com.example.java设计模式.单例.Test"/>
  <testcase name="service" time="0.836" classname="com.example.java设计模式.单例.Test"/>
  <testcase name="service" time="0.324" classname="com.example.java设计模式.单例.Test"/>
  <testcase name="service" time="0.383" classname="com.example.java设计模式.单例.Test"/>
  <testcase name="service" time="0.031" classname="com.example.java设计模式.单例.Test"/>
  <testcase name="service" time="0.072" classname="com.example.java设计模式.单例.Test"/>
  <testcase name="service" time="0.266" classname="com.example.java设计模式.单例.Test"/>
  <testcase name="service" time="0.001" classname="com.example.java设计模式.单例.Test"/>
  <testcase name="service" time="0.001" classname="com.example.java设计模式.单例.Test"/>
  <testcase name="service" time="0.001" classname="com.example.java设计模式.单例.Test"/>
  <testcase name="service" time="7.981" classname="com.example.java设计模式.单例.Test"/>
  <testcase name="service" time="0.000" classname="com.example.java设计模式.单例.Test"/>
  <testcase name="service" time="0.052" classname="com.example.java设计模式.单例.Test"/>
  <testcase name="service" time="0.000" classname="com.example.java设计模式.单例.Test"/>
  <testcase name="service" time="0.000" classname="com.example.java设计模式.单例.Test"/>
  <testcase name="service" time="0.099" classname="com.example.java设计模式.单例.Test"/>
  <testcase name="service" time="0.184" classname="com.example.java设计模式.单例.Test"/>
  <testcase name="service" time="0.000" classname="com.example.java设计模式.单例.Test"/>
  <testcase name="service" time="0.000" classname="com.example.java设计模式.单例.Test"/>
  <testcase name="service" time="64.548" classname="com.example.java设计模式.单例.Test"/>
  <testcase name="service" time="0.000" classname="com.example.java设计模式.单例.Test"/>
  <testcase name="service" time="0.000" classname="com.example.java设计模式.单例.Test"/>
  <testcase name="service" time="0.001" classname="com.example.java设计模式.单例.Test"/>
  <testcase name="service" time="0.001" classname="com.example.java设计模式.单例.Test"/>
  <testcase name="service" time="0.000" classname="com.example.java设计模式.单例.Test"/>
  <testcase name="service" time="1.213" classname="com.example.java设计模式.单例.Test"/>
  <testcase name="service" time="0.000" classname="com.example.java设计模式.单例.Test"/>
  <testcase name="service" time="0.000" classname="com.example.java设计模式.单例.Test"/>
  <testcase name="service" time="0.000" classname="com.example.java设计模式.单例.Test"/>
  <testcase name="service" time="0.342" classname="com.example.java设计模式.单例.Test"/>
  <testcase name="service" time="0.000" classname="com.example.java设计模式.单例.Test"/>
  <testcase name="service" time="0.000" classname="com.example.java设计模式.单例.Test"/>
  <testcase name="service" time="0.000" classname="com.example.java设计模式.单例.Test"/>
  <testcase name="service" time="0.000" classname="com.example.java设计模式.单例.Test"/>
  <testcase name="service" time="0.001" classname="com.example.java设计模式.单例.Test"/>
  <testcase name="service" time="0.000" classname="com.example.java设计模式.单例.Test"/>
  <testcase name="service" time="0.000" classname="com.example.java设计模式.单例.Test"/>
  <testcase name="service" time="0.000" classname="com.example.java设计模式.单例.Test"/>
  <testcase name="service" time="6.899" classname="com.example.java设计模式.单例.Test"/>
  <testcase name="service" time="1.170" classname="com.example.java设计模式.单例.Test"/>
  <testcase name="service" time="0.000" classname="com.example.java设计模式.单例.Test"/>
  <testcase name="service" time="64.732" classname="com.example.java设计模式.单例.Test"/>
  <testcase name="service" time="8.254" classname="com.example.java设计模式.单例.Test"/>
  <testcase name="service" time="1.114" classname="com.example.java设计模式.单例.Test"/>
  <testcase name="service" time="0.000" classname="com.example.java设计模式.单例.Test"/>
  <testcase name="service" time="0.172" classname="com.example.java设计模式.单例.Test"/>
  <testcase name="service" time="0.000" classname="com.example.java设计模式.单例.Test"/>
  <testcase name="service" time="0.417" classname="com.example.java设计模式.单例.Test"/>
  <testcase name="service" time="0.000" classname="com.example.java设计模式.单例.Test"/>
  <testcase name="service" time="0.000" classname="com.example.java设计模式.单例.Test"/>
  <testcase name="service" time="0.001" classname="com.example.java设计模式.单例.Test"/>
  <testcase name="service" time="1.080" classname="com.example.java设计模式.单例.Test"/>
  <testcase name="service" time="0.536" classname="com.example.java设计模式.单例.Test"/>
  <testcase name="service" time="0.001" classname="com.example.java设计模式.单例.Test"/>
  <testcase name="service" time="0.001" classname="com.example.java设计模式.单例.Test"/>
  <testcase name="service" time="0.000" classname="com.example.java设计模式.单例.Test"/>
  <testcase name="service" time="0.001" classname="com.example.java设计模式.单例.Test"/>
  <testcase name="service" time="0.000" classname="com.example.java设计模式.单例.Test"/>
  <testcase name="service" time="0.620" classname="com.example.java设计模式.单例.Test"/>
  <testcase name="service" time="0.026" classname="com.example.java设计模式.单例.Test"/>
  <testcase name="service" time="0.562" classname="com.example.java设计模式.单例.Test"/>
  <testcase name="service" time="64.990" classname="com.example.java设计模式.单例.Test"/>
  <testcase name="service" time="0.999" classname="com.example.java设计模式.单例.Test"/>
  <testcase name="service" time="0.055" classname="com.example.java设计模式.单例.Test"/>
  <testcase name="service" time="0.973" classname="com.example.java设计模式.单例.Test"/>
  <testcase name="service" time="0.001" classname="com.example.java设计模式.单例.Test"/>
  <testcase name="service" time="0.000" classname="com.example.java设计模式.单例.Test"/>
  <testcase name="service" time="0.001" classname="com.example.java设计模式.单例.Test"/>
  <testcase name="service" time="1.461" classname="com.example.java设计模式.单例.Test"/>
  <testcase name="service" time="0.000" classname="com.example.java设计模式.单例.Test"/>
  <testcase name="service" time="1.554" classname="com.example.java设计模式.单例.Test"/>
  <testcase name="service" time="0.579" classname="com.example.java设计模式.单例.Test"/>
  <testcase name="service" time="0.050" classname="com.example.java设计模式.单例.Test"/>
  <testcase name="service" time="0.000" classname="com.example.java设计模式.单例.Test"/>
  <testcase name="service" time="0.001" classname="com.example.java设计模式.单例.Test"/>
  <testcase name="service" time="0.000" classname="com.example.java设计模式.单例.Test"/>
  <testcase name="service" time="0.000" classname="com.example.java设计模式.单例.Test"/>
  <testcase name="service" time="0.615" classname="com.example.java设计模式.单例.Test"/>
  <testcase name="service" time="0.000" classname="com.example.java设计模式.单例.Test"/>
  <testcase name="service" time="64.872" classname="com.example.java设计模式.单例.Test"/>
  <testcase name="service" time="0.000" classname="com.example.java设计模式.单例.Test"/>
  <testcase name="service" time="7.923" classname="com.example.java设计模式.单例.Test"/>
  <testcase name="service" time="0.000" classname="com.example.java设计模式.单例.Test"/>
  <testcase name="service" time="0.000" classname="com.example.java设计模式.单例.Test"/>
  <testcase name="service" time="0.000" classname="com.example.java设计模式.单例.Test"/>
  <testcase name="service" time="0.000" classname="com.example.java设计模式.单例.Test"/>
  <testcase name="service" time="0.000" classname="com.example.java设计模式.单例.Test"/>
  <testcase name="service" time="0.701" classname="com.example.java设计模式.单例.Test"/>
  <testcase name="service" time="0.118" classname="com.example.java设计模式.单例.Test"/>
  <testcase name="service" time="0.000" classname="com.example.java设计模式.单例.Test"/>
  <testcase name="service" time="0.622" classname="com.example.java设计模式.单例.Test"/>
  <testcase name="service" time="0.000" classname="com.example.java设计模式.单例.Test"/>
  <testcase name="service" time="0.784" classname="com.example.java设计模式.单例.Test"/>
  <testcase name="service" time="0.000" classname="com.example.java设计模式.单例.Test"/>
  <testcase name="service" time="1.269" classname="com.example.java设计模式.单例.Test"/>
  <testcase name="service" time="0.401" classname="com.example.java设计模式.单例.Test"/>
  <testcase name="service" time="0.000" classname="com.example.java设计模式.单例.Test"/>
  <testcase name="service" time="0.076" classname="com.example.java设计模式.单例.Test"/>
  <testcase name="service" time="0.023" classname="com.example.java设计模式.单例.Test"/>
  <testcase name="service" time="0.066" classname="com.example.java设计模式.单例.Test"/>
  <testcase name="service" time="0.129" classname="com.example.java设计模式.单例.Test"/>
  <testcase name="service" time="0.000" classname="com.example.java设计模式.单例.Test"/>
  <testcase name="service" time="0.217" classname="com.example.java设计模式.单例.Test"/>
  <testcase name="service" time="0.000" classname="com.example.java设计模式.单例.Test"/>
  <testcase name="service" time="0.245" classname="com.example.java设计模式.单例.Test"/>
  <testcase name="service" time="0.079" classname="com.example.java设计模式.单例.Test"/>
  <testcase name="service" time="0.001" classname="com.example.java设计模式.单例.Test"/>
  <testcase name="service" time="0.482" classname="com.example.java设计模式.单例.Test"/>
  <testcase name="service" time="0.000" classname="com.example.java设计模式.单例.Test"/>
  <testcase name="service" time="0.000" classname="com.example.java设计模式.单例.Test"/>
  <testcase name="service" time="0.000" classname="com.example.java设计模式.单例.Test"/>
  <testcase name="service" time="0.000" classname="com.example.java设计模式.单例.Test"/>
  <testcase name="service" time="0.030" classname="com.example.java设计模式.单例.Test"/>
  <testcase name="service" time="0.000" classname="com.example.java设计模式.单例.Test"/>
  <testcase name="service" time="8.101" classname="com.example.java设计模式.单例.Test"/>
  <testcase name="service" time="0.000" classname="com.example.java设计模式.单例.Test"/>
  <testcase name="service" time="6.724" classname="com.example.java设计模式.单例.Test"/>
  <testcase name="service" time="0.596" classname="com.example.java设计模式.单例.Test"/>
  <testcase name="service" time="0.000" classname="com.example.java设计模式.单例.Test"/>
  <testcase name="service" time="1.506" classname="com.example.java设计模式.单例.Test"/>
  <testcase name="service" time="0.000" classname="com.example.java设计模式.单例.Test"/>
  <testcase name="service" time="0.845" classname="com.example.java设计模式.单例.Test"/>
  <testcase name="service" time="0.000" classname="com.example.java设计模式.单例.Test"/>
  <testcase name="service" time="0.000" classname="com.example.java设计模式.单例.Test"/>
  <testcase name="service" time="0.000" classname="com.example.java设计模式.单例.Test"/>
  <testcase name="service" time="0.000" classname="com.example.java设计模式.单例.Test"/>
  <testcase name="service" time="0.001" classname="com.example.java设计模式.单例.Test"/>
  <testcase name="service" time="0.152" classname="com.example.java设计模式.单例.Test"/>
  <testcase name="service" time="0.156" classname="com.example.java设计模式.单例.Test"/>
  <testcase name="service" time="0.155" classname="com.example.java设计模式.单例.Test"/>
  <testcase name="service" time="0.272" classname="com.example.java设计模式.单例.Test"/>
  <testcase name="service" time="0.000" classname="com.example.java设计模式.单例.Test"/>
  <testcase name="service" time="0.355" classname="com.example.java设计模式.单例.Test"/>
  <testcase name="service" time="0.001" classname="com.example.java设计模式.单例.Test"/>
  <testcase name="service" time="0.000" classname="com.example.java设计模式.单例.Test"/>
  <testcase name="service" time="8.329" classname="com.example.java设计模式.单例.Test"/>
  <testcase name="service" time="0.000" classname="com.example.java设计模式.单例.Test"/>
  <testcase name="service" time="0.000" classname="com.example.java设计模式.单例.Test"/>
  <testcase name="service" time="7.101" classname="com.example.java设计模式.单例.Test"/>
  <testcase name="service" time="7.877" classname="com.example.java设计模式.单例.Test"/>
  <testcase name="service" time="0.994" classname="com.example.java设计模式.单例.Test"/>
  <testcase name="service" time="0.576" classname="com.example.java设计模式.单例.Test"/>
  <testcase name="service" time="64.543" classname="com.example.java设计模式.单例.Test"/>
  <testcase name="service" time="0.000" classname="com.example.java设计模式.单例.Test"/>
  <testcase name="service" time="0.184" classname="com.example.java设计模式.单例.Test"/>
  <testcase name="service" time="0.001" classname="com.example.java设计模式.单例.Test"/>
  <testcase name="service" time="0.000" classname="com.example.java设计模式.单例.Test"/>
  <testcase name="service" time="0.249" classname="com.example.java设计模式.单例.Test"/>
  <testcase name="service" time="0.001" classname="com.example.java设计模式.单例.Test"/>
  <testcase name="service" time="0.000" classname="com.example.java设计模式.单例.Test"/>
  <testcase name="service" time="5.152" classname="com.example.java设计模式.单例.Test"/>
  <testcase name="service" time="0.000" classname="com.example.java设计模式.单例.Test"/>
  <testcase name="service" time="0.000" classname="com.example.java设计模式.单例.Test"/>
  <testcase name="service" time="6.178" classname="com.example.java设计模式.单例.Test"/>
  <testcase name="service" time="0.000" classname="com.example.java设计模式.单例.Test"/>
  <testcase name="service" time="0.000" classname="com.example.java设计模式.单例.Test"/>
  <testcase name="service" time="1.081" classname="com.example.java设计模式.单例.Test"/>
  <testcase name="service" time="0.001" classname="com.example.java设计模式.单例.Test"/>
  <testcase name="service" time="0.734" classname="com.example.java设计模式.单例.Test"/>
  <testcase name="service" time="0.000" classname="com.example.java设计模式.单例.Test"/>
  <testcase name="service" time="0.001" classname="com.example.java设计模式.单例.Test"/>
  <testcase name="service" time="1.050" classname="com.example.java设计模式.单例.Test"/>
  <testcase name="service" time="0.000" classname="com.example.java设计模式.单例.Test"/>
  <testcase name="service" time="0.717" classname="com.example.java设计模式.单例.Test"/>
  <testcase name="service" time="65.028" classname="com.example.java设计模式.单例.Test"/>
  <testcase name="service" time="0.408" classname="com.example.java设计模式.单例.Test"/>
  <testcase name="service" time="0.000" classname="com.example.java设计模式.单例.Test"/>
  <testcase name="service" time="0.866" classname="com.example.java设计模式.单例.Test"/>
  <testcase name="service" time="4.902" classname="com.example.java设计模式.单例.Test"/>
  <testcase name="service" time="0.001" classname="com.example.java设计模式.单例.Test"/>
  <testcase name="service" time="0.000" classname="com.example.java设计模式.单例.Test"/>
  <testcase name="service" time="0.000" classname="com.example.java设计模式.单例.Test"/>
  <testcase name="service" time="0.000" classname="com.example.java设计模式.单例.Test"/>
  <testcase name="service" time="0.001" classname="com.example.java设计模式.单例.Test"/>
  <testcase name="service" time="8.301" classname="com.example.java设计模式.单例.Test"/>
  <testcase name="service" time="0.960" classname="com.example.java设计模式.单例.Test"/>
  <testcase name="service" time="0.000" classname="com.example.java设计模式.单例.Test"/>
  <testcase name="service" time="0.382" classname="com.example.java设计模式.单例.Test"/>
  <testcase name="service" time="7.782" classname="com.example.java设计模式.单例.Test"/>
  <testcase name="service" time="0.000" classname="com.example.java设计模式.单例.Test"/>
  <testcase name="service" time="0.015" classname="com.example.java设计模式.单例.Test"/>
  <testcase name="service" time="0.000" classname="com.example.java设计模式.单例.Test"/>
  <testcase name="service" time="0.374" classname="com.example.java设计模式.单例.Test"/>
  <testcase name="service" time="0.108" classname="com.example.java设计模式.单例.Test"/>
  <testcase name="service" time="8.072" classname="com.example.java设计模式.单例.Test"/>
  <testcase name="service" time="0.070" classname="com.example.java设计模式.单例.Test"/>
  <testcase name="service" time="0.001" classname="com.example.java设计模式.单例.Test"/>
  <testcase name="service" time="0.894" classname="com.example.java设计模式.单例.Test"/>
  <testcase name="service" time="0.848" classname="com.example.java设计模式.单例.Test"/>
  <testcase name="service" time="0.108" classname="com.example.java设计模式.单例.Test"/>
  <testcase name="service" time="0.000" classname="com.example.java设计模式.单例.Test"/>
  <testcase name="service" time="0.420" classname="com.example.java设计模式.单例.Test"/>
  <testcase name="service" time="0.455" classname="com.example.java设计模式.单例.Test"/>
  <testcase name="service" time="0.635" classname="com.example.java设计模式.单例.Test"/>
  <testcase name="service" time="0.832" classname="com.example.java设计模式.单例.Test"/>
  <testcase name="service" time="0.000" classname="com.example.java设计模式.单例.Test"/>
  <testcase name="service" time="0.000" classname="com.example.java设计模式.单例.Test"/>
  <testcase name="service" time="0.000" classname="com.example.java设计模式.单例.Test"/>
  <testcase name="service" time="0.000" classname="com.example.java设计模式.单例.Test"/>
  <testcase name="service" time="0.197" classname="com.example.java设计模式.单例.Test"/>
  <testcase name="service" time="0.000" classname="com.example.java设计模式.单例.Test"/>
  <testcase name="service" time="0.000" classname="com.example.java设计模式.单例.Test"/>
  <testcase name="service" time="6.187" classname="com.example.java设计模式.单例.Test"/>
  <testcase name="service" time="0.001" classname="com.example.java设计模式.单例.Test"/>
  <testcase name="service" time="0.219" classname="com.example.java设计模式.单例.Test"/>
  <testcase name="service" time="64.525" classname="com.example.java设计模式.单例.Test"/>
  <testcase name="service" time="0.004" classname="com.example.java设计模式.单例.Test"/>
  <testcase name="service" time="0.069" classname="com.example.java设计模式.单例.Test"/>
  <testcase name="service" time="0.000" classname="com.example.java设计模式.单例.Test"/>
  <testcase name="service" time="0.000" classname="com.example.java设计模式.单例.Test"/>
  <testcase name="service" time="64.961" classname="com.example.java设计模式.单例.Test"/>
  <testcase name="service" time="0.000" classname="com.example.java设计模式.单例.Test"/>
  <testcase name="service" time="0.000" classname="com.example.java设计模式.单例.Test"/>
  <testcase name="service" time="0.000" classname="com.example.java设计模式.单例.Test"/>
  <testcase name="service" time="0.202" classname="com.example.java设计模式.单例.Test"/>
  <testcase name="service" time="0.827" classname="com.example.java设计模式.单例.Test"/>
  <testcase name="service" time="0.612" classname="com.example.java设计模式.单例.Test"/>
  <testcase name="service" time="0.073" classname="com.example.java设计模式.单例.Test"/>
  <testcase name="service" time="0.000" classname="com.example.java设计模式.单例.Test"/>
  <testcase name="service" time="0.000" classname="com.example.java设计模式.单例.Test"/>
  <testcase name="service" time="0.000" classname="com.example.java设计模式.单例.Test"/>
  <testcase name="service" time="0.072" classname="com.example.java设计模式.单例.Test"/>
  <testcase name="service" time="0.000" classname="com.example.java设计模式.单例.Test"/>
  <testcase name="service" time="64.932" classname="com.example.java设计模式.单例.Test"/>
  <testcase name="service" time="0.635" classname="com.example.java设计模式.单例.Test"/>
  <testcase name="service" time="0.000" classname="com.example.java设计模式.单例.Test"/>
  <testcase name="service" time="0.174" classname="com.example.java设计模式.单例.Test"/>
  <testcase name="service" time="0.024" classname="com.example.java设计模式.单例.Test"/>
  <testcase name="service" time="0.000" classname="com.example.java设计模式.单例.Test"/>
  <testcase name="service" time="0.000" classname="com.example.java设计模式.单例.Test"/>
  <testcase name="service" time="0.225" classname="com.example.java设计模式.单例.Test"/>
  <testcase name="service" time="0.000" classname="com.example.java设计模式.单例.Test"/>
  <testcase name="service" time="0.000" classname="com.example.java设计模式.单例.Test"/>
  <testcase name="service" time="0.380" classname="com.example.java设计模式.单例.Test"/>
  <testcase name="service" time="0.188" classname="com.example.java设计模式.单例.Test"/>
  <testcase name="service" time="0.220" classname="com.example.java设计模式.单例.Test"/>
  <testcase name="service" time="0.000" classname="com.example.java设计模式.单例.Test"/>
  <testcase name="service" time="0.000" classname="com.example.java设计模式.单例.Test"/>
  <testcase name="service" time="0.001" classname="com.example.java设计模式.单例.Test"/>
  <testcase name="service" time="0.000" classname="com.example.java设计模式.单例.Test"/>
  <testcase name="service" time="0.018" classname="com.example.java设计模式.单例.Test"/>
  <testcase name="service" time="0.000" classname="com.example.java设计模式.单例.Test"/>
  <testcase name="service" time="0.001" classname="com.example.java设计模式.单例.Test"/>
  <testcase name="service" time="0.376" classname="com.example.java设计模式.单例.Test"/>
  <testcase name="service" time="6.388" classname="com.example.java设计模式.单例.Test"/>
  <testcase name="service" time="64.547" classname="com.example.java设计模式.单例.Test"/>
  <testcase name="service" time="0.000" classname="com.example.java设计模式.单例.Test"/>
  <testcase name="service" time="0.000" classname="com.example.java设计模式.单例.Test"/>
  <testcase name="service" time="0.000" classname="com.example.java设计模式.单例.Test"/>
  <testcase name="service" time="0.000" classname="com.example.java设计模式.单例.Test"/>
  <testcase name="service" time="0.000" classname="com.example.java设计模式.单例.Test"/>
  <testcase name="service" time="0.000" classname="com.example.java设计模式.单例.Test"/>
  <testcase name="service" time="0.000" classname="com.example.java设计模式.单例.Test"/>
  <testcase name="service" time="0.324" classname="com.example.java设计模式.单例.Test"/>
  <testcase name="service" time="0.000" classname="com.example.java设计模式.单例.Test"/>
  <testcase name="service" time="0.001" classname="com.example.java设计模式.单例.Test"/>
  <testcase name="service" time="0.001" classname="com.example.java设计模式.单例.Test"/>
  <testcase name="service" time="6.654" classname="com.example.java设计模式.单例.Test"/>
  <testcase name="service" time="0.000" classname="com.example.java设计模式.单例.Test"/>
  <testcase name="service" time="0.000" classname="com.example.java设计模式.单例.Test"/>
  <testcase name="service" time="0.122" classname="com.example.java设计模式.单例.Test"/>
  <testcase name="service" time="0.420" classname="com.example.java设计模式.单例.Test"/>
  <testcase name="service" time="1.023" classname="com.example.java设计模式.单例.Test"/>
  <testcase name="service" time="0.000" classname="com.example.java设计模式.单例.Test"/>
  <testcase name="service" time="0.000" classname="com.example.java设计模式.单例.Test"/>
  <testcase name="service" time="1.109" classname="com.example.java设计模式.单例.Test"/>
  <testcase name="service" time="0.000" classname="com.example.java设计模式.单例.Test"/>
  <testcase name="service" time="0.000" classname="com.example.java设计模式.单例.Test"/>
  <testcase name="service" time="7.762" classname="com.example.java设计模式.单例.Test"/>
  <testcase name="service" time="0.001" classname="com.example.java设计模式.单例.Test"/>
  <testcase name="service" time="0.224" classname="com.example.java设计模式.单例.Test"/>
  <testcase name="service" time="0.000" classname="com.example.java设计模式.单例.Test"/>
  <testcase name="service" time="0.094" classname="com.example.java设计模式.单例.Test"/>
  <testcase name="service" time="0.000" classname="com.example.java设计模式.单例.Test"/>
  <testcase name="service" time="1.328" classname="com.example.java设计模式.单例.Test"/>
  <testcase name="service" time="0.000" classname="com.example.java设计模式.单例.Test"/>
  <testcase name="service" time="0.000" classname="com.example.java设计模式.单例.Test"/>
  <testcase name="service" time="0.000" classname="com.example.java设计模式.单例.Test"/>
  <testcase name="service" time="0.000" classname="com.example.java设计模式.单例.Test"/>
  <testcase name="service" time="0.001" classname="com.example.java设计模式.单例.Test"/>
  <testcase name="service" time="0.000" classname="com.example.java设计模式.单例.Test"/>
  <testcase name="service" time="0.051" classname="com.example.java设计模式.单例.Test"/>
  <testcase name="service" time="0.001" classname="com.example.java设计模式.单例.Test"/>
  <testcase name="service" time="0.000" classname="com.example.java设计模式.单例.Test"/>
  <testcase name="service" time="0.001" classname="com.example.java设计模式.单例.Test"/>
  <testcase name="service" time="0.126" classname="com.example.java设计模式.单例.Test"/>
  <testcase name="service" time="0.448" classname="com.example.java设计模式.单例.Test"/>
  <testcase name="service" time="0.184" classname="com.example.java设计模式.单例.Test"/>
  <testcase name="service" time="0.001" classname="com.example.java设计模式.单例.Test"/>
  <testcase name="service" time="0.000" classname="com.example.java设计模式.单例.Test"/>
  <testcase name="service" time="0.000" classname="com.example.java设计模式.单例.Test"/>
  <testcase name="service" time="0.051" classname="com.example.java设计模式.单例.Test"/>
  <testcase name="service" time="6.357" classname="com.example.java设计模式.单例.Test"/>
  <testcase name="service" time="0.000" classname="com.example.java设计模式.单例.Test"/>
  <testcase name="service" time="0.000" classname="com.example.java设计模式.单例.Test"/>
  <testcase name="service" time="0.000" classname="com.example.java设计模式.单例.Test"/>
  <testcase name="service" time="0.000" classname="com.example.java设计模式.单例.Test"/>
  <testcase name="service" time="0.270" classname="com.example.java设计模式.单例.Test"/>
  <testcase name="service" time="6.566" classname="com.example.java设计模式.单例.Test"/>
  <testcase name="service" time="0.000" classname="com.example.java设计模式.单例.Test"/>
  <testcase name="service" time="0.307" classname="com.example.java设计模式.单例.Test"/>
  <testcase name="service" time="0.000" classname="com.example.java设计模式.单例.Test"/>
  <testcase name="service" time="0.411" classname="com.example.java设计模式.单例.Test"/>
  <testcase name="service" time="64.901" classname="com.example.java设计模式.单例.Test"/>
  <testcase name="service" time="0.635" classname="com.example.java设计模式.单例.Test"/>
  <testcase name="service" time="0.543" classname="com.example.java设计模式.单例.Test"/>
  <testcase name="service" time="0.001" classname="com.example.java设计模式.单例.Test"/>
  <testcase name="service" time="0.000" classname="com.example.java设计模式.单例.Test"/>
  <testcase name="service" time="1.197" classname="com.example.java设计模式.单例.Test"/>
  <testcase name="service" time="0.088" classname="com.example.java设计模式.单例.Test"/>
  <testcase name="service" time="0.000" classname="com.example.java设计模式.单例.Test"/>
  <testcase name="service" time="0.000" classname="com.example.java设计模式.单例.Test"/>
  <testcase name="service" time="0.227" classname="com.example.java设计模式.单例.Test"/>
  <testcase name="service" time="64.636" classname="com.example.java设计模式.单例.Test"/>
  <testcase name="service" time="0.000" classname="com.example.java设计模式.单例.Test"/>
  <testcase name="service" time="0.000" classname="com.example.java设计模式.单例.Test"/>
  <testcase name="service" time="0.000" classname="com.example.java设计模式.单例.Test"/>
  <testcase name="service" time="0.000" classname="com.example.java设计模式.单例.Test"/>
  <testcase name="service" time="0.112" classname="com.example.java设计模式.单例.Test"/>
  <testcase name="service" time="0.000" classname="com.example.java设计模式.单例.Test"/>
  <testcase name="service" time="0.239" classname="com.example.java设计模式.单例.Test"/>
  <testcase name="service" time="0.050" classname="com.example.java设计模式.单例.Test"/>
  <testcase name="service" time="0.001" classname="com.example.java设计模式.单例.Test"/>
  <testcase name="service" time="0.000" classname="com.example.java设计模式.单例.Test"/>
  <testcase name="service" time="0.000" classname="com.example.java设计模式.单例.Test"/>
  <testcase name="service" time="0.453" classname="com.example.java设计模式.单例.Test"/>
  <testcase name="service" time="0.001" classname="com.example.java设计模式.单例.Test"/>
  <testcase name="service" time="0.000" classname="com.example.java设计模式.单例.Test"/>
  <testcase name="service" time="0.795" classname="com.example.java设计模式.单例.Test"/>
  <testcase name="service" time="0.575" classname="com.example.java设计模式.单例.Test"/>
  <testcase name="service" time="0.000" classname="com.example.java设计模式.单例.Test"/>
  <testcase name="service" time="0.000" classname="com.example.java设计模式.单例.Test"/>
  <testcase name="service" time="0.000" classname="com.example.java设计模式.单例.Test"/>
  <testcase name="service" time="0.137" classname="com.example.java设计模式.单例.Test"/>
  <testcase name="service" time="0.000" classname="com.example.java设计模式.单例.Test"/>
  <testcase name="service" time="64.543" classname="com.example.java设计模式.单例.Test"/>
  <testcase name="service" time="0.002" classname="com.example.java设计模式.单例.Test"/>
  <testcase name="service" time="0.000" classname="com.example.java设计模式.单例.Test"/>
  <testcase name="service" time="1.181" classname="com.example.java设计模式.单例.Test"/>
  <testcase name="service" time="0.303" classname="com.example.java设计模式.单例.Test"/>
  <testcase name="service" time="0.707" classname="com.example.java设计模式.单例.Test"/>
  <testcase name="service" time="0.000" classname="com.example.java设计模式.单例.Test"/>
  <testcase name="service" time="0.028" classname="com.example.java设计模式.单例.Test"/>
  <testcase name="service" time="0.000" classname="com.example.java设计模式.单例.Test"/>
  <testcase name="service" time="0.001" classname="com.example.java设计模式.单例.Test"/>
  <testcase name="service" time="0.237" classname="com.example.java设计模式.单例.Test"/>
  <testcase name="service" time="0.000" classname="com.example.java设计模式.单例.Test"/>
  <testcase name="service" time="6.599" classname="com.example.java设计模式.单例.Test"/>
  <testcase name="service" time="0.468" classname="com.example.java设计模式.单例.Test"/>
  <testcase name="service" time="0.000" classname="com.example.java设计模式.单例.Test"/>
  <testcase name="service" time="0.000" classname="com.example.java设计模式.单例.Test"/>
  <testcase name="service" time="0.241" classname="com.example.java设计模式.单例.Test"/>
  <testcase name="service" time="0.000" classname="com.example.java设计模式.单例.Test"/>
  <testcase name="service" time="0.001" classname="com.example.java设计模式.单例.Test"/>
  <testcase name="service" time="0.001" classname="com.example.java设计模式.单例.Test"/>
  <testcase name="service" time="0.000" classname="com.example.java设计模式.单例.Test"/>
  <testcase name="service" time="6.872" classname="com.example.java设计模式.单例.Test"/>
  <testcase name="service" time="0.203" classname="com.example.java设计模式.单例.Test"/>
  <testcase name="service" time="0.001" classname="com.example.java设计模式.单例.Test"/>
  <testcase name="service" time="0.008" classname="com.example.java设计模式.单例.Test"/>
  <testcase name="service" time="0.427" classname="com.example.java设计模式.单例.Test"/>
  <testcase name="service" time="0.000" classname="com.example.java设计模式.单例.Test"/>
  <testcase name="service" time="0.815" classname="com.example.java设计模式.单例.Test"/>
  <testcase name="service" time="0.330" classname="com.example.java设计模式.单例.Test"/>
  <testcase name="service" time="0.277" classname="com.example.java设计模式.单例.Test"/>
  <testcase name="service" time="0.159" classname="com.example.java设计模式.单例.Test"/>
  <testcase name="service" time="64.899" classname="com.example.java设计模式.单例.Test"/>
  <testcase name="service" time="0.052" classname="com.example.java设计模式.单例.Test"/>
  <testcase name="service" time="0.009" classname="com.example.java设计模式.单例.Test"/>
  <testcase name="service" time="0.032" classname="com.example.java设计模式.单例.Test"/>
  <testcase name="service" time="0.000" classname="com.example.java设计模式.单例.Test"/>
  <testcase name="service" time="0.826" classname="com.example.java设计模式.单例.Test"/>
  <testcase name="service" time="0.000" classname="com.example.java设计模式.单例.Test"/>
  <testcase name="service" time="0.125" classname="com.example.java设计模式.单例.Test"/>
  <testcase name="service" time="0.000" classname="com.example.java设计模式.单例.Test"/>
  <testcase name="service" time="0.945" classname="com.example.java设计模式.单例.Test"/>
  <testcase name="service" time="0.000" classname="com.example.java设计模式.单例.Test"/>
  <testcase name="service" time="0.000" classname="com.example.java设计模式.单例.Test"/>
  <testcase name="service" time="0.001" classname="com.example.java设计模式.单例.Test"/>
  <testcase name="service" time="0.000" classname="com.example.java设计模式.单例.Test"/>
  <testcase name="service" time="0.000" classname="com.example.java设计模式.单例.Test"/>
  <testcase name="service" time="0.000" classname="com.example.java设计模式.单例.Test"/>
  <testcase name="service" time="0.000" classname="com.example.java设计模式.单例.Test"/>
  <testcase name="service" time="0.000" classname="com.example.java设计模式.单例.Test"/>
  <testcase name="service" time="0.001" classname="com.example.java设计模式.单例.Test"/>
  <testcase name="service" time="0.453" classname="com.example.java设计模式.单例.Test"/>
  <testcase name="service" time="0.498" classname="com.example.java设计模式.单例.Test"/>
  <testcase name="service" time="0.000" classname="com.example.java设计模式.单例.Test"/>
  <testcase name="service" time="7.772" classname="com.example.java设计模式.单例.Test"/>
  <testcase name="service" time="0.001" classname="com.example.java设计模式.单例.Test"/>
  <testcase name="service" time="0.000" classname="com.example.java设计模式.单例.Test"/>
  <testcase name="service" time="1.531" classname="com.example.java设计模式.单例.Test"/>
  <testcase name="service" time="0.409" classname="com.example.java设计模式.单例.Test"/>
  <testcase name="service" time="0.000" classname="com.example.java设计模式.单例.Test"/>
  <testcase name="service" time="0.311" classname="com.example.java设计模式.单例.Test"/>
  <testcase name="service" time="0.000" classname="com.example.java设计模式.单例.Test"/>
  <testcase name="service" time="1.184" classname="com.example.java设计模式.单例.Test"/>
  <testcase name="service" time="0.001" classname="com.example.java设计模式.单例.Test"/>
  <testcase name="service" time="64.914" classname="com.example.java设计模式.单例.Test"/>
  <testcase name="service" time="0.010" classname="com.example.java设计模式.单例.Test"/>
  <testcase name="service" time="0.000" classname="com.example.java设计模式.单例.Test"/>
  <testcase name="service" time="0.790" classname="com.example.java设计模式.单例.Test"/>
  <testcase name="service" time="0.000" classname="com.example.java设计模式.单例.Test"/>
  <testcase name="service" time="0.000" classname="com.example.java设计模式.单例.Test"/>
  <testcase name="service" time="0.001" classname="com.example.java设计模式.单例.Test"/>
  <testcase name="service" time="0.232" classname="com.example.java设计模式.单例.Test"/>
  <testcase name="service" time="0.000" classname="com.example.java设计模式.单例.Test"/>
  <testcase name="service" time="1.415" classname="com.example.java设计模式.单例.Test"/>
  <testcase name="service" time="0.000" classname="com.example.java设计模式.单例.Test"/>
  <testcase name="service" time="0.033" classname="com.example.java设计模式.单例.Test"/>
  <testcase name="service" time="0.000" classname="com.example.java设计模式.单例.Test"/>
  <testcase name="service" time="0.000" classname="com.example.java设计模式.单例.Test"/>
  <testcase name="service" time="1.054" classname="com.example.java设计模式.单例.Test"/>
  <testcase name="service" time="0.001" classname="com.example.java设计模式.单例.Test"/>
  <testcase name="service" time="0.002" classname="com.example.java设计模式.单例.Test"/>
  <testcase name="service" time="0.000" classname="com.example.java设计模式.单例.Test"/>
  <testcase name="service" time="0.000" classname="com.example.java设计模式.单例.Test"/>
  <testcase name="service" time="0.000" classname="com.example.java设计模式.单例.Test"/>
  <testcase name="service" time="0.055" classname="com.example.java设计模式.单例.Test"/>
  <testcase name="service" time="0.233" classname="com.example.java设计模式.单例.Test"/>
  <testcase name="service" time="0.093" classname="com.example.java设计模式.单例.Test"/>
  <testcase name="service" time="0.001" classname="com.example.java设计模式.单例.Test"/>
  <testcase name="service" time="0.000" classname="com.example.java设计模式.单例.Test"/>
  <testcase name="service" time="0.696" classname="com.example.java设计模式.单例.Test"/>
  <testcase name="service" time="64.731" classname="com.example.java设计模式.单例.Test"/>
  <testcase name="service" time="0.000" classname="com.example.java设计模式.单例.Test"/>
  <testcase name="service" time="0.001" classname="com.example.java设计模式.单例.Test"/>
  <testcase name="service" time="0.083" classname="com.example.java设计模式.单例.Test"/>
  <testcase name="service" time="64.685" classname="com.example.java设计模式.单例.Test"/>
  <testcase name="service" time="0.238" classname="com.example.java设计模式.单例.Test"/>
  <testcase name="service" time="0.431" classname="com.example.java设计模式.单例.Test"/>
  <testcase name="service" time="0.000" classname="com.example.java设计模式.单例.Test"/>
  <testcase name="service" time="0.001" classname="com.example.java设计模式.单例.Test"/>
  <testcase name="service" time="0.001" classname="com.example.java设计模式.单例.Test"/>
  <testcase name="service" time="0.866" classname="com.example.java设计模式.单例.Test"/>
  <testcase name="service" time="0.025" classname="com.example.java设计模式.单例.Test"/>
  <testcase name="service" time="0.000" classname="com.example.java设计模式.单例.Test"/>
  <testcase name="service" time="0.000" classname="com.example.java设计模式.单例.Test"/>
  <testcase name="service" time="0.000" classname="com.example.java设计模式.单例.Test"/>
  <testcase name="service" time="0.000" classname="com.example.java设计模式.单例.Test"/>
  <testcase name="service" time="0.002" classname="com.example.java设计模式.单例.Test"/>
  <testcase name="service" time="0.179" classname="com.example.java设计模式.单例.Test"/>
  <testcase name="service" time="0.001" classname="com.example.java设计模式.单例.Test"/>
  <testcase name="service" time="0.060" classname="com.example.java设计模式.单例.Test"/>
  <testcase name="service" time="1.272" classname="com.example.java设计模式.单例.Test"/>
  <testcase name="service" time="0.732" classname="com.example.java设计模式.单例.Test"/>
  <testcase name="service" time="0.000" classname="com.example.java设计模式.单例.Test"/>
  <testcase name="service" time="6.516" classname="com.example.java设计模式.单例.Test"/>
  <testcase name="service" time="0.000" classname="com.example.java设计模式.单例.Test"/>
  <testcase name="service" time="0.000" classname="com.example.java设计模式.单例.Test"/>
  <testcase name="service" time="1.071" classname="com.example.java设计模式.单例.Test"/>
  <testcase name="service" time="0.000" classname="com.example.java设计模式.单例.Test"/>
  <testcase name="service" time="0.001" classname="com.example.java设计模式.单例.Test"/>
  <testcase name="service" time="0.000" classname="com.example.java设计模式.单例.Test"/>
  <testcase name="service" time="0.545" classname="com.example.java设计模式.单例.Test"/>
  <testcase name="service" time="1.050" classname="com.example.java设计模式.单例.Test"/>
  <testcase name="service" time="0.000" classname="com.example.java设计模式.单例.Test"/>
  <testcase name="service" time="7.795" classname="com.example.java设计模式.单例.Test"/>
  <testcase name="service" time="0.236" classname="com.example.java设计模式.单例.Test"/>
  <testcase name="service" time="0.669" classname="com.example.java设计模式.单例.Test"/>
  <testcase name="service" time="0.266" classname="com.example.java设计模式.单例.Test"/>
  <testcase name="service" time="0.000" classname="com.example.java设计模式.单例.Test"/>
  <testcase name="service" time="1.415" classname="com.example.java设计模式.单例.Test"/>
  <testcase name="service" time="0.627" classname="com.example.java设计模式.单例.Test"/>
  <testcase name="service" time="6.405" classname="com.example.java设计模式.单例.Test"/>
  <testcase name="service" time="0.000" classname="com.example.java设计模式.单例.Test"/>
  <testcase name="service" time="0.001" classname="com.example.java设计模式.单例.Test"/>
  <testcase name="service" time="0.000" classname="com.example.java设计模式.单例.Test"/>
  <testcase name="service" time="0.000" classname="com.example.java设计模式.单例.Test"/>
  <testcase name="service" time="0.000" classname="com.example.java设计模式.单例.Test"/>
  <testcase name="service" time="0.000" classname="com.example.java设计模式.单例.Test"/>
  <testcase name="service" time="0.155" classname="com.example.java设计模式.单例.Test"/>
  <testcase name="service" time="0.051" classname="com.example.java设计模式.单例.Test"/>
  <testcase name="service" time="0.000" classname="com.example.java设计模式.单例.Test"/>
  <testcase name="service" time="8.308" classname="com.example.java设计模式.单例.Test"/>
  <testcase name="service" time="0.000" classname="com.example.java设计模式.单例.Test"/>
  <testcase name="service" time="0.912" classname="com.example.java设计模式.单例.Test"/>
  <testcase name="service" time="0.949" classname="com.example.java设计模式.单例.Test"/>
  <testcase name="service" time="0.000" classname="com.example.java设计模式.单例.Test"/>
  <testcase name="service" time="1.118" classname="com.example.java设计模式.单例.Test"/>
  <testcase name="service" time="0.000" classname="com.example.java设计模式.单例.Test"/>
  <testcase name="service" time="0.001" classname="com.example.java设计模式.单例.Test"/>
  <testcase name="service" time="0.000" classname="com.example.java设计模式.单例.Test"/>
  <testcase name="service" time="1.125" classname="com.example.java设计模式.单例.Test"/>
  <testcase name="service" time="0.000" classname="com.example.java设计模式.单例.Test"/>
  <testcase name="service" time="0.001" classname="com.example.java设计模式.单例.Test"/>
  <testcase name="service" time="1.303" classname="com.example.java设计模式.单例.Test"/>
  <testcase name="service" time="0.001" classname="com.example.java设计模式.单例.Test"/>
  <testcase name="service" time="0.085" classname="com.example.java设计模式.单例.Test"/>
  <testcase name="service" time="0.415" classname="com.example.java设计模式.单例.Test"/>
  <testcase name="service" time="0.735" classname="com.example.java设计模式.单例.Test"/>
  <testcase name="service" time="8.093" classname="com.example.java设计模式.单例.Test"/>
  <testcase name="service" time="0.000" classname="com.example.java设计模式.单例.Test"/>
  <testcase name="service" time="0.000" classname="com.example.java设计模式.单例.Test"/>
  <testcase name="service" time="0.178" classname="com.example.java设计模式.单例.Test"/>
  <testcase name="service" time="0.735" classname="com.example.java设计模式.单例.Test"/>
  <testcase name="service" time="0.000" classname="com.example.java设计模式.单例.Test"/>
  <testcase name="service" time="0.001" classname="com.example.java设计模式.单例.Test"/>
  <testcase name="service" time="0.421" classname="com.example.java设计模式.单例.Test"/>
  <testcase name="service" time="0.171" classname="com.example.java设计模式.单例.Test"/>
  <testcase name="service" time="0.000" classname="com.example.java设计模式.单例.Test"/>
  <testcase name="service" time="0.204" classname="com.example.java设计模式.单例.Test"/>
  <testcase name="service" time="0.000" classname="com.example.java设计模式.单例.Test"/>
  <testcase name="service" time="1.613" classname="com.example.java设计模式.单例.Test"/>
  <testcase name="service" time="64.526" classname="com.example.java设计模式.单例.Test"/>
  <testcase name="service" time="0.000" classname="com.example.java设计模式.单例.Test"/>
  <testcase name="service" time="0.000" classname="com.example.java设计模式.单例.Test"/>
  <testcase name="service" time="0.006" classname="com.example.java设计模式.单例.Test"/>
  <testcase name="service" time="0.046" classname="com.example.java设计模式.单例.Test"/>
  <testcase name="service" time="0.000" classname="com.example.java设计模式.单例.Test"/>
  <testcase name="service" time="0.000" classname="com.example.java设计模式.单例.Test"/>
  <testcase name="service" time="0.000" classname="com.example.java设计模式.单例.Test"/>
  <testcase name="service" time="0.002" classname="com.example.java设计模式.单例.Test"/>
  <testcase name="service" time="0.001" classname="com.example.java设计模式.单例.Test"/>
  <testcase name="service" time="0.000" classname="com.example.java设计模式.单例.Test"/>
  <testcase name="service" time="0.811" classname="com.example.java设计模式.单例.Test"/>
  <testcase name="service" time="0.240" classname="com.example.java设计模式.单例.Test"/>
  <testcase name="service" time="0.049" classname="com.example.java设计模式.单例.Test"/>
  <testcase name="service" time="0.574" classname="com.example.java设计模式.单例.Test"/>
  <testcase name="service" time="0.000" classname="com.example.java设计模式.单例.Test"/>
  <testcase name="service" time="0.222" classname="com.example.java设计模式.单例.Test"/>
  <testcase name="service" time="64.652" classname="com.example.java设计模式.单例.Test"/>
  <testcase name="service" time="6.507" classname="com.example.java设计模式.单例.Test"/>
  <testcase name="service" time="0.000" classname="com.example.java设计模式.单例.Test"/>
  <testcase name="service" time="0.000" classname="com.example.java设计模式.单例.Test"/>
  <testcase name="service" time="0.001" classname="com.example.java设计模式.单例.Test"/>
  <testcase name="service" time="0.477" classname="com.example.java设计模式.单例.Test"/>
  <testcase name="service" time="0.143" classname="com.example.java设计模式.单例.Test"/>
  <testcase name="service" time="0.000" classname="com.example.java设计模式.单例.Test"/>
  <testcase name="service" time="0.001" classname="com.example.java设计模式.单例.Test"/>
  <testcase name="service" time="0.000" classname="com.example.java设计模式.单例.Test"/>
  <testcase name="service" time="0.000" classname="com.example.java设计模式.单例.Test"/>
  <testcase name="service" time="65.032" classname="com.example.java设计模式.单例.Test"/>
  <testcase name="service" time="0.335" classname="com.example.java设计模式.单例.Test"/>
  <testcase name="service" time="0.001" classname="com.example.java设计模式.单例.Test"/>
  <testcase name="service" time="6.540" classname="com.example.java设计模式.单例.Test"/>
  <testcase name="service" time="0.356" classname="com.example.java设计模式.单例.Test"/>
  <testcase name="service" time="0.701" classname="com.example.java设计模式.单例.Test"/>
  <testcase name="service" time="0.000" classname="com.example.java设计模式.单例.Test"/>
  <testcase name="service" time="0.320" classname="com.example.java设计模式.单例.Test"/>
  <testcase name="service" time="0.018" classname="com.example.java设计模式.单例.Test"/>
  <testcase name="service" time="1.548" classname="com.example.java设计模式.单例.Test"/>
  <testcase name="service" time="0.073" classname="com.example.java设计模式.单例.Test"/>
  <testcase name="service" time="0.001" classname="com.example.java设计模式.单例.Test"/>
  <testcase name="service" time="0.000" classname="com.example.java设计模式.单例.Test"/>
  <testcase name="service" time="64.971" classname="com.example.java设计模式.单例.Test"/>
  <testcase name="service" time="0.000" classname="com.example.java设计模式.单例.Test"/>
  <testcase name="service" time="0.328" classname="com.example.java设计模式.单例.Test"/>
  <testcase name="service" time="0.000" classname="com.example.java设计模式.单例.Test"/>
  <testcase name="service" time="0.001" classname="com.example.java设计模式.单例.Test"/>
  <testcase name="service" time="0.000" classname="com.example.java设计模式.单例.Test"/>
  <testcase name="service" time="0.666" classname="com.example.java设计模式.单例.Test"/>
  <testcase name="service" time="0.743" classname="com.example.java设计模式.单例.Test"/>
  <testcase name="service" time="0.000" classname="com.example.java设计模式.单例.Test"/>
  <testcase name="service" time="8.167" classname="com.example.java设计模式.单例.Test"/>
  <testcase name="service" time="0.000" classname="com.example.java设计模式.单例.Test"/>
  <testcase name="service" time="0.399" classname="com.example.java设计模式.单例.Test"/>
  <testcase name="service" time="0.001" classname="com.example.java设计模式.单例.Test"/>
  <testcase name="service" time="0.136" classname="com.example.java设计模式.单例.Test"/>
  <testcase name="service" time="0.000" classname="com.example.java设计模式.单例.Test"/>
  <testcase name="service" time="0.000" classname="com.example.java设计模式.单例.Test"/>
  <testcase name="service" time="0.201" classname="com.example.java设计模式.单例.Test"/>
  <testcase name="service" time="0.000" classname="com.example.java设计模式.单例.Test"/>
  <testcase name="service" time="1.199" classname="com.example.java设计模式.单例.Test"/>
  <testcase name="service" time="0.000" classname="com.example.java设计模式.单例.Test"/>
  <testcase name="service" time="0.000" classname="com.example.java设计模式.单例.Test"/>
  <testcase name="service" time="0.000" classname="com.example.java设计模式.单例.Test"/>
  <testcase name="service" time="8.245" classname="com.example.java设计模式.单例.Test"/>
  <testcase name="service" time="0.001" classname="com.example.java设计模式.单例.Test"/>
  <testcase name="service" time="0.000" classname="com.example.java设计模式.单例.Test"/>
  <testcase name="service" time="0.001" classname="com.example.java设计模式.单例.Test"/>
  <testcase name="service" time="0.725" classname="com.example.java设计模式.单例.Test"/>
  <testcase name="service" time="6.385" classname="com.example.java设计模式.单例.Test"/>
  <testcase name="service" time="0.320" classname="com.example.java设计模式.单例.Test"/>
  <testcase name="service" time="0.000" classname="com.example.java设计模式.单例.Test"/>
  <testcase name="service" time="0.851" classname="com.example.java设计模式.单例.Test"/>
  <testcase name="service" time="1.115" classname="com.example.java设计模式.单例.Test"/>
  <testcase name="service" time="0.000" classname="com.example.java设计模式.单例.Test"/>
  <testcase name="service" time="0.135" classname="com.example.java设计模式.单例.Test"/>
  <testcase name="service" time="0.000" classname="com.example.java设计模式.单例.Test"/>
  <testcase name="service" time="0.000" classname="com.example.java设计模式.单例.Test"/>
  <testcase name="service" time="0.000" classname="com.example.java设计模式.单例.Test"/>
  <testcase name="service" time="6.513" classname="com.example.java设计模式.单例.Test"/>
  <testcase name="service" time="0.793" classname="com.example.java设计模式.单例.Test"/>
  <testcase name="service" time="0.000" classname="com.example.java设计模式.单例.Test"/>
  <testcase name="service" time="0.000" classname="com.example.java设计模式.单例.Test"/>
  <testcase name="service" time="0.000" classname="com.example.java设计模式.单例.Test"/>
  <testcase name="service" time="0.000" classname="com.example.java设计模式.单例.Test"/>
  <testcase name="service" time="0.000" classname="com.example.java设计模式.单例.Test"/>
  <testcase name="service" time="0.083" classname="com.example.java设计模式.单例.Test"/>
  <testcase name="service" time="6.007" classname="com.example.java设计模式.单例.Test"/>
  <testcase name="service" time="0.002" classname="com.example.java设计模式.单例.Test"/>
  <testcase name="service" time="7.894" classname="com.example.java设计模式.单例.Test"/>
  <testcase name="service" time="0.000" classname="com.example.java设计模式.单例.Test"/>
  <testcase name="service" time="0.202" classname="com.example.java设计模式.单例.Test"/>
  <testcase name="service" time="0.976" classname="com.example.java设计模式.单例.Test"/>
  <testcase name="service" time="0.000" classname="com.example.java设计模式.单例.Test"/>
  <testcase name="service" time="0.214" classname="com.example.java设计模式.单例.Test"/>
  <testcase name="service" time="0.000" classname="com.example.java设计模式.单例.Test"/>
  <testcase name="service" time="0.827" classname="com.example.java设计模式.单例.Test"/>
  <testcase name="service" time="0.001" classname="com.example.java设计模式.单例.Test"/>
  <testcase name="service" time="0.743" classname="com.example.java设计模式.单例.Test"/>
  <testcase name="service" time="0.000" classname="com.example.java设计模式.单例.Test"/>
  <testcase name="service" time="0.000" classname="com.example.java设计模式.单例.Test"/>
  <testcase name="service" time="0.245" classname="com.example.java设计模式.单例.Test"/>
  <testcase name="service" time="5.113" classname="com.example.java设计模式.单例.Test"/>
  <testcase name="service" time="0.000" classname="com.example.java设计模式.单例.Test"/>
  <testcase name="service" time="0.842" classname="com.example.java设计模式.单例.Test"/>
  <testcase name="service" time="0.747" classname="com.example.java设计模式.单例.Test"/>
  <testcase name="service" time="0.000" classname="com.example.java设计模式.单例.Test"/>
  <testcase name="service" time="64.903" classname="com.example.java设计模式.单例.Test"/>
  <testcase name="service" time="0.172" classname="com.example.java设计模式.单例.Test"/>
  <testcase name="service" time="0.219" classname="com.example.java设计模式.单例.Test"/>
  <testcase name="service" time="0.001" classname="com.example.java设计模式.单例.Test"/>
  <testcase name="service" time="0.000" classname="com.example.java设计模式.单例.Test"/>
  <testcase name="service" time="0.001" classname="com.example.java设计模式.单例.Test"/>
  <testcase name="service" time="0.000" classname="com.example.java设计模式.单例.Test"/>
  <testcase name="service" time="6.611" classname="com.example.java设计模式.单例.Test"/>
  <testcase name="service" time="1.197" classname="com.example.java设计模式.单例.Test"/>
  <testcase name="service" time="0.000" classname="com.example.java设计模式.单例.Test"/>
  <testcase name="service" time="0.000" classname="com.example.java设计模式.单例.Test"/>
  <testcase name="service" time="0.001" classname="com.example.java设计模式.单例.Test"/>
  <testcase name="service" time="0.188" classname="com.example.java设计模式.单例.Test"/>
  <testcase name="service" time="6.527" classname="com.example.java设计模式.单例.Test"/>
  <testcase name="service" time="0.000" classname="com.example.java设计模式.单例.Test"/>
  <testcase name="service" time="0.090" classname="com.example.java设计模式.单例.Test"/>
  <testcase name="service" time="0.002" classname="com.example.java设计模式.单例.Test"/>
  <testcase name="service" time="6.312" classname="com.example.java设计模式.单例.Test"/>
  <testcase name="service" time="0.000" classname="com.example.java设计模式.单例.Test"/>
  <testcase name="service" time="0.001" classname="com.example.java设计模式.单例.Test"/>
  <testcase name="service" time="0.000" classname="com.example.java设计模式.单例.Test"/>
  <testcase name="service" time="0.000" classname="com.example.java设计模式.单例.Test"/>
  <testcase name="service" time="0.000" classname="com.example.java设计模式.单例.Test"/>
  <testcase name="service" time="0.200" classname="com.example.java设计模式.单例.Test"/>
  <testcase name="service" time="0.438" classname="com.example.java设计模式.单例.Test"/>
  <testcase name="service" time="0.021" classname="com.example.java设计模式.单例.Test"/>
  <testcase name="service" time="0.195" classname="com.example.java设计模式.单例.Test"/>
  <testcase name="service" time="0.000" classname="com.example.java设计模式.单例.Test"/>
  <testcase name="service" time="0.000" classname="com.example.java设计模式.单例.Test"/>
  <testcase name="service" time="0.959" classname="com.example.java设计模式.单例.Test"/>
  <testcase name="service" time="0.001" classname="com.example.java设计模式.单例.Test"/>
  <testcase name="service" time="0.069" classname="com.example.java设计模式.单例.Test"/>
  <testcase name="service" time="0.000" classname="com.example.java设计模式.单例.Test"/>
  <testcase name="service" time="0.987" classname="com.example.java设计模式.单例.Test"/>
  <testcase name="service" time="0.001" classname="com.example.java设计模式.单例.Test"/>
  <testcase name="service" time="0.000" classname="com.example.java设计模式.单例.Test"/>
  <testcase name="service" time="0.705" classname="com.example.java设计模式.单例.Test"/>
  <testcase name="service" time="64.542" classname="com.example.java设计模式.单例.Test"/>
  <testcase name="service" time="0.000" classname="com.example.java设计模式.单例.Test"/>
  <testcase name="service" time="0.578" classname="com.example.java设计模式.单例.Test"/>
  <testcase name="service" time="0.709" classname="com.example.java设计模式.单例.Test"/>
  <testcase name="service" time="0.001" classname="com.example.java设计模式.单例.Test"/>
  <testcase name="service" time="0.000" classname="com.example.java设计模式.单例.Test"/>
  <testcase name="service" time="0.000" classname="com.example.java设计模式.单例.Test"/>
  <testcase name="service" time="0.460" classname="com.example.java设计模式.单例.Test"/>
  <testcase name="service" time="0.425" classname="com.example.java设计模式.单例.Test"/>
  <testcase name="service" time="1.096" classname="com.example.java设计模式.单例.Test"/>
  <testcase name="service" time="0.645" classname="com.example.java设计模式.单例.Test"/>
  <testcase name="service" time="65.063" classname="com.example.java设计模式.单例.Test"/>
  <testcase name="service" time="0.000" classname="com.example.java设计模式.单例.Test"/>
  <testcase name="service" time="0.000" classname="com.example.java设计模式.单例.Test"/>
  <testcase name="service" time="0.362" classname="com.example.java设计模式.单例.Test"/>
  <testcase name="service" time="1.603" classname="com.example.java设计模式.单例.Test"/>
  <testcase name="service" time="0.001" classname="com.example.java设计模式.单例.Test"/>
  <testcase name="service" time="0.001" classname="com.example.java设计模式.单例.Test"/>
  <testcase name="service" time="1.162" classname="com.example.java设计模式.单例.Test"/>
  <testcase name="service" time="7.097" classname="com.example.java设计模式.单例.Test"/>
  <testcase name="service" time="0.000" classname="com.example.java设计模式.单例.Test"/>
  <testcase name="service" time="0.227" classname="com.example.java设计模式.单例.Test"/>
  <testcase name="service" time="0.000" classname="com.example.java设计模式.单例.Test"/>
  <testcase name="service" time="0.000" classname="com.example.java设计模式.单例.Test"/>
  <testcase name="service" time="0.000" classname="com.example.java设计模式.单例.Test"/>
  <testcase name="service" time="0.002" classname="com.example.java设计模式.单例.Test"/>
  <testcase name="service" time="6.593" classname="com.example.java设计模式.单例.Test"/>
  <testcase name="service" time="0.980" classname="com.example.java设计模式.单例.Test"/>
  <testcase name="service" time="0.000" classname="com.example.java设计模式.单例.Test"/>
  <testcase name="service" time="0.001" classname="com.example.java设计模式.单例.Test"/>
  <testcase name="service" time="0.001" classname="com.example.java设计模式.单例.Test"/>
  <testcase name="service" time="1.251" classname="com.example.java设计模式.单例.Test"/>
  <testcase name="service" time="0.001" classname="com.example.java设计模式.单例.Test"/>
  <testcase name="service" time="0.001" classname="com.example.java设计模式.单例.Test"/>
  <testcase name="service" time="0.000" classname="com.example.java设计模式.单例.Test"/>
  <testcase name="service" time="64.992" classname="com.example.java设计模式.单例.Test"/>
  <testcase name="service" time="0.000" classname="com.example.java设计模式.单例.Test"/>
  <testcase name="service" time="0.000" classname="com.example.java设计模式.单例.Test"/>
  <testcase name="service" time="0.087" classname="com.example.java设计模式.单例.Test"/>
  <testcase name="service" time="0.038" classname="com.example.java设计模式.单例.Test"/>
  <testcase name="service" time="0.217" classname="com.example.java设计模式.单例.Test"/>
  <testcase name="service" time="0.030" classname="com.example.java设计模式.单例.Test"/>
  <testcase name="service" time="0.000" classname="com.example.java设计模式.单例.Test"/>
  <testcase name="service" time="0.542" classname="com.example.java设计模式.单例.Test"/>
  <testcase name="service" time="0.000" classname="com.example.java设计模式.单例.Test"/>
  <testcase name="service" time="0.000" classname="com.example.java设计模式.单例.Test"/>
  <testcase name="service" time="0.467" classname="com.example.java设计模式.单例.Test"/>
  <testcase name="service" time="0.737" classname="com.example.java设计模式.单例.Test"/>
  <testcase name="service" time="0.000" classname="com.example.java设计模式.单例.Test"/>
  <testcase name="service" time="65.033" classname="com.example.java设计模式.单例.Test"/>
  <testcase name="service" time="0.000" classname="com.example.java设计模式.单例.Test"/>
  <testcase name="service" time="0.000" classname="com.example.java设计模式.单例.Test"/>
  <testcase name="service" time="0.099" classname="com.example.java设计模式.单例.Test"/>
  <testcase name="service" time="1.637" classname="com.example.java设计模式.单例.Test"/>
  <testcase name="service" time="7.787" classname="com.example.java设计模式.单例.Test"/>
  <testcase name="service" time="0.000" classname="com.example.java设计模式.单例.Test"/>
  <testcase name="service" time="0.000" classname="com.example.java设计模式.单例.Test"/>
  <testcase name="service" time="0.071" classname="com.example.java设计模式.单例.Test"/>
  <testcase name="service" time="0.001" classname="com.example.java设计模式.单例.Test"/>
  <testcase name="service" time="0.229" classname="com.example.java设计模式.单例.Test"/>
  <testcase name="service" time="0.000" classname="com.example.java设计模式.单例.Test"/>
  <testcase name="service" time="0.840" classname="com.example.java设计模式.单例.Test"/>
  <testcase name="service" time="0.695" classname="com.example.java设计模式.单例.Test"/>
  <testcase name="service" time="0.000" classname="com.example.java设计模式.单例.Test"/>
  <testcase name="service" time="0.018" classname="com.example.java设计模式.单例.Test"/>
  <testcase name="service" time="0.038" classname="com.example.java设计模式.单例.Test"/>
  <testcase name="service" time="6.846" classname="com.example.java设计模式.单例.Test"/>
  <testcase name="service" time="0.839" classname="com.example.java设计模式.单例.Test"/>
  <testcase name="service" time="0.000" classname="com.example.java设计模式.单例.Test"/>
  <testcase name="service" time="0.001" classname="com.example.java设计模式.单例.Test"/>
  <testcase name="service" time="0.000" classname="com.example.java设计模式.单例.Test"/>
  <testcase name="service" time="0.000" classname="com.example.java设计模式.单例.Test"/>
  <testcase name="service" time="0.054" classname="com.example.java设计模式.单例.Test"/>
  <testcase name="service" time="0.001" classname="com.example.java设计模式.单例.Test"/>
  <testcase name="service" time="0.424" classname="com.example.java设计模式.单例.Test"/>
  <testcase name="service" time="0.000" classname="com.example.java设计模式.单例.Test"/>
  <testcase name="service" time="0.000" classname="com.example.java设计模式.单例.Test"/>
  <testcase name="service" time="0.000" classname="com.example.java设计模式.单例.Test"/>
  <testcase name="service" time="0.000" classname="com.example.java设计模式.单例.Test"/>
  <testcase name="service" time="0.001" classname="com.example.java设计模式.单例.Test"/>
  <testcase name="service" time="7.784" classname="com.example.java设计模式.单例.Test"/>
  <testcase name="service" time="0.474" classname="com.example.java设计模式.单例.Test"/>
  <testcase name="service" time="0.001" classname="com.example.java设计模式.单例.Test"/>
  <testcase name="service" time="0.722" classname="com.example.java设计模式.单例.Test"/>
  <testcase name="service" time="0.584" classname="com.example.java设计模式.单例.Test"/>
  <testcase name="service" time="0.000" classname="com.example.java设计模式.单例.Test"/>
  <testcase name="service" time="0.001" classname="com.example.java设计模式.单例.Test"/>
  <testcase name="service" time="0.000" classname="com.example.java设计模式.单例.Test"/>
  <testcase name="service" time="0.000" classname="com.example.java设计模式.单例.Test"/>
  <testcase name="service" time="7.925" classname="com.example.java设计模式.单例.Test"/>
  <testcase name="service" time="0.001" classname="com.example.java设计模式.单例.Test"/>
  <testcase name="service" time="0.001" classname="com.example.java设计模式.单例.Test"/>
  <testcase name="service" time="0.001" classname="com.example.java设计模式.单例.Test"/>
  <testcase name="service" time="0.001" classname="com.example.java设计模式.单例.Test"/>
  <testcase name="service" time="0.001" classname="com.example.java设计模式.单例.Test"/>
  <testcase name="service" time="0.359" classname="com.example.java设计模式.单例.Test"/>
  <testcase name="service" time="0.000" classname="com.example.java设计模式.单例.Test"/>
  <testcase name="service" time="0.406" classname="com.example.java设计模式.单例.Test"/>
  <testcase name="service" time="0.000" classname="com.example.java设计模式.单例.Test"/>
  <testcase name="service" time="0.049" classname="com.example.java设计模式.单例.Test"/>
  <testcase name="service" time="0.023" classname="com.example.java设计模式.单例.Test"/>
  <testcase name="service" time="1.286" classname="com.example.java设计模式.单例.Test"/>
  <testcase name="service" time="0.001" classname="com.example.java设计模式.单例.Test"/>
  <testcase name="service" time="0.001" classname="com.example.java设计模式.单例.Test"/>
  <testcase name="service" time="0.000" classname="com.example.java设计模式.单例.Test"/>
  <testcase name="service" time="0.000" classname="com.example.java设计模式.单例.Test"/>
  <testcase name="service" time="0.048" classname="com.example.java设计模式.单例.Test"/>
  <testcase name="service" time="0.122" classname="com.example.java设计模式.单例.Test"/>
  <testcase name="service" time="0.000" classname="com.example.java设计模式.单例.Test"/>
  <testcase name="service" time="0.265" classname="com.example.java设计模式.单例.Test"/>
  <testcase name="service" time="0.000" classname="com.example.java设计模式.单例.Test"/>
  <testcase name="service" time="0.001" classname="com.example.java设计模式.单例.Test"/>
  <testcase name="service" time="0.094" classname="com.example.java设计模式.单例.Test"/>
  <testcase name="service" time="0.000" classname="com.example.java设计模式.单例.Test"/>
  <testcase name="service" time="1.630" classname="com.example.java设计模式.单例.Test"/>
  <testcase name="service" time="0.332" classname="com.example.java设计模式.单例.Test"/>
  <testcase name="service" time="0.000" classname="com.example.java设计模式.单例.Test"/>
  <testcase name="service" time="0.010" classname="com.example.java设计模式.单例.Test"/>
  <testcase name="service" time="0.000" classname="com.example.java设计模式.单例.Test"/>
  <testcase name="service" time="1.044" classname="com.example.java设计模式.单例.Test"/>
  <testcase name="service" time="0.000" classname="com.example.java设计模式.单例.Test"/>
  <testcase name="service" time="0.000" classname="com.example.java设计模式.单例.Test"/>
  <testcase name="service" time="0.203" classname="com.example.java设计模式.单例.Test"/>
  <testcase name="service" time="0.000" classname="com.example.java设计模式.单例.Test"/>
  <testcase name="service" time="0.121" classname="com.example.java设计模式.单例.Test"/>
  <testcase name="service" time="0.597" classname="com.example.java设计模式.单例.Test"/>
  <testcase name="service" time="6.874" classname="com.example.java设计模式.单例.Test"/>
  <testcase name="service" time="0.828" classname="com.example.java设计模式.单例.Test"/>
  <testcase name="service" time="0.000" classname="com.example.java设计模式.单例.Test"/>
  <testcase name="service" time="8.093" classname="com.example.java设计模式.单例.Test"/>
  <testcase name="service" time="0.441" classname="com.example.java设计模式.单例.Test"/>
  <testcase name="service" time="0.000" classname="com.example.java设计模式.单例.Test"/>
  <testcase name="service" time="0.487" classname="com.example.java设计模式.单例.Test"/>
  <testcase name="service" time="0.039" classname="com.example.java设计模式.单例.Test"/>
  <testcase name="service" time="0.088" classname="com.example.java设计模式.单例.Test"/>
  <testcase name="service" time="0.674" classname="com.example.java设计模式.单例.Test"/>
  <testcase name="service" time="0.404" classname="com.example.java设计模式.单例.Test"/>
  <testcase name="service" time="0.000" classname="com.example.java设计模式.单例.Test"/>
  <testcase name="service" time="0.989" classname="com.example.java设计模式.单例.Test"/>
  <testcase name="service" time="0.000" classname="com.example.java设计模式.单例.Test"/>
  <testcase name="service" time="0.000" classname="com.example.java设计模式.单例.Test"/>
  <testcase name="service" time="0.000" classname="com.example.java设计模式.单例.Test"/>
  <testcase name="service" time="6.902" classname="com.example.java设计模式.单例.Test"/>
  <testcase name="service" time="0.780" classname="com.example.java设计模式.单例.Test"/>
  <testcase name="service" time="0.000" classname="com.example.java设计模式.单例.Test"/>
  <testcase name="service" time="1.044" classname="com.example.java设计模式.单例.Test"/>
  <testcase name="service" time="0.000" classname="com.example.java设计模式.单例.Test"/>
  <testcase name="service" time="0.000" classname="com.example.java设计模式.单例.Test"/>
  <testcase name="service" time="1.192" classname="com.example.java设计模式.单例.Test"/>
  <testcase name="service" time="0.319" classname="com.example.java设计模式.单例.Test"/>
  <testcase name="service" time="0.000" classname="com.example.java设计模式.单例.Test"/>
  <testcase name="service" time="0.000" classname="com.example.java设计模式.单例.Test"/>
  <testcase name="service" time="0.168" classname="com.example.java设计模式.单例.Test"/>
  <testcase name="service" time="0.000" classname="com.example.java设计模式.单例.Test"/>
  <testcase name="service" time="1.419" classname="com.example.java设计模式.单例.Test"/>
  <testcase name="service" time="0.000" classname="com.example.java设计模式.单例.Test"/>
  <testcase name="service" time="0.000" classname="com.example.java设计模式.单例.Test"/>
  <testcase name="service" time="0.000" classname="com.example.java设计模式.单例.Test"/>
  <testcase name="service" time="0.000" classname="com.example.java设计模式.单例.Test"/>
  <testcase name="service" time="0.234" classname="com.example.java设计模式.单例.Test"/>
  <testcase name="service" time="0.000" classname="com.example.java设计模式.单例.Test"/>
  <testcase name="service" time="0.005" classname="com.example.java设计模式.单例.Test"/>
  <testcase name="service" time="0.000" classname="com.example.java设计模式.单例.Test"/>
  <testcase name="service" time="0.001" classname="com.example.java设计模式.单例.Test"/>
  <testcase name="service" time="0.000" classname="com.example.java设计模式.单例.Test"/>
  <testcase name="service" time="0.000" classname="com.example.java设计模式.单例.Test"/>
  <testcase name="service" time="8.081" classname="com.example.java设计模式.单例.Test"/>
  <testcase name="service" time="0.000" classname="com.example.java设计模式.单例.Test"/>
  <testcase name="service" time="0.000" classname="com.example.java设计模式.单例.Test"/>
  <testcase name="service" time="0.000" classname="com.example.java设计模式.单例.Test"/>
  <testcase name="service" time="0.001" classname="com.example.java设计模式.单例.Test"/>
  <testcase name="service" time="0.017" classname="com.example.java设计模式.单例.Test"/>
  <testcase name="service" time="0.000" classname="com.example.java设计模式.单例.Test"/>
  <testcase name="service" time="0.051" classname="com.example.java设计模式.单例.Test"/>
  <testcase name="service" time="0.351" classname="com.example.java设计模式.单例.Test"/>
  <testcase name="service" time="0.000" classname="com.example.java设计模式.单例.Test"/>
  <testcase name="service" time="0.000" classname="com.example.java设计模式.单例.Test"/>
  <testcase name="service" time="0.000" classname="com.example.java设计模式.单例.Test"/>
  <testcase name="service" time="0.050" classname="com.example.java设计模式.单例.Test"/>
  <testcase name="service" time="0.001" classname="com.example.java设计模式.单例.Test"/>
  <testcase name="service" time="1.420" classname="com.example.java设计模式.单例.Test"/>
  <testcase name="service" time="0.000" classname="com.example.java设计模式.单例.Test"/>
  <testcase name="service" time="0.000" classname="com.example.java设计模式.单例.Test"/>
  <testcase name="service" time="0.000" classname="com.example.java设计模式.单例.Test"/>
  <testcase name="service" time="0.000" classname="com.example.java设计模式.单例.Test"/>
  <testcase name="service" time="0.000" classname="com.example.java设计模式.单例.Test"/>
  <testcase name="service" time="0.795" classname="com.example.java设计模式.单例.Test"/>
  <testcase name="service" time="0.000" classname="com.example.java设计模式.单例.Test"/>
  <testcase name="service" time="0.000" classname="com.example.java设计模式.单例.Test"/>
  <testcase name="service" time="0.000" classname="com.example.java设计模式.单例.Test"/>
  <testcase name="service" time="0.707" classname="com.example.java设计模式.单例.Test"/>
  <testcase name="service" time="0.193" classname="com.example.java设计模式.单例.Test"/>
  <testcase name="service" time="0.004" classname="com.example.java设计模式.单例.Test"/>
  <testcase name="service" time="0.001" classname="com.example.java设计模式.单例.Test"/>
  <testcase name="service" time="1.258" classname="com.example.java设计模式.单例.Test"/>
  <testcase name="service" time="0.000" classname="com.example.java设计模式.单例.Test"/>
  <testcase name="service" time="0.000" classname="com.example.java设计模式.单例.Test"/>
  <testcase name="service" time="0.177" classname="com.example.java设计模式.单例.Test"/>
  <testcase name="service" time="0.203" classname="com.example.java设计模式.单例.Test"/>
  <testcase name="service" time="0.277" classname="com.example.java设计模式.单例.Test"/>
  <testcase name="service" time="0.001" classname="com.example.java设计模式.单例.Test"/>
  <testcase name="service" time="1.051" classname="com.example.java设计模式.单例.Test"/>
  <testcase name="service" time="0.000" classname="com.example.java设计模式.单例.Test"/>
  <testcase name="service" time="0.175" classname="com.example.java设计模式.单例.Test"/>
  <testcase name="service" time="0.001" classname="com.example.java设计模式.单例.Test"/>
  <testcase name="service" time="0.000" classname="com.example.java设计模式.单例.Test"/>
  <testcase name="service" time="0.897" classname="com.example.java设计模式.单例.Test"/>
  <testcase name="service" time="0.353" classname="com.example.java设计模式.单例.Test"/>
  <testcase name="service" time="0.277" classname="com.example.java设计模式.单例.Test"/>
  <testcase name="service" time="0.000" classname="com.example.java设计模式.单例.Test"/>
  <testcase name="service" time="0.590" classname="com.example.java设计模式.单例.Test"/>
  <testcase name="service" time="0.000" classname="com.example.java设计模式.单例.Test"/>
  <testcase name="service" time="0.000" classname="com.example.java设计模式.单例.Test"/>
  <testcase name="service" time="1.117" classname="com.example.java设计模式.单例.Test"/>
  <testcase name="service" time="0.000" classname="com.example.java设计模式.单例.Test"/>
  <testcase name="service" time="0.457" classname="com.example.java设计模式.单例.Test"/>
  <testcase name="service" time="0.426" classname="com.example.java设计模式.单例.Test"/>
  <testcase name="service" time="0.000" classname="com.example.java设计模式.单例.Test"/>
  <testcase name="service" time="0.000" classname="com.example.java设计模式.单例.Test"/>
  <testcase name="service" time="0.000" classname="com.example.java设计模式.单例.Test"/>
  <testcase name="service" time="0.605" classname="com.example.java设计模式.单例.Test"/>
  <testcase name="service" time="0.339" classname="com.example.java设计模式.单例.Test"/>
  <testcase name="service" time="0.000" classname="com.example.java设计模式.单例.Test"/>
  <testcase name="service" time="0.000" classname="com.example.java设计模式.单例.Test"/>
  <testcase name="service" time="0.000" classname="com.example.java设计模式.单例.Test"/>
  <testcase name="service" time="0.000" classname="com.example.java设计模式.单例.Test"/>
  <testcase name="service" time="0.002" classname="com.example.java设计模式.单例.Test"/>
  <testcase name="service" time="0.000" classname="com.example.java设计模式.单例.Test"/>
  <testcase name="service" time="0.000" classname="com.example.java设计模式.单例.Test"/>
  <testcase name="service" time="0.000" classname="com.example.java设计模式.单例.Test"/>
  <testcase name="service" time="0.000" classname="com.example.java设计模式.单例.Test"/>
  <testcase name="service" time="0.000" classname="com.example.java设计模式.单例.Test"/>
  <testcase name="service" time="0.000" classname="com.example.java设计模式.单例.Test"/>
  <testcase name="service" time="0.001" classname="com.example.java设计模式.单例.Test"/>
  <testcase name="service" time="0.000" classname="com.example.java设计模式.单例.Test"/>
  <testcase name="service" time="0.667" classname="com.example.java设计模式.单例.Test"/>
  <testcase name="service" time="0.000" classname="com.example.java设计模式.单例.Test"/>
  <testcase name="service" time="0.535" classname="com.example.java设计模式.单例.Test"/>
  <testcase name="service" time="1.211" classname="com.example.java设计模式.单例.Test"/>
  <testcase name="service" time="0.200" classname="com.example.java设计模式.单例.Test"/>
  <testcase name="service" time="0.457" classname="com.example.java设计模式.单例.Test"/>
  <testcase name="service" time="0.205" classname="com.example.java设计模式.单例.Test"/>
  <testcase name="service" time="0.000" classname="com.example.java设计模式.单例.Test"/>
  <testcase name="service" time="0.106" classname="com.example.java设计模式.单例.Test"/>
  <testcase name="service" time="0.031" classname="com.example.java设计模式.单例.Test"/>
  <testcase name="service" time="8.303" classname="com.example.java设计模式.单例.Test"/>
  <testcase name="service" time="0.402" classname="com.example.java设计模式.单例.Test"/>
  <testcase name="service" time="0.000" classname="com.example.java设计模式.单例.Test"/>
  <testcase name="service" time="0.695" classname="com.example.java设计模式.单例.Test"/>
  <testcase name="service" time="0.217" classname="com.example.java设计模式.单例.Test"/>
  <testcase name="service" time="0.000" classname="com.example.java设计模式.单例.Test"/>
  <testcase name="service" time="0.000" classname="com.example.java设计模式.单例.Test"/>
  <testcase name="service" time="0.000" classname="com.example.java设计模式.单例.Test"/>
  <testcase name="service" time="0.691" classname="com.example.java设计模式.单例.Test"/>
  <testcase name="service" time="0.011" classname="com.example.java设计模式.单例.Test"/>
  <testcase name="service" time="0.000" classname="com.example.java设计模式.单例.Test"/>
  <testcase name="service" time="1.502" classname="com.example.java设计模式.单例.Test"/>
  <testcase name="service" time="0.343" classname="com.example.java设计模式.单例.Test"/>
  <testcase name="service" time="0.000" classname="com.example.java设计模式.单例.Test"/>
  <testcase name="service" time="0.000" classname="com.example.java设计模式.单例.Test"/>
  <testcase name="service" time="0.430" classname="com.example.java设计模式.单例.Test"/>
  <testcase name="service" time="0.000" classname="com.example.java设计模式.单例.Test"/>
  <testcase name="service" time="0.000" classname="com.example.java设计模式.单例.Test"/>
  <testcase name="service" time="0.001" classname="com.example.java设计模式.单例.Test"/>
  <testcase name="service" time="6.581" classname="com.example.java设计模式.单例.Test"/>
  <testcase name="service" time="0.000" classname="com.example.java设计模式.单例.Test"/>
  <testcase name="service" time="0.000" classname="com.example.java设计模式.单例.Test"/>
  <testcase name="service" time="0.001" classname="com.example.java设计模式.单例.Test"/>
  <testcase name="service" time="0.001" classname="com.example.java设计模式.单例.Test"/>
  <testcase name="service" time="0.891" classname="com.example.java设计模式.单例.Test"/>
  <testcase name="service" time="6.706" classname="com.example.java设计模式.单例.Test"/>
  <testcase name="service" time="0.519" classname="com.example.java设计模式.单例.Test"/>
  <testcase name="service" time="0.484" classname="com.example.java设计模式.单例.Test"/>
  <testcase name="service" time="0.125" classname="com.example.java设计模式.单例.Test"/>
  <testcase name="service" time="0.001" classname="com.example.java设计模式.单例.Test"/>
  <testcase name="service" time="0.000" classname="com.example.java设计模式.单例.Test"/>
  <testcase name="service" time="0.000" classname="com.example.java设计模式.单例.Test"/>
  <testcase name="service" time="0.000" classname="com.example.java设计模式.单例.Test"/>
  <testcase name="service" time="0.723" classname="com.example.java设计模式.单例.Test"/>
  <testcase name="service" time="7.490" classname="com.example.java设计模式.单例.Test"/>
  <testcase name="service" time="0.000" classname="com.example.java设计模式.单例.Test"/>
  <testcase name="service" time="0.000" classname="com.example.java设计模式.单例.Test"/>
  <testcase name="service" time="0.000" classname="com.example.java设计模式.单例.Test"/>
  <testcase name="service" time="0.001" classname="com.example.java设计模式.单例.Test"/>
  <testcase name="service" time="0.001" classname="com.example.java设计模式.单例.Test"/>
  <testcase name="service" time="0.351" classname="com.example.java设计模式.单例.Test"/>
  <testcase name="service" time="0.000" classname="com.example.java设计模式.单例.Test"/>
  <testcase name="service" time="0.109" classname="com.example.java设计模式.单例.Test"/>
  <testcase name="service" time="0.001" classname="com.example.java设计模式.单例.Test"/>
  <testcase name="service" time="1.006" classname="com.example.java设计模式.单例.Test"/>
  <testcase name="service" time="0.560" classname="com.example.java设计模式.单例.Test"/>
  <testcase name="service" time="0.000" classname="com.example.java设计模式.单例.Test"/>
  <testcase name="service" time="0.548" classname="com.example.java设计模式.单例.Test"/>
  <testcase name="service" time="0.000" classname="com.example.java设计模式.单例.Test"/>
  <testcase name="service" time="0.014" classname="com.example.java设计模式.单例.Test"/>
  <testcase name="service" time="0.001" classname="com.example.java设计模式.单例.Test"/>
  <testcase name="service" time="0.000" classname="com.example.java设计模式.单例.Test"/>
  <testcase name="service" time="0.167" classname="com.example.java设计模式.单例.Test"/>
  <testcase name="service" time="0.000" classname="com.example.java设计模式.单例.Test"/>
  <testcase name="service" time="0.001" classname="com.example.java设计模式.单例.Test"/>
  <testcase name="service" time="0.226" classname="com.example.java设计模式.单例.Test"/>
  <testcase name="service" time="8.237" classname="com.example.java设计模式.单例.Test"/>
  <testcase name="service" time="0.000" classname="com.example.java设计模式.单例.Test"/>
  <testcase name="service" time="0.000" classname="com.example.java设计模式.单例.Test"/>
  <testcase name="service" time="0.000" classname="com.example.java设计模式.单例.Test"/>
  <testcase name="service" time="1.532" classname="com.example.java设计模式.单例.Test"/>
  <testcase name="service" time="64.935" classname="com.example.java设计模式.单例.Test"/>
  <testcase name="service" time="0.000" classname="com.example.java设计模式.单例.Test"/>
  <testcase name="service" time="0.836" classname="com.example.java设计模式.单例.Test"/>
  <testcase name="service" time="0.000" classname="com.example.java设计模式.单例.Test"/>
  <testcase name="service" time="0.000" classname="com.example.java设计模式.单例.Test"/>
  <testcase name="service" time="0.850" classname="com.example.java设计模式.单例.Test"/>
  <testcase name="service" time="0.349" classname="com.example.java设计模式.单例.Test"/>
  <testcase name="service" time="0.177" classname="com.example.java设计模式.单例.Test"/>
  <testcase name="service" time="8.145" classname="com.example.java设计模式.单例.Test"/>
  <testcase name="service" time="0.555" classname="com.example.java设计模式.单例.Test"/>
  <testcase name="service" time="0.157" classname="com.example.java设计模式.单例.Test"/>
  <testcase name="service" time="0.339" classname="com.example.java设计模式.单例.Test"/>
  <testcase name="service" time="0.000" classname="com.example.java设计模式.单例.Test"/>
  <testcase name="service" time="0.001" classname="com.example.java设计模式.单例.Test"/>
  <testcase name="service" time="0.775" classname="com.example.java设计模式.单例.Test"/>
  <testcase name="service" time="6.359" classname="com.example.java设计模式.单例.Test"/>
  <testcase name="service" time="0.001" classname="com.example.java设计模式.单例.Test"/>
  <testcase name="service" time="0.000" classname="com.example.java设计模式.单例.Test"/>
  <testcase name="service" time="0.133" classname="com.example.java设计模式.单例.Test"/>
  <testcase name="service" time="1.046" classname="com.example.java设计模式.单例.Test"/>
  <testcase name="service" time="0.596" classname="com.example.java设计模式.单例.Test"/>
  <testcase name="service" time="7.905" classname="com.example.java设计模式.单例.Test"/>
  <testcase name="service" time="0.000" classname="com.example.java设计模式.单例.Test"/>
  <testcase name="service" time="6.346" classname="com.example.java设计模式.单例.Test"/>
  <testcase name="service" time="0.389" classname="com.example.java设计模式.单例.Test"/>
  <testcase name="service" time="0.838" classname="com.example.java设计模式.单例.Test"/>
  <testcase name="service" time="6.323" classname="com.example.java设计模式.单例.Test"/>
  <testcase name="service" time="0.000" classname="com.example.java设计模式.单例.Test"/>
  <testcase name="service" time="0.679" classname="com.example.java设计模式.单例.Test"/>
  <testcase name="service" time="6.666" classname="com.example.java设计模式.单例.Test"/>
  <testcase name="service" time="0.104" classname="com.example.java设计模式.单例.Test"/>
  <testcase name="service" time="0.317" classname="com.example.java设计模式.单例.Test"/>
  <testcase name="service" time="0.000" classname="com.example.java设计模式.单例.Test"/>
  <testcase name="service" time="0.083" classname="com.example.java设计模式.单例.Test"/>
  <testcase name="service" time="0.934" classname="com.example.java设计模式.单例.Test"/>
  <testcase name="service" time="0.000" classname="com.example.java设计模式.单例.Test"/>
  <testcase name="service" time="64.936" classname="com.example.java设计模式.单例.Test"/>
  <testcase name="service" time="0.537" classname="com.example.java设计模式.单例.Test"/>
  <testcase name="service" time="0.000" classname="com.example.java设计模式.单例.Test"/>
  <testcase name="service" time="0.000" classname="com.example.java设计模式.单例.Test"/>
  <testcase name="service" time="0.000" classname="com.example.java设计模式.单例.Test"/>
  <testcase name="service" time="0.000" classname="com.example.java设计模式.单例.Test"/>
  <testcase name="service" time="1.163" classname="com.example.java设计模式.单例.Test"/>
  <testcase name="service" time="0.112" classname="com.example.java设计模式.单例.Test"/>
  <testcase name="service" time="0.000" classname="com.example.java设计模式.单例.Test"/>
  <testcase name="service" time="1.110" classname="com.example.java设计模式.单例.Test"/>
  <testcase name="service" time="0.000" classname="com.example.java设计模式.单例.Test"/>
  <testcase name="service" time="0.001" classname="com.example.java设计模式.单例.Test"/>
  <testcase name="service" time="0.001" classname="com.example.java设计模式.单例.Test"/>
  <testcase name="service" time="65.048" classname="com.example.java设计模式.单例.Test"/>
  <testcase name="service" time="0.238" classname="com.example.java设计模式.单例.Test"/>
  <testcase name="service" time="0.000" classname="com.example.java设计模式.单例.Test"/>
  <testcase name="service" time="64.995" classname="com.example.java设计模式.单例.Test"/>
  <testcase name="service" time="0.172" classname="com.example.java设计模式.单例.Test"/>
  <testcase name="service" time="0.315" classname="com.example.java设计模式.单例.Test"/>
  <testcase name="service" time="0.000" classname="com.example.java设计模式.单例.Test"/>
  <testcase name="service" time="64.631" classname="com.example.java设计模式.单例.Test"/>
  <testcase name="service" time="0.359" classname="com.example.java设计模式.单例.Test"/>
  <testcase name="service" time="0.000" classname="com.example.java设计模式.单例.Test"/>
  <testcase name="service" time="0.928" classname="com.example.java设计模式.单例.Test"/>
  <testcase name="service" time="0.000" classname="com.example.java设计模式.单例.Test"/>
  <testcase name="service" time="0.001" classname="com.example.java设计模式.单例.Test"/>
  <testcase name="service" time="0.889" classname="com.example.java设计模式.单例.Test"/>
  <testcase name="service" time="0.001" classname="com.example.java设计模式.单例.Test"/>
  <testcase name="service" time="0.000" classname="com.example.java设计模式.单例.Test"/>
  <testcase name="service" time="0.000" classname="com.example.java设计模式.单例.Test"/>
  <testcase name="service" time="64.747" classname="com.example.java设计模式.单例.Test"/>
  <testcase name="service" time="0.000" classname="com.example.java设计模式.单例.Test"/>
  <testcase name="service" time="0.000" classname="com.example.java设计模式.单例.Test"/>
  <testcase name="service" time="0.000" classname="com.example.java设计模式.单例.Test"/>
  <testcase name="service" time="6.742" classname="com.example.java设计模式.单例.Test"/>
  <testcase name="service" time="0.000" classname="com.example.java设计模式.单例.Test"/>
  <testcase name="service" time="0.000" classname="com.example.java设计模式.单例.Test"/>
  <testcase name="service" time="0.000" classname="com.example.java设计模式.单例.Test"/>
  <testcase name="service" time="1.053" classname="com.example.java设计模式.单例.Test"/>
  <testcase name="service" time="0.980" classname="com.example.java设计模式.单例.Test"/>
  <testcase name="service" time="0.018" classname="com.example.java设计模式.单例.Test"/>
  <testcase name="service" time="0.307" classname="com.example.java设计模式.单例.Test"/>
  <testcase name="service" time="0.000" classname="com.example.java设计模式.单例.Test"/>
  <testcase name="service" time="0.243" classname="com.example.java设计模式.单例.Test"/>
  <testcase name="service" time="0.000" classname="com.example.java设计模式.单例.Test"/>
  <testcase name="service" time="0.181" classname="com.example.java设计模式.单例.Test"/>
  <testcase name="service" time="0.000" classname="com.example.java设计模式.单例.Test"/>
  <testcase name="service" time="0.025" classname="com.example.java设计模式.单例.Test"/>
  <testcase name="service" time="0.000" classname="com.example.java设计模式.单例.Test"/>
  <testcase name="service" time="6.706" classname="com.example.java设计模式.单例.Test"/>
  <testcase name="service" time="0.072" classname="com.example.java设计模式.单例.Test"/>
  <testcase name="service" time="0.000" classname="com.example.java设计模式.单例.Test"/>
  <testcase name="service" time="0.000" classname="com.example.java设计模式.单例.Test"/>
  <testcase name="service" time="0.000" classname="com.example.java设计模式.单例.Test"/>
  <testcase name="service" time="0.001" classname="com.example.java设计模式.单例.Test"/>
  <testcase name="service" time="0.001" classname="com.example.java设计模式.单例.Test"/>
  <testcase name="service" time="0.691" classname="com.example.java设计模式.单例.Test"/>
  <testcase name="service" time="0.415" classname="com.example.java设计模式.单例.Test"/>
  <testcase name="service" time="0.001" classname="com.example.java设计模式.单例.Test"/>
  <testcase name="service" time="0.632" classname="com.example.java设计模式.单例.Test"/>
  <testcase name="service" time="0.000" classname="com.example.java设计模式.单例.Test"/>
  <testcase name="service" time="0.169" classname="com.example.java设计模式.单例.Test"/>
  <testcase name="service" time="0.000" classname="com.example.java设计模式.单例.Test"/>
  <testcase name="service" time="0.923" classname="com.example.java设计模式.单例.Test"/>
  <testcase name="service" time="5.122" classname="com.example.java设计模式.单例.Test"/>
  <testcase name="service" time="0.902" classname="com.example.java设计模式.单例.Test"/>
  <testcase name="service" time="0.000" classname="com.example.java设计模式.单例.Test"/>
  <testcase name="service" time="0.186" classname="com.example.java设计模式.单例.Test"/>
  <testcase name="service" time="64.727" classname="com.example.java设计模式.单例.Test"/>
  <testcase name="service" time="0.001" classname="com.example.java设计模式.单例.Test"/>
  <testcase name="service" time="1.203" classname="com.example.java设计模式.单例.Test"/>
  <testcase name="service" time="0.000" classname="com.example.java设计模式.单例.Test"/>
  <testcase name="service" time="0.000" classname="com.example.java设计模式.单例.Test"/>
  <testcase name="service" time="0.052" classname="com.example.java设计模式.单例.Test"/>
  <testcase name="service" time="0.001" classname="com.example.java设计模式.单例.Test"/>
  <testcase name="service" time="0.202" classname="com.example.java设计模式.单例.Test"/>
  <testcase name="service" time="0.000" classname="com.example.java设计模式.单例.Test"/>
  <testcase name="service" time="0.000" classname="com.example.java设计模式.单例.Test"/>
  <testcase name="service" time="0.000" classname="com.example.java设计模式.单例.Test"/>
  <testcase name="service" time="0.052" classname="com.example.java设计模式.单例.Test"/>
  <testcase name="service" time="0.041" classname="com.example.java设计模式.单例.Test"/>
  <testcase name="service" time="0.500" classname="com.example.java设计模式.单例.Test"/>
  <testcase name="service" time="0.001" classname="com.example.java设计模式.单例.Test"/>
  <testcase name="service" time="0.000" classname="com.example.java设计模式.单例.Test"/>
  <testcase name="service" time="0.000" classname="com.example.java设计模式.单例.Test"/>
  <testcase name="service" time="0.000" classname="com.example.java设计模式.单例.Test"/>
  <testcase name="service" time="0.001" classname="com.example.java设计模式.单例.Test"/>
  <testcase name="service" time="0.362" classname="com.example.java设计模式.单例.Test"/>
  <testcase name="service" time="6.359" classname="com.example.java设计模式.单例.Test"/>
  <testcase name="service" time="1.106" classname="com.example.java设计模式.单例.Test"/>
  <testcase name="service" time="0.900" classname="com.example.java设计模式.单例.Test"/>
  <testcase name="service" time="64.896" classname="com.example.java设计模式.单例.Test"/>
  <testcase name="service" time="0.001" classname="com.example.java设计模式.单例.Test"/>
  <testcase name="service" time="0.000" classname="com.example.java设计模式.单例.Test"/>
  <testcase name="service" time="7.933" classname="com.example.java设计模式.单例.Test"/>
  <testcase name="service" time="0.000" classname="com.example.java设计模式.单例.Test"/>
  <testcase name="service" time="0.154" classname="com.example.java设计模式.单例.Test"/>
  <testcase name="service" time="0.000" classname="com.example.java设计模式.单例.Test"/>
  <testcase name="service" time="0.000" classname="com.example.java设计模式.单例.Test"/>
  <testcase name="service" time="8.285" classname="com.example.java设计模式.单例.Test"/>
  <testcase name="service" time="1.110" classname="com.example.java设计模式.单例.Test"/>
  <testcase name="service" time="0.840" classname="com.example.java设计模式.单例.Test"/>
  <testcase name="service" time="0.317" classname="com.example.java设计模式.单例.Test"/>
  <testcase name="service" time="0.028" classname="com.example.java设计模式.单例.Test"/>
  <testcase name="service" time="0.456" classname="com.example.java设计模式.单例.Test"/>
  <testcase name="service" time="0.000" classname="com.example.java设计模式.单例.Test"/>
  <testcase name="service" time="0.000" classname="com.example.java设计模式.单例.Test"/>
  <testcase name="service" time="0.000" classname="com.example.java设计模式.单例.Test"/>
  <testcase name="service" time="0.000" classname="com.example.java设计模式.单例.Test"/>
  <testcase name="service" time="0.414" classname="com.example.java设计模式.单例.Test"/>
  <testcase name="service" time="0.441" classname="com.example.java设计模式.单例.Test"/>
  <testcase name="service" time="0.001" classname="com.example.java设计模式.单例.Test"/>
  <testcase name="service" time="0.871" classname="com.example.java设计模式.单例.Test"/>
  <testcase name="service" time="0.000" classname="com.example.java设计模式.单例.Test"/>
  <testcase name="service" time="0.117" classname="com.example.java设计模式.单例.Test"/>
  <testcase name="service" time="0.000" classname="com.example.java设计模式.单例.Test"/>
  <testcase name="service" time="0.000" classname="com.example.java设计模式.单例.Test"/>
  <testcase name="service" time="0.160" classname="com.example.java设计模式.单例.Test"/>
  <testcase name="service" time="0.000" classname="com.example.java设计模式.单例.Test"/>
  <testcase name="service" time="0.000" classname="com.example.java设计模式.单例.Test"/>
  <testcase name="service" time="0.000" classname="com.example.java设计模式.单例.Test"/>
  <testcase name="service" time="0.249" classname="com.example.java设计模式.单例.Test"/>
  <testcase name="service" time="0.028" classname="com.example.java设计模式.单例.Test"/>
  <testcase name="service" time="0.000" classname="com.example.java设计模式.单例.Test"/>
  <testcase name="service" time="0.000" classname="com.example.java设计模式.单例.Test"/>
  <testcase name="service" time="0.012" classname="com.example.java设计模式.单例.Test"/>
  <testcase name="service" time="0.110" classname="com.example.java设计模式.单例.Test"/>
  <testcase name="service" time="0.008" classname="com.example.java设计模式.单例.Test"/>
  <testcase name="service" time="0.000" classname="com.example.java设计模式.单例.Test"/>
  <testcase name="service" time="0.000" classname="com.example.java设计模式.单例.Test"/>
  <testcase name="service" time="0.117" classname="com.example.java设计模式.单例.Test"/>
  <testcase name="service" time="0.893" classname="com.example.java设计模式.单例.Test"/>
  <testcase name="service" time="0.000" classname="com.example.java设计模式.单例.Test"/>
  <testcase name="service" time="0.000" classname="com.example.java设计模式.单例.Test"/>
  <testcase name="service" time="0.000" classname="com.example.java设计模式.单例.Test"/>
  <testcase name="service" time="0.000" classname="com.example.java设计模式.单例.Test"/>
  <testcase name="service" time="0.343" classname="com.example.java设计模式.单例.Test"/>
  <testcase name="service" time="6.332" classname="com.example.java设计模式.单例.Test"/>
  <testcase name="service" time="0.000" classname="com.example.java设计模式.单例.Test"/>
  <testcase name="service" time="1.487" classname="com.example.java设计模式.单例.Test"/>
  <testcase name="service" time="8.308" classname="com.example.java设计模式.单例.Test"/>
  <testcase name="service" time="8.327" classname="com.example.java设计模式.单例.Test"/>
  <testcase name="service" time="0.158" classname="com.example.java设计模式.单例.Test"/>
  <testcase name="service" time="0.000" classname="com.example.java设计模式.单例.Test"/>
  <testcase name="service" time="0.000" classname="com.example.java设计模式.单例.Test"/>
  <testcase name="service" time="0.001" classname="com.example.java设计模式.单例.Test"/>
  <testcase name="service" time="1.018" classname="com.example.java设计模式.单例.Test"/>
  <testcase name="service" time="0.655" classname="com.example.java设计模式.单例.Test"/>
  <testcase name="service" time="0.081" classname="com.example.java设计模式.单例.Test"/>
  <testcase name="service" time="0.000" classname="com.example.java设计模式.单例.Test"/>
  <testcase name="service" time="0.000" classname="com.example.java设计模式.单例.Test"/>
  <testcase name="service" time="1.185" classname="com.example.java设计模式.单例.Test"/>
  <testcase name="service" time="0.426" classname="com.example.java设计模式.单例.Test"/>
  <testcase name="service" time="1.017" classname="com.example.java设计模式.单例.Test"/>
  <testcase name="service" time="0.616" classname="com.example.java设计模式.单例.Test"/>
  <testcase name="service" time="0.129" classname="com.example.java设计模式.单例.Test"/>
  <testcase name="service" time="7.791" classname="com.example.java设计模式.单例.Test"/>
  <testcase name="service" time="0.001" classname="com.example.java设计模式.单例.Test"/>
  <testcase name="service" time="0.000" classname="com.example.java设计模式.单例.Test"/>
  <testcase name="service" time="0.001" classname="com.example.java设计模式.单例.Test"/>
  <testcase name="service" time="1.489" classname="com.example.java设计模式.单例.Test"/>
  <testcase name="service" time="0.000" classname="com.example.java设计模式.单例.Test"/>
  <testcase name="service" time="0.000" classname="com.example.java设计模式.单例.Test"/>
  <testcase name="service" time="0.000" classname="com.example.java设计模式.单例.Test"/>
  <testcase name="service" time="0.016" classname="com.example.java设计模式.单例.Test"/>
  <testcase name="service" time="0.000" classname="com.example.java设计模式.单例.Test"/>
  <testcase name="service" time="0.436" classname="com.example.java设计模式.单例.Test"/>
  <testcase name="service" time="1.504" classname="com.example.java设计模式.单例.Test"/>
  <testcase name="service" time="0.007" classname="com.example.java设计模式.单例.Test"/>
  <testcase name="service" time="0.000" classname="com.example.java设计模式.单例.Test"/>
  <testcase name="service" time="64.822" classname="com.example.java设计模式.单例.Test"/>
  <testcase name="service" time="1.240" classname="com.example.java设计模式.单例.Test"/>
  <testcase name="service" time="0.000" classname="com.example.java设计模式.单例.Test"/>
  <testcase name="service" time="0.000" classname="com.example.java设计模式.单例.Test"/>
  <testcase name="service" time="7.731" classname="com.example.java设计模式.单例.Test"/>
  <testcase name="service" time="0.000" classname="com.example.java设计模式.单例.Test"/>
  <testcase name="service" time="0.389" classname="com.example.java设计模式.单例.Test"/>
  <testcase name="service" time="0.000" classname="com.example.java设计模式.单例.Test"/>
  <testcase name="service" time="0.110" classname="com.example.java设计模式.单例.Test"/>
  <testcase name="service" time="0.929" classname="com.example.java设计模式.单例.Test"/>
  <testcase name="service" time="0.000" classname="com.example.java设计模式.单例.Test"/>
  <testcase name="service" time="1.198" classname="com.example.java设计模式.单例.Test"/>
  <testcase name="service" time="0.000" classname="com.example.java设计模式.单例.Test"/>
  <testcase name="service" time="0.876" classname="com.example.java设计模式.单例.Test"/>
  <testcase name="service" time="0.000" classname="com.example.java设计模式.单例.Test"/>
  <testcase name="service" time="0.365" classname="com.example.java设计模式.单例.Test"/>
  <testcase name="service" time="0.001" classname="com.example.java设计模式.单例.Test"/>
  <testcase name="service" time="0.000" classname="com.example.java设计模式.单例.Test"/>
  <testcase name="service" time="0.000" classname="com.example.java设计模式.单例.Test"/>
  <testcase name="service" time="0.001" classname="com.example.java设计模式.单例.Test"/>
  <testcase name="service" time="0.000" classname="com.example.java设计模式.单例.Test"/>
  <testcase name="service" time="0.000" classname="com.example.java设计模式.单例.Test"/>
  <testcase name="service" time="0.000" classname="com.example.java设计模式.单例.Test"/>
  <testcase name="service" time="0.106" classname="com.example.java设计模式.单例.Test"/>
  <testcase name="service" time="0.000" classname="com.example.java设计模式.单例.Test"/>
  <testcase name="service" time="0.369" classname="com.example.java设计模式.单例.Test"/>
  <testcase name="service" time="0.391" classname="com.example.java设计模式.单例.Test"/>
  <testcase name="service" time="0.956" classname="com.example.java设计模式.单例.Test"/>
  <testcase name="service" time="0.000" classname="com.example.java设计模式.单例.Test"/>
  <testcase name="service" time="0.637" classname="com.example.java设计模式.单例.Test"/>
  <testcase name="service" time="0.000" classname="com.example.java设计模式.单例.Test"/>
  <testcase name="service" time="0.000" classname="com.example.java设计模式.单例.Test"/>
  <testcase name="service" time="64.788" classname="com.example.java设计模式.单例.Test"/>
  <testcase name="service" time="0.571" classname="com.example.java设计模式.单例.Test"/>
  <testcase name="service" time="0.000" classname="com.example.java设计模式.单例.Test"/>
  <testcase name="service" time="5.886" classname="com.example.java设计模式.单例.Test"/>
  <testcase name="service" time="0.185" classname="com.example.java设计模式.单例.Test"/>
  <testcase name="service" time="0.001" classname="com.example.java设计模式.单例.Test"/>
  <testcase name="service" time="0.001" classname="com.example.java设计模式.单例.Test"/>
  <testcase name="service" time="0.000" classname="com.example.java设计模式.单例.Test"/>
  <testcase name="service" time="5.129" classname="com.example.java设计模式.单例.Test"/>
  <testcase name="service" time="0.000" classname="com.example.java设计模式.单例.Test"/>
  <testcase name="service" time="0.000" classname="com.example.java设计模式.单例.Test"/>
  <testcase name="service" time="0.000" classname="com.example.java设计模式.单例.Test"/>
  <testcase name="service" time="0.000" classname="com.example.java设计模式.单例.Test"/>
  <testcase name="service" time="0.780" classname="com.example.java设计模式.单例.Test"/>
  <testcase name="service" time="0.579" classname="com.example.java设计模式.单例.Test"/>
  <testcase name="service" time="1.104" classname="com.example.java设计模式.单例.Test"/>
  <testcase name="service" time="0.000" classname="com.example.java设计模式.单例.Test"/>
  <testcase name="service" time="0.798" classname="com.example.java设计模式.单例.Test"/>
  <testcase name="service" time="0.000" classname="com.example.java设计模式.单例.Test"/>
  <testcase name="service" time="0.987" classname="com.example.java设计模式.单例.Test"/>
  <testcase name="service" time="0.398" classname="com.example.java设计模式.单例.Test"/>
  <testcase name="service" time="0.122" classname="com.example.java设计模式.单例.Test"/>
  <testcase name="service" time="0.000" classname="com.example.java设计模式.单例.Test"/>
  <testcase name="service" time="8.044" classname="com.example.java设计模式.单例.Test"/>
  <testcase name="service" time="1.205" classname="com.example.java设计模式.单例.Test"/>
  <testcase name="service" time="0.000" classname="com.example.java设计模式.单例.Test"/>
  <testcase name="service" time="0.751" classname="com.example.java设计模式.单例.Test"/>
  <testcase name="service" time="0.000" classname="com.example.java设计模式.单例.Test"/>
  <testcase name="service" time="0.000" classname="com.example.java设计模式.单例.Test"/>
  <testcase name="service" time="0.001" classname="com.example.java设计模式.单例.Test"/>
  <testcase name="service" time="0.001" classname="com.example.java设计模式.单例.Test"/>
  <testcase name="service" time="0.000" classname="com.example.java设计模式.单例.Test"/>
  <testcase name="service" time="0.000" classname="com.example.java设计模式.单例.Test"/>
  <testcase name="service" time="0.000" classname="com.example.java设计模式.单例.Test"/>
  <testcase name="service" time="65.062" classname="com.example.java设计模式.单例.Test"/>
  <testcase name="service" time="0.000" classname="com.example.java设计模式.单例.Test"/>
  <testcase name="service" time="0.000" classname="com.example.java设计模式.单例.Test"/>
  <testcase name="service" time="0.143" classname="com.example.java设计模式.单例.Test"/>
  <testcase name="service" time="0.453" classname="com.example.java设计模式.单例.Test"/>
  <testcase name="service" time="0.001" classname="com.example.java设计模式.单例.Test"/>
  <testcase name="service" time="0.001" classname="com.example.java设计模式.单例.Test"/>
  <testcase name="service" time="0.000" classname="com.example.java设计模式.单例.Test"/>
  <testcase name="service" time="0.008" classname="com.example.java设计模式.单例.Test"/>
  <testcase name="service" time="0.001" classname="com.example.java设计模式.单例.Test"/>
  <testcase name="service" time="0.534" classname="com.example.java设计模式.单例.Test"/>
  <testcase name="service" time="0.000" classname="com.example.java设计模式.单例.Test"/>
  <testcase name="service" time="0.011" classname="com.example.java设计模式.单例.Test"/>
  <testcase name="service" time="0.000" classname="com.example.java设计模式.单例.Test"/>
  <testcase name="service" time="0.001" classname="com.example.java设计模式.单例.Test"/>
  <testcase name="service" time="65.054" classname="com.example.java设计模式.单例.Test"/>
  <testcase name="service" time="0.000" classname="com.example.java设计模式.单例.Test"/>
  <testcase name="service" time="0.087" classname="com.example.java设计模式.单例.Test"/>
  <testcase name="service" time="0.000" classname="com.example.java设计模式.单例.Test"/>
  <testcase name="service" time="0.000" classname="com.example.java设计模式.单例.Test"/>
  <testcase name="service" time="0.000" classname="com.example.java设计模式.单例.Test"/>
  <testcase name="service" time="0.001" classname="com.example.java设计模式.单例.Test"/>
  <testcase name="service" time="64.865" classname="com.example.java设计模式.单例.Test"/>
  <testcase name="service" time="0.000" classname="com.example.java设计模式.单例.Test"/>
  <testcase name="service" time="0.000" classname="com.example.java设计模式.单例.Test"/>
  <testcase name="service" time="0.000" classname="com.example.java设计模式.单例.Test"/>
  <testcase name="service" time="0.000" classname="com.example.java设计模式.单例.Test"/>
  <testcase name="service" time="6.337" classname="com.example.java设计模式.单例.Test"/>
  <testcase name="service" time="0.000" classname="com.example.java设计模式.单例.Test"/>
  <testcase name="service" time="0.000" classname="com.example.java设计模式.单例.Test"/>
  <testcase name="service" time="0.000" classname="com.example.java设计模式.单例.Test"/>
  <testcase name="service" time="0.000" classname="com.example.java设计模式.单例.Test"/>
  <testcase name="service" time="0.067" classname="com.example.java设计模式.单例.Test"/>
  <testcase name="service" time="0.931" classname="com.example.java设计模式.单例.Test"/>
  <testcase name="service" time="0.000" classname="com.example.java设计模式.单例.Test"/>
  <testcase name="service" time="0.000" classname="com.example.java设计模式.单例.Test"/>
  <testcase name="service" time="0.000" classname="com.example.java设计模式.单例.Test"/>
  <testcase name="service" time="0.247" classname="com.example.java设计模式.单例.Test"/>
  <testcase name="service" time="0.000" classname="com.example.java设计模式.单例.Test"/>
  <testcase name="service" time="8.079" classname="com.example.java设计模式.单例.Test"/>
  <testcase name="service" time="0.363" classname="com.example.java设计模式.单例.Test"/>
  <testcase name="service" time="0.104" classname="com.example.java设计模式.单例.Test"/>
  <testcase name="service" time="0.000" classname="com.example.java设计模式.单例.Test"/>
  <testcase name="service" time="0.001" classname="com.example.java设计模式.单例.Test"/>
  <testcase name="service" time="0.000" classname="com.example.java设计模式.单例.Test"/>
  <testcase name="service" time="0.001" classname="com.example.java设计模式.单例.Test"/>
  <testcase name="service" time="0.169" classname="com.example.java设计模式.单例.Test"/>
  <testcase name="service" time="0.602" classname="com.example.java设计模式.单例.Test"/>
  <testcase name="service" time="0.076" classname="com.example.java设计模式.单例.Test"/>
  <testcase name="service" time="6.324" classname="com.example.java设计模式.单例.Test"/>
  <testcase name="service" time="0.000" classname="com.example.java设计模式.单例.Test"/>
  <testcase name="service" time="8.091" classname="com.example.java设计模式.单例.Test"/>
  <testcase name="service" time="0.000" classname="com.example.java设计模式.单例.Test"/>
  <testcase name="service" time="0.000" classname="com.example.java设计模式.单例.Test"/>
  <testcase name="service" time="0.001" classname="com.example.java设计模式.单例.Test"/>
  <testcase name="service" time="0.000" classname="com.example.java设计模式.单例.Test"/>
  <testcase name="service" time="0.480" classname="com.example.java设计模式.单例.Test"/>
  <testcase name="service" time="1.327" classname="com.example.java设计模式.单例.Test"/>
  <testcase name="service" time="0.638" classname="com.example.java设计模式.单例.Test"/>
  <testcase name="service" time="0.588" classname="com.example.java设计模式.单例.Test"/>
  <testcase name="service" time="0.001" classname="com.example.java设计模式.单例.Test"/>
  <testcase name="service" time="0.411" classname="com.example.java设计模式.单例.Test"/>
  <testcase name="service" time="0.483" classname="com.example.java设计模式.单例.Test"/>
  <testcase name="service" time="0.000" classname="com.example.java设计模式.单例.Test"/>
  <testcase name="service" time="0.000" classname="com.example.java设计模式.单例.Test"/>
  <testcase name="service" time="8.339" classname="com.example.java设计模式.单例.Test"/>
  <testcase name="service" time="0.001" classname="com.example.java设计模式.单例.Test"/>
  <testcase name="service" time="0.000" classname="com.example.java设计模式.单例.Test"/>
  <testcase name="service" time="0.000" classname="com.example.java设计模式.单例.Test"/>
  <testcase name="service" time="0.359" classname="com.example.java设计模式.单例.Test"/>
  <testcase name="service" time="0.717" classname="com.example.java设计模式.单例.Test"/>
  <testcase name="service" time="7.087" classname="com.example.java设计模式.单例.Test"/>
  <testcase name="service" time="0.000" classname="com.example.java设计模式.单例.Test"/>
  <testcase name="service" time="0.764" classname="com.example.java设计模式.单例.Test"/>
  <testcase name="service" time="0.001" classname="com.example.java设计模式.单例.Test"/>
  <testcase name="service" time="0.341" classname="com.example.java设计模式.单例.Test"/>
  <testcase name="service" time="0.001" classname="com.example.java设计模式.单例.Test"/>
  <testcase name="service" time="0.000" classname="com.example.java设计模式.单例.Test"/>
  <testcase name="service" time="0.000" classname="com.example.java设计模式.单例.Test"/>
  <testcase name="service" time="0.803" classname="com.example.java设计模式.单例.Test"/>
  <testcase name="service" time="0.000" classname="com.example.java设计模式.单例.Test"/>
  <testcase name="service" time="0.000" classname="com.example.java设计模式.单例.Test"/>
  <testcase name="service" time="0.361" classname="com.example.java设计模式.单例.Test"/>
  <testcase name="service" time="8.175" classname="com.example.java设计模式.单例.Test"/>
  <testcase name="service" time="0.038" classname="com.example.java设计模式.单例.Test"/>
  <testcase name="service" time="0.139" classname="com.example.java设计模式.单例.Test"/>
  <testcase name="service" time="1.570" classname="com.example.java设计模式.单例.Test"/>
  <testcase name="service" time="0.012" classname="com.example.java设计模式.单例.Test"/>
  <testcase name="service" time="0.188" classname="com.example.java设计模式.单例.Test"/>
  <testcase name="service" time="0.007" classname="com.example.java设计模式.单例.Test"/>
  <testcase name="service" time="8.301" classname="com.example.java设计模式.单例.Test"/>
  <testcase name="service" time="1.618" classname="com.example.java设计模式.单例.Test"/>
  <testcase name="service" time="0.000" classname="com.example.java设计模式.单例.Test"/>
  <testcase name="service" time="0.000" classname="com.example.java设计模式.单例.Test"/>
  <testcase name="service" time="0.712" classname="com.example.java设计模式.单例.Test"/>
  <testcase name="service" time="1.112" classname="com.example.java设计模式.单例.Test"/>
  <testcase name="service" time="0.000" classname="com.example.java设计模式.单例.Test"/>
  <testcase name="service" time="0.391" classname="com.example.java设计模式.单例.Test"/>
  <testcase name="service" time="0.000" classname="com.example.java设计模式.单例.Test"/>
  <testcase name="service" time="0.124" classname="com.example.java设计模式.单例.Test"/>
  <testcase name="service" time="0.220" classname="com.example.java设计模式.单例.Test"/>
  <testcase name="service" time="0.000" classname="com.example.java设计模式.单例.Test"/>
  <testcase name="service" time="0.347" classname="com.example.java设计模式.单例.Test"/>
  <testcase name="service" time="0.000" classname="com.example.java设计模式.单例.Test"/>
  <testcase name="service" time="1.087" classname="com.example.java设计模式.单例.Test"/>
  <testcase name="service" time="0.455" classname="com.example.java设计模式.单例.Test"/>
  <testcase name="service" time="0.834" classname="com.example.java设计模式.单例.Test"/>
  <testcase name="service" time="0.568" classname="com.example.java设计模式.单例.Test"/>
  <testcase name="service" time="0.000" classname="com.example.java设计模式.单例.Test"/>
  <testcase name="service" time="0.576" classname="com.example.java设计模式.单例.Test"/>
  <testcase name="service" time="0.000" classname="com.example.java设计模式.单例.Test"/>
  <testcase name="service" time="0.000" classname="com.example.java设计模式.单例.Test"/>
  <testcase name="service" time="0.000" classname="com.example.java设计模式.单例.Test"/>
  <testcase name="service" time="0.000" classname="com.example.java设计模式.单例.Test"/>
  <testcase name="service" time="6.262" classname="com.example.java设计模式.单例.Test"/>
  <testcase name="service" time="0.000" classname="com.example.java设计模式.单例.Test"/>
  <testcase name="service" time="0.000" classname="com.example.java设计模式.单例.Test"/>
  <testcase name="service" time="0.000" classname="com.example.java设计模式.单例.Test"/>
  <testcase name="service" time="0.000" classname="com.example.java设计模式.单例.Test"/>
  <testcase name="service" time="0.041" classname="com.example.java设计模式.单例.Test"/>
  <testcase name="service" time="1.555" classname="com.example.java设计模式.单例.Test"/>
  <testcase name="service" time="0.001" classname="com.example.java设计模式.单例.Test"/>
  <testcase name="service" time="0.001" classname="com.example.java设计模式.单例.Test"/>
  <testcase name="service" time="0.027" classname="com.example.java设计模式.单例.Test"/>
  <testcase name="service" time="0.080" classname="com.example.java设计模式.单例.Test"/>
  <testcase name="service" time="0.288" classname="com.example.java设计模式.单例.Test"/>
  <testcase name="service" time="0.913" classname="com.example.java设计模式.单例.Test"/>
  <testcase name="service" time="0.000" classname="com.example.java设计模式.单例.Test"/>
  <testcase name="service" time="0.000" classname="com.example.java设计模式.单例.Test"/>
  <testcase name="service" time="5.898" classname="com.example.java设计模式.单例.Test"/>
  <testcase name="service" time="0.000" classname="com.example.java设计模式.单例.Test"/>
  <testcase name="service" time="0.000" classname="com.example.java设计模式.单例.Test"/>
  <testcase name="service" time="0.000" classname="com.example.java设计模式.单例.Test"/>
  <testcase name="service" time="1.050" classname="com.example.java设计模式.单例.Test"/>
  <testcase name="service" time="0.000" classname="com.example.java设计模式.单例.Test"/>
  <testcase name="service" time="1.206" classname="com.example.java设计模式.单例.Test"/>
  <testcase name="service" time="0.582" classname="com.example.java设计模式.单例.Test"/>
  <testcase name="service" time="0.001" classname="com.example.java设计模式.单例.Test"/>
  <testcase name="service" time="0.062" classname="com.example.java设计模式.单例.Test"/>
  <testcase name="service" time="0.055" classname="com.example.java设计模式.单例.Test"/>
  <testcase name="service" time="0.351" classname="com.example.java设计模式.单例.Test"/>
  <testcase name="service" time="0.469" classname="com.example.java设计模式.单例.Test"/>
  <testcase name="service" time="0.177" classname="com.example.java设计模式.单例.Test"/>
  <testcase name="service" time="0.000" classname="com.example.java设计模式.单例.Test"/>
  <testcase name="service" time="0.000" classname="com.example.java设计模式.单例.Test"/>
  <testcase name="service" time="8.327" classname="com.example.java设计模式.单例.Test"/>
  <testcase name="service" time="0.238" classname="com.example.java设计模式.单例.Test"/>
  <testcase name="service" time="0.000" classname="com.example.java设计模式.单例.Test"/>
  <testcase name="service" time="0.158" classname="com.example.java设计模式.单例.Test"/>
  <testcase name="service" time="7.766" classname="com.example.java设计模式.单例.Test"/>
  <testcase name="service" time="0.630" classname="com.example.java设计模式.单例.Test"/>
  <testcase name="service" time="0.236" classname="com.example.java设计模式.单例.Test"/>
  <testcase name="service" time="0.000" classname="com.example.java设计模式.单例.Test"/>
  <testcase name="service" time="0.000" classname="com.example.java设计模式.单例.Test"/>
  <testcase name="service" time="0.000" classname="com.example.java设计模式.单例.Test"/>
  <testcase name="service" time="0.000" classname="com.example.java设计模式.单例.Test"/>
  <testcase name="service" time="0.001" classname="com.example.java设计模式.单例.Test"/>
  <testcase name="service" time="8.116" classname="com.example.java设计模式.单例.Test"/>
  <testcase name="service" time="0.000" classname="com.example.java设计模式.单例.Test"/>
  <testcase name="service" time="1.472" classname="com.example.java设计模式.单例.Test"/>
  <testcase name="service" time="64.981" classname="com.example.java设计模式.单例.Test"/>
  <testcase name="service" time="7.758" classname="com.example.java设计模式.单例.Test"/>
  <testcase name="service" time="7.925" classname="com.example.java设计模式.单例.Test"/>
  <testcase name="service" time="0.184" classname="com.example.java设计模式.单例.Test"/>
  <testcase name="service" time="0.000" classname="com.example.java设计模式.单例.Test"/>
  <testcase name="service" time="0.109" classname="com.example.java设计模式.单例.Test"/>
  <testcase name="service" time="0.000" classname="com.example.java设计模式.单例.Test"/>
  <testcase name="service" time="0.466" classname="com.example.java设计模式.单例.Test"/>
  <testcase name="service" time="0.000" classname="com.example.java设计模式.单例.Test"/>
  <testcase name="service" time="0.000" classname="com.example.java设计模式.单例.Test"/>
  <testcase name="service" time="0.794" classname="com.example.java设计模式.单例.Test"/>
  <testcase name="service" time="0.006" classname="com.example.java设计模式.单例.Test"/>
  <testcase name="service" time="0.000" classname="com.example.java设计模式.单例.Test"/>
  <testcase name="service" time="8.037" classname="com.example.java设计模式.单例.Test"/>
  <testcase name="service" time="0.000" classname="com.example.java设计模式.单例.Test"/>
  <testcase name="service" time="0.001" classname="com.example.java设计模式.单例.Test"/>
  <testcase name="service" time="0.000" classname="com.example.java设计模式.单例.Test"/>
  <testcase name="service" time="0.035" classname="com.example.java设计模式.单例.Test"/>
  <testcase name="service" time="0.000" classname="com.example.java设计模式.单例.Test"/>
  <testcase name="service" time="0.750" classname="com.example.java设计模式.单例.Test"/>
  <testcase name="service" time="0.850" classname="com.example.java设计模式.单例.Test"/>
  <testcase name="service" time="0.000" classname="com.example.java设计模式.单例.Test"/>
  <testcase name="service" time="0.000" classname="com.example.java设计模式.单例.Test"/>
  <testcase name="service" time="0.000" classname="com.example.java设计模式.单例.Test"/>
  <testcase name="service" time="0.000" classname="com.example.java设计模式.单例.Test"/>
  <testcase name="service" time="0.107" classname="com.example.java设计模式.单例.Test"/>
  <testcase name="service" time="0.000" classname="com.example.java设计模式.单例.Test"/>
  <testcase name="service" time="0.000" classname="com.example.java设计模式.单例.Test"/>
  <testcase name="service" time="0.001" classname="com.example.java设计模式.单例.Test"/>
  <testcase name="service" time="1.283" classname="com.example.java设计模式.单例.Test"/>
  <testcase name="service" time="0.000" classname="com.example.java设计模式.单例.Test"/>
  <testcase name="service" time="0.001" classname="com.example.java设计模式.单例.Test"/>
  <testcase name="service" time="6.326" classname="com.example.java设计模式.单例.Test"/>
  <testcase name="service" time="0.000" classname="com.example.java设计模式.单例.Test"/>
  <testcase name="service" time="0.168" classname="com.example.java设计模式.单例.Test"/>
  <testcase name="service" time="0.000" classname="com.example.java设计模式.单例.Test"/>
  <testcase name="service" time="0.000" classname="com.example.java设计模式.单例.Test"/>
  <testcase name="service" time="0.000" classname="com.example.java设计模式.单例.Test"/>
  <testcase name="service" time="0.000" classname="com.example.java设计模式.单例.Test"/>
  <testcase name="service" time="0.000" classname="com.example.java设计模式.单例.Test"/>
  <testcase name="service" time="0.017" classname="com.example.java设计模式.单例.Test"/>
  <testcase name="service" time="0.000" classname="com.example.java设计模式.单例.Test"/>
  <testcase name="service" time="0.001" classname="com.example.java设计模式.单例.Test"/>
  <testcase name="service" time="0.001" classname="com.example.java设计模式.单例.Test"/>
  <testcase name="service" time="8.005" classname="com.example.java设计模式.单例.Test"/>
  <testcase name="service" time="0.000" classname="com.example.java设计模式.单例.Test"/>
  <testcase name="service" time="0.000" classname="com.example.java设计模式.单例.Test"/>
  <testcase name="service" time="0.000" classname="com.example.java设计模式.单例.Test"/>
  <testcase name="service" time="0.912" classname="com.example.java设计模式.单例.Test"/>
  <testcase name="service" time="6.607" classname="com.example.java设计模式.单例.Test"/>
  <testcase name="service" time="0.263" classname="com.example.java设计模式.单例.Test"/>
  <testcase name="service" time="1.021" classname="com.example.java设计模式.单例.Test"/>
  <testcase name="service" time="7.076" classname="com.example.java设计模式.单例.Test"/>
  <testcase name="service" time="0.602" classname="com.example.java设计模式.单例.Test"/>
  <testcase name="service" time="0.000" classname="com.example.java设计模式.单例.Test"/>
  <testcase name="service" time="0.208" classname="com.example.java设计模式.单例.Test"/>
  <testcase name="service" time="0.000" classname="com.example.java设计模式.单例.Test"/>
  <testcase name="service" time="0.179" classname="com.example.java设计模式.单例.Test"/>
  <testcase name="service" time="0.470" classname="com.example.java设计模式.单例.Test"/>
  <testcase name="service" time="0.000" classname="com.example.java设计模式.单例.Test"/>
  <testcase name="service" time="1.610" classname="com.example.java设计模式.单例.Test"/>
  <testcase name="service" time="0.063" classname="com.example.java设计模式.单例.Test"/>
  <testcase name="service" time="1.430" classname="com.example.java设计模式.单例.Test"/>
  <testcase name="service" time="0.760" classname="com.example.java设计模式.单例.Test"/>
  <testcase name="service" time="1.013" classname="com.example.java设计模式.单例.Test"/>
  <testcase name="service" time="0.000" classname="com.example.java设计模式.单例.Test"/>
  <testcase name="service" time="0.002" classname="com.example.java设计模式.单例.Test"/>
  <testcase name="service" time="0.000" classname="com.example.java设计模式.单例.Test"/>
  <testcase name="service" time="6.409" classname="com.example.java设计模式.单例.Test"/>
  <testcase name="service" time="0.001" classname="com.example.java设计模式.单例.Test"/>
  <testcase name="service" time="0.032" classname="com.example.java设计模式.单例.Test"/>
  <testcase name="service" time="0.856" classname="com.example.java设计模式.单例.Test"/>
  <testcase name="service" time="0.289" classname="com.example.java设计模式.单例.Test"/>
  <testcase name="service" time="0.000" classname="com.example.java设计模式.单例.Test"/>
  <testcase name="service" time="0.190" classname="com.example.java设计模式.单例.Test"/>
  <testcase name="service" time="0.000" classname="com.example.java设计模式.单例.Test"/>
  <testcase name="service" time="0.000" classname="com.example.java设计模式.单例.Test"/>
  <testcase name="service" time="0.042" classname="com.example.java设计模式.单例.Test"/>
  <testcase name="service" time="0.001" classname="com.example.java设计模式.单例.Test"/>
  <testcase name="service" time="0.654" classname="com.example.java设计模式.单例.Test"/>
  <testcase name="service" time="0.064" classname="com.example.java设计模式.单例.Test"/>
  <testcase name="service" time="0.000" classname="com.example.java设计模式.单例.Test"/>
  <testcase name="service" time="0.000" classname="com.example.java设计模式.单例.Test"/>
  <testcase name="service" time="0.000" classname="com.example.java设计模式.单例.Test"/>
  <testcase name="service" time="0.999" classname="com.example.java设计模式.单例.Test"/>
  <testcase name="service" time="0.762" classname="com.example.java设计模式.单例.Test"/>
  <testcase name="service" time="0.586" classname="com.example.java设计模式.单例.Test"/>
  <testcase name="service" time="0.001" classname="com.example.java设计模式.单例.Test"/>
  <testcase name="service" time="0.408" classname="com.example.java设计模式.单例.Test"/>
  <testcase name="service" time="0.000" classname="com.example.java设计模式.单例.Test"/>
  <testcase name="service" time="1.474" classname="com.example.java设计模式.单例.Test"/>
  <testcase name="service" time="4.733" classname="com.example.java设计模式.单例.Test"/>
  <testcase name="service" time="0.000" classname="com.example.java设计模式.单例.Test"/>
  <testcase name="service" time="0.453" classname="com.example.java设计模式.单例.Test"/>
  <testcase name="service" time="0.000" classname="com.example.java设计模式.单例.Test"/>
  <testcase name="service" time="0.608" classname="com.example.java设计模式.单例.Test"/>
  <testcase name="service" time="0.000" classname="com.example.java设计模式.单例.Test"/>
  <testcase name="service" time="0.461" classname="com.example.java设计模式.单例.Test"/>
  <testcase name="service" time="0.518" classname="com.example.java设计模式.单例.Test"/>
  <testcase name="service" time="0.213" classname="com.example.java设计模式.单例.Test"/>
  <testcase name="service" time="1.114" classname="com.example.java设计模式.单例.Test"/>
  <testcase name="service" time="0.000" classname="com.example.java设计模式.单例.Test"/>
  <testcase name="service" time="0.000" classname="com.example.java设计模式.单例.Test"/>
  <testcase name="service" time="0.051" classname="com.example.java设计模式.单例.Test"/>
  <testcase name="service" time="0.001" classname="com.example.java设计模式.单例.Test"/>
  <testcase name="service" time="0.000" classname="com.example.java设计模式.单例.Test"/>
  <testcase name="service" time="0.000" classname="com.example.java设计模式.单例.Test"/>
  <testcase name="service" time="0.572" classname="com.example.java设计模式.单例.Test"/>
  <testcase name="service" time="0.300" classname="com.example.java设计模式.单例.Test"/>
  <testcase name="service" time="6.325" classname="com.example.java设计模式.单例.Test"/>
  <testcase name="service" time="0.229" classname="com.example.java设计模式.单例.Test"/>
  <testcase name="service" time="0.264" classname="com.example.java设计模式.单例.Test"/>
  <testcase name="service" time="0.788" classname="com.example.java设计模式.单例.Test"/>
  <testcase name="service" time="0.000" classname="com.example.java设计模式.单例.Test"/>
  <testcase name="service" time="0.001" classname="com.example.java设计模式.单例.Test"/>
  <testcase name="service" time="0.794" classname="com.example.java设计模式.单例.Test"/>
  <testcase name="service" time="0.001" classname="com.example.java设计模式.单例.Test"/>
  <testcase name="service" time="0.000" classname="com.example.java设计模式.单例.Test"/>
  <testcase name="service" time="0.000" classname="com.example.java设计模式.单例.Test"/>
  <testcase name="service" time="0.205" classname="com.example.java设计模式.单例.Test"/>
  <testcase name="service" time="0.001" classname="com.example.java设计模式.单例.Test"/>
  <testcase name="service" time="0.000" classname="com.example.java设计模式.单例.Test"/>
  <testcase name="service" time="0.272" classname="com.example.java设计模式.单例.Test"/>
  <testcase name="service" time="64.525" classname="com.example.java设计模式.单例.Test"/>
  <testcase name="service" time="1.054" classname="com.example.java设计模式.单例.Test"/>
  <testcase name="service" time="0.000" classname="com.example.java设计模式.单例.Test"/>
  <testcase name="service" time="64.549" classname="com.example.java设计模式.单例.Test"/>
  <testcase name="service" time="0.577" classname="com.example.java设计模式.单例.Test"/>
  <testcase name="service" time="0.448" classname="com.example.java设计模式.单例.Test"/>
  <testcase name="service" time="7.854" classname="com.example.java设计模式.单例.Test"/>
  <testcase name="service" time="0.000" classname="com.example.java设计模式.单例.Test"/>
  <testcase name="service" time="0.221" classname="com.example.java设计模式.单例.Test"/>
  <testcase name="service" time="0.477" classname="com.example.java设计模式.单例.Test"/>
  <testcase name="service" time="0.001" classname="com.example.java设计模式.单例.Test"/>
  <testcase name="service" time="6.309" classname="com.example.java设计模式.单例.Test"/>
  <testcase name="service" time="0.530" classname="com.example.java设计模式.单例.Test"/>
  <testcase name="service" time="64.816" classname="com.example.java设计模式.单例.Test"/>
  <testcase name="service" time="0.000" classname="com.example.java设计模式.单例.Test"/>
  <testcase name="service" time="0.000" classname="com.example.java设计模式.单例.Test"/>
  <testcase name="service" time="0.548" classname="com.example.java设计模式.单例.Test"/>
  <testcase name="service" time="0.001" classname="com.example.java设计模式.单例.Test"/>
  <testcase name="service" time="8.054" classname="com.example.java设计模式.单例.Test"/>
  <testcase name="service" time="0.000" classname="com.example.java设计模式.单例.Test"/>
  <testcase name="service" time="0.001" classname="com.example.java设计模式.单例.Test"/>
  <testcase name="service" time="0.110" classname="com.example.java设计模式.单例.Test"/>
  <testcase name="service" time="0.109" classname="com.example.java设计模式.单例.Test"/>
  <testcase name="service" time="0.000" classname="com.example.java设计模式.单例.Test"/>
  <testcase name="service" time="0.000" classname="com.example.java设计模式.单例.Test"/>
  <testcase name="service" time="0.333" classname="com.example.java设计模式.单例.Test"/>
  <testcase name="service" time="0.000" classname="com.example.java设计模式.单例.Test"/>
  <testcase name="service" time="0.444" classname="com.example.java设计模式.单例.Test"/>
  <testcase name="service" time="0.054" classname="com.example.java设计模式.单例.Test"/>
  <testcase name="service" time="0.000" classname="com.example.java设计模式.单例.Test"/>
  <testcase name="service" time="0.000" classname="com.example.java设计模式.单例.Test"/>
  <testcase name="service" time="0.556" classname="com.example.java设计模式.单例.Test"/>
  <testcase name="service" time="0.000" classname="com.example.java设计模式.单例.Test"/>
  <testcase name="service" time="0.000" classname="com.example.java设计模式.单例.Test"/>
  <testcase name="service" time="0.062" classname="com.example.java设计模式.单例.Test"/>
  <testcase name="service" time="0.000" classname="com.example.java设计模式.单例.Test"/>
  <testcase name="service" time="0.001" classname="com.example.java设计模式.单例.Test"/>
  <testcase name="service" time="0.075" classname="com.example.java设计模式.单例.Test"/>
  <testcase name="service" time="0.049" classname="com.example.java设计模式.单例.Test"/>
  <testcase name="service" time="0.001" classname="com.example.java设计模式.单例.Test"/>
  <testcase name="service" time="0.191" classname="com.example.java设计模式.单例.Test"/>
  <testcase name="service" time="0.001" classname="com.example.java设计模式.单例.Test"/>
  <testcase name="service" time="64.547" classname="com.example.java设计模式.单例.Test"/>
  <testcase name="service" time="0.000" classname="com.example.java设计模式.单例.Test"/>
  <testcase name="service" time="0.370" classname="com.example.java设计模式.单例.Test"/>
  <testcase name="service" time="0.413" classname="com.example.java设计模式.单例.Test"/>
  <testcase name="service" time="0.163" classname="com.example.java设计模式.单例.Test"/>
  <testcase name="service" time="65.001" classname="com.example.java设计模式.单例.Test"/>
  <testcase name="service" time="0.000" classname="com.example.java设计模式.单例.Test"/>
  <testcase name="service" time="0.001" classname="com.example.java设计模式.单例.Test"/>
  <testcase name="service" time="0.000" classname="com.example.java设计模式.单例.Test"/>
  <testcase name="service" time="0.704" classname="com.example.java设计模式.单例.Test"/>
  <testcase name="service" time="6.730" classname="com.example.java设计模式.单例.Test"/>
  <testcase name="service" time="0.000" classname="com.example.java设计模式.单例.Test"/>
  <testcase name="service" time="64.928" classname="com.example.java设计模式.单例.Test"/>
  <testcase name="service" time="0.688" classname="com.example.java设计模式.单例.Test"/>
  <testcase name="service" time="0.761" classname="com.example.java设计模式.单例.Test"/>
  <testcase name="service" time="0.608" classname="com.example.java设计模式.单例.Test"/>
  <testcase name="service" time="1.360" classname="com.example.java设计模式.单例.Test"/>
  <testcase name="service" time="0.136" classname="com.example.java设计模式.单例.Test"/>
  <testcase name="service" time="0.000" classname="com.example.java设计模式.单例.Test"/>
  <testcase name="service" time="0.000" classname="com.example.java设计模式.单例.Test"/>
  <testcase name="service" time="0.000" classname="com.example.java设计模式.单例.Test"/>
  <testcase name="service" time="0.206" classname="com.example.java设计模式.单例.Test"/>
  <testcase name="service" time="0.123" classname="com.example.java设计模式.单例.Test"/>
  <testcase name="service" time="0.117" classname="com.example.java设计模式.单例.Test"/>
  <testcase name="service" time="0.035" classname="com.example.java设计模式.单例.Test"/>
  <testcase name="service" time="0.080" classname="com.example.java设计模式.单例.Test"/>
  <testcase name="service" time="0.308" classname="com.example.java设计模式.单例.Test"/>
  <testcase name="service" time="0.696" classname="com.example.java设计模式.单例.Test"/>
  <testcase name="service" time="8.344" classname="com.example.java设计模式.单例.Test"/>
  <testcase name="service" time="64.526" classname="com.example.java设计模式.单例.Test"/>
  <testcase name="service" time="0.413" classname="com.example.java设计模式.单例.Test"/>
  <testcase name="service" time="0.000" classname="com.example.java设计模式.单例.Test"/>
  <testcase name="service" time="0.000" classname="com.example.java设计模式.单例.Test"/>
  <testcase name="service" time="0.001" classname="com.example.java设计模式.单例.Test"/>
  <testcase name="service" time="0.000" classname="com.example.java设计模式.单例.Test"/>
  <testcase name="service" time="0.000" classname="com.example.java设计模式.单例.Test"/>
  <testcase name="service" time="0.107" classname="com.example.java设计模式.单例.Test"/>
  <testcase name="service" time="0.001" classname="com.example.java设计模式.单例.Test"/>
  <testcase name="service" time="0.001" classname="com.example.java设计模式.单例.Test"/>
  <testcase name="service" time="0.169" classname="com.example.java设计模式.单例.Test"/>
  <testcase name="service" time="0.001" classname="com.example.java设计模式.单例.Test"/>
  <testcase name="service" time="6.759" classname="com.example.java设计模式.单例.Test"/>
  <testcase name="service" time="7.873" classname="com.example.java设计模式.单例.Test"/>
  <testcase name="service" time="0.000" classname="com.example.java设计模式.单例.Test"/>
  <testcase name="service" time="0.066" classname="com.example.java设计模式.单例.Test"/>
  <testcase name="service" time="0.025" classname="com.example.java设计模式.单例.Test"/>
  <testcase name="service" time="0.178" classname="com.example.java设计模式.单例.Test"/>
  <testcase name="service" time="0.001" classname="com.example.java设计模式.单例.Test"/>
  <testcase name="service" time="0.962" classname="com.example.java设计模式.单例.Test"/>
  <testcase name="service" time="0.260" classname="com.example.java设计模式.单例.Test"/>
  <testcase name="service" time="0.281" classname="com.example.java设计模式.单例.Test"/>
  <testcase name="service" time="0.000" classname="com.example.java设计模式.单例.Test"/>
  <testcase name="service" time="0.734" classname="com.example.java设计模式.单例.Test"/>
  <testcase name="service" time="0.000" classname="com.example.java设计模式.单例.Test"/>
  <testcase name="service" time="0.606" classname="com.example.java设计模式.单例.Test"/>
  <testcase name="service" time="0.413" classname="com.example.java设计模式.单例.Test"/>
  <testcase name="service" time="0.000" classname="com.example.java设计模式.单例.Test"/>
  <testcase name="service" time="0.953" classname="com.example.java设计模式.单例.Test"/>
  <testcase name="service" time="0.209" classname="com.example.java设计模式.单例.Test"/>
  <testcase name="service" time="0.000" classname="com.example.java设计模式.单例.Test"/>
  <testcase name="service" time="0.000" classname="com.example.java设计模式.单例.Test"/>
  <testcase name="service" time="0.253" classname="com.example.java设计模式.单例.Test"/>
  <testcase name="service" time="0.332" classname="com.example.java设计模式.单例.Test"/>
  <testcase name="service" time="0.000" classname="com.example.java设计模式.单例.Test"/>
  <testcase name="service" time="0.000" classname="com.example.java设计模式.单例.Test"/>
  <testcase name="service" time="0.000" classname="com.example.java设计模式.单例.Test"/>
  <testcase name="service" time="0.000" classname="com.example.java设计模式.单例.Test"/>
  <testcase name="service" time="0.001" classname="com.example.java设计模式.单例.Test"/>
  <testcase name="service" time="0.519" classname="com.example.java设计模式.单例.Test"/>
  <testcase name="service" time="0.000" classname="com.example.java设计模式.单例.Test"/>
  <testcase name="service" time="0.000" classname="com.example.java设计模式.单例.Test"/>
  <testcase name="service" time="0.000" classname="com.example.java设计模式.单例.Test"/>
  <testcase name="service" time="0.000" classname="com.example.java设计模式.单例.Test"/>
  <testcase name="service" time="0.000" classname="com.example.java设计模式.单例.Test"/>
  <testcase name="service" time="0.000" classname="com.example.java设计模式.单例.Test"/>
  <testcase name="service" time="0.001" classname="com.example.java设计模式.单例.Test"/>
  <testcase name="service" time="0.001" classname="com.example.java设计模式.单例.Test"/>
  <testcase name="service" time="0.288" classname="com.example.java设计模式.单例.Test"/>
  <testcase name="service" time="0.001" classname="com.example.java设计模式.单例.Test"/>
  <testcase name="service" time="64.985" classname="com.example.java设计模式.单例.Test"/>
  <testcase name="service" time="0.000" classname="com.example.java设计模式.单例.Test"/>
  <testcase name="service" time="0.000" classname="com.example.java设计模式.单例.Test"/>
  <testcase name="service" time="0.000" classname="com.example.java设计模式.单例.Test"/>
  <testcase name="service" time="0.000" classname="com.example.java设计模式.单例.Test"/>
  <testcase name="service" time="0.000" classname="com.example.java设计模式.单例.Test"/>
  <testcase name="service" time="0.908" classname="com.example.java设计模式.单例.Test"/>
  <testcase name="service" time="0.000" classname="com.example.java设计模式.单例.Test"/>
  <testcase name="service" time="0.439" classname="com.example.java设计模式.单例.Test"/>
  <testcase name="service" time="0.001" classname="com.example.java设计模式.单例.Test"/>
  <testcase name="service" time="0.000" classname="com.example.java设计模式.单例.Test"/>
  <testcase name="service" time="0.000" classname="com.example.java设计模式.单例.Test"/>
  <testcase name="service" time="0.378" classname="com.example.java设计模式.单例.Test"/>
  <testcase name="service" time="0.137" classname="com.example.java设计模式.单例.Test"/>
  <testcase name="service" time="0.001" classname="com.example.java设计模式.单例.Test"/>
  <testcase name="service" time="0.000" classname="com.example.java设计模式.单例.Test"/>
  <testcase name="service" time="0.000" classname="com.example.java设计模式.单例.Test"/>
  <testcase name="service" time="0.001" classname="com.example.java设计模式.单例.Test"/>
  <testcase name="service" time="0.112" classname="com.example.java设计模式.单例.Test"/>
  <testcase name="service" time="0.158" classname="com.example.java设计模式.单例.Test"/>
  <testcase name="service" time="0.000" classname="com.example.java设计模式.单例.Test"/>
  <testcase name="service" time="0.368" classname="com.example.java设计模式.单例.Test"/>
  <testcase name="service" time="0.000" classname="com.example.java设计模式.单例.Test"/>
  <testcase name="service" time="0.001" classname="com.example.java设计模式.单例.Test"/>
  <testcase name="service" time="0.001" classname="com.example.java设计模式.单例.Test"/>
  <testcase name="service" time="6.313" classname="com.example.java设计模式.单例.Test"/>
  <testcase name="service" time="0.182" classname="com.example.java设计模式.单例.Test"/>
  <testcase name="service" time="0.000" classname="com.example.java设计模式.单例.Test"/>
  <testcase name="service" time="0.000" classname="com.example.java设计模式.单例.Test"/>
  <testcase name="service" time="0.243" classname="com.example.java设计模式.单例.Test"/>
  <testcase name="service" time="0.000" classname="com.example.java设计模式.单例.Test"/>
  <testcase name="service" time="0.000" classname="com.example.java设计模式.单例.Test"/>
  <testcase name="service" time="64.901" classname="com.example.java设计模式.单例.Test"/>
  <testcase name="service" time="0.075" classname="com.example.java设计模式.单例.Test"/>
  <testcase name="service" time="0.001" classname="com.example.java设计模式.单例.Test"/>
  <testcase name="service" time="0.000" classname="com.example.java设计模式.单例.Test"/>
  <testcase name="service" time="0.000" classname="com.example.java设计模式.单例.Test"/>
  <testcase name="service" time="1.155" classname="com.example.java设计模式.单例.Test"/>
  <testcase name="service" time="0.501" classname="com.example.java设计模式.单例.Test"/>
  <testcase name="service" time="7.795" classname="com.example.java设计模式.单例.Test"/>
  <testcase name="service" time="0.038" classname="com.example.java设计模式.单例.Test"/>
  <testcase name="service" time="0.387" classname="com.example.java设计模式.单例.Test"/>
  <testcase name="service" time="0.365" classname="com.example.java设计模式.单例.Test"/>
  <testcase name="service" time="0.000" classname="com.example.java设计模式.单例.Test"/>
  <testcase name="service" time="0.242" classname="com.example.java设计模式.单例.Test"/>
  <testcase name="service" time="0.000" classname="com.example.java设计模式.单例.Test"/>
  <testcase name="service" time="0.034" classname="com.example.java设计模式.单例.Test"/>
  <testcase name="service" time="0.240" classname="com.example.java设计模式.单例.Test"/>
  <testcase name="service" time="0.000" classname="com.example.java设计模式.单例.Test"/>
  <testcase name="service" time="0.000" classname="com.example.java设计模式.单例.Test"/>
  <testcase name="service" time="0.001" classname="com.example.java设计模式.单例.Test"/>
  <testcase name="service" time="0.633" classname="com.example.java设计模式.单例.Test"/>
  <testcase name="service" time="0.786" classname="com.example.java设计模式.单例.Test"/>
  <testcase name="service" time="0.000" classname="com.example.java设计模式.单例.Test"/>
  <testcase name="service" time="0.000" classname="com.example.java设计模式.单例.Test"/>
  <testcase name="service" time="0.171" classname="com.example.java设计模式.单例.Test"/>
  <testcase name="service" time="0.847" classname="com.example.java设计模式.单例.Test"/>
  <testcase name="service" time="0.001" classname="com.example.java设计模式.单例.Test"/>
  <testcase name="service" time="0.000" classname="com.example.java设计模式.单例.Test"/>
  <testcase name="service" time="0.920" classname="com.example.java设计模式.单例.Test"/>
  <testcase name="service" time="1.219" classname="com.example.java设计模式.单例.Test"/>
  <testcase name="service" time="64.639" classname="com.example.java设计模式.单例.Test"/>
  <testcase name="service" time="0.001" classname="com.example.java设计模式.单例.Test"/>
  <testcase name="service" time="0.001" classname="com.example.java设计模式.单例.Test"/>
  <testcase name="service" time="0.713" classname="com.example.java设计模式.单例.Test"/>
  <testcase name="service" time="0.001" classname="com.example.java设计模式.单例.Test"/>
  <testcase name="service" time="0.000" classname="com.example.java设计模式.单例.Test"/>
  <testcase name="service" time="0.191" classname="com.example.java设计模式.单例.Test"/>
  <testcase name="service" time="0.045" classname="com.example.java设计模式.单例.Test"/>
  <testcase name="service" time="0.000" classname="com.example.java设计模式.单例.Test"/>
  <testcase name="service" time="0.001" classname="com.example.java设计模式.单例.Test"/>
  <testcase name="service" time="0.000" classname="com.example.java设计模式.单例.Test"/>
  <testcase name="service" time="0.428" classname="com.example.java设计模式.单例.Test"/>
  <testcase name="service" time="1.090" classname="com.example.java设计模式.单例.Test"/>
  <testcase name="service" time="64.899" classname="com.example.java设计模式.单例.Test"/>
  <testcase name="service" time="0.001" classname="com.example.java设计模式.单例.Test"/>
  <testcase name="service" time="0.000" classname="com.example.java设计模式.单例.Test"/>
  <testcase name="service" time="1.163" classname="com.example.java设计模式.单例.Test"/>
  <testcase name="service" time="0.001" classname="com.example.java设计模式.单例.Test"/>
  <testcase name="service" time="0.000" classname="com.example.java设计模式.单例.Test"/>
  <testcase name="service" time="0.434" classname="com.example.java设计模式.单例.Test"/>
  <testcase name="service" time="0.000" classname="com.example.java设计模式.单例.Test"/>
  <testcase name="service" time="64.925" classname="com.example.java设计模式.单例.Test"/>
  <testcase name="service" time="0.439" classname="com.example.java设计模式.单例.Test"/>
  <testcase name="service" time="0.038" classname="com.example.java设计模式.单例.Test"/>
  <testcase name="service" time="0.000" classname="com.example.java设计模式.单例.Test"/>
  <testcase name="service" time="0.887" classname="com.example.java设计模式.单例.Test"/>
  <testcase name="service" time="0.000" classname="com.example.java设计模式.单例.Test"/>
  <testcase name="service" time="0.000" classname="com.example.java设计模式.单例.Test"/>
  <testcase name="service" time="0.001" classname="com.example.java设计模式.单例.Test"/>
  <testcase name="service" time="0.000" classname="com.example.java设计模式.单例.Test"/>
  <testcase name="service" time="0.001" classname="com.example.java设计模式.单例.Test"/>
  <testcase name="service" time="0.000" classname="com.example.java设计模式.单例.Test"/>
  <testcase name="service" time="0.763" classname="com.example.java设计模式.单例.Test"/>
  <testcase name="service" time="0.000" classname="com.example.java设计模式.单例.Test"/>
  <testcase name="service" time="0.000" classname="com.example.java设计模式.单例.Test"/>
  <testcase name="service" time="0.757" classname="com.example.java设计模式.单例.Test"/>
  <testcase name="service" time="0.000" classname="com.example.java设计模式.单例.Test"/>
  <testcase name="service" time="64.637" classname="com.example.java设计模式.单例.Test"/>
  <testcase name="service" time="0.590" classname="com.example.java设计模式.单例.Test"/>
  <testcase name="service" time="6.772" classname="com.example.java设计模式.单例.Test"/>
  <testcase name="service" time="0.001" classname="com.example.java设计模式.单例.Test"/>
  <testcase name="service" time="64.520" classname="com.example.java设计模式.单例.Test"/>
  <testcase name="service" time="1.222" classname="com.example.java设计模式.单例.Test"/>
  <testcase name="service" time="0.000" classname="com.example.java设计模式.单例.Test"/>
  <testcase name="service" time="0.241" classname="com.example.java设计模式.单例.Test"/>
  <testcase name="service" time="0.008" classname="com.example.java设计模式.单例.Test"/>
  <testcase name="service" time="6.882" classname="com.example.java设计模式.单例.Test"/>
  <testcase name="service" time="0.001" classname="com.example.java设计模式.单例.Test"/>
  <testcase name="service" time="0.673" classname="com.example.java设计模式.单例.Test"/>
  <testcase name="service" time="0.000" classname="com.example.java设计模式.单例.Test"/>
  <testcase name="service" time="0.000" classname="com.example.java设计模式.单例.Test"/>
  <testcase name="service" time="1.106" classname="com.example.java设计模式.单例.Test"/>
  <testcase name="service" time="0.001" classname="com.example.java设计模式.单例.Test"/>
  <testcase name="service" time="0.347" classname="com.example.java设计模式.单例.Test"/>
  <testcase name="service" time="0.000" classname="com.example.java设计模式.单例.Test"/>
  <testcase name="service" time="1.317" classname="com.example.java设计模式.单例.Test"/>
  <testcase name="service" time="0.077" classname="com.example.java设计模式.单例.Test"/>
  <testcase name="service" time="0.000" classname="com.example.java设计模式.单例.Test"/>
  <testcase name="service" time="0.001" classname="com.example.java设计模式.单例.Test"/>
  <testcase name="service" time="0.001" classname="com.example.java设计模式.单例.Test"/>
  <testcase name="service" time="0.636" classname="com.example.java设计模式.单例.Test"/>
  <testcase name="service" time="0.000" classname="com.example.java设计模式.单例.Test"/>
  <testcase name="service" time="0.538" classname="com.example.java设计模式.单例.Test"/>
  <testcase name="service" time="0.000" classname="com.example.java设计模式.单例.Test"/>
  <testcase name="service" time="0.000" classname="com.example.java设计模式.单例.Test"/>
  <testcase name="service" time="0.223" classname="com.example.java设计模式.单例.Test"/>
  <testcase name="service" time="0.001" classname="com.example.java设计模式.单例.Test"/>
  <testcase name="service" time="0.000" classname="com.example.java设计模式.单例.Test"/>
  <testcase name="service" time="0.519" classname="com.example.java设计模式.单例.Test"/>
  <testcase name="service" time="6.596" classname="com.example.java设计模式.单例.Test"/>
  <testcase name="service" time="0.217" classname="com.example.java设计模式.单例.Test"/>
  <testcase name="service" time="64.946" classname="com.example.java设计模式.单例.Test"/>
  <testcase name="service" time="0.000" classname="com.example.java设计模式.单例.Test"/>
  <testcase name="service" time="0.000" classname="com.example.java设计模式.单例.Test"/>
  <testcase name="service" time="0.000" classname="com.example.java设计模式.单例.Test"/>
  <testcase name="service" time="0.001" classname="com.example.java设计模式.单例.Test"/>
  <testcase name="service" time="0.001" classname="com.example.java设计模式.单例.Test"/>
  <testcase name="service" time="0.001" classname="com.example.java设计模式.单例.Test"/>
  <testcase name="service" time="0.000" classname="com.example.java设计模式.单例.Test"/>
  <testcase name="service" time="0.000" classname="com.example.java设计模式.单例.Test"/>
  <testcase name="service" time="0.766" classname="com.example.java设计模式.单例.Test"/>
  <testcase name="service" time="0.168" classname="com.example.java设计模式.单例.Test"/>
  <testcase name="service" time="0.752" classname="com.example.java设计模式.单例.Test"/>
  <testcase name="service" time="0.000" classname="com.example.java设计模式.单例.Test"/>
  <testcase name="service" time="0.000" classname="com.example.java设计模式.单例.Test"/>
  <testcase name="service" time="0.424" classname="com.example.java设计模式.单例.Test"/>
  <testcase name="service" time="0.567" classname="com.example.java设计模式.单例.Test"/>
  <testcase name="service" time="6.291" classname="com.example.java设计模式.单例.Test"/>
  <testcase name="service" time="0.564" classname="com.example.java设计模式.单例.Test"/>
  <testcase name="service" time="0.000" classname="com.example.java设计模式.单例.Test"/>
  <testcase name="service" time="6.857" classname="com.example.java设计模式.单例.Test"/>
  <testcase name="service" time="0.000" classname="com.example.java设计模式.单例.Test"/>
  <testcase name="service" time="0.284" classname="com.example.java设计模式.单例.Test"/>
  <testcase name="service" time="6.692" classname="com.example.java设计模式.单例.Test"/>
  <testcase name="service" time="0.000" classname="com.example.java设计模式.单例.Test"/>
  <testcase name="service" time="0.001" classname="com.example.java设计模式.单例.Test"/>
  <testcase name="service" time="0.001" classname="com.example.java设计模式.单例.Test"/>
  <testcase name="service" time="1.121" classname="com.example.java设计模式.单例.Test"/>
  <testcase name="service" time="0.000" classname="com.example.java设计模式.单例.Test"/>
  <testcase name="service" time="7.140" classname="com.example.java设计模式.单例.Test"/>
  <testcase name="service" time="0.000" classname="com.example.java设计模式.单例.Test"/>
  <testcase name="service" time="0.484" classname="com.example.java设计模式.单例.Test"/>
  <testcase name="service" time="0.000" classname="com.example.java设计模式.单例.Test"/>
  <testcase name="service" time="0.001" classname="com.example.java设计模式.单例.Test"/>
  <testcase name="service" time="0.392" classname="com.example.java设计模式.单例.Test"/>
  <testcase name="service" time="0.001" classname="com.example.java设计模式.单例.Test"/>
  <testcase name="service" time="0.001" classname="com.example.java设计模式.单例.Test"/>
  <testcase name="service" time="0.000" classname="com.example.java设计模式.单例.Test"/>
  <testcase name="service" time="0.000" classname="com.example.java设计模式.单例.Test"/>
  <testcase name="service" time="0.001" classname="com.example.java设计模式.单例.Test"/>
  <testcase name="service" time="0.768" classname="com.example.java设计模式.单例.Test"/>
  <testcase name="service" time="8.292" classname="com.example.java设计模式.单例.Test"/>
  <testcase name="service" time="0.000" classname="com.example.java设计模式.单例.Test"/>
  <testcase name="service" time="0.359" classname="com.example.java设计模式.单例.Test"/>
  <testcase name="service" time="7.785" classname="com.example.java设计模式.单例.Test"/>
  <testcase name="service" time="0.000" classname="com.example.java设计模式.单例.Test"/>
  <testcase name="service" time="0.000" classname="com.example.java设计模式.单例.Test"/>
  <testcase name="service" time="0.131" classname="com.example.java设计模式.单例.Test"/>
  <testcase name="service" time="0.001" classname="com.example.java设计模式.单例.Test"/>
  <testcase name="service" time="0.000" classname="com.example.java设计模式.单例.Test"/>
  <testcase name="service" time="0.000" classname="com.example.java设计模式.单例.Test"/>
  <testcase name="service" time="0.000" classname="com.example.java设计模式.单例.Test"/>
  <testcase name="service" time="0.824" classname="com.example.java设计模式.单例.Test"/>
  <testcase name="service" time="0.684" classname="com.example.java设计模式.单例.Test"/>
  <testcase name="service" time="0.277" classname="com.example.java设计模式.单例.Test"/>
  <testcase name="service" time="0.000" classname="com.example.java设计模式.单例.Test"/>
  <testcase name="service" time="0.090" classname="com.example.java设计模式.单例.Test"/>
  <testcase name="service" time="0.024" classname="com.example.java设计模式.单例.Test"/>
  <testcase name="service" time="0.129" classname="com.example.java设计模式.单例.Test"/>
  <testcase name="service" time="0.000" classname="com.example.java设计模式.单例.Test"/>
  <testcase name="service" time="0.015" classname="com.example.java设计模式.单例.Test"/>
  <testcase name="service" time="0.000" classname="com.example.java设计模式.单例.Test"/>
  <testcase name="service" time="0.001" classname="com.example.java设计模式.单例.Test"/>
  <testcase name="service" time="0.000" classname="com.example.java设计模式.单例.Test"/>
  <testcase name="service" time="0.443" classname="com.example.java设计模式.单例.Test"/>
  <testcase name="service" time="0.000" classname="com.example.java设计模式.单例.Test"/>
  <testcase name="service" time="0.460" classname="com.example.java设计模式.单例.Test"/>
  <testcase name="service" time="1.320" classname="com.example.java设计模式.单例.Test"/>
  <testcase name="service" time="0.870" classname="com.example.java设计模式.单例.Test"/>
  <testcase name="service" time="0.000" classname="com.example.java设计模式.单例.Test"/>
  <testcase name="service" time="0.193" classname="com.example.java设计模式.单例.Test"/>
  <testcase name="service" time="0.006" classname="com.example.java设计模式.单例.Test"/>
  <testcase name="service" time="0.744" classname="com.example.java设计模式.单例.Test"/>
  <testcase name="service" time="0.027" classname="com.example.java设计模式.单例.Test"/>
  <testcase name="service" time="0.000" classname="com.example.java设计模式.单例.Test"/>
  <testcase name="service" time="0.001" classname="com.example.java设计模式.单例.Test"/>
  <testcase name="service" time="0.422" classname="com.example.java设计模式.单例.Test"/>
  <testcase name="service" time="0.001" classname="com.example.java设计模式.单例.Test"/>
  <testcase name="service" time="0.188" classname="com.example.java设计模式.单例.Test"/>
  <testcase name="service" time="0.000" classname="com.example.java设计模式.单例.Test"/>
  <testcase name="service" time="0.001" classname="com.example.java设计模式.单例.Test"/>
  <testcase name="service" time="0.000" classname="com.example.java设计模式.单例.Test"/>
  <testcase name="service" time="0.408" classname="com.example.java设计模式.单例.Test"/>
  <testcase name="service" time="0.177" classname="com.example.java设计模式.单例.Test"/>
  <testcase name="service" time="0.967" classname="com.example.java设计模式.单例.Test"/>
  <testcase name="service" time="0.001" classname="com.example.java设计模式.单例.Test"/>
  <testcase name="service" time="0.000" classname="com.example.java设计模式.单例.Test"/>
  <testcase name="service" time="0.001" classname="com.example.java设计模式.单例.Test"/>
  <testcase name="service" time="0.000" classname="com.example.java设计模式.单例.Test"/>
  <testcase name="service" time="6.646" classname="com.example.java设计模式.单例.Test"/>
  <testcase name="service" time="0.001" classname="com.example.java设计模式.单例.Test"/>
  <testcase name="service" time="64.631" classname="com.example.java设计模式.单例.Test"/>
  <testcase name="service" time="1.322" classname="com.example.java设计模式.单例.Test"/>
  <testcase name="service" time="0.000" classname="com.example.java设计模式.单例.Test"/>
  <testcase name="service" time="5.769" classname="com.example.java设计模式.单例.Test"/>
  <testcase name="service" time="0.000" classname="com.example.java设计模式.单例.Test"/>
  <testcase name="service" time="0.000" classname="com.example.java设计模式.单例.Test"/>
  <testcase name="service" time="0.435" classname="com.example.java设计模式.单例.Test"/>
  <testcase name="service" time="0.000" classname="com.example.java设计模式.单例.Test"/>
  <testcase name="service" time="0.964" classname="com.example.java设计模式.单例.Test"/>
  <testcase name="service" time="0.000" classname="com.example.java设计模式.单例.Test"/>
  <testcase name="service" time="0.000" classname="com.example.java设计模式.单例.Test"/>
  <testcase name="service" time="0.273" classname="com.example.java设计模式.单例.Test"/>
  <testcase name="service" time="0.848" classname="com.example.java设计模式.单例.Test"/>
  <testcase name="service" time="0.000" classname="com.example.java设计模式.单例.Test"/>
  <testcase name="service" time="0.001" classname="com.example.java设计模式.单例.Test"/>
  <testcase name="service" time="0.738" classname="com.example.java设计模式.单例.Test"/>
  <testcase name="service" time="0.271" classname="com.example.java设计模式.单例.Test"/>
  <testcase name="service" time="0.000" classname="com.example.java设计模式.单例.Test"/>
  <testcase name="service" time="0.598" classname="com.example.java设计模式.单例.Test"/>
  <testcase name="service" time="0.154" classname="com.example.java设计模式.单例.Test"/>
  <testcase name="service" time="0.661" classname="com.example.java设计模式.单例.Test"/>
  <testcase name="service" time="0.114" classname="com.example.java设计模式.单例.Test"/>
  <testcase name="service" time="0.000" classname="com.example.java设计模式.单例.Test"/>
  <testcase name="service" time="0.000" classname="com.example.java设计模式.单例.Test"/>
  <testcase name="service" time="0.000" classname="com.example.java设计模式.单例.Test"/>
  <testcase name="service" time="64.675" classname="com.example.java设计模式.单例.Test"/>
  <testcase name="service" time="0.001" classname="com.example.java设计模式.单例.Test"/>
  <testcase name="service" time="0.000" classname="com.example.java设计模式.单例.Test"/>
  <testcase name="service" time="0.000" classname="com.example.java设计模式.单例.Test"/>
  <testcase name="service" time="0.048" classname="com.example.java设计模式.单例.Test"/>
  <testcase name="service" time="0.000" classname="com.example.java设计模式.单例.Test"/>
  <testcase name="service" time="0.000" classname="com.example.java设计模式.单例.Test"/>
  <testcase name="service" time="0.000" classname="com.example.java设计模式.单例.Test"/>
  <testcase name="service" time="1.122" classname="com.example.java设计模式.单例.Test"/>
  <testcase name="service" time="0.000" classname="com.example.java设计模式.单例.Test"/>
  <testcase name="service" time="0.087" classname="com.example.java设计模式.单例.Test"/>
  <testcase name="service" time="0.000" classname="com.example.java设计模式.单例.Test"/>
  <testcase name="service" time="0.406" classname="com.example.java设计模式.单例.Test"/>
  <testcase name="service" time="0.000" classname="com.example.java设计模式.单例.Test"/>
  <testcase name="service" time="0.270" classname="com.example.java设计模式.单例.Test"/>
  <testcase name="service" time="0.001" classname="com.example.java设计模式.单例.Test"/>
  <testcase name="service" time="0.218" classname="com.example.java设计模式.单例.Test"/>
  <testcase name="service" time="0.000" classname="com.example.java设计模式.单例.Test"/>
  <testcase name="service" time="1.463" classname="com.example.java设计模式.单例.Test"/>
  <testcase name="service" time="0.000" classname="com.example.java设计模式.单例.Test"/>
  <testcase name="service" time="0.000" classname="com.example.java设计模式.单例.Test"/>
  <testcase name="service" time="0.000" classname="com.example.java设计模式.单例.Test"/>
  <testcase name="service" time="0.025" classname="com.example.java设计模式.单例.Test"/>
  <testcase name="service" time="1.260" classname="com.example.java设计模式.单例.Test"/>
  <testcase name="service" time="0.000" classname="com.example.java设计模式.单例.Test"/>
  <testcase name="service" time="1.491" classname="com.example.java设计模式.单例.Test"/>
  <testcase name="service" time="64.738" classname="com.example.java设计模式.单例.Test"/>
  <testcase name="service" time="0.001" classname="com.example.java设计模式.单例.Test"/>
  <testcase name="service" time="0.079" classname="com.example.java设计模式.单例.Test"/>
  <testcase name="service" time="0.000" classname="com.example.java设计模式.单例.Test"/>
  <testcase name="service" time="0.760" classname="com.example.java设计模式.单例.Test"/>
  <testcase name="service" time="0.000" classname="com.example.java设计模式.单例.Test"/>
  <testcase name="service" time="0.001" classname="com.example.java设计模式.单例.Test"/>
  <testcase name="service" time="0.001" classname="com.example.java设计模式.单例.Test"/>
  <testcase name="service" time="0.018" classname="com.example.java设计模式.单例.Test"/>
  <testcase name="service" time="0.000" classname="com.example.java设计模式.单例.Test"/>
  <testcase name="service" time="0.000" classname="com.example.java设计模式.单例.Test"/>
  <testcase name="service" time="0.088" classname="com.example.java设计模式.单例.Test"/>
  <testcase name="service" time="0.000" classname="com.example.java设计模式.单例.Test"/>
  <testcase name="service" time="0.001" classname="com.example.java设计模式.单例.Test"/>
  <testcase name="service" time="0.000" classname="com.example.java设计模式.单例.Test"/>
  <testcase name="service" time="0.000" classname="com.example.java设计模式.单例.Test"/>
  <testcase name="service" time="0.000" classname="com.example.java设计模式.单例.Test"/>
  <testcase name="service" time="0.000" classname="com.example.java设计模式.单例.Test"/>
  <testcase name="service" time="0.001" classname="com.example.java设计模式.单例.Test"/>
  <testcase name="service" time="0.000" classname="com.example.java设计模式.单例.Test"/>
  <testcase name="service" time="0.193" classname="com.example.java设计模式.单例.Test"/>
  <testcase name="service" time="0.017" classname="com.example.java设计模式.单例.Test"/>
  <testcase name="service" time="1.092" classname="com.example.java设计模式.单例.Test"/>
  <testcase name="service" time="1.096" classname="com.example.java设计模式.单例.Test"/>
  <testcase name="service" time="0.019" classname="com.example.java设计模式.单例.Test"/>
  <testcase name="service" time="0.124" classname="com.example.java设计模式.单例.Test"/>
  <testcase name="service" time="0.001" classname="com.example.java设计模式.单例.Test"/>
  <testcase name="service" time="0.027" classname="com.example.java设计模式.单例.Test"/>
  <testcase name="service" time="0.000" classname="com.example.java设计模式.单例.Test"/>
  <testcase name="service" time="0.841" classname="com.example.java设计模式.单例.Test"/>
  <testcase name="service" time="0.314" classname="com.example.java设计模式.单例.Test"/>
  <testcase name="service" time="8.155" classname="com.example.java设计模式.单例.Test"/>
  <testcase name="service" time="0.001" classname="com.example.java设计模式.单例.Test"/>
  <testcase name="service" time="0.000" classname="com.example.java设计模式.单例.Test"/>
  <testcase name="service" time="1.285" classname="com.example.java设计模式.单例.Test"/>
  <testcase name="service" time="1.852" classname="com.example.java设计模式.单例.Test"/>
  <testcase name="service" time="0.001" classname="com.example.java设计模式.单例.Test"/>
  <testcase name="service" time="0.181" classname="com.example.java设计模式.单例.Test"/>
  <testcase name="service" time="0.386" classname="com.example.java设计模式.单例.Test"/>
  <testcase name="service" time="0.569" classname="com.example.java设计模式.单例.Test"/>
  <testcase name="service" time="1.581" classname="com.example.java设计模式.单例.Test"/>
  <testcase name="service" time="1.368" classname="com.example.java设计模式.单例.Test"/>
  <testcase name="service" time="0.001" classname="com.example.java设计模式.单例.Test"/>
  <testcase name="service" time="0.001" classname="com.example.java设计模式.单例.Test"/>
  <testcase name="service" time="0.083" classname="com.example.java设计模式.单例.Test"/>
  <testcase name="service" time="0.000" classname="com.example.java设计模式.单例.Test"/>
  <testcase name="service" time="6.800" classname="com.example.java设计模式.单例.Test"/>
  <testcase name="service" time="0.001" classname="com.example.java设计模式.单例.Test"/>
  <testcase name="service" time="7.930" classname="com.example.java设计模式.单例.Test"/>
  <testcase name="service" time="6.889" classname="com.example.java设计模式.单例.Test"/>
  <testcase name="service" time="0.000" classname="com.example.java设计模式.单例.Test"/>
  <testcase name="service" time="0.000" classname="com.example.java设计模式.单例.Test"/>
  <testcase name="service" time="0.001" classname="com.example.java设计模式.单例.Test"/>
  <testcase name="service" time="0.000" classname="com.example.java设计模式.单例.Test"/>
  <testcase name="service" time="0.472" classname="com.example.java设计模式.单例.Test"/>
  <testcase name="service" time="0.000" classname="com.example.java设计模式.单例.Test"/>
  <testcase name="service" time="0.011" classname="com.example.java设计模式.单例.Test"/>
  <testcase name="service" time="0.000" classname="com.example.java设计模式.单例.Test"/>
  <testcase name="service" time="0.000" classname="com.example.java设计模式.单例.Test"/>
  <testcase name="service" time="0.539" classname="com.example.java设计模式.单例.Test"/>
  <testcase name="service" time="0.000" classname="com.example.java设计模式.单例.Test"/>
  <testcase name="service" time="0.000" classname="com.example.java设计模式.单例.Test"/>
  <testcase name="service" time="0.079" classname="com.example.java设计模式.单例.Test"/>
  <testcase name="service" time="0.075" classname="com.example.java设计模式.单例.Test"/>
  <testcase name="service" time="0.000" classname="com.example.java设计模式.单例.Test"/>
  <testcase name="service" time="0.144" classname="com.example.java设计模式.单例.Test"/>
  <testcase name="service" time="0.000" classname="com.example.java设计模式.单例.Test"/>
  <testcase name="service" time="0.000" classname="com.example.java设计模式.单例.Test"/>
  <testcase name="service" time="0.000" classname="com.example.java设计模式.单例.Test"/>
  <testcase name="service" time="0.000" classname="com.example.java设计模式.单例.Test"/>
  <testcase name="service" time="0.000" classname="com.example.java设计模式.单例.Test"/>
  <testcase name="service" time="1.034" classname="com.example.java设计模式.单例.Test"/>
  <testcase name="service" time="1.204" classname="com.example.java设计模式.单例.Test"/>
  <testcase name="service" time="6.652" classname="com.example.java设计模式.单例.Test"/>
  <testcase name="service" time="0.674" classname="com.example.java设计模式.单例.Test"/>
  <testcase name="service" time="0.000" classname="com.example.java设计模式.单例.Test"/>
  <testcase name="service" time="0.680" classname="com.example.java设计模式.单例.Test"/>
  <testcase name="service" time="0.378" classname="com.example.java设计模式.单例.Test"/>
  <testcase name="service" time="6.424" classname="com.example.java设计模式.单例.Test"/>
  <testcase name="service" time="0.077" classname="com.example.java设计模式.单例.Test"/>
  <testcase name="service" time="0.072" classname="com.example.java设计模式.单例.Test"/>
  <testcase name="service" time="0.000" classname="com.example.java设计模式.单例.Test"/>
  <testcase name="service" time="64.804" classname="com.example.java设计模式.单例.Test"/>
  <testcase name="service" time="0.433" classname="com.example.java设计模式.单例.Test"/>
  <testcase name="service" time="0.000" classname="com.example.java设计模式.单例.Test"/>
  <testcase name="service" time="0.000" classname="com.example.java设计模式.单例.Test"/>
  <testcase name="service" time="0.000" classname="com.example.java设计模式.单例.Test"/>
  <testcase name="service" time="0.710" classname="com.example.java设计模式.单例.Test"/>
  <testcase name="service" time="0.001" classname="com.example.java设计模式.单例.Test"/>
  <testcase name="service" time="0.001" classname="com.example.java设计模式.单例.Test"/>
  <testcase name="service" time="0.001" classname="com.example.java设计模式.单例.Test"/>
  <testcase name="service" time="0.722" classname="com.example.java设计模式.单例.Test"/>
  <testcase name="service" time="0.147" classname="com.example.java设计模式.单例.Test"/>
  <testcase name="service" time="0.275" classname="com.example.java设计模式.单例.Test"/>
  <testcase name="service" time="65.027" classname="com.example.java设计模式.单例.Test"/>
  <testcase name="service" time="0.001" classname="com.example.java设计模式.单例.Test"/>
  <testcase name="service" time="0.000" classname="com.example.java设计模式.单例.Test"/>
  <testcase name="service" time="0.000" classname="com.example.java设计模式.单例.Test"/>
  <testcase name="service" time="64.992" classname="com.example.java设计模式.单例.Test"/>
  <testcase name="service" time="0.329" classname="com.example.java设计模式.单例.Test"/>
  <testcase name="service" time="0.000" classname="com.example.java设计模式.单例.Test"/>
  <testcase name="service" time="0.001" classname="com.example.java设计模式.单例.Test"/>
  <testcase name="service" time="0.000" classname="com.example.java设计模式.单例.Test"/>
  <testcase name="service" time="0.001" classname="com.example.java设计模式.单例.Test"/>
  <testcase name="service" time="0.186" classname="com.example.java设计模式.单例.Test"/>
  <testcase name="service" time="0.523" classname="com.example.java设计模式.单例.Test"/>
  <testcase name="service" time="0.000" classname="com.example.java设计模式.单例.Test"/>
  <testcase name="service" time="0.000" classname="com.example.java设计模式.单例.Test"/>
  <testcase name="service" time="0.000" classname="com.example.java设计模式.单例.Test"/>
  <testcase name="service" time="0.147" classname="com.example.java设计模式.单例.Test"/>
  <testcase name="service" time="0.000" classname="com.example.java设计模式.单例.Test"/>
  <testcase name="service" time="0.454" classname="com.example.java设计模式.单例.Test"/>
  <testcase name="service" time="0.362" classname="com.example.java设计模式.单例.Test"/>
  <testcase name="service" time="0.000" classname="com.example.java设计模式.单例.Test"/>
  <testcase name="service" time="0.000" classname="com.example.java设计模式.单例.Test"/>
  <testcase name="service" time="0.051" classname="com.example.java设计模式.单例.Test"/>
  <testcase name="service" time="64.620" classname="com.example.java设计模式.单例.Test"/>
  <testcase name="service" time="0.000" classname="com.example.java设计模式.单例.Test"/>
  <testcase name="service" time="0.000" classname="com.example.java设计模式.单例.Test"/>
  <testcase name="service" time="0.000" classname="com.example.java设计模式.单例.Test"/>
  <testcase name="service" time="0.000" classname="com.example.java设计模式.单例.Test"/>
  <testcase name="service" time="0.137" classname="com.example.java设计模式.单例.Test"/>
  <testcase name="service" time="0.000" classname="com.example.java设计模式.单例.Test"/>
  <testcase name="service" time="0.000" classname="com.example.java设计模式.单例.Test"/>
  <testcase name="service" time="0.000" classname="com.example.java设计模式.单例.Test"/>
  <testcase name="service" time="0.883" classname="com.example.java设计模式.单例.Test"/>
  <testcase name="service" time="0.000" classname="com.example.java设计模式.单例.Test"/>
  <testcase name="service" time="0.000" classname="com.example.java设计模式.单例.Test"/>
  <testcase name="service" time="0.849" classname="com.example.java设计模式.单例.Test"/>
  <testcase name="service" time="0.000" classname="com.example.java设计模式.单例.Test"/>
  <testcase name="service" time="6.823" classname="com.example.java设计模式.单例.Test"/>
  <testcase name="service" time="0.172" classname="com.example.java设计模式.单例.Test"/>
  <testcase name="service" time="0.037" classname="com.example.java设计模式.单例.Test"/>
  <testcase name="service" time="0.000" classname="com.example.java设计模式.单例.Test"/>
  <testcase name="service" time="0.000" classname="com.example.java设计模式.单例.Test"/>
  <testcase name="service" time="0.000" classname="com.example.java设计模式.单例.Test"/>
  <testcase name="service" time="0.001" classname="com.example.java设计模式.单例.Test"/>
  <testcase name="service" time="0.001" classname="com.example.java设计模式.单例.Test"/>
  <testcase name="service" time="0.057" classname="com.example.java设计模式.单例.Test"/>
  <testcase name="service" time="65.032" classname="com.example.java设计模式.单例.Test"/>
  <testcase name="service" time="0.088" classname="com.example.java设计模式.单例.Test"/>
  <testcase name="service" time="0.000" classname="com.example.java设计模式.单例.Test"/>
  <testcase name="service" time="0.001" classname="com.example.java设计模式.单例.Test"/>
  <testcase name="service" time="0.786" classname="com.example.java设计模式.单例.Test"/>
  <testcase name="service" time="0.000" classname="com.example.java设计模式.单例.Test"/>
  <testcase name="service" time="1.110" classname="com.example.java设计模式.单例.Test"/>
  <testcase name="service" time="0.000" classname="com.example.java设计模式.单例.Test"/>
  <testcase name="service" time="64.620" classname="com.example.java设计模式.单例.Test"/>
  <testcase name="service" time="0.406" classname="com.example.java设计模式.单例.Test"/>
  <testcase name="service" time="0.000" classname="com.example.java设计模式.单例.Test"/>
  <testcase name="service" time="0.000" classname="com.example.java设计模式.单例.Test"/>
  <testcase name="service" time="0.000" classname="com.example.java设计模式.单例.Test"/>
  <testcase name="service" time="0.000" classname="com.example.java设计模式.单例.Test"/>
  <testcase name="service" time="0.000" classname="com.example.java设计模式.单例.Test"/>
  <testcase name="service" time="1.202" classname="com.example.java设计模式.单例.Test"/>
  <testcase name="service" time="0.000" classname="com.example.java设计模式.单例.Test"/>
  <testcase name="service" time="0.000" classname="com.example.java设计模式.单例.Test"/>
  <testcase name="service" time="64.603" classname="com.example.java设计模式.单例.Test"/>
  <testcase name="service" time="0.000" classname="com.example.java设计模式.单例.Test"/>
  <testcase name="service" time="0.000" classname="com.example.java设计模式.单例.Test"/>
  <testcase name="service" time="0.000" classname="com.example.java设计模式.单例.Test"/>
  <testcase name="service" time="0.000" classname="com.example.java设计模式.单例.Test"/>
  <testcase name="service" time="6.742" classname="com.example.java设计模式.单例.Test"/>
  <testcase name="service" time="0.000" classname="com.example.java设计模式.单例.Test"/>
  <testcase name="service" time="6.668" classname="com.example.java设计模式.单例.Test"/>
  <testcase name="service" time="0.621" classname="com.example.java设计模式.单例.Test"/>
  <testcase name="service" time="0.000" classname="com.example.java设计模式.单例.Test"/>
  <testcase name="service" time="1.396" classname="com.example.java设计模式.单例.Test"/>
  <testcase name="service" time="1.328" classname="com.example.java设计模式.单例.Test"/>
  <testcase name="service" time="0.000" classname="com.example.java设计模式.单例.Test"/>
  <testcase name="service" time="0.000" classname="com.example.java设计模式.单例.Test"/>
  <testcase name="service" time="0.085" classname="com.example.java设计模式.单例.Test"/>
  <testcase name="service" time="0.000" classname="com.example.java设计模式.单例.Test"/>
  <testcase name="service" time="0.000" classname="com.example.java设计模式.单例.Test"/>
  <testcase name="service" time="0.117" classname="com.example.java设计模式.单例.Test"/>
  <testcase name="service" time="0.000" classname="com.example.java设计模式.单例.Test"/>
  <testcase name="service" time="0.114" classname="com.example.java设计模式.单例.Test"/>
  <testcase name="service" time="0.000" classname="com.example.java设计模式.单例.Test"/>
  <testcase name="service" time="65.365" classname="com.example.java设计模式.单例.Test"/>
  <testcase name="service" time="0.085" classname="com.example.java设计模式.单例.Test"/>
  <testcase name="service" time="0.000" classname="com.example.java设计模式.单例.Test"/>
  <testcase name="service" time="0.788" classname="com.example.java设计模式.单例.Test"/>
  <testcase name="service" time="0.580" classname="com.example.java设计模式.单例.Test"/>
  <testcase name="service" time="1.455" classname="com.example.java设计模式.单例.Test"/>
  <testcase name="service" time="0.171" classname="com.example.java设计模式.单例.Test"/>
  <testcase name="service" time="0.208" classname="com.example.java设计模式.单例.Test"/>
  <testcase name="service" time="6.607" classname="com.example.java设计模式.单例.Test"/>
  <testcase name="service" time="0.235" classname="com.example.java设计模式.单例.Test"/>
  <testcase name="service" time="0.002" classname="com.example.java设计模式.单例.Test"/>
  <testcase name="service" time="0.000" classname="com.example.java设计模式.单例.Test"/>
  <testcase name="service" time="1.022" classname="com.example.java设计模式.单例.Test"/>
  <testcase name="service" time="0.369" classname="com.example.java设计模式.单例.Test"/>
  <testcase name="service" time="0.000" classname="com.example.java设计模式.单例.Test"/>
  <testcase name="service" time="0.001" classname="com.example.java设计模式.单例.Test"/>
  <testcase name="service" time="0.000" classname="com.example.java设计模式.单例.Test"/>
  <testcase name="service" time="0.000" classname="com.example.java设计模式.单例.Test"/>
  <testcase name="service" time="0.000" classname="com.example.java设计模式.单例.Test"/>
  <testcase name="service" time="0.179" classname="com.example.java设计模式.单例.Test"/>
  <testcase name="service" time="0.064" classname="com.example.java设计模式.单例.Test"/>
  <testcase name="service" time="0.015" classname="com.example.java设计模式.单例.Test"/>
  <testcase name="service" time="8.155" classname="com.example.java设计模式.单例.Test"/>
  <testcase name="service" time="0.000" classname="com.example.java设计模式.单例.Test"/>
  <testcase name="service" time="0.000" classname="com.example.java设计模式.单例.Test"/>
  <testcase name="service" time="1.121" classname="com.example.java设计模式.单例.Test"/>
  <testcase name="service" time="0.304" classname="com.example.java设计模式.单例.Test"/>
  <testcase name="service" time="0.682" classname="com.example.java设计模式.单例.Test"/>
  <testcase name="service" time="0.001" classname="com.example.java设计模式.单例.Test"/>
  <testcase name="service" time="0.000" classname="com.example.java设计模式.单例.Test"/>
  <testcase name="service" time="0.483" classname="com.example.java设计模式.单例.Test"/>
  <testcase name="service" time="0.000" classname="com.example.java设计模式.单例.Test"/>
  <testcase name="service" time="0.216" classname="com.example.java设计模式.单例.Test"/>
  <testcase name="service" time="0.000" classname="com.example.java设计模式.单例.Test"/>
  <testcase name="service" time="0.001" classname="com.example.java设计模式.单例.Test"/>
  <testcase name="service" time="0.000" classname="com.example.java设计模式.单例.Test"/>
  <testcase name="service" time="0.055" classname="com.example.java设计模式.单例.Test"/>
  <testcase name="service" time="0.002" classname="com.example.java设计模式.单例.Test"/>
  <testcase name="service" time="0.000" classname="com.example.java设计模式.单例.Test"/>
  <testcase name="service" time="0.578" classname="com.example.java设计模式.单例.Test"/>
  <testcase name="service" time="0.001" classname="com.example.java设计模式.单例.Test"/>
  <testcase name="service" time="0.732" classname="com.example.java设计模式.单例.Test"/>
  <testcase name="service" time="0.456" classname="com.example.java设计模式.单例.Test"/>
  <testcase name="service" time="0.209" classname="com.example.java设计模式.单例.Test"/>
  <testcase name="service" time="0.000" classname="com.example.java设计模式.单例.Test"/>
  <testcase name="service" time="0.001" classname="com.example.java设计模式.单例.Test"/>
  <testcase name="service" time="0.000" classname="com.example.java设计模式.单例.Test"/>
  <testcase name="service" time="7.779" classname="com.example.java设计模式.单例.Test"/>
  <testcase name="service" time="0.000" classname="com.example.java设计模式.单例.Test"/>
  <testcase name="service" time="0.275" classname="com.example.java设计模式.单例.Test"/>
  <testcase name="service" time="0.169" classname="com.example.java设计模式.单例.Test"/>
  <testcase name="service" time="0.001" classname="com.example.java设计模式.单例.Test"/>
  <testcase name="service" time="0.000" classname="com.example.java设计模式.单例.Test"/>
  <testcase name="service" time="0.001" classname="com.example.java设计模式.单例.Test"/>
  <testcase name="service" time="0.968" classname="com.example.java设计模式.单例.Test"/>
  <testcase name="service" time="0.000" classname="com.example.java设计模式.单例.Test"/>
  <testcase name="service" time="0.000" classname="com.example.java设计模式.单例.Test"/>
  <testcase name="service" time="0.000" classname="com.example.java设计模式.单例.Test"/>
  <testcase name="service" time="1.100" classname="com.example.java设计模式.单例.Test"/>
  <testcase name="service" time="0.000" classname="com.example.java设计模式.单例.Test"/>
  <testcase name="service" time="0.000" classname="com.example.java设计模式.单例.Test"/>
  <testcase name="service" time="1.344" classname="com.example.java设计模式.单例.Test"/>
  <testcase name="service" time="0.396" classname="com.example.java设计模式.单例.Test"/>
  <testcase name="service" time="0.000" classname="com.example.java设计模式.单例.Test"/>
  <testcase name="service" time="0.323" classname="com.example.java设计模式.单例.Test"/>
  <testcase name="service" time="0.572" classname="com.example.java设计模式.单例.Test"/>
  <testcase name="service" time="0.097" classname="com.example.java设计模式.单例.Test"/>
  <testcase name="service" time="0.000" classname="com.example.java设计模式.单例.Test"/>
  <testcase name="service" time="0.000" classname="com.example.java设计模式.单例.Test"/>
  <testcase name="service" time="0.001" classname="com.example.java设计模式.单例.Test"/>
  <testcase name="service" time="0.000" classname="com.example.java设计模式.单例.Test"/>
  <testcase name="service" time="6.733" classname="com.example.java设计模式.单例.Test"/>
  <testcase name="service" time="0.000" classname="com.example.java设计模式.单例.Test"/>
  <testcase name="service" time="0.000" classname="com.example.java设计模式.单例.Test"/>
  <testcase name="service" time="0.244" classname="com.example.java设计模式.单例.Test"/>
  <testcase name="service" time="0.669" classname="com.example.java设计模式.单例.Test"/>
  <testcase name="service" time="0.000" classname="com.example.java设计模式.单例.Test"/>
  <testcase name="service" time="0.001" classname="com.example.java设计模式.单例.Test"/>
  <testcase name="service" time="0.001" classname="com.example.java设计模式.单例.Test"/>
  <testcase name="service" time="0.001" classname="com.example.java设计模式.单例.Test"/>
  <testcase name="service" time="8.089" classname="com.example.java设计模式.单例.Test"/>
  <testcase name="service" time="0.036" classname="com.example.java设计模式.单例.Test"/>
  <testcase name="service" time="0.001" classname="com.example.java设计模式.单例.Test"/>
  <testcase name="service" time="0.000" classname="com.example.java设计模式.单例.Test"/>
  <testcase name="service" time="0.000" classname="com.example.java设计模式.单例.Test"/>
  <testcase name="service" time="0.000" classname="com.example.java设计模式.单例.Test"/>
  <testcase name="service" time="0.000" classname="com.example.java设计模式.单例.Test"/>
  <testcase name="service" time="0.000" classname="com.example.java设计模式.单例.Test"/>
  <testcase name="service" time="0.001" classname="com.example.java设计模式.单例.Test"/>
  <testcase name="service" time="0.000" classname="com.example.java设计模式.单例.Test"/>
  <testcase name="service" time="0.001" classname="com.example.java设计模式.单例.Test"/>
  <testcase name="service" time="1.120" classname="com.example.java设计模式.单例.Test"/>
  <testcase name="service" time="0.000" classname="com.example.java设计模式.单例.Test"/>
  <testcase name="service" time="0.438" classname="com.example.java设计模式.单例.Test"/>
  <testcase name="service" time="0.001" classname="com.example.java设计模式.单例.Test"/>
  <testcase name="service" time="1.225" classname="com.example.java设计模式.单例.Test"/>
  <testcase name="service" time="0.000" classname="com.example.java设计模式.单例.Test"/>
  <testcase name="service" time="6.527" classname="com.example.java设计模式.单例.Test"/>
  <testcase name="service" time="1.191" classname="com.example.java设计模式.单例.Test"/>
  <testcase name="service" time="0.916" classname="com.example.java设计模式.单例.Test"/>
  <testcase name="service" time="0.186" classname="com.example.java设计模式.单例.Test"/>
  <testcase name="service" time="0.000" classname="com.example.java设计模式.单例.Test"/>
  <testcase name="service" time="0.000" classname="com.example.java设计模式.单例.Test"/>
  <testcase name="service" time="0.250" classname="com.example.java设计模式.单例.Test"/>
  <testcase name="service" time="0.000" classname="com.example.java设计模式.单例.Test"/>
  <testcase name="service" time="0.000" classname="com.example.java设计模式.单例.Test"/>
  <testcase name="service" time="8.290" classname="com.example.java设计模式.单例.Test"/>
  <testcase name="service" time="7.087" classname="com.example.java设计模式.单例.Test"/>
  <testcase name="service" time="0.000" classname="com.example.java设计模式.单例.Test"/>
  <testcase name="service" time="6.550" classname="com.example.java设计模式.单例.Test"/>
  <testcase name="service" time="0.000" classname="com.example.java设计模式.单例.Test"/>
  <testcase name="service" time="0.767" classname="com.example.java设计模式.单例.Test"/>
  <testcase name="service" time="0.001" classname="com.example.java设计模式.单例.Test"/>
  <testcase name="service" time="6.404" classname="com.example.java设计模式.单例.Test"/>
  <testcase name="service" time="0.000" classname="com.example.java设计模式.单例.Test"/>
  <testcase name="service" time="0.000" classname="com.example.java设计模式.单例.Test"/>
  <testcase name="service" time="0.000" classname="com.example.java设计模式.单例.Test"/>
  <testcase name="service" time="0.000" classname="com.example.java设计模式.单例.Test"/>
  <testcase name="service" time="0.000" classname="com.example.java设计模式.单例.Test"/>
  <testcase name="service" time="0.339" classname="com.example.java设计模式.单例.Test"/>
  <testcase name="service" time="64.957" classname="com.example.java设计模式.单例.Test"/>
  <testcase name="service" time="0.038" classname="com.example.java设计模式.单例.Test"/>
  <testcase name="service" time="7.796" classname="com.example.java设计模式.单例.Test"/>
  <testcase name="service" time="0.000" classname="com.example.java设计模式.单例.Test"/>
  <testcase name="service" time="65.004" classname="com.example.java设计模式.单例.Test"/>
  <testcase name="service" time="0.000" classname="com.example.java设计模式.单例.Test"/>
  <testcase name="service" time="0.007" classname="com.example.java设计模式.单例.Test"/>
  <testcase name="service" time="0.000" classname="com.example.java设计模式.单例.Test"/>
  <testcase name="service" time="0.266" classname="com.example.java设计模式.单例.Test"/>
  <testcase name="service" time="64.747" classname="com.example.java设计模式.单例.Test"/>
  <testcase name="service" time="0.000" classname="com.example.java设计模式.单例.Test"/>
  <testcase name="service" time="0.424" classname="com.example.java设计模式.单例.Test"/>
  <testcase name="service" time="0.001" classname="com.example.java设计模式.单例.Test"/>
  <testcase name="service" time="0.001" classname="com.example.java设计模式.单例.Test"/>
  <testcase name="service" time="0.000" classname="com.example.java设计模式.单例.Test"/>
  <testcase name="service" time="0.134" classname="com.example.java设计模式.单例.Test"/>
  <testcase name="service" time="0.000" classname="com.example.java设计模式.单例.Test"/>
  <testcase name="service" time="0.001" classname="com.example.java设计模式.单例.Test"/>
  <testcase name="service" time="0.581" classname="com.example.java设计模式.单例.Test"/>
  <testcase name="service" time="8.022" classname="com.example.java设计模式.单例.Test"/>
  <testcase name="service" time="7.484" classname="com.example.java设计模式.单例.Test"/>
  <testcase name="service" time="0.382" classname="com.example.java设计模式.单例.Test"/>
  <testcase name="service" time="0.000" classname="com.example.java设计模式.单例.Test"/>
  <testcase name="service" time="0.000" classname="com.example.java设计模式.单例.Test"/>
  <testcase name="service" time="0.000" classname="com.example.java设计模式.单例.Test"/>
  <testcase name="service" time="0.000" classname="com.example.java设计模式.单例.Test"/>
  <testcase name="service" time="1.200" classname="com.example.java设计模式.单例.Test"/>
  <testcase name="service" time="0.000" classname="com.example.java设计模式.单例.Test"/>
  <testcase name="service" time="0.000" classname="com.example.java设计模式.单例.Test"/>
  <testcase name="service" time="0.434" classname="com.example.java设计模式.单例.Test"/>
  <testcase name="service" time="0.083" classname="com.example.java设计模式.单例.Test"/>
  <testcase name="service" time="0.006" classname="com.example.java设计模式.单例.Test"/>
  <testcase name="service" time="0.000" classname="com.example.java设计模式.单例.Test"/>
  <testcase name="service" time="0.000" classname="com.example.java设计模式.单例.Test"/>
  <testcase name="service" time="0.000" classname="com.example.java设计模式.单例.Test"/>
  <testcase name="service" time="0.000" classname="com.example.java设计模式.单例.Test"/>
  <testcase name="service" time="0.091" classname="com.example.java设计模式.单例.Test"/>
  <testcase name="service" time="0.138" classname="com.example.java设计模式.单例.Test"/>
  <testcase name="service" time="1.166" classname="com.example.java设计模式.单例.Test"/>
  <testcase name="service" time="0.000" classname="com.example.java设计模式.单例.Test"/>
  <testcase name="service" time="0.000" classname="com.example.java设计模式.单例.Test"/>
  <testcase name="service" time="0.000" classname="com.example.java设计模式.单例.Test"/>
  <testcase name="service" time="0.000" classname="com.example.java设计模式.单例.Test"/>
  <testcase name="service" time="7.091" classname="com.example.java设计模式.单例.Test"/>
  <testcase name="service" time="0.204" classname="com.example.java设计模式.单例.Test"/>
  <testcase name="service" time="0.001" classname="com.example.java设计模式.单例.Test"/>
  <testcase name="service" time="1.218" classname="com.example.java设计模式.单例.Test"/>
  <testcase name="service" time="0.116" classname="com.example.java设计模式.单例.Test"/>
  <testcase name="service" time="0.000" classname="com.example.java设计模式.单例.Test"/>
  <testcase name="service" time="0.000" classname="com.example.java设计模式.单例.Test"/>
  <testcase name="service" time="0.000" classname="com.example.java设计模式.单例.Test"/>
  <testcase name="service" time="0.003" classname="com.example.java设计模式.单例.Test"/>
  <testcase name="service" time="64.920" classname="com.example.java设计模式.单例.Test"/>
  <testcase name="service" time="0.005" classname="com.example.java设计模式.单例.Test"/>
  <testcase name="service" time="0.000" classname="com.example.java设计模式.单例.Test"/>
  <testcase name="service" time="0.000" classname="com.example.java设计模式.单例.Test"/>
  <testcase name="service" time="0.000" classname="com.example.java设计模式.单例.Test"/>
  <testcase name="service" time="64.816" classname="com.example.java设计模式.单例.Test"/>
  <testcase name="service" time="0.365" classname="com.example.java设计模式.单例.Test"/>
  <testcase name="service" time="0.000" classname="com.example.java设计模式.单例.Test"/>
  <testcase name="service" time="0.000" classname="com.example.java设计模式.单例.Test"/>
  <testcase name="service" time="0.221" classname="com.example.java设计模式.单例.Test"/>
  <testcase name="service" time="64.954" classname="com.example.java设计模式.单例.Test"/>
  <testcase name="service" time="0.000" classname="com.example.java设计模式.单例.Test"/>
  <testcase name="service" time="0.000" classname="com.example.java设计模式.单例.Test"/>
  <testcase name="service" time="0.000" classname="com.example.java设计模式.单例.Test"/>
  <testcase name="service" time="0.688" classname="com.example.java设计模式.单例.Test"/>
  <testcase name="service" time="0.000" classname="com.example.java设计模式.单例.Test"/>
  <testcase name="service" time="0.001" classname="com.example.java设计模式.单例.Test"/>
  <testcase name="service" time="0.697" classname="com.example.java设计模式.单例.Test"/>
  <testcase name="service" time="0.530" classname="com.example.java设计模式.单例.Test"/>
  <testcase name="service" time="0.000" classname="com.example.java设计模式.单例.Test"/>
  <testcase name="service" time="0.000" classname="com.example.java设计模式.单例.Test"/>
  <testcase name="service" time="0.630" classname="com.example.java设计模式.单例.Test"/>
  <testcase name="service" time="1.244" classname="com.example.java设计模式.单例.Test"/>
  <testcase name="service" time="0.000" classname="com.example.java设计模式.单例.Test"/>
  <testcase name="service" time="0.172" classname="com.example.java设计模式.单例.Test"/>
  <testcase name="service" time="1.051" classname="com.example.java设计模式.单例.Test"/>
  <testcase name="service" time="0.000" classname="com.example.java设计模式.单例.Test"/>
  <testcase name="service" time="0.000" classname="com.example.java设计模式.单例.Test"/>
  <testcase name="service" time="0.192" classname="com.example.java设计模式.单例.Test"/>
  <testcase name="service" time="0.000" classname="com.example.java设计模式.单例.Test"/>
  <testcase name="service" time="0.000" classname="com.example.java设计模式.单例.Test"/>
  <testcase name="service" time="0.001" classname="com.example.java设计模式.单例.Test"/>
  <testcase name="service" time="0.001" classname="com.example.java设计模式.单例.Test"/>
  <testcase name="service" time="0.000" classname="com.example.java设计模式.单例.Test"/>
  <testcase name="service" time="0.000" classname="com.example.java设计模式.单例.Test"/>
  <testcase name="service" time="0.000" classname="com.example.java设计模式.单例.Test"/>
  <testcase name="service" time="1.248" classname="com.example.java设计模式.单例.Test"/>
  <testcase name="service" time="0.374" classname="com.example.java设计模式.单例.Test"/>
  <testcase name="service" time="0.001" classname="com.example.java设计模式.单例.Test"/>
  <testcase name="service" time="0.001" classname="com.example.java设计模式.单例.Test"/>
  <testcase name="service" time="0.000" classname="com.example.java设计模式.单例.Test"/>
  <testcase name="service" time="1.329" classname="com.example.java设计模式.单例.Test"/>
  <testcase name="service" time="0.472" classname="com.example.java设计模式.单例.Test"/>
  <testcase name="service" time="0.000" classname="com.example.java设计模式.单例.Test"/>
  <testcase name="service" time="8.150" classname="com.example.java设计模式.单例.Test"/>
  <testcase name="service" time="1.332" classname="com.example.java设计模式.单例.Test"/>
  <testcase name="service" time="0.851" classname="com.example.java设计模式.单例.Test"/>
  <testcase name="service" time="0.351" classname="com.example.java设计模式.单例.Test"/>
  <testcase name="service" time="0.655" classname="com.example.java设计模式.单例.Test"/>
  <testcase name="service" time="0.000" classname="com.example.java设计模式.单例.Test"/>
  <testcase name="service" time="0.000" classname="com.example.java设计模式.单例.Test"/>
  <testcase name="service" time="0.000" classname="com.example.java设计模式.单例.Test"/>
  <testcase name="service" time="0.000" classname="com.example.java设计模式.单例.Test"/>
  <testcase name="service" time="0.467" classname="com.example.java设计模式.单例.Test"/>
  <testcase name="service" time="0.000" classname="com.example.java设计模式.单例.Test"/>
  <testcase name="service" time="0.001" classname="com.example.java设计模式.单例.Test"/>
  <testcase name="service" time="0.001" classname="com.example.java设计模式.单例.Test"/>
  <testcase name="service" time="1.025" classname="com.example.java设计模式.单例.Test"/>
  <testcase name="service" time="0.000" classname="com.example.java设计模式.单例.Test"/>
  <testcase name="service" time="0.000" classname="com.example.java设计模式.单例.Test"/>
  <testcase name="service" time="0.000" classname="com.example.java设计模式.单例.Test"/>
  <testcase name="service" time="0.198" classname="com.example.java设计模式.单例.Test"/>
  <testcase name="service" time="0.000" classname="com.example.java设计模式.单例.Test"/>
  <testcase name="service" time="6.917" classname="com.example.java设计模式.单例.Test"/>
  <testcase name="service" time="0.000" classname="com.example.java设计模式.单例.Test"/>
  <testcase name="service" time="0.000" classname="com.example.java设计模式.单例.Test"/>
  <testcase name="service" time="1.061" classname="com.example.java设计模式.单例.Test"/>
  <testcase name="service" time="0.112" classname="com.example.java设计模式.单例.Test"/>
  <testcase name="service" time="0.241" classname="com.example.java设计模式.单例.Test"/>
  <testcase name="service" time="65.054" classname="com.example.java设计模式.单例.Test"/>
  <testcase name="service" time="0.063" classname="com.example.java设计模式.单例.Test"/>
  <testcase name="service" time="0.001" classname="com.example.java设计模式.单例.Test"/>
  <testcase name="service" time="0.714" classname="com.example.java设计模式.单例.Test"/>
  <testcase name="service" time="0.001" classname="com.example.java设计模式.单例.Test"/>
  <testcase name="service" time="1.178" classname="com.example.java设计模式.单例.Test"/>
  <testcase name="service" time="0.214" classname="com.example.java设计模式.单例.Test"/>
  <testcase name="service" time="0.000" classname="com.example.java设计模式.单例.Test"/>
  <testcase name="service" time="0.000" classname="com.example.java设计模式.单例.Test"/>
  <testcase name="service" time="0.000" classname="com.example.java设计模式.单例.Test"/>
  <testcase name="service" time="0.001" classname="com.example.java设计模式.单例.Test"/>
  <testcase name="service" time="0.000" classname="com.example.java设计模式.单例.Test"/>
  <testcase name="service" time="0.226" classname="com.example.java设计模式.单例.Test"/>
  <testcase name="service" time="0.000" classname="com.example.java设计模式.单例.Test"/>
  <testcase name="service" time="0.001" classname="com.example.java设计模式.单例.Test"/>
  <testcase name="service" time="0.000" classname="com.example.java设计模式.单例.Test"/>
  <testcase name="service" time="0.139" classname="com.example.java设计模式.单例.Test"/>
  <testcase name="service" time="0.000" classname="com.example.java设计模式.单例.Test"/>
  <testcase name="service" time="0.119" classname="com.example.java设计模式.单例.Test"/>
  <testcase name="service" time="0.000" classname="com.example.java设计模式.单例.Test"/>
  <testcase name="service" time="8.315" classname="com.example.java设计模式.单例.Test"/>
  <testcase name="service" time="0.453" classname="com.example.java设计模式.单例.Test"/>
  <testcase name="service" time="0.106" classname="com.example.java设计模式.单例.Test"/>
  <testcase name="service" time="0.000" classname="com.example.java设计模式.单例.Test"/>
  <testcase name="service" time="0.000" classname="com.example.java设计模式.单例.Test"/>
  <testcase name="service" time="0.026" classname="com.example.java设计模式.单例.Test"/>
  <testcase name="service" time="0.090" classname="com.example.java设计模式.单例.Test"/>
  <testcase name="service" time="0.843" classname="com.example.java设计模式.单例.Test"/>
  <testcase name="service" time="0.000" classname="com.example.java设计模式.单例.Test"/>
  <testcase name="service" time="0.000" classname="com.example.java设计模式.单例.Test"/>
  <testcase name="service" time="0.225" classname="com.example.java设计模式.单例.Test"/>
  <testcase name="service" time="0.579" classname="com.example.java设计模式.单例.Test"/>
  <testcase name="service" time="0.000" classname="com.example.java设计模式.单例.Test"/>
  <testcase name="service" time="0.691" classname="com.example.java设计模式.单例.Test"/>
  <testcase name="service" time="7.926" classname="com.example.java设计模式.单例.Test"/>
  <testcase name="service" time="0.000" classname="com.example.java设计模式.单例.Test"/>
  <testcase name="service" time="0.000" classname="com.example.java设计模式.单例.Test"/>
  <testcase name="service" time="8.116" classname="com.example.java设计模式.单例.Test"/>
  <testcase name="service" time="0.000" classname="com.example.java设计模式.单例.Test"/>
  <testcase name="service" time="6.654" classname="com.example.java设计模式.单例.Test"/>
  <testcase name="service" time="0.000" classname="com.example.java设计模式.单例.Test"/>
  <testcase name="service" time="64.544" classname="com.example.java设计模式.单例.Test"/>
  <testcase name="service" time="0.000" classname="com.example.java设计模式.单例.Test"/>
  <testcase name="service" time="0.001" classname="com.example.java设计模式.单例.Test"/>
  <testcase name="service" time="64.808" classname="com.example.java设计模式.单例.Test"/>
  <testcase name="service" time="0.745" classname="com.example.java设计模式.单例.Test"/>
  <testcase name="service" time="0.473" classname="com.example.java设计模式.单例.Test"/>
  <testcase name="service" time="0.001" classname="com.example.java设计模式.单例.Test"/>
  <testcase name="service" time="0.000" classname="com.example.java设计模式.单例.Test"/>
  <testcase name="service" time="0.514" classname="com.example.java设计模式.单例.Test"/>
  <testcase name="service" time="0.074" classname="com.example.java设计模式.单例.Test"/>
  <testcase name="service" time="8.298" classname="com.example.java设计模式.单例.Test"/>
  <testcase name="service" time="8.056" classname="com.example.java设计模式.单例.Test"/>
  <testcase name="service" time="0.001" classname="com.example.java设计模式.单例.Test"/>
  <testcase name="service" time="0.269" classname="com.example.java设计模式.单例.Test"/>
  <testcase name="service" time="0.804" classname="com.example.java设计模式.单例.Test"/>
  <testcase name="service" time="0.206" classname="com.example.java设计模式.单例.Test"/>
  <testcase name="service" time="0.000" classname="com.example.java设计模式.单例.Test"/>
  <testcase name="service" time="0.001" classname="com.example.java设计模式.单例.Test"/>
  <testcase name="service" time="0.186" classname="com.example.java设计模式.单例.Test"/>
  <testcase name="service" time="0.000" classname="com.example.java设计模式.单例.Test"/>
  <testcase name="service" time="0.001" classname="com.example.java设计模式.单例.Test"/>
  <testcase name="service" time="0.000" classname="com.example.java设计模式.单例.Test"/>
  <testcase name="service" time="0.000" classname="com.example.java设计模式.单例.Test"/>
  <testcase name="service" time="0.000" classname="com.example.java设计模式.单例.Test"/>
  <testcase name="service" time="0.000" classname="com.example.java设计模式.单例.Test"/>
  <testcase name="service" time="0.000" classname="com.example.java设计模式.单例.Test"/>
  <testcase name="service" time="0.000" classname="com.example.java设计模式.单例.Test"/>
  <testcase name="service" time="8.176" classname="com.example.java设计模式.单例.Test"/>
  <testcase name="service" time="0.000" classname="com.example.java设计模式.单例.Test"/>
  <testcase name="service" time="0.001" classname="com.example.java设计模式.单例.Test"/>
  <testcase name="service" time="0.092" classname="com.example.java设计模式.单例.Test"/>
  <testcase name="service" time="0.001" classname="com.example.java设计模式.单例.Test"/>
  <testcase name="service" time="0.000" classname="com.example.java设计模式.单例.Test"/>
  <testcase name="service" time="0.208" classname="com.example.java设计模式.单例.Test"/>
  <testcase name="service" time="1.208" classname="com.example.java设计模式.单例.Test"/>
  <testcase name="service" time="0.299" classname="com.example.java设计模式.单例.Test"/>
  <testcase name="service" time="0.410" classname="com.example.java设计模式.单例.Test"/>
  <testcase name="service" time="0.714" classname="com.example.java设计模式.单例.Test"/>
  <testcase name="service" time="0.000" classname="com.example.java设计模式.单例.Test"/>
  <testcase name="service" time="0.106" classname="com.example.java设计模式.单例.Test"/>
  <testcase name="service" time="0.001" classname="com.example.java设计模式.单例.Test"/>
  <testcase name="service" time="0.344" classname="com.example.java设计模式.单例.Test"/>
  <testcase name="service" time="0.190" classname="com.example.java设计模式.单例.Test"/>
  <testcase name="service" time="0.001" classname="com.example.java设计模式.单例.Test"/>
  <testcase name="service" time="0.182" classname="com.example.java设计模式.单例.Test"/>
  <testcase name="service" time="0.800" classname="com.example.java设计模式.单例.Test"/>
  <testcase name="service" time="64.738" classname="com.example.java设计模式.单例.Test"/>
  <testcase name="service" time="0.195" classname="com.example.java设计模式.单例.Test"/>
  <testcase name="service" time="0.000" classname="com.example.java设计模式.单例.Test"/>
  <testcase name="service" time="0.155" classname="com.example.java设计模式.单例.Test"/>
  <testcase name="service" time="0.302" classname="com.example.java设计模式.单例.Test"/>
  <testcase name="service" time="0.327" classname="com.example.java设计模式.单例.Test"/>
  <testcase name="service" time="0.019" classname="com.example.java设计模式.单例.Test"/>
  <testcase name="service" time="0.332" classname="com.example.java设计模式.单例.Test"/>
  <testcase name="service" time="0.000" classname="com.example.java设计模式.单例.Test"/>
  <testcase name="service" time="0.000" classname="com.example.java设计模式.单例.Test"/>
  <testcase name="service" time="0.257" classname="com.example.java设计模式.单例.Test"/>
  <testcase name="service" time="6.703" classname="com.example.java设计模式.单例.Test"/>
  <testcase name="service" time="0.000" classname="com.example.java设计模式.单例.Test"/>
  <testcase name="service" time="0.069" classname="com.example.java设计模式.单例.Test"/>
  <testcase name="service" time="0.000" classname="com.example.java设计模式.单例.Test"/>
  <testcase name="service" time="0.121" classname="com.example.java设计模式.单例.Test"/>
  <testcase name="service" time="1.569" classname="com.example.java设计模式.单例.Test"/>
  <testcase name="service" time="0.235" classname="com.example.java设计模式.单例.Test"/>
  <testcase name="service" time="0.171" classname="com.example.java设计模式.单例.Test"/>
  <testcase name="service" time="0.074" classname="com.example.java设计模式.单例.Test"/>
  <testcase name="service" time="0.000" classname="com.example.java设计模式.单例.Test"/>
  <testcase name="service" time="0.001" classname="com.example.java设计模式.单例.Test"/>
  <testcase name="service" time="0.496" classname="com.example.java设计模式.单例.Test"/>
  <testcase name="service" time="0.219" classname="com.example.java设计模式.单例.Test"/>
  <testcase name="service" time="0.045" classname="com.example.java设计模式.单例.Test"/>
  <testcase name="service" time="0.000" classname="com.example.java设计模式.单例.Test"/>
  <testcase name="service" time="0.000" classname="com.example.java设计模式.单例.Test"/>
  <testcase name="service" time="0.001" classname="com.example.java设计模式.单例.Test"/>
  <testcase name="service" time="0.099" classname="com.example.java设计模式.单例.Test"/>
  <testcase name="service" time="0.832" classname="com.example.java设计模式.单例.Test"/>
  <testcase name="service" time="0.331" classname="com.example.java设计模式.单例.Test"/>
  <testcase name="service" time="0.001" classname="com.example.java设计模式.单例.Test"/>
  <testcase name="service" time="0.000" classname="com.example.java设计模式.单例.Test"/>
  <testcase name="service" time="7.477" classname="com.example.java设计模式.单例.Test"/>
  <testcase name="service" time="0.001" classname="com.example.java设计模式.单例.Test"/>
  <testcase name="service" time="0.001" classname="com.example.java设计模式.单例.Test"/>
  <testcase name="service" time="0.001" classname="com.example.java设计模式.单例.Test"/>
  <testcase name="service" time="0.001" classname="com.example.java设计模式.单例.Test"/>
  <testcase name="service" time="0.627" classname="com.example.java设计模式.单例.Test"/>
  <testcase name="service" time="0.692" classname="com.example.java设计模式.单例.Test"/>
  <testcase name="service" time="0.000" classname="com.example.java设计模式.单例.Test"/>
  <testcase name="service" time="7.931" classname="com.example.java设计模式.单例.Test"/>
  <testcase name="service" time="0.001" classname="com.example.java设计模式.单例.Test"/>
  <testcase name="service" time="0.275" classname="com.example.java设计模式.单例.Test"/>
  <testcase name="service" time="6.707" classname="com.example.java设计模式.单例.Test"/>
  <testcase name="service" time="0.001" classname="com.example.java设计模式.单例.Test"/>
  <testcase name="service" time="0.000" classname="com.example.java设计模式.单例.Test"/>
  <testcase name="service" time="0.854" classname="com.example.java设计模式.单例.Test"/>
  <testcase name="service" time="0.000" classname="com.example.java设计模式.单例.Test"/>
  <testcase name="service" time="0.381" classname="com.example.java设计模式.单例.Test"/>
  <testcase name="service" time="0.000" classname="com.example.java设计模式.单例.Test"/>
  <testcase name="service" time="0.000" classname="com.example.java设计模式.单例.Test"/>
  <testcase name="service" time="0.843" classname="com.example.java设计模式.单例.Test"/>
  <testcase name="service" time="1.639" classname="com.example.java设计模式.单例.Test"/>
  <testcase name="service" time="7.962" classname="com.example.java设计模式.单例.Test"/>
  <testcase name="service" time="0.117" classname="com.example.java设计模式.单例.Test"/>
  <testcase name="service" time="0.459" classname="com.example.java设计模式.单例.Test"/>
  <testcase name="service" time="1.098" classname="com.example.java设计模式.单例.Test"/>
  <testcase name="service" time="0.000" classname="com.example.java设计模式.单例.Test"/>
  <testcase name="service" time="0.001" classname="com.example.java设计模式.单例.Test"/>
  <testcase name="service" time="5.693" classname="com.example.java设计模式.单例.Test"/>
  <testcase name="service" time="0.000" classname="com.example.java设计模式.单例.Test"/>
  <testcase name="service" time="0.000" classname="com.example.java设计模式.单例.Test"/>
  <testcase name="service" time="0.902" classname="com.example.java设计模式.单例.Test"/>
  <testcase name="service" time="0.379" classname="com.example.java设计模式.单例.Test"/>
  <testcase name="service" time="0.000" classname="com.example.java设计模式.单例.Test"/>
  <testcase name="service" time="0.000" classname="com.example.java设计模式.单例.Test"/>
  <testcase name="service" time="0.000" classname="com.example.java设计模式.单例.Test"/>
  <testcase name="service" time="0.001" classname="com.example.java设计模式.单例.Test"/>
  <testcase name="service" time="0.520" classname="com.example.java设计模式.单例.Test"/>
  <testcase name="service" time="0.000" classname="com.example.java设计模式.单例.Test"/>
  <testcase name="service" time="0.000" classname="com.example.java设计模式.单例.Test"/>
  <testcase name="service" time="0.000" classname="com.example.java设计模式.单例.Test"/>
  <testcase name="service" time="1.346" classname="com.example.java设计模式.单例.Test"/>
  <testcase name="service" time="0.000" classname="com.example.java设计模式.单例.Test"/>
  <testcase name="service" time="0.000" classname="com.example.java设计模式.单例.Test"/>
  <testcase name="service" time="0.000" classname="com.example.java设计模式.单例.Test"/>
  <testcase name="service" time="0.000" classname="com.example.java设计模式.单例.Test"/>
  <testcase name="service" time="0.059" classname="com.example.java设计模式.单例.Test"/>
  <testcase name="service" time="0.000" classname="com.example.java设计模式.单例.Test"/>
  <testcase name="service" time="0.000" classname="com.example.java设计模式.单例.Test"/>
  <testcase name="service" time="0.000" classname="com.example.java设计模式.单例.Test"/>
  <testcase name="service" time="0.269" classname="com.example.java设计模式.单例.Test"/>
  <testcase name="service" time="0.766" classname="com.example.java设计模式.单例.Test"/>
  <testcase name="service" time="0.371" classname="com.example.java设计模式.单例.Test"/>
  <testcase name="service" time="0.000" classname="com.example.java设计模式.单例.Test"/>
  <testcase name="service" time="0.000" classname="com.example.java设计模式.单例.Test"/>
  <testcase name="service" time="0.000" classname="com.example.java设计模式.单例.Test"/>
  <testcase name="service" time="0.000" classname="com.example.java设计模式.单例.Test"/>
  <testcase name="service" time="0.000" classname="com.example.java设计模式.单例.Test"/>
  <testcase name="service" time="0.790" classname="com.example.java设计模式.单例.Test"/>
  <testcase name="service" time="0.001" classname="com.example.java设计模式.单例.Test"/>
  <testcase name="service" time="0.001" classname="com.example.java设计模式.单例.Test"/>
  <testcase name="service" time="0.000" classname="com.example.java设计模式.单例.Test"/>
  <testcase name="service" time="0.000" classname="com.example.java设计模式.单例.Test"/>
  <testcase name="service" time="0.127" classname="com.example.java设计模式.单例.Test"/>
  <testcase name="service" time="0.797" classname="com.example.java设计模式.单例.Test"/>
  <testcase name="service" time="0.001" classname="com.example.java设计模式.单例.Test"/>
  <testcase name="service" time="0.657" classname="com.example.java设计模式.单例.Test"/>
  <testcase name="service" time="0.000" classname="com.example.java设计模式.单例.Test"/>
  <testcase name="service" time="0.091" classname="com.example.java设计模式.单例.Test"/>
  <testcase name="service" time="0.001" classname="com.example.java设计模式.单例.Test"/>
  <testcase name="service" time="1.241" classname="com.example.java设计模式.单例.Test"/>
  <testcase name="service" time="1.095" classname="com.example.java设计模式.单例.Test"/>
  <testcase name="service" time="0.000" classname="com.example.java设计模式.单例.Test"/>
  <testcase name="service" time="0.000" classname="com.example.java设计模式.单例.Test"/>
  <testcase name="service" time="1.309" classname="com.example.java设计模式.单例.Test"/>
  <testcase name="service" time="0.000" classname="com.example.java设计模式.单例.Test"/>
  <testcase name="service" time="0.001" classname="com.example.java设计模式.单例.Test"/>
  <testcase name="service" time="0.408" classname="com.example.java设计模式.单例.Test"/>
  <testcase name="service" time="0.417" classname="com.example.java设计模式.单例.Test"/>
  <testcase name="service" time="0.198" classname="com.example.java设计模式.单例.Test"/>
  <testcase name="service" time="0.125" classname="com.example.java设计模式.单例.Test"/>
  <testcase name="service" time="0.504" classname="com.example.java设计模式.单例.Test"/>
  <testcase name="service" time="0.060" classname="com.example.java设计模式.单例.Test"/>
  <testcase name="service" time="0.045" classname="com.example.java设计模式.单例.Test"/>
  <testcase name="service" time="0.001" classname="com.example.java设计模式.单例.Test"/>
  <testcase name="service" time="0.000" classname="com.example.java设计模式.单例.Test"/>
  <testcase name="service" time="0.000" classname="com.example.java设计模式.单例.Test"/>
  <testcase name="service" time="1.365" classname="com.example.java设计模式.单例.Test"/>
  <testcase name="service" time="0.917" classname="com.example.java设计模式.单例.Test"/>
  <testcase name="service" time="64.990" classname="com.example.java设计模式.单例.Test"/>
  <testcase name="service" time="64.508" classname="com.example.java设计模式.单例.Test"/>
  <testcase name="service" time="7.777" classname="com.example.java设计模式.单例.Test"/>
  <testcase name="service" time="0.021" classname="com.example.java设计模式.单例.Test"/>
  <testcase name="service" time="0.438" classname="com.example.java设计模式.单例.Test"/>
  <testcase name="service" time="1.031" classname="com.example.java设计模式.单例.Test"/>
  <testcase name="service" time="0.000" classname="com.example.java设计模式.单例.Test"/>
  <testcase name="service" time="0.000" classname="com.example.java设计模式.单例.Test"/>
  <testcase name="service" time="0.096" classname="com.example.java设计模式.单例.Test"/>
  <testcase name="service" time="0.000" classname="com.example.java设计模式.单例.Test"/>
  <testcase name="service" time="0.178" classname="com.example.java设计模式.单例.Test"/>
  <testcase name="service" time="0.270" classname="com.example.java设计模式.单例.Test"/>
  <testcase name="service" time="0.000" classname="com.example.java设计模式.单例.Test"/>
  <testcase name="service" time="0.000" classname="com.example.java设计模式.单例.Test"/>
  <testcase name="service" time="0.001" classname="com.example.java设计模式.单例.Test"/>
  <testcase name="service" time="0.000" classname="com.example.java设计模式.单例.Test"/>
  <testcase name="service" time="0.000" classname="com.example.java设计模式.单例.Test"/>
  <testcase name="service" time="0.304" classname="com.example.java设计模式.单例.Test"/>
  <testcase name="service" time="0.000" classname="com.example.java设计模式.单例.Test"/>
  <testcase name="service" time="0.001" classname="com.example.java设计模式.单例.Test"/>
  <testcase name="service" time="0.000" classname="com.example.java设计模式.单例.Test"/>
  <testcase name="service" time="0.698" classname="com.example.java设计模式.单例.Test"/>
  <testcase name="service" time="6.313" classname="com.example.java设计模式.单例.Test"/>
  <testcase name="service" time="0.794" classname="com.example.java设计模式.单例.Test"/>
  <testcase name="service" time="0.000" classname="com.example.java设计模式.单例.Test"/>
  <testcase name="service" time="1.337" classname="com.example.java设计模式.单例.Test"/>
  <testcase name="service" time="0.000" classname="com.example.java设计模式.单例.Test"/>
  <testcase name="service" time="0.055" classname="com.example.java设计模式.单例.Test"/>
  <testcase name="service" time="0.000" classname="com.example.java设计模式.单例.Test"/>
  <testcase name="service" time="0.000" classname="com.example.java设计模式.单例.Test"/>
  <testcase name="service" time="0.000" classname="com.example.java设计模式.单例.Test"/>
  <testcase name="service" time="0.001" classname="com.example.java设计模式.单例.Test"/>
  <testcase name="service" time="0.000" classname="com.example.java设计模式.单例.Test"/>
  <testcase name="service" time="0.813" classname="com.example.java设计模式.单例.Test"/>
  <testcase name="service" time="0.000" classname="com.example.java设计模式.单例.Test"/>
  <testcase name="service" time="0.270" classname="com.example.java设计模式.单例.Test"/>
  <testcase name="service" time="0.474" classname="com.example.java设计模式.单例.Test"/>
  <testcase name="service" time="0.000" classname="com.example.java设计模式.单例.Test"/>
  <testcase name="service" time="0.029" classname="com.example.java设计模式.单例.Test"/>
  <testcase name="service" time="0.162" classname="com.example.java设计模式.单例.Test"/>
  <testcase name="service" time="0.000" classname="com.example.java设计模式.单例.Test"/>
  <testcase name="service" time="0.000" classname="com.example.java设计模式.单例.Test"/>
  <testcase name="service" time="0.091" classname="com.example.java设计模式.单例.Test"/>
  <testcase name="service" time="0.000" classname="com.example.java设计模式.单例.Test"/>
  <testcase name="service" time="0.302" classname="com.example.java设计模式.单例.Test"/>
  <testcase name="service" time="0.810" classname="com.example.java设计模式.单例.Test"/>
  <testcase name="service" time="0.007" classname="com.example.java设计模式.单例.Test"/>
  <testcase name="service" time="0.122" classname="com.example.java设计模式.单例.Test"/>
  <testcase name="service" time="0.000" classname="com.example.java设计模式.单例.Test"/>
  <testcase name="service" time="0.000" classname="com.example.java设计模式.单例.Test"/>
  <testcase name="service" time="0.093" classname="com.example.java设计模式.单例.Test"/>
  <testcase name="service" time="1.220" classname="com.example.java设计模式.单例.Test"/>
  <testcase name="service" time="0.351" classname="com.example.java设计模式.单例.Test"/>
  <testcase name="service" time="0.300" classname="com.example.java设计模式.单例.Test"/>
  <testcase name="service" time="0.536" classname="com.example.java设计模式.单例.Test"/>
  <testcase name="service" time="0.000" classname="com.example.java设计模式.单例.Test"/>
  <testcase name="service" time="0.477" classname="com.example.java设计模式.单例.Test"/>
  <testcase name="service" time="0.327" classname="com.example.java设计模式.单例.Test"/>
  <testcase name="service" time="0.000" classname="com.example.java设计模式.单例.Test"/>
  <testcase name="service" time="0.000" classname="com.example.java设计模式.单例.Test"/>
  <testcase name="service" time="0.421" classname="com.example.java设计模式.单例.Test"/>
  <testcase name="service" time="0.667" classname="com.example.java设计模式.单例.Test"/>
  <testcase name="service" time="0.001" classname="com.example.java设计模式.单例.Test"/>
  <testcase name="service" time="6.290" classname="com.example.java设计模式.单例.Test"/>
  <testcase name="service" time="0.000" classname="com.example.java设计模式.单例.Test"/>
  <testcase name="service" time="0.778" classname="com.example.java设计模式.单例.Test"/>
  <testcase name="service" time="0.083" classname="com.example.java设计模式.单例.Test"/>
  <testcase name="service" time="1.194" classname="com.example.java设计模式.单例.Test"/>
  <testcase name="service" time="0.412" classname="com.example.java设计模式.单例.Test"/>
  <testcase name="service" time="0.000" classname="com.example.java设计模式.单例.Test"/>
  <testcase name="service" time="0.074" classname="com.example.java设计模式.单例.Test"/>
  <testcase name="service" time="0.353" classname="com.example.java设计模式.单例.Test"/>
  <testcase name="service" time="7.886" classname="com.example.java设计模式.单例.Test"/>
  <testcase name="service" time="0.495" classname="com.example.java设计模式.单例.Test"/>
  <testcase name="service" time="0.000" classname="com.example.java设计模式.单例.Test"/>
  <testcase name="service" time="0.000" classname="com.example.java设计模式.单例.Test"/>
  <testcase name="service" time="0.951" classname="com.example.java设计模式.单例.Test"/>
  <testcase name="service" time="0.000" classname="com.example.java设计模式.单例.Test"/>
  <testcase name="service" time="0.792" classname="com.example.java设计模式.单例.Test"/>
  <testcase name="service" time="0.001" classname="com.example.java设计模式.单例.Test"/>
  <testcase name="service" time="1.232" classname="com.example.java设计模式.单例.Test"/>
  <testcase name="service" time="1.350" classname="com.example.java设计模式.单例.Test"/>
  <testcase name="service" time="0.000" classname="com.example.java设计模式.单例.Test"/>
  <testcase name="service" time="0.780" classname="com.example.java设计模式.单例.Test"/>
  <testcase name="service" time="0.000" classname="com.example.java设计模式.单例.Test"/>
  <testcase name="service" time="0.263" classname="com.example.java设计模式.单例.Test"/>
  <testcase name="service" time="0.001" classname="com.example.java设计模式.单例.Test"/>
  <testcase name="service" time="0.000" classname="com.example.java设计模式.单例.Test"/>
  <testcase name="service" time="0.000" classname="com.example.java设计模式.单例.Test"/>
  <testcase name="service" time="0.000" classname="com.example.java设计模式.单例.Test"/>
  <testcase name="service" time="0.291" classname="com.example.java设计模式.单例.Test"/>
  <testcase name="service" time="0.000" classname="com.example.java设计模式.单例.Test"/>
  <testcase name="service" time="0.980" classname="com.example.java设计模式.单例.Test"/>
  <testcase name="service" time="0.000" classname="com.example.java设计模式.单例.Test"/>
  <testcase name="service" time="1.048" classname="com.example.java设计模式.单例.Test"/>
  <testcase name="service" time="0.000" classname="com.example.java设计模式.单例.Test"/>
  <testcase name="service" time="0.832" classname="com.example.java设计模式.单例.Test"/>
  <testcase name="service" time="6.363" classname="com.example.java设计模式.单例.Test"/>
  <testcase name="service" time="0.061" classname="com.example.java设计模式.单例.Test"/>
  <testcase name="service" time="0.000" classname="com.example.java设计模式.单例.Test"/>
  <testcase name="service" time="0.926" classname="com.example.java设计模式.单例.Test"/>
  <testcase name="service" time="0.411" classname="com.example.java设计模式.单例.Test"/>
  <testcase name="service" time="0.000" classname="com.example.java设计模式.单例.Test"/>
  <testcase name="service" time="1.055" classname="com.example.java设计模式.单例.Test"/>
  <testcase name="service" time="0.002" classname="com.example.java设计模式.单例.Test"/>
  <testcase name="service" time="0.001" classname="com.example.java设计模式.单例.Test"/>
  <testcase name="service" time="0.424" classname="com.example.java设计模式.单例.Test"/>
  <testcase name="service" time="0.000" classname="com.example.java设计模式.单例.Test"/>
  <testcase name="service" time="0.001" classname="com.example.java设计模式.单例.Test"/>
  <testcase name="service" time="0.342" classname="com.example.java设计模式.单例.Test"/>
  <testcase name="service" time="0.000" classname="com.example.java设计模式.单例.Test"/>
  <testcase name="service" time="0.001" classname="com.example.java设计模式.单例.Test"/>
  <testcase name="service" time="0.096" classname="com.example.java设计模式.单例.Test"/>
  <testcase name="service" time="1.161" classname="com.example.java设计模式.单例.Test"/>
  <testcase name="service" time="0.408" classname="com.example.java设计模式.单例.Test"/>
  <testcase name="service" time="0.079" classname="com.example.java设计模式.单例.Test"/>
  <testcase name="service" time="0.768" classname="com.example.java设计模式.单例.Test"/>
  <testcase name="service" time="0.000" classname="com.example.java设计模式.单例.Test"/>
  <testcase name="service" time="0.000" classname="com.example.java设计模式.单例.Test"/>
  <testcase name="service" time="0.052" classname="com.example.java设计模式.单例.Test"/>
  <testcase name="service" time="0.000" classname="com.example.java设计模式.单例.Test"/>
  <testcase name="service" time="0.000" classname="com.example.java设计模式.单例.Test"/>
  <testcase name="service" time="0.019" classname="com.example.java设计模式.单例.Test"/>
  <testcase name="service" time="1.317" classname="com.example.java设计模式.单例.Test"/>
  <testcase name="service" time="0.001" classname="com.example.java设计模式.单例.Test"/>
  <testcase name="service" time="0.565" classname="com.example.java设计模式.单例.Test"/>
  <testcase name="service" time="0.000" classname="com.example.java设计模式.单例.Test"/>
  <testcase name="service" time="7.869" classname="com.example.java设计模式.单例.Test"/>
  <testcase name="service" time="0.229" classname="com.example.java设计模式.单例.Test"/>
  <testcase name="service" time="0.000" classname="com.example.java设计模式.单例.Test"/>
  <testcase name="service" time="0.852" classname="com.example.java设计模式.单例.Test"/>
  <testcase name="service" time="0.000" classname="com.example.java设计模式.单例.Test"/>
  <testcase name="service" time="8.257" classname="com.example.java设计模式.单例.Test"/>
  <testcase name="service" time="0.000" classname="com.example.java设计模式.单例.Test"/>
  <testcase name="service" time="1.112" classname="com.example.java设计模式.单例.Test"/>
  <testcase name="service" time="0.587" classname="com.example.java设计模式.单例.Test"/>
  <testcase name="service" time="6.319" classname="com.example.java设计模式.单例.Test"/>
  <testcase name="service" time="1.320" classname="com.example.java设计模式.单例.Test"/>
  <testcase name="service" time="0.001" classname="com.example.java设计模式.单例.Test"/>
  <testcase name="service" time="0.001" classname="com.example.java设计模式.单例.Test"/>
  <testcase name="service" time="0.748" classname="com.example.java设计模式.单例.Test"/>
  <testcase name="service" time="7.802" classname="com.example.java设计模式.单例.Test"/>
  <testcase name="service" time="0.325" classname="com.example.java设计模式.单例.Test"/>
  <testcase name="service" time="0.808" classname="com.example.java设计模式.单例.Test"/>
  <testcase name="service" time="0.198" classname="com.example.java设计模式.单例.Test"/>
  <testcase name="service" time="0.406" classname="com.example.java设计模式.单例.Test"/>
  <testcase name="service" time="65.036" classname="com.example.java设计模式.单例.Test"/>
  <testcase name="service" time="0.001" classname="com.example.java设计模式.单例.Test"/>
  <testcase name="service" time="0.863" classname="com.example.java设计模式.单例.Test"/>
  <testcase name="service" time="0.000" classname="com.example.java设计模式.单例.Test"/>
  <testcase name="service" time="8.316" classname="com.example.java设计模式.单例.Test"/>
  <testcase name="service" time="5.769" classname="com.example.java设计模式.单例.Test"/>
  <testcase name="service" time="0.000" classname="com.example.java设计模式.单例.Test"/>
  <testcase name="service" time="0.000" classname="com.example.java设计模式.单例.Test"/>
  <testcase name="service" time="0.001" classname="com.example.java设计模式.单例.Test"/>
  <testcase name="service" time="0.012" classname="com.example.java设计模式.单例.Test"/>
  <testcase name="service" time="0.001" classname="com.example.java设计模式.单例.Test"/>
  <testcase name="service" time="64.962" classname="com.example.java设计模式.单例.Test"/>
  <testcase name="service" time="0.223" classname="com.example.java设计模式.单例.Test"/>
  <testcase name="service" time="0.000" classname="com.example.java设计模式.单例.Test"/>
  <testcase name="service" time="0.000" classname="com.example.java设计模式.单例.Test"/>
  <testcase name="service" time="0.964" classname="com.example.java设计模式.单例.Test"/>
  <testcase name="service" time="0.041" classname="com.example.java设计模式.单例.Test"/>
  <testcase name="service" time="0.000" classname="com.example.java设计模式.单例.Test"/>
  <testcase name="service" time="0.000" classname="com.example.java设计模式.单例.Test"/>
  <testcase name="service" time="0.300" classname="com.example.java设计模式.单例.Test"/>
  <testcase name="service" time="0.000" classname="com.example.java设计模式.单例.Test"/>
  <testcase name="service" time="0.001" classname="com.example.java设计模式.单例.Test"/>
  <testcase name="service" time="0.711" classname="com.example.java设计模式.单例.Test"/>
  <testcase name="service" time="0.526" classname="com.example.java设计模式.单例.Test"/>
  <testcase name="service" time="0.659" classname="com.example.java设计模式.单例.Test"/>
  <testcase name="service" time="0.000" classname="com.example.java设计模式.单例.Test"/>
  <testcase name="service" time="0.089" classname="com.example.java设计模式.单例.Test"/>
  <testcase name="service" time="0.000" classname="com.example.java设计模式.单例.Test"/>
  <testcase name="service" time="0.001" classname="com.example.java设计模式.单例.Test"/>
  <testcase name="service" time="0.001" classname="com.example.java设计模式.单例.Test"/>
  <testcase name="service" time="0.000" classname="com.example.java设计模式.单例.Test"/>
  <testcase name="service" time="1.532" classname="com.example.java设计模式.单例.Test"/>
  <testcase name="service" time="0.000" classname="com.example.java设计模式.单例.Test"/>
  <testcase name="service" time="1.091" classname="com.example.java设计模式.单例.Test"/>
  <testcase name="service" time="6.352" classname="com.example.java设计模式.单例.Test"/>
  <testcase name="service" time="0.246" classname="com.example.java设计模式.单例.Test"/>
  <testcase name="service" time="4.988" classname="com.example.java设计模式.单例.Test"/>
  <testcase name="service" time="0.392" classname="com.example.java设计模式.单例.Test"/>
  <testcase name="service" time="0.646" classname="com.example.java设计模式.单例.Test"/>
  <testcase name="service" time="0.000" classname="com.example.java设计模式.单例.Test"/>
  <testcase name="service" time="0.000" classname="com.example.java设计模式.单例.Test"/>
  <testcase name="service" time="0.051" classname="com.example.java设计模式.单例.Test"/>
  <testcase name="service" time="0.040" classname="com.example.java设计模式.单例.Test"/>
  <testcase name="service" time="0.849" classname="com.example.java设计模式.单例.Test"/>
  <testcase name="service" time="0.280" classname="com.example.java设计模式.单例.Test"/>
  <testcase name="service" time="0.000" classname="com.example.java设计模式.单例.Test"/>
  <testcase name="service" time="0.065" classname="com.example.java设计模式.单例.Test"/>
  <testcase name="service" time="0.000" classname="com.example.java设计模式.单例.Test"/>
  <testcase name="service" time="0.152" classname="com.example.java设计模式.单例.Test"/>
  <testcase name="service" time="0.920" classname="com.example.java设计模式.单例.Test"/>
  <testcase name="service" time="8.072" classname="com.example.java设计模式.单例.Test"/>
  <testcase name="service" time="0.000" classname="com.example.java设计模式.单例.Test"/>
  <testcase name="service" time="0.000" classname="com.example.java设计模式.单例.Test"/>
  <testcase name="service" time="0.105" classname="com.example.java设计模式.单例.Test"/>
  <testcase name="service" time="7.893" classname="com.example.java设计模式.单例.Test"/>
  <testcase name="service" time="0.435" classname="com.example.java设计模式.单例.Test"/>
  <testcase name="service" time="0.055" classname="com.example.java设计模式.单例.Test"/>
  <testcase name="service" time="0.000" classname="com.example.java设计模式.单例.Test"/>
  <testcase name="service" time="0.000" classname="com.example.java设计模式.单例.Test"/>
  <testcase name="service" time="0.913" classname="com.example.java设计模式.单例.Test"/>
  <testcase name="service" time="0.000" classname="com.example.java设计模式.单例.Test"/>
  <testcase name="service" time="0.000" classname="com.example.java设计模式.单例.Test"/>
  <testcase name="service" time="0.150" classname="com.example.java设计模式.单例.Test"/>
  <testcase name="service" time="0.906" classname="com.example.java设计模式.单例.Test"/>
  <testcase name="service" time="0.001" classname="com.example.java设计模式.单例.Test"/>
  <testcase name="service" time="0.000" classname="com.example.java设计模式.单例.Test"/>
  <testcase name="service" time="0.000" classname="com.example.java设计模式.单例.Test"/>
  <testcase name="service" time="0.000" classname="com.example.java设计模式.单例.Test"/>
  <testcase name="service" time="0.378" classname="com.example.java设计模式.单例.Test"/>
  <testcase name="service" time="0.481" classname="com.example.java设计模式.单例.Test"/>
  <testcase name="service" time="64.903" classname="com.example.java设计模式.单例.Test"/>
  <testcase name="service" time="0.000" classname="com.example.java设计模式.单例.Test"/>
  <testcase name="service" time="0.718" classname="com.example.java设计模式.单例.Test"/>
  <testcase name="service" time="0.000" classname="com.example.java设计模式.单例.Test"/>
  <testcase name="service" time="0.000" classname="com.example.java设计模式.单例.Test"/>
  <testcase name="service" time="0.000" classname="com.example.java设计模式.单例.Test"/>
  <testcase name="service" time="8.316" classname="com.example.java设计模式.单例.Test"/>
  <testcase name="service" time="0.000" classname="com.example.java设计模式.单例.Test"/>
  <testcase name="service" time="0.000" classname="com.example.java设计模式.单例.Test"/>
  <testcase name="service" time="0.001" classname="com.example.java设计模式.单例.Test"/>
  <testcase name="service" time="0.384" classname="com.example.java设计模式.单例.Test"/>
  <testcase name="service" time="0.061" classname="com.example.java设计模式.单例.Test"/>
  <testcase name="service" time="0.406" classname="com.example.java设计模式.单例.Test"/>
  <testcase name="service" time="0.000" classname="com.example.java设计模式.单例.Test"/>
  <testcase name="service" time="0.127" classname="com.example.java设计模式.单例.Test"/>
  <testcase name="service" time="0.000" classname="com.example.java设计模式.单例.Test"/>
  <testcase name="service" time="0.268" classname="com.example.java设计模式.单例.Test"/>
  <testcase name="service" time="0.085" classname="com.example.java设计模式.单例.Test"/>
  <testcase name="service" time="0.000" classname="com.example.java设计模式.单例.Test"/>
  <testcase name="service" time="0.001" classname="com.example.java设计模式.单例.Test"/>
  <testcase name="service" time="0.000" classname="com.example.java设计模式.单例.Test"/>
  <testcase name="service" time="0.490" classname="com.example.java设计模式.单例.Test"/>
  <testcase name="service" time="0.000" classname="com.example.java设计模式.单例.Test"/>
  <testcase name="service" time="0.001" classname="com.example.java设计模式.单例.Test"/>
  <testcase name="service" time="0.001" classname="com.example.java设计模式.单例.Test"/>
  <testcase name="service" time="0.000" classname="com.example.java设计模式.单例.Test"/>
  <testcase name="service" time="0.542" classname="com.example.java设计模式.单例.Test"/>
  <testcase name="service" time="0.000" classname="com.example.java设计模式.单例.Test"/>
  <testcase name="service" time="0.000" classname="com.example.java设计模式.单例.Test"/>
  <testcase name="service" time="0.000" classname="com.example.java设计模式.单例.Test"/>
  <testcase name="service" time="0.196" classname="com.example.java设计模式.单例.Test"/>
  <testcase name="service" time="0.276" classname="com.example.java设计模式.单例.Test"/>
  <testcase name="service" time="0.001" classname="com.example.java设计模式.单例.Test"/>
  <testcase name="service" time="0.097" classname="com.example.java设计模式.单例.Test"/>
  <testcase name="service" time="0.000" classname="com.example.java设计模式.单例.Test"/>
  <testcase name="service" time="0.271" classname="com.example.java设计模式.单例.Test"/>
  <testcase name="service" time="0.000" classname="com.example.java设计模式.单例.Test"/>
  <testcase name="service" time="0.865" classname="com.example.java设计模式.单例.Test"/>
  <testcase name="service" time="0.423" classname="com.example.java设计模式.单例.Test"/>
  <testcase name="service" time="0.242" classname="com.example.java设计模式.单例.Test"/>
  <testcase name="service" time="0.000" classname="com.example.java设计模式.单例.Test"/>
  <testcase name="service" time="0.755" classname="com.example.java设计模式.单例.Test"/>
  <testcase name="service" time="0.182" classname="com.example.java设计模式.单例.Test"/>
  <testcase name="service" time="1.131" classname="com.example.java设计模式.单例.Test"/>
  <testcase name="service" time="0.000" classname="com.example.java设计模式.单例.Test"/>
  <testcase name="service" time="0.108" classname="com.example.java设计模式.单例.Test"/>
  <testcase name="service" time="0.000" classname="com.example.java设计模式.单例.Test"/>
  <testcase name="service" time="0.082" classname="com.example.java设计模式.单例.Test"/>
  <testcase name="service" time="0.740" classname="com.example.java设计模式.单例.Test"/>
  <testcase name="service" time="0.000" classname="com.example.java设计模式.单例.Test"/>
  <testcase name="service" time="0.000" classname="com.example.java设计模式.单例.Test"/>
  <testcase name="service" time="0.000" classname="com.example.java设计模式.单例.Test"/>
  <testcase name="service" time="0.000" classname="com.example.java设计模式.单例.Test"/>
  <testcase name="service" time="0.802" classname="com.example.java设计模式.单例.Test"/>
  <testcase name="service" time="1.348" classname="com.example.java设计模式.单例.Test"/>
  <testcase name="service" time="0.000" classname="com.example.java设计模式.单例.Test"/>
  <testcase name="service" time="0.226" classname="com.example.java设计模式.单例.Test"/>
  <testcase name="service" time="0.000" classname="com.example.java设计模式.单例.Test"/>
  <testcase name="service" time="0.000" classname="com.example.java设计模式.单例.Test"/>
  <testcase name="service" time="0.096" classname="com.example.java设计模式.单例.Test"/>
  <testcase name="service" time="0.198" classname="com.example.java设计模式.单例.Test"/>
  <testcase name="service" time="0.000" classname="com.example.java设计模式.单例.Test"/>
  <testcase name="service" time="0.000" classname="com.example.java设计模式.单例.Test"/>
  <testcase name="service" time="0.000" classname="com.example.java设计模式.单例.Test"/>
  <testcase name="service" time="0.000" classname="com.example.java设计模式.单例.Test"/>
  <testcase name="service" time="0.001" classname="com.example.java设计模式.单例.Test"/>
  <testcase name="service" time="6.843" classname="com.example.java设计模式.单例.Test"/>
  <testcase name="service" time="0.001" classname="com.example.java设计模式.单例.Test"/>
  <testcase name="service" time="0.001" classname="com.example.java设计模式.单例.Test"/>
  <testcase name="service" time="0.000" classname="com.example.java设计模式.单例.Test"/>
  <testcase name="service" time="0.231" classname="com.example.java设计模式.单例.Test"/>
  <testcase name="service" time="64.635" classname="com.example.java设计模式.单例.Test"/>
  <testcase name="service" time="0.744" classname="com.example.java设计模式.单例.Test"/>
  <testcase name="service" time="0.000" classname="com.example.java设计模式.单例.Test"/>
  <testcase name="service" time="0.064" classname="com.example.java设计模式.单例.Test"/>
  <testcase name="service" time="0.000" classname="com.example.java设计模式.单例.Test"/>
  <testcase name="service" time="0.002" classname="com.example.java设计模式.单例.Test"/>
  <testcase name="service" time="0.101" classname="com.example.java设计模式.单例.Test"/>
  <testcase name="service" time="0.000" classname="com.example.java设计模式.单例.Test"/>
  <testcase name="service" time="1.039" classname="com.example.java设计模式.单例.Test"/>
  <testcase name="service" time="0.001" classname="com.example.java设计模式.单例.Test"/>
  <testcase name="service" time="0.000" classname="com.example.java设计模式.单例.Test"/>
  <testcase name="service" time="0.220" classname="com.example.java设计模式.单例.Test"/>
  <testcase name="service" time="0.800" classname="com.example.java设计模式.单例.Test"/>
  <testcase name="service" time="0.000" classname="com.example.java设计模式.单例.Test"/>
  <testcase name="service" time="0.000" classname="com.example.java设计模式.单例.Test"/>
  <testcase name="service" time="64.988" classname="com.example.java设计模式.单例.Test"/>
  <testcase name="service" time="0.001" classname="com.example.java设计模式.单例.Test"/>
  <testcase name="service" time="0.000" classname="com.example.java设计模式.单例.Test"/>
  <testcase name="service" time="0.085" classname="com.example.java设计模式.单例.Test"/>
  <testcase name="service" time="0.365" classname="com.example.java设计模式.单例.Test"/>
  <testcase name="service" time="0.001" classname="com.example.java设计模式.单例.Test"/>
  <testcase name="service" time="7.097" classname="com.example.java设计模式.单例.Test"/>
  <testcase name="service" time="0.345" classname="com.example.java设计模式.单例.Test"/>
  <testcase name="service" time="0.456" classname="com.example.java设计模式.单例.Test"/>
  <testcase name="service" time="0.000" classname="com.example.java设计模式.单例.Test"/>
  <testcase name="service" time="64.377" classname="com.example.java设计模式.单例.Test"/>
  <testcase name="service" time="0.001" classname="com.example.java设计模式.单例.Test"/>
  <testcase name="service" time="1.185" classname="com.example.java设计模式.单例.Test"/>
  <testcase name="service" time="0.000" classname="com.example.java设计模式.单例.Test"/>
  <testcase name="service" time="0.834" classname="com.example.java设计模式.单例.Test"/>
  <testcase name="service" time="0.000" classname="com.example.java设计模式.单例.Test"/>
  <testcase name="service" time="0.118" classname="com.example.java设计模式.单例.Test"/>
  <testcase name="service" time="0.002" classname="com.example.java设计模式.单例.Test"/>
  <testcase name="service" time="0.793" classname="com.example.java设计模式.单例.Test"/>
  <testcase name="service" time="8.015" classname="com.example.java设计模式.单例.Test"/>
  <testcase name="service" time="0.101" classname="com.example.java设计模式.单例.Test"/>
  <testcase name="service" time="0.000" classname="com.example.java设计模式.单例.Test"/>
  <testcase name="service" time="0.110" classname="com.example.java设计模式.单例.Test"/>
  <testcase name="service" time="0.000" classname="com.example.java设计模式.单例.Test"/>
  <testcase name="service" time="0.000" classname="com.example.java设计模式.单例.Test"/>
  <testcase name="service" time="0.000" classname="com.example.java设计模式.单例.Test"/>
  <testcase name="service" time="0.001" classname="com.example.java设计模式.单例.Test"/>
  <testcase name="service" time="0.000" classname="com.example.java设计模式.单例.Test"/>
  <testcase name="service" time="0.484" classname="com.example.java设计模式.单例.Test"/>
  <testcase name="service" time="0.001" classname="com.example.java设计模式.单例.Test"/>
  <testcase name="service" time="0.001" classname="com.example.java设计模式.单例.Test"/>
  <testcase name="service" time="0.852" classname="com.example.java设计模式.单例.Test"/>
  <testcase name="service" time="5.965" classname="com.example.java设计模式.单例.Test"/>
  <testcase name="service" time="0.000" classname="com.example.java设计模式.单例.Test"/>
  <testcase name="service" time="0.079" classname="com.example.java设计模式.单例.Test"/>
  <testcase name="service" time="0.000" classname="com.example.java设计模式.单例.Test"/>
  <testcase name="service" time="6.402" classname="com.example.java设计模式.单例.Test"/>
  <testcase name="service" time="0.203" classname="com.example.java设计模式.单例.Test"/>
  <testcase name="service" time="0.001" classname="com.example.java设计模式.单例.Test"/>
  <testcase name="service" time="0.001" classname="com.example.java设计模式.单例.Test"/>
  <testcase name="service" time="0.425" classname="com.example.java设计模式.单例.Test"/>
  <testcase name="service" time="0.000" classname="com.example.java设计模式.单例.Test"/>
  <testcase name="service" time="0.088" classname="com.example.java设计模式.单例.Test"/>
  <testcase name="service" time="0.434" classname="com.example.java设计模式.单例.Test"/>
  <testcase name="service" time="0.203" classname="com.example.java设计模式.单例.Test"/>
  <testcase name="service" time="1.487" classname="com.example.java设计模式.单例.Test"/>
  <testcase name="service" time="0.001" classname="com.example.java设计模式.单例.Test"/>
  <testcase name="service" time="0.000" classname="com.example.java设计模式.单例.Test"/>
  <testcase name="service" time="65.043" classname="com.example.java设计模式.单例.Test"/>
  <testcase name="service" time="0.000" classname="com.example.java设计模式.单例.Test"/>
  <testcase name="service" time="0.000" classname="com.example.java设计模式.单例.Test"/>
  <testcase name="service" time="8.085" classname="com.example.java设计模式.单例.Test"/>
  <testcase name="service" time="0.000" classname="com.example.java设计模式.单例.Test"/>
  <testcase name="service" time="0.000" classname="com.example.java设计模式.单例.Test"/>
  <testcase name="service" time="0.921" classname="com.example.java设计模式.单例.Test"/>
  <testcase name="service" time="64.508" classname="com.example.java设计模式.单例.Test"/>
  <testcase name="service" time="0.000" classname="com.example.java设计模式.单例.Test"/>
  <testcase name="service" time="0.000" classname="com.example.java设计模式.单例.Test"/>
  <testcase name="service" time="1.360" classname="com.example.java设计模式.单例.Test"/>
  <testcase name="service" time="1.391" classname="com.example.java设计模式.单例.Test"/>
  <testcase name="service" time="64.550" classname="com.example.java设计模式.单例.Test"/>
  <testcase name="service" time="0.000" classname="com.example.java设计模式.单例.Test"/>
  <testcase name="service" time="0.473" classname="com.example.java设计模式.单例.Test"/>
  <testcase name="service" time="0.000" classname="com.example.java设计模式.单例.Test"/>
  <testcase name="service" time="0.000" classname="com.example.java设计模式.单例.Test"/>
  <testcase name="service" time="7.885" classname="com.example.java设计模式.单例.Test"/>
  <testcase name="service" time="0.000" classname="com.example.java设计模式.单例.Test"/>
  <testcase name="service" time="0.000" classname="com.example.java设计模式.单例.Test"/>
  <testcase name="service" time="0.000" classname="com.example.java设计模式.单例.Test"/>
  <testcase name="service" time="0.000" classname="com.example.java设计模式.单例.Test"/>
  <testcase name="service" time="0.841" classname="com.example.java设计模式.单例.Test"/>
  <testcase name="service" time="0.000" classname="com.example.java设计模式.单例.Test"/>
  <testcase name="service" time="0.000" classname="com.example.java设计模式.单例.Test"/>
  <testcase name="service" time="0.000" classname="com.example.java设计模式.单例.Test"/>
  <testcase name="service" time="0.000" classname="com.example.java设计模式.单例.Test"/>
  <testcase name="service" time="0.889" classname="com.example.java设计模式.单例.Test"/>
  <testcase name="service" time="6.615" classname="com.example.java设计模式.单例.Test"/>
  <testcase name="service" time="0.000" classname="com.example.java设计模式.单例.Test"/>
  <testcase name="service" time="0.667" classname="com.example.java设计模式.单例.Test"/>
  <testcase name="service" time="0.000" classname="com.example.java设计模式.单例.Test"/>
  <testcase name="service" time="0.272" classname="com.example.java设计模式.单例.Test"/>
  <testcase name="service" time="0.000" classname="com.example.java设计模式.单例.Test"/>
  <testcase name="service" time="0.000" classname="com.example.java设计模式.单例.Test"/>
  <testcase name="service" time="1.471" classname="com.example.java设计模式.单例.Test"/>
  <testcase name="service" time="0.000" classname="com.example.java设计模式.单例.Test"/>
  <testcase name="service" time="0.789" classname="com.example.java设计模式.单例.Test"/>
  <testcase name="service" time="0.564" classname="com.example.java设计模式.单例.Test"/>
  <testcase name="service" time="0.001" classname="com.example.java设计模式.单例.Test"/>
  <testcase name="service" time="0.185" classname="com.example.java设计模式.单例.Test"/>
  <testcase name="service" time="7.905" classname="com.example.java设计模式.单例.Test"/>
  <testcase name="service" time="0.000" classname="com.example.java设计模式.单例.Test"/>
  <testcase name="service" time="0.328" classname="com.example.java设计模式.单例.Test"/>
  <testcase name="service" time="0.275" classname="com.example.java设计模式.单例.Test"/>
  <testcase name="service" time="0.048" classname="com.example.java设计模式.单例.Test"/>
  <testcase name="service" time="0.000" classname="com.example.java设计模式.单例.Test"/>
  <testcase name="service" time="0.779" classname="com.example.java设计模式.单例.Test"/>
  <testcase name="service" time="0.000" classname="com.example.java设计模式.单例.Test"/>
  <testcase name="service" time="0.673" classname="com.example.java设计模式.单例.Test"/>
  <testcase name="service" time="0.000" classname="com.example.java设计模式.单例.Test"/>
  <testcase name="service" time="0.000" classname="com.example.java设计模式.单例.Test"/>
  <testcase name="service" time="0.897" classname="com.example.java设计模式.单例.Test"/>
  <testcase name="service" time="0.000" classname="com.example.java设计模式.单例.Test"/>
  <testcase name="service" time="0.000" classname="com.example.java设计模式.单例.Test"/>
  <testcase name="service" time="0.000" classname="com.example.java设计模式.单例.Test"/>
  <testcase name="service" time="0.755" classname="com.example.java设计模式.单例.Test"/>
  <testcase name="service" time="0.000" classname="com.example.java设计模式.单例.Test"/>
  <testcase name="service" time="1.305" classname="com.example.java设计模式.单例.Test"/>
  <testcase name="service" time="0.000" classname="com.example.java设计模式.单例.Test"/>
  <testcase name="service" time="64.732" classname="com.example.java设计模式.单例.Test"/>
  <testcase name="service" time="0.000" classname="com.example.java设计模式.单例.Test"/>
  <testcase name="service" time="0.000" classname="com.example.java设计模式.单例.Test"/>
  <testcase name="service" time="0.800" classname="com.example.java设计模式.单例.Test"/>
  <testcase name="service" time="0.000" classname="com.example.java设计模式.单例.Test"/>
  <testcase name="service" time="0.719" classname="com.example.java设计模式.单例.Test"/>
  <testcase name="service" time="64.819" classname="com.example.java设计模式.单例.Test"/>
  <testcase name="service" time="0.000" classname="com.example.java设计模式.单例.Test"/>
  <testcase name="service" time="0.001" classname="com.example.java设计模式.单例.Test"/>
  <testcase name="service" time="0.001" classname="com.example.java设计模式.单例.Test"/>
  <testcase name="service" time="0.181" classname="com.example.java设计模式.单例.Test"/>
  <testcase name="service" time="0.000" classname="com.example.java设计模式.单例.Test"/>
  <testcase name="service" time="0.000" classname="com.example.java设计模式.单例.Test"/>
  <testcase name="service" time="0.000" classname="com.example.java设计模式.单例.Test"/>
  <testcase name="service" time="6.369" classname="com.example.java设计模式.单例.Test"/>
  <testcase name="service" time="0.000" classname="com.example.java设计模式.单例.Test"/>
  <testcase name="service" time="1.221" classname="com.example.java设计模式.单例.Test"/>
  <testcase name="service" time="0.478" classname="com.example.java设计模式.单例.Test"/>
  <testcase name="service" time="0.000" classname="com.example.java设计模式.单例.Test"/>
  <testcase name="service" time="0.001" classname="com.example.java设计模式.单例.Test"/>
  <testcase name="service" time="0.016" classname="com.example.java设计模式.单例.Test"/>
  <testcase name="service" time="1.032" classname="com.example.java设计模式.单例.Test"/>
  <testcase name="service" time="0.000" classname="com.example.java设计模式.单例.Test"/>
  <testcase name="service" time="0.000" classname="com.example.java设计模式.单例.Test"/>
  <testcase name="service" time="0.001" classname="com.example.java设计模式.单例.Test"/>
  <testcase name="service" time="0.000" classname="com.example.java设计模式.单例.Test"/>
  <testcase name="service" time="6.885" classname="com.example.java设计模式.单例.Test"/>
  <testcase name="service" time="0.001" classname="com.example.java设计模式.单例.Test"/>
  <testcase name="service" time="0.011" classname="com.example.java设计模式.单例.Test"/>
  <testcase name="service" time="1.205" classname="com.example.java设计模式.单例.Test"/>
  <testcase name="service" time="6.315" classname="com.example.java设计模式.单例.Test"/>
  <testcase name="service" time="0.000" classname="com.example.java设计模式.单例.Test"/>
  <testcase name="service" time="0.000" classname="com.example.java设计模式.单例.Test"/>
  <testcase name="service" time="0.000" classname="com.example.java设计模式.单例.Test"/>
  <testcase name="service" time="0.000" classname="com.example.java设计模式.单例.Test"/>
  <testcase name="service" time="0.000" classname="com.example.java设计模式.单例.Test"/>
  <testcase name="service" time="0.638" classname="com.example.java设计模式.单例.Test"/>
  <testcase name="service" time="0.030" classname="com.example.java设计模式.单例.Test"/>
  <testcase name="service" time="0.000" classname="com.example.java设计模式.单例.Test"/>
  <testcase name="service" time="0.314" classname="com.example.java设计模式.单例.Test"/>
  <testcase name="service" time="0.001" classname="com.example.java设计模式.单例.Test"/>
  <testcase name="service" time="0.330" classname="com.example.java设计模式.单例.Test"/>
  <testcase name="service" time="0.415" classname="com.example.java设计模式.单例.Test"/>
  <testcase name="service" time="0.000" classname="com.example.java设计模式.单例.Test"/>
  <testcase name="service" time="0.000" classname="com.example.java设计模式.单例.Test"/>
  <testcase name="service" time="0.803" classname="com.example.java设计模式.单例.Test"/>
  <testcase name="service" time="0.190" classname="com.example.java设计模式.单例.Test"/>
  <testcase name="service" time="0.000" classname="com.example.java设计模式.单例.Test"/>
  <testcase name="service" time="0.000" classname="com.example.java设计模式.单例.Test"/>
  <testcase name="service" time="0.947" classname="com.example.java设计模式.单例.Test"/>
  <testcase name="service" time="0.001" classname="com.example.java设计模式.单例.Test"/>
  <testcase name="service" time="1.413" classname="com.example.java设计模式.单例.Test"/>
  <testcase name="service" time="0.466" classname="com.example.java设计模式.单例.Test"/>
  <testcase name="service" time="0.001" classname="com.example.java设计模式.单例.Test"/>
  <testcase name="service" time="65.020" classname="com.example.java设计模式.单例.Test"/>
  <testcase name="service" time="0.000" classname="com.example.java设计模式.单例.Test"/>
  <testcase name="service" time="0.001" classname="com.example.java设计模式.单例.Test"/>
  <testcase name="service" time="0.946" classname="com.example.java设计模式.单例.Test"/>
  <testcase name="service" time="0.000" classname="com.example.java设计模式.单例.Test"/>
  <testcase name="service" time="6.717" classname="com.example.java设计模式.单例.Test"/>
  <testcase name="service" time="0.001" classname="com.example.java设计模式.单例.Test"/>
  <testcase name="service" time="0.000" classname="com.example.java设计模式.单例.Test"/>
  <testcase name="service" time="0.052" classname="com.example.java设计模式.单例.Test"/>
  <testcase name="service" time="0.459" classname="com.example.java设计模式.单例.Test"/>
  <testcase name="service" time="0.000" classname="com.example.java设计模式.单例.Test"/>
  <testcase name="service" time="0.001" classname="com.example.java设计模式.单例.Test"/>
  <testcase name="service" time="1.095" classname="com.example.java设计模式.单例.Test"/>
  <testcase name="service" time="0.000" classname="com.example.java设计模式.单例.Test"/>
  <testcase name="service" time="0.000" classname="com.example.java设计模式.单例.Test"/>
  <testcase name="service" time="0.168" classname="com.example.java设计模式.单例.Test"/>
  <testcase name="service" time="0.115" classname="com.example.java设计模式.单例.Test"/>
  <testcase name="service" time="0.061" classname="com.example.java设计模式.单例.Test"/>
  <testcase name="service" time="6.716" classname="com.example.java设计模式.单例.Test"/>
  <testcase name="service" time="0.000" classname="com.example.java设计模式.单例.Test"/>
  <testcase name="service" time="0.000" classname="com.example.java设计模式.单例.Test"/>
  <testcase name="service" time="0.000" classname="com.example.java设计模式.单例.Test"/>
  <testcase name="service" time="0.000" classname="com.example.java设计模式.单例.Test"/>
  <testcase name="service" time="0.677" classname="com.example.java设计模式.单例.Test"/>
  <testcase name="service" time="0.001" classname="com.example.java设计模式.单例.Test"/>
  <testcase name="service" time="0.012" classname="com.example.java设计模式.单例.Test"/>
  <testcase name="service" time="0.000" classname="com.example.java设计模式.单例.Test"/>
  <testcase name="service" time="0.000" classname="com.example.java设计模式.单例.Test"/>
  <testcase name="service" time="0.815" classname="com.example.java设计模式.单例.Test"/>
  <testcase name="service" time="1.233" classname="com.example.java设计模式.单例.Test"/>
  <testcase name="service" time="0.000" classname="com.example.java设计模式.单例.Test"/>
  <testcase name="service" time="6.612" classname="com.example.java设计模式.单例.Test"/>
  <testcase name="service" time="0.000" classname="com.example.java设计模式.单例.Test"/>
  <testcase name="service" time="0.000" classname="com.example.java设计模式.单例.Test"/>
  <testcase name="service" time="0.533" classname="com.example.java设计模式.单例.Test"/>
  <testcase name="service" time="0.000" classname="com.example.java设计模式.单例.Test"/>
  <testcase name="service" time="0.119" classname="com.example.java设计模式.单例.Test"/>
  <testcase name="service" time="0.043" classname="com.example.java设计模式.单例.Test"/>
  <testcase name="service" time="0.000" classname="com.example.java设计模式.单例.Test"/>
  <testcase name="service" time="0.000" classname="com.example.java设计模式.单例.Test"/>
  <testcase name="service" time="1.054" classname="com.example.java设计模式.单例.Test"/>
  <testcase name="service" time="0.025" classname="com.example.java设计模式.单例.Test"/>
  <testcase name="service" time="1.272" classname="com.example.java设计模式.单例.Test"/>
  <testcase name="service" time="0.533" classname="com.example.java设计模式.单例.Test"/>
  <testcase name="service" time="1.416" classname="com.example.java设计模式.单例.Test"/>
  <testcase name="service" time="0.739" classname="com.example.java设计模式.单例.Test"/>
  <testcase name="service" time="0.702" classname="com.example.java设计模式.单例.Test"/>
  <testcase name="service" time="0.001" classname="com.example.java设计模式.单例.Test"/>
  <testcase name="service" time="0.001" classname="com.example.java设计模式.单例.Test"/>
  <testcase name="service" time="0.001" classname="com.example.java设计模式.单例.Test"/>
  <testcase name="service" time="6.203" classname="com.example.java设计模式.单例.Test"/>
  <testcase name="service" time="0.001" classname="com.example.java设计模式.单例.Test"/>
  <testcase name="service" time="64.820" classname="com.example.java设计模式.单例.Test"/>
  <testcase name="service" time="7.933" classname="com.example.java设计模式.单例.Test"/>
  <testcase name="service" time="0.001" classname="com.example.java设计模式.单例.Test"/>
  <testcase name="service" time="0.285" classname="com.example.java设计模式.单例.Test"/>
  <testcase name="service" time="0.120" classname="com.example.java设计模式.单例.Test"/>
  <testcase name="service" time="0.000" classname="com.example.java设计模式.单例.Test"/>
  <testcase name="service" time="0.000" classname="com.example.java设计模式.单例.Test"/>
  <testcase name="service" time="0.408" classname="com.example.java设计模式.单例.Test"/>
  <testcase name="service" time="0.001" classname="com.example.java设计模式.单例.Test"/>
  <testcase name="service" time="0.000" classname="com.example.java设计模式.单例.Test"/>
  <testcase name="service" time="0.000" classname="com.example.java设计模式.单例.Test"/>
  <testcase name="service" time="0.035" classname="com.example.java设计模式.单例.Test"/>
  <testcase name="service" time="0.000" classname="com.example.java设计模式.单例.Test"/>
  <testcase name="service" time="0.000" classname="com.example.java设计模式.单例.Test"/>
  <testcase name="service" time="0.160" classname="com.example.java设计模式.单例.Test"/>
  <testcase name="service" time="0.001" classname="com.example.java设计模式.单例.Test"/>
  <testcase name="service" time="0.000" classname="com.example.java设计模式.单例.Test"/>
  <testcase name="service" time="6.669" classname="com.example.java设计模式.单例.Test"/>
  <testcase name="service" time="7.140" classname="com.example.java设计模式.单例.Test"/>
  <testcase name="service" time="0.142" classname="com.example.java设计模式.单例.Test"/>
  <testcase name="service" time="0.000" classname="com.example.java设计模式.单例.Test"/>
  <testcase name="service" time="0.001" classname="com.example.java设计模式.单例.Test"/>
  <testcase name="service" time="0.001" classname="com.example.java设计模式.单例.Test"/>
  <testcase name="service" time="0.218" classname="com.example.java设计模式.单例.Test"/>
  <testcase name="service" time="0.000" classname="com.example.java设计模式.单例.Test"/>
  <testcase name="service" time="0.000" classname="com.example.java设计模式.单例.Test"/>
  <testcase name="service" time="0.000" classname="com.example.java设计模式.单例.Test"/>
  <testcase name="service" time="0.000" classname="com.example.java设计模式.单例.Test"/>
  <testcase name="service" time="0.000" classname="com.example.java设计模式.单例.Test"/>
  <testcase name="service" time="0.025" classname="com.example.java设计模式.单例.Test"/>
  <testcase name="service" time="0.687" classname="com.example.java设计模式.单例.Test"/>
  <testcase name="service" time="0.000" classname="com.example.java设计模式.单例.Test"/>
  <testcase name="service" time="0.000" classname="com.example.java设计模式.单例.Test"/>
  <testcase name="service" time="0.000" classname="com.example.java设计模式.单例.Test"/>
  <testcase name="service" time="0.000" classname="com.example.java设计模式.单例.Test"/>
  <testcase name="service" time="0.000" classname="com.example.java设计模式.单例.Test"/>
  <testcase name="service" time="0.000" classname="com.example.java设计模式.单例.Test"/>
  <testcase name="service" time="0.924" classname="com.example.java设计模式.单例.Test"/>
  <testcase name="service" time="0.001" classname="com.example.java设计模式.单例.Test"/>
  <testcase name="service" time="0.000" classname="com.example.java设计模式.单例.Test"/>
  <testcase name="service" time="7.099" classname="com.example.java设计模式.单例.Test"/>
  <testcase name="service" time="0.000" classname="com.example.java设计模式.单例.Test"/>
  <testcase name="service" time="0.000" classname="com.example.java设计模式.单例.Test"/>
  <testcase name="service" time="0.335" classname="com.example.java设计模式.单例.Test"/>
  <testcase name="service" time="0.001" classname="com.example.java设计模式.单例.Test"/>
  <testcase name="service" time="0.000" classname="com.example.java设计模式.单例.Test"/>
  <testcase name="service" time="0.169" classname="com.example.java设计模式.单例.Test"/>
  <testcase name="service" time="0.000" classname="com.example.java设计模式.单例.Test"/>
  <testcase name="service" time="0.455" classname="com.example.java设计模式.单例.Test"/>
  <testcase name="service" time="0.000" classname="com.example.java设计模式.单例.Test"/>
  <testcase name="service" time="0.000" classname="com.example.java设计模式.单例.Test"/>
  <testcase name="service" time="0.001" classname="com.example.java设计模式.单例.Test"/>
  <testcase name="service" time="0.000" classname="com.example.java设计模式.单例.Test"/>
  <testcase name="service" time="0.000" classname="com.example.java设计模式.单例.Test"/>
  <testcase name="service" time="0.000" classname="com.example.java设计模式.单例.Test"/>
  <testcase name="service" time="0.260" classname="com.example.java设计模式.单例.Test"/>
  <testcase name="service" time="0.887" classname="com.example.java设计模式.单例.Test"/>
  <testcase name="service" time="0.105" classname="com.example.java设计模式.单例.Test"/>
  <testcase name="service" time="0.001" classname="com.example.java设计模式.单例.Test"/>
  <testcase name="service" time="0.224" classname="com.example.java设计模式.单例.Test"/>
  <testcase name="service" time="0.024" classname="com.example.java设计模式.单例.Test"/>
  <testcase name="service" time="0.750" classname="com.example.java设计模式.单例.Test"/>
  <testcase name="service" time="0.896" classname="com.example.java设计模式.单例.Test"/>
  <testcase name="service" time="0.085" classname="com.example.java设计模式.单例.Test"/>
  <testcase name="service" time="0.001" classname="com.example.java设计模式.单例.Test"/>
  <testcase name="service" time="0.001" classname="com.example.java设计模式.单例.Test"/>
  <testcase name="service" time="0.000" classname="com.example.java设计模式.单例.Test"/>
  <testcase name="service" time="0.000" classname="com.example.java设计模式.单例.Test"/>
  <testcase name="service" time="0.000" classname="com.example.java设计模式.单例.Test"/>
  <testcase name="service" time="0.000" classname="com.example.java设计模式.单例.Test"/>
  <testcase name="service" time="0.000" classname="com.example.java设计模式.单例.Test"/>
  <testcase name="service" time="0.108" classname="com.example.java设计模式.单例.Test"/>
  <testcase name="service" time="6.001" classname="com.example.java设计模式.单例.Test"/>
  <testcase name="service" time="0.001" classname="com.example.java设计模式.单例.Test"/>
  <testcase name="service" time="0.300" classname="com.example.java设计模式.单例.Test"/>
  <testcase name="service" time="0.000" classname="com.example.java设计模式.单例.Test"/>
  <testcase name="service" time="7.877" classname="com.example.java设计模式.单例.Test"/>
  <testcase name="service" time="0.138" classname="com.example.java设计模式.单例.Test"/>
  <testcase name="service" time="0.000" classname="com.example.java设计模式.单例.Test"/>
  <testcase name="service" time="0.000" classname="com.example.java设计模式.单例.Test"/>
  <testcase name="service" time="0.000" classname="com.example.java设计模式.单例.Test"/>
  <testcase name="service" time="0.000" classname="com.example.java设计模式.单例.Test"/>
  <testcase name="service" time="0.001" classname="com.example.java设计模式.单例.Test"/>
  <testcase name="service" time="0.055" classname="com.example.java设计模式.单例.Test"/>
  <testcase name="service" time="6.862" classname="com.example.java设计模式.单例.Test"/>
  <testcase name="service" time="0.119" classname="com.example.java设计模式.单例.Test"/>
  <testcase name="service" time="0.000" classname="com.example.java设计模式.单例.Test"/>
  <testcase name="service" time="0.000" classname="com.example.java设计模式.单例.Test"/>
  <testcase name="service" time="0.000" classname="com.example.java设计模式.单例.Test"/>
  <testcase name="service" time="0.446" classname="com.example.java设计模式.单例.Test"/>
  <testcase name="service" time="0.001" classname="com.example.java设计模式.单例.Test"/>
  <testcase name="service" time="0.200" classname="com.example.java设计模式.单例.Test"/>
  <testcase name="service" time="0.000" classname="com.example.java设计模式.单例.Test"/>
  <testcase name="service" time="0.000" classname="com.example.java设计模式.单例.Test"/>
  <testcase name="service" time="0.000" classname="com.example.java设计模式.单例.Test"/>
  <testcase name="service" time="1.278" classname="com.example.java设计模式.单例.Test"/>
  <testcase name="service" time="0.338" classname="com.example.java设计模式.单例.Test"/>
  <testcase name="service" time="0.000" classname="com.example.java设计模式.单例.Test"/>
  <testcase name="service" time="0.001" classname="com.example.java设计模式.单例.Test"/>
  <testcase name="service" time="0.001" classname="com.example.java设计模式.单例.Test"/>
  <testcase name="service" time="8.102" classname="com.example.java设计模式.单例.Test"/>
  <testcase name="service" time="0.000" classname="com.example.java设计模式.单例.Test"/>
  <testcase name="service" time="8.270" classname="com.example.java设计模式.单例.Test"/>
  <testcase name="service" time="0.178" classname="com.example.java设计模式.单例.Test"/>
  <testcase name="service" time="0.794" classname="com.example.java设计模式.单例.Test"/>
  <testcase name="service" time="0.000" classname="com.example.java设计模式.单例.Test"/>
  <testcase name="service" time="0.000" classname="com.example.java设计模式.单例.Test"/>
  <testcase name="service" time="0.770" classname="com.example.java设计模式.单例.Test"/>
  <testcase name="service" time="0.000" classname="com.example.java设计模式.单例.Test"/>
  <testcase name="service" time="6.854" classname="com.example.java设计模式.单例.Test"/>
  <testcase name="service" time="0.000" classname="com.example.java设计模式.单例.Test"/>
  <testcase name="service" time="0.000" classname="com.example.java设计模式.单例.Test"/>
  <testcase name="service" time="0.000" classname="com.example.java设计模式.单例.Test"/>
  <testcase name="service" time="0.000" classname="com.example.java设计模式.单例.Test"/>
  <testcase name="service" time="0.000" classname="com.example.java设计模式.单例.Test"/>
  <testcase name="service" time="6.351" classname="com.example.java设计模式.单例.Test"/>
  <testcase name="service" time="0.000" classname="com.example.java设计模式.单例.Test"/>
  <testcase name="service" time="0.000" classname="com.example.java设计模式.单例.Test"/>
  <testcase name="service" time="0.000" classname="com.example.java设计模式.单例.Test"/>
  <testcase name="service" time="1.221" classname="com.example.java设计模式.单例.Test"/>
  <testcase name="service" time="0.000" classname="com.example.java设计模式.单例.Test"/>
  <testcase name="service" time="0.764" classname="com.example.java设计模式.单例.Test"/>
  <testcase name="service" time="0.000" classname="com.example.java设计模式.单例.Test"/>
  <testcase name="service" time="0.053" classname="com.example.java设计模式.单例.Test"/>
  <testcase name="service" time="0.000" classname="com.example.java设计模式.单例.Test"/>
  <testcase name="service" time="0.001" classname="com.example.java设计模式.单例.Test"/>
  <testcase name="service" time="0.000" classname="com.example.java设计模式.单例.Test"/>
  <testcase name="service" time="0.000" classname="com.example.java设计模式.单例.Test"/>
  <testcase name="service" time="1.091" classname="com.example.java设计模式.单例.Test"/>
  <testcase name="service" time="0.497" classname="com.example.java设计模式.单例.Test"/>
  <testcase name="service" time="0.380" classname="com.example.java设计模式.单例.Test"/>
  <testcase name="service" time="0.308" classname="com.example.java设计模式.单例.Test"/>
  <testcase name="service" time="0.101" classname="com.example.java设计模式.单例.Test"/>
  <testcase name="service" time="0.000" classname="com.example.java设计模式.单例.Test"/>
  <testcase name="service" time="0.327" classname="com.example.java设计模式.单例.Test"/>
  <testcase name="service" time="0.000" classname="com.example.java设计模式.单例.Test"/>
  <testcase name="service" time="0.000" classname="com.example.java设计模式.单例.Test"/>
  <testcase name="service" time="1.120" classname="com.example.java设计模式.单例.Test"/>
  <testcase name="service" time="0.000" classname="com.example.java设计模式.单例.Test"/>
  <testcase name="service" time="0.001" classname="com.example.java设计模式.单例.Test"/>
  <testcase name="service" time="0.000" classname="com.example.java设计模式.单例.Test"/>
  <testcase name="service" time="0.000" classname="com.example.java设计模式.单例.Test"/>
  <testcase name="service" time="0.001" classname="com.example.java设计模式.单例.Test"/>
  <testcase name="service" time="0.178" classname="com.example.java设计模式.单例.Test"/>
  <testcase name="service" time="0.846" classname="com.example.java设计模式.单例.Test"/>
  <testcase name="service" time="0.000" classname="com.example.java设计模式.单例.Test"/>
  <testcase name="service" time="1.189" classname="com.example.java设计模式.单例.Test"/>
  <testcase name="service" time="0.000" classname="com.example.java设计模式.单例.Test"/>
  <testcase name="service" time="0.000" classname="com.example.java设计模式.单例.Test"/>
  <testcase name="service" time="0.011" classname="com.example.java设计模式.单例.Test"/>
  <testcase name="service" time="1.273" classname="com.example.java设计模式.单例.Test"/>
  <testcase name="service" time="0.001" classname="com.example.java设计模式.单例.Test"/>
  <testcase name="service" time="0.001" classname="com.example.java设计模式.单例.Test"/>
  <testcase name="service" time="1.278" classname="com.example.java设计模式.单例.Test"/>
  <testcase name="service" time="0.000" classname="com.example.java设计模式.单例.Test"/>
  <testcase name="service" time="0.000" classname="com.example.java设计模式.单例.Test"/>
  <testcase name="service" time="1.497" classname="com.example.java设计模式.单例.Test"/>
  <testcase name="service" time="0.293" classname="com.example.java设计模式.单例.Test"/>
  <testcase name="service" time="0.000" classname="com.example.java设计模式.单例.Test"/>
  <testcase name="service" time="0.001" classname="com.example.java设计模式.单例.Test"/>
  <testcase name="service" time="0.517" classname="com.example.java设计模式.单例.Test"/>
  <testcase name="service" time="0.001" classname="com.example.java设计模式.单例.Test"/>
  <testcase name="service" time="0.000" classname="com.example.java设计模式.单例.Test"/>
  <testcase name="service" time="0.219" classname="com.example.java设计模式.单例.Test"/>
  <testcase name="service" time="0.001" classname="com.example.java设计模式.单例.Test"/>
  <testcase name="service" time="0.312" classname="com.example.java设计模式.单例.Test"/>
  <testcase name="service" time="0.250" classname="com.example.java设计模式.单例.Test"/>
  <testcase name="service" time="0.068" classname="com.example.java设计模式.单例.Test"/>
  <testcase name="service" time="0.245" classname="com.example.java设计模式.单例.Test"/>
  <testcase name="service" time="0.000" classname="com.example.java设计模式.单例.Test"/>
  <testcase name="service" time="0.041" classname="com.example.java设计模式.单例.Test"/>
  <testcase name="service" time="5.642" classname="com.example.java设计模式.单例.Test"/>
  <testcase name="service" time="0.000" classname="com.example.java设计模式.单例.Test"/>
  <testcase name="service" time="0.167" classname="com.example.java设计模式.单例.Test"/>
  <testcase name="service" time="0.001" classname="com.example.java设计模式.单例.Test"/>
  <testcase name="service" time="0.000" classname="com.example.java设计模式.单例.Test"/>
  <testcase name="service" time="0.137" classname="com.example.java设计模式.单例.Test"/>
  <testcase name="service" time="0.240" classname="com.example.java设计模式.单例.Test"/>
  <testcase name="service" time="0.040" classname="com.example.java设计模式.单例.Test"/>
  <testcase name="service" time="0.225" classname="com.example.java设计模式.单例.Test"/>
  <testcase name="service" time="0.000" classname="com.example.java设计模式.单例.Test"/>
  <testcase name="service" time="0.000" classname="com.example.java设计模式.单例.Test"/>
  <testcase name="service" time="0.000" classname="com.example.java设计模式.单例.Test"/>
  <testcase name="service" time="0.188" classname="com.example.java设计模式.单例.Test"/>
  <testcase name="service" time="0.638" classname="com.example.java设计模式.单例.Test"/>
  <testcase name="service" time="0.508" classname="com.example.java设计模式.单例.Test"/>
  <testcase name="service" time="0.846" classname="com.example.java设计模式.单例.Test"/>
  <testcase name="service" time="0.096" classname="com.example.java设计模式.单例.Test"/>
  <testcase name="service" time="0.001" classname="com.example.java设计模式.单例.Test"/>
  <testcase name="service" time="0.000" classname="com.example.java设计模式.单例.Test"/>
  <testcase name="service" time="0.001" classname="com.example.java设计模式.单例.Test"/>
  <testcase name="service" time="0.000" classname="com.example.java设计模式.单例.Test"/>
  <testcase name="service" time="0.000" classname="com.example.java设计模式.单例.Test"/>
  <testcase name="service" time="0.003" classname="com.example.java设计模式.单例.Test"/>
  <testcase name="service" time="8.335" classname="com.example.java设计模式.单例.Test"/>
  <testcase name="service" time="0.000" classname="com.example.java设计模式.单例.Test"/>
  <testcase name="service" time="0.001" classname="com.example.java设计模式.单例.Test"/>
  <testcase name="service" time="0.325" classname="com.example.java设计模式.单例.Test"/>
  <testcase name="service" time="0.005" classname="com.example.java设计模式.单例.Test"/>
  <testcase name="service" time="0.001" classname="com.example.java设计模式.单例.Test"/>
  <testcase name="service" time="0.000" classname="com.example.java设计模式.单例.Test"/>
  <testcase name="service" time="7.470" classname="com.example.java设计模式.单例.Test"/>
  <testcase name="service" time="0.001" classname="com.example.java设计模式.单例.Test"/>
  <testcase name="service" time="0.211" classname="com.example.java设计模式.单例.Test"/>
  <testcase name="service" time="64.967" classname="com.example.java设计模式.单例.Test"/>
  <testcase name="service" time="0.024" classname="com.example.java设计模式.单例.Test"/>
  <testcase name="service" time="0.097" classname="com.example.java设计模式.单例.Test"/>
  <testcase name="service" time="0.000" classname="com.example.java设计模式.单例.Test"/>
  <testcase name="service" time="6.402" classname="com.example.java设计模式.单例.Test"/>
  <testcase name="service" time="0.926" classname="com.example.java设计模式.单例.Test"/>
  <testcase name="service" time="0.000" classname="com.example.java设计模式.单例.Test"/>
  <testcase name="service" time="1.150" classname="com.example.java设计模式.单例.Test"/>
  <testcase name="service" time="0.000" classname="com.example.java设计模式.单例.Test"/>
  <testcase name="service" time="0.000" classname="com.example.java设计模式.单例.Test"/>
  <testcase name="service" time="0.000" classname="com.example.java设计模式.单例.Test"/>
  <testcase name="service" time="0.388" classname="com.example.java设计模式.单例.Test"/>
  <testcase name="service" time="0.000" classname="com.example.java设计模式.单例.Test"/>
  <testcase name="service" time="0.000" classname="com.example.java设计模式.单例.Test"/>
  <testcase name="service" time="6.587" classname="com.example.java设计模式.单例.Test"/>
  <testcase name="service" time="0.139" classname="com.example.java设计模式.单例.Test"/>
  <testcase name="service" time="0.001" classname="com.example.java设计模式.单例.Test"/>
  <testcase name="service" time="0.000" classname="com.example.java设计模式.单例.Test"/>
  <testcase name="service" time="0.399" classname="com.example.java设计模式.单例.Test"/>
  <testcase name="service" time="0.000" classname="com.example.java设计模式.单例.Test"/>
  <testcase name="service" time="0.000" classname="com.example.java设计模式.单例.Test"/>
  <testcase name="service" time="0.000" classname="com.example.java设计模式.单例.Test"/>
  <testcase name="service" time="0.062" classname="com.example.java设计模式.单例.Test"/>
  <testcase name="service" time="0.649" classname="com.example.java设计模式.单例.Test"/>
  <testcase name="service" time="1.252" classname="com.example.java设计模式.单例.Test"/>
  <testcase name="service" time="65.008" classname="com.example.java设计模式.单例.Test"/>
  <testcase name="service" time="0.001" classname="com.example.java设计模式.单例.Test"/>
  <testcase name="service" time="0.001" classname="com.example.java设计模式.单例.Test"/>
  <testcase name="service" time="0.652" classname="com.example.java设计模式.单例.Test"/>
  <testcase name="service" time="0.766" classname="com.example.java设计模式.单例.Test"/>
  <testcase name="service" time="0.000" classname="com.example.java设计模式.单例.Test"/>
  <testcase name="service" time="0.918" classname="com.example.java设计模式.单例.Test"/>
  <testcase name="service" time="0.000" classname="com.example.java设计模式.单例.Test"/>
  <testcase name="service" time="0.000" classname="com.example.java设计模式.单例.Test"/>
  <testcase name="service" time="4.758" classname="com.example.java设计模式.单例.Test"/>
  <testcase name="service" time="0.001" classname="com.example.java设计模式.单例.Test"/>
  <testcase name="service" time="0.001" classname="com.example.java设计模式.单例.Test"/>
  <testcase name="service" time="0.000" classname="com.example.java设计模式.单例.Test"/>
  <testcase name="service" time="0.000" classname="com.example.java设计模式.单例.Test"/>
  <testcase name="service" time="0.000" classname="com.example.java设计模式.单例.Test"/>
  <testcase name="service" time="0.001" classname="com.example.java设计模式.单例.Test"/>
  <testcase name="service" time="0.585" classname="com.example.java设计模式.单例.Test"/>
  <testcase name="service" time="0.199" classname="com.example.java设计模式.单例.Test"/>
  <testcase name="service" time="0.084" classname="com.example.java设计模式.单例.Test"/>
  <testcase name="service" time="65.368" classname="com.example.java设计模式.单例.Test"/>
  <testcase name="service" time="0.000" classname="com.example.java设计模式.单例.Test"/>
  <testcase name="service" time="0.001" classname="com.example.java设计模式.单例.Test"/>
  <testcase name="service" time="0.000" classname="com.example.java设计模式.单例.Test"/>
  <testcase name="service" time="0.653" classname="com.example.java设计模式.单例.Test"/>
  <testcase name="service" time="0.842" classname="com.example.java设计模式.单例.Test"/>
  <testcase name="service" time="0.001" classname="com.example.java设计模式.单例.Test"/>
  <testcase name="service" time="0.000" classname="com.example.java设计模式.单例.Test"/>
  <testcase name="service" time="0.000" classname="com.example.java设计模式.单例.Test"/>
  <testcase name="service" time="0.000" classname="com.example.java设计模式.单例.Test"/>
  <testcase name="service" time="0.000" classname="com.example.java设计模式.单例.Test"/>
  <testcase name="service" time="0.223" classname="com.example.java设计模式.单例.Test"/>
  <testcase name="service" time="0.000" classname="com.example.java设计模式.单例.Test"/>
  <testcase name="service" time="1.369" classname="com.example.java设计模式.单例.Test"/>
  <testcase name="service" time="0.001" classname="com.example.java设计模式.单例.Test"/>
  <testcase name="service" time="64.926" classname="com.example.java设计模式.单例.Test"/>
  <testcase name="service" time="0.259" classname="com.example.java设计模式.单例.Test"/>
  <testcase name="service" time="0.000" classname="com.example.java设计模式.单例.Test"/>
  <testcase name="service" time="0.279" classname="com.example.java设计模式.单例.Test"/>
  <testcase name="service" time="0.139" classname="com.example.java设计模式.单例.Test"/>
  <testcase name="service" time="0.000" classname="com.example.java设计模式.单例.Test"/>
  <testcase name="service" time="0.000" classname="com.example.java设计模式.单例.Test"/>
  <testcase name="service" time="0.000" classname="com.example.java设计模式.单例.Test"/>
  <testcase name="service" time="0.000" classname="com.example.java设计模式.单例.Test"/>
  <testcase name="service" time="0.238" classname="com.example.java设计模式.单例.Test"/>
  <testcase name="service" time="0.000" classname="com.example.java设计模式.单例.Test"/>
  <testcase name="service" time="0.359" classname="com.example.java设计模式.单例.Test"/>
  <testcase name="service" time="0.333" classname="com.example.java设计模式.单例.Test"/>
  <testcase name="service" time="0.064" classname="com.example.java设计模式.单例.Test"/>
  <testcase name="service" time="0.001" classname="com.example.java设计模式.单例.Test"/>
  <testcase name="service" time="0.000" classname="com.example.java设计模式.单例.Test"/>
  <testcase name="service" time="0.452" classname="com.example.java设计模式.单例.Test"/>
  <testcase name="service" time="7.882" classname="com.example.java设计模式.单例.Test"/>
  <testcase name="service" time="0.000" classname="com.example.java设计模式.单例.Test"/>
  <testcase name="service" time="0.000" classname="com.example.java设计模式.单例.Test"/>
  <testcase name="service" time="0.000" classname="com.example.java设计模式.单例.Test"/>
  <testcase name="service" time="0.329" classname="com.example.java设计模式.单例.Test"/>
  <testcase name="service" time="0.000" classname="com.example.java设计模式.单例.Test"/>
  <testcase name="service" time="0.000" classname="com.example.java设计模式.单例.Test"/>
  <testcase name="service" time="0.001" classname="com.example.java设计模式.单例.Test"/>
  <testcase name="service" time="1.103" classname="com.example.java设计模式.单例.Test"/>
  <testcase name="service" time="0.001" classname="com.example.java设计模式.单例.Test"/>
  <testcase name="service" time="0.062" classname="com.example.java设计模式.单例.Test"/>
  <testcase name="service" time="0.000" classname="com.example.java设计模式.单例.Test"/>
  <testcase name="service" time="0.373" classname="com.example.java设计模式.单例.Test"/>
  <testcase name="service" time="0.001" classname="com.example.java设计模式.单例.Test"/>
  <testcase name="service" time="0.000" classname="com.example.java设计模式.单例.Test"/>
  <testcase name="service" time="0.000" classname="com.example.java设计模式.单例.Test"/>
  <testcase name="service" time="0.585" classname="com.example.java设计模式.单例.Test"/>
  <testcase name="service" time="0.000" classname="com.example.java设计模式.单例.Test"/>
  <testcase name="service" time="0.000" classname="com.example.java设计模式.单例.Test"/>
  <testcase name="service" time="0.000" classname="com.example.java设计模式.单例.Test"/>
  <testcase name="service" time="0.000" classname="com.example.java设计模式.单例.Test"/>
  <testcase name="service" time="0.000" classname="com.example.java设计模式.单例.Test"/>
  <testcase name="service" time="1.193" classname="com.example.java设计模式.单例.Test"/>
  <testcase name="service" time="1.248" classname="com.example.java设计模式.单例.Test"/>
  <testcase name="service" time="0.001" classname="com.example.java设计模式.单例.Test"/>
  <testcase name="service" time="0.000" classname="com.example.java设计模式.单例.Test"/>
  <testcase name="service" time="64.075" classname="com.example.java设计模式.单例.Test"/>
  <testcase name="service" time="0.000" classname="com.example.java设计模式.单例.Test"/>
  <testcase name="service" time="0.000" classname="com.example.java设计模式.单例.Test"/>
  <testcase name="service" time="0.000" classname="com.example.java设计模式.单例.Test"/>
  <testcase name="service" time="0.001" classname="com.example.java设计模式.单例.Test"/>
  <testcase name="service" time="0.986" classname="com.example.java设计模式.单例.Test"/>
  <testcase name="service" time="0.120" classname="com.example.java设计模式.单例.Test"/>
  <testcase name="service" time="0.884" classname="com.example.java设计模式.单例.Test"/>
  <testcase name="service" time="0.000" classname="com.example.java设计模式.单例.Test"/>
  <testcase name="service" time="1.042" classname="com.example.java设计模式.单例.Test"/>
  <testcase name="service" time="0.969" classname="com.example.java设计模式.单例.Test"/>
  <testcase name="service" time="0.000" classname="com.example.java设计模式.单例.Test"/>
  <testcase name="service" time="0.000" classname="com.example.java设计模式.单例.Test"/>
  <testcase name="service" time="0.349" classname="com.example.java设计模式.单例.Test"/>
  <testcase name="service" time="0.001" classname="com.example.java设计模式.单例.Test"/>
  <testcase name="service" time="64.952" classname="com.example.java设计模式.单例.Test"/>
  <testcase name="service" time="0.000" classname="com.example.java设计模式.单例.Test"/>
  <testcase name="service" time="0.000" classname="com.example.java设计模式.单例.Test"/>
  <testcase name="service" time="0.945" classname="com.example.java设计模式.单例.Test"/>
  <testcase name="service" time="1.103" classname="com.example.java设计模式.单例.Test"/>
  <testcase name="service" time="0.878" classname="com.example.java设计模式.单例.Test"/>
  <testcase name="service" time="1.015" classname="com.example.java设计模式.单例.Test"/>
  <testcase name="service" time="64.626" classname="com.example.java设计模式.单例.Test"/>
  <testcase name="service" time="6.261" classname="com.example.java设计模式.单例.Test"/>
  <testcase name="service" time="0.236" classname="com.example.java设计模式.单例.Test"/>
  <testcase name="service" time="64.822" classname="com.example.java设计模式.单例.Test"/>
  <testcase name="service" time="0.000" classname="com.example.java设计模式.单例.Test"/>
  <testcase name="service" time="0.000" classname="com.example.java设计模式.单例.Test"/>
  <testcase name="service" time="0.001" classname="com.example.java设计模式.单例.Test"/>
  <testcase name="service" time="0.000" classname="com.example.java设计模式.单例.Test"/>
  <testcase name="service" time="0.251" classname="com.example.java设计模式.单例.Test"/>
  <testcase name="service" time="0.001" classname="com.example.java设计模式.单例.Test"/>
  <testcase name="service" time="0.001" classname="com.example.java设计模式.单例.Test"/>
  <testcase name="service" time="0.366" classname="com.example.java设计模式.单例.Test"/>
  <testcase name="service" time="7.218" classname="com.example.java设计模式.单例.Test"/>
  <testcase name="service" time="0.001" classname="com.example.java设计模式.单例.Test"/>
  <testcase name="service" time="0.000" classname="com.example.java设计模式.单例.Test"/>
  <testcase name="service" time="0.323" classname="com.example.java设计模式.单例.Test"/>
  <testcase name="service" time="0.000" classname="com.example.java设计模式.单例.Test"/>
  <testcase name="service" time="0.000" classname="com.example.java设计模式.单例.Test"/>
  <testcase name="service" time="0.000" classname="com.example.java设计模式.单例.Test"/>
  <testcase name="service" time="0.000" classname="com.example.java设计模式.单例.Test"/>
  <testcase name="service" time="0.000" classname="com.example.java设计模式.单例.Test"/>
  <testcase name="service" time="0.047" classname="com.example.java设计模式.单例.Test"/>
  <testcase name="service" time="0.000" classname="com.example.java设计模式.单例.Test"/>
  <testcase name="service" time="1.114" classname="com.example.java设计模式.单例.Test"/>
  <testcase name="service" time="0.152" classname="com.example.java设计模式.单例.Test"/>
  <testcase name="service" time="0.232" classname="com.example.java设计模式.单例.Test"/>
  <testcase name="service" time="0.000" classname="com.example.java设计模式.单例.Test"/>
  <testcase name="service" time="0.087" classname="com.example.java设计模式.单例.Test"/>
  <testcase name="service" time="0.000" classname="com.example.java设计模式.单例.Test"/>
  <testcase name="service" time="0.000" classname="com.example.java设计模式.单例.Test"/>
  <testcase name="service" time="0.564" classname="com.example.java设计模式.单例.Test"/>
  <testcase name="service" time="0.000" classname="com.example.java设计模式.单例.Test"/>
  <testcase name="service" time="0.074" classname="com.example.java设计模式.单例.Test"/>
  <testcase name="service" time="0.438" classname="com.example.java设计模式.单例.Test"/>
  <testcase name="service" time="0.134" classname="com.example.java设计模式.单例.Test"/>
  <testcase name="service" time="0.508" classname="com.example.java设计模式.单例.Test"/>
  <testcase name="service" time="0.385" classname="com.example.java设计模式.单例.Test"/>
  <testcase name="service" time="0.675" classname="com.example.java设计模式.单例.Test"/>
  <testcase name="service" time="0.000" classname="com.example.java设计模式.单例.Test"/>
  <testcase name="service" time="1.282" classname="com.example.java设计模式.单例.Test"/>
  <testcase name="service" time="0.000" classname="com.example.java设计模式.单例.Test"/>
  <testcase name="service" time="0.000" classname="com.example.java设计模式.单例.Test"/>
  <testcase name="service" time="1.116" classname="com.example.java设计模式.单例.Test"/>
  <testcase name="service" time="0.000" classname="com.example.java设计模式.单例.Test"/>
  <testcase name="service" time="64.919" classname="com.example.java设计模式.单例.Test"/>
  <testcase name="service" time="0.081" classname="com.example.java设计模式.单例.Test"/>
  <testcase name="service" time="1.408" classname="com.example.java设计模式.单例.Test"/>
  <testcase name="service" time="0.000" classname="com.example.java设计模式.单例.Test"/>
  <testcase name="service" time="0.000" classname="com.example.java设计模式.单例.Test"/>
  <testcase name="service" time="0.000" classname="com.example.java设计模式.单例.Test"/>
  <testcase name="service" time="0.000" classname="com.example.java设计模式.单例.Test"/>
  <testcase name="service" time="0.000" classname="com.example.java设计模式.单例.Test"/>
  <testcase name="service" time="0.001" classname="com.example.java设计模式.单例.Test"/>
  <testcase name="service" time="0.579" classname="com.example.java设计模式.单例.Test"/>
  <testcase name="service" time="0.867" classname="com.example.java设计模式.单例.Test"/>
  <testcase name="service" time="0.001" classname="com.example.java设计模式.单例.Test"/>
  <testcase name="service" time="0.000" classname="com.example.java设计模式.单例.Test"/>
  <testcase name="service" time="0.000" classname="com.example.java设计模式.单例.Test"/>
  <testcase name="service" time="6.336" classname="com.example.java设计模式.单例.Test"/>
  <testcase name="service" time="0.132" classname="com.example.java设计模式.单例.Test"/>
  <testcase name="service" time="0.000" classname="com.example.java设计模式.单例.Test"/>
  <testcase name="service" time="0.000" classname="com.example.java设计模式.单例.Test"/>
  <testcase name="service" time="0.001" classname="com.example.java设计模式.单例.Test"/>
  <testcase name="service" time="1.330" classname="com.example.java设计模式.单例.Test"/>
  <testcase name="service" time="0.068" classname="com.example.java设计模式.单例.Test"/>
  <testcase name="service" time="0.000" classname="com.example.java设计模式.单例.Test"/>
  <testcase name="service" time="0.367" classname="com.example.java设计模式.单例.Test"/>
  <testcase name="service" time="0.000" classname="com.example.java设计模式.单例.Test"/>
  <testcase name="service" time="0.207" classname="com.example.java设计模式.单例.Test"/>
  <testcase name="service" time="0.692" classname="com.example.java设计模式.单例.Test"/>
  <testcase name="service" time="0.001" classname="com.example.java设计模式.单例.Test"/>
  <testcase name="service" time="0.164" classname="com.example.java设计模式.单例.Test"/>
  <testcase name="service" time="0.000" classname="com.example.java设计模式.单例.Test"/>
  <testcase name="service" time="0.000" classname="com.example.java设计模式.单例.Test"/>
  <testcase name="service" time="0.000" classname="com.example.java设计模式.单例.Test"/>
  <testcase name="service" time="0.000" classname="com.example.java设计模式.单例.Test"/>
  <testcase name="service" time="0.085" classname="com.example.java设计模式.单例.Test"/>
  <testcase name="service" time="0.309" classname="com.example.java设计模式.单例.Test"/>
  <testcase name="service" time="0.000" classname="com.example.java设计模式.单例.Test"/>
  <testcase name="service" time="0.000" classname="com.example.java设计模式.单例.Test"/>
  <testcase name="service" time="0.610" classname="com.example.java设计模式.单例.Test"/>
  <testcase name="service" time="0.000" classname="com.example.java设计模式.单例.Test"/>
  <testcase name="service" time="0.001" classname="com.example.java设计模式.单例.Test"/>
  <testcase name="service" time="0.000" classname="com.example.java设计模式.单例.Test"/>
  <testcase name="service" time="0.000" classname="com.example.java设计模式.单例.Test"/>
  <testcase name="service" time="0.638" classname="com.example.java设计模式.单例.Test"/>
  <testcase name="service" time="0.001" classname="com.example.java设计模式.单例.Test"/>
  <testcase name="service" time="0.112" classname="com.example.java设计模式.单例.Test"/>
  <testcase name="service" time="7.764" classname="com.example.java设计模式.单例.Test"/>
  <testcase name="service" time="0.000" classname="com.example.java设计模式.单例.Test"/>
  <testcase name="service" time="8.331" classname="com.example.java设计模式.单例.Test"/>
  <testcase name="service" time="0.000" classname="com.example.java设计模式.单例.Test"/>
  <testcase name="service" time="0.005" classname="com.example.java设计模式.单例.Test"/>
  <testcase name="service" time="0.000" classname="com.example.java设计模式.单例.Test"/>
  <testcase name="service" time="0.739" classname="com.example.java设计模式.单例.Test"/>
  <testcase name="service" time="5.128" classname="com.example.java设计模式.单例.Test"/>
  <testcase name="service" time="0.037" classname="com.example.java设计模式.单例.Test"/>
  <testcase name="service" time="0.032" classname="com.example.java设计模式.单例.Test"/>
  <testcase name="service" time="1.278" classname="com.example.java设计模式.单例.Test"/>
  <testcase name="service" time="0.000" classname="com.example.java设计模式.单例.Test"/>
  <testcase name="service" time="0.020" classname="com.example.java设计模式.单例.Test"/>
  <testcase name="service" time="0.154" classname="com.example.java设计模式.单例.Test"/>
  <testcase name="service" time="0.383" classname="com.example.java设计模式.单例.Test"/>
  <testcase name="service" time="7.486" classname="com.example.java设计模式.单例.Test"/>
  <testcase name="service" time="0.682" classname="com.example.java设计模式.单例.Test"/>
  <testcase name="service" time="0.249" classname="com.example.java设计模式.单例.Test"/>
  <testcase name="service" time="0.000" classname="com.example.java设计模式.单例.Test"/>
  <testcase name="service" time="0.632" classname="com.example.java设计模式.单例.Test"/>
  <testcase name="service" time="0.000" classname="com.example.java设计模式.单例.Test"/>
  <testcase name="service" time="0.000" classname="com.example.java设计模式.单例.Test"/>
  <testcase name="service" time="1.108" classname="com.example.java设计模式.单例.Test"/>
  <testcase name="service" time="0.087" classname="com.example.java设计模式.单例.Test"/>
  <testcase name="service" time="65.001" classname="com.example.java设计模式.单例.Test"/>
  <testcase name="service" time="0.000" classname="com.example.java设计模式.单例.Test"/>
  <testcase name="service" time="8.277" classname="com.example.java设计模式.单例.Test"/>
  <testcase name="service" time="0.001" classname="com.example.java设计模式.单例.Test"/>
  <testcase name="service" time="0.000" classname="com.example.java设计模式.单例.Test"/>
  <testcase name="service" time="0.390" classname="com.example.java设计模式.单例.Test"/>
  <testcase name="service" time="0.440" classname="com.example.java设计模式.单例.Test"/>
  <testcase name="service" time="0.001" classname="com.example.java设计模式.单例.Test"/>
  <testcase name="service" time="0.000" classname="com.example.java设计模式.单例.Test"/>
  <testcase name="service" time="0.001" classname="com.example.java设计模式.单例.Test"/>
  <testcase name="service" time="0.005" classname="com.example.java设计模式.单例.Test"/>
  <testcase name="service" time="0.000" classname="com.example.java设计模式.单例.Test"/>
  <testcase name="service" time="0.050" classname="com.example.java设计模式.单例.Test"/>
  <testcase name="service" time="0.000" classname="com.example.java设计模式.单例.Test"/>
  <testcase name="service" time="0.101" classname="com.example.java设计模式.单例.Test"/>
  <testcase name="service" time="0.001" classname="com.example.java设计模式.单例.Test"/>
  <testcase name="service" time="0.106" classname="com.example.java设计模式.单例.Test"/>
  <testcase name="service" time="0.000" classname="com.example.java设计模式.单例.Test"/>
  <testcase name="service" time="0.000" classname="com.example.java设计模式.单例.Test"/>
  <testcase name="service" time="0.000" classname="com.example.java设计模式.单例.Test"/>
  <testcase name="service" time="6.799" classname="com.example.java设计模式.单例.Test"/>
  <testcase name="service" time="0.000" classname="com.example.java设计模式.单例.Test"/>
  <testcase name="service" time="0.000" classname="com.example.java设计模式.单例.Test"/>
  <testcase name="service" time="0.001" classname="com.example.java设计模式.单例.Test"/>
  <testcase name="service" time="0.441" classname="com.example.java设计模式.单例.Test"/>
  <testcase name="service" time="0.411" classname="com.example.java设计模式.单例.Test"/>
  <testcase name="service" time="0.526" classname="com.example.java设计模式.单例.Test"/>
  <testcase name="service" time="8.287" classname="com.example.java设计模式.单例.Test"/>
  <testcase name="service" time="0.000" classname="com.example.java设计模式.单例.Test"/>
  <testcase name="service" time="0.211" classname="com.example.java设计模式.单例.Test"/>
  <testcase name="service" time="0.274" classname="com.example.java设计模式.单例.Test"/>
  <testcase name="service" time="0.133" classname="com.example.java设计模式.单例.Test"/>
  <testcase name="service" time="0.000" classname="com.example.java设计模式.单例.Test"/>
  <testcase name="service" time="0.669" classname="com.example.java设计模式.单例.Test"/>
  <testcase name="service" time="0.000" classname="com.example.java设计模式.单例.Test"/>
  <testcase name="service" time="0.001" classname="com.example.java设计模式.单例.Test"/>
  <testcase name="service" time="0.000" classname="com.example.java设计模式.单例.Test"/>
  <testcase name="service" time="0.201" classname="com.example.java设计模式.单例.Test"/>
  <testcase name="service" time="0.000" classname="com.example.java设计模式.单例.Test"/>
  <testcase name="service" time="0.000" classname="com.example.java设计模式.单例.Test"/>
  <testcase name="service" time="0.023" classname="com.example.java设计模式.单例.Test"/>
  <testcase name="service" time="0.237" classname="com.example.java设计模式.单例.Test"/>
  <testcase name="service" time="0.000" classname="com.example.java设计模式.单例.Test"/>
  <testcase name="service" time="0.000" classname="com.example.java设计模式.单例.Test"/>
  <testcase name="service" time="0.572" classname="com.example.java设计模式.单例.Test"/>
  <testcase name="service" time="0.000" classname="com.example.java设计模式.单例.Test"/>
  <testcase name="service" time="6.326" classname="com.example.java设计模式.单例.Test"/>
  <testcase name="service" time="1.119" classname="com.example.java设计模式.单例.Test"/>
  <testcase name="service" time="0.001" classname="com.example.java设计模式.单例.Test"/>
  <testcase name="service" time="0.376" classname="com.example.java设计模式.单例.Test"/>
  <testcase name="service" time="0.000" classname="com.example.java设计模式.单例.Test"/>
  <testcase name="service" time="0.000" classname="com.example.java设计模式.单例.Test"/>
  <testcase name="service" time="1.534" classname="com.example.java设计模式.单例.Test"/>
  <testcase name="service" time="0.000" classname="com.example.java设计模式.单例.Test"/>
  <testcase name="service" time="0.302" classname="com.example.java设计模式.单例.Test"/>
  <testcase name="service" time="6.865" classname="com.example.java设计模式.单例.Test"/>
  <testcase name="service" time="0.000" classname="com.example.java设计模式.单例.Test"/>
  <testcase name="service" time="0.000" classname="com.example.java设计模式.单例.Test"/>
  <testcase name="service" time="0.000" classname="com.example.java设计模式.单例.Test"/>
  <testcase name="service" time="1.114" classname="com.example.java设计模式.单例.Test"/>
  <testcase name="service" time="0.398" classname="com.example.java设计模式.单例.Test"/>
  <testcase name="service" time="0.000" classname="com.example.java设计模式.单例.Test"/>
  <testcase name="service" time="0.001" classname="com.example.java设计模式.单例.Test"/>
  <testcase name="service" time="0.001" classname="com.example.java设计模式.单例.Test"/>
  <testcase name="service" time="0.000" classname="com.example.java设计模式.单例.Test"/>
  <testcase name="service" time="0.000" classname="com.example.java设计模式.单例.Test"/>
  <testcase name="service" time="1.556" classname="com.example.java设计模式.单例.Test"/>
  <testcase name="service" time="0.043" classname="com.example.java设计模式.单例.Test"/>
  <testcase name="service" time="1.103" classname="com.example.java设计模式.单例.Test"/>
  <testcase name="service" time="0.000" classname="com.example.java设计模式.单例.Test"/>
  <testcase name="service" time="0.268" classname="com.example.java设计模式.单例.Test"/>
  <testcase name="service" time="0.000" classname="com.example.java设计模式.单例.Test"/>
  <testcase name="service" time="0.001" classname="com.example.java设计模式.单例.Test"/>
  <testcase name="service" time="0.564" classname="com.example.java设计模式.单例.Test"/>
  <testcase name="service" time="6.183" classname="com.example.java设计模式.单例.Test"/>
  <testcase name="service" time="0.000" classname="com.example.java设计模式.单例.Test"/>
  <testcase name="service" time="0.000" classname="com.example.java设计模式.单例.Test"/>
  <testcase name="service" time="0.251" classname="com.example.java设计模式.单例.Test"/>
  <testcase name="service" time="0.000" classname="com.example.java设计模式.单例.Test"/>
  <testcase name="service" time="0.000" classname="com.example.java设计模式.单例.Test"/>
  <testcase name="service" time="0.001" classname="com.example.java设计模式.单例.Test"/>
  <testcase name="service" time="6.340" classname="com.example.java设计模式.单例.Test"/>
  <testcase name="service" time="0.001" classname="com.example.java设计模式.单例.Test"/>
  <testcase name="service" time="1.052" classname="com.example.java设计模式.单例.Test"/>
  <testcase name="service" time="0.000" classname="com.example.java设计模式.单例.Test"/>
  <testcase name="service" time="0.000" classname="com.example.java设计模式.单例.Test"/>
  <testcase name="service" time="1.020" classname="com.example.java设计模式.单例.Test"/>
  <testcase name="service" time="6.523" classname="com.example.java设计模式.单例.Test"/>
  <testcase name="service" time="0.341" classname="com.example.java设计模式.单例.Test"/>
  <testcase name="service" time="0.000" classname="com.example.java设计模式.单例.Test"/>
  <testcase name="service" time="0.001" classname="com.example.java设计模式.单例.Test"/>
  <testcase name="service" time="0.000" classname="com.example.java设计模式.单例.Test"/>
  <testcase name="service" time="0.001" classname="com.example.java设计模式.单例.Test"/>
  <testcase name="service" time="0.001" classname="com.example.java设计模式.单例.Test"/>
  <testcase name="service" time="6.700" classname="com.example.java设计模式.单例.Test"/>
  <testcase name="service" time="0.000" classname="com.example.java设计模式.单例.Test"/>
  <testcase name="service" time="0.554" classname="com.example.java设计模式.单例.Test"/>
  <testcase name="service" time="0.632" classname="com.example.java设计模式.单例.Test"/>
  <testcase name="service" time="0.000" classname="com.example.java设计模式.单例.Test"/>
  <testcase name="service" time="0.000" classname="com.example.java设计模式.单例.Test"/>
  <testcase name="service" time="0.001" classname="com.example.java设计模式.单例.Test"/>
  <testcase name="service" time="0.000" classname="com.example.java设计模式.单例.Test"/>
  <testcase name="service" time="65.066" classname="com.example.java设计模式.单例.Test"/>
  <testcase name="service" time="0.137" classname="com.example.java设计模式.单例.Test"/>
  <testcase name="service" time="0.463" classname="com.example.java设计模式.单例.Test"/>
  <testcase name="service" time="0.000" classname="com.example.java设计模式.单例.Test"/>
  <testcase name="service" time="0.551" classname="com.example.java设计模式.单例.Test"/>
  <testcase name="service" time="0.625" classname="com.example.java设计模式.单例.Test"/>
  <testcase name="service" time="0.963" classname="com.example.java设计模式.单例.Test"/>
  <testcase name="service" time="0.328" classname="com.example.java设计模式.单例.Test"/>
  <testcase name="service" time="0.001" classname="com.example.java设计模式.单例.Test"/>
  <testcase name="service" time="0.043" classname="com.example.java设计模式.单例.Test"/>
  <testcase name="service" time="0.000" classname="com.example.java设计模式.单例.Test"/>
  <testcase name="service" time="0.000" classname="com.example.java设计模式.单例.Test"/>
  <testcase name="service" time="0.000" classname="com.example.java设计模式.单例.Test"/>
  <testcase name="service" time="0.461" classname="com.example.java设计模式.单例.Test"/>
  <testcase name="service" time="0.500" classname="com.example.java设计模式.单例.Test"/>
  <testcase name="service" time="0.000" classname="com.example.java设计模式.单例.Test"/>
  <testcase name="service" time="0.001" classname="com.example.java设计模式.单例.Test"/>
  <testcase name="service" time="0.102" classname="com.example.java设计模式.单例.Test"/>
  <testcase name="service" time="0.001" classname="com.example.java设计模式.单例.Test"/>
  <testcase name="service" time="0.001" classname="com.example.java设计模式.单例.Test"/>
  <testcase name="service" time="0.141" classname="com.example.java设计模式.单例.Test"/>
  <testcase name="service" time="0.000" classname="com.example.java设计模式.单例.Test"/>
  <testcase name="service" time="0.584" classname="com.example.java设计模式.单例.Test"/>
  <testcase name="service" time="0.001" classname="com.example.java设计模式.单例.Test"/>
  <testcase name="service" time="0.000" classname="com.example.java设计模式.单例.Test"/>
  <testcase name="service" time="0.000" classname="com.example.java设计模式.单例.Test"/>
  <testcase name="service" time="0.000" classname="com.example.java设计模式.单例.Test"/>
  <testcase name="service" time="0.000" classname="com.example.java设计模式.单例.Test"/>
  <testcase name="service" time="0.001" classname="com.example.java设计模式.单例.Test"/>
  <testcase name="service" time="0.036" classname="com.example.java设计模式.单例.Test"/>
  <testcase name="service" time="0.098" classname="com.example.java设计模式.单例.Test"/>
  <testcase name="service" time="0.627" classname="com.example.java设计模式.单例.Test"/>
  <testcase name="service" time="0.395" classname="com.example.java设计模式.单例.Test"/>
  <testcase name="service" time="0.359" classname="com.example.java设计模式.单例.Test"/>
  <testcase name="service" time="0.813" classname="com.example.java设计模式.单例.Test"/>
  <testcase name="service" time="0.000" classname="com.example.java设计模式.单例.Test"/>
  <testcase name="service" time="0.001" classname="com.example.java设计模式.单例.Test"/>
  <testcase name="service" time="0.000" classname="com.example.java设计模式.单例.Test"/>
  <testcase name="service" time="0.000" classname="com.example.java设计模式.单例.Test"/>
  <testcase name="service" time="0.003" classname="com.example.java设计模式.单例.Test"/>
  <testcase name="service" time="0.078" classname="com.example.java设计模式.单例.Test"/>
  <testcase name="service" time="0.001" classname="com.example.java设计模式.单例.Test"/>
  <testcase name="service" time="8.250" classname="com.example.java设计模式.单例.Test"/>
  <testcase name="service" time="0.370" classname="com.example.java设计模式.单例.Test"/>
  <testcase name="service" time="0.553" classname="com.example.java设计模式.单例.Test"/>
  <testcase name="service" time="0.000" classname="com.example.java设计模式.单例.Test"/>
  <testcase name="service" time="0.000" classname="com.example.java设计模式.单例.Test"/>
  <testcase name="service" time="0.777" classname="com.example.java设计模式.单例.Test"/>
  <testcase name="service" time="64.366" classname="com.example.java设计模式.单例.Test"/>
  <testcase name="service" time="0.309" classname="com.example.java设计模式.单例.Test"/>
  <testcase name="service" time="0.001" classname="com.example.java设计模式.单例.Test"/>
  <testcase name="service" time="0.057" classname="com.example.java设计模式.单例.Test"/>
  <testcase name="service" time="0.135" classname="com.example.java设计模式.单例.Test"/>
  <testcase name="service" time="0.161" classname="com.example.java设计模式.单例.Test"/>
  <testcase name="service" time="0.000" classname="com.example.java设计模式.单例.Test"/>
  <testcase name="service" time="64.523" classname="com.example.java设计模式.单例.Test"/>
  <testcase name="service" time="0.000" classname="com.example.java设计模式.单例.Test"/>
  <testcase name="service" time="0.000" classname="com.example.java设计模式.单例.Test"/>
  <testcase name="service" time="0.447" classname="com.example.java设计模式.单例.Test"/>
  <testcase name="service" time="0.331" classname="com.example.java设计模式.单例.Test"/>
  <testcase name="service" time="0.090" classname="com.example.java设计模式.单例.Test"/>
  <testcase name="service" time="0.490" classname="com.example.java设计模式.单例.Test"/>
  <testcase name="service" time="0.000" classname="com.example.java设计模式.单例.Test"/>
  <testcase name="service" time="0.000" classname="com.example.java设计模式.单例.Test"/>
  <testcase name="service" time="0.062" classname="com.example.java设计模式.单例.Test"/>
  <testcase name="service" time="1.004" classname="com.example.java设计模式.单例.Test"/>
  <testcase name="service" time="0.832" classname="com.example.java设计模式.单例.Test"/>
  <testcase name="service" time="0.000" classname="com.example.java设计模式.单例.Test"/>
  <testcase name="service" time="0.011" classname="com.example.java设计模式.单例.Test"/>
  <testcase name="service" time="0.957" classname="com.example.java设计模式.单例.Test"/>
  <testcase name="service" time="0.000" classname="com.example.java设计模式.单例.Test"/>
  <testcase name="service" time="0.732" classname="com.example.java设计模式.单例.Test"/>
  <testcase name="service" time="0.352" classname="com.example.java设计模式.单例.Test"/>
  <testcase name="service" time="1.240" classname="com.example.java设计模式.单例.Test"/>
  <testcase name="service" time="0.001" classname="com.example.java设计模式.单例.Test"/>
  <testcase name="service" time="0.219" classname="com.example.java设计模式.单例.Test"/>
  <testcase name="service" time="0.000" classname="com.example.java设计模式.单例.Test"/>
  <testcase name="service" time="0.001" classname="com.example.java设计模式.单例.Test"/>
  <testcase name="service" time="0.184" classname="com.example.java设计模式.单例.Test"/>
  <testcase name="service" time="0.047" classname="com.example.java设计模式.单例.Test"/>
  <testcase name="service" time="0.001" classname="com.example.java设计模式.单例.Test"/>
  <testcase name="service" time="8.117" classname="com.example.java设计模式.单例.Test"/>
  <testcase name="service" time="0.000" classname="com.example.java设计模式.单例.Test"/>
  <testcase name="service" time="0.000" classname="com.example.java设计模式.单例.Test"/>
  <testcase name="service" time="0.000" classname="com.example.java设计模式.单例.Test"/>
  <testcase name="service" time="64.869" classname="com.example.java设计模式.单例.Test"/>
  <testcase name="service" time="0.000" classname="com.example.java设计模式.单例.Test"/>
  <testcase name="service" time="0.499" classname="com.example.java设计模式.单例.Test"/>
  <testcase name="service" time="0.001" classname="com.example.java设计模式.单例.Test"/>
  <testcase name="service" time="1.117" classname="com.example.java设计模式.单例.Test"/>
  <testcase name="service" time="0.447" classname="com.example.java设计模式.单例.Test"/>
  <testcase name="service" time="0.668" classname="com.example.java设计模式.单例.Test"/>
  <testcase name="service" time="0.000" classname="com.example.java设计模式.单例.Test"/>
  <testcase name="service" time="0.000" classname="com.example.java设计模式.单例.Test"/>
  <testcase name="service" time="0.001" classname="com.example.java设计模式.单例.Test"/>
  <testcase name="service" time="0.738" classname="com.example.java设计模式.单例.Test"/>
  <testcase name="service" time="0.001" classname="com.example.java设计模式.单例.Test"/>
  <testcase name="service" time="0.142" classname="com.example.java设计模式.单例.Test"/>
  <testcase name="service" time="0.000" classname="com.example.java设计模式.单例.Test"/>
  <testcase name="service" time="0.435" classname="com.example.java设计模式.单例.Test"/>
  <testcase name="service" time="0.444" classname="com.example.java设计模式.单例.Test"/>
  <testcase name="service" time="0.000" classname="com.example.java设计模式.单例.Test"/>
  <testcase name="service" time="0.328" classname="com.example.java设计模式.单例.Test"/>
  <testcase name="service" time="0.001" classname="com.example.java设计模式.单例.Test"/>
  <testcase name="service" time="0.000" classname="com.example.java设计模式.单例.Test"/>
  <testcase name="service" time="0.001" classname="com.example.java设计模式.单例.Test"/>
  <testcase name="service" time="0.856" classname="com.example.java设计模式.单例.Test"/>
  <testcase name="service" time="0.000" classname="com.example.java设计模式.单例.Test"/>
  <testcase name="service" time="0.232" classname="com.example.java设计模式.单例.Test"/>
  <testcase name="service" time="0.001" classname="com.example.java设计模式.单例.Test"/>
  <testcase name="service" time="0.730" classname="com.example.java设计模式.单例.Test"/>
  <testcase name="service" time="0.203" classname="com.example.java设计模式.单例.Test"/>
  <testcase name="service" time="0.000" classname="com.example.java设计模式.单例.Test"/>
  <testcase name="service" time="0.358" classname="com.example.java设计模式.单例.Test"/>
  <testcase name="service" time="0.583" classname="com.example.java设计模式.单例.Test"/>
  <testcase name="service" time="0.000" classname="com.example.java设计模式.单例.Test"/>
  <testcase name="service" time="0.000" classname="com.example.java设计模式.单例.Test"/>
  <testcase name="service" time="0.001" classname="com.example.java设计模式.单例.Test"/>
  <testcase name="service" time="0.153" classname="com.example.java设计模式.单例.Test"/>
  <testcase name="service" time="0.146" classname="com.example.java设计模式.单例.Test"/>
  <testcase name="service" time="0.138" classname="com.example.java设计模式.单例.Test"/>
  <testcase name="service" time="0.001" classname="com.example.java设计模式.单例.Test"/>
  <testcase name="service" time="1.045" classname="com.example.java设计模式.单例.Test"/>
  <testcase name="service" time="0.000" classname="com.example.java设计模式.单例.Test"/>
  <testcase name="service" time="0.000" classname="com.example.java设计模式.单例.Test"/>
  <testcase name="service" time="0.633" classname="com.example.java设计模式.单例.Test"/>
  <testcase name="service" time="0.000" classname="com.example.java设计模式.单例.Test"/>
  <testcase name="service" time="0.101" classname="com.example.java设计模式.单例.Test"/>
  <testcase name="service" time="0.001" classname="com.example.java设计模式.单例.Test"/>
  <testcase name="service" time="0.339" classname="com.example.java设计模式.单例.Test"/>
  <testcase name="service" time="0.903" classname="com.example.java设计模式.单例.Test"/>
  <testcase name="service" time="0.670" classname="com.example.java设计模式.单例.Test"/>
  <testcase name="service" time="0.001" classname="com.example.java设计模式.单例.Test"/>
  <testcase name="service" time="0.000" classname="com.example.java设计模式.单例.Test"/>
  <testcase name="service" time="0.000" classname="com.example.java设计模式.单例.Test"/>
  <testcase name="service" time="0.000" classname="com.example.java设计模式.单例.Test"/>
  <testcase name="service" time="6.183" classname="com.example.java设计模式.单例.Test"/>
  <testcase name="service" time="0.122" classname="com.example.java设计模式.单例.Test"/>
  <testcase name="service" time="0.105" classname="com.example.java设计模式.单例.Test"/>
  <testcase name="service" time="0.001" classname="com.example.java设计模式.单例.Test"/>
  <testcase name="service" time="0.000" classname="com.example.java设计模式.单例.Test"/>
  <testcase name="service" time="0.000" classname="com.example.java设计模式.单例.Test"/>
  <testcase name="service" time="0.000" classname="com.example.java设计模式.单例.Test"/>
  <testcase name="service" time="0.246" classname="com.example.java设计模式.单例.Test"/>
  <testcase name="service" time="0.000" classname="com.example.java设计模式.单例.Test"/>
  <testcase name="service" time="0.000" classname="com.example.java设计模式.单例.Test"/>
  <testcase name="service" time="0.000" classname="com.example.java设计模式.单例.Test"/>
  <testcase name="service" time="6.151" classname="com.example.java设计模式.单例.Test"/>
  <testcase name="service" time="0.000" classname="com.example.java设计模式.单例.Test"/>
  <testcase name="service" time="0.899" classname="com.example.java设计模式.单例.Test"/>
  <testcase name="service" time="0.414" classname="com.example.java设计模式.单例.Test"/>
  <testcase name="service" time="0.005" classname="com.example.java设计模式.单例.Test"/>
  <testcase name="service" time="0.785" classname="com.example.java设计模式.单例.Test"/>
  <testcase name="service" time="6.347" classname="com.example.java设计模式.单例.Test"/>
  <testcase name="service" time="1.271" classname="com.example.java设计模式.单例.Test"/>
  <testcase name="service" time="64.990" classname="com.example.java设计模式.单例.Test"/>
  <testcase name="service" time="0.001" classname="com.example.java设计模式.单例.Test"/>
  <testcase name="service" time="0.000" classname="com.example.java设计模式.单例.Test"/>
  <testcase name="service" time="0.001" classname="com.example.java设计模式.单例.Test"/>
  <testcase name="service" time="0.000" classname="com.example.java设计模式.单例.Test"/>
  <testcase name="service" time="0.115" classname="com.example.java设计模式.单例.Test"/>
  <testcase name="service" time="0.208" classname="com.example.java设计模式.单例.Test"/>
  <testcase name="service" time="0.000" classname="com.example.java设计模式.单例.Test"/>
  <testcase name="service" time="1.131" classname="com.example.java设计模式.单例.Test"/>
  <testcase name="service" time="0.053" classname="com.example.java设计模式.单例.Test"/>
  <testcase name="service" time="0.631" classname="com.example.java设计模式.单例.Test"/>
  <testcase name="service" time="0.001" classname="com.example.java设计模式.单例.Test"/>
  <testcase name="service" time="64.542" classname="com.example.java设计模式.单例.Test"/>
  <testcase name="service" time="0.000" classname="com.example.java设计模式.单例.Test"/>
  <testcase name="service" time="0.000" classname="com.example.java设计模式.单例.Test"/>
  <testcase name="service" time="0.000" classname="com.example.java设计模式.单例.Test"/>
  <testcase name="service" time="0.000" classname="com.example.java设计模式.单例.Test"/>
  <testcase name="service" time="0.452" classname="com.example.java设计模式.单例.Test"/>
  <testcase name="service" time="0.000" classname="com.example.java设计模式.单例.Test"/>
  <testcase name="service" time="0.891" classname="com.example.java设计模式.单例.Test"/>
  <testcase name="service" time="1.177" classname="com.example.java设计模式.单例.Test"/>
  <testcase name="service" time="0.022" classname="com.example.java设计模式.单例.Test"/>
  <testcase name="service" time="0.001" classname="com.example.java设计模式.单例.Test"/>
  <testcase name="service" time="0.000" classname="com.example.java设计模式.单例.Test"/>
  <testcase name="service" time="0.130" classname="com.example.java设计模式.单例.Test"/>
  <testcase name="service" time="0.000" classname="com.example.java设计模式.单例.Test"/>
  <testcase name="service" time="0.000" classname="com.example.java设计模式.单例.Test"/>
  <testcase name="service" time="7.792" classname="com.example.java设计模式.单例.Test"/>
  <testcase name="service" time="0.001" classname="com.example.java设计模式.单例.Test"/>
  <testcase name="service" time="0.201" classname="com.example.java设计模式.单例.Test"/>
  <testcase name="service" time="0.236" classname="com.example.java设计模式.单例.Test"/>
  <testcase name="service" time="0.160" classname="com.example.java设计模式.单例.Test"/>
  <testcase name="service" time="0.001" classname="com.example.java设计模式.单例.Test"/>
  <testcase name="service" time="0.000" classname="com.example.java设计模式.单例.Test"/>
  <testcase name="service" time="0.000" classname="com.example.java设计模式.单例.Test"/>
  <testcase name="service" time="0.000" classname="com.example.java设计模式.单例.Test"/>
  <testcase name="service" time="0.941" classname="com.example.java设计模式.单例.Test"/>
  <testcase name="service" time="0.000" classname="com.example.java设计模式.单例.Test"/>
  <testcase name="service" time="0.000" classname="com.example.java设计模式.单例.Test"/>
  <testcase name="service" time="7.931" classname="com.example.java设计模式.单例.Test"/>
  <testcase name="service" time="0.294" classname="com.example.java设计模式.单例.Test"/>
  <testcase name="service" time="0.000" classname="com.example.java设计模式.单例.Test"/>
  <testcase name="service" time="0.808" classname="com.example.java设计模式.单例.Test"/>
  <testcase name="service" time="0.000" classname="com.example.java设计模式.单例.Test"/>
  <testcase name="service" time="0.000" classname="com.example.java设计模式.单例.Test"/>
  <testcase name="service" time="6.149" classname="com.example.java设计模式.单例.Test"/>
  <testcase name="service" time="0.001" classname="com.example.java设计模式.单例.Test"/>
  <testcase name="service" time="0.166" classname="com.example.java设计模式.单例.Test"/>
  <testcase name="service" time="0.001" classname="com.example.java设计模式.单例.Test"/>
  <testcase name="service" time="0.167" classname="com.example.java设计模式.单例.Test"/>
  <testcase name="service" time="0.397" classname="com.example.java设计模式.单例.Test"/>
  <testcase name="service" time="0.026" classname="com.example.java设计模式.单例.Test"/>
  <testcase name="service" time="0.001" classname="com.example.java设计模式.单例.Test"/>
  <testcase name="service" time="0.196" classname="com.example.java设计模式.单例.Test"/>
  <testcase name="service" time="0.000" classname="com.example.java设计模式.单例.Test"/>
  <testcase name="service" time="64.963" classname="com.example.java设计模式.单例.Test"/>
  <testcase name="service" time="0.214" classname="com.example.java设计模式.单例.Test"/>
  <testcase name="service" time="0.666" classname="com.example.java设计模式.单例.Test"/>
  <testcase name="service" time="0.318" classname="com.example.java设计模式.单例.Test"/>
  <testcase name="service" time="0.000" classname="com.example.java设计模式.单例.Test"/>
  <testcase name="service" time="0.000" classname="com.example.java设计模式.单例.Test"/>
  <testcase name="service" time="0.073" classname="com.example.java设计模式.单例.Test"/>
  <testcase name="service" time="0.000" classname="com.example.java设计模式.单例.Test"/>
  <testcase name="service" time="0.634" classname="com.example.java设计模式.单例.Test"/>
  <testcase name="service" time="0.000" classname="com.example.java设计模式.单例.Test"/>
  <testcase name="service" time="1.398" classname="com.example.java设计模式.单例.Test"/>
  <testcase name="service" time="0.000" classname="com.example.java设计模式.单例.Test"/>
  <testcase name="service" time="0.000" classname="com.example.java设计模式.单例.Test"/>
  <testcase name="service" time="0.000" classname="com.example.java设计模式.单例.Test"/>
  <testcase name="service" time="0.000" classname="com.example.java设计模式.单例.Test"/>
  <testcase name="service" time="0.050" classname="com.example.java设计模式.单例.Test"/>
  <testcase name="service" time="0.000" classname="com.example.java设计模式.单例.Test"/>
  <testcase name="service" time="0.000" classname="com.example.java设计模式.单例.Test"/>
  <testcase name="service" time="0.000" classname="com.example.java设计模式.单例.Test"/>
  <testcase name="service" time="0.786" classname="com.example.java设计模式.单例.Test"/>
  <testcase name="service" time="0.825" classname="com.example.java设计模式.单例.Test"/>
  <testcase name="service" time="0.317" classname="com.example.java设计模式.单例.Test"/>
  <testcase name="service" time="6.860" classname="com.example.java设计模式.单例.Test"/>
  <testcase name="service" time="0.001" classname="com.example.java设计模式.单例.Test"/>
  <testcase name="service" time="0.000" classname="com.example.java设计模式.单例.Test"/>
  <testcase name="service" time="0.103" classname="com.example.java设计模式.单例.Test"/>
  <testcase name="service" time="0.000" classname="com.example.java设计模式.单例.Test"/>
  <testcase name="service" time="0.000" classname="com.example.java设计模式.单例.Test"/>
  <testcase name="service" time="0.234" classname="com.example.java设计模式.单例.Test"/>
  <testcase name="service" time="0.388" classname="com.example.java设计模式.单例.Test"/>
  <testcase name="service" time="0.884" classname="com.example.java设计模式.单例.Test"/>
  <testcase name="service" time="0.063" classname="com.example.java设计模式.单例.Test"/>
  <testcase name="service" time="0.602" classname="com.example.java设计模式.单例.Test"/>
  <testcase name="service" time="0.077" classname="com.example.java设计模式.单例.Test"/>
  <testcase name="service" time="64.936" classname="com.example.java设计模式.单例.Test"/>
  <testcase name="service" time="0.001" classname="com.example.java设计模式.单例.Test"/>
  <testcase name="service" time="0.000" classname="com.example.java设计模式.单例.Test"/>
  <testcase name="service" time="0.332" classname="com.example.java设计模式.单例.Test"/>
  <testcase name="service" time="0.227" classname="com.example.java设计模式.单例.Test"/>
  <testcase name="service" time="0.000" classname="com.example.java设计模式.单例.Test"/>
  <testcase name="service" time="65.071" classname="com.example.java设计模式.单例.Test"/>
  <testcase name="service" time="0.001" classname="com.example.java设计模式.单例.Test"/>
  <testcase name="service" time="0.559" classname="com.example.java设计模式.单例.Test"/>
  <testcase name="service" time="0.000" classname="com.example.java设计模式.单例.Test"/>
  <testcase name="service" time="0.000" classname="com.example.java设计模式.单例.Test"/>
  <testcase name="service" time="0.393" classname="com.example.java设计模式.单例.Test"/>
  <testcase name="service" time="0.000" classname="com.example.java设计模式.单例.Test"/>
  <testcase name="service" time="64.752" classname="com.example.java设计模式.单例.Test"/>
  <testcase name="service" time="0.671" classname="com.example.java设计模式.单例.Test"/>
  <testcase name="service" time="0.000" classname="com.example.java设计模式.单例.Test"/>
  <testcase name="service" time="64.903" classname="com.example.java设计模式.单例.Test"/>
  <testcase name="service" time="0.001" classname="com.example.java设计模式.单例.Test"/>
  <testcase name="service" time="0.987" classname="com.example.java设计模式.单例.Test"/>
  <testcase name="service" time="0.000" classname="com.example.java设计模式.单例.Test"/>
  <testcase name="service" time="0.844" classname="com.example.java设计模式.单例.Test"/>
  <testcase name="service" time="0.339" classname="com.example.java设计模式.单例.Test"/>
  <testcase name="service" time="0.000" classname="com.example.java设计模式.单例.Test"/>
  <testcase name="service" time="0.566" classname="com.example.java设计模式.单例.Test"/>
  <testcase name="service" time="0.592" classname="com.example.java设计模式.单例.Test"/>
  <testcase name="service" time="0.000" classname="com.example.java设计模式.单例.Test"/>
  <testcase name="service" time="0.217" classname="com.example.java设计模式.单例.Test"/>
  <testcase name="service" time="0.452" classname="com.example.java设计模式.单例.Test"/>
  <testcase name="service" time="0.000" classname="com.example.java设计模式.单例.Test"/>
  <testcase name="service" time="0.000" classname="com.example.java设计模式.单例.Test"/>
  <testcase name="service" time="1.112" classname="com.example.java设计模式.单例.Test"/>
  <testcase name="service" time="8.288" classname="com.example.java设计模式.单例.Test"/>
  <testcase name="service" time="0.001" classname="com.example.java设计模式.单例.Test"/>
  <testcase name="service" time="0.000" classname="com.example.java设计模式.单例.Test"/>
  <testcase name="service" time="0.000" classname="com.example.java设计模式.单例.Test"/>
  <testcase name="service" time="0.627" classname="com.example.java设计模式.单例.Test"/>
  <testcase name="service" time="0.000" classname="com.example.java设计模式.单例.Test"/>
  <testcase name="service" time="0.000" classname="com.example.java设计模式.单例.Test"/>
  <testcase name="service" time="0.000" classname="com.example.java设计模式.单例.Test"/>
  <testcase name="service" time="0.762" classname="com.example.java设计模式.单例.Test"/>
  <testcase name="service" time="0.001" classname="com.example.java设计模式.单例.Test"/>
  <testcase name="service" time="0.000" classname="com.example.java设计模式.单例.Test"/>
  <testcase name="service" time="0.480" classname="com.example.java设计模式.单例.Test"/>
  <testcase name="service" time="0.000" classname="com.example.java设计模式.单例.Test"/>
  <testcase name="service" time="0.065" classname="com.example.java设计模式.单例.Test"/>
  <testcase name="service" time="0.975" classname="com.example.java设计模式.单例.Test"/>
  <testcase name="service" time="0.006" classname="com.example.java设计模式.单例.Test"/>
  <testcase name="service" time="0.000" classname="com.example.java设计模式.单例.Test"/>
  <testcase name="service" time="0.000" classname="com.example.java设计模式.单例.Test"/>
  <testcase name="service" time="0.001" classname="com.example.java设计模式.单例.Test"/>
  <testcase name="service" time="1.194" classname="com.example.java设计模式.单例.Test"/>
  <testcase name="service" time="0.000" classname="com.example.java设计模式.单例.Test"/>
  <testcase name="service" time="0.000" classname="com.example.java设计模式.单例.Test"/>
  <testcase name="service" time="0.001" classname="com.example.java设计模式.单例.Test"/>
  <testcase name="service" time="0.000" classname="com.example.java设计模式.单例.Test"/>
  <testcase name="service" time="0.000" classname="com.example.java设计模式.单例.Test"/>
  <testcase name="service" time="8.088" classname="com.example.java设计模式.单例.Test"/>
  <testcase name="service" time="0.372" classname="com.example.java设计模式.单例.Test"/>
  <testcase name="service" time="0.000" classname="com.example.java设计模式.单例.Test"/>
  <testcase name="service" time="0.001" classname="com.example.java设计模式.单例.Test"/>
  <testcase name="service" time="0.001" classname="com.example.java设计模式.单例.Test"/>
  <testcase name="service" time="0.848" classname="com.example.java设计模式.单例.Test"/>
  <testcase name="service" time="0.304" classname="com.example.java设计模式.单例.Test"/>
  <testcase name="service" time="0.000" classname="com.example.java设计模式.单例.Test"/>
  <testcase name="service" time="0.105" classname="com.example.java设计模式.单例.Test"/>
  <testcase name="service" time="0.001" classname="com.example.java设计模式.单例.Test"/>
  <testcase name="service" time="0.000" classname="com.example.java设计模式.单例.Test"/>
  <testcase name="service" time="0.000" classname="com.example.java设计模式.单例.Test"/>
  <testcase name="service" time="0.000" classname="com.example.java设计模式.单例.Test"/>
  <testcase name="service" time="0.000" classname="com.example.java设计模式.单例.Test"/>
  <testcase name="service" time="0.000" classname="com.example.java设计模式.单例.Test"/>
  <testcase name="service" time="0.798" classname="com.example.java设计模式.单例.Test"/>
  <testcase name="service" time="0.007" classname="com.example.java设计模式.单例.Test"/>
  <testcase name="service" time="6.650" classname="com.example.java设计模式.单例.Test"/>
  <testcase name="service" time="0.000" classname="com.example.java设计模式.单例.Test"/>
  <testcase name="service" time="0.000" classname="com.example.java设计模式.单例.Test"/>
  <testcase name="service" time="64.752" classname="com.example.java设计模式.单例.Test"/>
  <testcase name="service" time="0.406" classname="com.example.java设计模式.单例.Test"/>
  <testcase name="service" time="0.182" classname="com.example.java设计模式.单例.Test"/>
  <testcase name="service" time="0.000" classname="com.example.java设计模式.单例.Test"/>
  <testcase name="service" time="0.000" classname="com.example.java设计模式.单例.Test"/>
  <testcase name="service" time="0.000" classname="com.example.java设计模式.单例.Test"/>
  <testcase name="service" time="0.243" classname="com.example.java设计模式.单例.Test"/>
  <testcase name="service" time="0.277" classname="com.example.java设计模式.单例.Test"/>
  <testcase name="service" time="0.000" classname="com.example.java设计模式.单例.Test"/>
  <testcase name="service" time="0.000" classname="com.example.java设计模式.单例.Test"/>
  <testcase name="service" time="7.900" classname="com.example.java设计模式.单例.Test"/>
  <testcase name="service" time="0.000" classname="com.example.java设计模式.单例.Test"/>
  <testcase name="service" time="1.939" classname="com.example.java设计模式.单例.Test"/>
  <testcase name="service" time="0.077" classname="com.example.java设计模式.单例.Test"/>
  <testcase name="service" time="0.016" classname="com.example.java设计模式.单例.Test"/>
  <testcase name="service" time="0.000" classname="com.example.java设计模式.单例.Test"/>
  <testcase name="service" time="1.120" classname="com.example.java设计模式.单例.Test"/>
  <testcase name="service" time="1.029" classname="com.example.java设计模式.单例.Test"/>
  <testcase name="service" time="0.000" classname="com.example.java设计模式.单例.Test"/>
  <testcase name="service" time="0.000" classname="com.example.java设计模式.单例.Test"/>
  <testcase name="service" time="0.000" classname="com.example.java设计模式.单例.Test"/>
  <testcase name="service" time="0.000" classname="com.example.java设计模式.单例.Test"/>
  <testcase name="service" time="0.628" classname="com.example.java设计模式.单例.Test"/>
  <testcase name="service" time="0.001" classname="com.example.java设计模式.单例.Test"/>
  <testcase name="service" time="0.000" classname="com.example.java设计模式.单例.Test"/>
  <testcase name="service" time="0.000" classname="com.example.java设计模式.单例.Test"/>
  <testcase name="service" time="0.218" classname="com.example.java设计模式.单例.Test"/>
  <testcase name="service" time="0.001" classname="com.example.java设计模式.单例.Test"/>
  <testcase name="service" time="0.001" classname="com.example.java设计模式.单例.Test"/>
  <testcase name="service" time="0.954" classname="com.example.java设计模式.单例.Test"/>
  <testcase name="service" time="0.000" classname="com.example.java设计模式.单例.Test"/>
  <testcase name="service" time="1.002" classname="com.example.java设计模式.单例.Test"/>
  <testcase name="service" time="8.080" classname="com.example.java设计模式.单例.Test"/>
  <testcase name="service" time="0.604" classname="com.example.java设计模式.单例.Test"/>
  <testcase name="service" time="0.000" classname="com.example.java设计模式.单例.Test"/>
  <testcase name="service" time="0.000" classname="com.example.java设计模式.单例.Test"/>
  <testcase name="service" time="0.450" classname="com.example.java设计模式.单例.Test"/>
  <testcase name="service" time="1.222" classname="com.example.java设计模式.单例.Test"/>
  <testcase name="service" time="0.001" classname="com.example.java设计模式.单例.Test"/>
  <testcase name="service" time="6.343" classname="com.example.java设计模式.单例.Test"/>
  <testcase name="service" time="0.850" classname="com.example.java设计模式.单例.Test"/>
  <testcase name="service" time="0.000" classname="com.example.java设计模式.单例.Test"/>
  <testcase name="service" time="1.770" classname="com.example.java设计模式.单例.Test"/>
  <testcase name="service" time="0.000" classname="com.example.java设计模式.单例.Test"/>
  <testcase name="service" time="0.131" classname="com.example.java设计模式.单例.Test"/>
  <testcase name="service" time="0.061" classname="com.example.java设计模式.单例.Test"/>
  <testcase name="service" time="0.095" classname="com.example.java设计模式.单例.Test"/>
  <testcase name="service" time="0.000" classname="com.example.java设计模式.单例.Test"/>
  <testcase name="service" time="8.137" classname="com.example.java设计模式.单例.Test"/>
  <testcase name="service" time="0.000" classname="com.example.java设计模式.单例.Test"/>
  <testcase name="service" time="0.371" classname="com.example.java设计模式.单例.Test"/>
  <testcase name="service" time="0.024" classname="com.example.java设计模式.单例.Test"/>
  <testcase name="service" time="0.000" classname="com.example.java设计模式.单例.Test"/>
  <testcase name="service" time="0.001" classname="com.example.java设计模式.单例.Test"/>
  <testcase name="service" time="1.130" classname="com.example.java设计模式.单例.Test"/>
  <testcase name="service" time="0.397" classname="com.example.java设计模式.单例.Test"/>
  <testcase name="service" time="0.955" classname="com.example.java设计模式.单例.Test"/>
  <testcase name="service" time="0.000" classname="com.example.java设计模式.单例.Test"/>
  <testcase name="service" time="1.445" classname="com.example.java设计模式.单例.Test"/>
  <testcase name="service" time="0.498" classname="com.example.java设计模式.单例.Test"/>
  <testcase name="service" time="0.036" classname="com.example.java设计模式.单例.Test"/>
  <testcase name="service" time="0.000" classname="com.example.java设计模式.单例.Test"/>
  <testcase name="service" time="0.000" classname="com.example.java设计模式.单例.Test"/>
  <testcase name="service" time="0.780" classname="com.example.java设计模式.单例.Test"/>
  <testcase name="service" time="6.168" classname="com.example.java设计模式.单例.Test"/>
  <testcase name="service" time="0.000" classname="com.example.java设计模式.单例.Test"/>
  <testcase name="service" time="0.001" classname="com.example.java设计模式.单例.Test"/>
  <testcase name="service" time="65.064" classname="com.example.java设计模式.单例.Test"/>
  <testcase name="service" time="0.000" classname="com.example.java设计模式.单例.Test"/>
  <testcase name="service" time="0.000" classname="com.example.java设计模式.单例.Test"/>
  <testcase name="service" time="6.679" classname="com.example.java设计模式.单例.Test"/>
  <testcase name="service" time="0.000" classname="com.example.java设计模式.单例.Test"/>
  <testcase name="service" time="0.034" classname="com.example.java设计模式.单例.Test"/>
  <testcase name="service" time="0.000" classname="com.example.java设计模式.单例.Test"/>
  <testcase name="service" time="0.000" classname="com.example.java设计模式.单例.Test"/>
  <testcase name="service" time="0.001" classname="com.example.java设计模式.单例.Test"/>
  <testcase name="service" time="0.512" classname="com.example.java设计模式.单例.Test"/>
  <testcase name="service" time="0.469" classname="com.example.java设计模式.单例.Test"/>
  <testcase name="service" time="0.454" classname="com.example.java设计模式.单例.Test"/>
  <testcase name="service" time="0.000" classname="com.example.java设计模式.单例.Test"/>
  <testcase name="service" time="0.119" classname="com.example.java设计模式.单例.Test"/>
  <testcase name="service" time="64.978" classname="com.example.java设计模式.单例.Test"/>
  <testcase name="service" time="0.909" classname="com.example.java设计模式.单例.Test"/>
  <testcase name="service" time="0.000" classname="com.example.java设计模式.单例.Test"/>
  <testcase name="service" time="0.000" classname="com.example.java设计模式.单例.Test"/>
  <testcase name="service" time="0.060" classname="com.example.java设计模式.单例.Test"/>
  <testcase name="service" time="0.000" classname="com.example.java设计模式.单例.Test"/>
  <testcase name="service" time="0.001" classname="com.example.java设计模式.单例.Test"/>
  <testcase name="service" time="0.000" classname="com.example.java设计模式.单例.Test"/>
  <testcase name="service" time="0.000" classname="com.example.java设计模式.单例.Test"/>
  <testcase name="service" time="0.065" classname="com.example.java设计模式.单例.Test"/>
  <testcase name="service" time="0.321" classname="com.example.java设计模式.单例.Test"/>
  <testcase name="service" time="0.001" classname="com.example.java设计模式.单例.Test"/>
  <testcase name="service" time="0.001" classname="com.example.java设计模式.单例.Test"/>
  <testcase name="service" time="0.019" classname="com.example.java设计模式.单例.Test"/>
  <testcase name="service" time="0.000" classname="com.example.java设计模式.单例.Test"/>
  <testcase name="service" time="1.010" classname="com.example.java设计模式.单例.Test"/>
  <testcase name="service" time="1.267" classname="com.example.java设计模式.单例.Test"/>
  <testcase name="service" time="0.000" classname="com.example.java设计模式.单例.Test"/>
  <testcase name="service" time="0.000" classname="com.example.java设计模式.单例.Test"/>
  <testcase name="service" time="0.483" classname="com.example.java设计模式.单例.Test"/>
  <testcase name="service" time="0.000" classname="com.example.java设计模式.单例.Test"/>
  <testcase name="service" time="0.205" classname="com.example.java设计模式.单例.Test"/>
  <testcase name="service" time="0.001" classname="com.example.java设计模式.单例.Test"/>
  <testcase name="service" time="0.000" classname="com.example.java设计模式.单例.Test"/>
  <testcase name="service" time="1.478" classname="com.example.java设计模式.单例.Test"/>
  <testcase name="service" time="0.001" classname="com.example.java设计模式.单例.Test"/>
  <testcase name="service" time="6.228" classname="com.example.java设计模式.单例.Test"/>
  <testcase name="service" time="0.147" classname="com.example.java设计模式.单例.Test"/>
  <testcase name="service" time="0.011" classname="com.example.java设计模式.单例.Test"/>
  <testcase name="service" time="65.034" classname="com.example.java设计模式.单例.Test"/>
  <testcase name="service" time="0.058" classname="com.example.java设计模式.单例.Test"/>
  <testcase name="service" time="0.000" classname="com.example.java设计模式.单例.Test"/>
  <testcase name="service" time="0.000" classname="com.example.java设计模式.单例.Test"/>
  <testcase name="service" time="0.067" classname="com.example.java设计模式.单例.Test"/>
  <testcase name="service" time="0.225" classname="com.example.java设计模式.单例.Test"/>
  <testcase name="service" time="0.001" classname="com.example.java设计模式.单例.Test"/>
  <testcase name="service" time="0.000" classname="com.example.java设计模式.单例.Test"/>
  <testcase name="service" time="6.738" classname="com.example.java设计模式.单例.Test"/>
  <testcase name="service" time="0.000" classname="com.example.java设计模式.单例.Test"/>
  <testcase name="service" time="0.000" classname="com.example.java设计模式.单例.Test"/>
  <testcase name="service" time="0.000" classname="com.example.java设计模式.单例.Test"/>
  <testcase name="service" time="0.664" classname="com.example.java设计模式.单例.Test"/>
  <testcase name="service" time="1.296" classname="com.example.java设计模式.单例.Test"/>
  <testcase name="service" time="0.227" classname="com.example.java设计模式.单例.Test"/>
  <testcase name="service" time="0.000" classname="com.example.java设计模式.单例.Test"/>
  <testcase name="service" time="0.000" classname="com.example.java设计模式.单例.Test"/>
  <testcase name="service" time="0.325" classname="com.example.java设计模式.单例.Test"/>
  <testcase name="service" time="0.824" classname="com.example.java设计模式.单例.Test"/>
  <testcase name="service" time="7.970" classname="com.example.java设计模式.单例.Test"/>
  <testcase name="service" time="0.000" classname="com.example.java设计模式.单例.Test"/>
  <testcase name="service" time="0.741" classname="com.example.java设计模式.单例.Test"/>
  <testcase name="service" time="0.000" classname="com.example.java设计模式.单例.Test"/>
  <testcase name="service" time="64.542" classname="com.example.java设计模式.单例.Test"/>
  <testcase name="service" time="0.000" classname="com.example.java设计模式.单例.Test"/>
  <testcase name="service" time="0.350" classname="com.example.java设计模式.单例.Test"/>
  <testcase name="service" time="0.960" classname="com.example.java设计模式.单例.Test"/>
  <testcase name="service" time="64.935" classname="com.example.java设计模式.单例.Test"/>
  <testcase name="service" time="0.000" classname="com.example.java设计模式.单例.Test"/>
  <testcase name="service" time="0.102" classname="com.example.java设计模式.单例.Test"/>
  <testcase name="service" time="0.000" classname="com.example.java设计模式.单例.Test"/>
  <testcase name="service" time="0.001" classname="com.example.java设计模式.单例.Test"/>
  <testcase name="service" time="0.557" classname="com.example.java设计模式.单例.Test"/>
  <testcase name="service" time="0.000" classname="com.example.java设计模式.单例.Test"/>
  <testcase name="service" time="0.000" classname="com.example.java设计模式.单例.Test"/>
  <testcase name="service" time="0.000" classname="com.example.java设计模式.单例.Test"/>
  <testcase name="service" time="0.232" classname="com.example.java设计模式.单例.Test"/>
  <testcase name="service" time="0.053" classname="com.example.java设计模式.单例.Test"/>
  <testcase name="service" time="0.306" classname="com.example.java设计模式.单例.Test"/>
  <testcase name="service" time="0.000" classname="com.example.java设计模式.单例.Test"/>
  <testcase name="service" time="0.000" classname="com.example.java设计模式.单例.Test"/>
  <testcase name="service" time="0.174" classname="com.example.java设计模式.单例.Test"/>
  <testcase name="service" time="0.493" classname="com.example.java设计模式.单例.Test"/>
  <testcase name="service" time="0.001" classname="com.example.java设计模式.单例.Test"/>
  <testcase name="service" time="0.000" classname="com.example.java设计模式.单例.Test"/>
  <testcase name="service" time="0.000" classname="com.example.java设计模式.单例.Test"/>
  <testcase name="service" time="0.825" classname="com.example.java设计模式.单例.Test"/>
  <testcase name="service" time="0.000" classname="com.example.java设计模式.单例.Test"/>
  <testcase name="service" time="0.724" classname="com.example.java设计模式.单例.Test"/>
  <testcase name="service" time="0.000" classname="com.example.java设计模式.单例.Test"/>
  <testcase name="service" time="0.445" classname="com.example.java设计模式.单例.Test"/>
  <testcase name="service" time="0.000" classname="com.example.java设计模式.单例.Test"/>
  <testcase name="service" time="0.000" classname="com.example.java设计模式.单例.Test"/>
  <testcase name="service" time="0.740" classname="com.example.java设计模式.单例.Test"/>
  <testcase name="service" time="0.966" classname="com.example.java设计模式.单例.Test"/>
  <testcase name="service" time="0.000" classname="com.example.java设计模式.单例.Test"/>
  <testcase name="service" time="0.001" classname="com.example.java设计模式.单例.Test"/>
  <testcase name="service" time="0.633" classname="com.example.java设计模式.单例.Test"/>
  <testcase name="service" time="0.067" classname="com.example.java设计模式.单例.Test"/>
  <testcase name="service" time="0.420" classname="com.example.java设计模式.单例.Test"/>
  <testcase name="service" time="0.010" classname="com.example.java设计模式.单例.Test"/>
  <testcase name="service" time="0.001" classname="com.example.java设计模式.单例.Test"/>
  <testcase name="service" time="0.000" classname="com.example.java设计模式.单例.Test"/>
  <testcase name="service" time="0.000" classname="com.example.java设计模式.单例.Test"/>
  <testcase name="service" time="1.055" classname="com.example.java设计模式.单例.Test"/>
  <testcase name="service" time="0.677" classname="com.example.java设计模式.单例.Test"/>
  <testcase name="service" time="0.000" classname="com.example.java设计模式.单例.Test"/>
  <testcase name="service" time="0.000" classname="com.example.java设计模式.单例.Test"/>
  <testcase name="service" time="0.139" classname="com.example.java设计模式.单例.Test"/>
  <testcase name="service" time="0.001" classname="com.example.java设计模式.单例.Test"/>
  <testcase name="service" time="0.511" classname="com.example.java设计模式.单例.Test"/>
  <testcase name="service" time="0.000" classname="com.example.java设计模式.单例.Test"/>
  <testcase name="service" time="1.520" classname="com.example.java设计模式.单例.Test"/>
  <testcase name="service" time="0.320" classname="com.example.java设计模式.单例.Test"/>
  <testcase name="service" time="0.000" classname="com.example.java设计模式.单例.Test"/>
  <testcase name="service" time="1.135" classname="com.example.java设计模式.单例.Test"/>
  <testcase name="service" time="0.001" classname="com.example.java设计模式.单例.Test"/>
  <testcase name="service" time="0.701" classname="com.example.java设计模式.单例.Test"/>
  <testcase name="service" time="0.000" classname="com.example.java设计模式.单例.Test"/>
  <testcase name="service" time="0.374" classname="com.example.java设计模式.单例.Test"/>
  <testcase name="service" time="0.858" classname="com.example.java设计模式.单例.Test"/>
  <testcase name="service" time="0.000" classname="com.example.java设计模式.单例.Test"/>
  <testcase name="service" time="0.056" classname="com.example.java设计模式.单例.Test"/>
  <testcase name="service" time="0.131" classname="com.example.java设计模式.单例.Test"/>
  <testcase name="service" time="0.000" classname="com.example.java设计模式.单例.Test"/>
  <testcase name="service" time="0.000" classname="com.example.java设计模式.单例.Test"/>
  <testcase name="service" time="1.051" classname="com.example.java设计模式.单例.Test"/>
  <testcase name="service" time="1.110" classname="com.example.java设计模式.单例.Test"/>
  <testcase name="service" time="0.066" classname="com.example.java设计模式.单例.Test"/>
  <testcase name="service" time="0.000" classname="com.example.java设计模式.单例.Test"/>
  <testcase name="service" time="6.540" classname="com.example.java设计模式.单例.Test"/>
  <testcase name="service" time="0.000" classname="com.example.java设计模式.单例.Test"/>
  <testcase name="service" time="0.001" classname="com.example.java设计模式.单例.Test"/>
  <testcase name="service" time="0.000" classname="com.example.java设计模式.单例.Test"/>
  <testcase name="service" time="0.001" classname="com.example.java设计模式.单例.Test"/>
  <testcase name="service" time="0.869" classname="com.example.java设计模式.单例.Test"/>
  <testcase name="service" time="0.307" classname="com.example.java设计模式.单例.Test"/>
  <testcase name="service" time="0.000" classname="com.example.java设计模式.单例.Test"/>
  <testcase name="service" time="0.001" classname="com.example.java设计模式.单例.Test"/>
  <testcase name="service" time="0.526" classname="com.example.java设计模式.单例.Test"/>
  <testcase name="service" time="0.000" classname="com.example.java设计模式.单例.Test"/>
  <testcase name="service" time="0.000" classname="com.example.java设计模式.单例.Test"/>
  <testcase name="service" time="0.601" classname="com.example.java设计模式.单例.Test"/>
  <testcase name="service" time="0.598" classname="com.example.java设计模式.单例.Test"/>
  <testcase name="service" time="0.000" classname="com.example.java设计模式.单例.Test"/>
  <testcase name="service" time="0.000" classname="com.example.java设计模式.单例.Test"/>
  <testcase name="service" time="0.252" classname="com.example.java设计模式.单例.Test"/>
  <testcase name="service" time="0.000" classname="com.example.java设计模式.单例.Test"/>
  <testcase name="service" time="0.001" classname="com.example.java设计模式.单例.Test"/>
  <testcase name="service" time="0.000" classname="com.example.java设计模式.单例.Test"/>
  <testcase name="service" time="0.461" classname="com.example.java设计模式.单例.Test"/>
  <testcase name="service" time="5.644" classname="com.example.java设计模式.单例.Test"/>
  <testcase name="service" time="0.000" classname="com.example.java设计模式.单例.Test"/>
  <testcase name="service" time="0.339" classname="com.example.java设计模式.单例.Test"/>
  <testcase name="service" time="6.581" classname="com.example.java设计模式.单例.Test"/>
  <testcase name="service" time="0.000" classname="com.example.java设计模式.单例.Test"/>
  <testcase name="service" time="0.001" classname="com.example.java设计模式.单例.Test"/>
  <testcase name="service" time="0.001" classname="com.example.java设计模式.单例.Test"/>
  <testcase name="service" time="1.159" classname="com.example.java设计模式.单例.Test"/>
  <testcase name="service" time="0.000" classname="com.example.java设计模式.单例.Test"/>
  <testcase name="service" time="65.007" classname="com.example.java设计模式.单例.Test"/>
  <testcase name="service" time="0.000" classname="com.example.java设计模式.单例.Test"/>
  <testcase name="service" time="0.127" classname="com.example.java设计模式.单例.Test"/>
  <testcase name="service" time="0.601" classname="com.example.java设计模式.单例.Test"/>
  <testcase name="service" time="0.000" classname="com.example.java设计模式.单例.Test"/>
  <testcase name="service" time="0.128" classname="com.example.java设计模式.单例.Test"/>
  <testcase name="service" time="0.000" classname="com.example.java设计模式.单例.Test"/>
  <testcase name="service" time="0.000" classname="com.example.java设计模式.单例.Test"/>
  <testcase name="service" time="0.000" classname="com.example.java设计模式.单例.Test"/>
  <testcase name="service" time="0.002" classname="com.example.java设计模式.单例.Test"/>
  <testcase name="service" time="0.000" classname="com.example.java设计模式.单例.Test"/>
  <testcase name="service" time="0.067" classname="com.example.java设计模式.单例.Test"/>
  <testcase name="service" time="0.000" classname="com.example.java设计模式.单例.Test"/>
  <testcase name="service" time="0.127" classname="com.example.java设计模式.单例.Test"/>
  <testcase name="service" time="0.449" classname="com.example.java设计模式.单例.Test"/>
  <testcase name="service" time="0.139" classname="com.example.java设计模式.单例.Test"/>
  <testcase name="service" time="0.001" classname="com.example.java设计模式.单例.Test"/>
  <testcase name="service" time="0.000" classname="com.example.java设计模式.单例.Test"/>
  <testcase name="service" time="1.238" classname="com.example.java设计模式.单例.Test"/>
  <testcase name="service" time="0.827" classname="com.example.java设计模式.单例.Test"/>
  <testcase name="service" time="0.586" classname="com.example.java设计模式.单例.Test"/>
  <testcase name="service" time="7.092" classname="com.example.java设计模式.单例.Test"/>
  <testcase name="service" time="0.053" classname="com.example.java设计模式.单例.Test"/>
  <testcase name="service" time="0.000" classname="com.example.java设计模式.单例.Test"/>
  <testcase name="service" time="0.182" classname="com.example.java设计模式.单例.Test"/>
  <testcase name="service" time="0.887" classname="com.example.java设计模式.单例.Test"/>
  <testcase name="service" time="0.000" classname="com.example.java设计模式.单例.Test"/>
  <testcase name="service" time="0.000" classname="com.example.java设计模式.单例.Test"/>
  <testcase name="service" time="0.000" classname="com.example.java设计模式.单例.Test"/>
  <testcase name="service" time="0.035" classname="com.example.java设计模式.单例.Test"/>
  <testcase name="service" time="0.000" classname="com.example.java设计模式.单例.Test"/>
  <testcase name="service" time="0.007" classname="com.example.java设计模式.单例.Test"/>
  <testcase name="service" time="0.001" classname="com.example.java设计模式.单例.Test"/>
  <testcase name="service" time="1.011" classname="com.example.java设计模式.单例.Test"/>
  <testcase name="service" time="0.363" classname="com.example.java设计模式.单例.Test"/>
  <testcase name="service" time="0.000" classname="com.example.java设计模式.单例.Test"/>
  <testcase name="service" time="0.000" classname="com.example.java设计模式.单例.Test"/>
  <testcase name="service" time="0.000" classname="com.example.java设计模式.单例.Test"/>
  <testcase name="service" time="0.774" classname="com.example.java设计模式.单例.Test"/>
  <testcase name="service" time="0.662" classname="com.example.java设计模式.单例.Test"/>
  <testcase name="service" time="0.000" classname="com.example.java设计模式.单例.Test"/>
  <testcase name="service" time="0.001" classname="com.example.java设计模式.单例.Test"/>
  <testcase name="service" time="0.471" classname="com.example.java设计模式.单例.Test"/>
  <testcase name="service" time="1.302" classname="com.example.java设计模式.单例.Test"/>
  <testcase name="service" time="0.023" classname="com.example.java设计模式.单例.Test"/>
  <testcase name="service" time="0.000" classname="com.example.java设计模式.单例.Test"/>
  <testcase name="service" time="64.812" classname="com.example.java设计模式.单例.Test"/>
  <testcase name="service" time="0.001" classname="com.example.java设计模式.单例.Test"/>
  <testcase name="service" time="0.199" classname="com.example.java设计模式.单例.Test"/>
  <testcase name="service" time="0.035" classname="com.example.java设计模式.单例.Test"/>
  <testcase name="service" time="0.001" classname="com.example.java设计模式.单例.Test"/>
  <testcase name="service" time="1.021" classname="com.example.java设计模式.单例.Test"/>
  <testcase name="service" time="0.108" classname="com.example.java设计模式.单例.Test"/>
  <testcase name="service" time="0.001" classname="com.example.java设计模式.单例.Test"/>
  <testcase name="service" time="0.001" classname="com.example.java设计模式.单例.Test"/>
  <testcase name="service" time="0.000" classname="com.example.java设计模式.单例.Test"/>
  <testcase name="service" time="5.140" classname="com.example.java设计模式.单例.Test"/>
  <testcase name="service" time="0.001" classname="com.example.java设计模式.单例.Test"/>
  <testcase name="service" time="0.372" classname="com.example.java设计模式.单例.Test"/>
  <testcase name="service" time="0.001" classname="com.example.java设计模式.单例.Test"/>
  <testcase name="service" time="1.492" classname="com.example.java设计模式.单例.Test"/>
  <testcase name="service" time="0.635" classname="com.example.java设计模式.单例.Test"/>
  <testcase name="service" time="0.603" classname="com.example.java设计模式.单例.Test"/>
  <testcase name="service" time="0.000" classname="com.example.java设计模式.单例.Test"/>
  <testcase name="service" time="0.003" classname="com.example.java设计模式.单例.Test"/>
  <testcase name="service" time="0.000" classname="com.example.java设计模式.单例.Test"/>
  <testcase name="service" time="0.028" classname="com.example.java设计模式.单例.Test"/>
  <testcase name="service" time="0.000" classname="com.example.java设计模式.单例.Test"/>
  <testcase name="service" time="0.000" classname="com.example.java设计模式.单例.Test"/>
  <testcase name="service" time="6.669" classname="com.example.java设计模式.单例.Test"/>
  <testcase name="service" time="0.632" classname="com.example.java设计模式.单例.Test"/>
  <testcase name="service" time="0.000" classname="com.example.java设计模式.单例.Test"/>
  <testcase name="service" time="6.593" classname="com.example.java设计模式.单例.Test"/>
  <testcase name="service" time="0.409" classname="com.example.java设计模式.单例.Test"/>
  <testcase name="service" time="0.556" classname="com.example.java设计模式.单例.Test"/>
  <testcase name="service" time="0.000" classname="com.example.java设计模式.单例.Test"/>
  <testcase name="service" time="0.000" classname="com.example.java设计模式.单例.Test"/>
  <testcase name="service" time="0.000" classname="com.example.java设计模式.单例.Test"/>
  <testcase name="service" time="0.013" classname="com.example.java设计模式.单例.Test"/>
  <testcase name="service" time="0.237" classname="com.example.java设计模式.单例.Test"/>
  <testcase name="service" time="6.301" classname="com.example.java设计模式.单例.Test"/>
  <testcase name="service" time="0.784" classname="com.example.java设计模式.单例.Test"/>
  <testcase name="service" time="6.527" classname="com.example.java设计模式.单例.Test"/>
  <testcase name="service" time="0.001" classname="com.example.java设计模式.单例.Test"/>
  <testcase name="service" time="0.917" classname="com.example.java设计模式.单例.Test"/>
  <testcase name="service" time="0.000" classname="com.example.java设计模式.单例.Test"/>
  <testcase name="service" time="1.491" classname="com.example.java设计模式.单例.Test"/>
  <testcase name="service" time="0.449" classname="com.example.java设计模式.单例.Test"/>
  <testcase name="service" time="0.000" classname="com.example.java设计模式.单例.Test"/>
  <testcase name="service" time="0.000" classname="com.example.java设计模式.单例.Test"/>
  <testcase name="service" time="0.368" classname="com.example.java设计模式.单例.Test"/>
  <testcase name="service" time="0.168" classname="com.example.java设计模式.单例.Test"/>
  <testcase name="service" time="0.033" classname="com.example.java设计模式.单例.Test"/>
  <testcase name="service" time="0.134" classname="com.example.java设计模式.单例.Test"/>
  <testcase name="service" time="0.271" classname="com.example.java设计模式.单例.Test"/>
  <testcase name="service" time="0.000" classname="com.example.java设计模式.单例.Test"/>
  <testcase name="service" time="0.167" classname="com.example.java设计模式.单例.Test"/>
  <testcase name="service" time="0.000" classname="com.example.java设计模式.单例.Test"/>
  <testcase name="service" time="0.426" classname="com.example.java设计模式.单例.Test"/>
  <testcase name="service" time="0.000" classname="com.example.java设计模式.单例.Test"/>
  <testcase name="service" time="0.000" classname="com.example.java设计模式.单例.Test"/>
  <testcase name="service" time="0.000" classname="com.example.java设计模式.单例.Test"/>
  <testcase name="service" time="0.490" classname="com.example.java设计模式.单例.Test"/>
  <testcase name="service" time="0.000" classname="com.example.java设计模式.单例.Test"/>
  <testcase name="service" time="1.242" classname="com.example.java设计模式.单例.Test"/>
  <testcase name="service" time="0.000" classname="com.example.java设计模式.单例.Test"/>
  <testcase name="service" time="0.000" classname="com.example.java设计模式.单例.Test"/>
  <testcase name="service" time="0.664" classname="com.example.java设计模式.单例.Test"/>
  <testcase name="service" time="0.000" classname="com.example.java设计模式.单例.Test"/>
  <testcase name="service" time="0.000" classname="com.example.java设计模式.单例.Test"/>
  <testcase name="service" time="0.000" classname="com.example.java设计模式.单例.Test"/>
  <testcase name="service" time="0.000" classname="com.example.java设计模式.单例.Test"/>
  <testcase name="service" time="6.338" classname="com.example.java设计模式.单例.Test"/>
  <testcase name="service" time="0.055" classname="com.example.java设计模式.单例.Test"/>
  <testcase name="service" time="64.694" classname="com.example.java设计模式.单例.Test"/>
  <testcase name="service" time="0.000" classname="com.example.java设计模式.单例.Test"/>
  <testcase name="service" time="8.304" classname="com.example.java设计模式.单例.Test"/>
  <testcase name="service" time="0.000" classname="com.example.java设计模式.单例.Test"/>
  <testcase name="service" time="1.564" classname="com.example.java设计模式.单例.Test"/>
  <testcase name="service" time="0.460" classname="com.example.java设计模式.单例.Test"/>
  <testcase name="service" time="0.000" classname="com.example.java设计模式.单例.Test"/>
  <testcase name="service" time="0.150" classname="com.example.java设计模式.单例.Test"/>
  <testcase name="service" time="0.051" classname="com.example.java设计模式.单例.Test"/>
  <testcase name="service" time="0.149" classname="com.example.java设计模式.单例.Test"/>
  <testcase name="service" time="0.000" classname="com.example.java设计模式.单例.Test"/>
  <testcase name="service" time="0.001" classname="com.example.java设计模式.单例.Test"/>
  <testcase name="service" time="0.000" classname="com.example.java设计模式.单例.Test"/>
  <testcase name="service" time="0.001" classname="com.example.java设计模式.单例.Test"/>
  <testcase name="service" time="8.100" classname="com.example.java设计模式.单例.Test"/>
  <testcase name="service" time="0.001" classname="com.example.java设计模式.单例.Test"/>
  <testcase name="service" time="0.000" classname="com.example.java设计模式.单例.Test"/>
  <testcase name="service" time="0.769" classname="com.example.java设计模式.单例.Test"/>
  <testcase name="service" time="0.001" classname="com.example.java设计模式.单例.Test"/>
  <testcase name="service" time="0.595" classname="com.example.java设计模式.单例.Test"/>
  <testcase name="service" time="0.901" classname="com.example.java设计模式.单例.Test"/>
  <testcase name="service" time="8.294" classname="com.example.java设计模式.单例.Test"/>
  <testcase name="service" time="6.158" classname="com.example.java设计模式.单例.Test"/>
  <testcase name="service" time="0.000" classname="com.example.java设计模式.单例.Test"/>
  <testcase name="service" time="0.001" classname="com.example.java设计模式.单例.Test"/>
  <testcase name="service" time="0.000" classname="com.example.java设计模式.单例.Test"/>
  <testcase name="service" time="64.940" classname="com.example.java设计模式.单例.Test"/>
  <testcase name="service" time="0.001" classname="com.example.java设计模式.单例.Test"/>
  <testcase name="service" time="0.000" classname="com.example.java设计模式.单例.Test"/>
  <testcase name="service" time="0.001" classname="com.example.java设计模式.单例.Test"/>
  <testcase name="service" time="0.001" classname="com.example.java设计模式.单例.Test"/>
  <testcase name="service" time="0.000" classname="com.example.java设计模式.单例.Test"/>
  <testcase name="service" time="0.001" classname="com.example.java设计模式.单例.Test"/>
  <testcase name="service" time="0.001" classname="com.example.java设计模式.单例.Test"/>
  <testcase name="service" time="0.000" classname="com.example.java设计模式.单例.Test"/>
  <testcase name="service" time="0.030" classname="com.example.java设计模式.单例.Test"/>
  <testcase name="service" time="0.070" classname="com.example.java设计模式.单例.Test"/>
  <testcase name="service" time="1.176" classname="com.example.java设计模式.单例.Test"/>
  <testcase name="service" time="0.819" classname="com.example.java设计模式.单例.Test"/>
  <testcase name="service" time="0.000" classname="com.example.java设计模式.单例.Test"/>
  <testcase name="service" time="0.005" classname="com.example.java设计模式.单例.Test"/>
  <testcase name="service" time="0.000" classname="com.example.java设计模式.单例.Test"/>
  <testcase name="service" time="0.000" classname="com.example.java设计模式.单例.Test"/>
  <testcase name="service" time="0.000" classname="com.example.java设计模式.单例.Test"/>
  <testcase name="service" time="0.000" classname="com.example.java设计模式.单例.Test"/>
  <testcase name="service" time="0.000" classname="com.example.java设计模式.单例.Test"/>
  <testcase name="service" time="0.000" classname="com.example.java设计模式.单例.Test"/>
  <testcase name="service" time="0.000" classname="com.example.java设计模式.单例.Test"/>
  <testcase name="service" time="0.001" classname="com.example.java设计模式.单例.Test"/>
  <testcase name="service" time="0.000" classname="com.example.java设计模式.单例.Test"/>
  <testcase name="service" time="1.046" classname="com.example.java设计模式.单例.Test"/>
  <testcase name="service" time="0.000" classname="com.example.java设计模式.单例.Test"/>
  <testcase name="service" time="0.458" classname="com.example.java设计模式.单例.Test"/>
  <testcase name="service" time="0.001" classname="com.example.java设计模式.单例.Test"/>
  <testcase name="service" time="0.000" classname="com.example.java设计模式.单例.Test"/>
  <testcase name="service" time="0.001" classname="com.example.java设计模式.单例.Test"/>
  <testcase name="service" time="0.000" classname="com.example.java设计模式.单例.Test"/>
  <testcase name="service" time="0.000" classname="com.example.java设计模式.单例.Test"/>
  <testcase name="service" time="0.131" classname="com.example.java设计模式.单例.Test"/>
  <testcase name="service" time="0.000" classname="com.example.java设计模式.单例.Test"/>
  <testcase name="service" time="0.000" classname="com.example.java设计模式.单例.Test"/>
  <testcase name="service" time="0.774" classname="com.example.java设计模式.单例.Test"/>
  <testcase name="service" time="0.983" classname="com.example.java设计模式.单例.Test"/>
  <testcase name="service" time="0.000" classname="com.example.java设计模式.单例.Test"/>
  <testcase name="service" time="0.000" classname="com.example.java设计模式.单例.Test"/>
  <testcase name="service" time="0.343" classname="com.example.java设计模式.单例.Test"/>
  <testcase name="service" time="0.000" classname="com.example.java设计模式.单例.Test"/>
  <testcase name="service" time="0.000" classname="com.example.java设计模式.单例.Test"/>
  <testcase name="service" time="0.815" classname="com.example.java设计模式.单例.Test"/>
  <testcase name="service" time="0.001" classname="com.example.java设计模式.单例.Test"/>
  <testcase name="service" time="0.000" classname="com.example.java设计模式.单例.Test"/>
  <testcase name="service" time="6.672" classname="com.example.java设计模式.单例.Test"/>
  <testcase name="service" time="64.550" classname="com.example.java设计模式.单例.Test"/>
  <testcase name="service" time="0.298" classname="com.example.java设计模式.单例.Test"/>
  <testcase name="service" time="5.136" classname="com.example.java设计模式.单例.Test"/>
  <testcase name="service" time="0.001" classname="com.example.java设计模式.单例.Test"/>
  <testcase name="service" time="0.269" classname="com.example.java设计模式.单例.Test"/>
  <testcase name="service" time="0.412" classname="com.example.java设计模式.单例.Test"/>
  <testcase name="service" time="0.986" classname="com.example.java设计模式.单例.Test"/>
  <testcase name="service" time="0.327" classname="com.example.java设计模式.单例.Test"/>
  <testcase name="service" time="0.000" classname="com.example.java设计模式.单例.Test"/>
  <testcase name="service" time="0.000" classname="com.example.java设计模式.单例.Test"/>
  <testcase name="service" time="0.000" classname="com.example.java设计模式.单例.Test"/>
  <testcase name="service" time="0.723" classname="com.example.java设计模式.单例.Test"/>
  <testcase name="service" time="0.000" classname="com.example.java设计模式.单例.Test"/>
  <testcase name="service" time="0.000" classname="com.example.java设计模式.单例.Test"/>
  <testcase name="service" time="0.005" classname="com.example.java设计模式.单例.Test"/>
  <testcase name="service" time="0.000" classname="com.example.java设计模式.单例.Test"/>
  <testcase name="service" time="0.000" classname="com.example.java设计模式.单例.Test"/>
  <testcase name="service" time="0.254" classname="com.example.java设计模式.单例.Test"/>
  <testcase name="service" time="0.000" classname="com.example.java设计模式.单例.Test"/>
  <testcase name="service" time="0.664" classname="com.example.java设计模式.单例.Test"/>
  <testcase name="service" time="0.000" classname="com.example.java设计模式.单例.Test"/>
  <testcase name="service" time="8.292" classname="com.example.java设计模式.单例.Test"/>
  <testcase name="service" time="6.654" classname="com.example.java设计模式.单例.Test"/>
  <testcase name="service" time="0.000" classname="com.example.java设计模式.单例.Test"/>
  <testcase name="service" time="0.001" classname="com.example.java设计模式.单例.Test"/>
  <testcase name="service" time="0.001" classname="com.example.java设计模式.单例.Test"/>
  <testcase name="service" time="0.708" classname="com.example.java设计模式.单例.Test"/>
  <testcase name="service" time="0.001" classname="com.example.java设计模式.单例.Test"/>
  <testcase name="service" time="0.729" classname="com.example.java设计模式.单例.Test"/>
  <testcase name="service" time="0.000" classname="com.example.java设计模式.单例.Test"/>
  <testcase name="service" time="0.000" classname="com.example.java设计模式.单例.Test"/>
  <testcase name="service" time="0.000" classname="com.example.java设计模式.单例.Test"/>
  <testcase name="service" time="0.001" classname="com.example.java设计模式.单例.Test"/>
  <testcase name="service" time="1.205" classname="com.example.java设计模式.单例.Test"/>
  <testcase name="service" time="6.589" classname="com.example.java设计模式.单例.Test"/>
  <testcase name="service" time="0.001" classname="com.example.java设计模式.单例.Test"/>
  <testcase name="service" time="0.000" classname="com.example.java设计模式.单例.Test"/>
  <testcase name="service" time="0.248" classname="com.example.java设计模式.单例.Test"/>
  <testcase name="service" time="0.000" classname="com.example.java设计模式.单例.Test"/>
  <testcase name="service" time="0.000" classname="com.example.java设计模式.单例.Test"/>
  <testcase name="service" time="0.000" classname="com.example.java设计模式.单例.Test"/>
  <testcase name="service" time="0.000" classname="com.example.java设计模式.单例.Test"/>
  <testcase name="service" time="0.792" classname="com.example.java设计模式.单例.Test"/>
  <testcase name="service" time="8.055" classname="com.example.java设计模式.单例.Test"/>
  <testcase name="service" time="0.000" classname="com.example.java设计模式.单例.Test"/>
  <testcase name="service" time="0.337" classname="com.example.java设计模式.单例.Test"/>
  <testcase name="service" time="0.000" classname="com.example.java设计模式.单例.Test"/>
  <testcase name="service" time="0.000" classname="com.example.java设计模式.单例.Test"/>
  <testcase name="service" time="6.666" classname="com.example.java设计模式.单例.Test"/>
  <testcase name="service" time="0.000" classname="com.example.java设计模式.单例.Test"/>
  <testcase name="service" time="1.205" classname="com.example.java设计模式.单例.Test"/>
  <testcase name="service" time="0.151" classname="com.example.java设计模式.单例.Test"/>
  <testcase name="service" time="0.103" classname="com.example.java设计模式.单例.Test"/>
  <testcase name="service" time="0.001" classname="com.example.java设计模式.单例.Test"/>
  <testcase name="service" time="0.041" classname="com.example.java设计模式.单例.Test"/>
  <testcase name="service" time="1.205" classname="com.example.java设计模式.单例.Test"/>
  <testcase name="service" time="0.000" classname="com.example.java设计模式.单例.Test"/>
  <testcase name="service" time="64.994" classname="com.example.java设计模式.单例.Test"/>
  <testcase name="service" time="0.006" classname="com.example.java设计模式.单例.Test"/>
  <testcase name="service" time="0.000" classname="com.example.java设计模式.单例.Test"/>
  <testcase name="service" time="6.612" classname="com.example.java设计模式.单例.Test"/>
  <testcase name="service" time="5.122" classname="com.example.java设计模式.单例.Test"/>
  <testcase name="service" time="0.254" classname="com.example.java设计模式.单例.Test"/>
  <testcase name="service" time="0.000" classname="com.example.java设计模式.单例.Test"/>
  <testcase name="service" time="0.375" classname="com.example.java设计模式.单例.Test"/>
  <testcase name="service" time="0.000" classname="com.example.java设计模式.单例.Test"/>
  <testcase name="service" time="0.000" classname="com.example.java设计模式.单例.Test"/>
  <testcase name="service" time="0.000" classname="com.example.java设计模式.单例.Test"/>
  <testcase name="service" time="0.000" classname="com.example.java设计模式.单例.Test"/>
  <testcase name="service" time="0.069" classname="com.example.java设计模式.单例.Test"/>
  <testcase name="service" time="0.037" classname="com.example.java设计模式.单例.Test"/>
  <testcase name="service" time="0.840" classname="com.example.java设计模式.单例.Test"/>
  <testcase name="service" time="0.569" classname="com.example.java设计模式.单例.Test"/>
  <testcase name="service" time="0.001" classname="com.example.java设计模式.单例.Test"/>
  <testcase name="service" time="0.138" classname="com.example.java设计模式.单例.Test"/>
  <testcase name="service" time="65.044" classname="com.example.java设计模式.单例.Test"/>
  <testcase name="service" time="1.506" classname="com.example.java设计模式.单例.Test"/>
  <testcase name="service" time="0.001" classname="com.example.java设计模式.单例.Test"/>
  <testcase name="service" time="0.000" classname="com.example.java设计模式.单例.Test"/>
  <testcase name="service" time="0.085" classname="com.example.java设计模式.单例.Test"/>
  <testcase name="service" time="0.000" classname="com.example.java设计模式.单例.Test"/>
  <testcase name="service" time="0.000" classname="com.example.java设计模式.单例.Test"/>
  <testcase name="service" time="1.000" classname="com.example.java设计模式.单例.Test"/>
  <testcase name="service" time="0.001" classname="com.example.java设计模式.单例.Test"/>
  <testcase name="service" time="6.527" classname="com.example.java设计模式.单例.Test"/>
  <testcase name="service" time="0.234" classname="com.example.java设计模式.单例.Test"/>
  <testcase name="service" time="0.871" classname="com.example.java设计模式.单例.Test"/>
  <testcase name="service" time="6.725" classname="com.example.java设计模式.单例.Test"/>
  <testcase name="service" time="0.117" classname="com.example.java设计模式.单例.Test"/>
  <testcase name="service" time="0.080" classname="com.example.java设计模式.单例.Test"/>
  <testcase name="service" time="1.238" classname="com.example.java设计模式.单例.Test"/>
  <testcase name="service" time="0.001" classname="com.example.java设计模式.单例.Test"/>
  <testcase name="service" time="0.001" classname="com.example.java设计模式.单例.Test"/>
  <testcase name="service" time="0.170" classname="com.example.java设计模式.单例.Test"/>
  <testcase name="service" time="0.000" classname="com.example.java设计模式.单例.Test"/>
  <testcase name="service" time="0.001" classname="com.example.java设计模式.单例.Test"/>
  <testcase name="service" time="0.000" classname="com.example.java设计模式.单例.Test"/>
  <testcase name="service" time="1.148" classname="com.example.java设计模式.单例.Test"/>
  <testcase name="service" time="0.000" classname="com.example.java设计模式.单例.Test"/>
  <testcase name="service" time="0.000" classname="com.example.java设计模式.单例.Test"/>
  <testcase name="service" time="0.000" classname="com.example.java设计模式.单例.Test"/>
  <testcase name="service" time="0.150" classname="com.example.java设计模式.单例.Test"/>
  <testcase name="service" time="0.000" classname="com.example.java设计模式.单例.Test"/>
  <testcase name="service" time="0.001" classname="com.example.java设计模式.单例.Test"/>
  <testcase name="service" time="0.000" classname="com.example.java设计模式.单例.Test"/>
  <testcase name="service" time="0.000" classname="com.example.java设计模式.单例.Test"/>
  <testcase name="service" time="0.071" classname="com.example.java设计模式.单例.Test"/>
  <testcase name="service" time="0.017" classname="com.example.java设计模式.单例.Test"/>
  <testcase name="service" time="0.410" classname="com.example.java设计模式.单例.Test"/>
  <testcase name="service" time="0.000" classname="com.example.java设计模式.单例.Test"/>
  <testcase name="service" time="0.435" classname="com.example.java设计模式.单例.Test"/>
  <testcase name="service" time="0.101" classname="com.example.java设计模式.单例.Test"/>
  <testcase name="service" time="0.581" classname="com.example.java设计模式.单例.Test"/>
  <testcase name="service" time="0.000" classname="com.example.java设计模式.单例.Test"/>
  <testcase name="service" time="0.000" classname="com.example.java设计模式.单例.Test"/>
  <testcase name="service" time="0.787" classname="com.example.java设计模式.单例.Test"/>
  <testcase name="service" time="0.001" classname="com.example.java设计模式.单例.Test"/>
  <testcase name="service" time="0.486" classname="com.example.java设计模式.单例.Test"/>
  <testcase name="service" time="0.000" classname="com.example.java设计模式.单例.Test"/>
  <testcase name="service" time="0.000" classname="com.example.java设计模式.单例.Test"/>
  <testcase name="service" time="0.000" classname="com.example.java设计模式.单例.Test"/>
  <testcase name="service" time="0.180" classname="com.example.java设计模式.单例.Test"/>
  <testcase name="service" time="0.000" classname="com.example.java设计模式.单例.Test"/>
  <testcase name="service" time="0.000" classname="com.example.java设计模式.单例.Test"/>
  <testcase name="service" time="0.181" classname="com.example.java设计模式.单例.Test"/>
  <testcase name="service" time="0.000" classname="com.example.java设计模式.单例.Test"/>
  <testcase name="service" time="0.479" classname="com.example.java设计模式.单例.Test"/>
  <testcase name="service" time="0.386" classname="com.example.java设计模式.单例.Test"/>
  <testcase name="service" time="64.919" classname="com.example.java设计模式.单例.Test"/>
  <testcase name="service" time="0.001" classname="com.example.java设计模式.单例.Test"/>
  <testcase name="service" time="0.000" classname="com.example.java设计模式.单例.Test"/>
  <testcase name="service" time="7.138" classname="com.example.java设计模式.单例.Test"/>
  <testcase name="service" time="0.447" classname="com.example.java设计模式.单例.Test"/>
  <testcase name="service" time="1.514" classname="com.example.java设计模式.单例.Test"/>
  <testcase name="service" time="0.000" classname="com.example.java设计模式.单例.Test"/>
  <testcase name="service" time="1.067" classname="com.example.java设计模式.单例.Test"/>
  <testcase name="service" time="0.100" classname="com.example.java设计模式.单例.Test"/>
  <testcase name="service" time="0.369" classname="com.example.java设计模式.单例.Test"/>
  <testcase name="service" time="0.168" classname="com.example.java设计模式.单例.Test"/>
  <testcase name="service" time="0.236" classname="com.example.java设计模式.单例.Test"/>
  <testcase name="service" time="0.000" classname="com.example.java设计模式.单例.Test"/>
  <testcase name="service" time="0.000" classname="com.example.java设计模式.单例.Test"/>
  <testcase name="service" time="0.001" classname="com.example.java设计模式.单例.Test"/>
  <testcase name="service" time="0.001" classname="com.example.java设计模式.单例.Test"/>
  <testcase name="service" time="0.000" classname="com.example.java设计模式.单例.Test"/>
  <testcase name="service" time="4.818" classname="com.example.java设计模式.单例.Test"/>
  <testcase name="service" time="0.145" classname="com.example.java设计模式.单例.Test"/>
  <testcase name="service" time="0.000" classname="com.example.java设计模式.单例.Test"/>
  <testcase name="service" time="0.360" classname="com.example.java设计模式.单例.Test"/>
  <testcase name="service" time="6.609" classname="com.example.java设计模式.单例.Test"/>
  <testcase name="service" time="0.000" classname="com.example.java设计模式.单例.Test"/>
  <testcase name="service" time="1.240" classname="com.example.java设计模式.单例.Test"/>
  <testcase name="service" time="0.001" classname="com.example.java设计模式.单例.Test"/>
  <testcase name="service" time="1.346" classname="com.example.java设计模式.单例.Test"/>
  <testcase name="service" time="0.000" classname="com.example.java设计模式.单例.Test"/>
  <testcase name="service" time="0.000" classname="com.example.java设计模式.单例.Test"/>
  <testcase name="service" time="0.000" classname="com.example.java设计模式.单例.Test"/>
  <testcase name="service" time="0.100" classname="com.example.java设计模式.单例.Test"/>
  <testcase name="service" time="0.788" classname="com.example.java设计模式.单例.Test"/>
  <testcase name="service" time="7.781" classname="com.example.java设计模式.单例.Test"/>
  <testcase name="service" time="0.902" classname="com.example.java设计模式.单例.Test"/>
  <testcase name="service" time="0.016" classname="com.example.java设计模式.单例.Test"/>
  <testcase name="service" time="0.001" classname="com.example.java设计模式.单例.Test"/>
  <testcase name="service" time="0.956" classname="com.example.java设计模式.单例.Test"/>
  <testcase name="service" time="0.001" classname="com.example.java设计模式.单例.Test"/>
  <testcase name="service" time="0.421" classname="com.example.java设计模式.单例.Test"/>
  <testcase name="service" time="0.000" classname="com.example.java设计模式.单例.Test"/>
  <testcase name="service" time="0.001" classname="com.example.java设计模式.单例.Test"/>
  <testcase name="service" time="0.000" classname="com.example.java设计模式.单例.Test"/>
  <testcase name="service" time="0.314" classname="com.example.java设计模式.单例.Test"/>
  <testcase name="service" time="0.000" classname="com.example.java设计模式.单例.Test"/>
  <testcase name="service" time="0.215" classname="com.example.java设计模式.单例.Test"/>
  <testcase name="service" time="0.467" classname="com.example.java设计模式.单例.Test"/>
  <testcase name="service" time="0.046" classname="com.example.java设计模式.单例.Test"/>
  <testcase name="service" time="0.734" classname="com.example.java设计模式.单例.Test"/>
  <testcase name="service" time="0.630" classname="com.example.java设计模式.单例.Test"/>
  <testcase name="service" time="0.000" classname="com.example.java设计模式.单例.Test"/>
  <testcase name="service" time="0.000" classname="com.example.java设计模式.单例.Test"/>
  <testcase name="service" time="6.707" classname="com.example.java设计模式.单例.Test"/>
  <testcase name="service" time="0.112" classname="com.example.java设计模式.单例.Test"/>
  <testcase name="service" time="0.001" classname="com.example.java设计模式.单例.Test"/>
  <testcase name="service" time="0.000" classname="com.example.java设计模式.单例.Test"/>
  <testcase name="service" time="0.001" classname="com.example.java设计模式.单例.Test"/>
  <testcase name="service" time="0.797" classname="com.example.java设计模式.单例.Test"/>
  <testcase name="service" time="0.848" classname="com.example.java设计模式.单例.Test"/>
  <testcase name="service" time="0.000" classname="com.example.java设计模式.单例.Test"/>
  <testcase name="service" time="0.164" classname="com.example.java设计模式.单例.Test"/>
  <testcase name="service" time="0.037" classname="com.example.java设计模式.单例.Test"/>
  <testcase name="service" time="0.756" classname="com.example.java设计模式.单例.Test"/>
  <testcase name="service" time="0.001" classname="com.example.java设计模式.单例.Test"/>
  <testcase name="service" time="0.000" classname="com.example.java设计模式.单例.Test"/>
  <testcase name="service" time="0.000" classname="com.example.java设计模式.单例.Test"/>
  <testcase name="service" time="0.000" classname="com.example.java设计模式.单例.Test"/>
  <testcase name="service" time="6.404" classname="com.example.java设计模式.单例.Test"/>
  <testcase name="service" time="0.001" classname="com.example.java设计模式.单例.Test"/>
  <testcase name="service" time="1.575" classname="com.example.java设计模式.单例.Test"/>
  <testcase name="service" time="0.000" classname="com.example.java设计模式.单例.Test"/>
  <testcase name="service" time="0.000" classname="com.example.java设计模式.单例.Test"/>
  <testcase name="service" time="0.000" classname="com.example.java设计模式.单例.Test"/>
  <testcase name="service" time="7.857" classname="com.example.java设计模式.单例.Test"/>
  <testcase name="service" time="0.430" classname="com.example.java设计模式.单例.Test"/>
  <testcase name="service" time="0.000" classname="com.example.java设计模式.单例.Test"/>
  <testcase name="service" time="0.001" classname="com.example.java设计模式.单例.Test"/>
  <testcase name="service" time="0.000" classname="com.example.java设计模式.单例.Test"/>
  <testcase name="service" time="0.151" classname="com.example.java设计模式.单例.Test"/>
  <testcase name="service" time="0.364" classname="com.example.java设计模式.单例.Test"/>
  <testcase name="service" time="0.000" classname="com.example.java设计模式.单例.Test"/>
  <testcase name="service" time="0.163" classname="com.example.java设计模式.单例.Test"/>
  <testcase name="service" time="0.000" classname="com.example.java设计模式.单例.Test"/>
  <testcase name="service" time="0.441" classname="com.example.java设计模式.单例.Test"/>
  <testcase name="service" time="0.027" classname="com.example.java设计模式.单例.Test"/>
  <testcase name="service" time="0.000" classname="com.example.java设计模式.单例.Test"/>
  <testcase name="service" time="0.013" classname="com.example.java设计模式.单例.Test"/>
  <testcase name="service" time="0.010" classname="com.example.java设计模式.单例.Test"/>
  <testcase name="service" time="0.442" classname="com.example.java设计模式.单例.Test"/>
  <testcase name="service" time="0.093" classname="com.example.java设计模式.单例.Test"/>
  <testcase name="service" time="0.029" classname="com.example.java设计模式.单例.Test"/>
  <testcase name="service" time="0.000" classname="com.example.java设计模式.单例.Test"/>
  <testcase name="service" time="0.000" classname="com.example.java设计模式.单例.Test"/>
  <testcase name="service" time="0.000" classname="com.example.java设计模式.单例.Test"/>
  <testcase name="service" time="0.889" classname="com.example.java设计模式.单例.Test"/>
  <testcase name="service" time="0.675" classname="com.example.java设计模式.单例.Test"/>
  <testcase name="service" time="1.133" classname="com.example.java设计模式.单例.Test"/>
  <testcase name="service" time="0.001" classname="com.example.java设计模式.单例.Test"/>
  <testcase name="service" time="0.168" classname="com.example.java设计模式.单例.Test"/>
  <testcase name="service" time="0.001" classname="com.example.java设计模式.单例.Test"/>
  <testcase name="service" time="0.000" classname="com.example.java设计模式.单例.Test"/>
  <testcase name="service" time="0.175" classname="com.example.java设计模式.单例.Test"/>
  <testcase name="service" time="0.000" classname="com.example.java设计模式.单例.Test"/>
  <testcase name="service" time="0.000" classname="com.example.java设计模式.单例.Test"/>
  <testcase name="service" time="0.087" classname="com.example.java设计模式.单例.Test"/>
  <testcase name="service" time="7.892" classname="com.example.java设计模式.单例.Test"/>
  <testcase name="service" time="0.077" classname="com.example.java设计模式.单例.Test"/>
  <testcase name="service" time="0.003" classname="com.example.java设计模式.单例.Test"/>
  <testcase name="service" time="0.000" classname="com.example.java设计模式.单例.Test"/>
  <testcase name="service" time="0.091" classname="com.example.java设计模式.单例.Test"/>
  <testcase name="service" time="0.000" classname="com.example.java设计模式.单例.Test"/>
  <testcase name="service" time="0.000" classname="com.example.java设计模式.单例.Test"/>
  <testcase name="service" time="0.328" classname="com.example.java设计模式.单例.Test"/>
  <testcase name="service" time="0.001" classname="com.example.java设计模式.单例.Test"/>
  <testcase name="service" time="0.851" classname="com.example.java设计模式.单例.Test"/>
  <testcase name="service" time="0.207" classname="com.example.java设计模式.单例.Test"/>
  <testcase name="service" time="0.135" classname="com.example.java设计模式.单例.Test"/>
  <testcase name="service" time="0.000" classname="com.example.java设计模式.单例.Test"/>
  <testcase name="service" time="0.036" classname="com.example.java设计模式.单例.Test"/>
  <testcase name="service" time="0.001" classname="com.example.java设计模式.单例.Test"/>
  <testcase name="service" time="0.000" classname="com.example.java设计模式.单例.Test"/>
  <testcase name="service" time="65.073" classname="com.example.java设计模式.单例.Test"/>
  <testcase name="service" time="0.000" classname="com.example.java设计模式.单例.Test"/>
  <testcase name="service" time="0.001" classname="com.example.java设计模式.单例.Test"/>
  <testcase name="service" time="7.249" classname="com.example.java设计模式.单例.Test"/>
  <testcase name="service" time="0.000" classname="com.example.java设计模式.单例.Test"/>
  <testcase name="service" time="0.000" classname="com.example.java设计模式.单例.Test"/>
  <testcase name="service" time="0.001" classname="com.example.java设计模式.单例.Test"/>
  <testcase name="service" time="0.000" classname="com.example.java设计模式.单例.Test"/>
  <testcase name="service" time="0.925" classname="com.example.java设计模式.单例.Test"/>
  <testcase name="service" time="0.001" classname="com.example.java设计模式.单例.Test"/>
  <testcase name="service" time="0.000" classname="com.example.java设计模式.单例.Test"/>
  <testcase name="service" time="0.000" classname="com.example.java设计模式.单例.Test"/>
  <testcase name="service" time="0.001" classname="com.example.java设计模式.单例.Test"/>
  <testcase name="service" time="0.000" classname="com.example.java设计模式.单例.Test"/>
  <testcase name="service" time="0.000" classname="com.example.java设计模式.单例.Test"/>
  <testcase name="service" time="0.682" classname="com.example.java设计模式.单例.Test"/>
  <testcase name="service" time="0.000" classname="com.example.java设计模式.单例.Test"/>
  <testcase name="service" time="0.772" classname="com.example.java设计模式.单例.Test"/>
  <testcase name="service" time="0.219" classname="com.example.java设计模式.单例.Test"/>
  <testcase name="service" time="0.065" classname="com.example.java设计模式.单例.Test"/>
  <testcase name="service" time="0.000" classname="com.example.java设计模式.单例.Test"/>
  <testcase name="service" time="0.587" classname="com.example.java设计模式.单例.Test"/>
  <testcase name="service" time="0.358" classname="com.example.java设计模式.单例.Test"/>
  <testcase name="service" time="0.282" classname="com.example.java设计模式.单例.Test"/>
  <testcase name="service" time="0.034" classname="com.example.java设计模式.单例.Test"/>
  <testcase name="service" time="0.394" classname="com.example.java设计模式.单例.Test"/>
  <testcase name="service" time="0.378" classname="com.example.java设计模式.单例.Test"/>
  <testcase name="service" time="0.000" classname="com.example.java设计模式.单例.Test"/>
  <testcase name="service" time="64.500" classname="com.example.java设计模式.单例.Test"/>
  <testcase name="service" time="0.000" classname="com.example.java设计模式.单例.Test"/>
  <testcase name="service" time="0.000" classname="com.example.java设计模式.单例.Test"/>
  <testcase name="service" time="0.582" classname="com.example.java设计模式.单例.Test"/>
  <testcase name="service" time="0.748" classname="com.example.java设计模式.单例.Test"/>
  <testcase name="service" time="0.028" classname="com.example.java设计模式.单例.Test"/>
  <testcase name="service" time="1.120" classname="com.example.java设计模式.单例.Test"/>
  <testcase name="service" time="6.578" classname="com.example.java设计模式.单例.Test"/>
  <testcase name="service" time="0.000" classname="com.example.java设计模式.单例.Test"/>
  <testcase name="service" time="0.558" classname="com.example.java设计模式.单例.Test"/>
  <testcase name="service" time="0.001" classname="com.example.java设计模式.单例.Test"/>
  <testcase name="service" time="0.000" classname="com.example.java设计模式.单例.Test"/>
  <testcase name="service" time="6.795" classname="com.example.java设计模式.单例.Test"/>
  <testcase name="service" time="7.877" classname="com.example.java设计模式.单例.Test"/>
  <testcase name="service" time="0.125" classname="com.example.java设计模式.单例.Test"/>
  <testcase name="service" time="0.000" classname="com.example.java设计模式.单例.Test"/>
  <testcase name="service" time="0.001" classname="com.example.java设计模式.单例.Test"/>
  <testcase name="service" time="65.051" classname="com.example.java设计模式.单例.Test"/>
  <testcase name="service" time="0.000" classname="com.example.java设计模式.单例.Test"/>
  <testcase name="service" time="0.000" classname="com.example.java设计模式.单例.Test"/>
  <testcase name="service" time="0.001" classname="com.example.java设计模式.单例.Test"/>
  <testcase name="service" time="0.000" classname="com.example.java设计模式.单例.Test"/>
  <testcase name="service" time="0.013" classname="com.example.java设计模式.单例.Test"/>
  <testcase name="service" time="0.001" classname="com.example.java设计模式.单例.Test"/>
  <testcase name="service" time="0.000" classname="com.example.java设计模式.单例.Test"/>
  <testcase name="service" time="0.000" classname="com.example.java设计模式.单例.Test"/>
  <testcase name="service" time="0.244" classname="com.example.java设计模式.单例.Test"/>
  <testcase name="service" time="0.648" classname="com.example.java设计模式.单例.Test"/>
  <testcase name="service" time="0.000" classname="com.example.java设计模式.单例.Test"/>
  <testcase name="service" time="0.000" classname="com.example.java设计模式.单例.Test"/>
  <testcase name="service" time="6.764" classname="com.example.java设计模式.单例.Test"/>
  <testcase name="service" time="0.461" classname="com.example.java设计模式.单例.Test"/>
  <testcase name="service" time="0.704" classname="com.example.java设计模式.单例.Test"/>
  <testcase name="service" time="0.000" classname="com.example.java设计模式.单例.Test"/>
  <testcase name="service" time="0.001" classname="com.example.java设计模式.单例.Test"/>
  <testcase name="service" time="0.000" classname="com.example.java设计模式.单例.Test"/>
  <testcase name="service" time="0.091" classname="com.example.java设计模式.单例.Test"/>
  <testcase name="service" time="0.000" classname="com.example.java设计模式.单例.Test"/>
  <testcase name="service" time="0.001" classname="com.example.java设计模式.单例.Test"/>
  <testcase name="service" time="0.346" classname="com.example.java设计模式.单例.Test"/>
  <testcase name="service" time="0.000" classname="com.example.java设计模式.单例.Test"/>
  <testcase name="service" time="0.001" classname="com.example.java设计模式.单例.Test"/>
  <testcase name="service" time="0.001" classname="com.example.java设计模式.单例.Test"/>
  <testcase name="service" time="0.178" classname="com.example.java设计模式.单例.Test"/>
  <testcase name="service" time="0.076" classname="com.example.java设计模式.单例.Test"/>
  <testcase name="service" time="0.080" classname="com.example.java设计模式.单例.Test"/>
  <testcase name="service" time="0.175" classname="com.example.java设计模式.单例.Test"/>
  <testcase name="service" time="0.634" classname="com.example.java设计模式.单例.Test"/>
  <testcase name="service" time="0.000" classname="com.example.java设计模式.单例.Test"/>
  <testcase name="service" time="0.000" classname="com.example.java设计模式.单例.Test"/>
  <testcase name="service" time="0.000" classname="com.example.java设计模式.单例.Test"/>
  <testcase name="service" time="0.338" classname="com.example.java设计模式.单例.Test"/>
  <testcase name="service" time="0.155" classname="com.example.java设计模式.单例.Test"/>
  <testcase name="service" time="0.000" classname="com.example.java设计模式.单例.Test"/>
  <testcase name="service" time="1.040" classname="com.example.java设计模式.单例.Test"/>
  <testcase name="service" time="0.374" classname="com.example.java设计模式.单例.Test"/>
  <testcase name="service" time="0.000" classname="com.example.java设计模式.单例.Test"/>
  <testcase name="service" time="0.000" classname="com.example.java设计模式.单例.Test"/>
  <testcase name="service" time="0.152" classname="com.example.java设计模式.单例.Test"/>
  <testcase name="service" time="0.000" classname="com.example.java设计模式.单例.Test"/>
  <testcase name="service" time="0.000" classname="com.example.java设计模式.单例.Test"/>
  <testcase name="service" time="0.150" classname="com.example.java设计模式.单例.Test"/>
  <testcase name="service" time="0.000" classname="com.example.java设计模式.单例.Test"/>
  <testcase name="service" time="0.000" classname="com.example.java设计模式.单例.Test"/>
  <testcase name="service" time="0.000" classname="com.example.java设计模式.单例.Test"/>
  <testcase name="service" time="0.000" classname="com.example.java设计模式.单例.Test"/>
  <testcase name="service" time="0.118" classname="com.example.java设计模式.单例.Test"/>
  <testcase name="service" time="0.000" classname="com.example.java设计模式.单例.Test"/>
  <testcase name="service" time="0.000" classname="com.example.java设计模式.单例.Test"/>
  <testcase name="service" time="0.051" classname="com.example.java设计模式.单例.Test"/>
  <testcase name="service" time="0.000" classname="com.example.java设计模式.单例.Test"/>
  <testcase name="service" time="0.001" classname="com.example.java设计模式.单例.Test"/>
  <testcase name="service" time="0.000" classname="com.example.java设计模式.单例.Test"/>
  <testcase name="service" time="0.005" classname="com.example.java设计模式.单例.Test"/>
  <testcase name="service" time="0.791" classname="com.example.java设计模式.单例.Test"/>
  <testcase name="service" time="0.000" classname="com.example.java设计模式.单例.Test"/>
  <testcase name="service" time="0.002" classname="com.example.java设计模式.单例.Test"/>
  <testcase name="service" time="0.000" classname="com.example.java设计模式.单例.Test"/>
  <testcase name="service" time="0.156" classname="com.example.java设计模式.单例.Test"/>
  <testcase name="service" time="0.344" classname="com.example.java设计模式.单例.Test"/>
  <testcase name="service" time="0.001" classname="com.example.java设计模式.单例.Test"/>
  <testcase name="service" time="0.001" classname="com.example.java设计模式.单例.Test"/>
  <testcase name="service" time="0.000" classname="com.example.java设计模式.单例.Test"/>
  <testcase name="service" time="0.000" classname="com.example.java设计模式.单例.Test"/>
  <testcase name="service" time="0.168" classname="com.example.java设计模式.单例.Test"/>
  <testcase name="service" time="0.603" classname="com.example.java设计模式.单例.Test"/>
  <testcase name="service" time="0.000" classname="com.example.java设计模式.单例.Test"/>
  <testcase name="service" time="6.168" classname="com.example.java设计模式.单例.Test"/>
  <testcase name="service" time="0.000" classname="com.example.java设计模式.单例.Test"/>
  <testcase name="service" time="0.518" classname="com.example.java设计模式.单例.Test"/>
  <testcase name="service" time="0.214" classname="com.example.java设计模式.单例.Test"/>
  <testcase name="service" time="0.000" classname="com.example.java设计模式.单例.Test"/>
  <testcase name="service" time="0.157" classname="com.example.java设计模式.单例.Test"/>
  <testcase name="service" time="0.000" classname="com.example.java设计模式.单例.Test"/>
  <testcase name="service" time="0.001" classname="com.example.java设计模式.单例.Test"/>
  <testcase name="service" time="64.980" classname="com.example.java设计模式.单例.Test"/>
  <testcase name="service" time="4.467" classname="com.example.java设计模式.单例.Test"/>
  <testcase name="service" time="0.000" classname="com.example.java设计模式.单例.Test"/>
  <testcase name="service" time="0.860" classname="com.example.java设计模式.单例.Test"/>
  <testcase name="service" time="0.000" classname="com.example.java设计模式.单例.Test"/>
  <testcase name="service" time="0.000" classname="com.example.java设计模式.单例.Test"/>
  <testcase name="service" time="0.000" classname="com.example.java设计模式.单例.Test"/>
  <testcase name="service" time="0.001" classname="com.example.java设计模式.单例.Test"/>
  <testcase name="service" time="0.246" classname="com.example.java设计模式.单例.Test"/>
  <testcase name="service" time="0.457" classname="com.example.java设计模式.单例.Test"/>
  <testcase name="service" time="0.058" classname="com.example.java设计模式.单例.Test"/>
  <testcase name="service" time="0.157" classname="com.example.java设计模式.单例.Test"/>
  <testcase name="service" time="0.041" classname="com.example.java设计模式.单例.Test"/>
  <testcase name="service" time="0.000" classname="com.example.java设计模式.单例.Test"/>
  <testcase name="service" time="0.298" classname="com.example.java设计模式.单例.Test"/>
  <testcase name="service" time="0.385" classname="com.example.java设计模式.单例.Test"/>
  <testcase name="service" time="0.930" classname="com.example.java设计模式.单例.Test"/>
  <testcase name="service" time="0.000" classname="com.example.java设计模式.单例.Test"/>
  <testcase name="service" time="0.298" classname="com.example.java设计模式.单例.Test"/>
  <testcase name="service" time="0.001" classname="com.example.java设计模式.单例.Test"/>
  <testcase name="service" time="0.000" classname="com.example.java设计模式.单例.Test"/>
  <testcase name="service" time="0.001" classname="com.example.java设计模式.单例.Test"/>
  <testcase name="service" time="0.000" classname="com.example.java设计模式.单例.Test"/>
  <testcase name="service" time="0.771" classname="com.example.java设计模式.单例.Test"/>
  <testcase name="service" time="0.729" classname="com.example.java设计模式.单例.Test"/>
  <testcase name="service" time="0.000" classname="com.example.java设计模式.单例.Test"/>
  <testcase name="service" time="0.000" classname="com.example.java设计模式.单例.Test"/>
  <testcase name="service" time="0.000" classname="com.example.java设计模式.单例.Test"/>
  <testcase name="service" time="0.402" classname="com.example.java设计模式.单例.Test"/>
  <testcase name="service" time="0.596" classname="com.example.java设计模式.单例.Test"/>
  <testcase name="service" time="0.000" classname="com.example.java设计模式.单例.Test"/>
  <testcase name="service" time="0.000" classname="com.example.java设计模式.单例.Test"/>
  <testcase name="service" time="0.171" classname="com.example.java设计模式.单例.Test"/>
  <testcase name="service" time="64.993" classname="com.example.java设计模式.单例.Test"/>
  <testcase name="service" time="0.345" classname="com.example.java设计模式.单例.Test"/>
  <testcase name="service" time="0.000" classname="com.example.java设计模式.单例.Test"/>
  <testcase name="service" time="6.009" classname="com.example.java设计模式.单例.Test"/>
  <testcase name="service" time="0.001" classname="com.example.java设计模式.单例.Test"/>
  <testcase name="service" time="6.396" classname="com.example.java设计模式.单例.Test"/>
  <testcase name="service" time="0.169" classname="com.example.java设计模式.单例.Test"/>
  <testcase name="service" time="0.651" classname="com.example.java设计模式.单例.Test"/>
  <testcase name="service" time="0.000" classname="com.example.java设计模式.单例.Test"/>
  <testcase name="service" time="0.000" classname="com.example.java设计模式.单例.Test"/>
  <testcase name="service" time="8.141" classname="com.example.java设计模式.单例.Test"/>
  <testcase name="service" time="0.001" classname="com.example.java设计模式.单例.Test"/>
  <testcase name="service" time="0.001" classname="com.example.java设计模式.单例.Test"/>
  <testcase name="service" time="0.001" classname="com.example.java设计模式.单例.Test"/>
  <testcase name="service" time="0.385" classname="com.example.java设计模式.单例.Test"/>
  <testcase name="service" time="0.001" classname="com.example.java设计模式.单例.Test"/>
  <testcase name="service" time="0.436" classname="com.example.java设计模式.单例.Test"/>
  <testcase name="service" time="0.699" classname="com.example.java设计模式.单例.Test"/>
  <testcase name="service" time="0.000" classname="com.example.java设计模式.单例.Test"/>
  <testcase name="service" time="0.846" classname="com.example.java设计模式.单例.Test"/>
  <testcase name="service" time="0.666" classname="com.example.java设计模式.单例.Test"/>
  <testcase name="service" time="0.000" classname="com.example.java设计模式.单例.Test"/>
  <testcase name="service" time="0.000" classname="com.example.java设计模式.单例.Test"/>
  <testcase name="service" time="0.001" classname="com.example.java设计模式.单例.Test"/>
  <testcase name="service" time="0.001" classname="com.example.java设计模式.单例.Test"/>
  <testcase name="service" time="0.000" classname="com.example.java设计模式.单例.Test"/>
  <testcase name="service" time="0.000" classname="com.example.java设计模式.单例.Test"/>
  <testcase name="service" time="0.000" classname="com.example.java设计模式.单例.Test"/>
  <testcase name="service" time="0.000" classname="com.example.java设计模式.单例.Test"/>
  <testcase name="service" time="0.000" classname="com.example.java设计模式.单例.Test"/>
  <testcase name="service" time="0.000" classname="com.example.java设计模式.单例.Test"/>
  <testcase name="service" time="0.000" classname="com.example.java设计模式.单例.Test"/>
  <testcase name="service" time="0.000" classname="com.example.java设计模式.单例.Test"/>
  <testcase name="service" time="0.156" classname="com.example.java设计模式.单例.Test"/>
  <testcase name="service" time="0.000" classname="com.example.java设计模式.单例.Test"/>
  <testcase name="service" time="0.420" classname="com.example.java设计模式.单例.Test"/>
  <testcase name="service" time="0.001" classname="com.example.java设计模式.单例.Test"/>
  <testcase name="service" time="1.335" classname="com.example.java设计模式.单例.Test"/>
  <testcase name="service" time="0.001" classname="com.example.java设计模式.单例.Test"/>
  <testcase name="service" time="0.000" classname="com.example.java设计模式.单例.Test"/>
  <testcase name="service" time="0.194" classname="com.example.java设计模式.单例.Test"/>
  <testcase name="service" time="0.001" classname="com.example.java设计模式.单例.Test"/>
  <testcase name="service" time="64.934" classname="com.example.java设计模式.单例.Test"/>
  <testcase name="service" time="0.571" classname="com.example.java设计模式.单例.Test"/>
  <testcase name="service" time="0.000" classname="com.example.java设计模式.单例.Test"/>
  <testcase name="service" time="0.000" classname="com.example.java设计模式.单例.Test"/>
  <testcase name="service" time="0.119" classname="com.example.java设计模式.单例.Test"/>
  <testcase name="service" time="1.100" classname="com.example.java设计模式.单例.Test"/>
  <testcase name="service" time="0.136" classname="com.example.java设计模式.单例.Test"/>
  <testcase name="service" time="0.000" classname="com.example.java设计模式.单例.Test"/>
  <testcase name="service" time="0.000" classname="com.example.java设计模式.单例.Test"/>
  <testcase name="service" time="6.918" classname="com.example.java设计模式.单例.Test"/>
  <testcase name="service" time="0.000" classname="com.example.java设计模式.单例.Test"/>
  <testcase name="service" time="0.001" classname="com.example.java设计模式.单例.Test"/>
  <testcase name="service" time="0.000" classname="com.example.java设计模式.单例.Test"/>
  <testcase name="service" time="0.000" classname="com.example.java设计模式.单例.Test"/>
  <testcase name="service" time="0.000" classname="com.example.java设计模式.单例.Test"/>
  <testcase name="service" time="0.682" classname="com.example.java设计模式.单例.Test"/>
  <testcase name="service" time="0.334" classname="com.example.java设计模式.单例.Test"/>
  <testcase name="service" time="0.325" classname="com.example.java设计模式.单例.Test"/>
  <testcase name="service" time="0.423" classname="com.example.java设计模式.单例.Test"/>
  <testcase name="service" time="0.490" classname="com.example.java设计模式.单例.Test"/>
  <testcase name="service" time="0.000" classname="com.example.java设计模式.单例.Test"/>
  <testcase name="service" time="0.090" classname="com.example.java设计模式.单例.Test"/>
  <testcase name="service" time="0.434" classname="com.example.java设计模式.单例.Test"/>
  <testcase name="service" time="6.373" classname="com.example.java设计模式.单例.Test"/>
  <testcase name="service" time="1.184" classname="com.example.java设计模式.单例.Test"/>
  <testcase name="service" time="0.000" classname="com.example.java设计模式.单例.Test"/>
  <testcase name="service" time="6.335" classname="com.example.java设计模式.单例.Test"/>
  <testcase name="service" time="0.150" classname="com.example.java设计模式.单例.Test"/>
  <testcase name="service" time="0.001" classname="com.example.java设计模式.单例.Test"/>
  <testcase name="service" time="0.123" classname="com.example.java设计模式.单例.Test"/>
  <testcase name="service" time="0.001" classname="com.example.java设计模式.单例.Test"/>
  <testcase name="service" time="0.369" classname="com.example.java设计模式.单例.Test"/>
  <testcase name="service" time="0.012" classname="com.example.java设计模式.单例.Test"/>
  <testcase name="service" time="64.545" classname="com.example.java设计模式.单例.Test"/>
  <testcase name="service" time="0.000" classname="com.example.java设计模式.单例.Test"/>
  <testcase name="service" time="0.176" classname="com.example.java设计模式.单例.Test"/>
  <testcase name="service" time="0.851" classname="com.example.java设计模式.单例.Test"/>
  <testcase name="service" time="0.000" classname="com.example.java设计模式.单例.Test"/>
  <testcase name="service" time="0.001" classname="com.example.java设计模式.单例.Test"/>
  <testcase name="service" time="1.121" classname="com.example.java设计模式.单例.Test"/>
  <testcase name="service" time="0.568" classname="com.example.java设计模式.单例.Test"/>
  <testcase name="service" time="0.001" classname="com.example.java设计模式.单例.Test"/>
  <testcase name="service" time="0.001" classname="com.example.java设计模式.单例.Test"/>
  <testcase name="service" time="0.000" classname="com.example.java设计模式.单例.Test"/>
  <testcase name="service" time="0.001" classname="com.example.java设计模式.单例.Test"/>
  <testcase name="service" time="1.315" classname="com.example.java设计模式.单例.Test"/>
  <testcase name="service" time="0.000" classname="com.example.java设计模式.单例.Test"/>
  <testcase name="service" time="0.001" classname="com.example.java设计模式.单例.Test"/>
  <testcase name="service" time="0.153" classname="com.example.java设计模式.单例.Test"/>
  <testcase name="service" time="0.153" classname="com.example.java设计模式.单例.Test"/>
  <testcase name="service" time="0.001" classname="com.example.java设计模式.单例.Test"/>
  <testcase name="service" time="0.294" classname="com.example.java设计模式.单例.Test"/>
  <testcase name="service" time="0.244" classname="com.example.java设计模式.单例.Test"/>
  <testcase name="service" time="0.000" classname="com.example.java设计模式.单例.Test"/>
  <testcase name="service" time="0.000" classname="com.example.java设计模式.单例.Test"/>
  <testcase name="service" time="0.000" classname="com.example.java设计模式.单例.Test"/>
  <testcase name="service" time="64.735" classname="com.example.java设计模式.单例.Test"/>
  <testcase name="service" time="0.000" classname="com.example.java设计模式.单例.Test"/>
  <testcase name="service" time="0.429" classname="com.example.java设计模式.单例.Test"/>
  <testcase name="service" time="0.000" classname="com.example.java设计模式.单例.Test"/>
  <testcase name="service" time="0.000" classname="com.example.java设计模式.单例.Test"/>
  <testcase name="service" time="0.059" classname="com.example.java设计模式.单例.Test"/>
  <testcase name="service" time="0.000" classname="com.example.java设计模式.单例.Test"/>
  <testcase name="service" time="0.000" classname="com.example.java设计模式.单例.Test"/>
  <testcase name="service" time="64.923" classname="com.example.java设计模式.单例.Test"/>
  <testcase name="service" time="0.425" classname="com.example.java设计模式.单例.Test"/>
  <testcase name="service" time="0.781" classname="com.example.java设计模式.单例.Test"/>
  <testcase name="service" time="0.000" classname="com.example.java设计模式.单例.Test"/>
  <testcase name="service" time="0.000" classname="com.example.java设计模式.单例.Test"/>
  <testcase name="service" time="0.000" classname="com.example.java设计模式.单例.Test"/>
  <testcase name="service" time="0.000" classname="com.example.java设计模式.单例.Test"/>
  <testcase name="service" time="0.000" classname="com.example.java设计模式.单例.Test"/>
  <testcase name="service" time="0.035" classname="com.example.java设计模式.单例.Test"/>
  <testcase name="service" time="0.043" classname="com.example.java设计模式.单例.Test"/>
  <testcase name="service" time="0.000" classname="com.example.java设计模式.单例.Test"/>
  <testcase name="service" time="0.000" classname="com.example.java设计模式.单例.Test"/>
  <testcase name="service" time="0.591" classname="com.example.java设计模式.单例.Test"/>
  <testcase name="service" time="0.106" classname="com.example.java设计模式.单例.Test"/>
  <testcase name="service" time="0.000" classname="com.example.java设计模式.单例.Test"/>
  <testcase name="service" time="64.550" classname="com.example.java设计模式.单例.Test"/>
  <testcase name="service" time="1.320" classname="com.example.java设计模式.单例.Test"/>
  <testcase name="service" time="0.391" classname="com.example.java设计模式.单例.Test"/>
  <testcase name="service" time="0.000" classname="com.example.java设计模式.单例.Test"/>
  <testcase name="service" time="0.058" classname="com.example.java设计模式.单例.Test"/>
  <testcase name="service" time="0.392" classname="com.example.java设计模式.单例.Test"/>
  <testcase name="service" time="0.000" classname="com.example.java设计模式.单例.Test"/>
  <testcase name="service" time="0.349" classname="com.example.java设计模式.单例.Test"/>
  <testcase name="service" time="7.890" classname="com.example.java设计模式.单例.Test"/>
  <testcase name="service" time="0.001" classname="com.example.java设计模式.单例.Test"/>
  <testcase name="service" time="0.001" classname="com.example.java设计模式.单例.Test"/>
  <testcase name="service" time="0.001" classname="com.example.java设计模式.单例.Test"/>
  <testcase name="service" time="0.000" classname="com.example.java设计模式.单例.Test"/>
  <testcase name="service" time="0.001" classname="com.example.java设计模式.单例.Test"/>
  <testcase name="service" time="0.001" classname="com.example.java设计模式.单例.Test"/>
  <testcase name="service" time="0.931" classname="com.example.java设计模式.单例.Test"/>
  <testcase name="service" time="0.043" classname="com.example.java设计模式.单例.Test"/>
  <testcase name="service" time="64.930" classname="com.example.java设计模式.单例.Test"/>
  <testcase name="service" time="0.001" classname="com.example.java设计模式.单例.Test"/>
  <testcase name="service" time="0.988" classname="com.example.java设计模式.单例.Test"/>
  <testcase name="service" time="0.112" classname="com.example.java设计模式.单例.Test"/>
  <testcase name="service" time="64.866" classname="com.example.java设计模式.单例.Test"/>
  <testcase name="service" time="0.203" classname="com.example.java设计模式.单例.Test"/>
  <testcase name="service" time="0.000" classname="com.example.java设计模式.单例.Test"/>
  <testcase name="service" time="0.000" classname="com.example.java设计模式.单例.Test"/>
  <testcase name="service" time="0.000" classname="com.example.java设计模式.单例.Test"/>
  <testcase name="service" time="0.173" classname="com.example.java设计模式.单例.Test"/>
  <testcase name="service" time="0.166" classname="com.example.java设计模式.单例.Test"/>
  <testcase name="service" time="0.381" classname="com.example.java设计模式.单例.Test"/>
  <testcase name="service" time="0.000" classname="com.example.java设计模式.单例.Test"/>
  <testcase name="service" time="64.619" classname="com.example.java设计模式.单例.Test"/>
  <testcase name="service" time="0.000" classname="com.example.java设计模式.单例.Test"/>
  <testcase name="service" time="64.821" classname="com.example.java设计模式.单例.Test"/>
  <testcase name="service" time="0.201" classname="com.example.java设计模式.单例.Test"/>
  <testcase name="service" time="0.000" classname="com.example.java设计模式.单例.Test"/>
  <testcase name="service" time="1.855" classname="com.example.java设计模式.单例.Test"/>
  <testcase name="service" time="0.000" classname="com.example.java设计模式.单例.Test"/>
  <testcase name="service" time="0.000" classname="com.example.java设计模式.单例.Test"/>
  <testcase name="service" time="0.005" classname="com.example.java设计模式.单例.Test"/>
  <testcase name="service" time="0.000" classname="com.example.java设计模式.单例.Test"/>
  <testcase name="service" time="0.001" classname="com.example.java设计模式.单例.Test"/>
  <testcase name="service" time="0.001" classname="com.example.java设计模式.单例.Test"/>
  <testcase name="service" time="0.000" classname="com.example.java设计模式.单例.Test"/>
  <testcase name="service" time="0.123" classname="com.example.java设计模式.单例.Test"/>
  <testcase name="service" time="0.001" classname="com.example.java设计模式.单例.Test"/>
  <testcase name="service" time="0.000" classname="com.example.java设计模式.单例.Test"/>
  <testcase name="service" time="0.000" classname="com.example.java设计模式.单例.Test"/>
  <testcase name="service" time="0.001" classname="com.example.java设计模式.单例.Test"/>
  <testcase name="service" time="0.429" classname="com.example.java设计模式.单例.Test"/>
  <testcase name="service" time="0.587" classname="com.example.java设计模式.单例.Test"/>
  <testcase name="service" time="0.152" classname="com.example.java设计模式.单例.Test"/>
  <testcase name="service" time="0.996" classname="com.example.java设计模式.单例.Test"/>
  <testcase name="service" time="0.001" classname="com.example.java设计模式.单例.Test"/>
  <testcase name="service" time="0.274" classname="com.example.java设计模式.单例.Test"/>
  <testcase name="service" time="0.254" classname="com.example.java设计模式.单例.Test"/>
  <testcase name="service" time="0.061" classname="com.example.java设计模式.单例.Test"/>
  <testcase name="service" time="1.078" classname="com.example.java设计模式.单例.Test"/>
  <testcase name="service" time="0.000" classname="com.example.java设计模式.单例.Test"/>
  <testcase name="service" time="0.001" classname="com.example.java设计模式.单例.Test"/>
  <testcase name="service" time="0.001" classname="com.example.java设计模式.单例.Test"/>
  <testcase name="service" time="0.002" classname="com.example.java设计模式.单例.Test"/>
  <testcase name="service" time="0.000" classname="com.example.java设计模式.单例.Test"/>
  <testcase name="service" time="0.000" classname="com.example.java设计模式.单例.Test"/>
  <testcase name="service" time="0.001" classname="com.example.java设计模式.单例.Test"/>
  <testcase name="service" time="0.033" classname="com.example.java设计模式.单例.Test"/>
  <testcase name="service" time="1.236" classname="com.example.java设计模式.单例.Test"/>
  <testcase name="service" time="0.000" classname="com.example.java设计模式.单例.Test"/>
  <testcase name="service" time="0.000" classname="com.example.java设计模式.单例.Test"/>
  <testcase name="service" time="0.762" classname="com.example.java设计模式.单例.Test"/>
  <testcase name="service" time="64.740" classname="com.example.java设计模式.单例.Test"/>
  <testcase name="service" time="0.000" classname="com.example.java设计模式.单例.Test"/>
  <testcase name="service" time="0.001" classname="com.example.java设计模式.单例.Test"/>
  <testcase name="service" time="0.000" classname="com.example.java设计模式.单例.Test"/>
  <testcase name="service" time="0.000" classname="com.example.java设计模式.单例.Test"/>
  <testcase name="service" time="0.001" classname="com.example.java设计模式.单例.Test"/>
  <testcase name="service" time="0.000" classname="com.example.java设计模式.单例.Test"/>
  <testcase name="service" time="0.170" classname="com.example.java设计模式.单例.Test"/>
  <testcase name="service" time="0.972" classname="com.example.java设计模式.单例.Test"/>
  <testcase name="service" time="0.473" classname="com.example.java设计模式.单例.Test"/>
  <testcase name="service" time="0.001" classname="com.example.java设计模式.单例.Test"/>
  <testcase name="service" time="0.000" classname="com.example.java设计模式.单例.Test"/>
  <testcase name="service" time="0.001" classname="com.example.java设计模式.单例.Test"/>
  <testcase name="service" time="0.024" classname="com.example.java设计模式.单例.Test"/>
  <testcase name="service" time="0.000" classname="com.example.java设计模式.单例.Test"/>
  <testcase name="service" time="0.001" classname="com.example.java设计模式.单例.Test"/>
  <testcase name="service" time="0.000" classname="com.example.java设计模式.单例.Test"/>
  <testcase name="service" time="6.550" classname="com.example.java设计模式.单例.Test"/>
  <testcase name="service" time="0.000" classname="com.example.java设计模式.单例.Test"/>
  <testcase name="service" time="0.001" classname="com.example.java设计模式.单例.Test"/>
  <testcase name="service" time="0.000" classname="com.example.java设计模式.单例.Test"/>
  <testcase name="service" time="0.001" classname="com.example.java设计模式.单例.Test"/>
  <testcase name="service" time="0.335" classname="com.example.java设计模式.单例.Test"/>
  <testcase name="service" time="0.000" classname="com.example.java设计模式.单例.Test"/>
  <testcase name="service" time="0.171" classname="com.example.java设计模式.单例.Test"/>
  <testcase name="service" time="0.000" classname="com.example.java设计模式.单例.Test"/>
  <testcase name="service" time="0.000" classname="com.example.java设计模式.单例.Test"/>
  <testcase name="service" time="0.000" classname="com.example.java设计模式.单例.Test"/>
  <testcase name="service" time="0.066" classname="com.example.java设计模式.单例.Test"/>
  <testcase name="service" time="0.000" classname="com.example.java设计模式.单例.Test"/>
  <testcase name="service" time="0.000" classname="com.example.java设计模式.单例.Test"/>
  <testcase name="service" time="64.550" classname="com.example.java设计模式.单例.Test"/>
  <testcase name="service" time="0.000" classname="com.example.java设计模式.单例.Test"/>
  <testcase name="service" time="0.083" classname="com.example.java设计模式.单例.Test"/>
  <testcase name="service" time="0.055" classname="com.example.java设计模式.单例.Test"/>
  <testcase name="service" time="0.003" classname="com.example.java设计模式.单例.Test"/>
  <testcase name="service" time="0.000" classname="com.example.java设计模式.单例.Test"/>
  <testcase name="service" time="65.023" classname="com.example.java设计模式.单例.Test"/>
  <testcase name="service" time="0.000" classname="com.example.java设计模式.单例.Test"/>
  <testcase name="service" time="64.625" classname="com.example.java设计模式.单例.Test"/>
  <testcase name="service" time="0.468" classname="com.example.java设计模式.单例.Test"/>
  <testcase name="service" time="0.001" classname="com.example.java设计模式.单例.Test"/>
  <testcase name="service" time="0.037" classname="com.example.java设计模式.单例.Test"/>
  <testcase name="service" time="0.024" classname="com.example.java设计模式.单例.Test"/>
  <testcase name="service" time="64.919" classname="com.example.java设计模式.单例.Test"/>
  <testcase name="service" time="0.122" classname="com.example.java设计模式.单例.Test"/>
  <testcase name="service" time="0.001" classname="com.example.java设计模式.单例.Test"/>
  <testcase name="service" time="0.404" classname="com.example.java设计模式.单例.Test"/>
  <testcase name="service" time="0.274" classname="com.example.java设计模式.单例.Test"/>
  <testcase name="service" time="0.000" classname="com.example.java设计模式.单例.Test"/>
  <testcase name="service" time="0.000" classname="com.example.java设计模式.单例.Test"/>
  <testcase name="service" time="0.415" classname="com.example.java设计模式.单例.Test"/>
  <testcase name="service" time="0.000" classname="com.example.java设计模式.单例.Test"/>
  <testcase name="service" time="0.000" classname="com.example.java设计模式.单例.Test"/>
  <testcase name="service" time="0.024" classname="com.example.java设计模式.单例.Test"/>
  <testcase name="service" time="64.997" classname="com.example.java设计模式.单例.Test"/>
  <testcase name="service" time="0.859" classname="com.example.java设计模式.单例.Test"/>
  <testcase name="service" time="0.074" classname="com.example.java设计模式.单例.Test"/>
  <testcase name="service" time="0.000" classname="com.example.java设计模式.单例.Test"/>
  <testcase name="service" time="0.000" classname="com.example.java设计模式.单例.Test"/>
  <testcase name="service" time="6.542" classname="com.example.java设计模式.单例.Test"/>
  <testcase name="service" time="8.133" classname="com.example.java设计模式.单例.Test"/>
  <testcase name="service" time="0.198" classname="com.example.java设计模式.单例.Test"/>
  <testcase name="service" time="0.000" classname="com.example.java设计模式.单例.Test"/>
  <testcase name="service" time="0.369" classname="com.example.java设计模式.单例.Test"/>
  <testcase name="service" time="6.387" classname="com.example.java设计模式.单例.Test"/>
  <testcase name="service" time="0.000" classname="com.example.java设计模式.单例.Test"/>
  <testcase name="service" time="0.246" classname="com.example.java设计模式.单例.Test"/>
  <testcase name="service" time="0.000" classname="com.example.java设计模式.单例.Test"/>
  <testcase name="service" time="0.183" classname="com.example.java设计模式.单例.Test"/>
  <testcase name="service" time="0.000" classname="com.example.java设计模式.单例.Test"/>
  <testcase name="service" time="1.185" classname="com.example.java设计模式.单例.Test"/>
  <testcase name="service" time="7.987" classname="com.example.java设计模式.单例.Test"/>
  <testcase name="service" time="0.000" classname="com.example.java设计模式.单例.Test"/>
  <testcase name="service" time="1.033" classname="com.example.java设计模式.单例.Test"/>
  <testcase name="service" time="0.250" classname="com.example.java设计模式.单例.Test"/>
  <testcase name="service" time="0.000" classname="com.example.java设计模式.单例.Test"/>
  <testcase name="service" time="1.520" classname="com.example.java设计模式.单例.Test"/>
  <testcase name="service" time="0.038" classname="com.example.java设计模式.单例.Test"/>
  <testcase name="service" time="6.545" classname="com.example.java设计模式.单例.Test"/>
  <testcase name="service" time="6.283" classname="com.example.java设计模式.单例.Test"/>
  <testcase name="service" time="0.185" classname="com.example.java设计模式.单例.Test"/>
  <testcase name="service" time="0.744" classname="com.example.java设计模式.单例.Test"/>
  <testcase name="service" time="1.101" classname="com.example.java设计模式.单例.Test"/>
  <testcase name="service" time="1.067" classname="com.example.java设计模式.单例.Test"/>
  <testcase name="service" time="0.000" classname="com.example.java设计模式.单例.Test"/>
  <testcase name="service" time="0.118" classname="com.example.java设计模式.单例.Test"/>
  <testcase name="service" time="0.001" classname="com.example.java设计模式.单例.Test"/>
  <testcase name="service" time="0.000" classname="com.example.java设计模式.单例.Test"/>
  <testcase name="service" time="0.292" classname="com.example.java设计模式.单例.Test"/>
  <testcase name="service" time="0.000" classname="com.example.java设计模式.单例.Test"/>
  <testcase name="service" time="7.897" classname="com.example.java设计模式.单例.Test"/>
  <testcase name="service" time="0.000" classname="com.example.java设计模式.单例.Test"/>
  <testcase name="service" time="0.001" classname="com.example.java设计模式.单例.Test"/>
  <testcase name="service" time="6.286" classname="com.example.java设计模式.单例.Test"/>
  <testcase name="service" time="0.000" classname="com.example.java设计模式.单例.Test"/>
  <testcase name="service" time="0.000" classname="com.example.java设计模式.单例.Test"/>
  <testcase name="service" time="0.000" classname="com.example.java设计模式.单例.Test"/>
  <testcase name="service" time="0.875" classname="com.example.java设计模式.单例.Test"/>
  <testcase name="service" time="0.001" classname="com.example.java设计模式.单例.Test"/>
  <testcase name="service" time="0.000" classname="com.example.java设计模式.单例.Test"/>
  <testcase name="service" time="0.915" classname="com.example.java设计模式.单例.Test"/>
  <testcase name="service" time="0.000" classname="com.example.java设计模式.单例.Test"/>
  <testcase name="service" time="0.145" classname="com.example.java设计模式.单例.Test"/>
  <testcase name="service" time="0.000" classname="com.example.java设计模式.单例.Test"/>
  <testcase name="service" time="0.000" classname="com.example.java设计模式.单例.Test"/>
  <testcase name="service" time="0.001" classname="com.example.java设计模式.单例.Test"/>
  <testcase name="service" time="0.000" classname="com.example.java设计模式.单例.Test"/>
  <testcase name="service" time="0.001" classname="com.example.java设计模式.单例.Test"/>
  <testcase name="service" time="6.433" classname="com.example.java设计模式.单例.Test"/>
  <testcase name="service" time="0.000" classname="com.example.java设计模式.单例.Test"/>
  <testcase name="service" time="0.000" classname="com.example.java设计模式.单例.Test"/>
  <testcase name="service" time="0.877" classname="com.example.java设计模式.单例.Test"/>
  <testcase name="service" time="0.000" classname="com.example.java设计模式.单例.Test"/>
  <testcase name="service" time="0.057" classname="com.example.java设计模式.单例.Test"/>
  <testcase name="service" time="0.132" classname="com.example.java设计模式.单例.Test"/>
  <testcase name="service" time="0.046" classname="com.example.java设计模式.单例.Test"/>
  <testcase name="service" time="0.176" classname="com.example.java设计模式.单例.Test"/>
  <testcase name="service" time="64.356" classname="com.example.java设计模式.单例.Test"/>
  <testcase name="service" time="0.216" classname="com.example.java设计模式.单例.Test"/>
  <testcase name="service" time="0.000" classname="com.example.java设计模式.单例.Test"/>
  <testcase name="service" time="0.305" classname="com.example.java设计模式.单例.Test"/>
  <testcase name="service" time="0.345" classname="com.example.java设计模式.单例.Test"/>
  <testcase name="service" time="64.939" classname="com.example.java设计模式.单例.Test"/>
  <testcase name="service" time="0.000" classname="com.example.java设计模式.单例.Test"/>
  <testcase name="service" time="0.000" classname="com.example.java设计模式.单例.Test"/>
  <testcase name="service" time="0.261" classname="com.example.java设计模式.单例.Test"/>
  <testcase name="service" time="0.058" classname="com.example.java设计模式.单例.Test"/>
  <testcase name="service" time="0.190" classname="com.example.java设计模式.单例.Test"/>
  <testcase name="service" time="0.038" classname="com.example.java设计模式.单例.Test"/>
  <testcase name="service" time="0.360" classname="com.example.java设计模式.单例.Test"/>
  <testcase name="service" time="0.000" classname="com.example.java设计模式.单例.Test"/>
  <testcase name="service" time="8.312" classname="com.example.java设计模式.单例.Test"/>
  <testcase name="service" time="0.041" classname="com.example.java设计模式.单例.Test"/>
  <testcase name="service" time="1.766" classname="com.example.java设计模式.单例.Test"/>
  <testcase name="service" time="0.000" classname="com.example.java设计模式.单例.Test"/>
  <testcase name="service" time="0.001" classname="com.example.java设计模式.单例.Test"/>
  <testcase name="service" time="0.001" classname="com.example.java设计模式.单例.Test"/>
  <testcase name="service" time="0.322" classname="com.example.java设计模式.单例.Test"/>
  <testcase name="service" time="0.000" classname="com.example.java设计模式.单例.Test"/>
  <testcase name="service" time="0.000" classname="com.example.java设计模式.单例.Test"/>
  <testcase name="service" time="0.001" classname="com.example.java设计模式.单例.Test"/>
  <testcase name="service" time="0.011" classname="com.example.java设计模式.单例.Test"/>
  <testcase name="service" time="0.001" classname="com.example.java设计模式.单例.Test"/>
  <testcase name="service" time="0.000" classname="com.example.java设计模式.单例.Test"/>
  <testcase name="service" time="0.000" classname="com.example.java设计模式.单例.Test"/>
  <testcase name="service" time="0.000" classname="com.example.java设计模式.单例.Test"/>
  <testcase name="service" time="0.000" classname="com.example.java设计模式.单例.Test"/>
  <testcase name="service" time="0.000" classname="com.example.java设计模式.单例.Test"/>
  <testcase name="service" time="0.000" classname="com.example.java设计模式.单例.Test"/>
  <testcase name="service" time="0.000" classname="com.example.java设计模式.单例.Test"/>
  <testcase name="service" time="0.001" classname="com.example.java设计模式.单例.Test"/>
  <testcase name="service" time="0.000" classname="com.example.java设计模式.单例.Test"/>
  <testcase name="service" time="0.853" classname="com.example.java设计模式.单例.Test"/>
  <testcase name="service" time="0.285" classname="com.example.java设计模式.单例.Test"/>
  <testcase name="service" time="8.137" classname="com.example.java设计模式.单例.Test"/>
  <testcase name="service" time="0.479" classname="com.example.java设计模式.单例.Test"/>
  <testcase name="service" time="0.233" classname="com.example.java设计模式.单例.Test"/>
  <testcase name="service" time="0.000" classname="com.example.java设计模式.单例.Test"/>
  <testcase name="service" time="0.000" classname="com.example.java设计模式.单例.Test"/>
  <testcase name="service" time="0.629" classname="com.example.java设计模式.单例.Test"/>
  <testcase name="service" time="0.000" classname="com.example.java设计模式.单例.Test"/>
  <testcase name="service" time="0.000" classname="com.example.java设计模式.单例.Test"/>
  <testcase name="service" time="0.072" classname="com.example.java设计模式.单例.Test"/>
  <testcase name="service" time="0.000" classname="com.example.java设计模式.单例.Test"/>
  <testcase name="service" time="0.001" classname="com.example.java设计模式.单例.Test"/>
  <testcase name="service" time="0.000" classname="com.example.java设计模式.单例.Test"/>
  <testcase name="service" time="0.000" classname="com.example.java设计模式.单例.Test"/>
  <testcase name="service" time="0.000" classname="com.example.java设计模式.单例.Test"/>
  <testcase name="service" time="0.000" classname="com.example.java设计模式.单例.Test"/>
  <testcase name="service" time="0.000" classname="com.example.java设计模式.单例.Test"/>
  <testcase name="service" time="0.205" classname="com.example.java设计模式.单例.Test"/>
  <testcase name="service" time="0.000" classname="com.example.java设计模式.单例.Test"/>
  <testcase name="service" time="0.000" classname="com.example.java设计模式.单例.Test"/>
  <testcase name="service" time="0.000" classname="com.example.java设计模式.单例.Test"/>
  <testcase name="service" time="0.155" classname="com.example.java设计模式.单例.Test"/>
  <testcase name="service" time="1.203" classname="com.example.java设计模式.单例.Test"/>
  <testcase name="service" time="0.000" classname="com.example.java设计模式.单例.Test"/>
  <testcase name="service" time="64.541" classname="com.example.java设计模式.单例.Test"/>
  <testcase name="service" time="0.000" classname="com.example.java设计模式.单例.Test"/>
  <testcase name="service" time="0.000" classname="com.example.java设计模式.单例.Test"/>
  <testcase name="service" time="0.320" classname="com.example.java设计模式.单例.Test"/>
  <testcase name="service" time="0.000" classname="com.example.java设计模式.单例.Test"/>
  <testcase name="service" time="0.000" classname="com.example.java设计模式.单例.Test"/>
  <testcase name="service" time="0.000" classname="com.example.java设计模式.单例.Test"/>
  <testcase name="service" time="0.921" classname="com.example.java设计模式.单例.Test"/>
  <testcase name="service" time="0.000" classname="com.example.java设计模式.单例.Test"/>
  <testcase name="service" time="0.000" classname="com.example.java设计模式.单例.Test"/>
  <testcase name="service" time="0.000" classname="com.example.java设计模式.单例.Test"/>
  <testcase name="service" time="8.311" classname="com.example.java设计模式.单例.Test"/>
  <testcase name="service" time="0.088" classname="com.example.java设计模式.单例.Test"/>
  <testcase name="service" time="1.354" classname="com.example.java设计模式.单例.Test"/>
  <testcase name="service" time="0.881" classname="com.example.java设计模式.单例.Test"/>
  <testcase name="service" time="0.001" classname="com.example.java设计模式.单例.Test"/>
  <testcase name="service" time="0.325" classname="com.example.java设计模式.单例.Test"/>
  <testcase name="service" time="0.000" classname="com.example.java设计模式.单例.Test"/>
  <testcase name="service" time="0.332" classname="com.example.java设计模式.单例.Test"/>
  <testcase name="service" time="0.001" classname="com.example.java设计模式.单例.Test"/>
  <testcase name="service" time="0.322" classname="com.example.java设计模式.单例.Test"/>
  <testcase name="service" time="0.000" classname="com.example.java设计模式.单例.Test"/>
  <testcase name="service" time="0.000" classname="com.example.java设计模式.单例.Test"/>
  <testcase name="service" time="0.000" classname="com.example.java设计模式.单例.Test"/>
  <testcase name="service" time="0.808" classname="com.example.java设计模式.单例.Test"/>
  <testcase name="service" time="0.285" classname="com.example.java设计模式.单例.Test"/>
  <testcase name="service" time="0.761" classname="com.example.java设计模式.单例.Test"/>
  <testcase name="service" time="0.001" classname="com.example.java设计模式.单例.Test"/>
  <testcase name="service" time="0.000" classname="com.example.java设计模式.单例.Test"/>
  <testcase name="service" time="0.351" classname="com.example.java设计模式.单例.Test"/>
  <testcase name="service" time="1.562" classname="com.example.java设计模式.单例.Test"/>
  <testcase name="service" time="0.000" classname="com.example.java设计模式.单例.Test"/>
  <testcase name="service" time="0.323" classname="com.example.java设计模式.单例.Test"/>
  <testcase name="service" time="0.055" classname="com.example.java设计模式.单例.Test"/>
  <testcase name="service" time="0.000" classname="com.example.java设计模式.单例.Test"/>
  <testcase name="service" time="0.001" classname="com.example.java设计模式.单例.Test"/>
  <testcase name="service" time="0.984" classname="com.example.java设计模式.单例.Test"/>
  <testcase name="service" time="0.456" classname="com.example.java设计模式.单例.Test"/>
  <testcase name="service" time="0.710" classname="com.example.java设计模式.单例.Test"/>
  <testcase name="service" time="64.901" classname="com.example.java设计模式.单例.Test"/>
  <testcase name="service" time="0.001" classname="com.example.java设计模式.单例.Test"/>
  <testcase name="service" time="0.000" classname="com.example.java设计模式.单例.Test"/>
  <testcase name="service" time="0.000" classname="com.example.java设计模式.单例.Test"/>
  <testcase name="service" time="0.000" classname="com.example.java设计模式.单例.Test"/>
  <testcase name="service" time="8.276" classname="com.example.java设计模式.单例.Test"/>
  <testcase name="service" time="0.352" classname="com.example.java设计模式.单例.Test"/>
  <testcase name="service" time="0.459" classname="com.example.java设计模式.单例.Test"/>
  <testcase name="service" time="0.700" classname="com.example.java设计模式.单例.Test"/>
  <testcase name="service" time="0.000" classname="com.example.java设计模式.单例.Test"/>
  <testcase name="service" time="0.746" classname="com.example.java设计模式.单例.Test"/>
  <testcase name="service" time="0.000" classname="com.example.java设计模式.单例.Test"/>
  <testcase name="service" time="1.034" classname="com.example.java设计模式.单例.Test"/>
  <testcase name="service" time="0.534" classname="com.example.java设计模式.单例.Test"/>
  <testcase name="service" time="0.331" classname="com.example.java设计模式.单例.Test"/>
  <testcase name="service" time="0.018" classname="com.example.java设计模式.单例.Test"/>
  <testcase name="service" time="0.800" classname="com.example.java设计模式.单例.Test"/>
  <testcase name="service" time="7.737" classname="com.example.java设计模式.单例.Test"/>
  <testcase name="service" time="0.344" classname="com.example.java设计模式.单例.Test"/>
  <testcase name="service" time="0.001" classname="com.example.java设计模式.单例.Test"/>
  <testcase name="service" time="0.000" classname="com.example.java设计模式.单例.Test"/>
  <testcase name="service" time="0.000" classname="com.example.java设计模式.单例.Test"/>
  <testcase name="service" time="0.473" classname="com.example.java设计模式.单例.Test"/>
  <testcase name="service" time="0.000" classname="com.example.java设计模式.单例.Test"/>
  <testcase name="service" time="0.001" classname="com.example.java设计模式.单例.Test"/>
  <testcase name="service" time="0.000" classname="com.example.java设计模式.单例.Test"/>
  <testcase name="service" time="0.766" classname="com.example.java设计模式.单例.Test"/>
  <testcase name="service" time="0.017" classname="com.example.java设计模式.单例.Test"/>
  <testcase name="service" time="0.000" classname="com.example.java设计模式.单例.Test"/>
  <testcase name="service" time="0.000" classname="com.example.java设计模式.单例.Test"/>
  <testcase name="service" time="0.001" classname="com.example.java设计模式.单例.Test"/>
  <testcase name="service" time="0.321" classname="com.example.java设计模式.单例.Test"/>
  <testcase name="service" time="0.000" classname="com.example.java设计模式.单例.Test"/>
  <testcase name="service" time="65.037" classname="com.example.java设计模式.单例.Test"/>
  <testcase name="service" time="0.469" classname="com.example.java设计模式.单例.Test"/>
  <testcase name="service" time="0.001" classname="com.example.java设计模式.单例.Test"/>
  <testcase name="service" time="0.000" classname="com.example.java设计模式.单例.Test"/>
  <testcase name="service" time="0.062" classname="com.example.java设计模式.单例.Test"/>
  <testcase name="service" time="0.000" classname="com.example.java设计模式.单例.Test"/>
  <testcase name="service" time="0.196" classname="com.example.java设计模式.单例.Test"/>
  <testcase name="service" time="0.058" classname="com.example.java设计模式.单例.Test"/>
  <testcase name="service" time="65.032" classname="com.example.java设计模式.单例.Test"/>
  <testcase name="service" time="0.000" classname="com.example.java设计模式.单例.Test"/>
  <testcase name="service" time="0.680" classname="com.example.java设计模式.单例.Test"/>
  <testcase name="service" time="0.000" classname="com.example.java设计模式.单例.Test"/>
  <testcase name="service" time="65.371" classname="com.example.java设计模式.单例.Test"/>
  <testcase name="service" time="0.312" classname="com.example.java设计模式.单例.Test"/>
  <testcase name="service" time="0.001" classname="com.example.java设计模式.单例.Test"/>
  <testcase name="service" time="0.386" classname="com.example.java设计模式.单例.Test"/>
  <testcase name="service" time="0.356" classname="com.example.java设计模式.单例.Test"/>
  <testcase name="service" time="0.001" classname="com.example.java设计模式.单例.Test"/>
  <testcase name="service" time="0.325" classname="com.example.java设计模式.单例.Test"/>
  <testcase name="service" time="0.000" classname="com.example.java设计模式.单例.Test"/>
  <testcase name="service" time="0.000" classname="com.example.java设计模式.单例.Test"/>
  <testcase name="service" time="0.000" classname="com.example.java设计模式.单例.Test"/>
  <testcase name="service" time="0.000" classname="com.example.java设计模式.单例.Test"/>
  <testcase name="service" time="1.184" classname="com.example.java设计模式.单例.Test"/>
  <testcase name="service" time="7.873" classname="com.example.java设计模式.单例.Test"/>
  <testcase name="service" time="0.000" classname="com.example.java设计模式.单例.Test"/>
  <testcase name="service" time="8.100" classname="com.example.java设计模式.单例.Test"/>
  <testcase name="service" time="0.450" classname="com.example.java设计模式.单例.Test"/>
  <testcase name="service" time="7.799" classname="com.example.java设计模式.单例.Test"/>
  <testcase name="service" time="0.000" classname="com.example.java设计模式.单例.Test"/>
  <testcase name="service" time="0.000" classname="com.example.java设计模式.单例.Test"/>
  <testcase name="service" time="0.336" classname="com.example.java设计模式.单例.Test"/>
  <testcase name="service" time="0.379" classname="com.example.java设计模式.单例.Test"/>
  <testcase name="service" time="0.119" classname="com.example.java设计模式.单例.Test"/>
  <testcase name="service" time="0.850" classname="com.example.java设计模式.单例.Test"/>
  <testcase name="service" time="0.422" classname="com.example.java设计模式.单例.Test"/>
  <testcase name="service" time="0.753" classname="com.example.java设计模式.单例.Test"/>
  <testcase name="service" time="0.001" classname="com.example.java设计模式.单例.Test"/>
  <testcase name="service" time="0.466" classname="com.example.java设计模式.单例.Test"/>
  <testcase name="service" time="0.001" classname="com.example.java设计模式.单例.Test"/>
  <testcase name="service" time="0.000" classname="com.example.java设计模式.单例.Test"/>
  <testcase name="service" time="0.001" classname="com.example.java设计模式.单例.Test"/>
  <testcase name="service" time="0.000" classname="com.example.java设计模式.单例.Test"/>
  <testcase name="service" time="0.001" classname="com.example.java设计模式.单例.Test"/>
  <testcase name="service" time="0.000" classname="com.example.java设计模式.单例.Test"/>
  <testcase name="service" time="0.525" classname="com.example.java设计模式.单例.Test"/>
  <testcase name="service" time="0.000" classname="com.example.java设计模式.单例.Test"/>
  <testcase name="service" time="0.000" classname="com.example.java设计模式.单例.Test"/>
  <testcase name="service" time="6.305" classname="com.example.java设计模式.单例.Test"/>
  <testcase name="service" time="0.000" classname="com.example.java设计模式.单例.Test"/>
  <testcase name="service" time="0.000" classname="com.example.java设计模式.单例.Test"/>
  <testcase name="service" time="0.000" classname="com.example.java设计模式.单例.Test"/>
  <testcase name="service" time="7.769" classname="com.example.java设计模式.单例.Test"/>
  <testcase name="service" time="0.872" classname="com.example.java设计模式.单例.Test"/>
  <testcase name="service" time="0.000" classname="com.example.java设计模式.单例.Test"/>
  <testcase name="service" time="0.048" classname="com.example.java设计模式.单例.Test"/>
  <testcase name="service" time="0.607" classname="com.example.java设计模式.单例.Test"/>
  <testcase name="service" time="0.000" classname="com.example.java设计模式.单例.Test"/>
  <testcase name="service" time="0.955" classname="com.example.java设计模式.单例.Test"/>
  <testcase name="service" time="0.242" classname="com.example.java设计模式.单例.Test"/>
  <testcase name="service" time="7.112" classname="com.example.java设计模式.单例.Test"/>
  <testcase name="service" time="0.000" classname="com.example.java设计模式.单例.Test"/>
  <testcase name="service" time="0.000" classname="com.example.java设计模式.单例.Test"/>
  <testcase name="service" time="0.000" classname="com.example.java设计模式.单例.Test"/>
  <testcase name="service" time="0.000" classname="com.example.java设计模式.单例.Test"/>
  <testcase name="service" time="0.000" classname="com.example.java设计模式.单例.Test"/>
  <testcase name="service" time="0.000" classname="com.example.java设计模式.单例.Test"/>
  <testcase name="service" time="0.000" classname="com.example.java设计模式.单例.Test"/>
  <testcase name="service" time="0.719" classname="com.example.java设计模式.单例.Test"/>
  <testcase name="service" time="0.000" classname="com.example.java设计模式.单例.Test"/>
  <testcase name="service" time="0.430" classname="com.example.java设计模式.单例.Test"/>
  <testcase name="service" time="0.000" classname="com.example.java设计模式.单例.Test"/>
  <testcase name="service" time="0.885" classname="com.example.java设计模式.单例.Test"/>
  <testcase name="service" time="0.217" classname="com.example.java设计模式.单例.Test"/>
  <testcase name="service" time="0.235" classname="com.example.java设计模式.单例.Test"/>
  <testcase name="service" time="5.768" classname="com.example.java设计模式.单例.Test"/>
  <testcase name="service" time="0.140" classname="com.example.java设计模式.单例.Test"/>
  <testcase name="service" time="0.000" classname="com.example.java设计模式.单例.Test"/>
  <testcase name="service" time="0.000" classname="com.example.java设计模式.单例.Test"/>
  <testcase name="service" time="0.000" classname="com.example.java设计模式.单例.Test"/>
  <testcase name="service" time="0.000" classname="com.example.java设计模式.单例.Test"/>
  <testcase name="service" time="0.435" classname="com.example.java设计模式.单例.Test"/>
  <testcase name="service" time="0.109" classname="com.example.java设计模式.单例.Test"/>
  <testcase name="service" time="0.321" classname="com.example.java设计模式.单例.Test"/>
  <testcase name="service" time="0.025" classname="com.example.java设计模式.单例.Test"/>
  <testcase name="service" time="0.000" classname="com.example.java设计模式.单例.Test"/>
  <testcase name="service" time="0.000" classname="com.example.java设计模式.单例.Test"/>
  <testcase name="service" time="0.000" classname="com.example.java设计模式.单例.Test"/>
  <testcase name="service" time="0.199" classname="com.example.java设计模式.单例.Test"/>
  <testcase name="service" time="0.000" classname="com.example.java设计模式.单例.Test"/>
  <testcase name="service" time="0.001" classname="com.example.java设计模式.单例.Test"/>
  <testcase name="service" time="1.320" classname="com.example.java设计模式.单例.Test"/>
  <testcase name="service" time="0.001" classname="com.example.java设计模式.单例.Test"/>
  <testcase name="service" time="1.255" classname="com.example.java设计模式.单例.Test"/>
  <testcase name="service" time="0.000" classname="com.example.java设计模式.单例.Test"/>
  <testcase name="service" time="0.000" classname="com.example.java设计模式.单例.Test"/>
  <testcase name="service" time="0.000" classname="com.example.java设计模式.单例.Test"/>
  <testcase name="service" time="0.000" classname="com.example.java设计模式.单例.Test"/>
  <testcase name="service" time="1.206" classname="com.example.java设计模式.单例.Test"/>
  <testcase name="service" time="0.753" classname="com.example.java设计模式.单例.Test"/>
  <testcase name="service" time="0.720" classname="com.example.java设计模式.单例.Test"/>
  <testcase name="service" time="0.001" classname="com.example.java设计模式.单例.Test"/>
  <testcase name="service" time="0.000" classname="com.example.java设计模式.单例.Test"/>
  <testcase name="service" time="0.001" classname="com.example.java设计模式.单例.Test"/>
  <testcase name="service" time="0.000" classname="com.example.java设计模式.单例.Test"/>
  <testcase name="service" time="0.135" classname="com.example.java设计模式.单例.Test"/>
  <testcase name="service" time="5.118" classname="com.example.java设计模式.单例.Test"/>
  <testcase name="service" time="0.001" classname="com.example.java设计模式.单例.Test"/>
  <testcase name="service" time="6.388" classname="com.example.java设计模式.单例.Test"/>
  <testcase name="service" time="0.001" classname="com.example.java设计模式.单例.Test"/>
  <testcase name="service" time="0.674" classname="com.example.java设计模式.单例.Test"/>
  <testcase name="service" time="1.185" classname="com.example.java设计模式.单例.Test"/>
  <testcase name="service" time="0.000" classname="com.example.java设计模式.单例.Test"/>
  <testcase name="service" time="7.770" classname="com.example.java设计模式.单例.Test"/>
  <testcase name="service" time="1.214" classname="com.example.java设计模式.单例.Test"/>
  <testcase name="service" time="0.000" classname="com.example.java设计模式.单例.Test"/>
  <testcase name="service" time="0.201" classname="com.example.java设计模式.单例.Test"/>
  <testcase name="service" time="0.001" classname="com.example.java设计模式.单例.Test"/>
  <testcase name="service" time="0.558" classname="com.example.java设计模式.单例.Test"/>
  <testcase name="service" time="0.065" classname="com.example.java设计模式.单例.Test"/>
  <testcase name="service" time="0.000" classname="com.example.java设计模式.单例.Test"/>
  <testcase name="service" time="0.000" classname="com.example.java设计模式.单例.Test"/>
  <testcase name="service" time="0.000" classname="com.example.java设计模式.单例.Test"/>
  <testcase name="service" time="1.424" classname="com.example.java设计模式.单例.Test"/>
  <testcase name="service" time="0.000" classname="com.example.java设计模式.单例.Test"/>
  <testcase name="service" time="0.357" classname="com.example.java设计模式.单例.Test"/>
  <testcase name="service" time="1.045" classname="com.example.java设计模式.单例.Test"/>
  <testcase name="service" time="0.000" classname="com.example.java设计模式.单例.Test"/>
  <testcase name="service" time="0.000" classname="com.example.java设计模式.单例.Test"/>
  <testcase name="service" time="0.001" classname="com.example.java设计模式.单例.Test"/>
  <testcase name="service" time="65.018" classname="com.example.java设计模式.单例.Test"/>
  <testcase name="service" time="0.048" classname="com.example.java设计模式.单例.Test"/>
  <testcase name="service" time="0.007" classname="com.example.java设计模式.单例.Test"/>
  <testcase name="service" time="0.000" classname="com.example.java设计模式.单例.Test"/>
  <testcase name="service" time="0.000" classname="com.example.java设计模式.单例.Test"/>
  <testcase name="service" time="0.000" classname="com.example.java设计模式.单例.Test"/>
  <testcase name="service" time="0.000" classname="com.example.java设计模式.单例.Test"/>
  <testcase name="service" time="0.011" classname="com.example.java设计模式.单例.Test"/>
  <testcase name="service" time="0.000" classname="com.example.java设计模式.单例.Test"/>
  <testcase name="service" time="0.000" classname="com.example.java设计模式.单例.Test"/>
  <testcase name="service" time="1.129" classname="com.example.java设计模式.单例.Test"/>
  <testcase name="service" time="0.000" classname="com.example.java设计模式.单例.Test"/>
  <testcase name="service" time="0.000" classname="com.example.java设计模式.单例.Test"/>
  <testcase name="service" time="0.252" classname="com.example.java设计模式.单例.Test"/>
  <testcase name="service" time="0.000" classname="com.example.java设计模式.单例.Test"/>
  <testcase name="service" time="0.000" classname="com.example.java设计模式.单例.Test"/>
  <testcase name="service" time="6.228" classname="com.example.java设计模式.单例.Test"/>
  <testcase name="service" time="0.000" classname="com.example.java设计模式.单例.Test"/>
  <testcase name="service" time="0.018" classname="com.example.java设计模式.单例.Test"/>
  <testcase name="service" time="0.000" classname="com.example.java设计模式.单例.Test"/>
  <testcase name="service" time="0.188" classname="com.example.java设计模式.单例.Test"/>
  <testcase name="service" time="0.001" classname="com.example.java设计模式.单例.Test"/>
  <testcase name="service" time="0.806" classname="com.example.java设计模式.单例.Test"/>
  <testcase name="service" time="0.000" classname="com.example.java设计模式.单例.Test"/>
  <testcase name="service" time="0.102" classname="com.example.java设计模式.单例.Test"/>
  <testcase name="service" time="0.164" classname="com.example.java设计模式.单例.Test"/>
  <testcase name="service" time="1.208" classname="com.example.java设计模式.单例.Test"/>
  <testcase name="service" time="0.000" classname="com.example.java设计模式.单例.Test"/>
  <testcase name="service" time="0.001" classname="com.example.java设计模式.单例.Test"/>
  <testcase name="service" time="0.000" classname="com.example.java设计模式.单例.Test"/>
  <testcase name="service" time="7.938" classname="com.example.java设计模式.单例.Test"/>
  <testcase name="service" time="1.408" classname="com.example.java设计模式.单例.Test"/>
  <testcase name="service" time="1.435" classname="com.example.java设计模式.单例.Test"/>
  <testcase name="service" time="0.316" classname="com.example.java设计模式.单例.Test"/>
  <testcase name="service" time="0.001" classname="com.example.java设计模式.单例.Test"/>
  <testcase name="service" time="0.004" classname="com.example.java设计模式.单例.Test"/>
  <testcase name="service" time="7.899" classname="com.example.java设计模式.单例.Test"/>
  <testcase name="service" time="0.000" classname="com.example.java设计模式.单例.Test"/>
  <testcase name="service" time="0.000" classname="com.example.java设计模式.单例.Test"/>
  <testcase name="service" time="0.000" classname="com.example.java设计模式.单例.Test"/>
  <testcase name="service" time="0.001" classname="com.example.java设计模式.单例.Test"/>
  <testcase name="service" time="0.000" classname="com.example.java设计模式.单例.Test"/>
  <testcase name="service" time="6.229" classname="com.example.java设计模式.单例.Test"/>
  <testcase name="service" time="0.001" classname="com.example.java设计模式.单例.Test"/>
  <testcase name="service" time="6.741" classname="com.example.java设计模式.单例.Test"/>
  <testcase name="service" time="0.322" classname="com.example.java设计模式.单例.Test"/>
  <testcase name="service" time="0.000" classname="com.example.java设计模式.单例.Test"/>
  <testcase name="service" time="0.000" classname="com.example.java设计模式.单例.Test"/>
  <testcase name="service" time="1.022" classname="com.example.java设计模式.单例.Test"/>
  <testcase name="service" time="0.194" classname="com.example.java设计模式.单例.Test"/>
  <testcase name="service" time="0.000" classname="com.example.java设计模式.单例.Test"/>
  <testcase name="service" time="0.358" classname="com.example.java设计模式.单例.Test"/>
  <testcase name="service" time="6.583" classname="com.example.java设计模式.单例.Test"/>
  <testcase name="service" time="0.001" classname="com.example.java设计模式.单例.Test"/>
  <testcase name="service" time="0.001" classname="com.example.java设计模式.单例.Test"/>
  <testcase name="service" time="0.318" classname="com.example.java设计模式.单例.Test"/>
  <testcase name="service" time="0.001" classname="com.example.java设计模式.单例.Test"/>
  <testcase name="service" time="0.000" classname="com.example.java设计模式.单例.Test"/>
  <testcase name="service" time="0.403" classname="com.example.java设计模式.单例.Test"/>
  <testcase name="service" time="0.001" classname="com.example.java设计模式.单例.Test"/>
  <testcase name="service" time="0.001" classname="com.example.java设计模式.单例.Test"/>
  <testcase name="service" time="0.147" classname="com.example.java设计模式.单例.Test"/>
  <testcase name="service" time="0.001" classname="com.example.java设计模式.单例.Test"/>
  <testcase name="service" time="0.273" classname="com.example.java设计模式.单例.Test"/>
  <testcase name="service" time="0.000" classname="com.example.java设计模式.单例.Test"/>
  <testcase name="service" time="0.000" classname="com.example.java设计模式.单例.Test"/>
  <testcase name="service" time="0.027" classname="com.example.java设计模式.单例.Test"/>
  <testcase name="service" time="1.483" classname="com.example.java设计模式.单例.Test"/>
  <testcase name="service" time="0.847" classname="com.example.java设计模式.单例.Test"/>
  <testcase name="service" time="0.000" classname="com.example.java设计模式.单例.Test"/>
  <testcase name="service" time="0.000" classname="com.example.java设计模式.单例.Test"/>
  <testcase name="service" time="0.000" classname="com.example.java设计模式.单例.Test"/>
  <testcase name="service" time="0.000" classname="com.example.java设计模式.单例.Test"/>
  <testcase name="service" time="0.000" classname="com.example.java设计模式.单例.Test"/>
  <testcase name="service" time="1.115" classname="com.example.java设计模式.单例.Test"/>
  <testcase name="service" time="0.177" classname="com.example.java设计模式.单例.Test"/>
  <testcase name="service" time="0.000" classname="com.example.java设计模式.单例.Test"/>
  <testcase name="service" time="0.000" classname="com.example.java设计模式.单例.Test"/>
  <testcase name="service" time="0.045" classname="com.example.java设计模式.单例.Test"/>
  <testcase name="service" time="0.001" classname="com.example.java设计模式.单例.Test"/>
  <testcase name="service" time="0.001" classname="com.example.java设计模式.单例.Test"/>
  <testcase name="service" time="0.653" classname="com.example.java设计模式.单例.Test"/>
  <testcase name="service" time="0.726" classname="com.example.java设计模式.单例.Test"/>
  <testcase name="service" time="0.000" classname="com.example.java设计模式.单例.Test"/>
  <testcase name="service" time="6.689" classname="com.example.java设计模式.单例.Test"/>
  <testcase name="service" time="0.000" classname="com.example.java设计模式.单例.Test"/>
  <testcase name="service" time="0.000" classname="com.example.java设计模式.单例.Test"/>
  <testcase name="service" time="0.000" classname="com.example.java设计模式.单例.Test"/>
  <testcase name="service" time="0.580" classname="com.example.java设计模式.单例.Test"/>
  <testcase name="service" time="0.388" classname="com.example.java设计模式.单例.Test"/>
  <testcase name="service" time="0.119" classname="com.example.java设计模式.单例.Test"/>
  <testcase name="service" time="0.501" classname="com.example.java设计模式.单例.Test"/>
  <testcase name="service" time="0.000" classname="com.example.java设计模式.单例.Test"/>
  <testcase name="service" time="0.000" classname="com.example.java设计模式.单例.Test"/>
  <testcase name="service" time="0.002" classname="com.example.java设计模式.单例.Test"/>
  <testcase name="service" time="0.806" classname="com.example.java设计模式.单例.Test"/>
  <testcase name="service" time="0.534" classname="com.example.java设计模式.单例.Test"/>
  <testcase name="service" time="0.078" classname="com.example.java设计模式.单例.Test"/>
  <testcase name="service" time="0.375" classname="com.example.java设计模式.单例.Test"/>
  <testcase name="service" time="0.703" classname="com.example.java设计模式.单例.Test"/>
  <testcase name="service" time="0.719" classname="com.example.java设计模式.单例.Test"/>
  <testcase name="service" time="0.829" classname="com.example.java设计模式.单例.Test"/>
  <testcase name="service" time="0.706" classname="com.example.java设计模式.单例.Test"/>
  <testcase name="service" time="0.000" classname="com.example.java设计模式.单例.Test"/>
  <testcase name="service" time="0.000" classname="com.example.java设计模式.单例.Test"/>
  <testcase name="service" time="0.000" classname="com.example.java设计模式.单例.Test"/>
  <testcase name="service" time="0.000" classname="com.example.java设计模式.单例.Test"/>
  <testcase name="service" time="0.000" classname="com.example.java设计模式.单例.Test"/>
  <testcase name="service" time="5.726" classname="com.example.java设计模式.单例.Test"/>
  <testcase name="service" time="0.001" classname="com.example.java设计模式.单例.Test"/>
  <testcase name="service" time="0.001" classname="com.example.java设计模式.单例.Test"/>
  <testcase name="service" time="0.039" classname="com.example.java设计模式.单例.Test"/>
  <testcase name="service" time="0.000" classname="com.example.java设计模式.单例.Test"/>
  <testcase name="service" time="6.543" classname="com.example.java设计模式.单例.Test"/>
  <testcase name="service" time="0.001" classname="com.example.java设计模式.单例.Test"/>
  <testcase name="service" time="0.000" classname="com.example.java设计模式.单例.Test"/>
  <testcase name="service" time="0.001" classname="com.example.java设计模式.单例.Test"/>
  <testcase name="service" time="0.000" classname="com.example.java设计模式.单例.Test"/>
  <testcase name="service" time="0.000" classname="com.example.java设计模式.单例.Test"/>
  <testcase name="service" time="0.001" classname="com.example.java设计模式.单例.Test"/>
  <testcase name="service" time="0.614" classname="com.example.java设计模式.单例.Test"/>
  <testcase name="service" time="0.001" classname="com.example.java设计模式.单例.Test"/>
  <testcase name="service" time="0.000" classname="com.example.java设计模式.单例.Test"/>
  <testcase name="service" time="6.288" classname="com.example.java设计模式.单例.Test"/>
  <testcase name="service" time="0.000" classname="com.example.java设计模式.单例.Test"/>
  <testcase name="service" time="0.000" classname="com.example.java设计模式.单例.Test"/>
  <testcase name="service" time="0.000" classname="com.example.java设计模式.单例.Test"/>
  <testcase name="service" time="0.110" classname="com.example.java设计模式.单例.Test"/>
  <testcase name="service" time="0.000" classname="com.example.java设计模式.单例.Test"/>
  <testcase name="service" time="0.000" classname="com.example.java设计模式.单例.Test"/>
  <testcase name="service" time="0.000" classname="com.example.java设计模式.单例.Test"/>
  <testcase name="service" time="0.092" classname="com.example.java设计模式.单例.Test"/>
  <testcase name="service" time="0.000" classname="com.example.java设计模式.单例.Test"/>
  <testcase name="service" time="0.455" classname="com.example.java设计模式.单例.Test"/>
  <testcase name="service" time="0.001" classname="com.example.java设计模式.单例.Test"/>
  <testcase name="service" time="0.000" classname="com.example.java设计模式.单例.Test"/>
  <testcase name="service" time="0.000" classname="com.example.java设计模式.单例.Test"/>
  <testcase name="service" time="0.097" classname="com.example.java设计模式.单例.Test"/>
  <testcase name="service" time="0.000" classname="com.example.java设计模式.单例.Test"/>
  <testcase name="service" time="0.032" classname="com.example.java设计模式.单例.Test"/>
  <testcase name="service" time="0.625" classname="com.example.java设计模式.单例.Test"/>
  <testcase name="service" time="0.000" classname="com.example.java设计模式.单例.Test"/>
  <testcase name="service" time="0.000" classname="com.example.java设计模式.单例.Test"/>
  <testcase name="service" time="0.000" classname="com.example.java设计模式.单例.Test"/>
  <testcase name="service" time="0.000" classname="com.example.java设计模式.单例.Test"/>
  <testcase name="service" time="0.319" classname="com.example.java设计模式.单例.Test"/>
  <testcase name="service" time="0.000" classname="com.example.java设计模式.单例.Test"/>
  <testcase name="service" time="0.000" classname="com.example.java设计模式.单例.Test"/>
  <testcase name="service" time="64.479" classname="com.example.java设计模式.单例.Test"/>
  <testcase name="service" time="0.000" classname="com.example.java设计模式.单例.Test"/>
  <testcase name="service" time="0.005" classname="com.example.java设计模式.单例.Test"/>
  <testcase name="service" time="0.260" classname="com.example.java设计模式.单例.Test"/>
  <testcase name="service" time="0.020" classname="com.example.java设计模式.单例.Test"/>
  <testcase name="service" time="0.000" classname="com.example.java设计模式.单例.Test"/>
  <testcase name="service" time="7.862" classname="com.example.java设计模式.单例.Test"/>
  <testcase name="service" time="0.000" classname="com.example.java设计模式.单例.Test"/>
  <testcase name="service" time="0.085" classname="com.example.java设计模式.单例.Test"/>
  <testcase name="service" time="0.000" classname="com.example.java设计模式.单例.Test"/>
  <testcase name="service" time="0.019" classname="com.example.java设计模式.单例.Test"/>
  <testcase name="service" time="0.000" classname="com.example.java设计模式.单例.Test"/>
  <testcase name="service" time="0.001" classname="com.example.java设计模式.单例.Test"/>
  <testcase name="service" time="0.000" classname="com.example.java设计模式.单例.Test"/>
  <testcase name="service" time="0.000" classname="com.example.java设计模式.单例.Test"/>
  <testcase name="service" time="1.941" classname="com.example.java设计模式.单例.Test"/>
  <testcase name="service" time="0.449" classname="com.example.java设计模式.单例.Test"/>
  <testcase name="service" time="0.000" classname="com.example.java设计模式.单例.Test"/>
  <testcase name="service" time="0.430" classname="com.example.java设计模式.单例.Test"/>
  <testcase name="service" time="0.000" classname="com.example.java设计模式.单例.Test"/>
  <testcase name="service" time="0.000" classname="com.example.java设计模式.单例.Test"/>
  <testcase name="service" time="0.000" classname="com.example.java设计模式.单例.Test"/>
  <testcase name="service" time="0.608" classname="com.example.java设计模式.单例.Test"/>
  <testcase name="service" time="0.000" classname="com.example.java设计模式.单例.Test"/>
  <testcase name="service" time="0.606" classname="com.example.java设计模式.单例.Test"/>
  <testcase name="service" time="0.253" classname="com.example.java设计模式.单例.Test"/>
  <testcase name="service" time="0.721" classname="com.example.java设计模式.单例.Test"/>
  <testcase name="service" time="0.000" classname="com.example.java设计模式.单例.Test"/>
  <testcase name="service" time="0.001" classname="com.example.java设计模式.单例.Test"/>
  <testcase name="service" time="0.064" classname="com.example.java设计模式.单例.Test"/>
  <testcase name="service" time="0.000" classname="com.example.java设计模式.单例.Test"/>
  <testcase name="service" time="0.025" classname="com.example.java设计模式.单例.Test"/>
  <testcase name="service" time="0.005" classname="com.example.java设计模式.单例.Test"/>
  <testcase name="service" time="0.001" classname="com.example.java设计模式.单例.Test"/>
  <testcase name="service" time="0.000" classname="com.example.java设计模式.单例.Test"/>
  <testcase name="service" time="0.000" classname="com.example.java设计模式.单例.Test"/>
  <testcase name="service" time="0.440" classname="com.example.java设计模式.单例.Test"/>
  <testcase name="service" time="0.001" classname="com.example.java设计模式.单例.Test"/>
  <testcase name="service" time="0.973" classname="com.example.java设计模式.单例.Test"/>
  <testcase name="service" time="0.001" classname="com.example.java设计模式.单例.Test"/>
  <testcase name="service" time="0.000" classname="com.example.java设计模式.单例.Test"/>
  <testcase name="service" time="0.614" classname="com.example.java设计模式.单例.Test"/>
  <testcase name="service" time="0.000" classname="com.example.java设计模式.单例.Test"/>
  <testcase name="service" time="0.099" classname="com.example.java设计模式.单例.Test"/>
  <testcase name="service" time="0.000" classname="com.example.java设计模式.单例.Test"/>
  <testcase name="service" time="7.956" classname="com.example.java设计模式.单例.Test"/>
  <testcase name="service" time="0.000" classname="com.example.java设计模式.单例.Test"/>
  <testcase name="service" time="0.000" classname="com.example.java设计模式.单例.Test"/>
  <testcase name="service" time="0.322" classname="com.example.java设计模式.单例.Test"/>
  <testcase name="service" time="0.000" classname="com.example.java设计模式.单例.Test"/>
  <testcase name="service" time="0.161" classname="com.example.java设计模式.单例.Test"/>
  <testcase name="service" time="0.000" classname="com.example.java设计模式.单例.Test"/>
  <testcase name="service" time="0.000" classname="com.example.java设计模式.单例.Test"/>
  <testcase name="service" time="6.149" classname="com.example.java设计模式.单例.Test"/>
  <testcase name="service" time="0.000" classname="com.example.java设计模式.单例.Test"/>
  <testcase name="service" time="0.000" classname="com.example.java设计模式.单例.Test"/>
  <testcase name="service" time="0.000" classname="com.example.java设计模式.单例.Test"/>
  <testcase name="service" time="0.000" classname="com.example.java设计模式.单例.Test"/>
  <testcase name="service" time="0.000" classname="com.example.java设计模式.单例.Test"/>
  <testcase name="service" time="0.001" classname="com.example.java设计模式.单例.Test"/>
  <testcase name="service" time="0.113" classname="com.example.java设计模式.单例.Test"/>
  <testcase name="service" time="1.548" classname="com.example.java设计模式.单例.Test"/>
  <testcase name="service" time="0.000" classname="com.example.java设计模式.单例.Test"/>
  <testcase name="service" time="0.000" classname="com.example.java设计模式.单例.Test"/>
  <testcase name="service" time="0.166" classname="com.example.java设计模式.单例.Test"/>
  <testcase name="service" time="0.001" classname="com.example.java设计模式.单例.Test"/>
  <testcase name="service" time="0.000" classname="com.example.java设计模式.单例.Test"/>
  <testcase name="service" time="0.458" classname="com.example.java设计模式.单例.Test"/>
  <testcase name="service" time="0.198" classname="com.example.java设计模式.单例.Test"/>
  <testcase name="service" time="0.018" classname="com.example.java设计模式.单例.Test"/>
  <testcase name="service" time="0.001" classname="com.example.java设计模式.单例.Test"/>
  <testcase name="service" time="0.000" classname="com.example.java设计模式.单例.Test"/>
  <testcase name="service" time="0.044" classname="com.example.java设计模式.单例.Test"/>
  <testcase name="service" time="1.477" classname="com.example.java设计模式.单例.Test"/>
  <testcase name="service" time="0.000" classname="com.example.java设计模式.单例.Test"/>
  <testcase name="service" time="0.328" classname="com.example.java设计模式.单例.Test"/>
  <testcase name="service" time="0.000" classname="com.example.java设计模式.单例.Test"/>
  <testcase name="service" time="0.805" classname="com.example.java设计模式.单例.Test"/>
  <testcase name="service" time="64.500" classname="com.example.java设计模式.单例.Test"/>
  <testcase name="service" time="8.300" classname="com.example.java设计模式.单例.Test"/>
  <testcase name="service" time="0.813" classname="com.example.java设计模式.单例.Test"/>
  <testcase name="service" time="0.000" classname="com.example.java设计模式.单例.Test"/>
  <testcase name="service" time="0.001" classname="com.example.java设计模式.单例.Test"/>
  <testcase name="service" time="0.129" classname="com.example.java设计模式.单例.Test"/>
  <testcase name="service" time="1.101" classname="com.example.java设计模式.单例.Test"/>
  <testcase name="service" time="64.959" classname="com.example.java设计模式.单例.Test"/>
  <testcase name="service" time="0.000" classname="com.example.java设计模式.单例.Test"/>
  <testcase name="service" time="0.597" classname="com.example.java设计模式.单例.Test"/>
  <testcase name="service" time="0.001" classname="com.example.java设计模式.单例.Test"/>
  <testcase name="service" time="0.393" classname="com.example.java设计模式.单例.Test"/>
  <testcase name="service" time="0.000" classname="com.example.java设计模式.单例.Test"/>
  <testcase name="service" time="0.624" classname="com.example.java设计模式.单例.Test"/>
  <testcase name="service" time="0.000" classname="com.example.java设计模式.单例.Test"/>
  <testcase name="service" time="0.000" classname="com.example.java设计模式.单例.Test"/>
  <testcase name="service" time="0.000" classname="com.example.java设计模式.单例.Test"/>
  <testcase name="service" time="0.000" classname="com.example.java设计模式.单例.Test"/>
  <testcase name="service" time="0.000" classname="com.example.java设计模式.单例.Test"/>
  <testcase name="service" time="0.052" classname="com.example.java设计模式.单例.Test"/>
  <testcase name="service" time="0.000" classname="com.example.java设计模式.单例.Test"/>
  <testcase name="service" time="0.327" classname="com.example.java设计模式.单例.Test"/>
  <testcase name="service" time="0.042" classname="com.example.java设计模式.单例.Test"/>
  <testcase name="service" time="0.000" classname="com.example.java设计模式.单例.Test"/>
  <testcase name="service" time="0.072" classname="com.example.java设计模式.单例.Test"/>
  <testcase name="service" time="0.184" classname="com.example.java设计模式.单例.Test"/>
  <testcase name="service" time="0.000" classname="com.example.java设计模式.单例.Test"/>
  <testcase name="service" time="0.000" classname="com.example.java设计模式.单例.Test"/>
  <testcase name="service" time="5.110" classname="com.example.java设计模式.单例.Test"/>
  <testcase name="service" time="0.094" classname="com.example.java设计模式.单例.Test"/>
  <testcase name="service" time="0.001" classname="com.example.java设计模式.单例.Test"/>
  <testcase name="service" time="0.000" classname="com.example.java设计模式.单例.Test"/>
  <testcase name="service" time="0.001" classname="com.example.java设计模式.单例.Test"/>
  <testcase name="service" time="0.283" classname="com.example.java设计模式.单例.Test"/>
  <testcase name="service" time="0.000" classname="com.example.java设计模式.单例.Test"/>
  <testcase name="service" time="0.000" classname="com.example.java设计模式.单例.Test"/>
  <testcase name="service" time="0.639" classname="com.example.java设计模式.单例.Test"/>
  <testcase name="service" time="0.000" classname="com.example.java设计模式.单例.Test"/>
  <testcase name="service" time="0.001" classname="com.example.java设计模式.单例.Test"/>
  <testcase name="service" time="0.236" classname="com.example.java设计模式.单例.Test"/>
  <testcase name="service" time="0.001" classname="com.example.java设计模式.单例.Test"/>
  <testcase name="service" time="0.000" classname="com.example.java设计模式.单例.Test"/>
  <testcase name="service" time="0.000" classname="com.example.java设计模式.单例.Test"/>
  <testcase name="service" time="1.033" classname="com.example.java设计模式.单例.Test"/>
  <testcase name="service" time="0.001" classname="com.example.java设计模式.单例.Test"/>
  <testcase name="service" time="1.523" classname="com.example.java设计模式.单例.Test"/>
  <testcase name="service" time="0.000" classname="com.example.java设计模式.单例.Test"/>
  <testcase name="service" time="0.000" classname="com.example.java设计模式.单例.Test"/>
  <testcase name="service" time="0.000" classname="com.example.java设计模式.单例.Test"/>
  <testcase name="service" time="0.001" classname="com.example.java设计模式.单例.Test"/>
  <testcase name="service" time="0.000" classname="com.example.java设计模式.单例.Test"/>
  <testcase name="service" time="0.774" classname="com.example.java设计模式.单例.Test"/>
  <testcase name="service" time="0.001" classname="com.example.java设计模式.单例.Test"/>
  <testcase name="service" time="0.000" classname="com.example.java设计模式.单例.Test"/>
  <testcase name="service" time="0.000" classname="com.example.java设计模式.单例.Test"/>
  <testcase name="service" time="8.143" classname="com.example.java设计模式.单例.Test"/>
  <testcase name="service" time="0.167" classname="com.example.java设计模式.单例.Test"/>
  <testcase name="service" time="0.001" classname="com.example.java设计模式.单例.Test"/>
  <testcase name="service" time="65.020" classname="com.example.java设计模式.单例.Test"/>
  <testcase name="service" time="0.000" classname="com.example.java设计模式.单例.Test"/>
  <testcase name="service" time="1.204" classname="com.example.java设计模式.单例.Test"/>
  <testcase name="service" time="0.072" classname="com.example.java设计模式.单例.Test"/>
  <testcase name="service" time="0.000" classname="com.example.java设计模式.单例.Test"/>
  <testcase name="service" time="0.930" classname="com.example.java设计模式.单例.Test"/>
  <testcase name="service" time="0.000" classname="com.example.java设计模式.单例.Test"/>
  <testcase name="service" time="0.000" classname="com.example.java设计模式.单例.Test"/>
  <testcase name="service" time="0.001" classname="com.example.java设计模式.单例.Test"/>
  <testcase name="service" time="0.532" classname="com.example.java设计模式.单例.Test"/>
  <testcase name="service" time="1.348" classname="com.example.java设计模式.单例.Test"/>
  <testcase name="service" time="0.001" classname="com.example.java设计模式.单例.Test"/>
  <testcase name="service" time="1.319" classname="com.example.java设计模式.单例.Test"/>
  <testcase name="service" time="0.043" classname="com.example.java设计模式.单例.Test"/>
  <testcase name="service" time="0.000" classname="com.example.java设计模式.单例.Test"/>
  <testcase name="service" time="1.064" classname="com.example.java设计模式.单例.Test"/>
  <testcase name="service" time="0.340" classname="com.example.java设计模式.单例.Test"/>
  <testcase name="service" time="6.667" classname="com.example.java设计模式.单例.Test"/>
  <testcase name="service" time="0.000" classname="com.example.java设计模式.单例.Test"/>
  <testcase name="service" time="0.000" classname="com.example.java设计模式.单例.Test"/>
  <testcase name="service" time="0.000" classname="com.example.java设计模式.单例.Test"/>
  <testcase name="service" time="0.000" classname="com.example.java设计模式.单例.Test"/>
  <testcase name="service" time="0.000" classname="com.example.java设计模式.单例.Test"/>
  <testcase name="service" time="65.367" classname="com.example.java设计模式.单例.Test"/>
  <testcase name="service" time="0.001" classname="com.example.java设计模式.单例.Test"/>
  <testcase name="service" time="1.474" classname="com.example.java设计模式.单例.Test"/>
  <testcase name="service" time="0.000" classname="com.example.java设计模式.单例.Test"/>
  <testcase name="service" time="0.000" classname="com.example.java设计模式.单例.Test"/>
  <testcase name="service" time="0.145" classname="com.example.java设计模式.单例.Test"/>
  <testcase name="service" time="0.001" classname="com.example.java设计模式.单例.Test"/>
  <testcase name="service" time="0.999" classname="com.example.java设计模式.单例.Test"/>
  <testcase name="service" time="0.001" classname="com.example.java设计模式.单例.Test"/>
  <testcase name="service" time="0.000" classname="com.example.java设计模式.单例.Test"/>
  <testcase name="service" time="0.000" classname="com.example.java设计模式.单例.Test"/>
  <testcase name="service" time="1.163" classname="com.example.java设计模式.单例.Test"/>
  <testcase name="service" time="0.000" classname="com.example.java设计模式.单例.Test"/>
  <testcase name="service" time="0.000" classname="com.example.java设计模式.单例.Test"/>
  <testcase name="service" time="0.000" classname="com.example.java设计模式.单例.Test"/>
  <testcase name="service" time="0.167" classname="com.example.java设计模式.单例.Test"/>
  <testcase name="service" time="0.000" classname="com.example.java设计模式.单例.Test"/>
  <testcase name="service" time="0.045" classname="com.example.java设计模式.单例.Test"/>
  <testcase name="service" time="0.000" classname="com.example.java设计模式.单例.Test"/>
  <testcase name="service" time="0.000" classname="com.example.java设计模式.单例.Test"/>
  <testcase name="service" time="0.000" classname="com.example.java设计模式.单例.Test"/>
  <testcase name="service" time="0.000" classname="com.example.java设计模式.单例.Test"/>
  <testcase name="service" time="0.331" classname="com.example.java设计模式.单例.Test"/>
  <testcase name="service" time="0.001" classname="com.example.java设计模式.单例.Test"/>
  <testcase name="service" time="0.550" classname="com.example.java设计模式.单例.Test"/>
  <testcase name="service" time="0.399" classname="com.example.java设计模式.单例.Test"/>
  <testcase name="service" time="0.000" classname="com.example.java设计模式.单例.Test"/>
  <testcase name="service" time="0.995" classname="com.example.java设计模式.单例.Test"/>
  <testcase name="service" time="1.117" classname="com.example.java设计模式.单例.Test"/>
  <testcase name="service" time="0.000" classname="com.example.java设计模式.单例.Test"/>
  <testcase name="service" time="1.069" classname="com.example.java设计模式.单例.Test"/>
  <testcase name="service" time="0.000" classname="com.example.java设计模式.单例.Test"/>
  <testcase name="service" time="0.234" classname="com.example.java设计模式.单例.Test"/>
  <testcase name="service" time="0.000" classname="com.example.java设计模式.单例.Test"/>
  <testcase name="service" time="64.385" classname="com.example.java设计模式.单例.Test"/>
  <testcase name="service" time="0.204" classname="com.example.java设计模式.单例.Test"/>
  <testcase name="service" time="0.319" classname="com.example.java设计模式.单例.Test"/>
  <testcase name="service" time="0.000" classname="com.example.java设计模式.单例.Test"/>
  <testcase name="service" time="0.000" classname="com.example.java设计模式.单例.Test"/>
  <testcase name="service" time="64.524" classname="com.example.java设计模式.单例.Test"/>
  <testcase name="service" time="0.000" classname="com.example.java设计模式.单例.Test"/>
  <testcase name="service" time="0.933" classname="com.example.java设计模式.单例.Test"/>
  <testcase name="service" time="6.353" classname="com.example.java设计模式.单例.Test"/>
  <testcase name="service" time="0.000" classname="com.example.java设计模式.单例.Test"/>
  <testcase name="service" time="0.001" classname="com.example.java设计模式.单例.Test"/>
  <testcase name="service" time="64.983" classname="com.example.java设计模式.单例.Test"/>
  <testcase name="service" time="0.001" classname="com.example.java设计模式.单例.Test"/>
  <testcase name="service" time="0.000" classname="com.example.java设计模式.单例.Test"/>
  <testcase name="service" time="0.000" classname="com.example.java设计模式.单例.Test"/>
  <testcase name="service" time="7.878" classname="com.example.java设计模式.单例.Test"/>
  <testcase name="service" time="0.085" classname="com.example.java设计模式.单例.Test"/>
  <testcase name="service" time="0.000" classname="com.example.java设计模式.单例.Test"/>
  <testcase name="service" time="0.707" classname="com.example.java设计模式.单例.Test"/>
  <testcase name="service" time="0.000" classname="com.example.java设计模式.单例.Test"/>
  <testcase name="service" time="1.512" classname="com.example.java设计模式.单例.Test"/>
  <testcase name="service" time="0.000" classname="com.example.java设计模式.单例.Test"/>
  <testcase name="service" time="0.000" classname="com.example.java设计模式.单例.Test"/>
  <testcase name="service" time="0.423" classname="com.example.java设计模式.单例.Test"/>
  <testcase name="service" time="5.767" classname="com.example.java设计模式.单例.Test"/>
  <testcase name="service" time="0.000" classname="com.example.java设计模式.单例.Test"/>
  <testcase name="service" time="0.000" classname="com.example.java设计模式.单例.Test"/>
  <testcase name="service" time="0.593" classname="com.example.java设计模式.单例.Test"/>
  <testcase name="service" time="0.000" classname="com.example.java设计模式.单例.Test"/>
  <testcase name="service" time="0.000" classname="com.example.java设计模式.单例.Test"/>
  <testcase name="service" time="0.062" classname="com.example.java设计模式.单例.Test"/>
  <testcase name="service" time="0.000" classname="com.example.java设计模式.单例.Test"/>
  <testcase name="service" time="0.000" classname="com.example.java设计模式.单例.Test"/>
  <testcase name="service" time="0.253" classname="com.example.java设计模式.单例.Test"/>
  <testcase name="service" time="0.000" classname="com.example.java设计模式.单例.Test"/>
  <testcase name="service" time="0.625" classname="com.example.java设计模式.单例.Test"/>
  <testcase name="service" time="0.782" classname="com.example.java设计模式.单例.Test"/>
  <testcase name="service" time="0.692" classname="com.example.java设计模式.单例.Test"/>
  <testcase name="service" time="0.807" classname="com.example.java设计模式.单例.Test"/>
  <testcase name="service" time="0.000" classname="com.example.java设计模式.单例.Test"/>
  <testcase name="service" time="0.000" classname="com.example.java设计模式.单例.Test"/>
  <testcase name="service" time="7.785" classname="com.example.java设计模式.单例.Test"/>
  <testcase name="service" time="0.001" classname="com.example.java设计模式.单例.Test"/>
  <testcase name="service" time="0.843" classname="com.example.java设计模式.单例.Test"/>
  <testcase name="service" time="0.000" classname="com.example.java设计模式.单例.Test"/>
  <testcase name="service" time="0.656" classname="com.example.java设计模式.单例.Test"/>
  <testcase name="service" time="0.000" classname="com.example.java设计模式.单例.Test"/>
  <testcase name="service" time="0.001" classname="com.example.java设计模式.单例.Test"/>
  <testcase name="service" time="0.000" classname="com.example.java设计模式.单例.Test"/>
  <testcase name="service" time="1.232" classname="com.example.java设计模式.单例.Test"/>
  <testcase name="service" time="0.000" classname="com.example.java设计模式.单例.Test"/>
  <testcase name="service" time="6.589" classname="com.example.java设计模式.单例.Test"/>
  <testcase name="service" time="0.361" classname="com.example.java设计模式.单例.Test"/>
  <testcase name="service" time="7.907" classname="com.example.java设计模式.单例.Test"/>
  <testcase name="service" time="0.000" classname="com.example.java设计模式.单例.Test"/>
  <testcase name="service" time="0.218" classname="com.example.java设计模式.单例.Test"/>
  <testcase name="service" time="1.325" classname="com.example.java设计模式.单例.Test"/>
  <testcase name="service" time="0.431" classname="com.example.java设计模式.单例.Test"/>
  <testcase name="service" time="0.012" classname="com.example.java设计模式.单例.Test"/>
  <testcase name="service" time="0.000" classname="com.example.java设计模式.单例.Test"/>
  <testcase name="service" time="0.000" classname="com.example.java设计模式.单例.Test"/>
  <testcase name="service" time="0.000" classname="com.example.java设计模式.单例.Test"/>
  <testcase name="service" time="0.000" classname="com.example.java设计模式.单例.Test"/>
  <testcase name="service" time="0.001" classname="com.example.java设计模式.单例.Test"/>
  <testcase name="service" time="0.840" classname="com.example.java设计模式.单例.Test"/>
  <testcase name="service" time="0.127" classname="com.example.java设计模式.单例.Test"/>
  <testcase name="service" time="0.000" classname="com.example.java设计模式.单例.Test"/>
  <testcase name="service" time="0.912" classname="com.example.java设计模式.单例.Test"/>
  <testcase name="service" time="7.749" classname="com.example.java设计模式.单例.Test"/>
  <testcase name="service" time="7.871" classname="com.example.java设计模式.单例.Test"/>
  <testcase name="service" time="0.095" classname="com.example.java设计模式.单例.Test"/>
  <testcase name="service" time="0.362" classname="com.example.java设计模式.单例.Test"/>
  <testcase name="service" time="0.000" classname="com.example.java设计模式.单例.Test"/>
  <testcase name="service" time="0.000" classname="com.example.java设计模式.单例.Test"/>
  <testcase name="service" time="0.000" classname="com.example.java设计模式.单例.Test"/>
  <testcase name="service" time="0.000" classname="com.example.java设计模式.单例.Test"/>
  <testcase name="service" time="0.108" classname="com.example.java设计模式.单例.Test"/>
  <testcase name="service" time="0.156" classname="com.example.java设计模式.单例.Test"/>
  <testcase name="service" time="0.000" classname="com.example.java设计模式.单例.Test"/>
  <testcase name="service" time="0.000" classname="com.example.java设计模式.单例.Test"/>
  <testcase name="service" time="0.159" classname="com.example.java设计模式.单例.Test"/>
  <testcase name="service" time="0.045" classname="com.example.java设计模式.单例.Test"/>
  <testcase name="service" time="0.277" classname="com.example.java设计模式.单例.Test"/>
  <testcase name="service" time="0.001" classname="com.example.java设计模式.单例.Test"/>
  <testcase name="service" time="0.000" classname="com.example.java设计模式.单例.Test"/>
  <testcase name="service" time="0.000" classname="com.example.java设计模式.单例.Test"/>
  <testcase name="service" time="0.952" classname="com.example.java设计模式.单例.Test"/>
  <testcase name="service" time="0.000" classname="com.example.java设计模式.单例.Test"/>
  <testcase name="service" time="0.000" classname="com.example.java设计模式.单例.Test"/>
  <testcase name="service" time="0.143" classname="com.example.java设计模式.单例.Test"/>
  <testcase name="service" time="64.751" classname="com.example.java设计模式.单例.Test"/>
  <testcase name="service" time="0.145" classname="com.example.java设计模式.单例.Test"/>
  <testcase name="service" time="0.000" classname="com.example.java设计模式.单例.Test"/>
  <testcase name="service" time="0.000" classname="com.example.java设计模式.单例.Test"/>
  <testcase name="service" time="0.001" classname="com.example.java设计模式.单例.Test"/>
  <testcase name="service" time="0.001" classname="com.example.java设计模式.单例.Test"/>
  <testcase name="service" time="0.000" classname="com.example.java设计模式.单例.Test"/>
  <testcase name="service" time="0.368" classname="com.example.java设计模式.单例.Test"/>
  <testcase name="service" time="0.000" classname="com.example.java设计模式.单例.Test"/>
  <testcase name="service" time="0.442" classname="com.example.java设计模式.单例.Test"/>
  <testcase name="service" time="0.068" classname="com.example.java设计模式.单例.Test"/>
  <testcase name="service" time="0.230" classname="com.example.java设计模式.单例.Test"/>
  <testcase name="service" time="8.342" classname="com.example.java设计模式.单例.Test"/>
  <testcase name="service" time="7.802" classname="com.example.java设计模式.单例.Test"/>
  <testcase name="service" time="0.001" classname="com.example.java设计模式.单例.Test"/>
  <testcase name="service" time="0.000" classname="com.example.java设计模式.单例.Test"/>
  <testcase name="service" time="0.000" classname="com.example.java设计模式.单例.Test"/>
  <testcase name="service" time="0.308" classname="com.example.java设计模式.单例.Test"/>
  <testcase name="service" time="0.000" classname="com.example.java设计模式.单例.Test"/>
  <testcase name="service" time="0.000" classname="com.example.java设计模式.单例.Test"/>
  <testcase name="service" time="0.006" classname="com.example.java设计模式.单例.Test"/>
  <testcase name="service" time="0.644" classname="com.example.java设计模式.单例.Test"/>
  <testcase name="service" time="0.001" classname="com.example.java设计模式.单例.Test"/>
  <testcase name="service" time="0.001" classname="com.example.java设计模式.单例.Test"/>
  <testcase name="service" time="0.000" classname="com.example.java设计模式.单例.Test"/>
  <testcase name="service" time="0.001" classname="com.example.java设计模式.单例.Test"/>
  <testcase name="service" time="0.001" classname="com.example.java设计模式.单例.Test"/>
  <testcase name="service" time="0.000" classname="com.example.java设计模式.单例.Test"/>
  <testcase name="service" time="0.000" classname="com.example.java设计模式.单例.Test"/>
  <testcase name="service" time="0.000" classname="com.example.java设计模式.单例.Test"/>
  <testcase name="service" time="6.928" classname="com.example.java设计模式.单例.Test"/>
  <testcase name="service" time="0.000" classname="com.example.java设计模式.单例.Test"/>
  <testcase name="service" time="0.503" classname="com.example.java设计模式.单例.Test"/>
  <testcase name="service" time="0.000" classname="com.example.java设计模式.单例.Test"/>
  <testcase name="service" time="1.492" classname="com.example.java设计模式.单例.Test"/>
  <testcase name="service" time="0.000" classname="com.example.java设计模式.单例.Test"/>
  <testcase name="service" time="0.168" classname="com.example.java设计模式.单例.Test"/>
  <testcase name="service" time="0.000" classname="com.example.java设计模式.单例.Test"/>
  <testcase name="service" time="0.000" classname="com.example.java设计模式.单例.Test"/>
  <testcase name="service" time="0.085" classname="com.example.java设计模式.单例.Test"/>
  <testcase name="service" time="0.001" classname="com.example.java设计模式.单例.Test"/>
  <testcase name="service" time="0.001" classname="com.example.java设计模式.单例.Test"/>
  <testcase name="service" time="0.001" classname="com.example.java设计模式.单例.Test"/>
  <testcase name="service" time="0.435" classname="com.example.java设计模式.单例.Test"/>
  <testcase name="service" time="0.000" classname="com.example.java设计模式.单例.Test"/>
  <testcase name="service" time="64.686" classname="com.example.java设计模式.单例.Test"/>
  <testcase name="service" time="0.407" classname="com.example.java设计模式.单例.Test"/>
  <testcase name="service" time="0.471" classname="com.example.java设计模式.单例.Test"/>
  <testcase name="service" time="0.000" classname="com.example.java设计模式.单例.Test"/>
  <testcase name="service" time="0.000" classname="com.example.java设计模式.单例.Test"/>
  <testcase name="service" time="0.000" classname="com.example.java设计模式.单例.Test"/>
  <testcase name="service" time="0.000" classname="com.example.java设计模式.单例.Test"/>
  <testcase name="service" time="0.000" classname="com.example.java设计模式.单例.Test"/>
  <testcase name="service" time="0.297" classname="com.example.java设计模式.单例.Test"/>
  <testcase name="service" time="0.891" classname="com.example.java设计模式.单例.Test"/>
  <testcase name="service" time="0.000" classname="com.example.java设计模式.单例.Test"/>
  <testcase name="service" time="0.318" classname="com.example.java设计模式.单例.Test"/>
  <testcase name="service" time="0.064" classname="com.example.java设计模式.单例.Test"/>
  <testcase name="service" time="0.000" classname="com.example.java设计模式.单例.Test"/>
  <testcase name="service" time="0.664" classname="com.example.java设计模式.单例.Test"/>
  <testcase name="service" time="0.000" classname="com.example.java设计模式.单例.Test"/>
  <testcase name="service" time="0.001" classname="com.example.java设计模式.单例.Test"/>
  <testcase name="service" time="1.240" classname="com.example.java设计模式.单例.Test"/>
  <testcase name="service" time="0.001" classname="com.example.java设计模式.单例.Test"/>
  <testcase name="service" time="0.466" classname="com.example.java设计模式.单例.Test"/>
  <testcase name="service" time="65.050" classname="com.example.java设计模式.单例.Test"/>
  <testcase name="service" time="0.001" classname="com.example.java设计模式.单例.Test"/>
  <testcase name="service" time="0.001" classname="com.example.java设计模式.单例.Test"/>
  <testcase name="service" time="0.000" classname="com.example.java设计模式.单例.Test"/>
  <testcase name="service" time="0.001" classname="com.example.java设计模式.单例.Test"/>
  <testcase name="service" time="0.014" classname="com.example.java设计模式.单例.Test"/>
  <testcase name="service" time="0.001" classname="com.example.java设计模式.单例.Test"/>
  <testcase name="service" time="4.989" classname="com.example.java设计模式.单例.Test"/>
  <testcase name="service" time="0.000" classname="com.example.java设计模式.单例.Test"/>
  <testcase name="service" time="0.693" classname="com.example.java设计模式.单例.Test"/>
  <testcase name="service" time="0.001" classname="com.example.java设计模式.单例.Test"/>
  <testcase name="service" time="0.001" classname="com.example.java设计模式.单例.Test"/>
  <testcase name="service" time="0.317" classname="com.example.java设计模式.单例.Test"/>
  <testcase name="service" time="0.032" classname="com.example.java设计模式.单例.Test"/>
  <testcase name="service" time="0.708" classname="com.example.java设计模式.单例.Test"/>
  <testcase name="service" time="0.217" classname="com.example.java设计模式.单例.Test"/>
  <testcase name="service" time="1.591" classname="com.example.java设计模式.单例.Test"/>
  <testcase name="service" time="8.048" classname="com.example.java设计模式.单例.Test"/>
  <testcase name="service" time="0.000" classname="com.example.java设计模式.单例.Test"/>
  <testcase name="service" time="64.946" classname="com.example.java设计模式.单例.Test"/>
  <testcase name="service" time="0.000" classname="com.example.java设计模式.单例.Test"/>
  <testcase name="service" time="1.240" classname="com.example.java设计模式.单例.Test"/>
  <testcase name="service" time="0.001" classname="com.example.java设计模式.单例.Test"/>
  <testcase name="service" time="0.007" classname="com.example.java设计模式.单例.Test"/>
  <testcase name="service" time="8.064" classname="com.example.java设计模式.单例.Test"/>
  <testcase name="service" time="0.866" classname="com.example.java设计模式.单例.Test"/>
  <testcase name="service" time="1.138" classname="com.example.java设计模式.单例.Test"/>
  <testcase name="service" time="0.446" classname="com.example.java设计模式.单例.Test"/>
  <testcase name="service" time="7.886" classname="com.example.java设计模式.单例.Test"/>
  <testcase name="service" time="0.001" classname="com.example.java设计模式.单例.Test"/>
  <testcase name="service" time="0.000" classname="com.example.java设计模式.单例.Test"/>
  <testcase name="service" time="0.256" classname="com.example.java设计模式.单例.Test"/>
  <testcase name="service" time="0.001" classname="com.example.java设计模式.单例.Test"/>
  <testcase name="service" time="0.000" classname="com.example.java设计模式.单例.Test"/>
  <testcase name="service" time="0.257" classname="com.example.java设计模式.单例.Test"/>
  <testcase name="service" time="0.000" classname="com.example.java设计模式.单例.Test"/>
  <testcase name="service" time="0.000" classname="com.example.java设计模式.单例.Test"/>
  <testcase name="service" time="0.000" classname="com.example.java设计模式.单例.Test"/>
  <testcase name="service" time="0.942" classname="com.example.java设计模式.单例.Test"/>
  <testcase name="service" time="0.000" classname="com.example.java设计模式.单例.Test"/>
  <testcase name="service" time="6.321" classname="com.example.java设计模式.单例.Test"/>
  <testcase name="service" time="0.740" classname="com.example.java设计模式.单例.Test"/>
  <testcase name="service" time="0.000" classname="com.example.java设计模式.单例.Test"/>
  <testcase name="service" time="0.000" classname="com.example.java设计模式.单例.Test"/>
  <testcase name="service" time="0.341" classname="com.example.java设计模式.单例.Test"/>
  <testcase name="service" time="1.193" classname="com.example.java设计模式.单例.Test"/>
  <testcase name="service" time="1.333" classname="com.example.java设计模式.单例.Test"/>
  <testcase name="service" time="64.975" classname="com.example.java设计模式.单例.Test"/>
  <testcase name="service" time="1.082" classname="com.example.java设计模式.单例.Test"/>
  <testcase name="service" time="0.086" classname="com.example.java设计模式.单例.Test"/>
  <testcase name="service" time="0.001" classname="com.example.java设计模式.单例.Test"/>
  <testcase name="service" time="0.300" classname="com.example.java设计模式.单例.Test"/>
  <testcase name="service" time="0.000" classname="com.example.java设计模式.单例.Test"/>
  <testcase name="service" time="0.608" classname="com.example.java设计模式.单例.Test"/>
  <testcase name="service" time="0.000" classname="com.example.java设计模式.单例.Test"/>
  <testcase name="service" time="0.355" classname="com.example.java设计模式.单例.Test"/>
  <testcase name="service" time="0.001" classname="com.example.java设计模式.单例.Test"/>
  <testcase name="service" time="0.001" classname="com.example.java设计模式.单例.Test"/>
  <testcase name="service" time="0.000" classname="com.example.java设计模式.单例.Test"/>
  <testcase name="service" time="0.000" classname="com.example.java设计模式.单例.Test"/>
  <testcase name="service" time="0.000" classname="com.example.java设计模式.单例.Test"/>
  <testcase name="service" time="0.426" classname="com.example.java设计模式.单例.Test"/>
  <testcase name="service" time="1.053" classname="com.example.java设计模式.单例.Test"/>
  <testcase name="service" time="65.057" classname="com.example.java设计模式.单例.Test"/>
  <testcase name="service" time="0.000" classname="com.example.java设计模式.单例.Test"/>
  <testcase name="service" time="0.001" classname="com.example.java设计模式.单例.Test"/>
  <testcase name="service" time="1.410" classname="com.example.java设计模式.单例.Test"/>
  <testcase name="service" time="0.000" classname="com.example.java设计模式.单例.Test"/>
  <testcase name="service" time="0.010" classname="com.example.java设计模式.单例.Test"/>
  <testcase name="service" time="0.001" classname="com.example.java设计模式.单例.Test"/>
  <testcase name="service" time="0.327" classname="com.example.java设计模式.单例.Test"/>
  <testcase name="service" time="0.000" classname="com.example.java设计模式.单例.Test"/>
  <testcase name="service" time="0.001" classname="com.example.java设计模式.单例.Test"/>
  <testcase name="service" time="0.001" classname="com.example.java设计模式.单例.Test"/>
  <testcase name="service" time="0.000" classname="com.example.java设计模式.单例.Test"/>
  <testcase name="service" time="0.001" classname="com.example.java设计模式.单例.Test"/>
  <testcase name="service" time="1.285" classname="com.example.java设计模式.单例.Test"/>
  <testcase name="service" time="0.000" classname="com.example.java设计模式.单例.Test"/>
  <testcase name="service" time="0.001" classname="com.example.java设计模式.单例.Test"/>
  <testcase name="service" time="0.000" classname="com.example.java设计模式.单例.Test"/>
  <testcase name="service" time="0.000" classname="com.example.java设计模式.单例.Test"/>
  <testcase name="service" time="0.000" classname="com.example.java设计模式.单例.Test"/>
  <testcase name="service" time="0.410" classname="com.example.java设计模式.单例.Test"/>
  <testcase name="service" time="0.155" classname="com.example.java设计模式.单例.Test"/>
  <testcase name="service" time="0.213" classname="com.example.java设计模式.单例.Test"/>
  <testcase name="service" time="0.000" classname="com.example.java设计模式.单例.Test"/>
  <testcase name="service" time="0.016" classname="com.example.java设计模式.单例.Test"/>
  <testcase name="service" time="0.000" classname="com.example.java设计模式.单例.Test"/>
  <testcase name="service" time="0.000" classname="com.example.java设计模式.单例.Test"/>
  <testcase name="service" time="0.416" classname="com.example.java设计模式.单例.Test"/>
  <testcase name="service" time="0.000" classname="com.example.java设计模式.单例.Test"/>
  <testcase name="service" time="0.187" classname="com.example.java设计模式.单例.Test"/>
  <testcase name="service" time="0.293" classname="com.example.java设计模式.单例.Test"/>
  <testcase name="service" time="0.110" classname="com.example.java设计模式.单例.Test"/>
  <testcase name="service" time="0.000" classname="com.example.java设计模式.单例.Test"/>
  <testcase name="service" time="0.000" classname="com.example.java设计模式.单例.Test"/>
  <testcase name="service" time="0.000" classname="com.example.java设计模式.单例.Test"/>
  <testcase name="service" time="0.000" classname="com.example.java设计模式.单例.Test"/>
  <testcase name="service" time="0.000" classname="com.example.java设计模式.单例.Test"/>
  <testcase name="service" time="0.000" classname="com.example.java设计模式.单例.Test"/>
  <testcase name="service" time="0.122" classname="com.example.java设计模式.单例.Test"/>
  <testcase name="service" time="0.216" classname="com.example.java设计模式.单例.Test"/>
  <testcase name="service" time="0.000" classname="com.example.java设计模式.单例.Test"/>
  <testcase name="service" time="0.449" classname="com.example.java设计模式.单例.Test"/>
  <testcase name="service" time="0.000" classname="com.example.java设计模式.单例.Test"/>
  <testcase name="service" time="0.001" classname="com.example.java设计模式.单例.Test"/>
  <testcase name="service" time="0.001" classname="com.example.java设计模式.单例.Test"/>
  <testcase name="service" time="0.452" classname="com.example.java设计模式.单例.Test"/>
  <testcase name="service" time="0.000" classname="com.example.java设计模式.单例.Test"/>
  <testcase name="service" time="65.054" classname="com.example.java设计模式.单例.Test"/>
  <testcase name="service" time="0.000" classname="com.example.java设计模式.单例.Test"/>
  <testcase name="service" time="0.099" classname="com.example.java设计模式.单例.Test"/>
  <testcase name="service" time="0.188" classname="com.example.java设计模式.单例.Test"/>
  <testcase name="service" time="0.000" classname="com.example.java设计模式.单例.Test"/>
  <testcase name="service" time="6.362" classname="com.example.java设计模式.单例.Test"/>
  <testcase name="service" time="6.686" classname="com.example.java设计模式.单例.Test"/>
  <testcase name="service" time="0.306" classname="com.example.java设计模式.单例.Test"/>
  <testcase name="service" time="0.000" classname="com.example.java设计模式.单例.Test"/>
  <testcase name="service" time="0.000" classname="com.example.java设计模式.单例.Test"/>
  <testcase name="service" time="0.026" classname="com.example.java设计模式.单例.Test"/>
  <testcase name="service" time="7.478" classname="com.example.java设计模式.单例.Test"/>
  <testcase name="service" time="0.000" classname="com.example.java设计模式.单例.Test"/>
  <testcase name="service" time="0.000" classname="com.example.java设计模式.单例.Test"/>
  <testcase name="service" time="0.439" classname="com.example.java设计模式.单例.Test"/>
  <testcase name="service" time="0.000" classname="com.example.java设计模式.单例.Test"/>
  <testcase name="service" time="0.003" classname="com.example.java设计模式.单例.Test"/>
  <testcase name="service" time="0.331" classname="com.example.java设计模式.单例.Test"/>
  <testcase name="service" time="64.960" classname="com.example.java设计模式.单例.Test"/>
  <testcase name="service" time="0.000" classname="com.example.java设计模式.单例.Test"/>
  <testcase name="service" time="0.000" classname="com.example.java设计模式.单例.Test"/>
  <testcase name="service" time="0.000" classname="com.example.java设计模式.单例.Test"/>
  <testcase name="service" time="0.000" classname="com.example.java设计模式.单例.Test"/>
  <testcase name="service" time="0.001" classname="com.example.java设计模式.单例.Test"/>
  <testcase name="service" time="64.932" classname="com.example.java设计模式.单例.Test"/>
  <testcase name="service" time="0.000" classname="com.example.java设计模式.单例.Test"/>
  <testcase name="service" time="0.066" classname="com.example.java设计模式.单例.Test"/>
  <testcase name="service" time="0.000" classname="com.example.java设计模式.单例.Test"/>
  <testcase name="service" time="0.000" classname="com.example.java设计模式.单例.Test"/>
  <testcase name="service" time="0.000" classname="com.example.java设计模式.单例.Test"/>
  <testcase name="service" time="0.001" classname="com.example.java设计模式.单例.Test"/>
  <testcase name="service" time="0.881" classname="com.example.java设计模式.单例.Test"/>
  <testcase name="service" time="0.254" classname="com.example.java设计模式.单例.Test"/>
  <testcase name="service" time="0.830" classname="com.example.java设计模式.单例.Test"/>
  <testcase name="service" time="0.000" classname="com.example.java设计模式.单例.Test"/>
  <testcase name="service" time="64.604" classname="com.example.java设计模式.单例.Test"/>
  <testcase name="service" time="0.555" classname="com.example.java设计模式.单例.Test"/>
  <testcase name="service" time="0.027" classname="com.example.java设计模式.单例.Test"/>
  <testcase name="service" time="0.000" classname="com.example.java设计模式.单例.Test"/>
  <testcase name="service" time="0.000" classname="com.example.java设计模式.单例.Test"/>
  <testcase name="service" time="0.000" classname="com.example.java设计模式.单例.Test"/>
  <testcase name="service" time="7.790" classname="com.example.java设计模式.单例.Test"/>
  <testcase name="service" time="0.684" classname="com.example.java设计模式.单例.Test"/>
  <testcase name="service" time="0.000" classname="com.example.java设计模式.单例.Test"/>
  <testcase name="service" time="0.852" classname="com.example.java设计模式.单例.Test"/>
  <testcase name="service" time="5.643" classname="com.example.java设计模式.单例.Test"/>
  <testcase name="service" time="1.030" classname="com.example.java设计模式.单例.Test"/>
  <testcase name="service" time="0.000" classname="com.example.java设计模式.单例.Test"/>
  <testcase name="service" time="0.000" classname="com.example.java设计模式.单例.Test"/>
  <testcase name="service" time="0.376" classname="com.example.java设计模式.单例.Test"/>
  <testcase name="service" time="0.818" classname="com.example.java设计模式.单例.Test"/>
  <testcase name="service" time="0.000" classname="com.example.java设计模式.单例.Test"/>
  <testcase name="service" time="0.001" classname="com.example.java设计模式.单例.Test"/>
  <testcase name="service" time="0.001" classname="com.example.java设计模式.单例.Test"/>
  <testcase name="service" time="0.001" classname="com.example.java设计模式.单例.Test"/>
  <testcase name="service" time="0.000" classname="com.example.java设计模式.单例.Test"/>
  <testcase name="service" time="0.096" classname="com.example.java设计模式.单例.Test"/>
  <testcase name="service" time="0.001" classname="com.example.java设计模式.单例.Test"/>
  <testcase name="service" time="0.000" classname="com.example.java设计模式.单例.Test"/>
  <testcase name="service" time="0.082" classname="com.example.java设计模式.单例.Test"/>
  <testcase name="service" time="0.020" classname="com.example.java设计模式.单例.Test"/>
  <testcase name="service" time="0.001" classname="com.example.java设计模式.单例.Test"/>
  <testcase name="service" time="0.000" classname="com.example.java设计模式.单例.Test"/>
  <testcase name="service" time="0.234" classname="com.example.java设计模式.单例.Test"/>
  <testcase name="service" time="0.000" classname="com.example.java设计模式.单例.Test"/>
  <testcase name="service" time="0.669" classname="com.example.java设计模式.单例.Test"/>
  <testcase name="service" time="0.687" classname="com.example.java设计模式.单例.Test"/>
  <testcase name="service" time="0.000" classname="com.example.java设计模式.单例.Test"/>
  <testcase name="service" time="0.000" classname="com.example.java设计模式.单例.Test"/>
  <testcase name="service" time="0.732" classname="com.example.java设计模式.单例.Test"/>
  <testcase name="service" time="0.000" classname="com.example.java设计模式.单例.Test"/>
  <testcase name="service" time="0.000" classname="com.example.java设计模式.单例.Test"/>
  <testcase name="service" time="64.807" classname="com.example.java设计模式.单例.Test"/>
  <testcase name="service" time="8.153" classname="com.example.java设计模式.单例.Test"/>
  <testcase name="service" time="0.198" classname="com.example.java设计模式.单例.Test"/>
  <testcase name="service" time="0.041" classname="com.example.java设计模式.单例.Test"/>
  <testcase name="service" time="0.000" classname="com.example.java设计模式.单例.Test"/>
  <testcase name="service" time="0.080" classname="com.example.java设计模式.单例.Test"/>
  <testcase name="service" time="1.798" classname="com.example.java设计模式.单例.Test"/>
  <testcase name="service" time="0.598" classname="com.example.java设计模式.单例.Test"/>
  <testcase name="service" time="0.864" classname="com.example.java设计模式.单例.Test"/>
  <testcase name="service" time="0.674" classname="com.example.java设计模式.单例.Test"/>
  <testcase name="service" time="64.548" classname="com.example.java设计模式.单例.Test"/>
  <testcase name="service" time="0.000" classname="com.example.java设计模式.单例.Test"/>
  <testcase name="service" time="0.198" classname="com.example.java设计模式.单例.Test"/>
  <testcase name="service" time="1.023" classname="com.example.java设计模式.单例.Test"/>
  <testcase name="service" time="0.000" classname="com.example.java设计模式.单例.Test"/>
  <testcase name="service" time="0.035" classname="com.example.java设计模式.单例.Test"/>
  <testcase name="service" time="0.065" classname="com.example.java设计模式.单例.Test"/>
  <testcase name="service" time="0.000" classname="com.example.java设计模式.单例.Test"/>
  <testcase name="service" time="64.740" classname="com.example.java设计模式.单例.Test"/>
  <testcase name="service" time="0.001" classname="com.example.java设计模式.单例.Test"/>
  <testcase name="service" time="0.162" classname="com.example.java设计模式.单例.Test"/>
  <testcase name="service" time="7.938" classname="com.example.java设计模式.单例.Test"/>
  <testcase name="service" time="0.000" classname="com.example.java设计模式.单例.Test"/>
  <testcase name="service" time="0.000" classname="com.example.java设计模式.单例.Test"/>
  <testcase name="service" time="0.236" classname="com.example.java设计模式.单例.Test"/>
  <testcase name="service" time="0.000" classname="com.example.java设计模式.单例.Test"/>
  <testcase name="service" time="64.983" classname="com.example.java设计模式.单例.Test"/>
  <testcase name="service" time="0.000" classname="com.example.java设计模式.单例.Test"/>
  <testcase name="service" time="0.218" classname="com.example.java设计模式.单例.Test"/>
  <testcase name="service" time="64.951" classname="com.example.java设计模式.单例.Test"/>
  <testcase name="service" time="0.000" classname="com.example.java设计模式.单例.Test"/>
  <testcase name="service" time="7.855" classname="com.example.java设计模式.单例.Test"/>
  <testcase name="service" time="0.000" classname="com.example.java设计模式.单例.Test"/>
  <testcase name="service" time="0.000" classname="com.example.java设计模式.单例.Test"/>
  <testcase name="service" time="0.844" classname="com.example.java设计模式.单例.Test"/>
  <testcase name="service" time="0.001" classname="com.example.java设计模式.单例.Test"/>
  <testcase name="service" time="0.000" classname="com.example.java设计模式.单例.Test"/>
  <testcase name="service" time="0.001" classname="com.example.java设计模式.单例.Test"/>
  <testcase name="service" time="0.000" classname="com.example.java设计模式.单例.Test"/>
  <testcase name="service" time="0.000" classname="com.example.java设计模式.单例.Test"/>
  <testcase name="service" time="1.471" classname="com.example.java设计模式.单例.Test"/>
  <testcase name="service" time="0.835" classname="com.example.java设计模式.单例.Test"/>
  <testcase name="service" time="0.001" classname="com.example.java设计模式.单例.Test"/>
  <testcase name="service" time="0.000" classname="com.example.java设计模式.单例.Test"/>
  <testcase name="service" time="7.861" classname="com.example.java设计模式.单例.Test"/>
  <testcase name="service" time="0.000" classname="com.example.java设计模式.单例.Test"/>
  <testcase name="service" time="0.000" classname="com.example.java设计模式.单例.Test"/>
  <testcase name="service" time="0.436" classname="com.example.java设计模式.单例.Test"/>
  <testcase name="service" time="0.248" classname="com.example.java设计模式.单例.Test"/>
  <testcase name="service" time="0.858" classname="com.example.java设计模式.单例.Test"/>
  <testcase name="service" time="1.238" classname="com.example.java设计模式.单例.Test"/>
  <testcase name="service" time="0.000" classname="com.example.java设计模式.单例.Test"/>
  <testcase name="service" time="0.000" classname="com.example.java设计模式.单例.Test"/>
  <testcase name="service" time="0.442" classname="com.example.java设计模式.单例.Test"/>
  <testcase name="service" time="0.220" classname="com.example.java设计模式.单例.Test"/>
  <testcase name="service" time="0.104" classname="com.example.java设计模式.单例.Test"/>
  <testcase name="service" time="0.301" classname="com.example.java设计模式.单例.Test"/>
  <testcase name="service" time="0.000" classname="com.example.java设计模式.单例.Test"/>
  <testcase name="service" time="7.763" classname="com.example.java设计模式.单例.Test"/>
  <testcase name="service" time="1.216" classname="com.example.java设计模式.单例.Test"/>
  <testcase name="service" time="0.000" classname="com.example.java设计模式.单例.Test"/>
  <testcase name="service" time="0.049" classname="com.example.java设计模式.单例.Test"/>
  <testcase name="service" time="0.787" classname="com.example.java设计模式.单例.Test"/>
  <testcase name="service" time="0.001" classname="com.example.java设计模式.单例.Test"/>
  <testcase name="service" time="0.000" classname="com.example.java设计模式.单例.Test"/>
  <testcase name="service" time="0.000" classname="com.example.java设计模式.单例.Test"/>
  <testcase name="service" time="0.002" classname="com.example.java设计模式.单例.Test"/>
  <testcase name="service" time="0.001" classname="com.example.java设计模式.单例.Test"/>
  <testcase name="service" time="6.897" classname="com.example.java设计模式.单例.Test"/>
  <testcase name="service" time="0.000" classname="com.example.java设计模式.单例.Test"/>
  <testcase name="service" time="0.765" classname="com.example.java设计模式.单例.Test"/>
  <testcase name="service" time="6.266" classname="com.example.java设计模式.单例.Test"/>
  <testcase name="service" time="0.001" classname="com.example.java设计模式.单例.Test"/>
  <testcase name="service" time="0.121" classname="com.example.java设计模式.单例.Test"/>
  <testcase name="service" time="0.000" classname="com.example.java设计模式.单例.Test"/>
  <testcase name="service" time="0.000" classname="com.example.java设计模式.单例.Test"/>
  <testcase name="service" time="0.037" classname="com.example.java设计模式.单例.Test"/>
  <testcase name="service" time="1.113" classname="com.example.java设计模式.单例.Test"/>
  <testcase name="service" time="0.253" classname="com.example.java设计模式.单例.Test"/>
  <testcase name="service" time="0.097" classname="com.example.java设计模式.单例.Test"/>
  <testcase name="service" time="0.001" classname="com.example.java设计模式.单例.Test"/>
  <testcase name="service" time="0.000" classname="com.example.java设计模式.单例.Test"/>
  <testcase name="service" time="0.001" classname="com.example.java设计模式.单例.Test"/>
  <testcase name="service" time="0.000" classname="com.example.java设计模式.单例.Test"/>
  <testcase name="service" time="0.309" classname="com.example.java设计模式.单例.Test"/>
  <testcase name="service" time="0.000" classname="com.example.java设计模式.单例.Test"/>
  <testcase name="service" time="0.000" classname="com.example.java设计模式.单例.Test"/>
  <testcase name="service" time="0.854" classname="com.example.java设计模式.单例.Test"/>
  <testcase name="service" time="64.351" classname="com.example.java设计模式.单例.Test"/>
  <testcase name="service" time="0.000" classname="com.example.java设计模式.单例.Test"/>
  <testcase name="service" time="0.001" classname="com.example.java设计模式.单例.Test"/>
  <testcase name="service" time="0.751" classname="com.example.java设计模式.单例.Test"/>
  <testcase name="service" time="0.000" classname="com.example.java设计模式.单例.Test"/>
  <testcase name="service" time="6.344" classname="com.example.java设计模式.单例.Test"/>
  <testcase name="service" time="0.001" classname="com.example.java设计模式.单例.Test"/>
  <testcase name="service" time="0.694" classname="com.example.java设计模式.单例.Test"/>
  <testcase name="service" time="0.000" classname="com.example.java设计模式.单例.Test"/>
  <testcase name="service" time="0.101" classname="com.example.java设计模式.单例.Test"/>
  <testcase name="service" time="7.882" classname="com.example.java设计模式.单例.Test"/>
  <testcase name="service" time="0.000" classname="com.example.java设计模式.单例.Test"/>
  <testcase name="service" time="0.271" classname="com.example.java设计模式.单例.Test"/>
  <testcase name="service" time="0.000" classname="com.example.java设计模式.单例.Test"/>
  <testcase name="service" time="1.114" classname="com.example.java设计模式.单例.Test"/>
  <testcase name="service" time="0.000" classname="com.example.java设计模式.单例.Test"/>
  <testcase name="service" time="0.521" classname="com.example.java设计模式.单例.Test"/>
  <testcase name="service" time="0.785" classname="com.example.java设计模式.单例.Test"/>
  <testcase name="service" time="0.000" classname="com.example.java设计模式.单例.Test"/>
  <testcase name="service" time="0.000" classname="com.example.java设计模式.单例.Test"/>
  <testcase name="service" time="0.848" classname="com.example.java设计模式.单例.Test"/>
  <testcase name="service" time="0.000" classname="com.example.java设计模式.单例.Test"/>
  <testcase name="service" time="0.387" classname="com.example.java设计模式.单例.Test"/>
  <testcase name="service" time="0.000" classname="com.example.java设计模式.单例.Test"/>
  <testcase name="service" time="1.142" classname="com.example.java设计模式.单例.Test"/>
  <testcase name="service" time="6.137" classname="com.example.java设计模式.单例.Test"/>
  <testcase name="service" time="0.231" classname="com.example.java设计模式.单例.Test"/>
  <testcase name="service" time="0.236" classname="com.example.java设计模式.单例.Test"/>
  <testcase name="service" time="0.000" classname="com.example.java设计模式.单例.Test"/>
  <testcase name="service" time="0.099" classname="com.example.java设计模式.单例.Test"/>
  <testcase name="service" time="0.731" classname="com.example.java设计模式.单例.Test"/>
  <testcase name="service" time="0.893" classname="com.example.java设计模式.单例.Test"/>
  <testcase name="service" time="1.562" classname="com.example.java设计模式.单例.Test"/>
  <testcase name="service" time="0.000" classname="com.example.java设计模式.单例.Test"/>
  <testcase name="service" time="0.000" classname="com.example.java设计模式.单例.Test"/>
  <testcase name="service" time="8.113" classname="com.example.java设计模式.单例.Test"/>
  <testcase name="service" time="0.337" classname="com.example.java设计模式.单例.Test"/>
  <testcase name="service" time="1.371" classname="com.example.java设计模式.单例.Test"/>
  <testcase name="service" time="0.000" classname="com.example.java设计模式.单例.Test"/>
  <testcase name="service" time="0.000" classname="com.example.java设计模式.单例.Test"/>
  <testcase name="service" time="0.000" classname="com.example.java设计模式.单例.Test"/>
  <testcase name="service" time="0.073" classname="com.example.java设计模式.单例.Test"/>
  <testcase name="service" time="0.000" classname="com.example.java设计模式.单例.Test"/>
  <testcase name="service" time="0.077" classname="com.example.java设计模式.单例.Test"/>
  <testcase name="service" time="0.000" classname="com.example.java设计模式.单例.Test"/>
  <testcase name="service" time="0.001" classname="com.example.java设计模式.单例.Test"/>
  <testcase name="service" time="0.000" classname="com.example.java设计模式.单例.Test"/>
  <testcase name="service" time="0.958" classname="com.example.java设计模式.单例.Test"/>
  <testcase name="service" time="0.000" classname="com.example.java设计模式.单例.Test"/>
  <testcase name="service" time="5.140" classname="com.example.java设计模式.单例.Test"/>
  <testcase name="service" time="0.000" classname="com.example.java设计模式.单例.Test"/>
  <testcase name="service" time="0.384" classname="com.example.java设计模式.单例.Test"/>
  <testcase name="service" time="0.000" classname="com.example.java设计模式.单例.Test"/>
  <testcase name="service" time="0.000" classname="com.example.java设计模式.单例.Test"/>
  <testcase name="service" time="0.000" classname="com.example.java设计模式.单例.Test"/>
  <testcase name="service" time="0.797" classname="com.example.java设计模式.单例.Test"/>
  <testcase name="service" time="0.001" classname="com.example.java设计模式.单例.Test"/>
  <testcase name="service" time="0.801" classname="com.example.java设计模式.单例.Test"/>
  <testcase name="service" time="0.659" classname="com.example.java设计模式.单例.Test"/>
  <testcase name="service" time="0.001" classname="com.example.java设计模式.单例.Test"/>
  <testcase name="service" time="0.000" classname="com.example.java设计模式.单例.Test"/>
  <testcase name="service" time="0.000" classname="com.example.java设计模式.单例.Test"/>
  <testcase name="service" time="0.000" classname="com.example.java设计模式.单例.Test"/>
  <testcase name="service" time="0.315" classname="com.example.java设计模式.单例.Test"/>
  <testcase name="service" time="0.652" classname="com.example.java设计模式.单例.Test"/>
  <testcase name="service" time="0.000" classname="com.example.java设计模式.单例.Test"/>
  <testcase name="service" time="0.000" classname="com.example.java设计模式.单例.Test"/>
  <testcase name="service" time="0.362" classname="com.example.java设计模式.单例.Test"/>
  <testcase name="service" time="0.000" classname="com.example.java设计模式.单例.Test"/>
  <testcase name="service" time="0.000" classname="com.example.java设计模式.单例.Test"/>
  <testcase name="service" time="0.001" classname="com.example.java设计模式.单例.Test"/>
  <testcase name="service" time="0.994" classname="com.example.java设计模式.单例.Test"/>
  <testcase name="service" time="0.357" classname="com.example.java设计模式.单例.Test"/>
  <testcase name="service" time="0.001" classname="com.example.java设计模式.单例.Test"/>
  <testcase name="service" time="0.000" classname="com.example.java设计模式.单例.Test"/>
  <testcase name="service" time="1.200" classname="com.example.java设计模式.单例.Test"/>
  <testcase name="service" time="0.000" classname="com.example.java设计模式.单例.Test"/>
  <testcase name="service" time="0.000" classname="com.example.java设计模式.单例.Test"/>
  <testcase name="service" time="0.001" classname="com.example.java设计模式.单例.Test"/>
  <testcase name="service" time="0.000" classname="com.example.java设计模式.单例.Test"/>
  <testcase name="service" time="0.480" classname="com.example.java设计模式.单例.Test"/>
  <testcase name="service" time="0.003" classname="com.example.java设计模式.单例.Test"/>
  <testcase name="service" time="0.729" classname="com.example.java设计模式.单例.Test"/>
  <testcase name="service" time="0.337" classname="com.example.java设计模式.单例.Test"/>
  <testcase name="service" time="0.000" classname="com.example.java设计模式.单例.Test"/>
  <testcase name="service" time="0.000" classname="com.example.java设计模式.单例.Test"/>
  <testcase name="service" time="0.000" classname="com.example.java设计模式.单例.Test"/>
  <testcase name="service" time="0.810" classname="com.example.java设计模式.单例.Test"/>
  <testcase name="service" time="0.001" classname="com.example.java设计模式.单例.Test"/>
  <testcase name="service" time="0.238" classname="com.example.java设计模式.单例.Test"/>
  <testcase name="service" time="0.002" classname="com.example.java设计模式.单例.Test"/>
  <testcase name="service" time="0.026" classname="com.example.java设计模式.单例.Test"/>
  <testcase name="service" time="0.001" classname="com.example.java设计模式.单例.Test"/>
  <testcase name="service" time="0.000" classname="com.example.java设计模式.单例.Test"/>
  <testcase name="service" time="0.213" classname="com.example.java设计模式.单例.Test"/>
  <testcase name="service" time="0.000" classname="com.example.java设计模式.单例.Test"/>
  <testcase name="service" time="0.135" classname="com.example.java设计模式.单例.Test"/>
  <testcase name="service" time="0.000" classname="com.example.java设计模式.单例.Test"/>
  <testcase name="service" time="65.033" classname="com.example.java设计模式.单例.Test"/>
  <testcase name="service" time="0.001" classname="com.example.java设计模式.单例.Test"/>
  <testcase name="service" time="6.401" classname="com.example.java设计模式.单例.Test"/>
  <testcase name="service" time="0.000" classname="com.example.java设计模式.单例.Test"/>
  <testcase name="service" time="0.931" classname="com.example.java设计模式.单例.Test"/>
  <testcase name="service" time="0.001" classname="com.example.java设计模式.单例.Test"/>
  <testcase name="service" time="0.527" classname="com.example.java设计模式.单例.Test"/>
  <testcase name="service" time="0.000" classname="com.example.java设计模式.单例.Test"/>
  <testcase name="service" time="0.781" classname="com.example.java设计模式.单例.Test"/>
  <testcase name="service" time="64.631" classname="com.example.java设计模式.单例.Test"/>
  <testcase name="service" time="0.000" classname="com.example.java设计模式.单例.Test"/>
  <testcase name="service" time="0.389" classname="com.example.java设计模式.单例.Test"/>
  <testcase name="service" time="0.041" classname="com.example.java设计模式.单例.Test"/>
  <testcase name="service" time="0.000" classname="com.example.java设计模式.单例.Test"/>
  <testcase name="service" time="0.001" classname="com.example.java设计模式.单例.Test"/>
  <testcase name="service" time="0.001" classname="com.example.java设计模式.单例.Test"/>
  <testcase name="service" time="0.000" classname="com.example.java设计模式.单例.Test"/>
  <testcase name="service" time="8.044" classname="com.example.java设计模式.单例.Test"/>
  <testcase name="service" time="0.726" classname="com.example.java设计模式.单例.Test"/>
  <testcase name="service" time="0.000" classname="com.example.java设计模式.单例.Test"/>
  <testcase name="service" time="0.001" classname="com.example.java设计模式.单例.Test"/>
  <testcase name="service" time="0.147" classname="com.example.java设计模式.单例.Test"/>
  <testcase name="service" time="1.511" classname="com.example.java设计模式.单例.Test"/>
  <testcase name="service" time="0.174" classname="com.example.java设计模式.单例.Test"/>
  <testcase name="service" time="1.246" classname="com.example.java设计模式.单例.Test"/>
  <testcase name="service" time="0.000" classname="com.example.java设计模式.单例.Test"/>
  <testcase name="service" time="0.001" classname="com.example.java设计模式.单例.Test"/>
  <testcase name="service" time="0.001" classname="com.example.java设计模式.单例.Test"/>
  <testcase name="service" time="0.001" classname="com.example.java设计模式.单例.Test"/>
  <testcase name="service" time="0.000" classname="com.example.java设计模式.单例.Test"/>
  <testcase name="service" time="0.217" classname="com.example.java设计模式.单例.Test"/>
  <testcase name="service" time="0.000" classname="com.example.java设计模式.单例.Test"/>
  <testcase name="service" time="0.000" classname="com.example.java设计模式.单例.Test"/>
  <testcase name="service" time="0.000" classname="com.example.java设计模式.单例.Test"/>
  <testcase name="service" time="0.824" classname="com.example.java设计模式.单例.Test"/>
  <testcase name="service" time="0.190" classname="com.example.java设计模式.单例.Test"/>
  <testcase name="service" time="0.496" classname="com.example.java设计模式.单例.Test"/>
  <testcase name="service" time="0.000" classname="com.example.java设计模式.单例.Test"/>
  <testcase name="service" time="6.586" classname="com.example.java设计模式.单例.Test"/>
  <testcase name="service" time="0.372" classname="com.example.java设计模式.单例.Test"/>
  <testcase name="service" time="0.173" classname="com.example.java设计模式.单例.Test"/>
  <testcase name="service" time="0.124" classname="com.example.java设计模式.单例.Test"/>
  <testcase name="service" time="1.238" classname="com.example.java设计模式.单例.Test"/>
  <testcase name="service" time="64.994" classname="com.example.java设计模式.单例.Test"/>
  <testcase name="service" time="0.052" classname="com.example.java设计模式.单例.Test"/>
  <testcase name="service" time="0.001" classname="com.example.java设计模式.单例.Test"/>
  <testcase name="service" time="0.571" classname="com.example.java设计模式.单例.Test"/>
  <testcase name="service" time="0.770" classname="com.example.java设计模式.单例.Test"/>
  <testcase name="service" time="0.333" classname="com.example.java设计模式.单例.Test"/>
  <testcase name="service" time="0.076" classname="com.example.java设计模式.单例.Test"/>
  <testcase name="service" time="0.000" classname="com.example.java设计模式.单例.Test"/>
  <testcase name="service" time="1.519" classname="com.example.java设计模式.单例.Test"/>
  <testcase name="service" time="0.055" classname="com.example.java设计模式.单例.Test"/>
  <testcase name="service" time="0.000" classname="com.example.java设计模式.单例.Test"/>
  <testcase name="service" time="0.073" classname="com.example.java设计模式.单例.Test"/>
  <testcase name="service" time="0.000" classname="com.example.java设计模式.单例.Test"/>
  <testcase name="service" time="0.000" classname="com.example.java设计模式.单例.Test"/>
  <testcase name="service" time="0.133" classname="com.example.java设计模式.单例.Test"/>
  <testcase name="service" time="0.000" classname="com.example.java设计模式.单例.Test"/>
  <testcase name="service" time="0.000" classname="com.example.java设计模式.单例.Test"/>
  <testcase name="service" time="0.552" classname="com.example.java设计模式.单例.Test"/>
  <testcase name="service" time="0.139" classname="com.example.java设计模式.单例.Test"/>
  <testcase name="service" time="0.000" classname="com.example.java设计模式.单例.Test"/>
  <testcase name="service" time="0.001" classname="com.example.java设计模式.单例.Test"/>
  <testcase name="service" time="0.001" classname="com.example.java设计模式.单例.Test"/>
  <testcase name="service" time="0.000" classname="com.example.java设计模式.单例.Test"/>
  <testcase name="service" time="0.741" classname="com.example.java设计模式.单例.Test"/>
  <testcase name="service" time="0.001" classname="com.example.java设计模式.单例.Test"/>
  <testcase name="service" time="0.000" classname="com.example.java设计模式.单例.Test"/>
  <testcase name="service" time="0.027" classname="com.example.java设计模式.单例.Test"/>
  <testcase name="service" time="64.787" classname="com.example.java设计模式.单例.Test"/>
  <testcase name="service" time="0.000" classname="com.example.java设计模式.单例.Test"/>
  <testcase name="service" time="0.001" classname="com.example.java设计模式.单例.Test"/>
  <testcase name="service" time="0.001" classname="com.example.java设计模式.单例.Test"/>
  <testcase name="service" time="0.000" classname="com.example.java设计模式.单例.Test"/>
  <testcase name="service" time="0.157" classname="com.example.java设计模式.单例.Test"/>
  <testcase name="service" time="0.422" classname="com.example.java设计模式.单例.Test"/>
  <testcase name="service" time="0.000" classname="com.example.java设计模式.单例.Test"/>
  <testcase name="service" time="0.897" classname="com.example.java设计模式.单例.Test"/>
  <testcase name="service" time="0.000" classname="com.example.java设计模式.单例.Test"/>
  <testcase name="service" time="0.000" classname="com.example.java设计模式.单例.Test"/>
  <testcase name="service" time="0.029" classname="com.example.java设计模式.单例.Test"/>
  <testcase name="service" time="0.000" classname="com.example.java设计模式.单例.Test"/>
  <testcase name="service" time="0.905" classname="com.example.java设计模式.单例.Test"/>
  <testcase name="service" time="0.000" classname="com.example.java设计模式.单例.Test"/>
  <testcase name="service" time="0.000" classname="com.example.java设计模式.单例.Test"/>
  <testcase name="service" time="0.029" classname="com.example.java设计模式.单例.Test"/>
  <testcase name="service" time="7.897" classname="com.example.java设计模式.单例.Test"/>
  <testcase name="service" time="0.000" classname="com.example.java设计模式.单例.Test"/>
  <testcase name="service" time="0.000" classname="com.example.java设计模式.单例.Test"/>
  <testcase name="service" time="0.195" classname="com.example.java设计模式.单例.Test"/>
  <testcase name="service" time="1.656" classname="com.example.java设计模式.单例.Test"/>
  <testcase name="service" time="0.199" classname="com.example.java设计模式.单例.Test"/>
  <testcase name="service" time="65.055" classname="com.example.java设计模式.单例.Test"/>
  <testcase name="service" time="0.000" classname="com.example.java设计模式.单例.Test"/>
  <testcase name="service" time="0.001" classname="com.example.java设计模式.单例.Test"/>
  <testcase name="service" time="0.514" classname="com.example.java设计模式.单例.Test"/>
  <testcase name="service" time="0.000" classname="com.example.java设计模式.单例.Test"/>
  <testcase name="service" time="0.813" classname="com.example.java设计模式.单例.Test"/>
  <testcase name="service" time="0.000" classname="com.example.java设计模式.单例.Test"/>
  <testcase name="service" time="0.000" classname="com.example.java设计模式.单例.Test"/>
  <testcase name="service" time="0.013" classname="com.example.java设计模式.单例.Test"/>
  <testcase name="service" time="0.000" classname="com.example.java设计模式.单例.Test"/>
  <testcase name="service" time="0.000" classname="com.example.java设计模式.单例.Test"/>
  <testcase name="service" time="0.021" classname="com.example.java设计模式.单例.Test"/>
  <testcase name="service" time="0.001" classname="com.example.java设计模式.单例.Test"/>
  <testcase name="service" time="0.815" classname="com.example.java设计模式.单例.Test"/>
  <testcase name="service" time="6.188" classname="com.example.java设计模式.单例.Test"/>
  <testcase name="service" time="0.035" classname="com.example.java设计模式.单例.Test"/>
  <testcase name="service" time="0.683" classname="com.example.java设计模式.单例.Test"/>
  <testcase name="service" time="0.302" classname="com.example.java设计模式.单例.Test"/>
  <testcase name="service" time="0.335" classname="com.example.java设计模式.单例.Test"/>
  <testcase name="service" time="0.051" classname="com.example.java设计模式.单例.Test"/>
  <testcase name="service" time="0.423" classname="com.example.java设计模式.单例.Test"/>
  <testcase name="service" time="7.800" classname="com.example.java设计模式.单例.Test"/>
  <testcase name="service" time="0.000" classname="com.example.java设计模式.单例.Test"/>
  <testcase name="service" time="0.725" classname="com.example.java设计模式.单例.Test"/>
  <testcase name="service" time="6.644" classname="com.example.java设计模式.单例.Test"/>
  <testcase name="service" time="0.000" classname="com.example.java设计模式.单例.Test"/>
  <testcase name="service" time="0.001" classname="com.example.java设计模式.单例.Test"/>
  <testcase name="service" time="0.000" classname="com.example.java设计模式.单例.Test"/>
  <testcase name="service" time="0.000" classname="com.example.java设计模式.单例.Test"/>
  <testcase name="service" time="0.450" classname="com.example.java设计模式.单例.Test"/>
  <testcase name="service" time="0.000" classname="com.example.java设计模式.单例.Test"/>
  <testcase name="service" time="0.021" classname="com.example.java设计模式.单例.Test"/>
  <testcase name="service" time="0.236" classname="com.example.java设计模式.单例.Test"/>
  <testcase name="service" time="0.000" classname="com.example.java设计模式.单例.Test"/>
  <testcase name="service" time="0.000" classname="com.example.java设计模式.单例.Test"/>
  <testcase name="service" time="0.000" classname="com.example.java设计模式.单例.Test"/>
  <testcase name="service" time="0.212" classname="com.example.java设计模式.单例.Test"/>
  <testcase name="service" time="0.085" classname="com.example.java设计模式.单例.Test"/>
  <testcase name="service" time="0.000" classname="com.example.java设计模式.单例.Test"/>
  <testcase name="service" time="0.000" classname="com.example.java设计模式.单例.Test"/>
  <testcase name="service" time="7.912" classname="com.example.java设计模式.单例.Test"/>
  <testcase name="service" time="0.513" classname="com.example.java设计模式.单例.Test"/>
  <testcase name="service" time="6.329" classname="com.example.java设计模式.单例.Test"/>
  <testcase name="service" time="0.001" classname="com.example.java设计模式.单例.Test"/>
  <testcase name="service" time="0.000" classname="com.example.java设计模式.单例.Test"/>
  <testcase name="service" time="0.225" classname="com.example.java设计模式.单例.Test"/>
  <testcase name="service" time="0.000" classname="com.example.java设计模式.单例.Test"/>
  <testcase name="service" time="0.000" classname="com.example.java设计模式.单例.Test"/>
  <testcase name="service" time="0.000" classname="com.example.java设计模式.单例.Test"/>
  <testcase name="service" time="0.080" classname="com.example.java设计模式.单例.Test"/>
  <testcase name="service" time="0.000" classname="com.example.java设计模式.单例.Test"/>
  <testcase name="service" time="0.978" classname="com.example.java设计模式.单例.Test"/>
  <testcase name="service" time="0.001" classname="com.example.java设计模式.单例.Test"/>
  <testcase name="service" time="0.000" classname="com.example.java设计模式.单例.Test"/>
  <testcase name="service" time="0.442" classname="com.example.java设计模式.单例.Test"/>
  <testcase name="service" time="0.291" classname="com.example.java设计模式.单例.Test"/>
  <testcase name="service" time="7.790" classname="com.example.java设计模式.单例.Test"/>
  <testcase name="service" time="0.000" classname="com.example.java设计模式.单例.Test"/>
  <testcase name="service" time="0.000" classname="com.example.java设计模式.单例.Test"/>
  <testcase name="service" time="0.000" classname="com.example.java设计模式.单例.Test"/>
  <testcase name="service" time="1.019" classname="com.example.java设计模式.单例.Test"/>
  <testcase name="service" time="64.999" classname="com.example.java设计模式.单例.Test"/>
  <testcase name="service" time="0.000" classname="com.example.java设计模式.单例.Test"/>
  <testcase name="service" time="0.025" classname="com.example.java设计模式.单例.Test"/>
  <testcase name="service" time="0.515" classname="com.example.java设计模式.单例.Test"/>
  <testcase name="service" time="0.000" classname="com.example.java设计模式.单例.Test"/>
  <testcase name="service" time="0.162" classname="com.example.java设计模式.单例.Test"/>
  <testcase name="service" time="0.000" classname="com.example.java设计模式.单例.Test"/>
  <testcase name="service" time="0.000" classname="com.example.java设计模式.单例.Test"/>
  <testcase name="service" time="1.004" classname="com.example.java设计模式.单例.Test"/>
  <testcase name="service" time="5.127" classname="com.example.java设计模式.单例.Test"/>
  <testcase name="service" time="0.000" classname="com.example.java设计模式.单例.Test"/>
  <testcase name="service" time="8.301" classname="com.example.java设计模式.单例.Test"/>
  <testcase name="service" time="64.352" classname="com.example.java设计模式.单例.Test"/>
  <testcase name="service" time="0.000" classname="com.example.java设计模式.单例.Test"/>
  <testcase name="service" time="0.000" classname="com.example.java设计模式.单例.Test"/>
  <testcase name="service" time="0.528" classname="com.example.java设计模式.单例.Test"/>
  <testcase name="service" time="0.000" classname="com.example.java设计模式.单例.Test"/>
  <testcase name="service" time="0.000" classname="com.example.java设计模式.单例.Test"/>
  <testcase name="service" time="0.001" classname="com.example.java设计模式.单例.Test"/>
  <testcase name="service" time="0.894" classname="com.example.java设计模式.单例.Test"/>
  <testcase name="service" time="0.001" classname="com.example.java设计模式.单例.Test"/>
  <testcase name="service" time="0.000" classname="com.example.java设计模式.单例.Test"/>
  <testcase name="service" time="0.000" classname="com.example.java设计模式.单例.Test"/>
  <testcase name="service" time="0.000" classname="com.example.java设计模式.单例.Test"/>
  <testcase name="service" time="0.348" classname="com.example.java设计模式.单例.Test"/>
  <testcase name="service" time="0.572" classname="com.example.java设计模式.单例.Test"/>
  <testcase name="service" time="0.046" classname="com.example.java设计模式.单例.Test"/>
  <testcase name="service" time="0.001" classname="com.example.java设计模式.单例.Test"/>
  <testcase name="service" time="0.850" classname="com.example.java设计模式.单例.Test"/>
  <testcase name="service" time="0.000" classname="com.example.java设计模式.单例.Test"/>
  <testcase name="service" time="0.001" classname="com.example.java设计模式.单例.Test"/>
  <testcase name="service" time="0.000" classname="com.example.java设计模式.单例.Test"/>
  <testcase name="service" time="0.000" classname="com.example.java设计模式.单例.Test"/>
  <testcase name="service" time="0.000" classname="com.example.java设计模式.单例.Test"/>
  <testcase name="service" time="0.000" classname="com.example.java设计模式.单例.Test"/>
  <testcase name="service" time="0.000" classname="com.example.java设计模式.单例.Test"/>
  <testcase name="service" time="0.000" classname="com.example.java设计模式.单例.Test"/>
  <testcase name="service" time="0.350" classname="com.example.java设计模式.单例.Test"/>
  <testcase name="service" time="0.000" classname="com.example.java设计模式.单例.Test"/>
  <testcase name="service" time="6.225" classname="com.example.java设计模式.单例.Test"/>
  <testcase name="service" time="0.001" classname="com.example.java设计模式.单例.Test"/>
  <testcase name="service" time="1.060" classname="com.example.java设计模式.单例.Test"/>
  <testcase name="service" time="5.892" classname="com.example.java设计模式.单例.Test"/>
  <testcase name="service" time="0.207" classname="com.example.java设计模式.单例.Test"/>
  <testcase name="service" time="0.000" classname="com.example.java设计模式.单例.Test"/>
  <testcase name="service" time="0.000" classname="com.example.java设计模式.单例.Test"/>
  <testcase name="service" time="0.274" classname="com.example.java设计模式.单例.Test"/>
  <testcase name="service" time="0.000" classname="com.example.java设计模式.单例.Test"/>
  <testcase name="service" time="0.001" classname="com.example.java设计模式.单例.Test"/>
  <testcase name="service" time="0.001" classname="com.example.java设计模式.单例.Test"/>
  <testcase name="service" time="6.170" classname="com.example.java设计模式.单例.Test"/>
  <testcase name="service" time="0.000" classname="com.example.java设计模式.单例.Test"/>
  <testcase name="service" time="0.170" classname="com.example.java设计模式.单例.Test"/>
  <testcase name="service" time="0.188" classname="com.example.java设计模式.单例.Test"/>
  <testcase name="service" time="0.062" classname="com.example.java设计模式.单例.Test"/>
  <testcase name="service" time="0.000" classname="com.example.java设计模式.单例.Test"/>
  <testcase name="service" time="0.346" classname="com.example.java设计模式.单例.Test"/>
  <testcase name="service" time="0.000" classname="com.example.java设计模式.单例.Test"/>
  <testcase name="service" time="0.001" classname="com.example.java设计模式.单例.Test"/>
  <testcase name="service" time="0.736" classname="com.example.java设计模式.单例.Test"/>
  <testcase name="service" time="0.332" classname="com.example.java设计模式.单例.Test"/>
  <testcase name="service" time="0.001" classname="com.example.java设计模式.单例.Test"/>
  <testcase name="service" time="6.338" classname="com.example.java设计模式.单例.Test"/>
  <testcase name="service" time="0.000" classname="com.example.java设计模式.单例.Test"/>
  <testcase name="service" time="0.000" classname="com.example.java设计模式.单例.Test"/>
  <testcase name="service" time="0.001" classname="com.example.java设计模式.单例.Test"/>
  <testcase name="service" time="0.321" classname="com.example.java设计模式.单例.Test"/>
  <testcase name="service" time="0.212" classname="com.example.java设计模式.单例.Test"/>
  <testcase name="service" time="0.000" classname="com.example.java设计模式.单例.Test"/>
  <testcase name="service" time="0.001" classname="com.example.java设计模式.单例.Test"/>
  <testcase name="service" time="0.001" classname="com.example.java设计模式.单例.Test"/>
  <testcase name="service" time="0.000" classname="com.example.java设计模式.单例.Test"/>
  <testcase name="service" time="64.879" classname="com.example.java设计模式.单例.Test"/>
  <testcase name="service" time="0.000" classname="com.example.java设计模式.单例.Test"/>
  <testcase name="service" time="0.000" classname="com.example.java设计模式.单例.Test"/>
  <testcase name="service" time="0.625" classname="com.example.java设计模式.单例.Test"/>
  <testcase name="service" time="0.446" classname="com.example.java设计模式.单例.Test"/>
  <testcase name="service" time="64.996" classname="com.example.java设计模式.单例.Test"/>
  <testcase name="service" time="0.001" classname="com.example.java设计模式.单例.Test"/>
  <testcase name="service" time="0.145" classname="com.example.java设计模式.单例.Test"/>
  <testcase name="service" time="0.000" classname="com.example.java设计模式.单例.Test"/>
  <testcase name="service" time="0.000" classname="com.example.java设计模式.单例.Test"/>
  <testcase name="service" time="0.000" classname="com.example.java设计模式.单例.Test"/>
  <testcase name="service" time="0.214" classname="com.example.java设计模式.单例.Test"/>
  <testcase name="service" time="0.000" classname="com.example.java设计模式.单例.Test"/>
  <testcase name="service" time="0.000" classname="com.example.java设计模式.单例.Test"/>
  <testcase name="service" time="0.001" classname="com.example.java设计模式.单例.Test"/>
  <testcase name="service" time="6.940" classname="com.example.java设计模式.单例.Test"/>
  <testcase name="service" time="0.001" classname="com.example.java设计模式.单例.Test"/>
  <testcase name="service" time="0.874" classname="com.example.java设计模式.单例.Test"/>
  <testcase name="service" time="0.025" classname="com.example.java设计模式.单例.Test"/>
  <testcase name="service" time="0.085" classname="com.example.java设计模式.单例.Test"/>
  <testcase name="service" time="0.418" classname="com.example.java设计模式.单例.Test"/>
  <testcase name="service" time="0.000" classname="com.example.java设计模式.单例.Test"/>
  <testcase name="service" time="0.050" classname="com.example.java设计模式.单例.Test"/>
  <testcase name="service" time="0.018" classname="com.example.java设计模式.单例.Test"/>
  <testcase name="service" time="0.809" classname="com.example.java设计模式.单例.Test"/>
  <testcase name="service" time="0.120" classname="com.example.java设计模式.单例.Test"/>
  <testcase name="service" time="1.202" classname="com.example.java设计模式.单例.Test"/>
  <testcase name="service" time="0.917" classname="com.example.java设计模式.单例.Test"/>
  <testcase name="service" time="0.000" classname="com.example.java设计模式.单例.Test"/>
  <testcase name="service" time="0.099" classname="com.example.java设计模式.单例.Test"/>
  <testcase name="service" time="0.306" classname="com.example.java设计模式.单例.Test"/>
  <testcase name="service" time="0.001" classname="com.example.java设计模式.单例.Test"/>
  <testcase name="service" time="0.000" classname="com.example.java设计模式.单例.Test"/>
  <testcase name="service" time="0.000" classname="com.example.java设计模式.单例.Test"/>
  <testcase name="service" time="0.693" classname="com.example.java设计模式.单例.Test"/>
  <testcase name="service" time="0.001" classname="com.example.java设计模式.单例.Test"/>
  <testcase name="service" time="0.000" classname="com.example.java设计模式.单例.Test"/>
  <testcase name="service" time="0.000" classname="com.example.java设计模式.单例.Test"/>
  <testcase name="service" time="0.776" classname="com.example.java设计模式.单例.Test"/>
  <testcase name="service" time="0.001" classname="com.example.java设计模式.单例.Test"/>
  <testcase name="service" time="0.000" classname="com.example.java设计模式.单例.Test"/>
  <testcase name="service" time="0.000" classname="com.example.java设计模式.单例.Test"/>
  <testcase name="service" time="1.117" classname="com.example.java设计模式.单例.Test"/>
  <testcase name="service" time="0.912" classname="com.example.java设计模式.单例.Test"/>
  <testcase name="service" time="0.000" classname="com.example.java设计模式.单例.Test"/>
  <testcase name="service" time="1.131" classname="com.example.java设计模式.单例.Test"/>
  <testcase name="service" time="1.633" classname="com.example.java设计模式.单例.Test"/>
  <testcase name="service" time="0.391" classname="com.example.java设计模式.单例.Test"/>
  <testcase name="service" time="7.137" classname="com.example.java设计模式.单例.Test"/>
  <testcase name="service" time="0.000" classname="com.example.java设计模式.单例.Test"/>
  <testcase name="service" time="64.739" classname="com.example.java设计模式.单例.Test"/>
  <testcase name="service" time="0.000" classname="com.example.java设计模式.单例.Test"/>
  <testcase name="service" time="0.001" classname="com.example.java设计模式.单例.Test"/>
  <testcase name="service" time="0.001" classname="com.example.java设计模式.单例.Test"/>
  <testcase name="service" time="0.137" classname="com.example.java设计模式.单例.Test"/>
  <testcase name="service" time="8.053" classname="com.example.java设计模式.单例.Test"/>
  <testcase name="service" time="0.124" classname="com.example.java设计模式.单例.Test"/>
  <testcase name="service" time="0.000" classname="com.example.java设计模式.单例.Test"/>
  <testcase name="service" time="1.001" classname="com.example.java设计模式.单例.Test"/>
  <testcase name="service" time="0.000" classname="com.example.java设计模式.单例.Test"/>
  <testcase name="service" time="0.000" classname="com.example.java设计模式.单例.Test"/>
  <testcase name="service" time="0.087" classname="com.example.java设计模式.单例.Test"/>
  <testcase name="service" time="0.001" classname="com.example.java设计模式.单例.Test"/>
  <testcase name="service" time="0.000" classname="com.example.java设计模式.单例.Test"/>
  <testcase name="service" time="0.000" classname="com.example.java设计模式.单例.Test"/>
  <testcase name="service" time="0.432" classname="com.example.java设计模式.单例.Test"/>
  <testcase name="service" time="1.569" classname="com.example.java设计模式.单例.Test"/>
  <testcase name="service" time="0.319" classname="com.example.java设计模式.单例.Test"/>
  <testcase name="service" time="0.000" classname="com.example.java设计模式.单例.Test"/>
  <testcase name="service" time="1.089" classname="com.example.java设计模式.单例.Test"/>
  <testcase name="service" time="0.105" classname="com.example.java设计模式.单例.Test"/>
  <testcase name="service" time="0.831" classname="com.example.java设计模式.单例.Test"/>
  <testcase name="service" time="0.271" classname="com.example.java设计模式.单例.Test"/>
  <testcase name="service" time="0.316" classname="com.example.java设计模式.单例.Test"/>
  <testcase name="service" time="0.021" classname="com.example.java设计模式.单例.Test"/>
  <testcase name="service" time="0.619" classname="com.example.java设计模式.单例.Test"/>
  <testcase name="service" time="0.972" classname="com.example.java设计模式.单例.Test"/>
  <testcase name="service" time="0.636" classname="com.example.java设计模式.单例.Test"/>
  <testcase name="service" time="0.066" classname="com.example.java设计模式.单例.Test"/>
  <testcase name="service" time="0.000" classname="com.example.java设计模式.单例.Test"/>
  <testcase name="service" time="6.327" classname="com.example.java设计模式.单例.Test"/>
  <testcase name="service" time="0.000" classname="com.example.java设计模式.单例.Test"/>
  <testcase name="service" time="0.000" classname="com.example.java设计模式.单例.Test"/>
  <testcase name="service" time="0.001" classname="com.example.java设计模式.单例.Test"/>
  <testcase name="service" time="0.000" classname="com.example.java设计模式.单例.Test"/>
  <testcase name="service" time="0.304" classname="com.example.java设计模式.单例.Test"/>
  <testcase name="service" time="0.001" classname="com.example.java设计模式.单例.Test"/>
  <testcase name="service" time="0.000" classname="com.example.java设计模式.单例.Test"/>
  <testcase name="service" time="0.001" classname="com.example.java设计模式.单例.Test"/>
  <testcase name="service" time="1.406" classname="com.example.java设计模式.单例.Test"/>
  <testcase name="service" time="0.000" classname="com.example.java设计模式.单例.Test"/>
  <testcase name="service" time="6.333" classname="com.example.java设计模式.单例.Test"/>
  <testcase name="service" time="0.000" classname="com.example.java设计模式.单例.Test"/>
  <testcase name="service" time="0.000" classname="com.example.java设计模式.单例.Test"/>
  <testcase name="service" time="0.616" classname="com.example.java设计模式.单例.Test"/>
  <testcase name="service" time="0.050" classname="com.example.java设计模式.单例.Test"/>
  <testcase name="service" time="0.213" classname="com.example.java设计模式.单例.Test"/>
  <testcase name="service" time="0.000" classname="com.example.java设计模式.单例.Test"/>
  <testcase name="service" time="0.208" classname="com.example.java设计模式.单例.Test"/>
  <testcase name="service" time="0.000" classname="com.example.java设计模式.单例.Test"/>
  <testcase name="service" time="0.000" classname="com.example.java设计模式.单例.Test"/>
  <testcase name="service" time="0.000" classname="com.example.java设计模式.单例.Test"/>
  <testcase name="service" time="0.000" classname="com.example.java设计模式.单例.Test"/>
  <testcase name="service" time="0.124" classname="com.example.java设计模式.单例.Test"/>
  <testcase name="service" time="0.000" classname="com.example.java设计模式.单例.Test"/>
  <testcase name="service" time="0.001" classname="com.example.java设计模式.单例.Test"/>
  <testcase name="service" time="0.100" classname="com.example.java设计模式.单例.Test"/>
  <testcase name="service" time="1.309" classname="com.example.java设计模式.单例.Test"/>
  <testcase name="service" time="0.000" classname="com.example.java设计模式.单例.Test"/>
  <testcase name="service" time="0.000" classname="com.example.java设计模式.单例.Test"/>
  <testcase name="service" time="0.001" classname="com.example.java设计模式.单例.Test"/>
  <testcase name="service" time="0.588" classname="com.example.java设计模式.单例.Test"/>
  <testcase name="service" time="0.989" classname="com.example.java设计模式.单例.Test"/>
  <testcase name="service" time="0.001" classname="com.example.java设计模式.单例.Test"/>
  <testcase name="service" time="0.594" classname="com.example.java设计模式.单例.Test"/>
  <testcase name="service" time="0.000" classname="com.example.java设计模式.单例.Test"/>
  <testcase name="service" time="0.000" classname="com.example.java设计模式.单例.Test"/>
  <testcase name="service" time="6.216" classname="com.example.java设计模式.单例.Test"/>
  <testcase name="service" time="0.001" classname="com.example.java设计模式.单例.Test"/>
  <testcase name="service" time="64.789" classname="com.example.java设计模式.单例.Test"/>
  <testcase name="service" time="0.021" classname="com.example.java设计模式.单例.Test"/>
  <testcase name="service" time="0.000" classname="com.example.java设计模式.单例.Test"/>
  <testcase name="service" time="8.297" classname="com.example.java设计模式.单例.Test"/>
  <testcase name="service" time="0.008" classname="com.example.java设计模式.单例.Test"/>
  <testcase name="service" time="0.771" classname="com.example.java设计模式.单例.Test"/>
  <testcase name="service" time="0.000" classname="com.example.java设计模式.单例.Test"/>
  <testcase name="service" time="0.433" classname="com.example.java设计模式.单例.Test"/>
  <testcase name="service" time="0.000" classname="com.example.java设计模式.单例.Test"/>
  <testcase name="service" time="0.001" classname="com.example.java设计模式.单例.Test"/>
  <testcase name="service" time="0.001" classname="com.example.java设计模式.单例.Test"/>
  <testcase name="service" time="0.000" classname="com.example.java设计模式.单例.Test"/>
  <testcase name="service" time="0.448" classname="com.example.java设计模式.单例.Test"/>
  <testcase name="service" time="64.893" classname="com.example.java设计模式.单例.Test"/>
  <testcase name="service" time="0.030" classname="com.example.java设计模式.单例.Test"/>
  <testcase name="service" time="0.001" classname="com.example.java设计模式.单例.Test"/>
  <testcase name="service" time="0.000" classname="com.example.java设计模式.单例.Test"/>
  <testcase name="service" time="0.001" classname="com.example.java设计模式.单例.Test"/>
  <testcase name="service" time="0.001" classname="com.example.java设计模式.单例.Test"/>
  <testcase name="service" time="0.001" classname="com.example.java设计模式.单例.Test"/>
  <testcase name="service" time="0.046" classname="com.example.java设计模式.单例.Test"/>
  <testcase name="service" time="0.507" classname="com.example.java设计模式.单例.Test"/>
  <testcase name="service" time="8.057" classname="com.example.java设计模式.单例.Test"/>
  <testcase name="service" time="0.000" classname="com.example.java设计模式.单例.Test"/>
  <testcase name="service" time="0.000" classname="com.example.java设计模式.单例.Test"/>
  <testcase name="service" time="0.000" classname="com.example.java设计模式.单例.Test"/>
  <testcase name="service" time="0.934" classname="com.example.java设计模式.单例.Test"/>
  <testcase name="service" time="0.000" classname="com.example.java设计模式.单例.Test"/>
  <testcase name="service" time="0.000" classname="com.example.java设计模式.单例.Test"/>
  <testcase name="service" time="0.999" classname="com.example.java设计模式.单例.Test"/>
  <testcase name="service" time="0.826" classname="com.example.java设计模式.单例.Test"/>
  <testcase name="service" time="0.001" classname="com.example.java设计模式.单例.Test"/>
  <testcase name="service" time="1.188" classname="com.example.java设计模式.单例.Test"/>
  <testcase name="service" time="0.283" classname="com.example.java设计模式.单例.Test"/>
  <testcase name="service" time="0.000" classname="com.example.java设计模式.单例.Test"/>
  <testcase name="service" time="0.186" classname="com.example.java设计模式.单例.Test"/>
  <testcase name="service" time="0.127" classname="com.example.java设计模式.单例.Test"/>
  <testcase name="service" time="0.012" classname="com.example.java设计模式.单例.Test"/>
  <testcase name="service" time="0.000" classname="com.example.java设计模式.单例.Test"/>
  <testcase name="service" time="0.000" classname="com.example.java设计模式.单例.Test"/>
  <testcase name="service" time="0.000" classname="com.example.java设计模式.单例.Test"/>
  <testcase name="service" time="0.001" classname="com.example.java设计模式.单例.Test"/>
  <testcase name="service" time="0.001" classname="com.example.java设计模式.单例.Test"/>
  <testcase name="service" time="0.477" classname="com.example.java设计模式.单例.Test"/>
  <testcase name="service" time="0.000" classname="com.example.java设计模式.单例.Test"/>
  <testcase name="service" time="1.313" classname="com.example.java设计模式.单例.Test"/>
  <testcase name="service" time="0.000" classname="com.example.java设计模式.单例.Test"/>
  <testcase name="service" time="0.000" classname="com.example.java设计模式.单例.Test"/>
  <testcase name="service" time="0.628" classname="com.example.java设计模式.单例.Test"/>
  <testcase name="service" time="0.306" classname="com.example.java设计模式.单例.Test"/>
  <testcase name="service" time="0.111" classname="com.example.java设计模式.单例.Test"/>
  <testcase name="service" time="0.366" classname="com.example.java设计模式.单例.Test"/>
  <testcase name="service" time="0.000" classname="com.example.java设计模式.单例.Test"/>
  <testcase name="service" time="0.219" classname="com.example.java设计模式.单例.Test"/>
  <testcase name="service" time="0.000" classname="com.example.java设计模式.单例.Test"/>
  <testcase name="service" time="0.000" classname="com.example.java设计模式.单例.Test"/>
  <testcase name="service" time="0.052" classname="com.example.java设计模式.单例.Test"/>
  <testcase name="service" time="0.000" classname="com.example.java设计模式.单例.Test"/>
  <testcase name="service" time="64.961" classname="com.example.java设计模式.单例.Test"/>
  <testcase name="service" time="0.000" classname="com.example.java设计模式.单例.Test"/>
  <testcase name="service" time="0.026" classname="com.example.java设计模式.单例.Test"/>
  <testcase name="service" time="0.001" classname="com.example.java设计模式.单例.Test"/>
  <testcase name="service" time="0.138" classname="com.example.java设计模式.单例.Test"/>
  <testcase name="service" time="0.043" classname="com.example.java设计模式.单例.Test"/>
  <testcase name="service" time="0.002" classname="com.example.java设计模式.单例.Test"/>
  <testcase name="service" time="1.015" classname="com.example.java设计模式.单例.Test"/>
  <testcase name="service" time="7.876" classname="com.example.java设计模式.单例.Test"/>
  <testcase name="service" time="0.965" classname="com.example.java设计模式.单例.Test"/>
  <testcase name="service" time="0.000" classname="com.example.java设计模式.单例.Test"/>
  <testcase name="service" time="0.000" classname="com.example.java设计模式.单例.Test"/>
  <testcase name="service" time="0.794" classname="com.example.java设计模式.单例.Test"/>
  <testcase name="service" time="0.001" classname="com.example.java设计模式.单例.Test"/>
  <testcase name="service" time="0.000" classname="com.example.java设计模式.单例.Test"/>
  <testcase name="service" time="1.343" classname="com.example.java设计模式.单例.Test"/>
  <testcase name="service" time="1.274" classname="com.example.java设计模式.单例.Test"/>
  <testcase name="service" time="0.001" classname="com.example.java设计模式.单例.Test"/>
  <testcase name="service" time="0.102" classname="com.example.java设计模式.单例.Test"/>
  <testcase name="service" time="0.786" classname="com.example.java设计模式.单例.Test"/>
  <testcase name="service" time="0.081" classname="com.example.java设计模式.单例.Test"/>
  <testcase name="service" time="0.000" classname="com.example.java设计模式.单例.Test"/>
  <testcase name="service" time="0.381" classname="com.example.java设计模式.单例.Test"/>
  <testcase name="service" time="0.000" classname="com.example.java设计模式.单例.Test"/>
  <testcase name="service" time="0.000" classname="com.example.java设计模式.单例.Test"/>
  <testcase name="service" time="0.234" classname="com.example.java设计模式.单例.Test"/>
  <testcase name="service" time="0.747" classname="com.example.java设计模式.单例.Test"/>
  <testcase name="service" time="0.787" classname="com.example.java设计模式.单例.Test"/>
  <testcase name="service" time="0.055" classname="com.example.java设计模式.单例.Test"/>
  <testcase name="service" time="1.577" classname="com.example.java设计模式.单例.Test"/>
  <testcase name="service" time="0.000" classname="com.example.java设计模式.单例.Test"/>
  <testcase name="service" time="0.000" classname="com.example.java设计模式.单例.Test"/>
  <testcase name="service" time="0.109" classname="com.example.java设计模式.单例.Test"/>
  <testcase name="service" time="0.000" classname="com.example.java设计模式.单例.Test"/>
  <testcase name="service" time="0.001" classname="com.example.java设计模式.单例.Test"/>
  <testcase name="service" time="0.370" classname="com.example.java设计模式.单例.Test"/>
  <testcase name="service" time="0.001" classname="com.example.java设计模式.单例.Test"/>
  <testcase name="service" time="0.000" classname="com.example.java设计模式.单例.Test"/>
  <testcase name="service" time="0.001" classname="com.example.java设计模式.单例.Test"/>
  <testcase name="service" time="0.000" classname="com.example.java设计模式.单例.Test"/>
  <testcase name="service" time="0.682" classname="com.example.java设计模式.单例.Test"/>
  <testcase name="service" time="0.070" classname="com.example.java设计模式.单例.Test"/>
  <testcase name="service" time="0.829" classname="com.example.java设计模式.单例.Test"/>
  <testcase name="service" time="0.000" classname="com.example.java设计模式.单例.Test"/>
  <testcase name="service" time="0.000" classname="com.example.java设计模式.单例.Test"/>
  <testcase name="service" time="0.000" classname="com.example.java设计模式.单例.Test"/>
  <testcase name="service" time="0.000" classname="com.example.java设计模式.单例.Test"/>
  <testcase name="service" time="0.001" classname="com.example.java设计模式.单例.Test"/>
  <testcase name="service" time="0.000" classname="com.example.java设计模式.单例.Test"/>
  <testcase name="service" time="0.060" classname="com.example.java设计模式.单例.Test"/>
  <testcase name="service" time="0.000" classname="com.example.java设计模式.单例.Test"/>
  <testcase name="service" time="64.433" classname="com.example.java设计模式.单例.Test"/>
  <testcase name="service" time="0.000" classname="com.example.java设计模式.单例.Test"/>
  <testcase name="service" time="0.112" classname="com.example.java设计模式.单例.Test"/>
  <testcase name="service" time="0.000" classname="com.example.java设计模式.单例.Test"/>
  <testcase name="service" time="0.000" classname="com.example.java设计模式.单例.Test"/>
  <testcase name="service" time="64.980" classname="com.example.java设计模式.单例.Test"/>
  <testcase name="service" time="0.000" classname="com.example.java设计模式.单例.Test"/>
  <testcase name="service" time="0.000" classname="com.example.java设计模式.单例.Test"/>
  <testcase name="service" time="0.000" classname="com.example.java设计模式.单例.Test"/>
  <testcase name="service" time="1.000" classname="com.example.java设计模式.单例.Test"/>
  <testcase name="service" time="1.092" classname="com.example.java设计模式.单例.Test"/>
  <testcase name="service" time="0.001" classname="com.example.java设计模式.单例.Test"/>
  <testcase name="service" time="0.000" classname="com.example.java设计模式.单例.Test"/>
  <testcase name="service" time="0.000" classname="com.example.java设计模式.单例.Test"/>
  <testcase name="service" time="0.000" classname="com.example.java设计模式.单例.Test"/>
  <testcase name="service" time="0.099" classname="com.example.java设计模式.单例.Test"/>
  <testcase name="service" time="0.923" classname="com.example.java设计模式.单例.Test"/>
  <testcase name="service" time="0.000" classname="com.example.java设计模式.单例.Test"/>
  <testcase name="service" time="0.000" classname="com.example.java设计模式.单例.Test"/>
  <testcase name="service" time="0.000" classname="com.example.java设计模式.单例.Test"/>
  <testcase name="service" time="0.000" classname="com.example.java设计模式.单例.Test"/>
  <testcase name="service" time="0.001" classname="com.example.java设计模式.单例.Test"/>
  <testcase name="service" time="0.757" classname="com.example.java设计模式.单例.Test"/>
  <testcase name="service" time="5.144" classname="com.example.java设计模式.单例.Test"/>
  <testcase name="service" time="1.254" classname="com.example.java设计模式.单例.Test"/>
  <testcase name="service" time="0.166" classname="com.example.java设计模式.单例.Test"/>
  <testcase name="service" time="0.235" classname="com.example.java设计模式.单例.Test"/>
  <testcase name="service" time="0.042" classname="com.example.java设计模式.单例.Test"/>
  <testcase name="service" time="0.001" classname="com.example.java设计模式.单例.Test"/>
  <testcase name="service" time="0.000" classname="com.example.java设计模式.单例.Test"/>
  <testcase name="service" time="64.645" classname="com.example.java设计模式.单例.Test"/>
  <testcase name="service" time="0.000" classname="com.example.java设计模式.单例.Test"/>
  <testcase name="service" time="0.721" classname="com.example.java设计模式.单例.Test"/>
  <testcase name="service" time="0.000" classname="com.example.java设计模式.单例.Test"/>
  <testcase name="service" time="0.000" classname="com.example.java设计模式.单例.Test"/>
  <testcase name="service" time="0.000" classname="com.example.java设计模式.单例.Test"/>
  <testcase name="service" time="0.000" classname="com.example.java设计模式.单例.Test"/>
  <testcase name="service" time="0.000" classname="com.example.java设计模式.单例.Test"/>
  <testcase name="service" time="0.000" classname="com.example.java设计模式.单例.Test"/>
  <testcase name="service" time="1.351" classname="com.example.java设计模式.单例.Test"/>
  <testcase name="service" time="0.623" classname="com.example.java设计模式.单例.Test"/>
  <testcase name="service" time="0.000" classname="com.example.java设计模式.单例.Test"/>
  <testcase name="service" time="65.039" classname="com.example.java设计模式.单例.Test"/>
  <testcase name="service" time="0.000" classname="com.example.java设计模式.单例.Test"/>
  <testcase name="service" time="0.607" classname="com.example.java设计模式.单例.Test"/>
  <testcase name="service" time="0.001" classname="com.example.java设计模式.单例.Test"/>
  <testcase name="service" time="0.000" classname="com.example.java设计模式.单例.Test"/>
  <testcase name="service" time="64.901" classname="com.example.java设计模式.单例.Test"/>
  <testcase name="service" time="0.000" classname="com.example.java设计模式.单例.Test"/>
  <testcase name="service" time="0.631" classname="com.example.java设计模式.单例.Test"/>
  <testcase name="service" time="0.000" classname="com.example.java设计模式.单例.Test"/>
  <testcase name="service" time="0.000" classname="com.example.java设计模式.单例.Test"/>
  <testcase name="service" time="1.101" classname="com.example.java设计模式.单例.Test"/>
  <testcase name="service" time="0.689" classname="com.example.java设计模式.单例.Test"/>
  <testcase name="service" time="0.000" classname="com.example.java设计模式.单例.Test"/>
  <testcase name="service" time="0.000" classname="com.example.java设计模式.单例.Test"/>
  <testcase name="service" time="0.055" classname="com.example.java设计模式.单例.Test"/>
  <testcase name="service" time="0.080" classname="com.example.java设计模式.单例.Test"/>
  <testcase name="service" time="1.652" classname="com.example.java设计模式.单例.Test"/>
  <testcase name="service" time="0.000" classname="com.example.java设计模式.单例.Test"/>
  <testcase name="service" time="0.000" classname="com.example.java设计模式.单例.Test"/>
  <testcase name="service" time="0.000" classname="com.example.java设计模式.单例.Test"/>
  <testcase name="service" time="0.000" classname="com.example.java设计模式.单例.Test"/>
  <testcase name="service" time="0.001" classname="com.example.java设计模式.单例.Test"/>
  <testcase name="service" time="8.022" classname="com.example.java设计模式.单例.Test"/>
  <testcase name="service" time="0.000" classname="com.example.java设计模式.单例.Test"/>
  <testcase name="service" time="0.025" classname="com.example.java设计模式.单例.Test"/>
  <testcase name="service" time="0.813" classname="com.example.java设计模式.单例.Test"/>
  <testcase name="service" time="0.001" classname="com.example.java设计模式.单例.Test"/>
  <testcase name="service" time="0.000" classname="com.example.java设计模式.单例.Test"/>
  <testcase name="service" time="0.000" classname="com.example.java设计模式.单例.Test"/>
  <testcase name="service" time="0.000" classname="com.example.java设计模式.单例.Test"/>
  <testcase name="service" time="0.000" classname="com.example.java设计模式.单例.Test"/>
  <testcase name="service" time="0.001" classname="com.example.java设计模式.单例.Test"/>
  <testcase name="service" time="0.000" classname="com.example.java设计模式.单例.Test"/>
  <testcase name="service" time="0.000" classname="com.example.java设计模式.单例.Test"/>
  <testcase name="service" time="0.398" classname="com.example.java设计模式.单例.Test"/>
  <testcase name="service" time="0.000" classname="com.example.java设计模式.单例.Test"/>
  <testcase name="service" time="65.057" classname="com.example.java设计模式.单例.Test"/>
  <testcase name="service" time="0.000" classname="com.example.java设计模式.单例.Test"/>
  <testcase name="service" time="0.001" classname="com.example.java设计模式.单例.Test"/>
  <testcase name="service" time="0.787" classname="com.example.java设计模式.单例.Test"/>
  <testcase name="service" time="0.819" classname="com.example.java设计模式.单例.Test"/>
  <testcase name="service" time="0.137" classname="com.example.java设计模式.单例.Test"/>
  <testcase name="service" time="0.032" classname="com.example.java设计模式.单例.Test"/>
  <testcase name="service" time="0.730" classname="com.example.java设计模式.单例.Test"/>
  <testcase name="service" time="6.613" classname="com.example.java设计模式.单例.Test"/>
  <testcase name="service" time="0.001" classname="com.example.java设计模式.单例.Test"/>
  <testcase name="service" time="0.000" classname="com.example.java设计模式.单例.Test"/>
  <testcase name="service" time="0.001" classname="com.example.java设计模式.单例.Test"/>
  <testcase name="service" time="64.898" classname="com.example.java设计模式.单例.Test"/>
  <testcase name="service" time="0.000" classname="com.example.java设计模式.单例.Test"/>
  <testcase name="service" time="0.396" classname="com.example.java设计模式.单例.Test"/>
  <testcase name="service" time="0.000" classname="com.example.java设计模式.单例.Test"/>
  <testcase name="service" time="0.000" classname="com.example.java设计模式.单例.Test"/>
  <testcase name="service" time="0.000" classname="com.example.java设计模式.单例.Test"/>
  <testcase name="service" time="0.557" classname="com.example.java设计模式.单例.Test"/>
  <testcase name="service" time="7.801" classname="com.example.java设计模式.单例.Test"/>
  <testcase name="service" time="0.080" classname="com.example.java设计模式.单例.Test"/>
  <testcase name="service" time="1.652" classname="com.example.java设计模式.单例.Test"/>
  <testcase name="service" time="0.001" classname="com.example.java设计模式.单例.Test"/>
  <testcase name="service" time="0.264" classname="com.example.java设计模式.单例.Test"/>
  <testcase name="service" time="0.817" classname="com.example.java设计模式.单例.Test"/>
  <testcase name="service" time="1.194" classname="com.example.java设计模式.单例.Test"/>
  <testcase name="service" time="6.595" classname="com.example.java设计模式.单例.Test"/>
  <testcase name="service" time="0.704" classname="com.example.java设计模式.单例.Test"/>
  <testcase name="service" time="7.880" classname="com.example.java设计模式.单例.Test"/>
  <testcase name="service" time="0.045" classname="com.example.java设计模式.单例.Test"/>
  <testcase name="service" time="0.000" classname="com.example.java设计模式.单例.Test"/>
  <testcase name="service" time="0.000" classname="com.example.java设计模式.单例.Test"/>
  <testcase name="service" time="0.001" classname="com.example.java设计模式.单例.Test"/>
  <testcase name="service" time="0.001" classname="com.example.java设计模式.单例.Test"/>
  <testcase name="service" time="5.109" classname="com.example.java设计模式.单例.Test"/>
  <testcase name="service" time="6.656" classname="com.example.java设计模式.单例.Test"/>
  <testcase name="service" time="0.000" classname="com.example.java设计模式.单例.Test"/>
  <testcase name="service" time="0.000" classname="com.example.java设计模式.单例.Test"/>
  <testcase name="service" time="0.001" classname="com.example.java设计模式.单例.Test"/>
  <testcase name="service" time="0.000" classname="com.example.java设计模式.单例.Test"/>
  <testcase name="service" time="0.615" classname="com.example.java设计模式.单例.Test"/>
  <testcase name="service" time="0.001" classname="com.example.java设计模式.单例.Test"/>
  <testcase name="service" time="0.416" classname="com.example.java设计模式.单例.Test"/>
  <testcase name="service" time="64.601" classname="com.example.java设计模式.单例.Test"/>
  <testcase name="service" time="1.017" classname="com.example.java设计模式.单例.Test"/>
  <testcase name="service" time="0.000" classname="com.example.java设计模式.单例.Test"/>
  <testcase name="service" time="0.080" classname="com.example.java设计模式.单例.Test"/>
  <testcase name="service" time="0.077" classname="com.example.java设计模式.单例.Test"/>
  <testcase name="service" time="0.001" classname="com.example.java设计模式.单例.Test"/>
  <testcase name="service" time="0.144" classname="com.example.java设计模式.单例.Test"/>
  <testcase name="service" time="0.711" classname="com.example.java设计模式.单例.Test"/>
  <testcase name="service" time="0.000" classname="com.example.java设计模式.单例.Test"/>
  <testcase name="service" time="0.001" classname="com.example.java设计模式.单例.Test"/>
  <testcase name="service" time="0.000" classname="com.example.java设计模式.单例.Test"/>
  <testcase name="service" time="0.000" classname="com.example.java设计模式.单例.Test"/>
  <testcase name="service" time="0.275" classname="com.example.java设计模式.单例.Test"/>
  <testcase name="service" time="0.000" classname="com.example.java设计模式.单例.Test"/>
  <testcase name="service" time="0.000" classname="com.example.java设计模式.单例.Test"/>
  <testcase name="service" time="0.000" classname="com.example.java设计模式.单例.Test"/>
  <testcase name="service" time="0.000" classname="com.example.java设计模式.单例.Test"/>
  <testcase name="service" time="0.001" classname="com.example.java设计模式.单例.Test"/>
  <testcase name="service" time="0.000" classname="com.example.java设计模式.单例.Test"/>
  <testcase name="service" time="0.000" classname="com.example.java设计模式.单例.Test"/>
  <testcase name="service" time="0.000" classname="com.example.java设计模式.单例.Test"/>
  <testcase name="service" time="0.001" classname="com.example.java设计模式.单例.Test"/>
  <testcase name="service" time="0.001" classname="com.example.java设计模式.单例.Test"/>
  <testcase name="service" time="0.106" classname="com.example.java设计模式.单例.Test"/>
  <testcase name="service" time="0.000" classname="com.example.java设计模式.单例.Test"/>
  <testcase name="service" time="0.001" classname="com.example.java设计模式.单例.Test"/>
  <testcase name="service" time="0.001" classname="com.example.java设计模式.单例.Test"/>
  <testcase name="service" time="0.001" classname="com.example.java设计模式.单例.Test"/>
  <testcase name="service" time="0.001" classname="com.example.java设计模式.单例.Test"/>
  <testcase name="service" time="0.000" classname="com.example.java设计模式.单例.Test"/>
  <testcase name="service" time="1.218" classname="com.example.java设计模式.单例.Test"/>
  <testcase name="service" time="0.399" classname="com.example.java设计模式.单例.Test"/>
  <testcase name="service" time="0.000" classname="com.example.java设计模式.单例.Test"/>
  <testcase name="service" time="0.000" classname="com.example.java设计模式.单例.Test"/>
  <testcase name="service" time="0.160" classname="com.example.java设计模式.单例.Test"/>
  <testcase name="service" time="0.061" classname="com.example.java设计模式.单例.Test"/>
  <testcase name="service" time="0.000" classname="com.example.java设计模式.单例.Test"/>
  <testcase name="service" time="0.001" classname="com.example.java设计模式.单例.Test"/>
  <testcase name="service" time="0.324" classname="com.example.java设计模式.单例.Test"/>
  <testcase name="service" time="0.000" classname="com.example.java设计模式.单例.Test"/>
  <testcase name="service" time="0.346" classname="com.example.java设计模式.单例.Test"/>
  <testcase name="service" time="0.064" classname="com.example.java设计模式.单例.Test"/>
  <testcase name="service" time="0.147" classname="com.example.java设计模式.单例.Test"/>
  <testcase name="service" time="0.000" classname="com.example.java设计模式.单例.Test"/>
  <testcase name="service" time="0.000" classname="com.example.java设计模式.单例.Test"/>
  <testcase name="service" time="0.001" classname="com.example.java设计模式.单例.Test"/>
  <testcase name="service" time="0.982" classname="com.example.java设计模式.单例.Test"/>
  <testcase name="service" time="0.000" classname="com.example.java设计模式.单例.Test"/>
  <testcase name="service" time="0.001" classname="com.example.java设计模式.单例.Test"/>
  <testcase name="service" time="0.596" classname="com.example.java设计模式.单例.Test"/>
  <testcase name="service" time="0.001" classname="com.example.java设计模式.单例.Test"/>
  <testcase name="service" time="0.000" classname="com.example.java设计模式.单例.Test"/>
  <testcase name="service" time="6.158" classname="com.example.java设计模式.单例.Test"/>
  <testcase name="service" time="0.000" classname="com.example.java设计模式.单例.Test"/>
  <testcase name="service" time="1.363" classname="com.example.java设计模式.单例.Test"/>
  <testcase name="service" time="0.000" classname="com.example.java设计模式.单例.Test"/>
  <testcase name="service" time="0.000" classname="com.example.java设计模式.单例.Test"/>
  <testcase name="service" time="0.000" classname="com.example.java设计模式.单例.Test"/>
  <testcase name="service" time="0.000" classname="com.example.java设计模式.单例.Test"/>
  <testcase name="service" time="0.104" classname="com.example.java设计模式.单例.Test"/>
  <testcase name="service" time="0.001" classname="com.example.java设计模式.单例.Test"/>
  <testcase name="service" time="0.000" classname="com.example.java设计模式.单例.Test"/>
  <testcase name="service" time="0.001" classname="com.example.java设计模式.单例.Test"/>
  <testcase name="service" time="0.000" classname="com.example.java设计模式.单例.Test"/>
  <testcase name="service" time="0.001" classname="com.example.java设计模式.单例.Test"/>
  <testcase name="service" time="0.000" classname="com.example.java设计模式.单例.Test"/>
  <testcase name="service" time="64.975" classname="com.example.java设计模式.单例.Test"/>
  <testcase name="service" time="0.176" classname="com.example.java设计模式.单例.Test"/>
  <testcase name="service" time="0.423" classname="com.example.java设计模式.单例.Test"/>
  <testcase name="service" time="0.798" classname="com.example.java设计模式.单例.Test"/>
  <testcase name="service" time="0.001" classname="com.example.java设计模式.单例.Test"/>
  <testcase name="service" time="0.233" classname="com.example.java设计模式.单例.Test"/>
  <testcase name="service" time="0.000" classname="com.example.java设计模式.单例.Test"/>
  <testcase name="service" time="0.001" classname="com.example.java设计模式.单例.Test"/>
  <testcase name="service" time="0.835" classname="com.example.java设计模式.单例.Test"/>
  <testcase name="service" time="0.165" classname="com.example.java设计模式.单例.Test"/>
  <testcase name="service" time="0.058" classname="com.example.java设计模式.单例.Test"/>
  <testcase name="service" time="0.370" classname="com.example.java设计模式.单例.Test"/>
  <testcase name="service" time="1.327" classname="com.example.java设计模式.单例.Test"/>
  <testcase name="service" time="0.331" classname="com.example.java设计模式.单例.Test"/>
  <testcase name="service" time="0.000" classname="com.example.java设计模式.单例.Test"/>
  <testcase name="service" time="0.001" classname="com.example.java设计模式.单例.Test"/>
  <testcase name="service" time="0.001" classname="com.example.java设计模式.单例.Test"/>
  <testcase name="service" time="0.000" classname="com.example.java设计模式.单例.Test"/>
  <testcase name="service" time="64.935" classname="com.example.java设计模式.单例.Test"/>
  <testcase name="service" time="0.000" classname="com.example.java设计模式.单例.Test"/>
  <testcase name="service" time="0.000" classname="com.example.java设计模式.单例.Test"/>
  <testcase name="service" time="0.001" classname="com.example.java设计模式.单例.Test"/>
  <testcase name="service" time="0.000" classname="com.example.java设计模式.单例.Test"/>
  <testcase name="service" time="6.543" classname="com.example.java设计模式.单例.Test"/>
  <testcase name="service" time="0.000" classname="com.example.java设计模式.单例.Test"/>
  <testcase name="service" time="0.653" classname="com.example.java设计模式.单例.Test"/>
  <testcase name="service" time="0.981" classname="com.example.java设计模式.单例.Test"/>
  <testcase name="service" time="0.000" classname="com.example.java设计模式.单例.Test"/>
  <testcase name="service" time="0.452" classname="com.example.java设计模式.单例.Test"/>
  <testcase name="service" time="0.697" classname="com.example.java设计模式.单例.Test"/>
  <testcase name="service" time="0.178" classname="com.example.java设计模式.单例.Test"/>
  <testcase name="service" time="0.001" classname="com.example.java设计模式.单例.Test"/>
  <testcase name="service" time="0.001" classname="com.example.java设计模式.单例.Test"/>
  <testcase name="service" time="64.818" classname="com.example.java设计模式.单例.Test"/>
  <testcase name="service" time="0.000" classname="com.example.java设计模式.单例.Test"/>
  <testcase name="service" time="0.001" classname="com.example.java设计模式.单例.Test"/>
  <testcase name="service" time="0.000" classname="com.example.java设计模式.单例.Test"/>
  <testcase name="service" time="1.039" classname="com.example.java设计模式.单例.Test"/>
  <testcase name="service" time="0.000" classname="com.example.java设计模式.单例.Test"/>
  <testcase name="service" time="0.000" classname="com.example.java设计模式.单例.Test"/>
  <testcase name="service" time="0.001" classname="com.example.java设计模式.单例.Test"/>
  <testcase name="service" time="0.000" classname="com.example.java设计模式.单例.Test"/>
  <testcase name="service" time="0.100" classname="com.example.java设计模式.单例.Test"/>
  <testcase name="service" time="0.000" classname="com.example.java设计模式.单例.Test"/>
  <testcase name="service" time="0.000" classname="com.example.java设计模式.单例.Test"/>
  <testcase name="service" time="1.513" classname="com.example.java设计模式.单例.Test"/>
  <testcase name="service" time="0.001" classname="com.example.java设计模式.单例.Test"/>
  <testcase name="service" time="0.000" classname="com.example.java设计模式.单例.Test"/>
  <testcase name="service" time="0.252" classname="com.example.java设计模式.单例.Test"/>
  <testcase name="service" time="0.001" classname="com.example.java设计模式.单例.Test"/>
  <testcase name="service" time="0.000" classname="com.example.java设计模式.单例.Test"/>
  <testcase name="service" time="0.173" classname="com.example.java设计模式.单例.Test"/>
  <testcase name="service" time="0.000" classname="com.example.java设计模式.单例.Test"/>
  <testcase name="service" time="0.872" classname="com.example.java设计模式.单例.Test"/>
  <testcase name="service" time="6.342" classname="com.example.java设计模式.单例.Test"/>
  <testcase name="service" time="1.116" classname="com.example.java设计模式.单例.Test"/>
  <testcase name="service" time="0.042" classname="com.example.java设计模式.单例.Test"/>
  <testcase name="service" time="0.000" classname="com.example.java设计模式.单例.Test"/>
  <testcase name="service" time="0.001" classname="com.example.java设计模式.单例.Test"/>
  <testcase name="service" time="0.000" classname="com.example.java设计模式.单例.Test"/>
  <testcase name="service" time="0.000" classname="com.example.java设计模式.单例.Test"/>
  <testcase name="service" time="0.000" classname="com.example.java设计模式.单例.Test"/>
  <testcase name="service" time="0.000" classname="com.example.java设计模式.单例.Test"/>
  <testcase name="service" time="7.143" classname="com.example.java设计模式.单例.Test"/>
  <testcase name="service" time="1.076" classname="com.example.java设计模式.单例.Test"/>
  <testcase name="service" time="0.751" classname="com.example.java设计模式.单例.Test"/>
  <testcase name="service" time="8.035" classname="com.example.java设计模式.单例.Test"/>
  <testcase name="service" time="0.000" classname="com.example.java设计模式.单例.Test"/>
  <testcase name="service" time="0.000" classname="com.example.java设计模式.单例.Test"/>
  <testcase name="service" time="0.000" classname="com.example.java设计模式.单例.Test"/>
  <testcase name="service" time="0.376" classname="com.example.java设计模式.单例.Test"/>
  <testcase name="service" time="0.001" classname="com.example.java设计模式.单例.Test"/>
  <testcase name="service" time="65.041" classname="com.example.java设计模式.单例.Test"/>
  <testcase name="service" time="1.476" classname="com.example.java设计模式.单例.Test"/>
  <testcase name="service" time="0.000" classname="com.example.java设计模式.单例.Test"/>
  <testcase name="service" time="0.000" classname="com.example.java设计模式.单例.Test"/>
  <testcase name="service" time="0.484" classname="com.example.java设计模式.单例.Test"/>
  <testcase name="service" time="0.000" classname="com.example.java设计模式.单例.Test"/>
  <testcase name="service" time="0.000" classname="com.example.java设计模式.单例.Test"/>
  <testcase name="service" time="0.358" classname="com.example.java设计模式.单例.Test"/>
  <testcase name="service" time="0.000" classname="com.example.java设计模式.单例.Test"/>
  <testcase name="service" time="0.030" classname="com.example.java设计模式.单例.Test"/>
  <testcase name="service" time="8.261" classname="com.example.java设计模式.单例.Test"/>
  <testcase name="service" time="0.000" classname="com.example.java设计模式.单例.Test"/>
  <testcase name="service" time="0.286" classname="com.example.java设计模式.单例.Test"/>
  <testcase name="service" time="0.451" classname="com.example.java设计模式.单例.Test"/>
  <testcase name="service" time="0.234" classname="com.example.java设计模式.单例.Test"/>
  <testcase name="service" time="0.371" classname="com.example.java设计模式.单例.Test"/>
  <testcase name="service" time="0.213" classname="com.example.java设计模式.单例.Test"/>
  <testcase name="service" time="0.425" classname="com.example.java设计模式.单例.Test"/>
  <testcase name="service" time="0.000" classname="com.example.java设计模式.单例.Test"/>
  <testcase name="service" time="0.000" classname="com.example.java设计模式.单例.Test"/>
  <testcase name="service" time="0.000" classname="com.example.java设计模式.单例.Test"/>
  <testcase name="service" time="0.001" classname="com.example.java设计模式.单例.Test"/>
  <testcase name="service" time="0.000" classname="com.example.java设计模式.单例.Test"/>
  <testcase name="service" time="0.951" classname="com.example.java设计模式.单例.Test"/>
  <testcase name="service" time="0.000" classname="com.example.java设计模式.单例.Test"/>
  <testcase name="service" time="6.652" classname="com.example.java设计模式.单例.Test"/>
  <testcase name="service" time="0.001" classname="com.example.java设计模式.单例.Test"/>
  <testcase name="service" time="0.000" classname="com.example.java设计模式.单例.Test"/>
  <testcase name="service" time="64.518" classname="com.example.java设计模式.单例.Test"/>
  <testcase name="service" time="0.000" classname="com.example.java设计模式.单例.Test"/>
  <testcase name="service" time="0.195" classname="com.example.java设计模式.单例.Test"/>
  <testcase name="service" time="0.000" classname="com.example.java设计模式.单例.Test"/>
  <testcase name="service" time="0.000" classname="com.example.java设计模式.单例.Test"/>
  <testcase name="service" time="0.000" classname="com.example.java设计模式.单例.Test"/>
  <testcase name="service" time="0.000" classname="com.example.java设计模式.单例.Test"/>
  <testcase name="service" time="0.632" classname="com.example.java设计模式.单例.Test"/>
  <testcase name="service" time="0.079" classname="com.example.java设计模式.单例.Test"/>
  <testcase name="service" time="0.531" classname="com.example.java设计模式.单例.Test"/>
  <testcase name="service" time="0.000" classname="com.example.java设计模式.单例.Test"/>
  <testcase name="service" time="0.000" classname="com.example.java设计模式.单例.Test"/>
  <testcase name="service" time="0.759" classname="com.example.java设计模式.单例.Test"/>
  <testcase name="service" time="0.027" classname="com.example.java设计模式.单例.Test"/>
  <testcase name="service" time="0.200" classname="com.example.java设计模式.单例.Test"/>
  <testcase name="service" time="0.000" classname="com.example.java设计模式.单例.Test"/>
  <testcase name="service" time="0.001" classname="com.example.java设计模式.单例.Test"/>
  <testcase name="service" time="0.000" classname="com.example.java设计模式.单例.Test"/>
  <testcase name="service" time="1.199" classname="com.example.java设计模式.单例.Test"/>
  <testcase name="service" time="0.057" classname="com.example.java设计模式.单例.Test"/>
  <testcase name="service" time="64.498" classname="com.example.java设计模式.单例.Test"/>
  <testcase name="service" time="6.543" classname="com.example.java设计模式.单例.Test"/>
  <testcase name="service" time="64.541" classname="com.example.java设计模式.单例.Test"/>
  <testcase name="service" time="0.000" classname="com.example.java设计模式.单例.Test"/>
  <testcase name="service" time="64.994" classname="com.example.java设计模式.单例.Test"/>
  <testcase name="service" time="0.923" classname="com.example.java设计模式.单例.Test"/>
  <testcase name="service" time="0.085" classname="com.example.java设计模式.单例.Test"/>
  <testcase name="service" time="0.724" classname="com.example.java设计模式.单例.Test"/>
  <testcase name="service" time="0.000" classname="com.example.java设计模式.单例.Test"/>
  <testcase name="service" time="0.492" classname="com.example.java设计模式.单例.Test"/>
  <testcase name="service" time="0.000" classname="com.example.java设计模式.单例.Test"/>
  <testcase name="service" time="0.000" classname="com.example.java设计模式.单例.Test"/>
  <testcase name="service" time="0.000" classname="com.example.java设计模式.单例.Test"/>
  <testcase name="service" time="0.723" classname="com.example.java设计模式.单例.Test"/>
  <testcase name="service" time="65.072" classname="com.example.java设计模式.单例.Test"/>
  <testcase name="service" time="0.813" classname="com.example.java设计模式.单例.Test"/>
  <testcase name="service" time="0.834" classname="com.example.java设计模式.单例.Test"/>
  <testcase name="service" time="0.990" classname="com.example.java设计模式.单例.Test"/>
  <testcase name="service" time="0.000" classname="com.example.java设计模式.单例.Test"/>
  <testcase name="service" time="0.001" classname="com.example.java设计模式.单例.Test"/>
  <testcase name="service" time="0.000" classname="com.example.java设计模式.单例.Test"/>
  <testcase name="service" time="0.000" classname="com.example.java设计模式.单例.Test"/>
  <testcase name="service" time="0.378" classname="com.example.java设计模式.单例.Test"/>
  <testcase name="service" time="0.025" classname="com.example.java设计模式.单例.Test"/>
  <testcase name="service" time="0.000" classname="com.example.java设计模式.单例.Test"/>
  <testcase name="service" time="0.027" classname="com.example.java设计模式.单例.Test"/>
  <testcase name="service" time="0.000" classname="com.example.java设计模式.单例.Test"/>
  <testcase name="service" time="0.000" classname="com.example.java设计模式.单例.Test"/>
  <testcase name="service" time="0.000" classname="com.example.java设计模式.单例.Test"/>
  <testcase name="service" time="0.000" classname="com.example.java设计模式.单例.Test"/>
  <testcase name="service" time="64.686" classname="com.example.java设计模式.单例.Test"/>
  <testcase name="service" time="0.072" classname="com.example.java设计模式.单例.Test"/>
  <testcase name="service" time="0.001" classname="com.example.java设计模式.单例.Test"/>
  <testcase name="service" time="0.000" classname="com.example.java设计模式.单例.Test"/>
  <testcase name="service" time="0.992" classname="com.example.java设计模式.单例.Test"/>
  <testcase name="service" time="0.703" classname="com.example.java设计模式.单例.Test"/>
  <testcase name="service" time="0.001" classname="com.example.java设计模式.单例.Test"/>
  <testcase name="service" time="65.370" classname="com.example.java设计模式.单例.Test"/>
  <testcase name="service" time="0.000" classname="com.example.java设计模式.单例.Test"/>
  <testcase name="service" time="6.411" classname="com.example.java设计模式.单例.Test"/>
  <testcase name="service" time="0.376" classname="com.example.java设计模式.单例.Test"/>
  <testcase name="service" time="0.000" classname="com.example.java设计模式.单例.Test"/>
  <testcase name="service" time="0.000" classname="com.example.java设计模式.单例.Test"/>
  <testcase name="service" time="0.367" classname="com.example.java设计模式.单例.Test"/>
  <testcase name="service" time="1.117" classname="com.example.java设计模式.单例.Test"/>
  <testcase name="service" time="0.000" classname="com.example.java设计模式.单例.Test"/>
  <testcase name="service" time="0.001" classname="com.example.java设计模式.单例.Test"/>
  <testcase name="service" time="0.411" classname="com.example.java设计模式.单例.Test"/>
  <testcase name="service" time="0.000" classname="com.example.java设计模式.单例.Test"/>
  <testcase name="service" time="0.835" classname="com.example.java设计模式.单例.Test"/>
  <testcase name="service" time="0.000" classname="com.example.java设计模式.单例.Test"/>
  <testcase name="service" time="0.000" classname="com.example.java设计模式.单例.Test"/>
  <testcase name="service" time="0.000" classname="com.example.java设计模式.单例.Test"/>
  <testcase name="service" time="0.001" classname="com.example.java设计模式.单例.Test"/>
  <testcase name="service" time="0.000" classname="com.example.java设计模式.单例.Test"/>
  <testcase name="service" time="0.001" classname="com.example.java设计模式.单例.Test"/>
  <testcase name="service" time="0.367" classname="com.example.java设计模式.单例.Test"/>
  <testcase name="service" time="0.001" classname="com.example.java设计模式.单例.Test"/>
  <testcase name="service" time="0.000" classname="com.example.java设计模式.单例.Test"/>
  <testcase name="service" time="0.429" classname="com.example.java设计模式.单例.Test"/>
  <testcase name="service" time="0.431" classname="com.example.java设计模式.单例.Test"/>
  <testcase name="service" time="0.001" classname="com.example.java设计模式.单例.Test"/>
  <testcase name="service" time="0.000" classname="com.example.java设计模式.单例.Test"/>
  <testcase name="service" time="0.000" classname="com.example.java设计模式.单例.Test"/>
  <testcase name="service" time="0.001" classname="com.example.java设计模式.单例.Test"/>
  <testcase name="service" time="0.000" classname="com.example.java设计模式.单例.Test"/>
  <testcase name="service" time="0.000" classname="com.example.java设计模式.单例.Test"/>
  <testcase name="service" time="0.000" classname="com.example.java设计模式.单例.Test"/>
  <testcase name="service" time="0.000" classname="com.example.java设计模式.单例.Test"/>
  <testcase name="service" time="0.756" classname="com.example.java设计模式.单例.Test"/>
  <testcase name="service" time="0.019" classname="com.example.java设计模式.单例.Test"/>
  <testcase name="service" time="0.015" classname="com.example.java设计模式.单例.Test"/>
  <testcase name="service" time="0.000" classname="com.example.java设计模式.单例.Test"/>
  <testcase name="service" time="0.000" classname="com.example.java设计模式.单例.Test"/>
  <testcase name="service" time="64.970" classname="com.example.java设计模式.单例.Test"/>
  <testcase name="service" time="0.001" classname="com.example.java设计模式.单例.Test"/>
  <testcase name="service" time="8.300" classname="com.example.java设计模式.单例.Test"/>
  <testcase name="service" time="0.452" classname="com.example.java设计模式.单例.Test"/>
  <testcase name="service" time="0.337" classname="com.example.java设计模式.单例.Test"/>
  <testcase name="service" time="0.001" classname="com.example.java设计模式.单例.Test"/>
  <testcase name="service" time="0.000" classname="com.example.java设计模式.单例.Test"/>
  <testcase name="service" time="0.197" classname="com.example.java设计模式.单例.Test"/>
  <testcase name="service" time="0.000" classname="com.example.java设计模式.单例.Test"/>
  <testcase name="service" time="0.001" classname="com.example.java设计模式.单例.Test"/>
  <testcase name="service" time="6.544" classname="com.example.java设计模式.单例.Test"/>
  <testcase name="service" time="0.195" classname="com.example.java设计模式.单例.Test"/>
  <testcase name="service" time="0.001" classname="com.example.java设计模式.单例.Test"/>
  <testcase name="service" time="0.085" classname="com.example.java设计模式.单例.Test"/>
  <testcase name="service" time="0.000" classname="com.example.java设计模式.单例.Test"/>
  <testcase name="service" time="0.836" classname="com.example.java设计模式.单例.Test"/>
  <testcase name="service" time="0.000" classname="com.example.java设计模式.单例.Test"/>
  <testcase name="service" time="1.013" classname="com.example.java设计模式.单例.Test"/>
  <testcase name="service" time="1.275" classname="com.example.java设计模式.单例.Test"/>
  <testcase name="service" time="7.478" classname="com.example.java设计模式.单例.Test"/>
  <testcase name="service" time="64.799" classname="com.example.java设计模式.单例.Test"/>
  <testcase name="service" time="0.996" classname="com.example.java设计模式.单例.Test"/>
  <testcase name="service" time="6.583" classname="com.example.java设计模式.单例.Test"/>
  <testcase name="service" time="0.000" classname="com.example.java设计模式.单例.Test"/>
  <testcase name="service" time="0.204" classname="com.example.java设计模式.单例.Test"/>
  <testcase name="service" time="0.000" classname="com.example.java设计模式.单例.Test"/>
  <testcase name="service" time="0.000" classname="com.example.java设计模式.单例.Test"/>
  <testcase name="service" time="0.000" classname="com.example.java设计模式.单例.Test"/>
  <testcase name="service" time="0.001" classname="com.example.java设计模式.单例.Test"/>
  <testcase name="service" time="0.000" classname="com.example.java设计模式.单例.Test"/>
  <testcase name="service" time="0.000" classname="com.example.java设计模式.单例.Test"/>
  <testcase name="service" time="0.000" classname="com.example.java设计模式.单例.Test"/>
  <testcase name="service" time="1.115" classname="com.example.java设计模式.单例.Test"/>
  <testcase name="service" time="0.000" classname="com.example.java设计模式.单例.Test"/>
  <testcase name="service" time="0.000" classname="com.example.java设计模式.单例.Test"/>
  <testcase name="service" time="64.925" classname="com.example.java设计模式.单例.Test"/>
  <testcase name="service" time="0.000" classname="com.example.java设计模式.单例.Test"/>
  <testcase name="service" time="0.000" classname="com.example.java设计模式.单例.Test"/>
  <testcase name="service" time="0.000" classname="com.example.java设计模式.单例.Test"/>
  <testcase name="service" time="6.563" classname="com.example.java设计模式.单例.Test"/>
  <testcase name="service" time="0.000" classname="com.example.java设计模式.单例.Test"/>
  <testcase name="service" time="0.000" classname="com.example.java设计模式.单例.Test"/>
  <testcase name="service" time="0.839" classname="com.example.java设计模式.单例.Test"/>
  <testcase name="service" time="0.000" classname="com.example.java设计模式.单例.Test"/>
  <testcase name="service" time="0.096" classname="com.example.java设计模式.单例.Test"/>
  <testcase name="service" time="65.052" classname="com.example.java设计模式.单例.Test"/>
  <testcase name="service" time="0.000" classname="com.example.java设计模式.单例.Test"/>
  <testcase name="service" time="0.117" classname="com.example.java设计模式.单例.Test"/>
  <testcase name="service" time="0.001" classname="com.example.java设计模式.单例.Test"/>
  <testcase name="service" time="0.000" classname="com.example.java设计模式.单例.Test"/>
  <testcase name="service" time="0.001" classname="com.example.java设计模式.单例.Test"/>
  <testcase name="service" time="0.049" classname="com.example.java设计模式.单例.Test"/>
  <testcase name="service" time="0.247" classname="com.example.java设计模式.单例.Test"/>
  <testcase name="service" time="0.000" classname="com.example.java设计模式.单例.Test"/>
  <testcase name="service" time="0.000" classname="com.example.java设计模式.单例.Test"/>
  <testcase name="service" time="0.298" classname="com.example.java设计模式.单例.Test"/>
  <testcase name="service" time="0.065" classname="com.example.java设计模式.单例.Test"/>
  <testcase name="service" time="0.071" classname="com.example.java设计模式.单例.Test"/>
  <testcase name="service" time="0.001" classname="com.example.java设计模式.单例.Test"/>
  <testcase name="service" time="0.000" classname="com.example.java设计模式.单例.Test"/>
  <testcase name="service" time="0.000" classname="com.example.java设计模式.单例.Test"/>
  <testcase name="service" time="0.441" classname="com.example.java设计模式.单例.Test"/>
  <testcase name="service" time="0.150" classname="com.example.java设计模式.单例.Test"/>
  <testcase name="service" time="1.330" classname="com.example.java设计模式.单例.Test"/>
  <testcase name="service" time="0.001" classname="com.example.java设计模式.单例.Test"/>
  <testcase name="service" time="0.000" classname="com.example.java设计模式.单例.Test"/>
  <testcase name="service" time="0.001" classname="com.example.java设计模式.单例.Test"/>
  <testcase name="service" time="0.000" classname="com.example.java设计模式.单例.Test"/>
  <testcase name="service" time="0.000" classname="com.example.java设计模式.单例.Test"/>
  <testcase name="service" time="0.056" classname="com.example.java设计模式.单例.Test"/>
  <testcase name="service" time="0.155" classname="com.example.java设计模式.单例.Test"/>
  <testcase name="service" time="64.960" classname="com.example.java设计模式.单例.Test"/>
  <testcase name="service" time="0.868" classname="com.example.java设计模式.单例.Test"/>
  <testcase name="service" time="0.001" classname="com.example.java设计模式.单例.Test"/>
  <testcase name="service" time="0.000" classname="com.example.java设计模式.单例.Test"/>
  <testcase name="service" time="0.003" classname="com.example.java设计模式.单例.Test"/>
  <testcase name="service" time="1.114" classname="com.example.java设计模式.单例.Test"/>
  <testcase name="service" time="1.656" classname="com.example.java设计模式.单例.Test"/>
  <testcase name="service" time="0.000" classname="com.example.java设计模式.单例.Test"/>
  <testcase name="service" time="0.000" classname="com.example.java设计模式.单例.Test"/>
  <testcase name="service" time="0.316" classname="com.example.java设计模式.单例.Test"/>
  <testcase name="service" time="0.000" classname="com.example.java设计模式.单例.Test"/>
  <testcase name="service" time="0.504" classname="com.example.java设计模式.单例.Test"/>
  <testcase name="service" time="0.199" classname="com.example.java设计模式.单例.Test"/>
  <testcase name="service" time="0.000" classname="com.example.java设计模式.单例.Test"/>
  <testcase name="service" time="0.680" classname="com.example.java设计模式.单例.Test"/>
  <testcase name="service" time="0.000" classname="com.example.java设计模式.单例.Test"/>
  <testcase name="service" time="0.001" classname="com.example.java设计模式.单例.Test"/>
  <testcase name="service" time="0.329" classname="com.example.java设计模式.单例.Test"/>
  <testcase name="service" time="0.660" classname="com.example.java设计模式.单例.Test"/>
  <testcase name="service" time="0.001" classname="com.example.java设计模式.单例.Test"/>
  <testcase name="service" time="0.119" classname="com.example.java设计模式.单例.Test"/>
  <testcase name="service" time="0.000" classname="com.example.java设计模式.单例.Test"/>
  <testcase name="service" time="0.000" classname="com.example.java设计模式.单例.Test"/>
  <testcase name="service" time="0.000" classname="com.example.java设计模式.单例.Test"/>
  <testcase name="service" time="1.269" classname="com.example.java设计模式.单例.Test"/>
  <testcase name="service" time="0.573" classname="com.example.java设计模式.单例.Test"/>
  <testcase name="service" time="1.201" classname="com.example.java设计模式.单例.Test"/>
  <testcase name="service" time="0.000" classname="com.example.java设计模式.单例.Test"/>
  <testcase name="service" time="0.001" classname="com.example.java设计模式.单例.Test"/>
  <testcase name="service" time="0.001" classname="com.example.java设计模式.单例.Test"/>
  <testcase name="service" time="0.516" classname="com.example.java设计模式.单例.Test"/>
  <testcase name="service" time="0.000" classname="com.example.java设计模式.单例.Test"/>
  <testcase name="service" time="0.000" classname="com.example.java设计模式.单例.Test"/>
  <testcase name="service" time="7.874" classname="com.example.java设计模式.单例.Test"/>
  <testcase name="service" time="0.000" classname="com.example.java设计模式.单例.Test"/>
  <testcase name="service" time="0.000" classname="com.example.java设计模式.单例.Test"/>
  <testcase name="service" time="0.763" classname="com.example.java设计模式.单例.Test"/>
  <testcase name="service" time="0.309" classname="com.example.java设计模式.单例.Test"/>
  <testcase name="service" time="0.367" classname="com.example.java设计模式.单例.Test"/>
  <testcase name="service" time="0.519" classname="com.example.java设计模式.单例.Test"/>
  <testcase name="service" time="0.000" classname="com.example.java设计模式.单例.Test"/>
  <testcase name="service" time="0.484" classname="com.example.java设计模式.单例.Test"/>
  <testcase name="service" time="7.879" classname="com.example.java设计模式.单例.Test"/>
  <testcase name="service" time="0.000" classname="com.example.java设计模式.单例.Test"/>
  <testcase name="service" time="0.000" classname="com.example.java设计模式.单例.Test"/>
  <testcase name="service" time="0.001" classname="com.example.java设计模式.单例.Test"/>
  <testcase name="service" time="1.184" classname="com.example.java设计模式.单例.Test"/>
  <testcase name="service" time="0.000" classname="com.example.java设计模式.单例.Test"/>
  <testcase name="service" time="0.000" classname="com.example.java设计模式.单例.Test"/>
  <testcase name="service" time="0.000" classname="com.example.java设计模式.单例.Test"/>
  <testcase name="service" time="0.394" classname="com.example.java设计模式.单例.Test"/>
  <testcase name="service" time="0.000" classname="com.example.java设计模式.单例.Test"/>
  <testcase name="service" time="6.583" classname="com.example.java设计模式.单例.Test"/>
  <testcase name="service" time="0.001" classname="com.example.java设计模式.单例.Test"/>
  <testcase name="service" time="0.890" classname="com.example.java设计模式.单例.Test"/>
  <testcase name="service" time="0.001" classname="com.example.java设计模式.单例.Test"/>
  <testcase name="service" time="8.047" classname="com.example.java设计模式.单例.Test"/>
  <testcase name="service" time="0.964" classname="com.example.java设计模式.单例.Test"/>
  <testcase name="service" time="0.000" classname="com.example.java设计模式.单例.Test"/>
  <testcase name="service" time="64.543" classname="com.example.java设计模式.单例.Test"/>
  <testcase name="service" time="6.187" classname="com.example.java设计模式.单例.Test"/>
  <testcase name="service" time="0.236" classname="com.example.java设计模式.单例.Test"/>
  <testcase name="service" time="0.834" classname="com.example.java设计模式.单例.Test"/>
  <testcase name="service" time="0.536" classname="com.example.java设计模式.单例.Test"/>
  <testcase name="service" time="0.000" classname="com.example.java设计模式.单例.Test"/>
  <testcase name="service" time="0.000" classname="com.example.java设计模式.单例.Test"/>
  <testcase name="service" time="6.550" classname="com.example.java设计模式.单例.Test"/>
  <testcase name="service" time="0.000" classname="com.example.java设计模式.单例.Test"/>
  <testcase name="service" time="0.354" classname="com.example.java设计模式.单例.Test"/>
  <testcase name="service" time="65.020" classname="com.example.java设计模式.单例.Test"/>
  <testcase name="service" time="0.000" classname="com.example.java设计模式.单例.Test"/>
  <testcase name="service" time="0.001" classname="com.example.java设计模式.单例.Test"/>
  <testcase name="service" time="0.000" classname="com.example.java设计模式.单例.Test"/>
  <testcase name="service" time="0.234" classname="com.example.java设计模式.单例.Test"/>
  <testcase name="service" time="0.000" classname="com.example.java设计模式.单例.Test"/>
  <testcase name="service" time="1.182" classname="com.example.java设计模式.单例.Test"/>
  <testcase name="service" time="0.001" classname="com.example.java设计模式.单例.Test"/>
  <testcase name="service" time="0.081" classname="com.example.java设计模式.单例.Test"/>
  <testcase name="service" time="0.002" classname="com.example.java设计模式.单例.Test"/>
  <testcase name="service" time="0.941" classname="com.example.java设计模式.单例.Test"/>
  <testcase name="service" time="0.000" classname="com.example.java设计模式.单例.Test"/>
  <testcase name="service" time="0.186" classname="com.example.java设计模式.单例.Test"/>
  <testcase name="service" time="0.043" classname="com.example.java设计模式.单例.Test"/>
  <testcase name="service" time="0.347" classname="com.example.java设计模式.单例.Test"/>
  <testcase name="service" time="0.087" classname="com.example.java设计模式.单例.Test"/>
  <testcase name="service" time="0.817" classname="com.example.java设计模式.单例.Test"/>
  <testcase name="service" time="0.470" classname="com.example.java设计模式.单例.Test"/>
  <testcase name="service" time="64.677" classname="com.example.java设计模式.单例.Test"/>
  <testcase name="service" time="0.365" classname="com.example.java设计模式.单例.Test"/>
  <testcase name="service" time="1.489" classname="com.example.java设计模式.单例.Test"/>
  <testcase name="service" time="0.000" classname="com.example.java设计模式.单例.Test"/>
  <testcase name="service" time="0.001" classname="com.example.java设计模式.单例.Test"/>
  <testcase name="service" time="0.000" classname="com.example.java设计模式.单例.Test"/>
  <testcase name="service" time="0.002" classname="com.example.java设计模式.单例.Test"/>
  <testcase name="service" time="0.000" classname="com.example.java设计模式.单例.Test"/>
  <testcase name="service" time="0.000" classname="com.example.java设计模式.单例.Test"/>
  <testcase name="service" time="4.899" classname="com.example.java设计模式.单例.Test"/>
  <testcase name="service" time="0.072" classname="com.example.java设计模式.单例.Test"/>
  <testcase name="service" time="1.495" classname="com.example.java设计模式.单例.Test"/>
  <testcase name="service" time="0.000" classname="com.example.java设计模式.单例.Test"/>
  <testcase name="service" time="5.118" classname="com.example.java设计模式.单例.Test"/>
  <testcase name="service" time="0.000" classname="com.example.java设计模式.单例.Test"/>
  <testcase name="service" time="7.781" classname="com.example.java设计模式.单例.Test"/>
  <testcase name="service" time="0.550" classname="com.example.java设计模式.单例.Test"/>
  <testcase name="service" time="0.475" classname="com.example.java设计模式.单例.Test"/>
  <testcase name="service" time="0.126" classname="com.example.java设计模式.单例.Test"/>
  <testcase name="service" time="0.334" classname="com.example.java设计模式.单例.Test"/>
  <testcase name="service" time="0.015" classname="com.example.java设计模式.单例.Test"/>
  <testcase name="service" time="0.002" classname="com.example.java设计模式.单例.Test"/>
  <testcase name="service" time="0.726" classname="com.example.java设计模式.单例.Test"/>
  <testcase name="service" time="0.019" classname="com.example.java设计模式.单例.Test"/>
  <testcase name="service" time="0.245" classname="com.example.java设计模式.单例.Test"/>
  <testcase name="service" time="1.472" classname="com.example.java设计模式.单例.Test"/>
  <testcase name="service" time="0.001" classname="com.example.java设计模式.单例.Test"/>
  <testcase name="service" time="0.001" classname="com.example.java设计模式.单例.Test"/>
  <testcase name="service" time="0.523" classname="com.example.java设计模式.单例.Test"/>
  <testcase name="service" time="0.851" classname="com.example.java设计模式.单例.Test"/>
  <testcase name="service" time="0.075" classname="com.example.java设计模式.单例.Test"/>
  <testcase name="service" time="0.369" classname="com.example.java设计模式.单例.Test"/>
  <testcase name="service" time="0.001" classname="com.example.java设计模式.单例.Test"/>
  <testcase name="service" time="0.001" classname="com.example.java设计模式.单例.Test"/>
  <testcase name="service" time="0.217" classname="com.example.java设计模式.单例.Test"/>
  <testcase name="service" time="0.220" classname="com.example.java设计模式.单例.Test"/>
  <testcase name="service" time="0.000" classname="com.example.java设计模式.单例.Test"/>
  <testcase name="service" time="0.000" classname="com.example.java设计模式.单例.Test"/>
  <testcase name="service" time="0.000" classname="com.example.java设计模式.单例.Test"/>
  <testcase name="service" time="0.120" classname="com.example.java设计模式.单例.Test"/>
  <testcase name="service" time="0.000" classname="com.example.java设计模式.单例.Test"/>
  <testcase name="service" time="1.000" classname="com.example.java设计模式.单例.Test"/>
  <testcase name="service" time="0.027" classname="com.example.java设计模式.单例.Test"/>
  <testcase name="service" time="0.039" classname="com.example.java设计模式.单例.Test"/>
  <testcase name="service" time="0.001" classname="com.example.java设计模式.单例.Test"/>
  <testcase name="service" time="0.000" classname="com.example.java设计模式.单例.Test"/>
  <testcase name="service" time="0.000" classname="com.example.java设计模式.单例.Test"/>
  <testcase name="service" time="0.001" classname="com.example.java设计模式.单例.Test"/>
  <testcase name="service" time="1.206" classname="com.example.java设计模式.单例.Test"/>
  <testcase name="service" time="0.000" classname="com.example.java设计模式.单例.Test"/>
  <testcase name="service" time="0.723" classname="com.example.java设计模式.单例.Test"/>
  <testcase name="service" time="7.893" classname="com.example.java设计模式.单例.Test"/>
  <testcase name="service" time="0.899" classname="com.example.java设计模式.单例.Test"/>
  <testcase name="service" time="0.001" classname="com.example.java设计模式.单例.Test"/>
  <testcase name="service" time="0.000" classname="com.example.java设计模式.单例.Test"/>
  <testcase name="service" time="0.619" classname="com.example.java设计模式.单例.Test"/>
  <testcase name="service" time="64.964" classname="com.example.java设计模式.单例.Test"/>
  <testcase name="service" time="0.859" classname="com.example.java设计模式.单例.Test"/>
  <testcase name="service" time="0.000" classname="com.example.java设计模式.单例.Test"/>
  <testcase name="service" time="0.786" classname="com.example.java设计模式.单例.Test"/>
  <testcase name="service" time="0.000" classname="com.example.java设计模式.单例.Test"/>
  <testcase name="service" time="0.498" classname="com.example.java设计模式.单例.Test"/>
  <testcase name="service" time="0.247" classname="com.example.java设计模式.单例.Test"/>
  <testcase name="service" time="0.038" classname="com.example.java设计模式.单例.Test"/>
  <testcase name="service" time="0.112" classname="com.example.java设计模式.单例.Test"/>
  <testcase name="service" time="1.365" classname="com.example.java设计模式.单例.Test"/>
  <testcase name="service" time="0.000" classname="com.example.java设计模式.单例.Test"/>
  <testcase name="service" time="0.511" classname="com.example.java设计模式.单例.Test"/>
  <testcase name="service" time="0.000" classname="com.example.java设计模式.单例.Test"/>
  <testcase name="service" time="0.001" classname="com.example.java设计模式.单例.Test"/>
  <testcase name="service" time="0.000" classname="com.example.java设计模式.单例.Test"/>
  <testcase name="service" time="0.001" classname="com.example.java设计模式.单例.Test"/>
  <testcase name="service" time="6.359" classname="com.example.java设计模式.单例.Test"/>
  <testcase name="service" time="0.133" classname="com.example.java设计模式.单例.Test"/>
  <testcase name="service" time="0.706" classname="com.example.java设计模式.单例.Test"/>
  <testcase name="service" time="0.000" classname="com.example.java设计模式.单例.Test"/>
  <testcase name="service" time="1.230" classname="com.example.java设计模式.单例.Test"/>
  <testcase name="service" time="0.000" classname="com.example.java设计模式.单例.Test"/>
  <testcase name="service" time="0.001" classname="com.example.java设计模式.单例.Test"/>
  <testcase name="service" time="0.000" classname="com.example.java设计模式.单例.Test"/>
  <testcase name="service" time="0.063" classname="com.example.java设计模式.单例.Test"/>
  <testcase name="service" time="0.000" classname="com.example.java设计模式.单例.Test"/>
  <testcase name="service" time="0.000" classname="com.example.java设计模式.单例.Test"/>
  <testcase name="service" time="0.438" classname="com.example.java设计模式.单例.Test"/>
  <testcase name="service" time="0.000" classname="com.example.java设计模式.单例.Test"/>
  <testcase name="service" time="0.259" classname="com.example.java设计模式.单例.Test"/>
  <testcase name="service" time="64.500" classname="com.example.java设计模式.单例.Test"/>
  <testcase name="service" time="0.362" classname="com.example.java设计模式.单例.Test"/>
  <testcase name="service" time="0.068" classname="com.example.java设计模式.单例.Test"/>
  <testcase name="service" time="0.001" classname="com.example.java设计模式.单例.Test"/>
  <testcase name="service" time="1.251" classname="com.example.java设计模式.单例.Test"/>
  <testcase name="service" time="0.000" classname="com.example.java设计模式.单例.Test"/>
  <testcase name="service" time="0.000" classname="com.example.java设计模式.单例.Test"/>
  <testcase name="service" time="0.000" classname="com.example.java设计模式.单例.Test"/>
  <testcase name="service" time="0.000" classname="com.example.java设计模式.单例.Test"/>
  <testcase name="service" time="0.000" classname="com.example.java设计模式.单例.Test"/>
  <testcase name="service" time="0.000" classname="com.example.java设计模式.单例.Test"/>
  <testcase name="service" time="0.000" classname="com.example.java设计模式.单例.Test"/>
  <testcase name="service" time="64.751" classname="com.example.java设计模式.单例.Test"/>
  <testcase name="service" time="0.021" classname="com.example.java设计模式.单例.Test"/>
  <testcase name="service" time="7.861" classname="com.example.java设计模式.单例.Test"/>
  <testcase name="service" time="0.001" classname="com.example.java设计模式.单例.Test"/>
  <testcase name="service" time="0.001" classname="com.example.java设计模式.单例.Test"/>
  <testcase name="service" time="0.971" classname="com.example.java设计模式.单例.Test"/>
  <testcase name="service" time="64.541" classname="com.example.java设计模式.单例.Test"/>
  <testcase name="service" time="0.321" classname="com.example.java设计模式.单例.Test"/>
  <testcase name="service" time="0.035" classname="com.example.java设计模式.单例.Test"/>
  <testcase name="service" time="0.695" classname="com.example.java设计模式.单例.Test"/>
  <testcase name="service" time="0.214" classname="com.example.java设计模式.单例.Test"/>
  <testcase name="service" time="1.134" classname="com.example.java设计模式.单例.Test"/>
  <testcase name="service" time="0.001" classname="com.example.java设计模式.单例.Test"/>
  <testcase name="service" time="0.000" classname="com.example.java设计模式.单例.Test"/>
  <testcase name="service" time="64.934" classname="com.example.java设计模式.单例.Test"/>
  <testcase name="service" time="0.498" classname="com.example.java设计模式.单例.Test"/>
  <testcase name="service" time="1.183" classname="com.example.java设计模式.单例.Test"/>
  <testcase name="service" time="0.202" classname="com.example.java设计模式.单例.Test"/>
  <testcase name="service" time="0.000" classname="com.example.java设计模式.单例.Test"/>
  <testcase name="service" time="6.604" classname="com.example.java设计模式.单例.Test"/>
  <testcase name="service" time="0.000" classname="com.example.java设计模式.单例.Test"/>
  <testcase name="service" time="0.001" classname="com.example.java设计模式.单例.Test"/>
  <testcase name="service" time="0.791" classname="com.example.java设计模式.单例.Test"/>
  <testcase name="service" time="6.899" classname="com.example.java设计模式.单例.Test"/>
  <testcase name="service" time="8.272" classname="com.example.java设计模式.单例.Test"/>
  <testcase name="service" time="0.000" classname="com.example.java设计模式.单例.Test"/>
  <testcase name="service" time="64.901" classname="com.example.java设计模式.单例.Test"/>
  <testcase name="service" time="0.812" classname="com.example.java设计模式.单例.Test"/>
  <testcase name="service" time="0.000" classname="com.example.java设计模式.单例.Test"/>
  <testcase name="service" time="0.000" classname="com.example.java设计模式.单例.Test"/>
  <testcase name="service" time="0.000" classname="com.example.java设计模式.单例.Test"/>
  <testcase name="service" time="64.974" classname="com.example.java设计模式.单例.Test"/>
  <testcase name="service" time="0.001" classname="com.example.java设计模式.单例.Test"/>
  <testcase name="service" time="64.599" classname="com.example.java设计模式.单例.Test"/>
  <testcase name="service" time="0.000" classname="com.example.java设计模式.单例.Test"/>
  <testcase name="service" time="0.001" classname="com.example.java设计模式.单例.Test"/>
  <testcase name="service" time="0.190" classname="com.example.java设计模式.单例.Test"/>
  <testcase name="service" time="0.000" classname="com.example.java设计模式.单例.Test"/>
  <testcase name="service" time="0.102" classname="com.example.java设计模式.单例.Test"/>
  <testcase name="service" time="0.611" classname="com.example.java设计模式.单例.Test"/>
  <testcase name="service" time="64.951" classname="com.example.java设计模式.单例.Test"/>
  <testcase name="service" time="0.000" classname="com.example.java设计模式.单例.Test"/>
  <testcase name="service" time="0.489" classname="com.example.java设计模式.单例.Test"/>
  <testcase name="service" time="0.000" classname="com.example.java设计模式.单例.Test"/>
  <testcase name="service" time="0.788" classname="com.example.java设计模式.单例.Test"/>
  <testcase name="service" time="0.777" classname="com.example.java设计模式.单例.Test"/>
  <testcase name="service" time="0.003" classname="com.example.java设计模式.单例.Test"/>
  <testcase name="service" time="0.000" classname="com.example.java设计模式.单例.Test"/>
  <testcase name="service" time="0.121" classname="com.example.java设计模式.单例.Test"/>
  <testcase name="service" time="1.269" classname="com.example.java设计模式.单例.Test"/>
  <testcase name="service" time="64.517" classname="com.example.java设计模式.单例.Test"/>
  <testcase name="service" time="1.506" classname="com.example.java设计模式.单例.Test"/>
  <testcase name="service" time="0.000" classname="com.example.java设计模式.单例.Test"/>
  <testcase name="service" time="0.672" classname="com.example.java设计模式.单例.Test"/>
  <testcase name="service" time="0.075" classname="com.example.java设计模式.单例.Test"/>
  <testcase name="service" time="0.001" classname="com.example.java设计模式.单例.Test"/>
  <testcase name="service" time="0.001" classname="com.example.java设计模式.单例.Test"/>
  <testcase name="service" time="0.133" classname="com.example.java设计模式.单例.Test"/>
  <testcase name="service" time="0.000" classname="com.example.java设计模式.单例.Test"/>
  <testcase name="service" time="0.000" classname="com.example.java设计模式.单例.Test"/>
  <testcase name="service" time="0.168" classname="com.example.java设计模式.单例.Test"/>
  <testcase name="service" time="0.000" classname="com.example.java设计模式.单例.Test"/>
  <testcase name="service" time="0.055" classname="com.example.java设计模式.单例.Test"/>
  <testcase name="service" time="64.996" classname="com.example.java设计模式.单例.Test"/>
  <testcase name="service" time="0.325" classname="com.example.java设计模式.单例.Test"/>
  <testcase name="service" time="0.000" classname="com.example.java设计模式.单例.Test"/>
  <testcase name="service" time="0.000" classname="com.example.java设计模式.单例.Test"/>
  <testcase name="service" time="0.000" classname="com.example.java设计模式.单例.Test"/>
  <testcase name="service" time="0.001" classname="com.example.java设计模式.单例.Test"/>
  <testcase name="service" time="64.732" classname="com.example.java设计模式.单例.Test"/>
  <testcase name="service" time="0.000" classname="com.example.java设计模式.单例.Test"/>
  <testcase name="service" time="65.023" classname="com.example.java设计模式.单例.Test"/>
  <testcase name="service" time="0.001" classname="com.example.java设计模式.单例.Test"/>
  <testcase name="service" time="0.000" classname="com.example.java设计模式.单例.Test"/>
  <testcase name="service" time="0.000" classname="com.example.java设计模式.单例.Test"/>
  <testcase name="service" time="0.000" classname="com.example.java设计模式.单例.Test"/>
  <testcase name="service" time="0.000" classname="com.example.java设计模式.单例.Test"/>
  <testcase name="service" time="0.001" classname="com.example.java设计模式.单例.Test"/>
  <testcase name="service" time="1.006" classname="com.example.java设计模式.单例.Test"/>
  <testcase name="service" time="0.173" classname="com.example.java设计模式.单例.Test"/>
  <testcase name="service" time="7.999" classname="com.example.java设计模式.单例.Test"/>
  <testcase name="service" time="0.000" classname="com.example.java设计模式.单例.Test"/>
  <testcase name="service" time="0.506" classname="com.example.java设计模式.单例.Test"/>
  <testcase name="service" time="0.000" classname="com.example.java设计模式.单例.Test"/>
  <testcase name="service" time="0.001" classname="com.example.java设计模式.单例.Test"/>
  <testcase name="service" time="0.191" classname="com.example.java设计模式.单例.Test"/>
  <testcase name="service" time="0.001" classname="com.example.java设计模式.单例.Test"/>
  <testcase name="service" time="8.104" classname="com.example.java设计模式.单例.Test"/>
  <testcase name="service" time="0.585" classname="com.example.java设计模式.单例.Test"/>
  <testcase name="service" time="0.220" classname="com.example.java设计模式.单例.Test"/>
  <testcase name="service" time="7.751" classname="com.example.java设计模式.单例.Test"/>
  <testcase name="service" time="0.112" classname="com.example.java设计模式.单例.Test"/>
  <testcase name="service" time="0.000" classname="com.example.java设计模式.单例.Test"/>
  <testcase name="service" time="0.000" classname="com.example.java设计模式.单例.Test"/>
  <testcase name="service" time="0.374" classname="com.example.java设计模式.单例.Test"/>
  <testcase name="service" time="0.000" classname="com.example.java设计模式.单例.Test"/>
  <testcase name="service" time="0.000" classname="com.example.java设计模式.单例.Test"/>
  <testcase name="service" time="0.234" classname="com.example.java设计模式.单例.Test"/>
  <testcase name="service" time="1.072" classname="com.example.java设计模式.单例.Test"/>
  <testcase name="service" time="0.020" classname="com.example.java设计模式.单例.Test"/>
  <testcase name="service" time="0.000" classname="com.example.java设计模式.单例.Test"/>
  <testcase name="service" time="0.001" classname="com.example.java设计模式.单例.Test"/>
  <testcase name="service" time="0.237" classname="com.example.java设计模式.单例.Test"/>
  <testcase name="service" time="0.318" classname="com.example.java设计模式.单例.Test"/>
  <testcase name="service" time="0.153" classname="com.example.java设计模式.单例.Test"/>
  <testcase name="service" time="0.351" classname="com.example.java设计模式.单例.Test"/>
  <testcase name="service" time="0.041" classname="com.example.java设计模式.单例.Test"/>
  <testcase name="service" time="0.001" classname="com.example.java设计模式.单例.Test"/>
  <testcase name="service" time="0.000" classname="com.example.java设计模式.单例.Test"/>
  <testcase name="service" time="0.000" classname="com.example.java设计模式.单例.Test"/>
  <testcase name="service" time="0.000" classname="com.example.java设计模式.单例.Test"/>
  <testcase name="service" time="0.085" classname="com.example.java设计模式.单例.Test"/>
  <testcase name="service" time="0.001" classname="com.example.java设计模式.单例.Test"/>
  <testcase name="service" time="0.000" classname="com.example.java设计模式.单例.Test"/>
  <testcase name="service" time="0.000" classname="com.example.java设计模式.单例.Test"/>
  <testcase name="service" time="0.000" classname="com.example.java设计模式.单例.Test"/>
  <testcase name="service" time="0.000" classname="com.example.java设计模式.单例.Test"/>
  <testcase name="service" time="0.000" classname="com.example.java设计模式.单例.Test"/>
  <testcase name="service" time="0.000" classname="com.example.java设计模式.单例.Test"/>
  <testcase name="service" time="0.400" classname="com.example.java设计模式.单例.Test"/>
  <testcase name="service" time="0.000" classname="com.example.java设计模式.单例.Test"/>
  <testcase name="service" time="0.000" classname="com.example.java设计模式.单例.Test"/>
  <testcase name="service" time="0.000" classname="com.example.java设计模式.单例.Test"/>
  <testcase name="service" time="0.854" classname="com.example.java设计模式.单例.Test"/>
  <testcase name="service" time="0.000" classname="com.example.java设计模式.单例.Test"/>
  <testcase name="service" time="0.369" classname="com.example.java设计模式.单例.Test"/>
  <testcase name="service" time="0.001" classname="com.example.java设计模式.单例.Test"/>
  <testcase name="service" time="0.634" classname="com.example.java设计模式.单例.Test"/>
  <testcase name="service" time="0.578" classname="com.example.java设计模式.单例.Test"/>
  <testcase name="service" time="0.000" classname="com.example.java设计模式.单例.Test"/>
  <testcase name="service" time="0.360" classname="com.example.java设计模式.单例.Test"/>
  <testcase name="service" time="0.782" classname="com.example.java设计模式.单例.Test"/>
  <testcase name="service" time="0.000" classname="com.example.java设计模式.单例.Test"/>
  <testcase name="service" time="0.000" classname="com.example.java设计模式.单例.Test"/>
  <testcase name="service" time="0.577" classname="com.example.java设计模式.单例.Test"/>
  <testcase name="service" time="0.873" classname="com.example.java设计模式.单例.Test"/>
  <testcase name="service" time="0.368" classname="com.example.java设计模式.单例.Test"/>
  <testcase name="service" time="0.000" classname="com.example.java设计模式.单例.Test"/>
  <testcase name="service" time="0.000" classname="com.example.java设计模式.单例.Test"/>
  <testcase name="service" time="0.507" classname="com.example.java设计模式.单例.Test"/>
  <testcase name="service" time="0.000" classname="com.example.java设计模式.单例.Test"/>
  <testcase name="service" time="0.001" classname="com.example.java设计模式.单例.Test"/>
  <testcase name="service" time="0.001" classname="com.example.java设计模式.单例.Test"/>
  <testcase name="service" time="0.000" classname="com.example.java设计模式.单例.Test"/>
  <testcase name="service" time="0.000" classname="com.example.java设计模式.单例.Test"/>
  <testcase name="service" time="0.641" classname="com.example.java设计模式.单例.Test"/>
  <testcase name="service" time="0.010" classname="com.example.java设计模式.单例.Test"/>
  <testcase name="service" time="0.001" classname="com.example.java设计模式.单例.Test"/>
  <testcase name="service" time="0.424" classname="com.example.java设计模式.单例.Test"/>
  <testcase name="service" time="0.334" classname="com.example.java设计模式.单例.Test"/>
  <testcase name="service" time="0.000" classname="com.example.java设计模式.单例.Test"/>
  <testcase name="service" time="0.000" classname="com.example.java设计模式.单例.Test"/>
  <testcase name="service" time="0.047" classname="com.example.java设计模式.单例.Test"/>
  <testcase name="service" time="0.221" classname="com.example.java设计模式.单例.Test"/>
  <testcase name="service" time="0.028" classname="com.example.java设计模式.单例.Test"/>
  <testcase name="service" time="0.001" classname="com.example.java设计模式.单例.Test"/>
  <testcase name="service" time="0.000" classname="com.example.java设计模式.单例.Test"/>
  <testcase name="service" time="0.001" classname="com.example.java设计模式.单例.Test"/>
  <testcase name="service" time="0.001" classname="com.example.java设计模式.单例.Test"/>
  <testcase name="service" time="0.001" classname="com.example.java设计模式.单例.Test"/>
  <testcase name="service" time="0.277" classname="com.example.java设计模式.单例.Test"/>
  <testcase name="service" time="0.000" classname="com.example.java设计模式.单例.Test"/>
  <testcase name="service" time="0.001" classname="com.example.java设计模式.单例.Test"/>
  <testcase name="service" time="0.001" classname="com.example.java设计模式.单例.Test"/>
  <testcase name="service" time="0.000" classname="com.example.java设计模式.单例.Test"/>
  <testcase name="service" time="0.338" classname="com.example.java设计模式.单例.Test"/>
  <testcase name="service" time="0.000" classname="com.example.java设计模式.单例.Test"/>
  <testcase name="service" time="0.968" classname="com.example.java设计模式.单例.Test"/>
  <testcase name="service" time="0.221" classname="com.example.java设计模式.单例.Test"/>
  <testcase name="service" time="64.686" classname="com.example.java设计模式.单例.Test"/>
  <testcase name="service" time="0.737" classname="com.example.java设计模式.单例.Test"/>
  <testcase name="service" time="0.592" classname="com.example.java设计模式.单例.Test"/>
  <testcase name="service" time="0.000" classname="com.example.java设计模式.单例.Test"/>
  <testcase name="service" time="0.000" classname="com.example.java设计模式.单例.Test"/>
  <testcase name="service" time="0.320" classname="com.example.java设计模式.单例.Test"/>
  <testcase name="service" time="0.153" classname="com.example.java设计模式.单例.Test"/>
  <testcase name="service" time="0.231" classname="com.example.java设计模式.单例.Test"/>
  <testcase name="service" time="0.467" classname="com.example.java设计模式.单例.Test"/>
  <testcase name="service" time="0.000" classname="com.example.java设计模式.单例.Test"/>
  <testcase name="service" time="0.001" classname="com.example.java设计模式.单例.Test"/>
  <testcase name="service" time="0.000" classname="com.example.java设计模式.单例.Test"/>
  <testcase name="service" time="0.000" classname="com.example.java设计模式.单例.Test"/>
  <testcase name="service" time="0.000" classname="com.example.java设计模式.单例.Test"/>
  <testcase name="service" time="0.000" classname="com.example.java设计模式.单例.Test"/>
  <testcase name="service" time="1.124" classname="com.example.java设计模式.单例.Test"/>
  <testcase name="service" time="0.037" classname="com.example.java设计模式.单例.Test"/>
  <testcase name="service" time="1.025" classname="com.example.java设计模式.单例.Test"/>
  <testcase name="service" time="0.000" classname="com.example.java设计模式.单例.Test"/>
  <testcase name="service" time="0.000" classname="com.example.java设计模式.单例.Test"/>
  <testcase name="service" time="0.000" classname="com.example.java设计模式.单例.Test"/>
  <testcase name="service" time="0.000" classname="com.example.java设计模式.单例.Test"/>
  <testcase name="service" time="0.000" classname="com.example.java设计模式.单例.Test"/>
  <testcase name="service" time="8.381" classname="com.example.java设计模式.单例.Test"/>
  <testcase name="service" time="0.000" classname="com.example.java设计模式.单例.Test"/>
  <testcase name="service" time="1.328" classname="com.example.java设计模式.单例.Test"/>
  <testcase name="service" time="0.001" classname="com.example.java设计模式.单例.Test"/>
  <testcase name="service" time="0.605" classname="com.example.java设计模式.单例.Test"/>
  <testcase name="service" time="0.247" classname="com.example.java设计模式.单例.Test"/>
  <testcase name="service" time="0.594" classname="com.example.java设计模式.单例.Test"/>
  <testcase name="service" time="0.039" classname="com.example.java设计模式.单例.Test"/>
  <testcase name="service" time="65.368" classname="com.example.java设计模式.单例.Test"/>
  <testcase name="service" time="0.000" classname="com.example.java设计模式.单例.Test"/>
  <testcase name="service" time="0.000" classname="com.example.java设计模式.单例.Test"/>
  <testcase name="service" time="64.975" classname="com.example.java设计模式.单例.Test"/>
  <testcase name="service" time="0.000" classname="com.example.java设计模式.单例.Test"/>
  <testcase name="service" time="0.000" classname="com.example.java设计模式.单例.Test"/>
  <testcase name="service" time="1.543" classname="com.example.java设计模式.单例.Test"/>
  <testcase name="service" time="65.045" classname="com.example.java设计模式.单例.Test"/>
  <testcase name="service" time="0.381" classname="com.example.java设计模式.单例.Test"/>
  <testcase name="service" time="0.329" classname="com.example.java设计模式.单例.Test"/>
  <testcase name="service" time="1.618" classname="com.example.java设计模式.单例.Test"/>
  <testcase name="service" time="0.000" classname="com.example.java设计模式.单例.Test"/>
  <testcase name="service" time="1.102" classname="com.example.java设计模式.单例.Test"/>
  <testcase name="service" time="0.000" classname="com.example.java设计模式.单例.Test"/>
  <testcase name="service" time="0.462" classname="com.example.java设计模式.单例.Test"/>
  <testcase name="service" time="0.000" classname="com.example.java设计模式.单例.Test"/>
  <testcase name="service" time="0.001" classname="com.example.java设计模式.单例.Test"/>
  <testcase name="service" time="0.000" classname="com.example.java设计模式.单例.Test"/>
  <testcase name="service" time="0.123" classname="com.example.java设计模式.单例.Test"/>
  <testcase name="service" time="0.199" classname="com.example.java设计模式.单例.Test"/>
  <testcase name="service" time="0.983" classname="com.example.java设计模式.单例.Test"/>
  <testcase name="service" time="0.362" classname="com.example.java设计模式.单例.Test"/>
  <testcase name="service" time="0.000" classname="com.example.java设计模式.单例.Test"/>
  <testcase name="service" time="0.472" classname="com.example.java设计模式.单例.Test"/>
  <testcase name="service" time="0.602" classname="com.example.java设计模式.单例.Test"/>
  <testcase name="service" time="0.001" classname="com.example.java设计模式.单例.Test"/>
  <testcase name="service" time="0.000" classname="com.example.java设计模式.单例.Test"/>
  <testcase name="service" time="0.000" classname="com.example.java设计模式.单例.Test"/>
  <testcase name="service" time="0.000" classname="com.example.java设计模式.单例.Test"/>
  <testcase name="service" time="0.000" classname="com.example.java设计模式.单例.Test"/>
  <testcase name="service" time="1.275" classname="com.example.java设计模式.单例.Test"/>
  <testcase name="service" time="0.456" classname="com.example.java设计模式.单例.Test"/>
  <testcase name="service" time="0.235" classname="com.example.java设计模式.单例.Test"/>
  <testcase name="service" time="7.084" classname="com.example.java设计模式.单例.Test"/>
  <testcase name="service" time="0.000" classname="com.example.java设计模式.单例.Test"/>
  <testcase name="service" time="0.001" classname="com.example.java设计模式.单例.Test"/>
  <testcase name="service" time="0.079" classname="com.example.java设计模式.单例.Test"/>
  <testcase name="service" time="0.775" classname="com.example.java设计模式.单例.Test"/>
  <testcase name="service" time="1.062" classname="com.example.java设计模式.单例.Test"/>
  <testcase name="service" time="0.000" classname="com.example.java设计模式.单例.Test"/>
  <testcase name="service" time="0.000" classname="com.example.java设计模式.单例.Test"/>
  <testcase name="service" time="0.000" classname="com.example.java设计模式.单例.Test"/>
  <testcase name="service" time="6.347" classname="com.example.java设计模式.单例.Test"/>
  <testcase name="service" time="0.000" classname="com.example.java设计模式.单例.Test"/>
  <testcase name="service" time="64.546" classname="com.example.java设计模式.单例.Test"/>
  <testcase name="service" time="0.247" classname="com.example.java设计模式.单例.Test"/>
  <testcase name="service" time="0.223" classname="com.example.java设计模式.单例.Test"/>
  <testcase name="service" time="0.001" classname="com.example.java设计模式.单例.Test"/>
  <testcase name="service" time="0.000" classname="com.example.java设计模式.单例.Test"/>
  <testcase name="service" time="0.000" classname="com.example.java设计模式.单例.Test"/>
  <testcase name="service" time="0.001" classname="com.example.java设计模式.单例.Test"/>
  <testcase name="service" time="0.000" classname="com.example.java设计模式.单例.Test"/>
  <testcase name="service" time="0.005" classname="com.example.java设计模式.单例.Test"/>
  <testcase name="service" time="0.001" classname="com.example.java设计模式.单例.Test"/>
  <testcase name="service" time="0.000" classname="com.example.java设计模式.单例.Test"/>
  <testcase name="service" time="0.000" classname="com.example.java设计模式.单例.Test"/>
  <testcase name="service" time="0.000" classname="com.example.java设计模式.单例.Test"/>
  <testcase name="service" time="0.000" classname="com.example.java设计模式.单例.Test"/>
  <testcase name="service" time="0.246" classname="com.example.java设计模式.单例.Test"/>
  <testcase name="service" time="0.000" classname="com.example.java设计模式.单例.Test"/>
  <testcase name="service" time="0.203" classname="com.example.java设计模式.单例.Test"/>
  <testcase name="service" time="0.000" classname="com.example.java设计模式.单例.Test"/>
  <testcase name="service" time="0.000" classname="com.example.java设计模式.单例.Test"/>
  <testcase name="service" time="0.001" classname="com.example.java设计模式.单例.Test"/>
  <testcase name="service" time="0.001" classname="com.example.java设计模式.单例.Test"/>
  <testcase name="service" time="8.059" classname="com.example.java设计模式.单例.Test"/>
  <testcase name="service" time="1.541" classname="com.example.java设计模式.单例.Test"/>
  <testcase name="service" time="0.878" classname="com.example.java设计模式.单例.Test"/>
  <testcase name="service" time="0.000" classname="com.example.java设计模式.单例.Test"/>
  <testcase name="service" time="0.000" classname="com.example.java设计模式.单例.Test"/>
  <testcase name="service" time="0.000" classname="com.example.java设计模式.单例.Test"/>
  <testcase name="service" time="0.000" classname="com.example.java设计模式.单例.Test"/>
  <testcase name="service" time="0.000" classname="com.example.java设计模式.单例.Test"/>
  <testcase name="service" time="0.000" classname="com.example.java设计模式.单例.Test"/>
  <testcase name="service" time="0.373" classname="com.example.java设计模式.单例.Test"/>
  <testcase name="service" time="7.762" classname="com.example.java设计模式.单例.Test"/>
  <testcase name="service" time="0.000" classname="com.example.java设计模式.单例.Test"/>
  <testcase name="service" time="0.564" classname="com.example.java设计模式.单例.Test"/>
  <testcase name="service" time="0.000" classname="com.example.java设计模式.单例.Test"/>
  <testcase name="service" time="0.000" classname="com.example.java设计模式.单例.Test"/>
  <testcase name="service" time="0.000" classname="com.example.java设计模式.单例.Test"/>
  <testcase name="service" time="0.000" classname="com.example.java设计模式.单例.Test"/>
  <testcase name="service" time="0.001" classname="com.example.java设计模式.单例.Test"/>
  <testcase name="service" time="0.134" classname="com.example.java设计模式.单例.Test"/>
  <testcase name="service" time="0.010" classname="com.example.java设计模式.单例.Test"/>
  <testcase name="service" time="5.142" classname="com.example.java设计模式.单例.Test"/>
  <testcase name="service" time="0.000" classname="com.example.java设计模式.单例.Test"/>
  <testcase name="service" time="0.907" classname="com.example.java设计模式.单例.Test"/>
  <testcase name="service" time="0.001" classname="com.example.java设计模式.单例.Test"/>
  <testcase name="service" time="0.980" classname="com.example.java设计模式.单例.Test"/>
  <testcase name="service" time="0.411" classname="com.example.java设计模式.单例.Test"/>
  <testcase name="service" time="0.000" classname="com.example.java设计模式.单例.Test"/>
  <testcase name="service" time="0.000" classname="com.example.java设计模式.单例.Test"/>
  <testcase name="service" time="0.588" classname="com.example.java设计模式.单例.Test"/>
  <testcase name="service" time="0.354" classname="com.example.java设计模式.单例.Test"/>
  <testcase name="service" time="0.001" classname="com.example.java设计模式.单例.Test"/>
  <testcase name="service" time="0.001" classname="com.example.java设计模式.单例.Test"/>
  <testcase name="service" time="0.000" classname="com.example.java设计模式.单例.Test"/>
  <testcase name="service" time="1.344" classname="com.example.java设计模式.单例.Test"/>
  <testcase name="service" time="0.887" classname="com.example.java设计模式.单例.Test"/>
  <testcase name="service" time="0.000" classname="com.example.java设计模式.单例.Test"/>
  <testcase name="service" time="0.004" classname="com.example.java设计模式.单例.Test"/>
  <testcase name="service" time="0.000" classname="com.example.java设计模式.单例.Test"/>
  <testcase name="service" time="0.001" classname="com.example.java设计模式.单例.Test"/>
  <testcase name="service" time="0.869" classname="com.example.java设计模式.单例.Test"/>
  <testcase name="service" time="0.223" classname="com.example.java设计模式.单例.Test"/>
  <testcase name="service" time="0.000" classname="com.example.java设计模式.单例.Test"/>
  <testcase name="service" time="0.000" classname="com.example.java设计模式.单例.Test"/>
  <testcase name="service" time="0.208" classname="com.example.java设计模式.单例.Test"/>
  <testcase name="service" time="0.000" classname="com.example.java设计模式.单例.Test"/>
  <testcase name="service" time="0.000" classname="com.example.java设计模式.单例.Test"/>
  <testcase name="service" time="0.001" classname="com.example.java设计模式.单例.Test"/>
  <testcase name="service" time="0.000" classname="com.example.java设计模式.单例.Test"/>
  <testcase name="service" time="0.000" classname="com.example.java设计模式.单例.Test"/>
  <testcase name="service" time="0.001" classname="com.example.java设计模式.单例.Test"/>
  <testcase name="service" time="0.000" classname="com.example.java设计模式.单例.Test"/>
  <testcase name="service" time="0.074" classname="com.example.java设计模式.单例.Test"/>
  <testcase name="service" time="0.000" classname="com.example.java设计模式.单例.Test"/>
  <testcase name="service" time="0.001" classname="com.example.java设计模式.单例.Test"/>
  <testcase name="service" time="0.262" classname="com.example.java设计模式.单例.Test"/>
  <testcase name="service" time="0.000" classname="com.example.java设计模式.单例.Test"/>
  <testcase name="service" time="0.181" classname="com.example.java设计模式.单例.Test"/>
  <testcase name="service" time="0.000" classname="com.example.java设计模式.单例.Test"/>
  <testcase name="service" time="0.000" classname="com.example.java设计模式.单例.Test"/>
  <testcase name="service" time="0.244" classname="com.example.java设计模式.单例.Test"/>
  <testcase name="service" time="1.046" classname="com.example.java设计模式.单例.Test"/>
  <testcase name="service" time="0.001" classname="com.example.java设计模式.单例.Test"/>
  <testcase name="service" time="0.111" classname="com.example.java设计模式.单例.Test"/>
  <testcase name="service" time="0.191" classname="com.example.java设计模式.单例.Test"/>
  <testcase name="service" time="0.000" classname="com.example.java设计模式.单例.Test"/>
  <testcase name="service" time="0.000" classname="com.example.java设计模式.单例.Test"/>
  <testcase name="service" time="0.000" classname="com.example.java设计模式.单例.Test"/>
  <testcase name="service" time="0.349" classname="com.example.java设计模式.单例.Test"/>
  <testcase name="service" time="0.807" classname="com.example.java设计模式.单例.Test"/>
  <testcase name="service" time="0.000" classname="com.example.java设计模式.单例.Test"/>
  <testcase name="service" time="0.000" classname="com.example.java设计模式.单例.Test"/>
  <testcase name="service" time="0.418" classname="com.example.java设计模式.单例.Test"/>
  <testcase name="service" time="0.000" classname="com.example.java设计模式.单例.Test"/>
  <testcase name="service" time="0.417" classname="com.example.java设计模式.单例.Test"/>
  <testcase name="service" time="0.905" classname="com.example.java设计模式.单例.Test"/>
  <testcase name="service" time="0.365" classname="com.example.java设计模式.单例.Test"/>
  <testcase name="service" time="0.001" classname="com.example.java设计模式.单例.Test"/>
  <testcase name="service" time="64.515" classname="com.example.java设计模式.单例.Test"/>
  <testcase name="service" time="6.498" classname="com.example.java设计模式.单例.Test"/>
  <testcase name="service" time="0.000" classname="com.example.java设计模式.单例.Test"/>
  <testcase name="service" time="0.026" classname="com.example.java设计模式.单例.Test"/>
  <testcase name="service" time="0.499" classname="com.example.java设计模式.单例.Test"/>
  <testcase name="service" time="0.329" classname="com.example.java设计模式.单例.Test"/>
  <testcase name="service" time="0.000" classname="com.example.java设计模式.单例.Test"/>
  <testcase name="service" time="0.000" classname="com.example.java设计模式.单例.Test"/>
  <testcase name="service" time="0.000" classname="com.example.java设计模式.单例.Test"/>
  <testcase name="service" time="0.000" classname="com.example.java设计模式.单例.Test"/>
  <testcase name="service" time="0.000" classname="com.example.java设计模式.单例.Test"/>
  <testcase name="service" time="0.001" classname="com.example.java设计模式.单例.Test"/>
  <testcase name="service" time="5.522" classname="com.example.java设计模式.单例.Test"/>
  <testcase name="service" time="0.000" classname="com.example.java设计模式.单例.Test"/>
  <testcase name="service" time="0.969" classname="com.example.java设计模式.单例.Test"/>
  <testcase name="service" time="1.202" classname="com.example.java设计模式.单例.Test"/>
  <testcase name="service" time="0.001" classname="com.example.java设计模式.单例.Test"/>
  <testcase name="service" time="0.235" classname="com.example.java设计模式.单例.Test"/>
  <testcase name="service" time="0.020" classname="com.example.java设计模式.单例.Test"/>
  <testcase name="service" time="0.000" classname="com.example.java设计模式.单例.Test"/>
  <testcase name="service" time="0.000" classname="com.example.java设计模式.单例.Test"/>
  <testcase name="service" time="0.758" classname="com.example.java设计模式.单例.Test"/>
  <testcase name="service" time="0.000" classname="com.example.java设计模式.单例.Test"/>
  <testcase name="service" time="0.003" classname="com.example.java设计模式.单例.Test"/>
  <testcase name="service" time="64.973" classname="com.example.java设计模式.单例.Test"/>
  <testcase name="service" time="0.091" classname="com.example.java设计模式.单例.Test"/>
  <testcase name="service" time="0.514" classname="com.example.java设计模式.单例.Test"/>
  <testcase name="service" time="0.419" classname="com.example.java设计模式.单例.Test"/>
  <testcase name="service" time="0.860" classname="com.example.java设计模式.单例.Test"/>
  <testcase name="service" time="0.040" classname="com.example.java设计模式.单例.Test"/>
  <testcase name="service" time="0.115" classname="com.example.java设计模式.单例.Test"/>
  <testcase name="service" time="0.000" classname="com.example.java设计模式.单例.Test"/>
  <testcase name="service" time="0.047" classname="com.example.java设计模式.单例.Test"/>
  <testcase name="service" time="0.000" classname="com.example.java设计模式.单例.Test"/>
  <testcase name="service" time="0.000" classname="com.example.java设计模式.单例.Test"/>
  <testcase name="service" time="6.699" classname="com.example.java设计模式.单例.Test"/>
  <testcase name="service" time="0.510" classname="com.example.java设计模式.单例.Test"/>
  <testcase name="service" time="0.072" classname="com.example.java设计模式.单例.Test"/>
  <testcase name="service" time="0.000" classname="com.example.java设计模式.单例.Test"/>
  <testcase name="service" time="0.000" classname="com.example.java设计模式.单例.Test"/>
  <testcase name="service" time="0.037" classname="com.example.java设计模式.单例.Test"/>
  <testcase name="service" time="0.000" classname="com.example.java设计模式.单例.Test"/>
  <testcase name="service" time="7.853" classname="com.example.java设计模式.单例.Test"/>
  <testcase name="service" time="0.001" classname="com.example.java设计模式.单例.Test"/>
  <testcase name="service" time="0.001" classname="com.example.java设计模式.单例.Test"/>
  <testcase name="service" time="0.000" classname="com.example.java设计模式.单例.Test"/>
  <testcase name="service" time="0.001" classname="com.example.java设计模式.单例.Test"/>
  <testcase name="service" time="0.000" classname="com.example.java设计模式.单例.Test"/>
  <testcase name="service" time="0.819" classname="com.example.java设计模式.单例.Test"/>
  <testcase name="service" time="0.001" classname="com.example.java设计模式.单例.Test"/>
  <testcase name="service" time="0.000" classname="com.example.java设计模式.单例.Test"/>
  <testcase name="service" time="0.892" classname="com.example.java设计模式.单例.Test"/>
  <testcase name="service" time="0.269" classname="com.example.java设计模式.单例.Test"/>
  <testcase name="service" time="0.933" classname="com.example.java设计模式.单例.Test"/>
  <testcase name="service" time="0.212" classname="com.example.java设计模式.单例.Test"/>
  <testcase name="service" time="0.000" classname="com.example.java设计模式.单例.Test"/>
  <testcase name="service" time="0.053" classname="com.example.java设计模式.单例.Test"/>
  <testcase name="service" time="0.525" classname="com.example.java设计模式.单例.Test"/>
  <testcase name="service" time="0.000" classname="com.example.java设计模式.单例.Test"/>
  <testcase name="service" time="0.001" classname="com.example.java设计模式.单例.Test"/>
  <testcase name="service" time="0.000" classname="com.example.java设计模式.单例.Test"/>
  <testcase name="service" time="0.001" classname="com.example.java设计模式.单例.Test"/>
  <testcase name="service" time="0.001" classname="com.example.java设计模式.单例.Test"/>
  <testcase name="service" time="0.000" classname="com.example.java设计模式.单例.Test"/>
  <testcase name="service" time="0.000" classname="com.example.java设计模式.单例.Test"/>
  <testcase name="service" time="0.000" classname="com.example.java设计模式.单例.Test"/>
  <testcase name="service" time="0.000" classname="com.example.java设计模式.单例.Test"/>
  <testcase name="service" time="0.729" classname="com.example.java设计模式.单例.Test"/>
  <testcase name="service" time="8.302" classname="com.example.java设计模式.单例.Test"/>
  <testcase name="service" time="1.318" classname="com.example.java设计模式.单例.Test"/>
  <testcase name="service" time="0.000" classname="com.example.java设计模式.单例.Test"/>
  <testcase name="service" time="0.001" classname="com.example.java设计模式.单例.Test"/>
  <testcase name="service" time="0.000" classname="com.example.java设计模式.单例.Test"/>
  <testcase name="service" time="0.266" classname="com.example.java设计模式.单例.Test"/>
  <testcase name="service" time="0.143" classname="com.example.java设计模式.单例.Test"/>
  <testcase name="service" time="0.001" classname="com.example.java设计模式.单例.Test"/>
  <testcase name="service" time="0.215" classname="com.example.java设计模式.单例.Test"/>
  <testcase name="service" time="0.056" classname="com.example.java设计模式.单例.Test"/>
  <testcase name="service" time="0.787" classname="com.example.java设计模式.单例.Test"/>
  <testcase name="service" time="0.382" classname="com.example.java设计模式.单例.Test"/>
  <testcase name="service" time="0.569" classname="com.example.java设计模式.单例.Test"/>
  <testcase name="service" time="0.000" classname="com.example.java设计模式.单例.Test"/>
  <testcase name="service" time="0.000" classname="com.example.java设计模式.单例.Test"/>
  <testcase name="service" time="0.000" classname="com.example.java设计模式.单例.Test"/>
  <testcase name="service" time="0.000" classname="com.example.java设计模式.单例.Test"/>
  <testcase name="service" time="0.001" classname="com.example.java设计模式.单例.Test"/>
  <testcase name="service" time="1.580" classname="com.example.java设计模式.单例.Test"/>
  <testcase name="service" time="0.246" classname="com.example.java设计模式.单例.Test"/>
  <testcase name="service" time="0.360" classname="com.example.java设计模式.单例.Test"/>
  <testcase name="service" time="0.160" classname="com.example.java设计模式.单例.Test"/>
  <testcase name="service" time="0.768" classname="com.example.java设计模式.单例.Test"/>
  <testcase name="service" time="0.270" classname="com.example.java设计模式.单例.Test"/>
  <testcase name="service" time="0.001" classname="com.example.java设计模式.单例.Test"/>
  <testcase name="service" time="0.001" classname="com.example.java设计模式.单例.Test"/>
  <testcase name="service" time="0.752" classname="com.example.java设计模式.单例.Test"/>
  <testcase name="service" time="0.000" classname="com.example.java设计模式.单例.Test"/>
  <testcase name="service" time="0.000" classname="com.example.java设计模式.单例.Test"/>
  <testcase name="service" time="0.754" classname="com.example.java设计模式.单例.Test"/>
  <testcase name="service" time="0.416" classname="com.example.java设计模式.单例.Test"/>
  <testcase name="service" time="0.000" classname="com.example.java设计模式.单例.Test"/>
  <testcase name="service" time="0.000" classname="com.example.java设计模式.单例.Test"/>
  <testcase name="service" time="0.000" classname="com.example.java设计模式.单例.Test"/>
  <testcase name="service" time="0.587" classname="com.example.java设计模式.单例.Test"/>
  <testcase name="service" time="0.000" classname="com.example.java设计模式.单例.Test"/>
  <testcase name="service" time="6.354" classname="com.example.java设计模式.单例.Test"/>
  <testcase name="service" time="0.001" classname="com.example.java设计模式.单例.Test"/>
  <testcase name="service" time="0.000" classname="com.example.java设计模式.单例.Test"/>
  <testcase name="service" time="0.001" classname="com.example.java设计模式.单例.Test"/>
  <testcase name="service" time="0.000" classname="com.example.java设计模式.单例.Test"/>
  <testcase name="service" time="0.000" classname="com.example.java设计模式.单例.Test"/>
  <testcase name="service" time="0.000" classname="com.example.java设计模式.单例.Test"/>
  <testcase name="service" time="0.001" classname="com.example.java设计模式.单例.Test"/>
  <testcase name="service" time="0.001" classname="com.example.java设计模式.单例.Test"/>
  <testcase name="service" time="0.811" classname="com.example.java设计模式.单例.Test"/>
  <testcase name="service" time="0.001" classname="com.example.java设计模式.单例.Test"/>
  <testcase name="service" time="0.000" classname="com.example.java设计模式.单例.Test"/>
  <testcase name="service" time="0.194" classname="com.example.java设计模式.单例.Test"/>
  <testcase name="service" time="0.790" classname="com.example.java设计模式.单例.Test"/>
  <testcase name="service" time="0.454" classname="com.example.java设计模式.单例.Test"/>
  <testcase name="service" time="0.063" classname="com.example.java设计模式.单例.Test"/>
  <testcase name="service" time="64.975" classname="com.example.java设计模式.单例.Test"/>
  <testcase name="service" time="0.000" classname="com.example.java设计模式.单例.Test"/>
  <testcase name="service" time="0.848" classname="com.example.java设计模式.单例.Test"/>
  <testcase name="service" time="64.628" classname="com.example.java设计模式.单例.Test"/>
  <testcase name="service" time="0.000" classname="com.example.java设计模式.单例.Test"/>
  <testcase name="service" time="0.812" classname="com.example.java设计模式.单例.Test"/>
  <testcase name="service" time="0.000" classname="com.example.java设计模式.单例.Test"/>
  <testcase name="service" time="6.374" classname="com.example.java设计模式.单例.Test"/>
  <testcase name="service" time="0.240" classname="com.example.java设计模式.单例.Test"/>
  <testcase name="service" time="0.231" classname="com.example.java设计模式.单例.Test"/>
  <testcase name="service" time="0.000" classname="com.example.java设计模式.单例.Test"/>
  <testcase name="service" time="0.000" classname="com.example.java设计模式.单例.Test"/>
  <testcase name="service" time="0.000" classname="com.example.java设计模式.单例.Test"/>
  <testcase name="service" time="0.133" classname="com.example.java设计模式.单例.Test"/>
  <testcase name="service" time="0.000" classname="com.example.java设计模式.单例.Test"/>
  <testcase name="service" time="64.740" classname="com.example.java设计模式.单例.Test"/>
  <testcase name="service" time="0.001" classname="com.example.java设计模式.单例.Test"/>
  <testcase name="service" time="0.023" classname="com.example.java设计模式.单例.Test"/>
  <testcase name="service" time="0.000" classname="com.example.java设计模式.单例.Test"/>
  <testcase name="service" time="0.363" classname="com.example.java设计模式.单例.Test"/>
  <testcase name="service" time="0.001" classname="com.example.java设计模式.单例.Test"/>
  <testcase name="service" time="0.001" classname="com.example.java设计模式.单例.Test"/>
  <testcase name="service" time="0.000" classname="com.example.java设计模式.单例.Test"/>
  <testcase name="service" time="0.071" classname="com.example.java设计模式.单例.Test"/>
  <testcase name="service" time="0.378" classname="com.example.java设计模式.单例.Test"/>
  <testcase name="service" time="0.490" classname="com.example.java设计模式.单例.Test"/>
  <testcase name="service" time="0.821" classname="com.example.java设计模式.单例.Test"/>
  <testcase name="service" time="0.036" classname="com.example.java设计模式.单例.Test"/>
  <testcase name="service" time="0.509" classname="com.example.java设计模式.单例.Test"/>
  <testcase name="service" time="0.005" classname="com.example.java设计模式.单例.Test"/>
  <testcase name="service" time="5.526" classname="com.example.java设计模式.单例.Test"/>
  <testcase name="service" time="1.001" classname="com.example.java设计模式.单例.Test"/>
  <testcase name="service" time="0.437" classname="com.example.java设计模式.单例.Test"/>
  <testcase name="service" time="0.000" classname="com.example.java设计模式.单例.Test"/>
  <testcase name="service" time="0.001" classname="com.example.java设计模式.单例.Test"/>
  <testcase name="service" time="0.001" classname="com.example.java设计模式.单例.Test"/>
  <testcase name="service" time="0.000" classname="com.example.java设计模式.单例.Test"/>
  <testcase name="service" time="0.052" classname="com.example.java设计模式.单例.Test"/>
  <testcase name="service" time="0.295" classname="com.example.java设计模式.单例.Test"/>
  <testcase name="service" time="0.000" classname="com.example.java设计模式.单例.Test"/>
  <testcase name="service" time="0.000" classname="com.example.java设计模式.单例.Test"/>
  <testcase name="service" time="0.000" classname="com.example.java设计模式.单例.Test"/>
  <testcase name="service" time="0.000" classname="com.example.java设计模式.单例.Test"/>
  <testcase name="service" time="0.000" classname="com.example.java设计模式.单例.Test"/>
  <testcase name="service" time="0.070" classname="com.example.java设计模式.单例.Test"/>
  <testcase name="service" time="0.000" classname="com.example.java设计模式.单例.Test"/>
  <testcase name="service" time="0.000" classname="com.example.java设计模式.单例.Test"/>
  <testcase name="service" time="0.000" classname="com.example.java设计模式.单例.Test"/>
  <testcase name="service" time="1.290" classname="com.example.java设计模式.单例.Test"/>
  <testcase name="service" time="0.000" classname="com.example.java设计模式.单例.Test"/>
  <testcase name="service" time="0.508" classname="com.example.java设计模式.单例.Test"/>
  <testcase name="service" time="0.000" classname="com.example.java设计模式.单例.Test"/>
  <testcase name="service" time="1.342" classname="com.example.java设计模式.单例.Test"/>
  <testcase name="service" time="0.000" classname="com.example.java设计模式.单例.Test"/>
  <testcase name="service" time="0.000" classname="com.example.java设计模式.单例.Test"/>
  <testcase name="service" time="0.075" classname="com.example.java设计模式.单例.Test"/>
  <testcase name="service" time="0.480" classname="com.example.java设计模式.单例.Test"/>
  <testcase name="service" time="0.001" classname="com.example.java设计模式.单例.Test"/>
  <testcase name="service" time="1.516" classname="com.example.java设计模式.单例.Test"/>
  <testcase name="service" time="0.000" classname="com.example.java设计模式.单例.Test"/>
  <testcase name="service" time="0.001" classname="com.example.java设计模式.单例.Test"/>
  <testcase name="service" time="1.166" classname="com.example.java设计模式.单例.Test"/>
  <testcase name="service" time="0.477" classname="com.example.java设计模式.单例.Test"/>
  <testcase name="service" time="0.000" classname="com.example.java设计模式.单例.Test"/>
  <testcase name="service" time="8.114" classname="com.example.java设计模式.单例.Test"/>
  <testcase name="service" time="0.000" classname="com.example.java设计模式.单例.Test"/>
  <testcase name="service" time="1.222" classname="com.example.java设计模式.单例.Test"/>
  <testcase name="service" time="0.000" classname="com.example.java设计模式.单例.Test"/>
  <testcase name="service" time="0.000" classname="com.example.java设计模式.单例.Test"/>
  <testcase name="service" time="0.001" classname="com.example.java设计模式.单例.Test"/>
  <testcase name="service" time="0.024" classname="com.example.java设计模式.单例.Test"/>
  <testcase name="service" time="0.000" classname="com.example.java设计模式.单例.Test"/>
  <testcase name="service" time="1.203" classname="com.example.java设计模式.单例.Test"/>
  <testcase name="service" time="0.000" classname="com.example.java设计模式.单例.Test"/>
  <testcase name="service" time="1.131" classname="com.example.java设计模式.单例.Test"/>
  <testcase name="service" time="0.000" classname="com.example.java设计模式.单例.Test"/>
  <testcase name="service" time="0.001" classname="com.example.java设计模式.单例.Test"/>
  <testcase name="service" time="0.000" classname="com.example.java设计模式.单例.Test"/>
  <testcase name="service" time="0.737" classname="com.example.java设计模式.单例.Test"/>
  <testcase name="service" time="0.157" classname="com.example.java设计模式.单例.Test"/>
  <testcase name="service" time="0.000" classname="com.example.java设计模式.单例.Test"/>
  <testcase name="service" time="0.462" classname="com.example.java设计模式.单例.Test"/>
  <testcase name="service" time="1.121" classname="com.example.java设计模式.单例.Test"/>
  <testcase name="service" time="0.217" classname="com.example.java设计模式.单例.Test"/>
  <testcase name="service" time="0.077" classname="com.example.java设计模式.单例.Test"/>
  <testcase name="service" time="0.412" classname="com.example.java设计模式.单例.Test"/>
  <testcase name="service" time="0.001" classname="com.example.java设计模式.单例.Test"/>
  <testcase name="service" time="0.000" classname="com.example.java设计模式.单例.Test"/>
  <testcase name="service" time="0.000" classname="com.example.java设计模式.单例.Test"/>
  <testcase name="service" time="0.015" classname="com.example.java设计模式.单例.Test"/>
  <testcase name="service" time="0.000" classname="com.example.java设计模式.单例.Test"/>
  <testcase name="service" time="1.108" classname="com.example.java设计模式.单例.Test"/>
  <testcase name="service" time="0.734" classname="com.example.java设计模式.单例.Test"/>
  <testcase name="service" time="0.266" classname="com.example.java设计模式.单例.Test"/>
  <testcase name="service" time="0.188" classname="com.example.java设计模式.单例.Test"/>
  <testcase name="service" time="0.006" classname="com.example.java设计模式.单例.Test"/>
  <testcase name="service" time="0.972" classname="com.example.java设计模式.单例.Test"/>
  <testcase name="service" time="0.788" classname="com.example.java设计模式.单例.Test"/>
  <testcase name="service" time="0.000" classname="com.example.java设计模式.单例.Test"/>
  <testcase name="service" time="0.000" classname="com.example.java设计模式.单例.Test"/>
  <testcase name="service" time="0.000" classname="com.example.java设计模式.单例.Test"/>
  <testcase name="service" time="0.000" classname="com.example.java设计模式.单例.Test"/>
  <testcase name="service" time="64.404" classname="com.example.java设计模式.单例.Test"/>
  <testcase name="service" time="0.019" classname="com.example.java设计模式.单例.Test"/>
  <testcase name="service" time="0.000" classname="com.example.java设计模式.单例.Test"/>
  <testcase name="service" time="0.000" classname="com.example.java设计模式.单例.Test"/>
  <testcase name="service" time="0.003" classname="com.example.java设计模式.单例.Test"/>
  <testcase name="service" time="64.993" classname="com.example.java设计模式.单例.Test"/>
  <testcase name="service" time="0.805" classname="com.example.java设计模式.单例.Test"/>
  <testcase name="service" time="0.000" classname="com.example.java设计模式.单例.Test"/>
  <testcase name="service" time="0.494" classname="com.example.java设计模式.单例.Test"/>
  <testcase name="service" time="0.000" classname="com.example.java设计模式.单例.Test"/>
  <testcase name="service" time="0.216" classname="com.example.java设计模式.单例.Test"/>
  <testcase name="service" time="0.041" classname="com.example.java设计模式.单例.Test"/>
  <testcase name="service" time="0.008" classname="com.example.java设计模式.单例.Test"/>
  <testcase name="service" time="0.001" classname="com.example.java设计模式.单例.Test"/>
  <testcase name="service" time="0.064" classname="com.example.java设计模式.单例.Test"/>
  <testcase name="service" time="0.264" classname="com.example.java设计模式.单例.Test"/>
  <testcase name="service" time="0.000" classname="com.example.java设计模式.单例.Test"/>
  <testcase name="service" time="0.000" classname="com.example.java设计模式.单例.Test"/>
  <testcase name="service" time="0.158" classname="com.example.java设计模式.单例.Test"/>
  <testcase name="service" time="0.000" classname="com.example.java设计模式.单例.Test"/>
  <testcase name="service" time="0.000" classname="com.example.java设计模式.单例.Test"/>
  <testcase name="service" time="0.000" classname="com.example.java设计模式.单例.Test"/>
  <testcase name="service" time="64.992" classname="com.example.java设计模式.单例.Test"/>
  <testcase name="service" time="0.065" classname="com.example.java设计模式.单例.Test"/>
  <testcase name="service" time="0.694" classname="com.example.java设计模式.单例.Test"/>
  <testcase name="service" time="0.483" classname="com.example.java设计模式.单例.Test"/>
  <testcase name="service" time="0.000" classname="com.example.java设计模式.单例.Test"/>
  <testcase name="service" time="0.000" classname="com.example.java设计模式.单例.Test"/>
  <testcase name="service" time="0.001" classname="com.example.java设计模式.单例.Test"/>
  <testcase name="service" time="0.779" classname="com.example.java设计模式.单例.Test"/>
  <testcase name="service" time="7.782" classname="com.example.java设计模式.单例.Test"/>
  <testcase name="service" time="1.274" classname="com.example.java设计模式.单例.Test"/>
  <testcase name="service" time="0.001" classname="com.example.java设计模式.单例.Test"/>
  <testcase name="service" time="0.001" classname="com.example.java设计模式.单例.Test"/>
  <testcase name="service" time="0.610" classname="com.example.java设计模式.单例.Test"/>
  <testcase name="service" time="0.000" classname="com.example.java设计模式.单例.Test"/>
  <testcase name="service" time="0.758" classname="com.example.java设计模式.单例.Test"/>
  <testcase name="service" time="0.155" classname="com.example.java设计模式.单例.Test"/>
  <testcase name="service" time="0.000" classname="com.example.java设计模式.单例.Test"/>
  <testcase name="service" time="0.435" classname="com.example.java设计模式.单例.Test"/>
  <testcase name="service" time="0.000" classname="com.example.java设计模式.单例.Test"/>
  <testcase name="service" time="0.000" classname="com.example.java设计模式.单例.Test"/>
  <testcase name="service" time="1.445" classname="com.example.java设计模式.单例.Test"/>
  <testcase name="service" time="0.000" classname="com.example.java设计模式.单例.Test"/>
  <testcase name="service" time="0.059" classname="com.example.java设计模式.单例.Test"/>
  <testcase name="service" time="0.000" classname="com.example.java设计模式.单例.Test"/>
  <testcase name="service" time="0.478" classname="com.example.java设计模式.单例.Test"/>
  <testcase name="service" time="0.000" classname="com.example.java设计模式.单例.Test"/>
  <testcase name="service" time="6.609" classname="com.example.java设计模式.单例.Test"/>
  <testcase name="service" time="0.001" classname="com.example.java设计模式.单例.Test"/>
  <testcase name="service" time="0.000" classname="com.example.java设计模式.单例.Test"/>
  <testcase name="service" time="0.001" classname="com.example.java设计模式.单例.Test"/>
  <testcase name="service" time="0.001" classname="com.example.java设计模式.单例.Test"/>
  <testcase name="service" time="8.358" classname="com.example.java设计模式.单例.Test"/>
  <testcase name="service" time="0.000" classname="com.example.java设计模式.单例.Test"/>
  <testcase name="service" time="0.028" classname="com.example.java设计模式.单例.Test"/>
  <testcase name="service" time="0.000" classname="com.example.java设计模式.单例.Test"/>
  <testcase name="service" time="0.000" classname="com.example.java设计模式.单例.Test"/>
  <testcase name="service" time="0.000" classname="com.example.java设计模式.单例.Test"/>
  <testcase name="service" time="0.000" classname="com.example.java设计模式.单例.Test"/>
  <testcase name="service" time="0.000" classname="com.example.java设计模式.单例.Test"/>
  <testcase name="service" time="0.000" classname="com.example.java设计模式.单例.Test"/>
  <testcase name="service" time="0.990" classname="com.example.java设计模式.单例.Test"/>
  <testcase name="service" time="0.001" classname="com.example.java设计模式.单例.Test"/>
  <testcase name="service" time="0.039" classname="com.example.java设计模式.单例.Test"/>
  <testcase name="service" time="0.000" classname="com.example.java设计模式.单例.Test"/>
  <testcase name="service" time="0.615" classname="com.example.java设计模式.单例.Test"/>
  <testcase name="service" time="0.271" classname="com.example.java设计模式.单例.Test"/>
  <testcase name="service" time="0.000" classname="com.example.java设计模式.单例.Test"/>
  <testcase name="service" time="0.471" classname="com.example.java设计模式.单例.Test"/>
  <testcase name="service" time="0.000" classname="com.example.java设计模式.单例.Test"/>
  <testcase name="service" time="0.000" classname="com.example.java设计模式.单例.Test"/>
  <testcase name="service" time="0.000" classname="com.example.java设计模式.单例.Test"/>
  <testcase name="service" time="0.363" classname="com.example.java设计模式.单例.Test"/>
  <testcase name="service" time="0.525" classname="com.example.java设计模式.单例.Test"/>
  <testcase name="service" time="0.437" classname="com.example.java设计模式.单例.Test"/>
  <testcase name="service" time="6.010" classname="com.example.java设计模式.单例.Test"/>
  <testcase name="service" time="0.269" classname="com.example.java设计模式.单例.Test"/>
  <testcase name="service" time="0.001" classname="com.example.java设计模式.单例.Test"/>
  <testcase name="service" time="0.001" classname="com.example.java设计模式.单例.Test"/>
  <testcase name="service" time="0.000" classname="com.example.java设计模式.单例.Test"/>
  <testcase name="service" time="0.000" classname="com.example.java设计模式.单例.Test"/>
  <testcase name="service" time="0.720" classname="com.example.java设计模式.单例.Test"/>
  <testcase name="service" time="0.698" classname="com.example.java设计模式.单例.Test"/>
  <testcase name="service" time="0.232" classname="com.example.java设计模式.单例.Test"/>
  <testcase name="service" time="0.000" classname="com.example.java设计模式.单例.Test"/>
  <testcase name="service" time="0.459" classname="com.example.java设计模式.单例.Test"/>
  <testcase name="service" time="0.298" classname="com.example.java设计模式.单例.Test"/>
  <testcase name="service" time="0.838" classname="com.example.java设计模式.单例.Test"/>
  <testcase name="service" time="0.824" classname="com.example.java设计模式.单例.Test"/>
  <testcase name="service" time="0.002" classname="com.example.java设计模式.单例.Test"/>
  <testcase name="service" time="0.625" classname="com.example.java设计模式.单例.Test"/>
  <testcase name="service" time="0.117" classname="com.example.java设计模式.单例.Test"/>
  <testcase name="service" time="0.461" classname="com.example.java设计模式.单例.Test"/>
  <testcase name="service" time="0.000" classname="com.example.java设计模式.单例.Test"/>
  <testcase name="service" time="0.000" classname="com.example.java设计模式.单例.Test"/>
  <testcase name="service" time="0.013" classname="com.example.java设计模式.单例.Test"/>
  <testcase name="service" time="0.000" classname="com.example.java设计模式.单例.Test"/>
  <testcase name="service" time="0.000" classname="com.example.java设计模式.单例.Test"/>
  <testcase name="service" time="0.000" classname="com.example.java设计模式.单例.Test"/>
  <testcase name="service" time="0.606" classname="com.example.java设计模式.单例.Test"/>
  <testcase name="service" time="0.040" classname="com.example.java设计模式.单例.Test"/>
  <testcase name="service" time="0.000" classname="com.example.java设计模式.单例.Test"/>
  <testcase name="service" time="0.000" classname="com.example.java设计模式.单例.Test"/>
  <testcase name="service" time="0.001" classname="com.example.java设计模式.单例.Test"/>
  <testcase name="service" time="0.000" classname="com.example.java设计模式.单例.Test"/>
  <testcase name="service" time="1.523" classname="com.example.java设计模式.单例.Test"/>
  <testcase name="service" time="0.000" classname="com.example.java设计模式.单例.Test"/>
  <testcase name="service" time="0.000" classname="com.example.java设计模式.单例.Test"/>
  <testcase name="service" time="0.000" classname="com.example.java设计模式.单例.Test"/>
  <testcase name="service" time="0.001" classname="com.example.java设计模式.单例.Test"/>
  <testcase name="service" time="0.000" classname="com.example.java设计模式.单例.Test"/>
  <testcase name="service" time="0.727" classname="com.example.java设计模式.单例.Test"/>
  <testcase name="service" time="0.001" classname="com.example.java设计模式.单例.Test"/>
  <testcase name="service" time="0.001" classname="com.example.java设计模式.单例.Test"/>
  <testcase name="service" time="0.309" classname="com.example.java设计模式.单例.Test"/>
  <testcase name="service" time="0.000" classname="com.example.java设计模式.单例.Test"/>
  <testcase name="service" time="0.001" classname="com.example.java设计模式.单例.Test"/>
  <testcase name="service" time="0.031" classname="com.example.java设计模式.单例.Test"/>
  <testcase name="service" time="0.000" classname="com.example.java设计模式.单例.Test"/>
  <testcase name="service" time="0.000" classname="com.example.java设计模式.单例.Test"/>
  <testcase name="service" time="0.000" classname="com.example.java设计模式.单例.Test"/>
  <testcase name="service" time="0.000" classname="com.example.java设计模式.单例.Test"/>
  <testcase name="service" time="0.000" classname="com.example.java设计模式.单例.Test"/>
  <testcase name="service" time="0.090" classname="com.example.java设计模式.单例.Test"/>
  <testcase name="service" time="0.000" classname="com.example.java设计模式.单例.Test"/>
  <testcase name="service" time="0.001" classname="com.example.java设计模式.单例.Test"/>
  <testcase name="service" time="0.000" classname="com.example.java设计模式.单例.Test"/>
  <testcase name="service" time="0.001" classname="com.example.java设计模式.单例.Test"/>
  <testcase name="service" time="0.812" classname="com.example.java设计模式.单例.Test"/>
  <testcase name="service" time="0.000" classname="com.example.java设计模式.单例.Test"/>
  <testcase name="service" time="6.923" classname="com.example.java设计模式.单例.Test"/>
  <testcase name="service" time="0.000" classname="com.example.java设计模式.单例.Test"/>
  <testcase name="service" time="0.001" classname="com.example.java设计模式.单例.Test"/>
  <testcase name="service" time="0.432" classname="com.example.java设计模式.单例.Test"/>
  <testcase name="service" time="0.001" classname="com.example.java设计模式.单例.Test"/>
  <testcase name="service" time="0.000" classname="com.example.java设计模式.单例.Test"/>
  <testcase name="service" time="0.000" classname="com.example.java设计模式.单例.Test"/>
  <testcase name="service" time="8.045" classname="com.example.java设计模式.单例.Test"/>
  <testcase name="service" time="0.163" classname="com.example.java设计模式.单例.Test"/>
  <testcase name="service" time="0.532" classname="com.example.java设计模式.单例.Test"/>
  <testcase name="service" time="0.699" classname="com.example.java设计模式.单例.Test"/>
  <testcase name="service" time="0.001" classname="com.example.java设计模式.单例.Test"/>
  <testcase name="service" time="1.340" classname="com.example.java设计模式.单例.Test"/>
  <testcase name="service" time="0.001" classname="com.example.java设计模式.单例.Test"/>
  <testcase name="service" time="0.000" classname="com.example.java设计模式.单例.Test"/>
  <testcase name="service" time="1.530" classname="com.example.java设计模式.单例.Test"/>
  <testcase name="service" time="0.001" classname="com.example.java设计模式.单例.Test"/>
  <testcase name="service" time="0.001" classname="com.example.java设计模式.单例.Test"/>
  <testcase name="service" time="0.593" classname="com.example.java设计模式.单例.Test"/>
  <testcase name="service" time="0.000" classname="com.example.java设计模式.单例.Test"/>
  <testcase name="service" time="0.229" classname="com.example.java设计模式.单例.Test"/>
  <testcase name="service" time="0.000" classname="com.example.java设计模式.单例.Test"/>
  <testcase name="service" time="0.339" classname="com.example.java设计模式.单例.Test"/>
  <testcase name="service" time="6.295" classname="com.example.java设计模式.单例.Test"/>
  <testcase name="service" time="0.000" classname="com.example.java设计模式.单例.Test"/>
  <testcase name="service" time="0.622" classname="com.example.java设计模式.单例.Test"/>
  <testcase name="service" time="0.000" classname="com.example.java设计模式.单例.Test"/>
  <testcase name="service" time="64.941" classname="com.example.java设计模式.单例.Test"/>
  <testcase name="service" time="0.001" classname="com.example.java设计模式.单例.Test"/>
  <testcase name="service" time="1.494" classname="com.example.java设计模式.单例.Test"/>
  <testcase name="service" time="0.032" classname="com.example.java设计模式.单例.Test"/>
  <testcase name="service" time="0.000" classname="com.example.java设计模式.单例.Test"/>
  <testcase name="service" time="0.126" classname="com.example.java设计模式.单例.Test"/>
  <testcase name="service" time="64.973" classname="com.example.java设计模式.单例.Test"/>
  <testcase name="service" time="0.364" classname="com.example.java设计模式.单例.Test"/>
  <testcase name="service" time="0.000" classname="com.example.java设计模式.单例.Test"/>
  <testcase name="service" time="6.494" classname="com.example.java设计模式.单例.Test"/>
  <testcase name="service" time="0.000" classname="com.example.java设计模式.单例.Test"/>
  <testcase name="service" time="0.000" classname="com.example.java设计模式.单例.Test"/>
  <testcase name="service" time="0.219" classname="com.example.java设计模式.单例.Test"/>
  <testcase name="service" time="65.368" classname="com.example.java设计模式.单例.Test"/>
  <testcase name="service" time="5.934" classname="com.example.java设计模式.单例.Test"/>
  <testcase name="service" time="0.000" classname="com.example.java设计模式.单例.Test"/>
  <testcase name="service" time="0.427" classname="com.example.java设计模式.单例.Test"/>
  <testcase name="service" time="0.894" classname="com.example.java设计模式.单例.Test"/>
  <testcase name="service" time="0.001" classname="com.example.java设计模式.单例.Test"/>
  <testcase name="service" time="0.271" classname="com.example.java设计模式.单例.Test"/>
  <testcase name="service" time="0.387" classname="com.example.java设计模式.单例.Test"/>
  <testcase name="service" time="0.000" classname="com.example.java设计模式.单例.Test"/>
  <testcase name="service" time="64.353" classname="com.example.java设计模式.单例.Test"/>
  <testcase name="service" time="0.000" classname="com.example.java设计模式.单例.Test"/>
  <testcase name="service" time="0.340" classname="com.example.java设计模式.单例.Test"/>
  <testcase name="service" time="1.020" classname="com.example.java设计模式.单例.Test"/>
  <testcase name="service" time="0.525" classname="com.example.java设计模式.单例.Test"/>
  <testcase name="service" time="1.007" classname="com.example.java设计模式.单例.Test"/>
  <testcase name="service" time="0.000" classname="com.example.java设计模式.单例.Test"/>
  <testcase name="service" time="0.383" classname="com.example.java设计模式.单例.Test"/>
  <testcase name="service" time="0.001" classname="com.example.java设计模式.单例.Test"/>
  <testcase name="service" time="0.001" classname="com.example.java设计模式.单例.Test"/>
  <testcase name="service" time="0.018" classname="com.example.java设计模式.单例.Test"/>
  <testcase name="service" time="0.862" classname="com.example.java设计模式.单例.Test"/>
  <testcase name="service" time="0.783" classname="com.example.java设计模式.单例.Test"/>
  <testcase name="service" time="0.021" classname="com.example.java设计模式.单例.Test"/>
  <testcase name="service" time="0.240" classname="com.example.java设计模式.单例.Test"/>
  <testcase name="service" time="0.000" classname="com.example.java设计模式.单例.Test"/>
  <testcase name="service" time="0.000" classname="com.example.java设计模式.单例.Test"/>
  <testcase name="service" time="0.000" classname="com.example.java设计模式.单例.Test"/>
  <testcase name="service" time="0.426" classname="com.example.java设计模式.单例.Test"/>
  <testcase name="service" time="0.001" classname="com.example.java设计模式.单例.Test"/>
  <testcase name="service" time="0.111" classname="com.example.java设计模式.单例.Test"/>
  <testcase name="service" time="0.000" classname="com.example.java设计模式.单例.Test"/>
  <testcase name="service" time="0.000" classname="com.example.java设计模式.单例.Test"/>
  <testcase name="service" time="0.783" classname="com.example.java设计模式.单例.Test"/>
  <testcase name="service" time="0.256" classname="com.example.java设计模式.单例.Test"/>
  <testcase name="service" time="6.722" classname="com.example.java设计模式.单例.Test"/>
  <testcase name="service" time="0.000" classname="com.example.java设计模式.单例.Test"/>
  <testcase name="service" time="0.073" classname="com.example.java设计模式.单例.Test"/>
  <testcase name="service" time="0.000" classname="com.example.java设计模式.单例.Test"/>
  <testcase name="service" time="0.736" classname="com.example.java设计模式.单例.Test"/>
  <testcase name="service" time="0.210" classname="com.example.java设计模式.单例.Test"/>
  <testcase name="service" time="0.326" classname="com.example.java设计模式.单例.Test"/>
  <testcase name="service" time="0.001" classname="com.example.java设计模式.单例.Test"/>
  <testcase name="service" time="6.585" classname="com.example.java设计模式.单例.Test"/>
  <testcase name="service" time="0.001" classname="com.example.java设计模式.单例.Test"/>
  <testcase name="service" time="0.296" classname="com.example.java设计模式.单例.Test"/>
  <testcase name="service" time="0.000" classname="com.example.java设计模式.单例.Test"/>
  <testcase name="service" time="0.001" classname="com.example.java设计模式.单例.Test"/>
  <testcase name="service" time="64.743" classname="com.example.java设计模式.单例.Test"/>
  <testcase name="service" time="8.326" classname="com.example.java设计模式.单例.Test"/>
  <testcase name="service" time="0.000" classname="com.example.java设计模式.单例.Test"/>
  <testcase name="service" time="0.001" classname="com.example.java设计模式.单例.Test"/>
  <testcase name="service" time="0.000" classname="com.example.java设计模式.单例.Test"/>
  <testcase name="service" time="0.050" classname="com.example.java设计模式.单例.Test"/>
  <testcase name="service" time="0.000" classname="com.example.java设计模式.单例.Test"/>
  <testcase name="service" time="0.000" classname="com.example.java设计模式.单例.Test"/>
  <testcase name="service" time="0.000" classname="com.example.java设计模式.单例.Test"/>
  <testcase name="service" time="0.000" classname="com.example.java设计模式.单例.Test"/>
  <testcase name="service" time="0.000" classname="com.example.java设计模式.单例.Test"/>
  <testcase name="service" time="0.429" classname="com.example.java设计模式.单例.Test"/>
  <testcase name="service" time="0.206" classname="com.example.java设计模式.单例.Test"/>
  <testcase name="service" time="0.864" classname="com.example.java设计模式.单例.Test"/>
  <testcase name="service" time="0.000" classname="com.example.java设计模式.单例.Test"/>
  <testcase name="service" time="0.000" classname="com.example.java设计模式.单例.Test"/>
  <testcase name="service" time="0.000" classname="com.example.java设计模式.单例.Test"/>
  <testcase name="service" time="0.000" classname="com.example.java设计模式.单例.Test"/>
  <testcase name="service" time="0.341" classname="com.example.java设计模式.单例.Test"/>
  <testcase name="service" time="0.000" classname="com.example.java设计模式.单例.Test"/>
  <testcase name="service" time="0.000" classname="com.example.java设计模式.单例.Test"/>
  <testcase name="service" time="0.075" classname="com.example.java设计模式.单例.Test"/>
  <testcase name="service" time="0.000" classname="com.example.java设计模式.单例.Test"/>
  <testcase name="service" time="0.000" classname="com.example.java设计模式.单例.Test"/>
  <testcase name="service" time="0.000" classname="com.example.java设计模式.单例.Test"/>
  <testcase name="service" time="0.001" classname="com.example.java设计模式.单例.Test"/>
  <testcase name="service" time="0.000" classname="com.example.java设计模式.单例.Test"/>
  <testcase name="service" time="0.001" classname="com.example.java设计模式.单例.Test"/>
  <testcase name="service" time="0.000" classname="com.example.java设计模式.单例.Test"/>
  <testcase name="service" time="0.000" classname="com.example.java设计模式.单例.Test"/>
  <testcase name="service" time="0.000" classname="com.example.java设计模式.单例.Test"/>
  <testcase name="service" time="0.200" classname="com.example.java设计模式.单例.Test"/>
  <testcase name="service" time="0.919" classname="com.example.java设计模式.单例.Test"/>
  <testcase name="service" time="0.492" classname="com.example.java设计模式.单例.Test"/>
  <testcase name="service" time="0.154" classname="com.example.java设计模式.单例.Test"/>
  <testcase name="service" time="0.438" classname="com.example.java设计模式.单例.Test"/>
  <testcase name="service" time="0.000" classname="com.example.java设计模式.单例.Test"/>
  <testcase name="service" time="8.082" classname="com.example.java设计模式.单例.Test"/>
  <testcase name="service" time="0.809" classname="com.example.java设计模式.单例.Test"/>
  <testcase name="service" time="0.000" classname="com.example.java设计模式.单例.Test"/>
  <testcase name="service" time="0.000" classname="com.example.java设计模式.单例.Test"/>
  <testcase name="service" time="0.001" classname="com.example.java设计模式.单例.Test"/>
  <testcase name="service" time="1.408" classname="com.example.java设计模式.单例.Test"/>
  <testcase name="service" time="0.685" classname="com.example.java设计模式.单例.Test"/>
  <testcase name="service" time="0.000" classname="com.example.java设计模式.单例.Test"/>
  <testcase name="service" time="0.000" classname="com.example.java设计模式.单例.Test"/>
  <testcase name="service" time="0.000" classname="com.example.java设计模式.单例.Test"/>
  <testcase name="service" time="0.000" classname="com.example.java设计模式.单例.Test"/>
  <testcase name="service" time="0.322" classname="com.example.java设计模式.单例.Test"/>
  <testcase name="service" time="0.000" classname="com.example.java设计模式.单例.Test"/>
  <testcase name="service" time="0.001" classname="com.example.java设计模式.单例.Test"/>
  <testcase name="service" time="0.448" classname="com.example.java设计模式.单例.Test"/>
  <testcase name="service" time="0.001" classname="com.example.java设计模式.单例.Test"/>
  <testcase name="service" time="0.000" classname="com.example.java设计模式.单例.Test"/>
  <testcase name="service" time="0.001" classname="com.example.java设计模式.单例.Test"/>
  <testcase name="service" time="0.000" classname="com.example.java设计模式.单例.Test"/>
  <testcase name="service" time="0.001" classname="com.example.java设计模式.单例.Test"/>
  <testcase name="service" time="6.697" classname="com.example.java设计模式.单例.Test"/>
  <testcase name="service" time="0.174" classname="com.example.java设计模式.单例.Test"/>
  <testcase name="service" time="0.124" classname="com.example.java设计模式.单例.Test"/>
  <testcase name="service" time="0.766" classname="com.example.java设计模式.单例.Test"/>
  <testcase name="service" time="1.537" classname="com.example.java设计模式.单例.Test"/>
  <testcase name="service" time="0.000" classname="com.example.java设计模式.单例.Test"/>
  <testcase name="service" time="0.000" classname="com.example.java设计模式.单例.Test"/>
  <testcase name="service" time="0.135" classname="com.example.java设计模式.单例.Test"/>
  <testcase name="service" time="0.000" classname="com.example.java设计模式.单例.Test"/>
  <testcase name="service" time="0.152" classname="com.example.java设计模式.单例.Test"/>
  <testcase name="service" time="0.193" classname="com.example.java设计模式.单例.Test"/>
  <testcase name="service" time="0.000" classname="com.example.java设计模式.单例.Test"/>
  <testcase name="service" time="0.526" classname="com.example.java设计模式.单例.Test"/>
  <testcase name="service" time="0.000" classname="com.example.java设计模式.单例.Test"/>
  <testcase name="service" time="0.000" classname="com.example.java设计模式.单例.Test"/>
  <testcase name="service" time="0.000" classname="com.example.java设计模式.单例.Test"/>
  <testcase name="service" time="0.000" classname="com.example.java设计模式.单例.Test"/>
  <testcase name="service" time="0.001" classname="com.example.java设计模式.单例.Test"/>
  <testcase name="service" time="0.456" classname="com.example.java设计模式.单例.Test"/>
  <testcase name="service" time="0.456" classname="com.example.java设计模式.单例.Test"/>
  <testcase name="service" time="0.488" classname="com.example.java设计模式.单例.Test"/>
  <testcase name="service" time="8.051" classname="com.example.java设计模式.单例.Test"/>
  <testcase name="service" time="0.612" classname="com.example.java设计模式.单例.Test"/>
  <testcase name="service" time="0.017" classname="com.example.java设计模式.单例.Test"/>
  <testcase name="service" time="0.000" classname="com.example.java设计模式.单例.Test"/>
  <testcase name="service" time="0.001" classname="com.example.java设计模式.单例.Test"/>
  <testcase name="service" time="0.000" classname="com.example.java设计模式.单例.Test"/>
  <testcase name="service" time="0.001" classname="com.example.java设计模式.单例.Test"/>
  <testcase name="service" time="0.000" classname="com.example.java设计模式.单例.Test"/>
  <testcase name="service" time="0.001" classname="com.example.java设计模式.单例.Test"/>
  <testcase name="service" time="0.000" classname="com.example.java设计模式.单例.Test"/>
  <testcase name="service" time="1.217" classname="com.example.java设计模式.单例.Test"/>
  <testcase name="service" time="0.010" classname="com.example.java设计模式.单例.Test"/>
  <testcase name="service" time="0.000" classname="com.example.java设计模式.单例.Test"/>
  <testcase name="service" time="0.000" classname="com.example.java设计模式.单例.Test"/>
  <testcase name="service" time="64.901" classname="com.example.java设计模式.单例.Test"/>
  <testcase name="service" time="0.000" classname="com.example.java设计模式.单例.Test"/>
  <testcase name="service" time="0.000" classname="com.example.java设计模式.单例.Test"/>
  <testcase name="service" time="0.000" classname="com.example.java设计模式.单例.Test"/>
  <testcase name="service" time="0.000" classname="com.example.java设计模式.单例.Test"/>
  <testcase name="service" time="0.001" classname="com.example.java设计模式.单例.Test"/>
  <testcase name="service" time="0.000" classname="com.example.java设计模式.单例.Test"/>
  <testcase name="service" time="0.000" classname="com.example.java设计模式.单例.Test"/>
  <testcase name="service" time="0.000" classname="com.example.java设计模式.单例.Test"/>
  <testcase name="service" time="0.908" classname="com.example.java设计模式.单例.Test"/>
  <testcase name="service" time="0.845" classname="com.example.java设计模式.单例.Test"/>
  <testcase name="service" time="0.001" classname="com.example.java设计模式.单例.Test"/>
  <testcase name="service" time="0.000" classname="com.example.java设计模式.单例.Test"/>
  <testcase name="service" time="0.727" classname="com.example.java设计模式.单例.Test"/>
  <testcase name="service" time="0.305" classname="com.example.java设计模式.单例.Test"/>
  <testcase name="service" time="0.001" classname="com.example.java设计模式.单例.Test"/>
  <testcase name="service" time="0.119" classname="com.example.java设计模式.单例.Test"/>
  <testcase name="service" time="0.000" classname="com.example.java设计模式.单例.Test"/>
  <testcase name="service" time="64.745" classname="com.example.java设计模式.单例.Test"/>
  <testcase name="service" time="0.381" classname="com.example.java设计模式.单例.Test"/>
  <testcase name="service" time="0.001" classname="com.example.java设计模式.单例.Test"/>
  <testcase name="service" time="0.001" classname="com.example.java设计模式.单例.Test"/>
  <testcase name="service" time="0.470" classname="com.example.java设计模式.单例.Test"/>
  <testcase name="service" time="0.000" classname="com.example.java设计模式.单例.Test"/>
  <testcase name="service" time="0.001" classname="com.example.java设计模式.单例.Test"/>
  <testcase name="service" time="0.000" classname="com.example.java设计模式.单例.Test"/>
  <testcase name="service" time="1.203" classname="com.example.java设计模式.单例.Test"/>
  <testcase name="service" time="5.132" classname="com.example.java设计模式.单例.Test"/>
  <testcase name="service" time="64.937" classname="com.example.java设计模式.单例.Test"/>
  <testcase name="service" time="6.666" classname="com.example.java设计模式.单例.Test"/>
  <testcase name="service" time="0.181" classname="com.example.java设计模式.单例.Test"/>
  <testcase name="service" time="0.752" classname="com.example.java设计模式.单例.Test"/>
  <testcase name="service" time="0.000" classname="com.example.java设计模式.单例.Test"/>
  <testcase name="service" time="0.257" classname="com.example.java设计模式.单例.Test"/>
  <testcase name="service" time="0.841" classname="com.example.java设计模式.单例.Test"/>
  <testcase name="service" time="0.000" classname="com.example.java设计模式.单例.Test"/>
  <testcase name="service" time="0.000" classname="com.example.java设计模式.单例.Test"/>
  <testcase name="service" time="0.000" classname="com.example.java设计模式.单例.Test"/>
  <testcase name="service" time="0.844" classname="com.example.java设计模式.单例.Test"/>
  <testcase name="service" time="65.035" classname="com.example.java设计模式.单例.Test"/>
  <testcase name="service" time="0.000" classname="com.example.java设计模式.单例.Test"/>
  <testcase name="service" time="0.001" classname="com.example.java设计模式.单例.Test"/>
  <testcase name="service" time="0.187" classname="com.example.java设计模式.单例.Test"/>
  <testcase name="service" time="1.215" classname="com.example.java设计模式.单例.Test"/>
  <testcase name="service" time="0.001" classname="com.example.java设计模式.单例.Test"/>
  <testcase name="service" time="0.055" classname="com.example.java设计模式.单例.Test"/>
  <testcase name="service" time="0.000" classname="com.example.java设计模式.单例.Test"/>
  <testcase name="service" time="0.418" classname="com.example.java设计模式.单例.Test"/>
  <testcase name="service" time="0.000" classname="com.example.java设计模式.单例.Test"/>
  <testcase name="service" time="0.504" classname="com.example.java设计模式.单例.Test"/>
  <testcase name="service" time="0.330" classname="com.example.java设计模式.单例.Test"/>
  <testcase name="service" time="0.000" classname="com.example.java设计模式.单例.Test"/>
  <testcase name="service" time="0.180" classname="com.example.java设计模式.单例.Test"/>
  <testcase name="service" time="0.000" classname="com.example.java设计模式.单例.Test"/>
  <testcase name="service" time="0.000" classname="com.example.java设计模式.单例.Test"/>
  <testcase name="service" time="0.682" classname="com.example.java设计模式.单例.Test"/>
  <testcase name="service" time="0.728" classname="com.example.java设计模式.单例.Test"/>
  <testcase name="service" time="0.000" classname="com.example.java设计模式.单例.Test"/>
  <testcase name="service" time="0.000" classname="com.example.java设计模式.单例.Test"/>
  <testcase name="service" time="0.000" classname="com.example.java设计模式.单例.Test"/>
  <testcase name="service" time="0.001" classname="com.example.java设计模式.单例.Test"/>
  <testcase name="service" time="0.000" classname="com.example.java设计模式.单例.Test"/>
  <testcase name="service" time="8.337" classname="com.example.java设计模式.单例.Test"/>
  <testcase name="service" time="0.001" classname="com.example.java设计模式.单例.Test"/>
  <testcase name="service" time="0.000" classname="com.example.java设计模式.单例.Test"/>
  <testcase name="service" time="0.000" classname="com.example.java设计模式.单例.Test"/>
  <testcase name="service" time="1.017" classname="com.example.java设计模式.单例.Test"/>
  <testcase name="service" time="0.000" classname="com.example.java设计模式.单例.Test"/>
  <testcase name="service" time="0.001" classname="com.example.java设计模式.单例.Test"/>
  <testcase name="service" time="0.000" classname="com.example.java设计模式.单例.Test"/>
  <testcase name="service" time="0.001" classname="com.example.java设计模式.单例.Test"/>
  <testcase name="service" time="1.324" classname="com.example.java设计模式.单例.Test"/>
  <testcase name="service" time="0.000" classname="com.example.java设计模式.单例.Test"/>
  <testcase name="service" time="0.469" classname="com.example.java设计模式.单例.Test"/>
  <testcase name="service" time="0.868" classname="com.example.java设计模式.单例.Test"/>
  <testcase name="service" time="0.000" classname="com.example.java设计模式.单例.Test"/>
  <testcase name="service" time="0.000" classname="com.example.java设计模式.单例.Test"/>
  <testcase name="service" time="0.185" classname="com.example.java设计模式.单例.Test"/>
  <testcase name="service" time="0.491" classname="com.example.java设计模式.单例.Test"/>
  <testcase name="service" time="6.702" classname="com.example.java设计模式.单例.Test"/>
  <testcase name="service" time="0.852" classname="com.example.java设计模式.单例.Test"/>
  <testcase name="service" time="0.000" classname="com.example.java设计模式.单例.Test"/>
  <testcase name="service" time="0.000" classname="com.example.java设计模式.单例.Test"/>
  <testcase name="service" time="0.000" classname="com.example.java设计模式.单例.Test"/>
  <testcase name="service" time="0.290" classname="com.example.java设计模式.单例.Test"/>
  <testcase name="service" time="0.000" classname="com.example.java设计模式.单例.Test"/>
  <testcase name="service" time="6.650" classname="com.example.java设计模式.单例.Test"/>
  <testcase name="service" time="0.000" classname="com.example.java设计模式.单例.Test"/>
  <testcase name="service" time="0.000" classname="com.example.java设计模式.单例.Test"/>
  <testcase name="service" time="0.085" classname="com.example.java设计模式.单例.Test"/>
  <testcase name="service" time="0.727" classname="com.example.java设计模式.单例.Test"/>
  <testcase name="service" time="0.000" classname="com.example.java设计模式.单例.Test"/>
  <testcase name="service" time="0.000" classname="com.example.java设计模式.单例.Test"/>
  <testcase name="service" time="0.416" classname="com.example.java设计模式.单例.Test"/>
  <testcase name="service" time="0.000" classname="com.example.java设计模式.单例.Test"/>
  <testcase name="service" time="0.000" classname="com.example.java设计模式.单例.Test"/>
  <testcase name="service" time="0.001" classname="com.example.java设计模式.单例.Test"/>
  <testcase name="service" time="0.000" classname="com.example.java设计模式.单例.Test"/>
  <testcase name="service" time="64.934" classname="com.example.java设计模式.单例.Test"/>
  <testcase name="service" time="0.001" classname="com.example.java设计模式.单例.Test"/>
  <testcase name="service" time="0.685" classname="com.example.java设计模式.单例.Test"/>
  <testcase name="service" time="6.528" classname="com.example.java设计模式.单例.Test"/>
  <testcase name="service" time="0.001" classname="com.example.java设计模式.单例.Test"/>
  <testcase name="service" time="1.380" classname="com.example.java设计模式.单例.Test"/>
  <testcase name="service" time="0.606" classname="com.example.java设计模式.单例.Test"/>
  <testcase name="service" time="0.096" classname="com.example.java设计模式.单例.Test"/>
  <testcase name="service" time="0.001" classname="com.example.java设计模式.单例.Test"/>
  <testcase name="service" time="0.001" classname="com.example.java设计模式.单例.Test"/>
  <testcase name="service" time="0.000" classname="com.example.java设计模式.单例.Test"/>
  <testcase name="service" time="0.503" classname="com.example.java设计模式.单例.Test"/>
  <testcase name="service" time="0.000" classname="com.example.java设计模式.单例.Test"/>
  <testcase name="service" time="0.000" classname="com.example.java设计模式.单例.Test"/>
  <testcase name="service" time="0.124" classname="com.example.java设计模式.单例.Test"/>
  <testcase name="service" time="0.354" classname="com.example.java设计模式.单例.Test"/>
  <testcase name="service" time="0.639" classname="com.example.java设计模式.单例.Test"/>
  <testcase name="service" time="0.001" classname="com.example.java设计模式.单例.Test"/>
  <testcase name="service" time="0.000" classname="com.example.java设计模式.单例.Test"/>
  <testcase name="service" time="0.000" classname="com.example.java设计模式.单例.Test"/>
  <testcase name="service" time="0.001" classname="com.example.java设计模式.单例.Test"/>
  <testcase name="service" time="0.961" classname="com.example.java设计模式.单例.Test"/>
  <testcase name="service" time="6.184" classname="com.example.java设计模式.单例.Test"/>
  <testcase name="service" time="6.885" classname="com.example.java设计模式.单例.Test"/>
  <testcase name="service" time="0.391" classname="com.example.java设计模式.单例.Test"/>
  <testcase name="service" time="0.000" classname="com.example.java设计模式.单例.Test"/>
  <testcase name="service" time="0.273" classname="com.example.java设计模式.单例.Test"/>
  <testcase name="service" time="0.000" classname="com.example.java设计模式.单例.Test"/>
  <testcase name="service" time="7.475" classname="com.example.java设计模式.单例.Test"/>
  <testcase name="service" time="0.412" classname="com.example.java设计模式.单例.Test"/>
  <testcase name="service" time="0.000" classname="com.example.java设计模式.单例.Test"/>
  <testcase name="service" time="0.469" classname="com.example.java设计模式.单例.Test"/>
  <testcase name="service" time="0.000" classname="com.example.java设计模式.单例.Test"/>
  <testcase name="service" time="0.000" classname="com.example.java设计模式.单例.Test"/>
  <testcase name="service" time="0.000" classname="com.example.java设计模式.单例.Test"/>
  <testcase name="service" time="0.377" classname="com.example.java设计模式.单例.Test"/>
  <testcase name="service" time="0.000" classname="com.example.java设计模式.单例.Test"/>
  <testcase name="service" time="0.001" classname="com.example.java设计模式.单例.Test"/>
  <testcase name="service" time="0.483" classname="com.example.java设计模式.单例.Test"/>
  <testcase name="service" time="0.674" classname="com.example.java设计模式.单例.Test"/>
  <testcase name="service" time="6.904" classname="com.example.java设计模式.单例.Test"/>
  <testcase name="service" time="0.000" classname="com.example.java设计模式.单例.Test"/>
  <testcase name="service" time="0.000" classname="com.example.java设计模式.单例.Test"/>
  <testcase name="service" time="0.001" classname="com.example.java设计模式.单例.Test"/>
  <testcase name="service" time="0.000" classname="com.example.java设计模式.单例.Test"/>
  <testcase name="service" time="1.066" classname="com.example.java设计模式.单例.Test"/>
  <testcase name="service" time="64.950" classname="com.example.java设计模式.单例.Test"/>
  <testcase name="service" time="0.150" classname="com.example.java设计模式.单例.Test"/>
  <testcase name="service" time="0.000" classname="com.example.java设计模式.单例.Test"/>
  <testcase name="service" time="0.001" classname="com.example.java设计模式.单例.Test"/>
  <testcase name="service" time="0.000" classname="com.example.java设计模式.单例.Test"/>
  <testcase name="service" time="0.000" classname="com.example.java设计模式.单例.Test"/>
  <testcase name="service" time="0.000" classname="com.example.java设计模式.单例.Test"/>
  <testcase name="service" time="0.096" classname="com.example.java设计模式.单例.Test"/>
  <testcase name="service" time="0.136" classname="com.example.java设计模式.单例.Test"/>
  <testcase name="service" time="0.000" classname="com.example.java设计模式.单例.Test"/>
  <testcase name="service" time="0.001" classname="com.example.java设计模式.单例.Test"/>
  <testcase name="service" time="0.000" classname="com.example.java设计模式.单例.Test"/>
  <testcase name="service" time="0.000" classname="com.example.java设计模式.单例.Test"/>
  <testcase name="service" time="8.084" classname="com.example.java设计模式.单例.Test"/>
  <testcase name="service" time="0.409" classname="com.example.java设计模式.单例.Test"/>
  <testcase name="service" time="0.476" classname="com.example.java设计模式.单例.Test"/>
  <testcase name="service" time="1.488" classname="com.example.java设计模式.单例.Test"/>
  <testcase name="service" time="0.000" classname="com.example.java设计模式.单例.Test"/>
  <testcase name="service" time="0.000" classname="com.example.java设计模式.单例.Test"/>
  <testcase name="service" time="0.000" classname="com.example.java设计模式.单例.Test"/>
  <testcase name="service" time="0.016" classname="com.example.java设计模式.单例.Test"/>
  <testcase name="service" time="0.177" classname="com.example.java设计模式.单例.Test"/>
  <testcase name="service" time="0.000" classname="com.example.java设计模式.单例.Test"/>
  <testcase name="service" time="0.061" classname="com.example.java设计模式.单例.Test"/>
  <testcase name="service" time="0.058" classname="com.example.java设计模式.单例.Test"/>
  <testcase name="service" time="0.000" classname="com.example.java设计模式.单例.Test"/>
  <testcase name="service" time="6.005" classname="com.example.java设计模式.单例.Test"/>
  <testcase name="service" time="0.001" classname="com.example.java设计模式.单例.Test"/>
  <testcase name="service" time="0.000" classname="com.example.java设计模式.单例.Test"/>
  <testcase name="service" time="0.001" classname="com.example.java设计模式.单例.Test"/>
  <testcase name="service" time="0.000" classname="com.example.java设计模式.单例.Test"/>
  <testcase name="service" time="0.000" classname="com.example.java设计模式.单例.Test"/>
  <testcase name="service" time="6.409" classname="com.example.java设计模式.单例.Test"/>
  <testcase name="service" time="0.000" classname="com.example.java设计模式.单例.Test"/>
  <testcase name="service" time="0.692" classname="com.example.java设计模式.单例.Test"/>
  <testcase name="service" time="0.001" classname="com.example.java设计模式.单例.Test"/>
  <testcase name="service" time="0.000" classname="com.example.java设计模式.单例.Test"/>
  <testcase name="service" time="0.000" classname="com.example.java设计模式.单例.Test"/>
  <testcase name="service" time="0.001" classname="com.example.java设计模式.单例.Test"/>
  <testcase name="service" time="6.570" classname="com.example.java设计模式.单例.Test"/>
  <testcase name="service" time="0.910" classname="com.example.java设计模式.单例.Test"/>
  <testcase name="service" time="0.000" classname="com.example.java设计模式.单例.Test"/>
  <testcase name="service" time="0.000" classname="com.example.java设计模式.单例.Test"/>
  <testcase name="service" time="0.001" classname="com.example.java设计模式.单例.Test"/>
  <testcase name="service" time="0.623" classname="com.example.java设计模式.单例.Test"/>
  <testcase name="service" time="0.683" classname="com.example.java设计模式.单例.Test"/>
  <testcase name="service" time="0.000" classname="com.example.java设计模式.单例.Test"/>
  <testcase name="service" time="0.000" classname="com.example.java设计模式.单例.Test"/>
  <testcase name="service" time="0.356" classname="com.example.java设计模式.单例.Test"/>
  <testcase name="service" time="0.000" classname="com.example.java设计模式.单例.Test"/>
  <testcase name="service" time="0.001" classname="com.example.java设计模式.单例.Test"/>
  <testcase name="service" time="64.430" classname="com.example.java设计模式.单例.Test"/>
  <testcase name="service" time="0.366" classname="com.example.java设计模式.单例.Test"/>
  <testcase name="service" time="0.000" classname="com.example.java设计模式.单例.Test"/>
  <testcase name="service" time="6.319" classname="com.example.java设计模式.单例.Test"/>
  <testcase name="service" time="0.247" classname="com.example.java设计模式.单例.Test"/>
  <testcase name="service" time="0.491" classname="com.example.java设计模式.单例.Test"/>
  <testcase name="service" time="0.001" classname="com.example.java设计模式.单例.Test"/>
  <testcase name="service" time="0.000" classname="com.example.java设计模式.单例.Test"/>
  <testcase name="service" time="0.001" classname="com.example.java设计模式.单例.Test"/>
  <testcase name="service" time="0.424" classname="com.example.java设计模式.单例.Test"/>
  <testcase name="service" time="0.000" classname="com.example.java设计模式.单例.Test"/>
  <testcase name="service" time="0.177" classname="com.example.java设计模式.单例.Test"/>
  <testcase name="service" time="0.000" classname="com.example.java设计模式.单例.Test"/>
  <testcase name="service" time="0.081" classname="com.example.java设计模式.单例.Test"/>
  <testcase name="service" time="0.000" classname="com.example.java设计模式.单例.Test"/>
  <testcase name="service" time="1.346" classname="com.example.java设计模式.单例.Test"/>
  <testcase name="service" time="0.000" classname="com.example.java设计模式.单例.Test"/>
  <testcase name="service" time="0.000" classname="com.example.java设计模式.单例.Test"/>
  <testcase name="service" time="0.000" classname="com.example.java设计模式.单例.Test"/>
  <testcase name="service" time="0.000" classname="com.example.java设计模式.单例.Test"/>
  <testcase name="service" time="0.000" classname="com.example.java设计模式.单例.Test"/>
  <testcase name="service" time="0.001" classname="com.example.java设计模式.单例.Test"/>
  <testcase name="service" time="0.000" classname="com.example.java设计模式.单例.Test"/>
  <testcase name="service" time="0.258" classname="com.example.java设计模式.单例.Test"/>
  <testcase name="service" time="0.001" classname="com.example.java设计模式.单例.Test"/>
  <testcase name="service" time="0.001" classname="com.example.java设计模式.单例.Test"/>
  <testcase name="service" time="0.365" classname="com.example.java设计模式.单例.Test"/>
  <testcase name="service" time="0.001" classname="com.example.java设计模式.单例.Test"/>
  <testcase name="service" time="6.350" classname="com.example.java设计模式.单例.Test"/>
  <testcase name="service" time="65.050" classname="com.example.java设计模式.单例.Test"/>
  <testcase name="service" time="1.099" classname="com.example.java设计模式.单例.Test"/>
  <testcase name="service" time="0.000" classname="com.example.java设计模式.单例.Test"/>
  <testcase name="service" time="0.511" classname="com.example.java设计模式.单例.Test"/>
  <testcase name="service" time="0.000" classname="com.example.java设计模式.单例.Test"/>
  <testcase name="service" time="0.000" classname="com.example.java设计模式.单例.Test"/>
  <testcase name="service" time="0.000" classname="com.example.java设计模式.单例.Test"/>
  <testcase name="service" time="0.692" classname="com.example.java设计模式.单例.Test"/>
  <testcase name="service" time="0.001" classname="com.example.java设计模式.单例.Test"/>
  <testcase name="service" time="0.000" classname="com.example.java设计模式.单例.Test"/>
  <testcase name="service" time="0.000" classname="com.example.java设计模式.单例.Test"/>
  <testcase name="service" time="0.301" classname="com.example.java设计模式.单例.Test"/>
  <testcase name="service" time="0.012" classname="com.example.java设计模式.单例.Test"/>
  <testcase name="service" time="64.349" classname="com.example.java设计模式.单例.Test"/>
  <testcase name="service" time="0.000" classname="com.example.java设计模式.单例.Test"/>
  <testcase name="service" time="0.000" classname="com.example.java设计模式.单例.Test"/>
  <testcase name="service" time="0.001" classname="com.example.java设计模式.单例.Test"/>
  <testcase name="service" time="0.325" classname="com.example.java设计模式.单例.Test"/>
  <testcase name="service" time="0.000" classname="com.example.java设计模式.单例.Test"/>
  <testcase name="service" time="0.005" classname="com.example.java设计模式.单例.Test"/>
  <testcase name="service" time="0.000" classname="com.example.java设计模式.单例.Test"/>
  <testcase name="service" time="0.000" classname="com.example.java设计模式.单例.Test"/>
  <testcase name="service" time="0.000" classname="com.example.java设计模式.单例.Test"/>
  <testcase name="service" time="0.000" classname="com.example.java设计模式.单例.Test"/>
  <testcase name="service" time="0.000" classname="com.example.java设计模式.单例.Test"/>
  <testcase name="service" time="0.270" classname="com.example.java设计模式.单例.Test"/>
  <testcase name="service" time="0.000" classname="com.example.java设计模式.单例.Test"/>
  <testcase name="service" time="0.736" classname="com.example.java设计模式.单例.Test"/>
  <testcase name="service" time="0.083" classname="com.example.java设计模式.单例.Test"/>
  <testcase name="service" time="0.001" classname="com.example.java设计模式.单例.Test"/>
  <testcase name="service" time="0.000" classname="com.example.java设计模式.单例.Test"/>
  <testcase name="service" time="0.000" classname="com.example.java设计模式.单例.Test"/>
  <testcase name="service" time="0.000" classname="com.example.java设计模式.单例.Test"/>
  <testcase name="service" time="0.000" classname="com.example.java设计模式.单例.Test"/>
  <testcase name="service" time="0.000" classname="com.example.java设计模式.单例.Test"/>
  <testcase name="service" time="0.036" classname="com.example.java设计模式.单例.Test"/>
  <testcase name="service" time="0.000" classname="com.example.java设计模式.单例.Test"/>
  <testcase name="service" time="0.527" classname="com.example.java设计模式.单例.Test"/>
  <testcase name="service" time="0.000" classname="com.example.java设计模式.单例.Test"/>
  <testcase name="service" time="1.085" classname="com.example.java设计模式.单例.Test"/>
  <testcase name="service" time="0.000" classname="com.example.java设计模式.单例.Test"/>
  <testcase name="service" time="0.000" classname="com.example.java设计模式.单例.Test"/>
  <testcase name="service" time="0.000" classname="com.example.java设计模式.单例.Test"/>
  <testcase name="service" time="1.271" classname="com.example.java设计模式.单例.Test"/>
  <testcase name="service" time="0.000" classname="com.example.java设计模式.单例.Test"/>
  <testcase name="service" time="0.548" classname="com.example.java设计模式.单例.Test"/>
  <testcase name="service" time="0.000" classname="com.example.java设计模式.单例.Test"/>
  <testcase name="service" time="64.923" classname="com.example.java设计模式.单例.Test"/>
  <testcase name="service" time="1.583" classname="com.example.java设计模式.单例.Test"/>
  <testcase name="service" time="0.000" classname="com.example.java设计模式.单例.Test"/>
  <testcase name="service" time="0.352" classname="com.example.java设计模式.单例.Test"/>
  <testcase name="service" time="0.443" classname="com.example.java设计模式.单例.Test"/>
  <testcase name="service" time="0.001" classname="com.example.java设计模式.单例.Test"/>
  <testcase name="service" time="0.000" classname="com.example.java设计模式.单例.Test"/>
  <testcase name="service" time="0.001" classname="com.example.java设计模式.单例.Test"/>
  <testcase name="service" time="0.000" classname="com.example.java设计模式.单例.Test"/>
  <testcase name="service" time="0.232" classname="com.example.java设计模式.单例.Test"/>
  <testcase name="service" time="0.056" classname="com.example.java设计模式.单例.Test"/>
  <testcase name="service" time="64.998" classname="com.example.java设计模式.单例.Test"/>
  <testcase name="service" time="0.000" classname="com.example.java设计模式.单例.Test"/>
  <testcase name="service" time="0.709" classname="com.example.java设计模式.单例.Test"/>
  <testcase name="service" time="0.000" classname="com.example.java设计模式.单例.Test"/>
  <testcase name="service" time="0.001" classname="com.example.java设计模式.单例.Test"/>
  <testcase name="service" time="0.000" classname="com.example.java设计模式.单例.Test"/>
  <testcase name="service" time="0.000" classname="com.example.java设计模式.单例.Test"/>
  <testcase name="service" time="0.113" classname="com.example.java设计模式.单例.Test"/>
  <testcase name="service" time="0.183" classname="com.example.java设计模式.单例.Test"/>
  <testcase name="service" time="1.518" classname="com.example.java设计模式.单例.Test"/>
  <testcase name="service" time="0.000" classname="com.example.java设计模式.单例.Test"/>
  <testcase name="service" time="0.001" classname="com.example.java设计模式.单例.Test"/>
  <testcase name="service" time="0.001" classname="com.example.java设计模式.单例.Test"/>
  <testcase name="service" time="1.204" classname="com.example.java设计模式.单例.Test"/>
  <testcase name="service" time="0.000" classname="com.example.java设计模式.单例.Test"/>
  <testcase name="service" time="0.003" classname="com.example.java设计模式.单例.Test"/>
  <testcase name="service" time="0.001" classname="com.example.java设计模式.单例.Test"/>
  <testcase name="service" time="0.754" classname="com.example.java设计模式.单例.Test"/>
  <testcase name="service" time="0.076" classname="com.example.java设计模式.单例.Test"/>
  <testcase name="service" time="0.112" classname="com.example.java设计模式.单例.Test"/>
  <testcase name="service" time="0.065" classname="com.example.java设计模式.单例.Test"/>
  <testcase name="service" time="0.001" classname="com.example.java设计模式.单例.Test"/>
  <testcase name="service" time="0.001" classname="com.example.java设计模式.单例.Test"/>
  <testcase name="service" time="0.000" classname="com.example.java设计模式.单例.Test"/>
  <testcase name="service" time="0.063" classname="com.example.java设计模式.单例.Test"/>
  <testcase name="service" time="0.001" classname="com.example.java设计模式.单例.Test"/>
  <testcase name="service" time="0.001" classname="com.example.java设计模式.单例.Test"/>
  <testcase name="service" time="0.298" classname="com.example.java设计模式.单例.Test"/>
  <testcase name="service" time="4.990" classname="com.example.java设计模式.单例.Test"/>
  <testcase name="service" time="0.000" classname="com.example.java设计模式.单例.Test"/>
  <testcase name="service" time="0.000" classname="com.example.java设计模式.单例.Test"/>
  <testcase name="service" time="0.263" classname="com.example.java设计模式.单例.Test"/>
  <testcase name="service" time="0.209" classname="com.example.java设计模式.单例.Test"/>
  <testcase name="service" time="0.364" classname="com.example.java设计模式.单例.Test"/>
  <testcase name="service" time="0.750" classname="com.example.java设计模式.单例.Test"/>
  <testcase name="service" time="0.000" classname="com.example.java设计模式.单例.Test"/>
  <testcase name="service" time="0.000" classname="com.example.java设计模式.单例.Test"/>
  <testcase name="service" time="0.001" classname="com.example.java设计模式.单例.Test"/>
  <testcase name="service" time="0.000" classname="com.example.java设计模式.单例.Test"/>
  <testcase name="service" time="6.694" classname="com.example.java设计模式.单例.Test"/>
  <testcase name="service" time="0.038" classname="com.example.java设计模式.单例.Test"/>
  <testcase name="service" time="0.077" classname="com.example.java设计模式.单例.Test"/>
  <testcase name="service" time="0.791" classname="com.example.java设计模式.单例.Test"/>
  <testcase name="service" time="0.000" classname="com.example.java设计模式.单例.Test"/>
  <testcase name="service" time="1.027" classname="com.example.java设计模式.单例.Test"/>
  <testcase name="service" time="0.826" classname="com.example.java设计模式.单例.Test"/>
  <testcase name="service" time="0.248" classname="com.example.java设计模式.单例.Test"/>
  <testcase name="service" time="0.577" classname="com.example.java设计模式.单例.Test"/>
  <testcase name="service" time="0.001" classname="com.example.java设计模式.单例.Test"/>
  <testcase name="service" time="0.171" classname="com.example.java设计模式.单例.Test"/>
  <testcase name="service" time="0.000" classname="com.example.java设计模式.单例.Test"/>
  <testcase name="service" time="0.000" classname="com.example.java设计模式.单例.Test"/>
  <testcase name="service" time="0.041" classname="com.example.java设计模式.单例.Test"/>
  <testcase name="service" time="0.001" classname="com.example.java设计模式.单例.Test"/>
  <testcase name="service" time="0.001" classname="com.example.java设计模式.单例.Test"/>
  <testcase name="service" time="0.229" classname="com.example.java设计模式.单例.Test"/>
  <testcase name="service" time="0.106" classname="com.example.java设计模式.单例.Test"/>
  <testcase name="service" time="0.001" classname="com.example.java设计模式.单例.Test"/>
  <testcase name="service" time="0.000" classname="com.example.java设计模式.单例.Test"/>
  <testcase name="service" time="0.000" classname="com.example.java设计模式.单例.Test"/>
  <testcase name="service" time="0.000" classname="com.example.java设计模式.单例.Test"/>
  <testcase name="service" time="64.997" classname="com.example.java设计模式.单例.Test"/>
  <testcase name="service" time="0.672" classname="com.example.java设计模式.单例.Test"/>
  <testcase name="service" time="0.481" classname="com.example.java设计模式.单例.Test"/>
  <testcase name="service" time="0.000" classname="com.example.java设计模式.单例.Test"/>
  <testcase name="service" time="0.001" classname="com.example.java设计模式.单例.Test"/>
  <testcase name="service" time="0.186" classname="com.example.java设计模式.单例.Test"/>
  <testcase name="service" time="0.713" classname="com.example.java设计模式.单例.Test"/>
  <testcase name="service" time="0.000" classname="com.example.java设计模式.单例.Test"/>
  <testcase name="service" time="0.337" classname="com.example.java设计模式.单例.Test"/>
  <testcase name="service" time="0.000" classname="com.example.java设计模式.单例.Test"/>
  <testcase name="service" time="0.000" classname="com.example.java设计模式.单例.Test"/>
  <testcase name="service" time="0.386" classname="com.example.java设计模式.单例.Test"/>
  <testcase name="service" time="0.000" classname="com.example.java设计模式.单例.Test"/>
  <testcase name="service" time="0.001" classname="com.example.java设计模式.单例.Test"/>
  <testcase name="service" time="0.000" classname="com.example.java设计模式.单例.Test"/>
  <testcase name="service" time="65.022" classname="com.example.java设计模式.单例.Test"/>
  <testcase name="service" time="0.000" classname="com.example.java设计模式.单例.Test"/>
  <testcase name="service" time="64.946" classname="com.example.java设计模式.单例.Test"/>
  <testcase name="service" time="0.176" classname="com.example.java设计模式.单例.Test"/>
  <testcase name="service" time="0.104" classname="com.example.java设计模式.单例.Test"/>
  <testcase name="service" time="0.000" classname="com.example.java设计模式.单例.Test"/>
  <testcase name="service" time="1.470" classname="com.example.java设计模式.单例.Test"/>
  <testcase name="service" time="0.062" classname="com.example.java设计模式.单例.Test"/>
  <testcase name="service" time="0.001" classname="com.example.java设计模式.单例.Test"/>
  <testcase name="service" time="0.000" classname="com.example.java设计模式.单例.Test"/>
  <testcase name="service" time="1.311" classname="com.example.java设计模式.单例.Test"/>
  <testcase name="service" time="0.092" classname="com.example.java设计模式.单例.Test"/>
  <testcase name="service" time="0.000" classname="com.example.java设计模式.单例.Test"/>
  <testcase name="service" time="0.001" classname="com.example.java设计模式.单例.Test"/>
  <testcase name="service" time="0.000" classname="com.example.java设计模式.单例.Test"/>
  <testcase name="service" time="0.001" classname="com.example.java设计模式.单例.Test"/>
  <testcase name="service" time="0.000" classname="com.example.java设计模式.单例.Test"/>
  <testcase name="service" time="0.000" classname="com.example.java设计模式.单例.Test"/>
  <testcase name="service" time="0.000" classname="com.example.java设计模式.单例.Test"/>
  <testcase name="service" time="0.000" classname="com.example.java设计模式.单例.Test"/>
  <testcase name="service" time="0.000" classname="com.example.java设计模式.单例.Test"/>
  <testcase name="service" time="7.219" classname="com.example.java设计模式.单例.Test"/>
  <testcase name="service" time="0.095" classname="com.example.java设计模式.单例.Test"/>
  <testcase name="service" time="0.716" classname="com.example.java设计模式.单例.Test"/>
  <testcase name="service" time="0.001" classname="com.example.java设计模式.单例.Test"/>
  <testcase name="service" time="0.000" classname="com.example.java设计模式.单例.Test"/>
  <testcase name="service" time="0.000" classname="com.example.java设计模式.单例.Test"/>
  <testcase name="service" time="0.000" classname="com.example.java设计模式.单例.Test"/>
  <testcase name="service" time="0.000" classname="com.example.java设计模式.单例.Test"/>
  <testcase name="service" time="0.077" classname="com.example.java设计模式.单例.Test"/>
  <testcase name="service" time="0.001" classname="com.example.java设计模式.单例.Test"/>
  <testcase name="service" time="1.237" classname="com.example.java设计模式.单例.Test"/>
  <testcase name="service" time="0.469" classname="com.example.java设计模式.单例.Test"/>
  <testcase name="service" time="0.058" classname="com.example.java设计模式.单例.Test"/>
  <testcase name="service" time="0.000" classname="com.example.java设计模式.单例.Test"/>
  <testcase name="service" time="0.218" classname="com.example.java设计模式.单例.Test"/>
  <testcase name="service" time="0.808" classname="com.example.java设计模式.单例.Test"/>
  <testcase name="service" time="0.000" classname="com.example.java设计模式.单例.Test"/>
  <testcase name="service" time="0.001" classname="com.example.java设计模式.单例.Test"/>
  <testcase name="service" time="0.000" classname="com.example.java设计模式.单例.Test"/>
  <testcase name="service" time="0.000" classname="com.example.java设计模式.单例.Test"/>
  <testcase name="service" time="0.001" classname="com.example.java设计模式.单例.Test"/>
  <testcase name="service" time="0.993" classname="com.example.java设计模式.单例.Test"/>
  <testcase name="service" time="0.373" classname="com.example.java设计模式.单例.Test"/>
  <testcase name="service" time="64.930" classname="com.example.java设计模式.单例.Test"/>
  <testcase name="service" time="0.709" classname="com.example.java设计模式.单例.Test"/>
  <testcase name="service" time="0.000" classname="com.example.java设计模式.单例.Test"/>
  <testcase name="service" time="0.513" classname="com.example.java设计模式.单例.Test"/>
  <testcase name="service" time="0.649" classname="com.example.java设计模式.单例.Test"/>
  <testcase name="service" time="0.001" classname="com.example.java设计模式.单例.Test"/>
  <testcase name="service" time="0.600" classname="com.example.java设计模式.单例.Test"/>
  <testcase name="service" time="0.023" classname="com.example.java设计模式.单例.Test"/>
  <testcase name="service" time="64.515" classname="com.example.java设计模式.单例.Test"/>
  <testcase name="service" time="7.858" classname="com.example.java设计模式.单例.Test"/>
  <testcase name="service" time="0.001" classname="com.example.java设计模式.单例.Test"/>
  <testcase name="service" time="0.139" classname="com.example.java设计模式.单例.Test"/>
  <testcase name="service" time="0.000" classname="com.example.java设计模式.单例.Test"/>
  <testcase name="service" time="0.029" classname="com.example.java设计模式.单例.Test"/>
  <testcase name="service" time="0.001" classname="com.example.java设计模式.单例.Test"/>
  <testcase name="service" time="64.900" classname="com.example.java设计模式.单例.Test"/>
  <testcase name="service" time="0.000" classname="com.example.java设计模式.单例.Test"/>
  <testcase name="service" time="0.919" classname="com.example.java设计模式.单例.Test"/>
  <testcase name="service" time="1.371" classname="com.example.java设计模式.单例.Test"/>
  <testcase name="service" time="0.068" classname="com.example.java设计模式.单例.Test"/>
  <testcase name="service" time="64.903" classname="com.example.java设计模式.单例.Test"/>
  <testcase name="service" time="0.001" classname="com.example.java设计模式.单例.Test"/>
  <testcase name="service" time="0.000" classname="com.example.java设计模式.单例.Test"/>
  <testcase name="service" time="7.782" classname="com.example.java设计模式.单例.Test"/>
  <testcase name="service" time="6.745" classname="com.example.java设计模式.单例.Test"/>
  <testcase name="service" time="0.000" classname="com.example.java设计模式.单例.Test"/>
  <testcase name="service" time="0.000" classname="com.example.java设计模式.单例.Test"/>
  <testcase name="service" time="0.000" classname="com.example.java设计模式.单例.Test"/>
  <testcase name="service" time="0.000" classname="com.example.java设计模式.单例.Test"/>
  <testcase name="service" time="0.001" classname="com.example.java设计模式.单例.Test"/>
  <testcase name="service" time="8.344" classname="com.example.java设计模式.单例.Test"/>
  <testcase name="service" time="6.614" classname="com.example.java设计模式.单例.Test"/>
  <testcase name="service" time="0.000" classname="com.example.java设计模式.单例.Test"/>
  <testcase name="service" time="0.048" classname="com.example.java设计模式.单例.Test"/>
  <testcase name="service" time="0.096" classname="com.example.java设计模式.单例.Test"/>
  <testcase name="service" time="8.049" classname="com.example.java设计模式.单例.Test"/>
  <testcase name="service" time="0.283" classname="com.example.java设计模式.单例.Test"/>
  <testcase name="service" time="0.001" classname="com.example.java设计模式.单例.Test"/>
  <testcase name="service" time="0.001" classname="com.example.java设计模式.单例.Test"/>
  <testcase name="service" time="0.001" classname="com.example.java设计模式.单例.Test"/>
  <testcase name="service" time="0.000" classname="com.example.java设计模式.单例.Test"/>
  <testcase name="service" time="0.018" classname="com.example.java设计模式.单例.Test"/>
  <testcase name="service" time="0.000" classname="com.example.java设计模式.单例.Test"/>
  <testcase name="service" time="0.045" classname="com.example.java设计模式.单例.Test"/>
  <testcase name="service" time="0.485" classname="com.example.java设计模式.单例.Test"/>
  <testcase name="service" time="0.000" classname="com.example.java设计模式.单例.Test"/>
  <testcase name="service" time="0.000" classname="com.example.java设计模式.单例.Test"/>
  <testcase name="service" time="0.000" classname="com.example.java设计模式.单例.Test"/>
  <testcase name="service" time="0.086" classname="com.example.java设计模式.单例.Test"/>
  <testcase name="service" time="0.502" classname="com.example.java设计模式.单例.Test"/>
  <testcase name="service" time="0.827" classname="com.example.java设计模式.单例.Test"/>
  <testcase name="service" time="0.000" classname="com.example.java设计模式.单例.Test"/>
  <testcase name="service" time="0.000" classname="com.example.java设计模式.单例.Test"/>
  <testcase name="service" time="0.000" classname="com.example.java设计模式.单例.Test"/>
  <testcase name="service" time="7.727" classname="com.example.java设计模式.单例.Test"/>
  <testcase name="service" time="0.877" classname="com.example.java设计模式.单例.Test"/>
  <testcase name="service" time="0.255" classname="com.example.java设计模式.单例.Test"/>
  <testcase name="service" time="0.000" classname="com.example.java设计模式.单例.Test"/>
  <testcase name="service" time="0.000" classname="com.example.java设计模式.单例.Test"/>
  <testcase name="service" time="0.000" classname="com.example.java设计模式.单例.Test"/>
  <testcase name="service" time="0.842" classname="com.example.java设计模式.单例.Test"/>
  <testcase name="service" time="0.000" classname="com.example.java设计模式.单例.Test"/>
  <testcase name="service" time="0.000" classname="com.example.java设计模式.单例.Test"/>
  <testcase name="service" time="0.000" classname="com.example.java设计模式.单例.Test"/>
  <testcase name="service" time="0.244" classname="com.example.java设计模式.单例.Test"/>
  <testcase name="service" time="0.001" classname="com.example.java设计模式.单例.Test"/>
  <testcase name="service" time="0.311" classname="com.example.java设计模式.单例.Test"/>
  <testcase name="service" time="0.620" classname="com.example.java设计模式.单例.Test"/>
  <testcase name="service" time="0.015" classname="com.example.java设计模式.单例.Test"/>
  <testcase name="service" time="0.926" classname="com.example.java设计模式.单例.Test"/>
  <testcase name="service" time="0.000" classname="com.example.java设计模式.单例.Test"/>
  <testcase name="service" time="0.000" classname="com.example.java设计模式.单例.Test"/>
  <testcase name="service" time="0.000" classname="com.example.java设计模式.单例.Test"/>
  <testcase name="service" time="0.000" classname="com.example.java设计模式.单例.Test"/>
  <testcase name="service" time="0.057" classname="com.example.java设计模式.单例.Test"/>
  <testcase name="service" time="0.000" classname="com.example.java设计模式.单例.Test"/>
  <testcase name="service" time="0.000" classname="com.example.java设计模式.单例.Test"/>
  <testcase name="service" time="0.001" classname="com.example.java设计模式.单例.Test"/>
  <testcase name="service" time="0.000" classname="com.example.java设计模式.单例.Test"/>
  <testcase name="service" time="0.000" classname="com.example.java设计模式.单例.Test"/>
  <testcase name="service" time="64.861" classname="com.example.java设计模式.单例.Test"/>
  <testcase name="service" time="0.505" classname="com.example.java设计模式.单例.Test"/>
  <testcase name="service" time="0.000" classname="com.example.java设计模式.单例.Test"/>
  <testcase name="service" time="0.000" classname="com.example.java设计模式.单例.Test"/>
  <testcase name="service" time="0.104" classname="com.example.java设计模式.单例.Test"/>
  <testcase name="service" time="0.000" classname="com.example.java设计模式.单例.Test"/>
  <testcase name="service" time="0.001" classname="com.example.java设计模式.单例.Test"/>
  <testcase name="service" time="0.000" classname="com.example.java设计模式.单例.Test"/>
  <testcase name="service" time="0.000" classname="com.example.java设计模式.单例.Test"/>
  <testcase name="service" time="0.247" classname="com.example.java设计模式.单例.Test"/>
  <testcase name="service" time="1.115" classname="com.example.java设计模式.单例.Test"/>
  <testcase name="service" time="0.000" classname="com.example.java设计模式.单例.Test"/>
  <testcase name="service" time="0.000" classname="com.example.java设计模式.单例.Test"/>
  <testcase name="service" time="0.834" classname="com.example.java设计模式.单例.Test"/>
  <testcase name="service" time="0.327" classname="com.example.java设计模式.单例.Test"/>
  <testcase name="service" time="0.883" classname="com.example.java设计模式.单例.Test"/>
  <testcase name="service" time="0.000" classname="com.example.java设计模式.单例.Test"/>
  <testcase name="service" time="0.363" classname="com.example.java设计模式.单例.Test"/>
  <testcase name="service" time="0.000" classname="com.example.java设计模式.单例.Test"/>
  <testcase name="service" time="0.000" classname="com.example.java设计模式.单例.Test"/>
  <testcase name="service" time="0.000" classname="com.example.java设计模式.单例.Test"/>
  <testcase name="service" time="0.000" classname="com.example.java设计模式.单例.Test"/>
  <testcase name="service" time="0.874" classname="com.example.java设计模式.单例.Test"/>
  <testcase name="service" time="64.949" classname="com.example.java设计模式.单例.Test"/>
  <testcase name="service" time="0.001" classname="com.example.java设计模式.单例.Test"/>
  <testcase name="service" time="0.710" classname="com.example.java设计模式.单例.Test"/>
  <testcase name="service" time="1.032" classname="com.example.java设计模式.单例.Test"/>
  <testcase name="service" time="0.000" classname="com.example.java设计模式.单例.Test"/>
  <testcase name="service" time="0.000" classname="com.example.java设计模式.单例.Test"/>
  <testcase name="service" time="1.275" classname="com.example.java设计模式.单例.Test"/>
  <testcase name="service" time="0.001" classname="com.example.java设计模式.单例.Test"/>
  <testcase name="service" time="0.000" classname="com.example.java设计模式.单例.Test"/>
  <testcase name="service" time="0.000" classname="com.example.java设计模式.单例.Test"/>
  <testcase name="service" time="0.000" classname="com.example.java设计模式.单例.Test"/>
  <testcase name="service" time="0.000" classname="com.example.java设计模式.单例.Test"/>
  <testcase name="service" time="0.486" classname="com.example.java设计模式.单例.Test"/>
  <testcase name="service" time="0.000" classname="com.example.java设计模式.单例.Test"/>
  <testcase name="service" time="6.677" classname="com.example.java设计模式.单例.Test"/>
  <testcase name="service" time="0.001" classname="com.example.java设计模式.单例.Test"/>
  <testcase name="service" time="0.000" classname="com.example.java设计模式.单例.Test"/>
  <testcase name="service" time="0.162" classname="com.example.java设计模式.单例.Test"/>
  <testcase name="service" time="0.001" classname="com.example.java设计模式.单例.Test"/>
  <testcase name="service" time="0.206" classname="com.example.java设计模式.单例.Test"/>
  <testcase name="service" time="0.000" classname="com.example.java设计模式.单例.Test"/>
  <testcase name="service" time="0.001" classname="com.example.java设计模式.单例.Test"/>
  <testcase name="service" time="0.669" classname="com.example.java设计模式.单例.Test"/>
  <testcase name="service" time="0.137" classname="com.example.java设计模式.单例.Test"/>
  <testcase name="service" time="0.757" classname="com.example.java设计模式.单例.Test"/>
  <testcase name="service" time="0.000" classname="com.example.java设计模式.单例.Test"/>
  <testcase name="service" time="0.001" classname="com.example.java设计模式.单例.Test"/>
  <testcase name="service" time="0.000" classname="com.example.java设计模式.单例.Test"/>
  <testcase name="service" time="0.178" classname="com.example.java设计模式.单例.Test"/>
  <testcase name="service" time="0.000" classname="com.example.java设计模式.单例.Test"/>
  <testcase name="service" time="0.272" classname="com.example.java设计模式.单例.Test"/>
  <testcase name="service" time="0.224" classname="com.example.java设计模式.单例.Test"/>
  <testcase name="service" time="0.000" classname="com.example.java设计模式.单例.Test"/>
  <testcase name="service" time="0.220" classname="com.example.java设计模式.单例.Test"/>
  <testcase name="service" time="0.000" classname="com.example.java设计模式.单例.Test"/>
  <testcase name="service" time="7.788" classname="com.example.java设计模式.单例.Test"/>
  <testcase name="service" time="0.000" classname="com.example.java设计模式.单例.Test"/>
  <testcase name="service" time="0.025" classname="com.example.java设计模式.单例.Test"/>
  <testcase name="service" time="0.042" classname="com.example.java设计模式.单例.Test"/>
  <testcase name="service" time="0.000" classname="com.example.java设计模式.单例.Test"/>
  <testcase name="service" time="0.005" classname="com.example.java设计模式.单例.Test"/>
  <testcase name="service" time="0.000" classname="com.example.java设计模式.单例.Test"/>
  <testcase name="service" time="0.000" classname="com.example.java设计模式.单例.Test"/>
  <testcase name="service" time="0.000" classname="com.example.java设计模式.单例.Test"/>
  <testcase name="service" time="6.531" classname="com.example.java设计模式.单例.Test"/>
  <testcase name="service" time="0.000" classname="com.example.java设计模式.单例.Test"/>
  <testcase name="service" time="0.000" classname="com.example.java设计模式.单例.Test"/>
  <testcase name="service" time="0.000" classname="com.example.java设计模式.单例.Test"/>
  <testcase name="service" time="64.547" classname="com.example.java设计模式.单例.Test"/>
  <testcase name="service" time="0.344" classname="com.example.java设计模式.单例.Test"/>
  <testcase name="service" time="0.000" classname="com.example.java设计模式.单例.Test"/>
  <testcase name="service" time="0.218" classname="com.example.java设计模式.单例.Test"/>
  <testcase name="service" time="0.001" classname="com.example.java设计模式.单例.Test"/>
  <testcase name="service" time="0.816" classname="com.example.java设计模式.单例.Test"/>
  <testcase name="service" time="0.001" classname="com.example.java设计模式.单例.Test"/>
  <testcase name="service" time="0.000" classname="com.example.java设计模式.单例.Test"/>
  <testcase name="service" time="64.899" classname="com.example.java设计模式.单例.Test"/>
  <testcase name="service" time="0.081" classname="com.example.java设计模式.单例.Test"/>
  <testcase name="service" time="0.009" classname="com.example.java设计模式.单例.Test"/>
  <testcase name="service" time="0.000" classname="com.example.java设计模式.单例.Test"/>
  <testcase name="service" time="0.900" classname="com.example.java设计模式.单例.Test"/>
  <testcase name="service" time="65.366" classname="com.example.java设计模式.单例.Test"/>
  <testcase name="service" time="0.335" classname="com.example.java设计模式.单例.Test"/>
  <testcase name="service" time="0.001" classname="com.example.java设计模式.单例.Test"/>
  <testcase name="service" time="0.000" classname="com.example.java设计模式.单例.Test"/>
  <testcase name="service" time="0.000" classname="com.example.java设计模式.单例.Test"/>
  <testcase name="service" time="0.000" classname="com.example.java设计模式.单例.Test"/>
  <testcase name="service" time="1.026" classname="com.example.java设计模式.单例.Test"/>
  <testcase name="service" time="6.232" classname="com.example.java设计模式.单例.Test"/>
  <testcase name="service" time="6.888" classname="com.example.java设计模式.单例.Test"/>
  <testcase name="service" time="0.401" classname="com.example.java设计模式.单例.Test"/>
  <testcase name="service" time="0.455" classname="com.example.java设计模式.单例.Test"/>
  <testcase name="service" time="0.000" classname="com.example.java设计模式.单例.Test"/>
  <testcase name="service" time="0.917" classname="com.example.java设计模式.单例.Test"/>
  <testcase name="service" time="0.497" classname="com.example.java设计模式.单例.Test"/>
  <testcase name="service" time="1.654" classname="com.example.java设计模式.单例.Test"/>
  <testcase name="service" time="0.001" classname="com.example.java设计模式.单例.Test"/>
  <testcase name="service" time="65.007" classname="com.example.java设计模式.单例.Test"/>
  <testcase name="service" time="0.072" classname="com.example.java设计模式.单例.Test"/>
  <testcase name="service" time="6.493" classname="com.example.java设计模式.单例.Test"/>
  <testcase name="service" time="0.642" classname="com.example.java设计模式.单例.Test"/>
  <testcase name="service" time="0.001" classname="com.example.java设计模式.单例.Test"/>
  <testcase name="service" time="0.001" classname="com.example.java设计模式.单例.Test"/>
  <testcase name="service" time="0.000" classname="com.example.java设计模式.单例.Test"/>
  <testcase name="service" time="0.000" classname="com.example.java设计模式.单例.Test"/>
  <testcase name="service" time="6.900" classname="com.example.java设计模式.单例.Test"/>
  <testcase name="service" time="0.794" classname="com.example.java设计模式.单例.Test"/>
  <testcase name="service" time="0.001" classname="com.example.java设计模式.单例.Test"/>
  <testcase name="service" time="0.001" classname="com.example.java设计模式.单例.Test"/>
  <testcase name="service" time="0.000" classname="com.example.java设计模式.单例.Test"/>
  <testcase name="service" time="0.000" classname="com.example.java设计模式.单例.Test"/>
  <testcase name="service" time="0.047" classname="com.example.java设计模式.单例.Test"/>
  <testcase name="service" time="0.000" classname="com.example.java设计模式.单例.Test"/>
  <testcase name="service" time="0.000" classname="com.example.java设计模式.单例.Test"/>
  <testcase name="service" time="0.000" classname="com.example.java设计模式.单例.Test"/>
  <testcase name="service" time="0.131" classname="com.example.java设计模式.单例.Test"/>
  <testcase name="service" time="0.000" classname="com.example.java设计模式.单例.Test"/>
  <testcase name="service" time="0.064" classname="com.example.java设计模式.单例.Test"/>
  <testcase name="service" time="0.000" classname="com.example.java设计模式.单例.Test"/>
  <testcase name="service" time="0.000" classname="com.example.java设计模式.单例.Test"/>
  <testcase name="service" time="0.000" classname="com.example.java设计模式.单例.Test"/>
  <testcase name="service" time="0.070" classname="com.example.java设计模式.单例.Test"/>
  <testcase name="service" time="0.000" classname="com.example.java设计模式.单例.Test"/>
  <testcase name="service" time="0.666" classname="com.example.java设计模式.单例.Test"/>
  <testcase name="service" time="0.000" classname="com.example.java设计模式.单例.Test"/>
  <testcase name="service" time="0.106" classname="com.example.java设计模式.单例.Test"/>
  <testcase name="service" time="0.000" classname="com.example.java设计模式.单例.Test"/>
  <testcase name="service" time="0.053" classname="com.example.java设计模式.单例.Test"/>
  <testcase name="service" time="0.331" classname="com.example.java设计模式.单例.Test"/>
  <testcase name="service" time="0.505" classname="com.example.java设计模式.单例.Test"/>
  <testcase name="service" time="0.420" classname="com.example.java设计模式.单例.Test"/>
  <testcase name="service" time="0.844" classname="com.example.java设计模式.单例.Test"/>
  <testcase name="service" time="0.882" classname="com.example.java设计模式.单例.Test"/>
  <testcase name="service" time="0.000" classname="com.example.java设计模式.单例.Test"/>
  <testcase name="service" time="0.000" classname="com.example.java设计模式.单例.Test"/>
  <testcase name="service" time="0.000" classname="com.example.java设计模式.单例.Test"/>
  <testcase name="service" time="0.001" classname="com.example.java设计模式.单例.Test"/>
  <testcase name="service" time="0.001" classname="com.example.java设计模式.单例.Test"/>
  <testcase name="service" time="0.120" classname="com.example.java设计模式.单例.Test"/>
  <testcase name="service" time="0.178" classname="com.example.java设计模式.单例.Test"/>
  <testcase name="service" time="0.021" classname="com.example.java设计模式.单例.Test"/>
  <testcase name="service" time="0.945" classname="com.example.java设计模式.单例.Test"/>
  <testcase name="service" time="0.000" classname="com.example.java设计模式.单例.Test"/>
  <testcase name="service" time="0.001" classname="com.example.java设计模式.单例.Test"/>
  <testcase name="service" time="0.000" classname="com.example.java设计模式.单例.Test"/>
  <testcase name="service" time="0.002" classname="com.example.java设计模式.单例.Test"/>
  <testcase name="service" time="0.001" classname="com.example.java设计模式.单例.Test"/>
  <testcase name="service" time="0.000" classname="com.example.java设计模式.单例.Test"/>
  <testcase name="service" time="0.151" classname="com.example.java设计模式.单例.Test"/>
  <testcase name="service" time="0.000" classname="com.example.java设计模式.单例.Test"/>
  <testcase name="service" time="0.275" classname="com.example.java设计模式.单例.Test"/>
  <testcase name="service" time="5.142" classname="com.example.java设计模式.单例.Test"/>
  <testcase name="service" time="0.456" classname="com.example.java设计模式.单例.Test"/>
  <testcase name="service" time="0.001" classname="com.example.java设计模式.单例.Test"/>
  <testcase name="service" time="0.142" classname="com.example.java设计模式.单例.Test"/>
  <testcase name="service" time="0.000" classname="com.example.java设计模式.单例.Test"/>
  <testcase name="service" time="0.439" classname="com.example.java设计模式.单例.Test"/>
  <testcase name="service" time="0.226" classname="com.example.java设计模式.单例.Test"/>
  <testcase name="service" time="0.212" classname="com.example.java设计模式.单例.Test"/>
  <testcase name="service" time="0.000" classname="com.example.java设计模式.单例.Test"/>
  <testcase name="service" time="0.001" classname="com.example.java设计模式.单例.Test"/>
  <testcase name="service" time="0.001" classname="com.example.java设计模式.单例.Test"/>
  <testcase name="service" time="0.001" classname="com.example.java设计模式.单例.Test"/>
  <testcase name="service" time="0.000" classname="com.example.java设计模式.单例.Test"/>
  <testcase name="service" time="0.000" classname="com.example.java设计模式.单例.Test"/>
  <testcase name="service" time="0.812" classname="com.example.java设计模式.单例.Test"/>
  <testcase name="service" time="0.798" classname="com.example.java设计模式.单例.Test"/>
  <testcase name="service" time="0.089" classname="com.example.java设计模式.单例.Test"/>
  <testcase name="service" time="0.186" classname="com.example.java设计模式.单例.Test"/>
  <testcase name="service" time="0.966" classname="com.example.java设计模式.单例.Test"/>
  <testcase name="service" time="0.000" classname="com.example.java设计模式.单例.Test"/>
  <testcase name="service" time="0.646" classname="com.example.java设计模式.单例.Test"/>
  <testcase name="service" time="0.247" classname="com.example.java设计模式.单例.Test"/>
  <testcase name="service" time="0.000" classname="com.example.java设计模式.单例.Test"/>
  <testcase name="service" time="0.003" classname="com.example.java设计模式.单例.Test"/>
  <testcase name="service" time="7.977" classname="com.example.java设计模式.单例.Test"/>
  <testcase name="service" time="0.000" classname="com.example.java设计模式.单例.Test"/>
  <testcase name="service" time="0.000" classname="com.example.java设计模式.单例.Test"/>
  <testcase name="service" time="0.810" classname="com.example.java设计模式.单例.Test"/>
  <testcase name="service" time="0.000" classname="com.example.java设计模式.单例.Test"/>
  <testcase name="service" time="0.678" classname="com.example.java设计模式.单例.Test"/>
  <testcase name="service" time="0.054" classname="com.example.java设计模式.单例.Test"/>
  <testcase name="service" time="0.000" classname="com.example.java设计模式.单例.Test"/>
  <testcase name="service" time="6.598" classname="com.example.java设计模式.单例.Test"/>
  <testcase name="service" time="0.749" classname="com.example.java设计模式.单例.Test"/>
  <testcase name="service" time="0.012" classname="com.example.java设计模式.单例.Test"/>
  <testcase name="service" time="0.468" classname="com.example.java设计模式.单例.Test"/>
  <testcase name="service" time="0.001" classname="com.example.java设计模式.单例.Test"/>
  <testcase name="service" time="0.000" classname="com.example.java设计模式.单例.Test"/>
  <testcase name="service" time="0.000" classname="com.example.java设计模式.单例.Test"/>
  <testcase name="service" time="0.000" classname="com.example.java设计模式.单例.Test"/>
  <testcase name="service" time="0.806" classname="com.example.java设计模式.单例.Test"/>
  <testcase name="service" time="0.001" classname="com.example.java设计模式.单例.Test"/>
  <testcase name="service" time="0.712" classname="com.example.java设计模式.单例.Test"/>
  <testcase name="service" time="0.001" classname="com.example.java设计模式.单例.Test"/>
  <testcase name="service" time="0.421" classname="com.example.java设计模式.单例.Test"/>
  <testcase name="service" time="6.614" classname="com.example.java设计模式.单例.Test"/>
  <testcase name="service" time="1.204" classname="com.example.java设计模式.单例.Test"/>
  <testcase name="service" time="0.000" classname="com.example.java设计模式.单例.Test"/>
  <testcase name="service" time="0.000" classname="com.example.java设计模式.单例.Test"/>
  <testcase name="service" time="0.001" classname="com.example.java设计模式.单例.Test"/>
  <testcase name="service" time="0.001" classname="com.example.java设计模式.单例.Test"/>
  <testcase name="service" time="0.111" classname="com.example.java设计模式.单例.Test"/>
  <testcase name="service" time="0.123" classname="com.example.java设计模式.单例.Test"/>
  <testcase name="service" time="0.307" classname="com.example.java设计模式.单例.Test"/>
  <testcase name="service" time="0.001" classname="com.example.java设计模式.单例.Test"/>
  <testcase name="service" time="0.735" classname="com.example.java设计模式.单例.Test"/>
  <testcase name="service" time="0.000" classname="com.example.java设计模式.单例.Test"/>
  <testcase name="service" time="0.000" classname="com.example.java设计模式.单例.Test"/>
  <testcase name="service" time="0.000" classname="com.example.java设计模式.单例.Test"/>
  <testcase name="service" time="0.130" classname="com.example.java设计模式.单例.Test"/>
  <testcase name="service" time="0.122" classname="com.example.java设计模式.单例.Test"/>
  <testcase name="service" time="0.001" classname="com.example.java设计模式.单例.Test"/>
  <testcase name="service" time="0.000" classname="com.example.java设计模式.单例.Test"/>
  <testcase name="service" time="0.911" classname="com.example.java设计模式.单例.Test"/>
  <testcase name="service" time="0.000" classname="com.example.java设计模式.单例.Test"/>
  <testcase name="service" time="0.001" classname="com.example.java设计模式.单例.Test"/>
  <testcase name="service" time="0.486" classname="com.example.java设计模式.单例.Test"/>
  <testcase name="service" time="0.002" classname="com.example.java设计模式.单例.Test"/>
  <testcase name="service" time="0.250" classname="com.example.java设计模式.单例.Test"/>
  <testcase name="service" time="0.554" classname="com.example.java设计模式.单例.Test"/>
  <testcase name="service" time="0.000" classname="com.example.java设计模式.单例.Test"/>
  <testcase name="service" time="65.018" classname="com.example.java设计模式.单例.Test"/>
  <testcase name="service" time="0.000" classname="com.example.java设计模式.单例.Test"/>
  <testcase name="service" time="1.481" classname="com.example.java设计模式.单例.Test"/>
  <testcase name="service" time="0.000" classname="com.example.java设计模式.单例.Test"/>
  <testcase name="service" time="0.000" classname="com.example.java设计模式.单例.Test"/>
  <testcase name="service" time="0.000" classname="com.example.java设计模式.单例.Test"/>
  <testcase name="service" time="0.000" classname="com.example.java设计模式.单例.Test"/>
  <testcase name="service" time="0.915" classname="com.example.java设计模式.单例.Test"/>
  <testcase name="service" time="0.001" classname="com.example.java设计模式.单例.Test"/>
  <testcase name="service" time="0.000" classname="com.example.java设计模式.单例.Test"/>
  <testcase name="service" time="0.000" classname="com.example.java设计模式.单例.Test"/>
  <testcase name="service" time="0.000" classname="com.example.java设计模式.单例.Test"/>
  <testcase name="service" time="0.004" classname="com.example.java设计模式.单例.Test"/>
  <testcase name="service" time="0.000" classname="com.example.java设计模式.单例.Test"/>
  <testcase name="service" time="0.233" classname="com.example.java设计模式.单例.Test"/>
  <testcase name="service" time="8.121" classname="com.example.java设计模式.单例.Test"/>
  <testcase name="service" time="64.943" classname="com.example.java设计模式.单例.Test"/>
  <testcase name="service" time="0.001" classname="com.example.java设计模式.单例.Test"/>
  <testcase name="service" time="0.822" classname="com.example.java设计模式.单例.Test"/>
  <testcase name="service" time="0.001" classname="com.example.java设计模式.单例.Test"/>
  <testcase name="service" time="65.031" classname="com.example.java设计模式.单例.Test"/>
  <testcase name="service" time="0.000" classname="com.example.java设计模式.单例.Test"/>
  <testcase name="service" time="0.469" classname="com.example.java设计模式.单例.Test"/>
  <testcase name="service" time="0.919" classname="com.example.java设计模式.单例.Test"/>
  <testcase name="service" time="0.000" classname="com.example.java设计模式.单例.Test"/>
  <testcase name="service" time="0.159" classname="com.example.java设计模式.单例.Test"/>
  <testcase name="service" time="6.907" classname="com.example.java设计模式.单例.Test"/>
  <testcase name="service" time="0.000" classname="com.example.java设计模式.单例.Test"/>
  <testcase name="service" time="0.000" classname="com.example.java设计模式.单例.Test"/>
  <testcase name="service" time="0.888" classname="com.example.java设计模式.单例.Test"/>
  <testcase name="service" time="0.000" classname="com.example.java设计模式.单例.Test"/>
  <testcase name="service" time="0.223" classname="com.example.java设计模式.单例.Test"/>
  <testcase name="service" time="0.244" classname="com.example.java设计模式.单例.Test"/>
  <testcase name="service" time="0.420" classname="com.example.java设计模式.单例.Test"/>
  <testcase name="service" time="0.375" classname="com.example.java设计模式.单例.Test"/>
  <testcase name="service" time="0.000" classname="com.example.java设计模式.单例.Test"/>
  <testcase name="service" time="0.372" classname="com.example.java设计模式.单例.Test"/>
  <testcase name="service" time="0.000" classname="com.example.java设计模式.单例.Test"/>
  <testcase name="service" time="0.000" classname="com.example.java设计模式.单例.Test"/>
  <testcase name="service" time="0.000" classname="com.example.java设计模式.单例.Test"/>
  <testcase name="service" time="0.331" classname="com.example.java设计模式.单例.Test"/>
  <testcase name="service" time="0.613" classname="com.example.java设计模式.单例.Test"/>
  <testcase name="service" time="0.000" classname="com.example.java设计模式.单例.Test"/>
  <testcase name="service" time="0.000" classname="com.example.java设计模式.单例.Test"/>
  <testcase name="service" time="0.243" classname="com.example.java设计模式.单例.Test"/>
  <testcase name="service" time="0.001" classname="com.example.java设计模式.单例.Test"/>
  <testcase name="service" time="0.000" classname="com.example.java设计模式.单例.Test"/>
  <testcase name="service" time="64.971" classname="com.example.java设计模式.单例.Test"/>
  <testcase name="service" time="0.000" classname="com.example.java设计模式.单例.Test"/>
  <testcase name="service" time="0.632" classname="com.example.java设计模式.单例.Test"/>
  <testcase name="service" time="0.000" classname="com.example.java设计模式.单例.Test"/>
  <testcase name="service" time="0.000" classname="com.example.java设计模式.单例.Test"/>
  <testcase name="service" time="0.586" classname="com.example.java设计模式.单例.Test"/>
  <testcase name="service" time="0.000" classname="com.example.java设计模式.单例.Test"/>
  <testcase name="service" time="0.000" classname="com.example.java设计模式.单例.Test"/>
  <testcase name="service" time="0.230" classname="com.example.java设计模式.单例.Test"/>
  <testcase name="service" time="0.000" classname="com.example.java设计模式.单例.Test"/>
  <testcase name="service" time="0.000" classname="com.example.java设计模式.单例.Test"/>
  <testcase name="service" time="0.474" classname="com.example.java设计模式.单例.Test"/>
  <testcase name="service" time="0.518" classname="com.example.java设计模式.单例.Test"/>
  <testcase name="service" time="0.000" classname="com.example.java设计模式.单例.Test"/>
  <testcase name="service" time="5.140" classname="com.example.java设计模式.单例.Test"/>
  <testcase name="service" time="0.001" classname="com.example.java设计模式.单例.Test"/>
  <testcase name="service" time="0.000" classname="com.example.java设计模式.单例.Test"/>
  <testcase name="service" time="0.000" classname="com.example.java设计模式.单例.Test"/>
  <testcase name="service" time="0.000" classname="com.example.java设计模式.单例.Test"/>
  <testcase name="service" time="0.000" classname="com.example.java设计模式.单例.Test"/>
  <testcase name="service" time="0.000" classname="com.example.java设计模式.单例.Test"/>
  <testcase name="service" time="8.040" classname="com.example.java设计模式.单例.Test"/>
  <testcase name="service" time="0.000" classname="com.example.java设计模式.单例.Test"/>
  <testcase name="service" time="64.526" classname="com.example.java设计模式.单例.Test"/>
  <testcase name="service" time="1.125" classname="com.example.java设计模式.单例.Test"/>
  <testcase name="service" time="7.960" classname="com.example.java设计模式.单例.Test"/>
  <testcase name="service" time="65.057" classname="com.example.java设计模式.单例.Test"/>
  <testcase name="service" time="0.000" classname="com.example.java设计模式.单例.Test"/>
  <testcase name="service" time="0.000" classname="com.example.java设计模式.单例.Test"/>
  <testcase name="service" time="0.001" classname="com.example.java设计模式.单例.Test"/>
  <testcase name="service" time="0.001" classname="com.example.java设计模式.单例.Test"/>
  <testcase name="service" time="0.000" classname="com.example.java设计模式.单例.Test"/>
  <testcase name="service" time="64.948" classname="com.example.java设计模式.单例.Test"/>
  <testcase name="service" time="0.009" classname="com.example.java设计模式.单例.Test"/>
  <testcase name="service" time="64.626" classname="com.example.java设计模式.单例.Test"/>
  <testcase name="service" time="0.076" classname="com.example.java设计模式.单例.Test"/>
  <testcase name="service" time="0.001" classname="com.example.java设计模式.单例.Test"/>
  <testcase name="service" time="1.049" classname="com.example.java设计模式.单例.Test"/>
  <testcase name="service" time="0.000" classname="com.example.java设计模式.单例.Test"/>
  <testcase name="service" time="0.015" classname="com.example.java设计模式.单例.Test"/>
  <testcase name="service" time="0.019" classname="com.example.java设计模式.单例.Test"/>
  <testcase name="service" time="0.000" classname="com.example.java设计模式.单例.Test"/>
  <testcase name="service" time="0.148" classname="com.example.java设计模式.单例.Test"/>
  <testcase name="service" time="0.122" classname="com.example.java设计模式.单例.Test"/>
  <testcase name="service" time="0.000" classname="com.example.java设计模式.单例.Test"/>
  <testcase name="service" time="0.127" classname="com.example.java设计模式.单例.Test"/>
  <testcase name="service" time="0.001" classname="com.example.java设计模式.单例.Test"/>
  <testcase name="service" time="0.000" classname="com.example.java设计模式.单例.Test"/>
  <testcase name="service" time="0.000" classname="com.example.java设计模式.单例.Test"/>
  <testcase name="service" time="0.356" classname="com.example.java设计模式.单例.Test"/>
  <testcase name="service" time="0.000" classname="com.example.java设计模式.单例.Test"/>
  <testcase name="service" time="1.491" classname="com.example.java设计模式.单例.Test"/>
  <testcase name="service" time="0.495" classname="com.example.java设计模式.单例.Test"/>
  <testcase name="service" time="0.437" classname="com.example.java设计模式.单例.Test"/>
  <testcase name="service" time="0.001" classname="com.example.java设计模式.单例.Test"/>
  <testcase name="service" time="0.828" classname="com.example.java设计模式.单例.Test"/>
  <testcase name="service" time="0.055" classname="com.example.java设计模式.单例.Test"/>
  <testcase name="service" time="0.000" classname="com.example.java设计模式.单例.Test"/>
  <testcase name="service" time="0.000" classname="com.example.java设计模式.单例.Test"/>
  <testcase name="service" time="0.833" classname="com.example.java设计模式.单例.Test"/>
  <testcase name="service" time="0.001" classname="com.example.java设计模式.单例.Test"/>
  <testcase name="service" time="0.016" classname="com.example.java设计模式.单例.Test"/>
  <testcase name="service" time="0.091" classname="com.example.java设计模式.单例.Test"/>
  <testcase name="service" time="0.700" classname="com.example.java设计模式.单例.Test"/>
  <testcase name="service" time="1.160" classname="com.example.java设计模式.单例.Test"/>
  <testcase name="service" time="0.000" classname="com.example.java设计模式.单例.Test"/>
  <testcase name="service" time="0.000" classname="com.example.java设计模式.单例.Test"/>
  <testcase name="service" time="0.108" classname="com.example.java设计模式.单例.Test"/>
  <testcase name="service" time="0.000" classname="com.example.java设计模式.单例.Test"/>
  <testcase name="service" time="0.000" classname="com.example.java设计模式.单例.Test"/>
  <testcase name="service" time="0.647" classname="com.example.java设计模式.单例.Test"/>
  <testcase name="service" time="0.000" classname="com.example.java设计模式.单例.Test"/>
  <testcase name="service" time="0.000" classname="com.example.java设计模式.单例.Test"/>
  <testcase name="service" time="0.000" classname="com.example.java设计模式.单例.Test"/>
  <testcase name="service" time="0.000" classname="com.example.java设计模式.单例.Test"/>
  <testcase name="service" time="0.000" classname="com.example.java设计模式.单例.Test"/>
  <testcase name="service" time="1.196" classname="com.example.java设计模式.单例.Test"/>
  <testcase name="service" time="0.492" classname="com.example.java设计模式.单例.Test"/>
  <testcase name="service" time="0.001" classname="com.example.java设计模式.单例.Test"/>
  <testcase name="service" time="0.000" classname="com.example.java设计模式.单例.Test"/>
  <testcase name="service" time="0.000" classname="com.example.java设计模式.单例.Test"/>
  <testcase name="service" time="0.765" classname="com.example.java设计模式.单例.Test"/>
  <testcase name="service" time="0.000" classname="com.example.java设计模式.单例.Test"/>
  <testcase name="service" time="0.001" classname="com.example.java设计模式.单例.Test"/>
  <testcase name="service" time="0.000" classname="com.example.java设计模式.单例.Test"/>
  <testcase name="service" time="0.001" classname="com.example.java设计模式.单例.Test"/>
  <testcase name="service" time="65.058" classname="com.example.java设计模式.单例.Test"/>
  <testcase name="service" time="0.112" classname="com.example.java设计模式.单例.Test"/>
  <testcase name="service" time="0.000" classname="com.example.java设计模式.单例.Test"/>
  <testcase name="service" time="0.000" classname="com.example.java设计模式.单例.Test"/>
  <testcase name="service" time="0.777" classname="com.example.java设计模式.单例.Test"/>
  <testcase name="service" time="0.000" classname="com.example.java设计模式.单例.Test"/>
  <testcase name="service" time="0.075" classname="com.example.java设计模式.单例.Test"/>
  <testcase name="service" time="0.393" classname="com.example.java设计模式.单例.Test"/>
  <testcase name="service" time="0.017" classname="com.example.java设计模式.单例.Test"/>
  <testcase name="service" time="0.000" classname="com.example.java设计模式.单例.Test"/>
  <testcase name="service" time="0.000" classname="com.example.java设计模式.单例.Test"/>
  <testcase name="service" time="0.000" classname="com.example.java设计模式.单例.Test"/>
  <testcase name="service" time="0.000" classname="com.example.java设计模式.单例.Test"/>
  <testcase name="service" time="0.001" classname="com.example.java设计模式.单例.Test"/>
  <testcase name="service" time="0.035" classname="com.example.java设计模式.单例.Test"/>
  <testcase name="service" time="0.367" classname="com.example.java设计模式.单例.Test"/>
  <testcase name="service" time="8.094" classname="com.example.java设计模式.单例.Test"/>
  <testcase name="service" time="0.000" classname="com.example.java设计模式.单例.Test"/>
  <testcase name="service" time="0.000" classname="com.example.java设计模式.单例.Test"/>
  <testcase name="service" time="0.000" classname="com.example.java设计模式.单例.Test"/>
  <testcase name="service" time="0.000" classname="com.example.java设计模式.单例.Test"/>
  <testcase name="service" time="0.000" classname="com.example.java设计模式.单例.Test"/>
  <testcase name="service" time="1.609" classname="com.example.java设计模式.单例.Test"/>
  <testcase name="service" time="0.000" classname="com.example.java设计模式.单例.Test"/>
  <testcase name="service" time="0.000" classname="com.example.java设计模式.单例.Test"/>
  <testcase name="service" time="1.519" classname="com.example.java设计模式.单例.Test"/>
  <testcase name="service" time="64.820" classname="com.example.java设计模式.单例.Test"/>
  <testcase name="service" time="0.001" classname="com.example.java设计模式.单例.Test"/>
  <testcase name="service" time="0.000" classname="com.example.java设计模式.单例.Test"/>
  <testcase name="service" time="0.112" classname="com.example.java设计模式.单例.Test"/>
  <testcase name="service" time="0.000" classname="com.example.java设计模式.单例.Test"/>
  <testcase name="service" time="0.000" classname="com.example.java设计模式.单例.Test"/>
  <testcase name="service" time="0.001" classname="com.example.java设计模式.单例.Test"/>
  <testcase name="service" time="0.044" classname="com.example.java设计模式.单例.Test"/>
  <testcase name="service" time="0.000" classname="com.example.java设计模式.单例.Test"/>
  <testcase name="service" time="64.600" classname="com.example.java设计模式.单例.Test"/>
  <testcase name="service" time="0.000" classname="com.example.java设计模式.单例.Test"/>
  <testcase name="service" time="0.098" classname="com.example.java设计模式.单例.Test"/>
  <testcase name="service" time="0.610" classname="com.example.java设计模式.单例.Test"/>
  <testcase name="service" time="0.612" classname="com.example.java设计模式.单例.Test"/>
  <testcase name="service" time="0.500" classname="com.example.java设计模式.单例.Test"/>
  <testcase name="service" time="0.001" classname="com.example.java设计模式.单例.Test"/>
  <testcase name="service" time="0.217" classname="com.example.java设计模式.单例.Test"/>
  <testcase name="service" time="0.001" classname="com.example.java设计模式.单例.Test"/>
  <testcase name="service" time="0.032" classname="com.example.java设计模式.单例.Test"/>
  <testcase name="service" time="0.000" classname="com.example.java设计模式.单例.Test"/>
  <testcase name="service" time="0.000" classname="com.example.java设计模式.单例.Test"/>
  <testcase name="service" time="7.104" classname="com.example.java设计模式.单例.Test"/>
  <testcase name="service" time="0.758" classname="com.example.java设计模式.单例.Test"/>
  <testcase name="service" time="0.000" classname="com.example.java设计模式.单例.Test"/>
  <testcase name="service" time="0.000" classname="com.example.java设计模式.单例.Test"/>
  <testcase name="service" time="0.000" classname="com.example.java设计模式.单例.Test"/>
  <testcase name="service" time="6.566" classname="com.example.java设计模式.单例.Test"/>
  <testcase name="service" time="0.284" classname="com.example.java设计模式.单例.Test"/>
  <testcase name="service" time="64.752" classname="com.example.java设计模式.单例.Test"/>
  <testcase name="service" time="0.112" classname="com.example.java设计模式.单例.Test"/>
  <testcase name="service" time="0.001" classname="com.example.java设计模式.单例.Test"/>
  <testcase name="service" time="8.128" classname="com.example.java设计模式.单例.Test"/>
  <testcase name="service" time="0.000" classname="com.example.java设计模式.单例.Test"/>
  <testcase name="service" time="0.885" classname="com.example.java设计模式.单例.Test"/>
  <testcase name="service" time="0.230" classname="com.example.java设计模式.单例.Test"/>
  <testcase name="service" time="0.043" classname="com.example.java设计模式.单例.Test"/>
  <testcase name="service" time="6.812" classname="com.example.java设计模式.单例.Test"/>
  <testcase name="service" time="0.001" classname="com.example.java设计模式.单例.Test"/>
  <testcase name="service" time="0.001" classname="com.example.java设计模式.单例.Test"/>
  <testcase name="service" time="0.565" classname="com.example.java设计模式.单例.Test"/>
  <testcase name="service" time="0.000" classname="com.example.java设计模式.单例.Test"/>
  <testcase name="service" time="0.001" classname="com.example.java设计模式.单例.Test"/>
  <testcase name="service" time="0.001" classname="com.example.java设计模式.单例.Test"/>
  <testcase name="service" time="0.374" classname="com.example.java设计模式.单例.Test"/>
  <testcase name="service" time="0.000" classname="com.example.java设计模式.单例.Test"/>
  <testcase name="service" time="0.245" classname="com.example.java设计模式.单例.Test"/>
  <testcase name="service" time="0.001" classname="com.example.java设计模式.单例.Test"/>
  <testcase name="service" time="0.000" classname="com.example.java设计模式.单例.Test"/>
  <testcase name="service" time="6.691" classname="com.example.java设计模式.单例.Test"/>
  <testcase name="service" time="0.000" classname="com.example.java设计模式.单例.Test"/>
  <testcase name="service" time="0.000" classname="com.example.java设计模式.单例.Test"/>
  <testcase name="service" time="0.594" classname="com.example.java设计模式.单例.Test"/>
  <testcase name="service" time="0.611" classname="com.example.java设计模式.单例.Test"/>
  <testcase name="service" time="0.190" classname="com.example.java设计模式.单例.Test"/>
  <testcase name="service" time="0.000" classname="com.example.java设计模式.单例.Test"/>
  <testcase name="service" time="0.000" classname="com.example.java设计模式.单例.Test"/>
  <testcase name="service" time="0.000" classname="com.example.java设计模式.单例.Test"/>
  <testcase name="service" time="0.016" classname="com.example.java设计模式.单例.Test"/>
  <testcase name="service" time="0.000" classname="com.example.java设计模式.单例.Test"/>
  <testcase name="service" time="0.000" classname="com.example.java设计模式.单例.Test"/>
  <testcase name="service" time="0.001" classname="com.example.java设计模式.单例.Test"/>
  <testcase name="service" time="5.116" classname="com.example.java设计模式.单例.Test"/>
  <testcase name="service" time="0.000" classname="com.example.java设计模式.单例.Test"/>
  <testcase name="service" time="0.732" classname="com.example.java设计模式.单例.Test"/>
  <testcase name="service" time="0.001" classname="com.example.java设计模式.单例.Test"/>
  <testcase name="service" time="0.263" classname="com.example.java设计模式.单例.Test"/>
  <testcase name="service" time="0.883" classname="com.example.java设计模式.单例.Test"/>
  <testcase name="service" time="0.000" classname="com.example.java设计模式.单例.Test"/>
  <testcase name="service" time="0.036" classname="com.example.java设计模式.单例.Test"/>
  <testcase name="service" time="0.001" classname="com.example.java设计模式.单例.Test"/>
  <testcase name="service" time="6.348" classname="com.example.java设计模式.单例.Test"/>
  <testcase name="service" time="0.000" classname="com.example.java设计模式.单例.Test"/>
  <testcase name="service" time="0.000" classname="com.example.java设计模式.单例.Test"/>
  <testcase name="service" time="8.127" classname="com.example.java设计模式.单例.Test"/>
  <testcase name="service" time="0.000" classname="com.example.java设计模式.单例.Test"/>
  <testcase name="service" time="1.390" classname="com.example.java设计模式.单例.Test"/>
  <testcase name="service" time="0.000" classname="com.example.java设计模式.单例.Test"/>
  <testcase name="service" time="1.476" classname="com.example.java设计模式.单例.Test"/>
  <testcase name="service" time="1.195" classname="com.example.java设计模式.单例.Test"/>
  <testcase name="service" time="0.240" classname="com.example.java设计模式.单例.Test"/>
  <testcase name="service" time="0.745" classname="com.example.java设计模式.单例.Test"/>
  <testcase name="service" time="0.001" classname="com.example.java设计模式.单例.Test"/>
  <testcase name="service" time="0.001" classname="com.example.java设计模式.单例.Test"/>
  <testcase name="service" time="0.000" classname="com.example.java设计模式.单例.Test"/>
  <testcase name="service" time="0.844" classname="com.example.java设计模式.单例.Test"/>
  <testcase name="service" time="0.000" classname="com.example.java设计模式.单例.Test"/>
  <testcase name="service" time="0.726" classname="com.example.java设计模式.单例.Test"/>
  <testcase name="service" time="0.000" classname="com.example.java设计模式.单例.Test"/>
  <testcase name="service" time="0.003" classname="com.example.java设计模式.单例.Test"/>
  <testcase name="service" time="0.489" classname="com.example.java设计模式.单例.Test"/>
  <testcase name="service" time="0.001" classname="com.example.java设计模式.单例.Test"/>
  <testcase name="service" time="0.000" classname="com.example.java设计模式.单例.Test"/>
  <testcase name="service" time="0.000" classname="com.example.java设计模式.单例.Test"/>
  <testcase name="service" time="0.551" classname="com.example.java设计模式.单例.Test"/>
  <testcase name="service" time="0.115" classname="com.example.java设计模式.单例.Test"/>
  <testcase name="service" time="0.985" classname="com.example.java设计模式.单例.Test"/>
  <testcase name="service" time="7.913" classname="com.example.java设计模式.单例.Test"/>
  <testcase name="service" time="0.704" classname="com.example.java设计模式.单例.Test"/>
  <testcase name="service" time="0.000" classname="com.example.java设计模式.单例.Test"/>
  <testcase name="service" time="0.186" classname="com.example.java设计模式.单例.Test"/>
  <testcase name="service" time="0.000" classname="com.example.java设计模式.单例.Test"/>
  <testcase name="service" time="0.000" classname="com.example.java设计模式.单例.Test"/>
  <testcase name="service" time="0.000" classname="com.example.java设计模式.单例.Test"/>
  <testcase name="service" time="0.000" classname="com.example.java设计模式.单例.Test"/>
  <testcase name="service" time="0.000" classname="com.example.java设计模式.单例.Test"/>
  <testcase name="service" time="0.000" classname="com.example.java设计模式.单例.Test"/>
  <testcase name="service" time="0.809" classname="com.example.java设计模式.单例.Test"/>
  <testcase name="service" time="0.001" classname="com.example.java设计模式.单例.Test"/>
  <testcase name="service" time="0.000" classname="com.example.java设计模式.单例.Test"/>
  <testcase name="service" time="0.528" classname="com.example.java设计模式.单例.Test"/>
  <testcase name="service" time="0.000" classname="com.example.java设计模式.单例.Test"/>
  <testcase name="service" time="0.000" classname="com.example.java设计模式.单例.Test"/>
  <testcase name="service" time="0.000" classname="com.example.java设计模式.单例.Test"/>
  <testcase name="service" time="0.355" classname="com.example.java设计模式.单例.Test"/>
  <testcase name="service" time="0.001" classname="com.example.java设计模式.单例.Test"/>
  <testcase name="service" time="0.001" classname="com.example.java设计模式.单例.Test"/>
  <testcase name="service" time="8.125" classname="com.example.java设计模式.单例.Test"/>
  <testcase name="service" time="0.011" classname="com.example.java设计模式.单例.Test"/>
  <testcase name="service" time="0.000" classname="com.example.java设计模式.单例.Test"/>
  <testcase name="service" time="0.554" classname="com.example.java设计模式.单例.Test"/>
  <testcase name="service" time="0.780" classname="com.example.java设计模式.单例.Test"/>
  <testcase name="service" time="5.518" classname="com.example.java设计模式.单例.Test"/>
  <testcase name="service" time="0.000" classname="com.example.java设计模式.单例.Test"/>
  <testcase name="service" time="1.207" classname="com.example.java设计模式.单例.Test"/>
  <testcase name="service" time="0.000" classname="com.example.java设计模式.单例.Test"/>
  <testcase name="service" time="0.899" classname="com.example.java设计模式.单例.Test"/>
  <testcase name="service" time="64.986" classname="com.example.java设计模式.单例.Test"/>
  <testcase name="service" time="0.351" classname="com.example.java设计模式.单例.Test"/>
  <testcase name="service" time="0.000" classname="com.example.java设计模式.单例.Test"/>
  <testcase name="service" time="0.013" classname="com.example.java设计模式.单例.Test"/>
  <testcase name="service" time="0.000" classname="com.example.java设计模式.单例.Test"/>
  <testcase name="service" time="0.000" classname="com.example.java设计模式.单例.Test"/>
  <testcase name="service" time="0.000" classname="com.example.java设计模式.单例.Test"/>
  <testcase name="service" time="0.000" classname="com.example.java设计模式.单例.Test"/>
  <testcase name="service" time="0.160" classname="com.example.java设计模式.单例.Test"/>
  <testcase name="service" time="0.476" classname="com.example.java设计模式.单例.Test"/>
  <testcase name="service" time="0.000" classname="com.example.java设计模式.单例.Test"/>
  <testcase name="service" time="0.000" classname="com.example.java设计模式.单例.Test"/>
  <testcase name="service" time="0.622" classname="com.example.java设计模式.单例.Test"/>
  <testcase name="service" time="0.000" classname="com.example.java设计模式.单例.Test"/>
  <testcase name="service" time="0.721" classname="com.example.java设计模式.单例.Test"/>
  <testcase name="service" time="0.000" classname="com.example.java设计模式.单例.Test"/>
  <testcase name="service" time="0.845" classname="com.example.java设计模式.单例.Test"/>
  <testcase name="service" time="0.000" classname="com.example.java设计模式.单例.Test"/>
  <testcase name="service" time="0.000" classname="com.example.java设计模式.单例.Test"/>
  <testcase name="service" time="64.960" classname="com.example.java设计模式.单例.Test"/>
  <testcase name="service" time="0.000" classname="com.example.java设计模式.单例.Test"/>
  <testcase name="service" time="0.000" classname="com.example.java设计模式.单例.Test"/>
  <testcase name="service" time="0.000" classname="com.example.java设计模式.单例.Test"/>
  <testcase name="service" time="0.000" classname="com.example.java设计模式.单例.Test"/>
  <testcase name="service" time="0.105" classname="com.example.java设计模式.单例.Test"/>
  <testcase name="service" time="0.000" classname="com.example.java设计模式.单例.Test"/>
  <testcase name="service" time="0.635" classname="com.example.java设计模式.单例.Test"/>
  <testcase name="service" time="0.000" classname="com.example.java设计模式.单例.Test"/>
  <testcase name="service" time="0.604" classname="com.example.java设计模式.单例.Test"/>
  <testcase name="service" time="0.000" classname="com.example.java设计模式.单例.Test"/>
  <testcase name="service" time="0.399" classname="com.example.java设计模式.单例.Test"/>
  <testcase name="service" time="0.001" classname="com.example.java设计模式.单例.Test"/>
  <testcase name="service" time="0.001" classname="com.example.java设计模式.单例.Test"/>
  <testcase name="service" time="0.000" classname="com.example.java设计模式.单例.Test"/>
  <testcase name="service" time="0.301" classname="com.example.java设计模式.单例.Test"/>
  <testcase name="service" time="0.802" classname="com.example.java设计模式.单例.Test"/>
  <testcase name="service" time="0.332" classname="com.example.java设计模式.单例.Test"/>
  <testcase name="service" time="0.000" classname="com.example.java设计模式.单例.Test"/>
  <testcase name="service" time="6.691" classname="com.example.java设计模式.单例.Test"/>
  <testcase name="service" time="0.673" classname="com.example.java设计模式.单例.Test"/>
  <testcase name="service" time="0.987" classname="com.example.java设计模式.单例.Test"/>
  <testcase name="service" time="0.000" classname="com.example.java设计模式.单例.Test"/>
  <testcase name="service" time="0.233" classname="com.example.java设计模式.单例.Test"/>
  <testcase name="service" time="1.222" classname="com.example.java设计模式.单例.Test"/>
  <testcase name="service" time="8.160" classname="com.example.java设计模式.单例.Test"/>
  <testcase name="service" time="6.684" classname="com.example.java设计模式.单例.Test"/>
  <testcase name="service" time="1.278" classname="com.example.java设计模式.单例.Test"/>
  <testcase name="service" time="0.000" classname="com.example.java设计模式.单例.Test"/>
  <testcase name="service" time="0.081" classname="com.example.java设计模式.单例.Test"/>
  <testcase name="service" time="0.343" classname="com.example.java设计模式.单例.Test"/>
  <testcase name="service" time="0.001" classname="com.example.java设计模式.单例.Test"/>
  <testcase name="service" time="0.701" classname="com.example.java设计模式.单例.Test"/>
  <testcase name="service" time="0.000" classname="com.example.java设计模式.单例.Test"/>
  <testcase name="service" time="64.863" classname="com.example.java设计模式.单例.Test"/>
  <testcase name="service" time="0.000" classname="com.example.java设计模式.单例.Test"/>
  <testcase name="service" time="1.942" classname="com.example.java设计模式.单例.Test"/>
  <testcase name="service" time="64.891" classname="com.example.java设计模式.单例.Test"/>
  <testcase name="service" time="0.000" classname="com.example.java设计模式.单例.Test"/>
  <testcase name="service" time="7.893" classname="com.example.java设计模式.单例.Test"/>
  <testcase name="service" time="0.001" classname="com.example.java设计模式.单例.Test"/>
  <testcase name="service" time="0.000" classname="com.example.java设计模式.单例.Test"/>
  <testcase name="service" time="0.355" classname="com.example.java设计模式.单例.Test"/>
  <testcase name="service" time="0.000" classname="com.example.java设计模式.单例.Test"/>
  <testcase name="service" time="0.093" classname="com.example.java设计模式.单例.Test"/>
  <testcase name="service" time="0.590" classname="com.example.java设计模式.单例.Test"/>
  <testcase name="service" time="0.000" classname="com.example.java设计模式.单例.Test"/>
  <testcase name="service" time="1.108" classname="com.example.java设计模式.单例.Test"/>
  <testcase name="service" time="0.001" classname="com.example.java设计模式.单例.Test"/>
  <testcase name="service" time="6.652" classname="com.example.java设计模式.单例.Test"/>
  <testcase name="service" time="0.000" classname="com.example.java设计模式.单例.Test"/>
  <testcase name="service" time="6.736" classname="com.example.java设计模式.单例.Test"/>
  <testcase name="service" time="0.073" classname="com.example.java设计模式.单例.Test"/>
  <testcase name="service" time="0.432" classname="com.example.java设计模式.单例.Test"/>
  <testcase name="service" time="0.058" classname="com.example.java设计模式.单例.Test"/>
  <testcase name="service" time="65.368" classname="com.example.java设计模式.单例.Test"/>
  <testcase name="service" time="64.894" classname="com.example.java设计模式.单例.Test"/>
  <testcase name="service" time="0.482" classname="com.example.java设计模式.单例.Test"/>
  <testcase name="service" time="0.001" classname="com.example.java设计模式.单例.Test"/>
  <testcase name="service" time="0.000" classname="com.example.java设计模式.单例.Test"/>
  <testcase name="service" time="0.014" classname="com.example.java设计模式.单例.Test"/>
  <testcase name="service" time="0.845" classname="com.example.java设计模式.单例.Test"/>
  <testcase name="service" time="0.000" classname="com.example.java设计模式.单例.Test"/>
  <testcase name="service" time="0.001" classname="com.example.java设计模式.单例.Test"/>
  <testcase name="service" time="0.417" classname="com.example.java设计模式.单例.Test"/>
  <testcase name="service" time="0.000" classname="com.example.java设计模式.单例.Test"/>
  <testcase name="service" time="7.780" classname="com.example.java设计模式.单例.Test"/>
  <testcase name="service" time="0.001" classname="com.example.java设计模式.单例.Test"/>
  <testcase name="service" time="0.487" classname="com.example.java设计模式.单例.Test"/>
  <testcase name="service" time="0.250" classname="com.example.java设计模式.单例.Test"/>
  <testcase name="service" time="0.536" classname="com.example.java设计模式.单例.Test"/>
  <testcase name="service" time="0.000" classname="com.example.java设计模式.单例.Test"/>
  <testcase name="service" time="0.190" classname="com.example.java设计模式.单例.Test"/>
  <testcase name="service" time="0.000" classname="com.example.java设计模式.单例.Test"/>
  <testcase name="service" time="64.938" classname="com.example.java设计模式.单例.Test"/>
  <testcase name="service" time="0.000" classname="com.example.java设计模式.单例.Test"/>
  <testcase name="service" time="0.000" classname="com.example.java设计模式.单例.Test"/>
  <testcase name="service" time="1.504" classname="com.example.java设计模式.单例.Test"/>
  <testcase name="service" time="64.930" classname="com.example.java设计模式.单例.Test"/>
  <testcase name="service" time="0.000" classname="com.example.java设计模式.单例.Test"/>
  <testcase name="service" time="0.084" classname="com.example.java设计模式.单例.Test"/>
  <testcase name="service" time="7.468" classname="com.example.java设计模式.单例.Test"/>
  <testcase name="service" time="0.000" classname="com.example.java设计模式.单例.Test"/>
  <testcase name="service" time="0.581" classname="com.example.java设计模式.单例.Test"/>
  <testcase name="service" time="0.000" classname="com.example.java设计模式.单例.Test"/>
  <testcase name="service" time="0.000" classname="com.example.java设计模式.单例.Test"/>
  <testcase name="service" time="0.000" classname="com.example.java设计模式.单例.Test"/>
  <testcase name="service" time="0.866" classname="com.example.java设计模式.单例.Test"/>
  <testcase name="service" time="1.105" classname="com.example.java设计模式.单例.Test"/>
  <testcase name="service" time="0.000" classname="com.example.java设计模式.单例.Test"/>
  <testcase name="service" time="0.413" classname="com.example.java设计模式.单例.Test"/>
  <testcase name="service" time="0.000" classname="com.example.java设计模式.单例.Test"/>
  <testcase name="service" time="0.128" classname="com.example.java设计模式.单例.Test"/>
  <testcase name="service" time="4.760" classname="com.example.java设计模式.单例.Test"/>
  <testcase name="service" time="0.000" classname="com.example.java设计模式.单例.Test"/>
  <testcase name="service" time="0.047" classname="com.example.java设计模式.单例.Test"/>
  <testcase name="service" time="0.000" classname="com.example.java设计模式.单例.Test"/>
  <testcase name="service" time="1.106" classname="com.example.java设计模式.单例.Test"/>
  <testcase name="service" time="0.001" classname="com.example.java设计模式.单例.Test"/>
  <testcase name="service" time="0.000" classname="com.example.java设计模式.单例.Test"/>
  <testcase name="service" time="0.774" classname="com.example.java设计模式.单例.Test"/>
  <testcase name="service" time="0.802" classname="com.example.java设计模式.单例.Test"/>
  <testcase name="service" time="0.325" classname="com.example.java设计模式.单例.Test"/>
  <testcase name="service" time="0.016" classname="com.example.java设计模式.单例.Test"/>
  <testcase name="service" time="0.000" classname="com.example.java设计模式.单例.Test"/>
  <testcase name="service" time="0.708" classname="com.example.java设计模式.单例.Test"/>
  <testcase name="service" time="0.000" classname="com.example.java设计模式.单例.Test"/>
  <testcase name="service" time="0.566" classname="com.example.java设计模式.单例.Test"/>
  <testcase name="service" time="1.107" classname="com.example.java设计模式.单例.Test"/>
  <testcase name="service" time="0.426" classname="com.example.java设计模式.单例.Test"/>
  <testcase name="service" time="0.032" classname="com.example.java设计模式.单例.Test"/>
  <testcase name="service" time="0.000" classname="com.example.java设计模式.单例.Test"/>
  <testcase name="service" time="0.000" classname="com.example.java设计模式.单例.Test"/>
  <testcase name="service" time="0.615" classname="com.example.java设计模式.单例.Test"/>
  <testcase name="service" time="0.847" classname="com.example.java设计模式.单例.Test"/>
  <testcase name="service" time="64.870" classname="com.example.java设计模式.单例.Test"/>
  <testcase name="service" time="0.000" classname="com.example.java设计模式.单例.Test"/>
  <testcase name="service" time="0.000" classname="com.example.java设计模式.单例.Test"/>
  <testcase name="service" time="0.001" classname="com.example.java设计模式.单例.Test"/>
  <testcase name="service" time="0.083" classname="com.example.java设计模式.单例.Test"/>
  <testcase name="service" time="0.000" classname="com.example.java设计模式.单例.Test"/>
  <testcase name="service" time="0.497" classname="com.example.java设计模式.单例.Test"/>
  <testcase name="service" time="0.000" classname="com.example.java设计模式.单例.Test"/>
  <testcase name="service" time="0.000" classname="com.example.java设计模式.单例.Test"/>
  <testcase name="service" time="0.001" classname="com.example.java设计模式.单例.Test"/>
  <testcase name="service" time="0.353" classname="com.example.java设计模式.单例.Test"/>
  <testcase name="service" time="0.329" classname="com.example.java设计模式.单例.Test"/>
  <testcase name="service" time="0.284" classname="com.example.java设计模式.单例.Test"/>
  <testcase name="service" time="0.457" classname="com.example.java设计模式.单例.Test"/>
  <testcase name="service" time="0.000" classname="com.example.java设计模式.单例.Test"/>
  <testcase name="service" time="0.001" classname="com.example.java设计模式.单例.Test"/>
  <testcase name="service" time="0.000" classname="com.example.java设计模式.单例.Test"/>
  <testcase name="service" time="0.000" classname="com.example.java设计模式.单例.Test"/>
  <testcase name="service" time="0.000" classname="com.example.java设计模式.单例.Test"/>
  <testcase name="service" time="7.985" classname="com.example.java设计模式.单例.Test"/>
  <testcase name="service" time="0.000" classname="com.example.java设计模式.单例.Test"/>
  <testcase name="service" time="0.000" classname="com.example.java设计模式.单例.Test"/>
  <testcase name="service" time="0.826" classname="com.example.java设计模式.单例.Test"/>
  <testcase name="service" time="0.093" classname="com.example.java设计模式.单例.Test"/>
  <testcase name="service" time="0.000" classname="com.example.java设计模式.单例.Test"/>
  <testcase name="service" time="0.001" classname="com.example.java设计模式.单例.Test"/>
  <testcase name="service" time="0.213" classname="com.example.java设计模式.单例.Test"/>
  <testcase name="service" time="0.000" classname="com.example.java设计模式.单例.Test"/>
  <testcase name="service" time="0.022" classname="com.example.java设计模式.单例.Test"/>
  <testcase name="service" time="0.000" classname="com.example.java设计模式.单例.Test"/>
  <testcase name="service" time="0.173" classname="com.example.java设计模式.单例.Test"/>
  <testcase name="service" time="0.000" classname="com.example.java设计模式.单例.Test"/>
  <testcase name="service" time="0.114" classname="com.example.java设计模式.单例.Test"/>
  <testcase name="service" time="0.249" classname="com.example.java设计模式.单例.Test"/>
  <testcase name="service" time="0.000" classname="com.example.java设计模式.单例.Test"/>
  <testcase name="service" time="0.001" classname="com.example.java设计模式.单例.Test"/>
  <testcase name="service" time="0.000" classname="com.example.java设计模式.单例.Test"/>
  <testcase name="service" time="0.000" classname="com.example.java设计模式.单例.Test"/>
  <testcase name="service" time="0.377" classname="com.example.java设计模式.单例.Test"/>
  <testcase name="service" time="1.180" classname="com.example.java设计模式.单例.Test"/>
  <testcase name="service" time="0.001" classname="com.example.java设计模式.单例.Test"/>
  <testcase name="service" time="0.000" classname="com.example.java设计模式.单例.Test"/>
  <testcase name="service" time="1.489" classname="com.example.java设计模式.单例.Test"/>
  <testcase name="service" time="0.000" classname="com.example.java设计模式.单例.Test"/>
  <testcase name="service" time="1.120" classname="com.example.java设计模式.单例.Test"/>
  <testcase name="service" time="0.000" classname="com.example.java设计模式.单例.Test"/>
  <testcase name="service" time="0.001" classname="com.example.java设计模式.单例.Test"/>
  <testcase name="service" time="0.175" classname="com.example.java设计模式.单例.Test"/>
  <testcase name="service" time="0.000" classname="com.example.java设计模式.单例.Test"/>
  <testcase name="service" time="0.000" classname="com.example.java设计模式.单例.Test"/>
  <testcase name="service" time="0.484" classname="com.example.java设计模式.单例.Test"/>
  <testcase name="service" time="0.195" classname="com.example.java设计模式.单例.Test"/>
  <testcase name="service" time="0.000" classname="com.example.java设计模式.单例.Test"/>
  <testcase name="service" time="0.368" classname="com.example.java设计模式.单例.Test"/>
  <testcase name="service" time="0.000" classname="com.example.java设计模式.单例.Test"/>
  <testcase name="service" time="0.821" classname="com.example.java设计模式.单例.Test"/>
  <testcase name="service" time="0.000" classname="com.example.java设计模式.单例.Test"/>
  <testcase name="service" time="0.000" classname="com.example.java设计模式.单例.Test"/>
  <testcase name="service" time="0.000" classname="com.example.java设计模式.单例.Test"/>
  <testcase name="service" time="0.000" classname="com.example.java设计模式.单例.Test"/>
  <testcase name="service" time="0.307" classname="com.example.java设计模式.单例.Test"/>
  <testcase name="service" time="64.976" classname="com.example.java设计模式.单例.Test"/>
  <testcase name="service" time="0.001" classname="com.example.java设计模式.单例.Test"/>
  <testcase name="service" time="0.243" classname="com.example.java设计模式.单例.Test"/>
  <testcase name="service" time="1.089" classname="com.example.java设计模式.单例.Test"/>
  <testcase name="service" time="0.000" classname="com.example.java设计模式.单例.Test"/>
  <testcase name="service" time="0.001" classname="com.example.java设计模式.单例.Test"/>
  <testcase name="service" time="0.000" classname="com.example.java设计模式.单例.Test"/>
  <testcase name="service" time="1.327" classname="com.example.java设计模式.单例.Test"/>
  <testcase name="service" time="0.000" classname="com.example.java设计模式.单例.Test"/>
  <testcase name="service" time="0.001" classname="com.example.java设计模式.单例.Test"/>
  <testcase name="service" time="0.564" classname="com.example.java设计模式.单例.Test"/>
  <testcase name="service" time="0.234" classname="com.example.java设计模式.单例.Test"/>
  <testcase name="service" time="0.273" classname="com.example.java设计模式.单例.Test"/>
  <testcase name="service" time="0.000" classname="com.example.java设计模式.单例.Test"/>
  <testcase name="service" time="0.000" classname="com.example.java设计模式.单例.Test"/>
  <testcase name="service" time="0.000" classname="com.example.java设计模式.单例.Test"/>
  <testcase name="service" time="0.000" classname="com.example.java设计模式.单例.Test"/>
  <testcase name="service" time="64.978" classname="com.example.java设计模式.单例.Test"/>
  <testcase name="service" time="0.001" classname="com.example.java设计模式.单例.Test"/>
  <testcase name="service" time="1.003" classname="com.example.java设计模式.单例.Test"/>
  <testcase name="service" time="1.091" classname="com.example.java设计模式.单例.Test"/>
  <testcase name="service" time="0.266" classname="com.example.java设计模式.单例.Test"/>
  <testcase name="service" time="0.000" classname="com.example.java设计模式.单例.Test"/>
  <testcase name="service" time="0.035" classname="com.example.java设计模式.单例.Test"/>
  <testcase name="service" time="0.001" classname="com.example.java设计模式.单例.Test"/>
  <testcase name="service" time="0.000" classname="com.example.java设计模式.单例.Test"/>
  <testcase name="service" time="64.623" classname="com.example.java设计模式.单例.Test"/>
  <testcase name="service" time="0.000" classname="com.example.java设计模式.单例.Test"/>
  <testcase name="service" time="0.028" classname="com.example.java设计模式.单例.Test"/>
  <testcase name="service" time="0.797" classname="com.example.java设计模式.单例.Test"/>
  <testcase name="service" time="0.039" classname="com.example.java设计模式.单例.Test"/>
  <testcase name="service" time="0.000" classname="com.example.java设计模式.单例.Test"/>
  <testcase name="service" time="0.000" classname="com.example.java设计模式.单例.Test"/>
  <testcase name="service" time="0.000" classname="com.example.java设计模式.单例.Test"/>
  <testcase name="service" time="0.000" classname="com.example.java设计模式.单例.Test"/>
  <testcase name="service" time="0.365" classname="com.example.java设计模式.单例.Test"/>
  <testcase name="service" time="0.000" classname="com.example.java设计模式.单例.Test"/>
  <testcase name="service" time="0.183" classname="com.example.java设计模式.单例.Test"/>
  <testcase name="service" time="0.000" classname="com.example.java设计模式.单例.Test"/>
  <testcase name="service" time="0.000" classname="com.example.java设计模式.单例.Test"/>
  <testcase name="service" time="0.201" classname="com.example.java设计模式.单例.Test"/>
  <testcase name="service" time="0.074" classname="com.example.java设计模式.单例.Test"/>
  <testcase name="service" time="7.985" classname="com.example.java设计模式.单例.Test"/>
  <testcase name="service" time="0.229" classname="com.example.java设计模式.单例.Test"/>
  <testcase name="service" time="0.001" classname="com.example.java设计模式.单例.Test"/>
  <testcase name="service" time="0.000" classname="com.example.java设计模式.单例.Test"/>
  <testcase name="service" time="0.000" classname="com.example.java设计模式.单例.Test"/>
  <testcase name="service" time="0.082" classname="com.example.java设计模式.单例.Test"/>
  <testcase name="service" time="7.782" classname="com.example.java设计模式.单例.Test"/>
  <testcase name="service" time="0.594" classname="com.example.java设计模式.单例.Test"/>
  <testcase name="service" time="0.000" classname="com.example.java设计模式.单例.Test"/>
  <testcase name="service" time="0.445" classname="com.example.java设计模式.单例.Test"/>
  <testcase name="service" time="6.561" classname="com.example.java设计模式.单例.Test"/>
  <testcase name="service" time="0.116" classname="com.example.java设计模式.单例.Test"/>
  <testcase name="service" time="0.000" classname="com.example.java设计模式.单例.Test"/>
  <testcase name="service" time="0.001" classname="com.example.java设计模式.单例.Test"/>
  <testcase name="service" time="0.000" classname="com.example.java设计模式.单例.Test"/>
  <testcase name="service" time="0.913" classname="com.example.java设计模式.单例.Test"/>
  <testcase name="service" time="0.000" classname="com.example.java设计模式.单例.Test"/>
  <testcase name="service" time="0.367" classname="com.example.java设计模式.单例.Test"/>
  <testcase name="service" time="0.000" classname="com.example.java设计模式.单例.Test"/>
  <testcase name="service" time="0.820" classname="com.example.java设计模式.单例.Test"/>
  <testcase name="service" time="0.000" classname="com.example.java设计模式.单例.Test"/>
  <testcase name="service" time="0.000" classname="com.example.java设计模式.单例.Test"/>
  <testcase name="service" time="0.000" classname="com.example.java设计模式.单例.Test"/>
  <testcase name="service" time="0.000" classname="com.example.java设计模式.单例.Test"/>
  <testcase name="service" time="0.000" classname="com.example.java设计模式.单例.Test"/>
  <testcase name="service" time="0.001" classname="com.example.java设计模式.单例.Test"/>
  <testcase name="service" time="0.000" classname="com.example.java设计模式.单例.Test"/>
  <testcase name="service" time="0.001" classname="com.example.java设计模式.单例.Test"/>
  <testcase name="service" time="0.000" classname="com.example.java设计模式.单例.Test"/>
  <testcase name="service" time="0.001" classname="com.example.java设计模式.单例.Test"/>
  <testcase name="service" time="0.000" classname="com.example.java设计模式.单例.Test"/>
  <testcase name="service" time="0.305" classname="com.example.java设计模式.单例.Test"/>
  <testcase name="service" time="7.787" classname="com.example.java设计模式.单例.Test"/>
  <testcase name="service" time="0.356" classname="com.example.java设计模式.单例.Test"/>
  <testcase name="service" time="0.810" classname="com.example.java设计模式.单例.Test"/>
  <testcase name="service" time="0.001" classname="com.example.java设计模式.单例.Test"/>
  <testcase name="service" time="0.000" classname="com.example.java设计模式.单例.Test"/>
  <testcase name="service" time="0.000" classname="com.example.java设计模式.单例.Test"/>
  <testcase name="service" time="0.001" classname="com.example.java设计模式.单例.Test"/>
  <testcase name="service" time="0.014" classname="com.example.java设计模式.单例.Test"/>
  <testcase name="service" time="0.000" classname="com.example.java设计模式.单例.Test"/>
  <testcase name="service" time="0.093" classname="com.example.java设计模式.单例.Test"/>
  <testcase name="service" time="0.000" classname="com.example.java设计模式.单例.Test"/>
  <testcase name="service" time="1.003" classname="com.example.java设计模式.单例.Test"/>
  <testcase name="service" time="0.000" classname="com.example.java设计模式.单例.Test"/>
  <testcase name="service" time="0.000" classname="com.example.java设计模式.单例.Test"/>
  <testcase name="service" time="0.345" classname="com.example.java设计模式.单例.Test"/>
  <testcase name="service" time="0.000" classname="com.example.java设计模式.单例.Test"/>
  <testcase name="service" time="0.000" classname="com.example.java设计模式.单例.Test"/>
  <testcase name="service" time="0.000" classname="com.example.java设计模式.单例.Test"/>
  <testcase name="service" time="1.315" classname="com.example.java设计模式.单例.Test"/>
  <testcase name="service" time="0.000" classname="com.example.java设计模式.单例.Test"/>
  <testcase name="service" time="0.000" classname="com.example.java设计模式.单例.Test"/>
  <testcase name="service" time="0.293" classname="com.example.java设计模式.单例.Test"/>
  <testcase name="service" time="0.000" classname="com.example.java设计模式.单例.Test"/>
  <testcase name="service" time="0.001" classname="com.example.java设计模式.单例.Test"/>
  <testcase name="service" time="0.000" classname="com.example.java设计模式.单例.Test"/>
  <testcase name="service" time="1.517" classname="com.example.java设计模式.单例.Test"/>
  <testcase name="service" time="0.418" classname="com.example.java设计模式.单例.Test"/>
  <testcase name="service" time="0.326" classname="com.example.java设计模式.单例.Test"/>
  <testcase name="service" time="0.081" classname="com.example.java设计模式.单例.Test"/>
  <testcase name="service" time="0.000" classname="com.example.java设计模式.单例.Test"/>
  <testcase name="service" time="0.000" classname="com.example.java设计模式.单例.Test"/>
  <testcase name="service" time="0.000" classname="com.example.java设计模式.单例.Test"/>
  <testcase name="service" time="0.275" classname="com.example.java设计模式.单例.Test"/>
  <testcase name="service" time="0.000" classname="com.example.java设计模式.单例.Test"/>
  <testcase name="service" time="0.526" classname="com.example.java设计模式.单例.Test"/>
  <testcase name="service" time="0.001" classname="com.example.java设计模式.单例.Test"/>
  <testcase name="service" time="0.000" classname="com.example.java设计模式.单例.Test"/>
  <testcase name="service" time="0.468" classname="com.example.java设计模式.单例.Test"/>
  <testcase name="service" time="1.068" classname="com.example.java设计模式.单例.Test"/>
  <testcase name="service" time="0.000" classname="com.example.java设计模式.单例.Test"/>
  <testcase name="service" time="7.775" classname="com.example.java设计模式.单例.Test"/>
  <testcase name="service" time="0.000" classname="com.example.java设计模式.单例.Test"/>
  <testcase name="service" time="0.000" classname="com.example.java设计模式.单例.Test"/>
  <testcase name="service" time="0.000" classname="com.example.java设计模式.单例.Test"/>
  <testcase name="service" time="0.765" classname="com.example.java设计模式.单例.Test"/>
  <testcase name="service" time="0.001" classname="com.example.java设计模式.单例.Test"/>
  <testcase name="service" time="0.225" classname="com.example.java设计模式.单例.Test"/>
  <testcase name="service" time="0.000" classname="com.example.java设计模式.单例.Test"/>
  <testcase name="service" time="1.679" classname="com.example.java设计模式.单例.Test"/>
  <testcase name="service" time="0.492" classname="com.example.java设计模式.单例.Test"/>
  <testcase name="service" time="0.001" classname="com.example.java设计模式.单例.Test"/>
  <testcase name="service" time="6.542" classname="com.example.java设计模式.单例.Test"/>
  <testcase name="service" time="0.401" classname="com.example.java设计模式.单例.Test"/>
  <testcase name="service" time="0.329" classname="com.example.java设计模式.单例.Test"/>
  <testcase name="service" time="0.291" classname="com.example.java设计模式.单例.Test"/>
  <testcase name="service" time="0.000" classname="com.example.java设计模式.单例.Test"/>
  <testcase name="service" time="0.099" classname="com.example.java设计模式.单例.Test"/>
  <testcase name="service" time="0.000" classname="com.example.java设计模式.单例.Test"/>
  <testcase name="service" time="0.970" classname="com.example.java设计模式.单例.Test"/>
  <testcase name="service" time="0.139" classname="com.example.java设计模式.单例.Test"/>
  <testcase name="service" time="0.845" classname="com.example.java设计模式.单例.Test"/>
  <testcase name="service" time="1.268" classname="com.example.java设计模式.单例.Test"/>
  <testcase name="service" time="0.852" classname="com.example.java设计模式.单例.Test"/>
  <testcase name="service" time="0.221" classname="com.example.java设计模式.单例.Test"/>
  <testcase name="service" time="6.294" classname="com.example.java设计模式.单例.Test"/>
  <testcase name="service" time="0.000" classname="com.example.java设计模式.单例.Test"/>
  <testcase name="service" time="0.000" classname="com.example.java设计模式.单例.Test"/>
  <testcase name="service" time="0.000" classname="com.example.java设计模式.单例.Test"/>
  <testcase name="service" time="0.001" classname="com.example.java设计模式.单例.Test"/>
  <testcase name="service" time="0.000" classname="com.example.java设计模式.单例.Test"/>
  <testcase name="service" time="0.348" classname="com.example.java设计模式.单例.Test"/>
  <testcase name="service" time="0.749" classname="com.example.java设计模式.单例.Test"/>
  <testcase name="service" time="0.000" classname="com.example.java设计模式.单例.Test"/>
  <testcase name="service" time="7.096" classname="com.example.java设计模式.单例.Test"/>
  <testcase name="service" time="0.001" classname="com.example.java设计模式.单例.Test"/>
  <testcase name="service" time="0.000" classname="com.example.java设计模式.单例.Test"/>
  <testcase name="service" time="0.679" classname="com.example.java设计模式.单例.Test"/>
  <testcase name="service" time="0.001" classname="com.example.java设计模式.单例.Test"/>
  <testcase name="service" time="0.121" classname="com.example.java设计模式.单例.Test"/>
  <testcase name="service" time="0.000" classname="com.example.java设计模式.单例.Test"/>
  <testcase name="service" time="0.143" classname="com.example.java设计模式.单例.Test"/>
  <testcase name="service" time="0.000" classname="com.example.java设计模式.单例.Test"/>
  <testcase name="service" time="0.199" classname="com.example.java设计模式.单例.Test"/>
  <testcase name="service" time="0.000" classname="com.example.java设计模式.单例.Test"/>
  <testcase name="service" time="0.205" classname="com.example.java设计模式.单例.Test"/>
  <testcase name="service" time="0.077" classname="com.example.java设计模式.单例.Test"/>
  <testcase name="service" time="0.428" classname="com.example.java设计模式.单例.Test"/>
  <testcase name="service" time="0.000" classname="com.example.java设计模式.单例.Test"/>
  <testcase name="service" time="0.000" classname="com.example.java设计模式.单例.Test"/>
  <testcase name="service" time="0.000" classname="com.example.java设计模式.单例.Test"/>
  <testcase name="service" time="0.289" classname="com.example.java设计模式.单例.Test"/>
  <testcase name="service" time="0.000" classname="com.example.java设计模式.单例.Test"/>
  <testcase name="service" time="6.594" classname="com.example.java设计模式.单例.Test"/>
  <testcase name="service" time="0.000" classname="com.example.java设计模式.单例.Test"/>
  <testcase name="service" time="0.000" classname="com.example.java设计模式.单例.Test"/>
  <testcase name="service" time="0.225" classname="com.example.java设计模式.单例.Test"/>
  <testcase name="service" time="0.000" classname="com.example.java设计模式.单例.Test"/>
  <testcase name="service" time="0.238" classname="com.example.java设计模式.单例.Test"/>
  <testcase name="service" time="0.000" classname="com.example.java设计模式.单例.Test"/>
  <testcase name="service" time="0.000" classname="com.example.java设计模式.单例.Test"/>
  <testcase name="service" time="0.001" classname="com.example.java设计模式.单例.Test"/>
  <testcase name="service" time="0.081" classname="com.example.java设计模式.单例.Test"/>
  <testcase name="service" time="1.303" classname="com.example.java设计模式.单例.Test"/>
  <testcase name="service" time="0.167" classname="com.example.java设计模式.单例.Test"/>
  <testcase name="service" time="0.000" classname="com.example.java设计模式.单例.Test"/>
  <testcase name="service" time="0.151" classname="com.example.java设计模式.单例.Test"/>
  <testcase name="service" time="64.410" classname="com.example.java设计模式.单例.Test"/>
  <testcase name="service" time="0.975" classname="com.example.java设计模式.单例.Test"/>
  <testcase name="service" time="0.001" classname="com.example.java设计模式.单例.Test"/>
  <testcase name="service" time="0.001" classname="com.example.java设计模式.单例.Test"/>
  <testcase name="service" time="1.248" classname="com.example.java设计模式.单例.Test"/>
  <testcase name="service" time="0.000" classname="com.example.java设计模式.单例.Test"/>
  <testcase name="service" time="0.000" classname="com.example.java设计模式.单例.Test"/>
  <testcase name="service" time="6.147" classname="com.example.java设计模式.单例.Test"/>
  <testcase name="service" time="6.616" classname="com.example.java设计模式.单例.Test"/>
  <testcase name="service" time="0.000" classname="com.example.java设计模式.单例.Test"/>
  <testcase name="service" time="0.248" classname="com.example.java设计模式.单例.Test"/>
  <testcase name="service" time="65.071" classname="com.example.java设计模式.单例.Test"/>
  <testcase name="service" time="0.729" classname="com.example.java设计模式.单例.Test"/>
  <testcase name="service" time="0.001" classname="com.example.java设计模式.单例.Test"/>
  <testcase name="service" time="0.000" classname="com.example.java设计模式.单例.Test"/>
  <testcase name="service" time="0.583" classname="com.example.java设计模式.单例.Test"/>
  <testcase name="service" time="0.000" classname="com.example.java设计模式.单例.Test"/>
  <testcase name="service" time="0.622" classname="com.example.java设计模式.单例.Test"/>
  <testcase name="service" time="0.000" classname="com.example.java设计模式.单例.Test"/>
  <testcase name="service" time="0.000" classname="com.example.java设计模式.单例.Test"/>
  <testcase name="service" time="0.001" classname="com.example.java设计模式.单例.Test"/>
  <testcase name="service" time="1.205" classname="com.example.java设计模式.单例.Test"/>
  <testcase name="service" time="0.000" classname="com.example.java设计模式.单例.Test"/>
  <testcase name="service" time="0.106" classname="com.example.java设计模式.单例.Test"/>
  <testcase name="service" time="0.001" classname="com.example.java设计模式.单例.Test"/>
  <testcase name="service" time="0.126" classname="com.example.java设计模式.单例.Test"/>
  <testcase name="service" time="0.000" classname="com.example.java设计模式.单例.Test"/>
  <testcase name="service" time="0.000" classname="com.example.java设计模式.单例.Test"/>
  <testcase name="service" time="0.000" classname="com.example.java设计模式.单例.Test"/>
  <testcase name="service" time="0.407" classname="com.example.java设计模式.单例.Test"/>
  <testcase name="service" time="0.000" classname="com.example.java设计模式.单例.Test"/>
  <testcase name="service" time="8.096" classname="com.example.java设计模式.单例.Test"/>
  <testcase name="service" time="0.743" classname="com.example.java设计模式.单例.Test"/>
  <testcase name="service" time="0.000" classname="com.example.java设计模式.单例.Test"/>
  <testcase name="service" time="0.001" classname="com.example.java设计模式.单例.Test"/>
  <testcase name="service" time="0.361" classname="com.example.java设计模式.单例.Test"/>
  <testcase name="service" time="0.001" classname="com.example.java设计模式.单例.Test"/>
  <testcase name="service" time="0.388" classname="com.example.java设计模式.单例.Test"/>
  <testcase name="service" time="0.000" classname="com.example.java设计模式.单例.Test"/>
  <testcase name="service" time="0.000" classname="com.example.java设计模式.单例.Test"/>
  <testcase name="service" time="64.982" classname="com.example.java设计模式.单例.Test"/>
  <testcase name="service" time="0.000" classname="com.example.java设计模式.单例.Test"/>
  <testcase name="service" time="1.210" classname="com.example.java设计模式.单例.Test"/>
  <testcase name="service" time="0.948" classname="com.example.java设计模式.单例.Test"/>
  <testcase name="service" time="0.000" classname="com.example.java设计模式.单例.Test"/>
  <testcase name="service" time="6.529" classname="com.example.java设计模式.单例.Test"/>
  <testcase name="service" time="1.565" classname="com.example.java设计模式.单例.Test"/>
  <testcase name="service" time="0.000" classname="com.example.java设计模式.单例.Test"/>
  <testcase name="service" time="0.000" classname="com.example.java设计模式.单例.Test"/>
  <testcase name="service" time="1.241" classname="com.example.java设计模式.单例.Test"/>
  <testcase name="service" time="0.069" classname="com.example.java设计模式.单例.Test"/>
  <testcase name="service" time="0.000" classname="com.example.java设计模式.单例.Test"/>
  <testcase name="service" time="0.001" classname="com.example.java设计模式.单例.Test"/>
  <testcase name="service" time="0.474" classname="com.example.java设计模式.单例.Test"/>
  <testcase name="service" time="0.000" classname="com.example.java设计模式.单例.Test"/>
  <testcase name="service" time="0.764" classname="com.example.java设计模式.单例.Test"/>
  <testcase name="service" time="0.637" classname="com.example.java设计模式.单例.Test"/>
  <testcase name="service" time="0.000" classname="com.example.java设计模式.单例.Test"/>
  <testcase name="service" time="0.055" classname="com.example.java设计模式.单例.Test"/>
  <testcase name="service" time="0.000" classname="com.example.java设计模式.单例.Test"/>
  <testcase name="service" time="0.000" classname="com.example.java设计模式.单例.Test"/>
  <testcase name="service" time="0.001" classname="com.example.java设计模式.单例.Test"/>
  <testcase name="service" time="0.000" classname="com.example.java设计模式.单例.Test"/>
  <testcase name="service" time="0.510" classname="com.example.java设计模式.单例.Test"/>
  <testcase name="service" time="0.482" classname="com.example.java设计模式.单例.Test"/>
  <testcase name="service" time="0.167" classname="com.example.java设计模式.单例.Test"/>
  <testcase name="service" time="0.046" classname="com.example.java设计模式.单例.Test"/>
  <testcase name="service" time="0.000" classname="com.example.java设计模式.单例.Test"/>
  <testcase name="service" time="1.336" classname="com.example.java设计模式.单例.Test"/>
  <testcase name="service" time="0.000" classname="com.example.java设计模式.单例.Test"/>
  <testcase name="service" time="0.000" classname="com.example.java设计模式.单例.Test"/>
  <testcase name="service" time="0.000" classname="com.example.java设计模式.单例.Test"/>
  <testcase name="service" time="0.222" classname="com.example.java设计模式.单例.Test"/>
  <testcase name="service" time="0.000" classname="com.example.java设计模式.单例.Test"/>
  <testcase name="service" time="0.000" classname="com.example.java设计模式.单例.Test"/>
  <testcase name="service" time="0.000" classname="com.example.java设计模式.单例.Test"/>
  <testcase name="service" time="0.418" classname="com.example.java设计模式.单例.Test"/>
  <testcase name="service" time="0.181" classname="com.example.java设计模式.单例.Test"/>
  <testcase name="service" time="0.064" classname="com.example.java设计模式.单例.Test"/>
  <testcase name="service" time="0.491" classname="com.example.java设计模式.单例.Test"/>
  <testcase name="service" time="0.000" classname="com.example.java设计模式.单例.Test"/>
  <testcase name="service" time="0.000" classname="com.example.java设计模式.单例.Test"/>
  <testcase name="service" time="0.000" classname="com.example.java设计模式.单例.Test"/>
  <testcase name="service" time="0.001" classname="com.example.java设计模式.单例.Test"/>
  <testcase name="service" time="0.354" classname="com.example.java设计模式.单例.Test"/>
  <testcase name="service" time="0.000" classname="com.example.java设计模式.单例.Test"/>
  <testcase name="service" time="0.003" classname="com.example.java设计模式.单例.Test"/>
  <testcase name="service" time="6.572" classname="com.example.java设计模式.单例.Test"/>
  <testcase name="service" time="0.000" classname="com.example.java设计模式.单例.Test"/>
  <testcase name="service" time="8.090" classname="com.example.java设计模式.单例.Test"/>
  <testcase name="service" time="0.001" classname="com.example.java设计模式.单例.Test"/>
  <testcase name="service" time="6.775" classname="com.example.java设计模式.单例.Test"/>
  <testcase name="service" time="0.000" classname="com.example.java设计模式.单例.Test"/>
  <testcase name="service" time="0.153" classname="com.example.java设计模式.单例.Test"/>
  <testcase name="service" time="0.000" classname="com.example.java设计模式.单例.Test"/>
  <testcase name="service" time="0.000" classname="com.example.java设计模式.单例.Test"/>
  <testcase name="service" time="0.814" classname="com.example.java设计模式.单例.Test"/>
  <testcase name="service" time="0.104" classname="com.example.java设计模式.单例.Test"/>
  <testcase name="service" time="0.644" classname="com.example.java设计模式.单例.Test"/>
  <testcase name="service" time="0.000" classname="com.example.java设计模式.单例.Test"/>
  <testcase name="service" time="0.597" classname="com.example.java设计模式.单例.Test"/>
  <testcase name="service" time="0.000" classname="com.example.java设计模式.单例.Test"/>
  <testcase name="service" time="0.000" classname="com.example.java设计模式.单例.Test"/>
  <testcase name="service" time="6.842" classname="com.example.java设计模式.单例.Test"/>
  <testcase name="service" time="65.027" classname="com.example.java设计模式.单例.Test"/>
  <testcase name="service" time="0.041" classname="com.example.java设计模式.单例.Test"/>
  <testcase name="service" time="0.227" classname="com.example.java设计模式.单例.Test"/>
  <testcase name="service" time="64.725" classname="com.example.java设计模式.单例.Test"/>
  <testcase name="service" time="64.406" classname="com.example.java设计模式.单例.Test"/>
  <testcase name="service" time="0.000" classname="com.example.java设计模式.单例.Test"/>
  <testcase name="service" time="0.000" classname="com.example.java设计模式.单例.Test"/>
  <testcase name="service" time="0.101" classname="com.example.java设计模式.单例.Test"/>
  <testcase name="service" time="0.001" classname="com.example.java设计模式.单例.Test"/>
  <testcase name="service" time="0.000" classname="com.example.java设计模式.单例.Test"/>
  <testcase name="service" time="0.000" classname="com.example.java设计模式.单例.Test"/>
  <testcase name="service" time="0.000" classname="com.example.java设计模式.单例.Test"/>
  <testcase name="service" time="0.001" classname="com.example.java设计模式.单例.Test"/>
  <testcase name="service" time="0.000" classname="com.example.java设计模式.单例.Test"/>
  <testcase name="service" time="0.000" classname="com.example.java设计模式.单例.Test"/>
  <testcase name="service" time="0.000" classname="com.example.java设计模式.单例.Test"/>
  <testcase name="service" time="0.000" classname="com.example.java设计模式.单例.Test"/>
  <testcase name="service" time="0.064" classname="com.example.java设计模式.单例.Test"/>
  <testcase name="service" time="0.064" classname="com.example.java设计模式.单例.Test"/>
  <testcase name="service" time="0.974" classname="com.example.java设计模式.单例.Test"/>
  <testcase name="service" time="1.074" classname="com.example.java设计模式.单例.Test"/>
  <testcase name="service" time="64.694" classname="com.example.java设计模式.单例.Test"/>
  <testcase name="service" time="0.001" classname="com.example.java设计模式.单例.Test"/>
  <testcase name="service" time="0.055" classname="com.example.java设计模式.单例.Test"/>
  <testcase name="service" time="64.950" classname="com.example.java设计模式.单例.Test"/>
  <testcase name="service" time="0.000" classname="com.example.java设计模式.单例.Test"/>
  <testcase name="service" time="0.000" classname="com.example.java设计模式.单例.Test"/>
  <testcase name="service" time="0.001" classname="com.example.java设计模式.单例.Test"/>
  <testcase name="service" time="0.000" classname="com.example.java设计模式.单例.Test"/>
  <testcase name="service" time="0.001" classname="com.example.java设计模式.单例.Test"/>
  <testcase name="service" time="0.738" classname="com.example.java设计模式.单例.Test"/>
  <testcase name="service" time="0.522" classname="com.example.java设计模式.单例.Test"/>
  <testcase name="service" time="0.001" classname="com.example.java设计模式.单例.Test"/>
  <testcase name="service" time="0.001" classname="com.example.java设计模式.单例.Test"/>
  <testcase name="service" time="0.698" classname="com.example.java设计模式.单例.Test"/>
  <testcase name="service" time="0.000" classname="com.example.java设计模式.单例.Test"/>
  <testcase name="service" time="0.512" classname="com.example.java设计模式.单例.Test"/>
  <testcase name="service" time="64.955" classname="com.example.java设计模式.单例.Test"/>
  <testcase name="service" time="0.001" classname="com.example.java设计模式.单例.Test"/>
  <testcase name="service" time="0.000" classname="com.example.java设计模式.单例.Test"/>
  <testcase name="service" time="0.001" classname="com.example.java设计模式.单例.Test"/>
  <testcase name="service" time="0.000" classname="com.example.java设计模式.单例.Test"/>
  <testcase name="service" time="0.000" classname="com.example.java设计模式.单例.Test"/>
  <testcase name="service" time="0.001" classname="com.example.java设计模式.单例.Test"/>
  <testcase name="service" time="0.282" classname="com.example.java设计模式.单例.Test"/>
  <testcase name="service" time="0.001" classname="com.example.java设计模式.单例.Test"/>
  <testcase name="service" time="0.001" classname="com.example.java设计模式.单例.Test"/>
  <testcase name="service" time="0.000" classname="com.example.java设计模式.单例.Test"/>
  <testcase name="service" time="0.726" classname="com.example.java设计模式.单例.Test"/>
  <testcase name="service" time="0.001" classname="com.example.java设计模式.单例.Test"/>
  <testcase name="service" time="0.001" classname="com.example.java设计模式.单例.Test"/>
  <testcase name="service" time="64.650" classname="com.example.java设计模式.单例.Test"/>
  <testcase name="service" time="0.000" classname="com.example.java设计模式.单例.Test"/>
  <testcase name="service" time="0.001" classname="com.example.java设计模式.单例.Test"/>
  <testcase name="service" time="0.030" classname="com.example.java设计模式.单例.Test"/>
  <testcase name="service" time="0.001" classname="com.example.java设计模式.单例.Test"/>
  <testcase name="service" time="0.000" classname="com.example.java设计模式.单例.Test"/>
  <testcase name="service" time="0.000" classname="com.example.java设计模式.单例.Test"/>
  <testcase name="service" time="0.000" classname="com.example.java设计模式.单例.Test"/>
  <testcase name="service" time="0.000" classname="com.example.java设计模式.单例.Test"/>
  <testcase name="service" time="0.000" classname="com.example.java设计模式.单例.Test"/>
  <testcase name="service" time="0.928" classname="com.example.java设计模式.单例.Test"/>
  <testcase name="service" time="0.000" classname="com.example.java设计模式.单例.Test"/>
  <testcase name="service" time="0.001" classname="com.example.java设计模式.单例.Test"/>
  <testcase name="service" time="0.669" classname="com.example.java设计模式.单例.Test"/>
  <testcase name="service" time="0.000" classname="com.example.java设计模式.单例.Test"/>
  <testcase name="service" time="0.000" classname="com.example.java设计模式.单例.Test"/>
  <testcase name="service" time="0.593" classname="com.example.java设计模式.单例.Test"/>
  <testcase name="service" time="0.857" classname="com.example.java设计模式.单例.Test"/>
  <testcase name="service" time="7.777" classname="com.example.java设计模式.单例.Test"/>
  <testcase name="service" time="0.000" classname="com.example.java设计模式.单例.Test"/>
  <testcase name="service" time="0.505" classname="com.example.java设计模式.单例.Test"/>
  <testcase name="service" time="0.000" classname="com.example.java设计模式.单例.Test"/>
  <testcase name="service" time="0.000" classname="com.example.java设计模式.单例.Test"/>
  <testcase name="service" time="0.158" classname="com.example.java设计模式.单例.Test"/>
  <testcase name="service" time="0.284" classname="com.example.java设计模式.单例.Test"/>
  <testcase name="service" time="0.000" classname="com.example.java设计模式.单例.Test"/>
  <testcase name="service" time="0.000" classname="com.example.java设计模式.单例.Test"/>
  <testcase name="service" time="0.000" classname="com.example.java设计模式.单例.Test"/>
  <testcase name="service" time="0.032" classname="com.example.java设计模式.单例.Test"/>
  <testcase name="service" time="0.000" classname="com.example.java设计模式.单例.Test"/>
  <testcase name="service" time="0.000" classname="com.example.java设计模式.单例.Test"/>
  <testcase name="service" time="0.000" classname="com.example.java设计模式.单例.Test"/>
  <testcase name="service" time="0.000" classname="com.example.java设计模式.单例.Test"/>
  <testcase name="service" time="8.068" classname="com.example.java设计模式.单例.Test"/>
  <testcase name="service" time="0.565" classname="com.example.java设计模式.单例.Test"/>
  <testcase name="service" time="0.000" classname="com.example.java设计模式.单例.Test"/>
  <testcase name="service" time="1.122" classname="com.example.java设计模式.单例.Test"/>
  <testcase name="service" time="0.001" classname="com.example.java设计模式.单例.Test"/>
  <testcase name="service" time="0.001" classname="com.example.java设计模式.单例.Test"/>
  <testcase name="service" time="0.930" classname="com.example.java设计模式.单例.Test"/>
  <testcase name="service" time="0.000" classname="com.example.java设计模式.单例.Test"/>
  <testcase name="service" time="0.000" classname="com.example.java设计模式.单例.Test"/>
  <testcase name="service" time="0.380" classname="com.example.java设计模式.单例.Test"/>
  <testcase name="service" time="0.000" classname="com.example.java设计模式.单例.Test"/>
  <testcase name="service" time="0.001" classname="com.example.java设计模式.单例.Test"/>
  <testcase name="service" time="0.062" classname="com.example.java设计模式.单例.Test"/>
  <testcase name="service" time="0.001" classname="com.example.java设计模式.单例.Test"/>
  <testcase name="service" time="0.001" classname="com.example.java设计模式.单例.Test"/>
  <testcase name="service" time="1.317" classname="com.example.java设计模式.单例.Test"/>
  <testcase name="service" time="0.000" classname="com.example.java设计模式.单例.Test"/>
  <testcase name="service" time="0.341" classname="com.example.java设计模式.单例.Test"/>
  <testcase name="service" time="0.001" classname="com.example.java设计模式.单例.Test"/>
  <testcase name="service" time="0.000" classname="com.example.java设计模式.单例.Test"/>
  <testcase name="service" time="0.800" classname="com.example.java设计模式.单例.Test"/>
  <testcase name="service" time="0.909" classname="com.example.java设计模式.单例.Test"/>
  <testcase name="service" time="0.796" classname="com.example.java设计模式.单例.Test"/>
  <testcase name="service" time="0.693" classname="com.example.java设计模式.单例.Test"/>
  <testcase name="service" time="0.000" classname="com.example.java设计模式.单例.Test"/>
  <testcase name="service" time="0.218" classname="com.example.java设计模式.单例.Test"/>
  <testcase name="service" time="0.000" classname="com.example.java设计模式.单例.Test"/>
  <testcase name="service" time="0.094" classname="com.example.java设计模式.单例.Test"/>
  <testcase name="service" time="0.000" classname="com.example.java设计模式.单例.Test"/>
  <testcase name="service" time="0.001" classname="com.example.java设计模式.单例.Test"/>
  <testcase name="service" time="0.432" classname="com.example.java设计模式.单例.Test"/>
  <testcase name="service" time="0.001" classname="com.example.java设计模式.单例.Test"/>
  <testcase name="service" time="7.472" classname="com.example.java设计模式.单例.Test"/>
  <testcase name="service" time="6.541" classname="com.example.java设计模式.单例.Test"/>
  <testcase name="service" time="0.000" classname="com.example.java设计模式.单例.Test"/>
  <testcase name="service" time="0.000" classname="com.example.java设计模式.单例.Test"/>
  <testcase name="service" time="0.681" classname="com.example.java设计模式.单例.Test"/>
  <testcase name="service" time="1.476" classname="com.example.java设计模式.单例.Test"/>
  <testcase name="service" time="0.000" classname="com.example.java设计模式.单例.Test"/>
  <testcase name="service" time="0.791" classname="com.example.java设计模式.单例.Test"/>
  <testcase name="service" time="0.018" classname="com.example.java设计模式.单例.Test"/>
  <testcase name="service" time="0.000" classname="com.example.java设计模式.单例.Test"/>
  <testcase name="service" time="0.411" classname="com.example.java设计模式.单例.Test"/>
  <testcase name="service" time="6.320" classname="com.example.java设计模式.单例.Test"/>
  <testcase name="service" time="0.014" classname="com.example.java设计模式.单例.Test"/>
  <testcase name="service" time="0.000" classname="com.example.java设计模式.单例.Test"/>
  <testcase name="service" time="0.000" classname="com.example.java设计模式.单例.Test"/>
  <testcase name="service" time="0.177" classname="com.example.java设计模式.单例.Test"/>
  <testcase name="service" time="0.000" classname="com.example.java设计模式.单例.Test"/>
  <testcase name="service" time="0.066" classname="com.example.java设计模式.单例.Test"/>
  <testcase name="service" time="64.683" classname="com.example.java设计模式.单例.Test"/>
  <testcase name="service" time="0.000" classname="com.example.java设计模式.单例.Test"/>
  <testcase name="service" time="7.794" classname="com.example.java设计模式.单例.Test"/>
  <testcase name="service" time="0.277" classname="com.example.java设计模式.单例.Test"/>
  <testcase name="service" time="7.788" classname="com.example.java设计模式.单例.Test"/>
  <testcase name="service" time="0.000" classname="com.example.java设计模式.单例.Test"/>
  <testcase name="service" time="0.931" classname="com.example.java设计模式.单例.Test"/>
  <testcase name="service" time="0.015" classname="com.example.java设计模式.单例.Test"/>
  <testcase name="service" time="0.001" classname="com.example.java设计模式.单例.Test"/>
  <testcase name="service" time="0.062" classname="com.example.java设计模式.单例.Test"/>
  <testcase name="service" time="0.452" classname="com.example.java设计模式.单例.Test"/>
  <testcase name="service" time="0.000" classname="com.example.java设计模式.单例.Test"/>
  <testcase name="service" time="0.001" classname="com.example.java设计模式.单例.Test"/>
  <testcase name="service" time="0.184" classname="com.example.java设计模式.单例.Test"/>
  <testcase name="service" time="0.733" classname="com.example.java设计模式.单例.Test"/>
  <testcase name="service" time="0.001" classname="com.example.java设计模式.单例.Test"/>
  <testcase name="service" time="1.118" classname="com.example.java设计模式.单例.Test"/>
  <testcase name="service" time="0.000" classname="com.example.java设计模式.单例.Test"/>
  <testcase name="service" time="0.805" classname="com.example.java设计模式.单例.Test"/>
  <testcase name="service" time="0.001" classname="com.example.java设计模式.单例.Test"/>
  <testcase name="service" time="0.236" classname="com.example.java设计模式.单例.Test"/>
  <testcase name="service" time="0.000" classname="com.example.java设计模式.单例.Test"/>
  <testcase name="service" time="0.000" classname="com.example.java设计模式.单例.Test"/>
  <testcase name="service" time="0.000" classname="com.example.java设计模式.单例.Test"/>
  <testcase name="service" time="0.000" classname="com.example.java设计模式.单例.Test"/>
  <testcase name="service" time="0.114" classname="com.example.java设计模式.单例.Test"/>
  <testcase name="service" time="0.635" classname="com.example.java设计模式.单例.Test"/>
  <testcase name="service" time="0.001" classname="com.example.java设计模式.单例.Test"/>
  <testcase name="service" time="1.768" classname="com.example.java设计模式.单例.Test"/>
  <testcase name="service" time="5.927" classname="com.example.java设计模式.单例.Test"/>
  <testcase name="service" time="0.000" classname="com.example.java设计模式.单例.Test"/>
  <testcase name="service" time="0.001" classname="com.example.java设计模式.单例.Test"/>
  <testcase name="service" time="64.877" classname="com.example.java设计模式.单例.Test"/>
  <testcase name="service" time="0.000" classname="com.example.java设计模式.单例.Test"/>
  <testcase name="service" time="0.155" classname="com.example.java设计模式.单例.Test"/>
  <testcase name="service" time="0.000" classname="com.example.java设计模式.单例.Test"/>
  <testcase name="service" time="0.029" classname="com.example.java设计模式.单例.Test"/>
  <testcase name="service" time="0.341" classname="com.example.java设计模式.单例.Test"/>
  <testcase name="service" time="0.000" classname="com.example.java设计模式.单例.Test"/>
  <testcase name="service" time="1.334" classname="com.example.java设计模式.单例.Test"/>
  <testcase name="service" time="0.236" classname="com.example.java设计模式.单例.Test"/>
  <testcase name="service" time="64.539" classname="com.example.java设计模式.单例.Test"/>
  <testcase name="service" time="0.001" classname="com.example.java设计模式.单例.Test"/>
  <testcase name="service" time="0.015" classname="com.example.java设计模式.单例.Test"/>
  <testcase name="service" time="0.385" classname="com.example.java设计模式.单例.Test"/>
  <testcase name="service" time="0.000" classname="com.example.java设计模式.单例.Test"/>
  <testcase name="service" time="64.952" classname="com.example.java设计模式.单例.Test"/>
  <testcase name="service" time="0.001" classname="com.example.java设计模式.单例.Test"/>
  <testcase name="service" time="0.466" classname="com.example.java设计模式.单例.Test"/>
  <testcase name="service" time="0.000" classname="com.example.java设计模式.单例.Test"/>
  <testcase name="service" time="1.333" classname="com.example.java设计模式.单例.Test"/>
  <testcase name="service" time="0.000" classname="com.example.java设计模式.单例.Test"/>
  <testcase name="service" time="0.001" classname="com.example.java设计模式.单例.Test"/>
  <testcase name="service" time="0.000" classname="com.example.java设计模式.单例.Test"/>
  <testcase name="service" time="0.253" classname="com.example.java设计模式.单例.Test"/>
  <testcase name="service" time="0.001" classname="com.example.java设计模式.单例.Test"/>
  <testcase name="service" time="0.101" classname="com.example.java设计模式.单例.Test"/>
  <testcase name="service" time="64.981" classname="com.example.java设计模式.单例.Test"/>
  <testcase name="service" time="0.735" classname="com.example.java设计模式.单例.Test"/>
  <testcase name="service" time="0.000" classname="com.example.java设计模式.单例.Test"/>
  <testcase name="service" time="0.000" classname="com.example.java设计模式.单例.Test"/>
  <testcase name="service" time="0.291" classname="com.example.java设计模式.单例.Test"/>
  <testcase name="service" time="0.001" classname="com.example.java设计模式.单例.Test"/>
  <testcase name="service" time="0.001" classname="com.example.java设计模式.单例.Test"/>
  <testcase name="service" time="8.066" classname="com.example.java设计模式.单例.Test"/>
  <testcase name="service" time="0.374" classname="com.example.java设计模式.单例.Test"/>
  <testcase name="service" time="0.199" classname="com.example.java设计模式.单例.Test"/>
  <testcase name="service" time="0.000" classname="com.example.java设计模式.单例.Test"/>
  <testcase name="service" time="1.189" classname="com.example.java设计模式.单例.Test"/>
  <testcase name="service" time="0.002" classname="com.example.java设计模式.单例.Test"/>
  <testcase name="service" time="0.001" classname="com.example.java设计模式.单例.Test"/>
  <testcase name="service" time="0.000" classname="com.example.java设计模式.单例.Test"/>
  <testcase name="service" time="0.556" classname="com.example.java设计模式.单例.Test"/>
  <testcase name="service" time="0.075" classname="com.example.java设计模式.单例.Test"/>
  <testcase name="service" time="0.005" classname="com.example.java设计模式.单例.Test"/>
  <testcase name="service" time="1.529" classname="com.example.java设计模式.单例.Test"/>
  <testcase name="service" time="1.478" classname="com.example.java设计模式.单例.Test"/>
  <testcase name="service" time="0.000" classname="com.example.java设计模式.单例.Test"/>
  <testcase name="service" time="1.096" classname="com.example.java设计模式.单例.Test"/>
  <testcase name="service" time="0.000" classname="com.example.java设计模式.单例.Test"/>
  <testcase name="service" time="0.000" classname="com.example.java设计模式.单例.Test"/>
  <testcase name="service" time="0.414" classname="com.example.java设计模式.单例.Test"/>
  <testcase name="service" time="0.663" classname="com.example.java设计模式.单例.Test"/>
  <testcase name="service" time="0.073" classname="com.example.java设计模式.单例.Test"/>
  <testcase name="service" time="0.000" classname="com.example.java设计模式.单例.Test"/>
  <testcase name="service" time="0.705" classname="com.example.java设计模式.单例.Test"/>
  <testcase name="service" time="0.000" classname="com.example.java设计模式.单例.Test"/>
  <testcase name="service" time="7.493" classname="com.example.java设计模式.单例.Test"/>
  <testcase name="service" time="1.249" classname="com.example.java设计模式.单例.Test"/>
  <testcase name="service" time="0.001" classname="com.example.java设计模式.单例.Test"/>
  <testcase name="service" time="0.001" classname="com.example.java设计模式.单例.Test"/>
  <testcase name="service" time="0.000" classname="com.example.java设计模式.单例.Test"/>
  <testcase name="service" time="0.000" classname="com.example.java设计模式.单例.Test"/>
  <testcase name="service" time="6.776" classname="com.example.java设计模式.单例.Test"/>
  <testcase name="service" time="0.238" classname="com.example.java设计模式.单例.Test"/>
  <testcase name="service" time="0.000" classname="com.example.java设计模式.单例.Test"/>
  <testcase name="service" time="0.474" classname="com.example.java设计模式.单例.Test"/>
  <testcase name="service" time="7.786" classname="com.example.java设计模式.单例.Test"/>
  <testcase name="service" time="0.000" classname="com.example.java设计模式.单例.Test"/>
  <testcase name="service" time="0.000" classname="com.example.java设计模式.单例.Test"/>
  <testcase name="service" time="0.000" classname="com.example.java设计模式.单例.Test"/>
  <testcase name="service" time="0.000" classname="com.example.java设计模式.单例.Test"/>
  <testcase name="service" time="1.913" classname="com.example.java设计模式.单例.Test"/>
  <testcase name="service" time="0.831" classname="com.example.java设计模式.单例.Test"/>
  <testcase name="service" time="0.218" classname="com.example.java设计模式.单例.Test"/>
  <testcase name="service" time="0.000" classname="com.example.java设计模式.单例.Test"/>
  <testcase name="service" time="0.890" classname="com.example.java设计模式.单例.Test"/>
  <testcase name="service" time="0.000" classname="com.example.java设计模式.单例.Test"/>
  <testcase name="service" time="0.001" classname="com.example.java设计模式.单例.Test"/>
  <testcase name="service" time="0.195" classname="com.example.java设计模式.单例.Test"/>
  <testcase name="service" time="0.238" classname="com.example.java设计模式.单例.Test"/>
  <testcase name="service" time="0.712" classname="com.example.java设计模式.单例.Test"/>
  <testcase name="service" time="0.000" classname="com.example.java设计模式.单例.Test"/>
  <testcase name="service" time="0.705" classname="com.example.java设计模式.单例.Test"/>
  <testcase name="service" time="0.000" classname="com.example.java设计模式.单例.Test"/>
  <testcase name="service" time="0.000" classname="com.example.java设计模式.单例.Test"/>
  <testcase name="service" time="0.108" classname="com.example.java设计模式.单例.Test"/>
  <testcase name="service" time="0.240" classname="com.example.java设计模式.单例.Test"/>
  <testcase name="service" time="0.000" classname="com.example.java设计模式.单例.Test"/>
  <testcase name="service" time="0.000" classname="com.example.java设计模式.单例.Test"/>
  <testcase name="service" time="0.000" classname="com.example.java设计模式.单例.Test"/>
  <testcase name="service" time="0.101" classname="com.example.java设计模式.单例.Test"/>
  <testcase name="service" time="1.207" classname="com.example.java设计模式.单例.Test"/>
  <testcase name="service" time="0.229" classname="com.example.java设计模式.单例.Test"/>
  <testcase name="service" time="0.038" classname="com.example.java设计模式.单例.Test"/>
  <testcase name="service" time="0.004" classname="com.example.java设计模式.单例.Test"/>
  <testcase name="service" time="0.000" classname="com.example.java设计模式.单例.Test"/>
  <testcase name="service" time="0.026" classname="com.example.java设计模式.单例.Test"/>
  <testcase name="service" time="0.000" classname="com.example.java设计模式.单例.Test"/>
  <testcase name="service" time="0.000" classname="com.example.java设计模式.单例.Test"/>
  <testcase name="service" time="0.000" classname="com.example.java设计模式.单例.Test"/>
  <testcase name="service" time="0.000" classname="com.example.java设计模式.单例.Test"/>
  <testcase name="service" time="0.001" classname="com.example.java设计模式.单例.Test"/>
  <testcase name="service" time="0.787" classname="com.example.java设计模式.单例.Test"/>
  <testcase name="service" time="0.000" classname="com.example.java设计模式.单例.Test"/>
  <testcase name="service" time="0.000" classname="com.example.java设计模式.单例.Test"/>
  <testcase name="service" time="0.284" classname="com.example.java设计模式.单例.Test"/>
  <testcase name="service" time="0.040" classname="com.example.java设计模式.单例.Test"/>
  <testcase name="service" time="0.000" classname="com.example.java设计模式.单例.Test"/>
  <testcase name="service" time="0.000" classname="com.example.java设计模式.单例.Test"/>
  <testcase name="service" time="8.122" classname="com.example.java设计模式.单例.Test"/>
  <testcase name="service" time="0.000" classname="com.example.java设计模式.单例.Test"/>
  <testcase name="service" time="0.258" classname="com.example.java设计模式.单例.Test"/>
  <testcase name="service" time="0.411" classname="com.example.java设计模式.单例.Test"/>
  <testcase name="service" time="0.000" classname="com.example.java设计模式.单例.Test"/>
  <testcase name="service" time="0.000" classname="com.example.java设计模式.单例.Test"/>
  <testcase name="service" time="0.000" classname="com.example.java设计模式.单例.Test"/>
  <testcase name="service" time="0.001" classname="com.example.java设计模式.单例.Test"/>
  <testcase name="service" time="6.383" classname="com.example.java设计模式.单例.Test"/>
  <testcase name="service" time="0.722" classname="com.example.java设计模式.单例.Test"/>
  <testcase name="service" time="0.687" classname="com.example.java设计模式.单例.Test"/>
  <testcase name="service" time="0.053" classname="com.example.java设计模式.单例.Test"/>
  <testcase name="service" time="0.232" classname="com.example.java设计模式.单例.Test"/>
  <testcase name="service" time="0.729" classname="com.example.java设计模式.单例.Test"/>
  <testcase name="service" time="0.910" classname="com.example.java设计模式.单例.Test"/>
  <testcase name="service" time="0.000" classname="com.example.java设计模式.单例.Test"/>
  <testcase name="service" time="0.111" classname="com.example.java设计模式.单例.Test"/>
  <testcase name="service" time="0.327" classname="com.example.java设计模式.单例.Test"/>
  <testcase name="service" time="0.000" classname="com.example.java设计模式.单例.Test"/>
  <testcase name="service" time="0.000" classname="com.example.java设计模式.单例.Test"/>
  <testcase name="service" time="0.000" classname="com.example.java设计模式.单例.Test"/>
  <testcase name="service" time="0.000" classname="com.example.java设计模式.单例.Test"/>
  <testcase name="service" time="0.000" classname="com.example.java设计模式.单例.Test"/>
  <testcase name="service" time="0.000" classname="com.example.java设计模式.单例.Test"/>
  <testcase name="service" time="0.000" classname="com.example.java设计模式.单例.Test"/>
  <testcase name="service" time="6.415" classname="com.example.java设计模式.单例.Test"/>
  <testcase name="service" time="0.082" classname="com.example.java设计模式.单例.Test"/>
  <testcase name="service" time="0.000" classname="com.example.java设计模式.单例.Test"/>
  <testcase name="service" time="0.000" classname="com.example.java设计模式.单例.Test"/>
  <testcase name="service" time="1.177" classname="com.example.java设计模式.单例.Test"/>
  <testcase name="service" time="0.000" classname="com.example.java设计模式.单例.Test"/>
  <testcase name="service" time="0.001" classname="com.example.java设计模式.单例.Test"/>
  <testcase name="service" time="0.001" classname="com.example.java设计模式.单例.Test"/>
  <testcase name="service" time="0.113" classname="com.example.java设计模式.单例.Test"/>
  <testcase name="service" time="0.101" classname="com.example.java设计模式.单例.Test"/>
  <testcase name="service" time="0.197" classname="com.example.java设计模式.单例.Test"/>
  <testcase name="service" time="0.059" classname="com.example.java设计模式.单例.Test"/>
  <testcase name="service" time="0.000" classname="com.example.java设计模式.单例.Test"/>
  <testcase name="service" time="0.000" classname="com.example.java设计模式.单例.Test"/>
  <testcase name="service" time="0.001" classname="com.example.java设计模式.单例.Test"/>
  <testcase name="service" time="0.000" classname="com.example.java设计模式.单例.Test"/>
  <testcase name="service" time="0.391" classname="com.example.java设计模式.单例.Test"/>
  <testcase name="service" time="0.759" classname="com.example.java设计模式.单例.Test"/>
  <testcase name="service" time="0.045" classname="com.example.java设计模式.单例.Test"/>
  <testcase name="service" time="64.913" classname="com.example.java设计模式.单例.Test"/>
  <testcase name="service" time="0.000" classname="com.example.java设计模式.单例.Test"/>
  <testcase name="service" time="0.001" classname="com.example.java设计模式.单例.Test"/>
  <testcase name="service" time="0.000" classname="com.example.java设计模式.单例.Test"/>
  <testcase name="service" time="0.971" classname="com.example.java设计模式.单例.Test"/>
  <testcase name="service" time="0.713" classname="com.example.java设计模式.单例.Test"/>
  <testcase name="service" time="0.000" classname="com.example.java设计模式.单例.Test"/>
  <testcase name="service" time="0.000" classname="com.example.java设计模式.单例.Test"/>
  <testcase name="service" time="0.001" classname="com.example.java设计模式.单例.Test"/>
  <testcase name="service" time="0.001" classname="com.example.java设计模式.单例.Test"/>
  <testcase name="service" time="0.000" classname="com.example.java设计模式.单例.Test"/>
  <testcase name="service" time="0.000" classname="com.example.java设计模式.单例.Test"/>
  <testcase name="service" time="0.724" classname="com.example.java设计模式.单例.Test"/>
  <testcase name="service" time="0.000" classname="com.example.java设计模式.单例.Test"/>
  <testcase name="service" time="0.000" classname="com.example.java设计模式.单例.Test"/>
  <testcase name="service" time="0.000" classname="com.example.java设计模式.单例.Test"/>
  <testcase name="service" time="0.168" classname="com.example.java设计模式.单例.Test"/>
  <testcase name="service" time="0.114" classname="com.example.java设计模式.单例.Test"/>
  <testcase name="service" time="0.000" classname="com.example.java设计模式.单例.Test"/>
  <testcase name="service" time="0.156" classname="com.example.java设计模式.单例.Test"/>
  <testcase name="service" time="0.094" classname="com.example.java设计模式.单例.Test"/>
  <testcase name="service" time="0.000" classname="com.example.java设计模式.单例.Test"/>
  <testcase name="service" time="65.041" classname="com.example.java设计模式.单例.Test"/>
  <testcase name="service" time="5.150" classname="com.example.java设计模式.单例.Test"/>
  <testcase name="service" time="0.451" classname="com.example.java设计模式.单例.Test"/>
  <testcase name="service" time="0.000" classname="com.example.java设计模式.单例.Test"/>
  <testcase name="service" time="0.000" classname="com.example.java设计模式.单例.Test"/>
  <testcase name="service" time="0.000" classname="com.example.java设计模式.单例.Test"/>
  <testcase name="service" time="0.099" classname="com.example.java设计模式.单例.Test"/>
  <testcase name="service" time="0.157" classname="com.example.java设计模式.单例.Test"/>
  <testcase name="service" time="0.076" classname="com.example.java设计模式.单例.Test"/>
  <testcase name="service" time="0.012" classname="com.example.java设计模式.单例.Test"/>
  <testcase name="service" time="0.990" classname="com.example.java设计模式.单例.Test"/>
  <testcase name="service" time="0.824" classname="com.example.java设计模式.单例.Test"/>
  <testcase name="service" time="0.001" classname="com.example.java设计模式.单例.Test"/>
  <testcase name="service" time="0.212" classname="com.example.java设计模式.单例.Test"/>
  <testcase name="service" time="0.000" classname="com.example.java设计模式.单例.Test"/>
  <testcase name="service" time="0.001" classname="com.example.java设计模式.单例.Test"/>
  <testcase name="service" time="0.410" classname="com.example.java设计模式.单例.Test"/>
  <testcase name="service" time="0.000" classname="com.example.java设计模式.单例.Test"/>
  <testcase name="service" time="0.000" classname="com.example.java设计模式.单例.Test"/>
  <testcase name="service" time="8.101" classname="com.example.java设计模式.单例.Test"/>
  <testcase name="service" time="0.000" classname="com.example.java设计模式.单例.Test"/>
  <testcase name="service" time="0.131" classname="com.example.java设计模式.单例.Test"/>
  <testcase name="service" time="0.000" classname="com.example.java设计模式.单例.Test"/>
  <testcase name="service" time="0.248" classname="com.example.java设计模式.单例.Test"/>
  <testcase name="service" time="0.239" classname="com.example.java设计模式.单例.Test"/>
  <testcase name="service" time="0.068" classname="com.example.java设计模式.单例.Test"/>
  <testcase name="service" time="0.153" classname="com.example.java设计模式.单例.Test"/>
  <testcase name="service" time="0.000" classname="com.example.java设计模式.单例.Test"/>
  <testcase name="service" time="0.000" classname="com.example.java设计模式.单例.Test"/>
  <testcase name="service" time="0.000" classname="com.example.java设计模式.单例.Test"/>
  <testcase name="service" time="1.125" classname="com.example.java设计模式.单例.Test"/>
  <testcase name="service" time="0.371" classname="com.example.java设计模式.单例.Test"/>
  <testcase name="service" time="0.001" classname="com.example.java设计模式.单例.Test"/>
  <testcase name="service" time="7.758" classname="com.example.java设计模式.单例.Test"/>
  <testcase name="service" time="0.000" classname="com.example.java设计模式.单例.Test"/>
  <testcase name="service" time="1.197" classname="com.example.java设计模式.单例.Test"/>
  <testcase name="service" time="0.001" classname="com.example.java设计模式.单例.Test"/>
  <testcase name="service" time="0.000" classname="com.example.java设计模式.单例.Test"/>
  <testcase name="service" time="0.417" classname="com.example.java设计模式.单例.Test"/>
  <testcase name="service" time="0.000" classname="com.example.java设计模式.单例.Test"/>
  <testcase name="service" time="0.000" classname="com.example.java设计模式.单例.Test"/>
  <testcase name="service" time="0.292" classname="com.example.java设计模式.单例.Test"/>
  <testcase name="service" time="0.000" classname="com.example.java设计模式.单例.Test"/>
  <testcase name="service" time="0.000" classname="com.example.java设计模式.单例.Test"/>
  <testcase name="service" time="0.165" classname="com.example.java设计模式.单例.Test"/>
  <testcase name="service" time="5.133" classname="com.example.java设计模式.单例.Test"/>
</testsuite> <!-- com.example.java设计模式.单例.Test -->
